[2025-02-06T19:09:03.714+0000] {taskinstance.py:1103} INFO - Dependencies all met for dep_context=non-requeueable deps ti=<TaskInstance: ETL_SnP.extract_SnP_task manual__2025-02-06T19:09:01.460356+00:00 [queued]>
[2025-02-06T19:09:03.719+0000] {taskinstance.py:1103} INFO - Dependencies all met for dep_context=requeueable deps ti=<TaskInstance: ETL_SnP.extract_SnP_task manual__2025-02-06T19:09:01.460356+00:00 [queued]>
[2025-02-06T19:09:03.719+0000] {taskinstance.py:1308} INFO - Starting attempt 1 of 1
[2025-02-06T19:09:03.730+0000] {taskinstance.py:1327} INFO - Executing <Task(BashOperator): extract_SnP_task> on 2025-02-06 19:09:01.460356+00:00
[2025-02-06T19:09:03.734+0000] {standard_task_runner.py:57} INFO - Started process 27626 to run task
[2025-02-06T19:09:03.737+0000] {standard_task_runner.py:84} INFO - Running: ['airflow', 'tasks', 'run', 'ETL_SnP', 'extract_SnP_task', 'manual__2025-02-06T19:09:01.460356+00:00', '--job-id', '29', '--raw', '--subdir', 'DAGS_FOLDER/etl-snp-dag.py', '--cfg-path', '/tmp/tmplq4s06yg']
[2025-02-06T19:09:03.737+0000] {standard_task_runner.py:85} INFO - Job 29: Subtask extract_SnP_task
[2025-02-06T19:09:03.764+0000] {task_command.py:410} INFO - Running <TaskInstance: ETL_SnP.extract_SnP_task manual__2025-02-06T19:09:01.460356+00:00 [running]> on host codespaces-039a13
[2025-02-06T19:09:03.799+0000] {taskinstance.py:1545} INFO - Exporting env vars: AIRFLOW_CTX_DAG_OWNER='airflow' AIRFLOW_CTX_DAG_ID='ETL_SnP' AIRFLOW_CTX_TASK_ID='extract_SnP_task' AIRFLOW_CTX_EXECUTION_DATE='2025-02-06T19:09:01.460356+00:00' AIRFLOW_CTX_TRY_NUMBER='1' AIRFLOW_CTX_DAG_RUN_ID='manual__2025-02-06T19:09:01.460356+00:00'
[2025-02-06T19:09:03.799+0000] {subprocess.py:63} INFO - Tmp dir root location: /tmp
[2025-02-06T19:09:03.800+0000] {subprocess.py:75} INFO - Running command: ['/usr/bin/bash', '-c', 'wget -c https://raw.githubusercontent.com/LinkedInLearning/hands-on-introduction-data-engineering-4395021/main/data/constituents.csv -O /workspaces/hands-on-introduction-data-engineering-4395021/lab/challenge/etl-snp-extract.csv']
[2025-02-06T19:09:03.808+0000] {subprocess.py:86} INFO - Output:
[2025-02-06T19:09:03.834+0000] {subprocess.py:93} INFO - --2025-02-06 19:09:03--  https://raw.githubusercontent.com/LinkedInLearning/hands-on-introduction-data-engineering-4395021/main/data/constituents.csv
[2025-02-06T19:09:03.846+0000] {subprocess.py:93} INFO - Resolving raw.githubusercontent.com (raw.githubusercontent.com)... 185.199.108.133, 185.199.111.133, 185.199.109.133, ...
[2025-02-06T19:09:03.847+0000] {subprocess.py:93} INFO - Connecting to raw.githubusercontent.com (raw.githubusercontent.com)|185.199.108.133|:443... connected.
[2025-02-06T19:09:04.401+0000] {subprocess.py:93} INFO - HTTP request sent, awaiting response... 200 OK
[2025-02-06T19:09:04.402+0000] {subprocess.py:93} INFO - Length: 18676 (18K) [text/plain]
[2025-02-06T19:09:04.402+0000] {subprocess.py:93} INFO - Saving to: ‘/workspaces/hands-on-introduction-data-engineering-4395021/lab/challenge/etl-snp-extract.csv’
[2025-02-06T19:09:04.402+0000] {subprocess.py:93} INFO - 
[2025-02-06T19:09:04.403+0000] {subprocess.py:93} INFO -      0K .......... ........                                   100% 17.7M=0.001s
[2025-02-06T19:09:04.403+0000] {subprocess.py:93} INFO - 
[2025-02-06T19:09:04.403+0000] {subprocess.py:93} INFO - 2025-02-06 19:09:04 (17.7 MB/s) - ‘/workspaces/hands-on-introduction-data-engineering-4395021/lab/challenge/etl-snp-extract.csv’ saved [18676/18676]
[2025-02-06T19:09:04.403+0000] {subprocess.py:93} INFO - 
[2025-02-06T19:09:04.404+0000] {subprocess.py:97} INFO - Command exited with return code 0
[2025-02-06T19:09:04.464+0000] {taskinstance.py:1345} INFO - Marking task as SUCCESS. dag_id=ETL_SnP, task_id=extract_SnP_task, execution_date=20250206T190901, start_date=20250206T190903, end_date=20250206T190904
[2025-02-06T19:09:04.515+0000] {local_task_job_runner.py:225} INFO - Task exited with return code 0
[2025-02-06T19:09:04.531+0000] {taskinstance.py:2653} INFO - 1 downstream tasks scheduled from follow-on schedule check
