[2025-02-06T07:43:41.206+0000] {taskinstance.py:1103} INFO - Dependencies all met for dep_context=non-requeueable deps ti=<TaskInstance: basic_etl_dag.extract_task manual__2025-02-06T07:42:38.455296+00:00 [queued]>
[2025-02-06T07:43:41.211+0000] {taskinstance.py:1103} INFO - Dependencies all met for dep_context=requeueable deps ti=<TaskInstance: basic_etl_dag.extract_task manual__2025-02-06T07:42:38.455296+00:00 [queued]>
[2025-02-06T07:43:41.211+0000] {taskinstance.py:1308} INFO - Starting attempt 1 of 1
[2025-02-06T07:43:41.221+0000] {taskinstance.py:1327} INFO - Executing <Task(BashOperator): extract_task> on 2025-02-06 07:42:38.455296+00:00
[2025-02-06T07:43:41.225+0000] {standard_task_runner.py:57} INFO - Started process 22002 to run task
[2025-02-06T07:43:41.227+0000] {standard_task_runner.py:84} INFO - Running: ['airflow', 'tasks', 'run', 'basic_etl_dag', 'extract_task', 'manual__2025-02-06T07:42:38.455296+00:00', '--job-id', '20', '--raw', '--subdir', 'DAGS_FOLDER/basic_etl_dag.py', '--cfg-path', '/tmp/tmp80creo4o']
[2025-02-06T07:43:41.227+0000] {standard_task_runner.py:85} INFO - Job 20: Subtask extract_task
[2025-02-06T07:43:41.253+0000] {task_command.py:410} INFO - Running <TaskInstance: basic_etl_dag.extract_task manual__2025-02-06T07:42:38.455296+00:00 [running]> on host codespaces-039a13
[2025-02-06T07:43:41.292+0000] {taskinstance.py:1545} INFO - Exporting env vars: AIRFLOW_CTX_DAG_OWNER='airflow' AIRFLOW_CTX_DAG_ID='basic_etl_dag' AIRFLOW_CTX_TASK_ID='extract_task' AIRFLOW_CTX_EXECUTION_DATE='2025-02-06T07:42:38.455296+00:00' AIRFLOW_CTX_TRY_NUMBER='1' AIRFLOW_CTX_DAG_RUN_ID='manual__2025-02-06T07:42:38.455296+00:00'
[2025-02-06T07:43:41.293+0000] {subprocess.py:63} INFO - Tmp dir root location: /tmp
[2025-02-06T07:43:41.293+0000] {subprocess.py:75} INFO - Running command: ['/usr/bin/bash', '-c', 'wget -c https://raw.githubusercontent.com/LinkedInLearning/hands-on-introduction-data-engineering-4395021/main/data/top-level-domain-names.csv -O /workspaces/hands-on-introduction-data-engineering-4395021/lab/end-to-end/basic-etl-extract-data.csv']
[2025-02-06T07:43:41.301+0000] {subprocess.py:86} INFO - Output:
[2025-02-06T07:43:41.330+0000] {subprocess.py:93} INFO - --2025-02-06 07:43:41--  https://raw.githubusercontent.com/LinkedInLearning/hands-on-introduction-data-engineering-4395021/main/data/top-level-domain-names.csv
[2025-02-06T07:43:41.343+0000] {subprocess.py:93} INFO - Resolving raw.githubusercontent.com (raw.githubusercontent.com)... 185.199.110.133, 185.199.108.133, 185.199.109.133, ...
[2025-02-06T07:43:41.349+0000] {subprocess.py:93} INFO - Connecting to raw.githubusercontent.com (raw.githubusercontent.com)|185.199.110.133|:443... connected.
[2025-02-06T07:43:41.568+0000] {subprocess.py:93} INFO - HTTP request sent, awaiting response... 200 OK
[2025-02-06T07:43:41.568+0000] {subprocess.py:93} INFO - Length: 42789 (42K) [text/plain]
[2025-02-06T07:43:41.569+0000] {subprocess.py:93} INFO - Saving to: ‘/workspaces/hands-on-introduction-data-engineering-4395021/lab/end-to-end/basic-etl-extract-data.csv’
[2025-02-06T07:43:41.569+0000] {subprocess.py:93} INFO - 
[2025-02-06T07:43:41.570+0000] {subprocess.py:93} INFO -      0K .......... .......... .......... .......... .         100% 19.3M=0.002s
[2025-02-06T07:43:41.571+0000] {subprocess.py:93} INFO - 
[2025-02-06T07:43:41.571+0000] {subprocess.py:93} INFO - 2025-02-06 07:43:41 (19.3 MB/s) - ‘/workspaces/hands-on-introduction-data-engineering-4395021/lab/end-to-end/basic-etl-extract-data.csv’ saved [42789/42789]
[2025-02-06T07:43:41.571+0000] {subprocess.py:93} INFO - 
[2025-02-06T07:43:41.572+0000] {subprocess.py:97} INFO - Command exited with return code 0
[2025-02-06T07:43:41.584+0000] {taskinstance.py:1345} INFO - Marking task as SUCCESS. dag_id=basic_etl_dag, task_id=extract_task, execution_date=20250206T074238, start_date=20250206T074341, end_date=20250206T074341
[2025-02-06T07:43:41.599+0000] {local_task_job_runner.py:225} INFO - Task exited with return code 0
[2025-02-06T07:43:41.614+0000] {taskinstance.py:2653} INFO - 1 downstream tasks scheduled from follow-on schedule check
