[2025-02-03T11:50:29.038+0000] {processor.py:157} INFO - Started process (PID=37471) to work on /home/vscode/.local/lib/python3.10/site-packages/airflow/example_dags/plugins/workday.py
[2025-02-03T11:50:29.039+0000] {processor.py:826} INFO - Processing file /home/vscode/.local/lib/python3.10/site-packages/airflow/example_dags/plugins/workday.py for tasks to queue
[2025-02-03T11:50:29.039+0000] {logging_mixin.py:150} INFO - [2025-02-03T11:50:29.039+0000] {dagbag.py:541} INFO - Filling up the DagBag from /home/vscode/.local/lib/python3.10/site-packages/airflow/example_dags/plugins/workday.py
[2025-02-03T11:50:29.041+0000] {logging_mixin.py:150} INFO - [2025-02-03T11:50:29.041+0000] {workday.py:36} WARNING - Could not import pandas. Holidays will not be considered.
[2025-02-03T11:50:29.041+0000] {processor.py:838} WARNING - No viable dags retrieved from /home/vscode/.local/lib/python3.10/site-packages/airflow/example_dags/plugins/workday.py
[2025-02-03T11:50:29.048+0000] {processor.py:179} INFO - Processing /home/vscode/.local/lib/python3.10/site-packages/airflow/example_dags/plugins/workday.py took 0.012 seconds
[2025-02-03T11:51:17.708+0000] {processor.py:157} INFO - Started process (PID=37793) to work on /home/vscode/.local/lib/python3.10/site-packages/airflow/example_dags/plugins/workday.py
[2025-02-03T11:51:17.708+0000] {processor.py:826} INFO - Processing file /home/vscode/.local/lib/python3.10/site-packages/airflow/example_dags/plugins/workday.py for tasks to queue
[2025-02-03T11:51:17.709+0000] {logging_mixin.py:150} INFO - [2025-02-03T11:51:17.709+0000] {dagbag.py:541} INFO - Filling up the DagBag from /home/vscode/.local/lib/python3.10/site-packages/airflow/example_dags/plugins/workday.py
[2025-02-03T11:51:17.712+0000] {logging_mixin.py:150} INFO - [2025-02-03T11:51:17.712+0000] {workday.py:36} WARNING - Could not import pandas. Holidays will not be considered.
[2025-02-03T11:51:17.712+0000] {processor.py:838} WARNING - No viable dags retrieved from /home/vscode/.local/lib/python3.10/site-packages/airflow/example_dags/plugins/workday.py
[2025-02-03T11:51:17.719+0000] {processor.py:179} INFO - Processing /home/vscode/.local/lib/python3.10/site-packages/airflow/example_dags/plugins/workday.py took 0.013 seconds
[2025-02-03T11:52:03.670+0000] {processor.py:157} INFO - Started process (PID=38095) to work on /home/vscode/.local/lib/python3.10/site-packages/airflow/example_dags/plugins/workday.py
[2025-02-03T11:52:03.671+0000] {processor.py:826} INFO - Processing file /home/vscode/.local/lib/python3.10/site-packages/airflow/example_dags/plugins/workday.py for tasks to queue
[2025-02-03T11:52:03.672+0000] {logging_mixin.py:150} INFO - [2025-02-03T11:52:03.671+0000] {dagbag.py:541} INFO - Filling up the DagBag from /home/vscode/.local/lib/python3.10/site-packages/airflow/example_dags/plugins/workday.py
[2025-02-03T11:52:03.674+0000] {logging_mixin.py:150} INFO - [2025-02-03T11:52:03.673+0000] {workday.py:36} WARNING - Could not import pandas. Holidays will not be considered.
[2025-02-03T11:52:03.674+0000] {processor.py:838} WARNING - No viable dags retrieved from /home/vscode/.local/lib/python3.10/site-packages/airflow/example_dags/plugins/workday.py
[2025-02-03T11:52:03.680+0000] {processor.py:179} INFO - Processing /home/vscode/.local/lib/python3.10/site-packages/airflow/example_dags/plugins/workday.py took 0.012 seconds
[2025-02-03T11:52:44.873+0000] {processor.py:157} INFO - Started process (PID=38376) to work on /home/vscode/.local/lib/python3.10/site-packages/airflow/example_dags/plugins/workday.py
[2025-02-03T11:52:44.874+0000] {processor.py:826} INFO - Processing file /home/vscode/.local/lib/python3.10/site-packages/airflow/example_dags/plugins/workday.py for tasks to queue
[2025-02-03T11:52:44.874+0000] {logging_mixin.py:150} INFO - [2025-02-03T11:52:44.874+0000] {dagbag.py:541} INFO - Filling up the DagBag from /home/vscode/.local/lib/python3.10/site-packages/airflow/example_dags/plugins/workday.py
[2025-02-03T11:52:44.876+0000] {logging_mixin.py:150} INFO - [2025-02-03T11:52:44.876+0000] {workday.py:36} WARNING - Could not import pandas. Holidays will not be considered.
[2025-02-03T11:52:44.877+0000] {processor.py:838} WARNING - No viable dags retrieved from /home/vscode/.local/lib/python3.10/site-packages/airflow/example_dags/plugins/workday.py
[2025-02-03T11:52:44.883+0000] {processor.py:179} INFO - Processing /home/vscode/.local/lib/python3.10/site-packages/airflow/example_dags/plugins/workday.py took 0.012 seconds
[2025-02-03T11:53:28.679+0000] {processor.py:157} INFO - Started process (PID=38669) to work on /home/vscode/.local/lib/python3.10/site-packages/airflow/example_dags/plugins/workday.py
[2025-02-03T11:53:28.680+0000] {processor.py:826} INFO - Processing file /home/vscode/.local/lib/python3.10/site-packages/airflow/example_dags/plugins/workday.py for tasks to queue
[2025-02-03T11:53:28.680+0000] {logging_mixin.py:150} INFO - [2025-02-03T11:53:28.680+0000] {dagbag.py:541} INFO - Filling up the DagBag from /home/vscode/.local/lib/python3.10/site-packages/airflow/example_dags/plugins/workday.py
[2025-02-03T11:53:28.682+0000] {logging_mixin.py:150} INFO - [2025-02-03T11:53:28.682+0000] {workday.py:36} WARNING - Could not import pandas. Holidays will not be considered.
[2025-02-03T11:53:28.682+0000] {processor.py:838} WARNING - No viable dags retrieved from /home/vscode/.local/lib/python3.10/site-packages/airflow/example_dags/plugins/workday.py
[2025-02-03T11:53:28.689+0000] {processor.py:179} INFO - Processing /home/vscode/.local/lib/python3.10/site-packages/airflow/example_dags/plugins/workday.py took 0.012 seconds
[2025-02-03T11:54:11.858+0000] {processor.py:157} INFO - Started process (PID=38957) to work on /home/vscode/.local/lib/python3.10/site-packages/airflow/example_dags/plugins/workday.py
[2025-02-03T11:54:11.858+0000] {processor.py:826} INFO - Processing file /home/vscode/.local/lib/python3.10/site-packages/airflow/example_dags/plugins/workday.py for tasks to queue
[2025-02-03T11:54:11.859+0000] {logging_mixin.py:150} INFO - [2025-02-03T11:54:11.859+0000] {dagbag.py:541} INFO - Filling up the DagBag from /home/vscode/.local/lib/python3.10/site-packages/airflow/example_dags/plugins/workday.py
[2025-02-03T11:54:11.861+0000] {logging_mixin.py:150} INFO - [2025-02-03T11:54:11.861+0000] {workday.py:36} WARNING - Could not import pandas. Holidays will not be considered.
[2025-02-03T11:54:11.861+0000] {processor.py:838} WARNING - No viable dags retrieved from /home/vscode/.local/lib/python3.10/site-packages/airflow/example_dags/plugins/workday.py
[2025-02-03T11:54:11.868+0000] {processor.py:179} INFO - Processing /home/vscode/.local/lib/python3.10/site-packages/airflow/example_dags/plugins/workday.py took 0.012 seconds
[2025-02-03T11:54:54.822+0000] {processor.py:157} INFO - Started process (PID=39244) to work on /home/vscode/.local/lib/python3.10/site-packages/airflow/example_dags/plugins/workday.py
[2025-02-03T11:54:54.823+0000] {processor.py:826} INFO - Processing file /home/vscode/.local/lib/python3.10/site-packages/airflow/example_dags/plugins/workday.py for tasks to queue
[2025-02-03T11:54:54.824+0000] {logging_mixin.py:150} INFO - [2025-02-03T11:54:54.823+0000] {dagbag.py:541} INFO - Filling up the DagBag from /home/vscode/.local/lib/python3.10/site-packages/airflow/example_dags/plugins/workday.py
[2025-02-03T11:54:54.826+0000] {logging_mixin.py:150} INFO - [2025-02-03T11:54:54.826+0000] {workday.py:36} WARNING - Could not import pandas. Holidays will not be considered.
[2025-02-03T11:54:54.826+0000] {processor.py:838} WARNING - No viable dags retrieved from /home/vscode/.local/lib/python3.10/site-packages/airflow/example_dags/plugins/workday.py
[2025-02-03T11:54:54.832+0000] {processor.py:179} INFO - Processing /home/vscode/.local/lib/python3.10/site-packages/airflow/example_dags/plugins/workday.py took 0.012 seconds
[2025-02-03T11:55:36.492+0000] {processor.py:157} INFO - Started process (PID=39529) to work on /home/vscode/.local/lib/python3.10/site-packages/airflow/example_dags/plugins/workday.py
[2025-02-03T11:55:36.493+0000] {processor.py:826} INFO - Processing file /home/vscode/.local/lib/python3.10/site-packages/airflow/example_dags/plugins/workday.py for tasks to queue
[2025-02-03T11:55:36.493+0000] {logging_mixin.py:150} INFO - [2025-02-03T11:55:36.493+0000] {dagbag.py:541} INFO - Filling up the DagBag from /home/vscode/.local/lib/python3.10/site-packages/airflow/example_dags/plugins/workday.py
[2025-02-03T11:55:36.495+0000] {logging_mixin.py:150} INFO - [2025-02-03T11:55:36.495+0000] {workday.py:36} WARNING - Could not import pandas. Holidays will not be considered.
[2025-02-03T11:55:36.496+0000] {processor.py:838} WARNING - No viable dags retrieved from /home/vscode/.local/lib/python3.10/site-packages/airflow/example_dags/plugins/workday.py
[2025-02-03T11:55:36.502+0000] {processor.py:179} INFO - Processing /home/vscode/.local/lib/python3.10/site-packages/airflow/example_dags/plugins/workday.py took 0.012 seconds
[2025-02-03T11:56:20.424+0000] {processor.py:157} INFO - Started process (PID=39831) to work on /home/vscode/.local/lib/python3.10/site-packages/airflow/example_dags/plugins/workday.py
[2025-02-03T11:56:20.425+0000] {processor.py:826} INFO - Processing file /home/vscode/.local/lib/python3.10/site-packages/airflow/example_dags/plugins/workday.py for tasks to queue
[2025-02-03T11:56:20.426+0000] {logging_mixin.py:150} INFO - [2025-02-03T11:56:20.425+0000] {dagbag.py:541} INFO - Filling up the DagBag from /home/vscode/.local/lib/python3.10/site-packages/airflow/example_dags/plugins/workday.py
[2025-02-03T11:56:20.428+0000] {logging_mixin.py:150} INFO - [2025-02-03T11:56:20.428+0000] {workday.py:36} WARNING - Could not import pandas. Holidays will not be considered.
[2025-02-03T11:56:20.428+0000] {processor.py:838} WARNING - No viable dags retrieved from /home/vscode/.local/lib/python3.10/site-packages/airflow/example_dags/plugins/workday.py
[2025-02-03T11:56:20.436+0000] {processor.py:179} INFO - Processing /home/vscode/.local/lib/python3.10/site-packages/airflow/example_dags/plugins/workday.py took 0.014 seconds
[2025-02-03T11:57:06.562+0000] {processor.py:157} INFO - Started process (PID=40136) to work on /home/vscode/.local/lib/python3.10/site-packages/airflow/example_dags/plugins/workday.py
[2025-02-03T11:57:06.562+0000] {processor.py:826} INFO - Processing file /home/vscode/.local/lib/python3.10/site-packages/airflow/example_dags/plugins/workday.py for tasks to queue
[2025-02-03T11:57:06.563+0000] {logging_mixin.py:150} INFO - [2025-02-03T11:57:06.563+0000] {dagbag.py:541} INFO - Filling up the DagBag from /home/vscode/.local/lib/python3.10/site-packages/airflow/example_dags/plugins/workday.py
[2025-02-03T11:57:06.565+0000] {logging_mixin.py:150} INFO - [2025-02-03T11:57:06.565+0000] {workday.py:36} WARNING - Could not import pandas. Holidays will not be considered.
[2025-02-03T11:57:06.565+0000] {processor.py:838} WARNING - No viable dags retrieved from /home/vscode/.local/lib/python3.10/site-packages/airflow/example_dags/plugins/workday.py
[2025-02-03T11:57:06.572+0000] {processor.py:179} INFO - Processing /home/vscode/.local/lib/python3.10/site-packages/airflow/example_dags/plugins/workday.py took 0.013 seconds
[2025-02-03T11:57:51.224+0000] {processor.py:157} INFO - Started process (PID=40437) to work on /home/vscode/.local/lib/python3.10/site-packages/airflow/example_dags/plugins/workday.py
[2025-02-03T11:57:51.224+0000] {processor.py:826} INFO - Processing file /home/vscode/.local/lib/python3.10/site-packages/airflow/example_dags/plugins/workday.py for tasks to queue
[2025-02-03T11:57:51.225+0000] {logging_mixin.py:150} INFO - [2025-02-03T11:57:51.225+0000] {dagbag.py:541} INFO - Filling up the DagBag from /home/vscode/.local/lib/python3.10/site-packages/airflow/example_dags/plugins/workday.py
[2025-02-03T11:57:51.227+0000] {logging_mixin.py:150} INFO - [2025-02-03T11:57:51.227+0000] {workday.py:36} WARNING - Could not import pandas. Holidays will not be considered.
[2025-02-03T11:57:51.227+0000] {processor.py:838} WARNING - No viable dags retrieved from /home/vscode/.local/lib/python3.10/site-packages/airflow/example_dags/plugins/workday.py
[2025-02-03T11:57:51.234+0000] {processor.py:179} INFO - Processing /home/vscode/.local/lib/python3.10/site-packages/airflow/example_dags/plugins/workday.py took 0.012 seconds
[2025-02-03T11:58:37.584+0000] {processor.py:157} INFO - Started process (PID=40742) to work on /home/vscode/.local/lib/python3.10/site-packages/airflow/example_dags/plugins/workday.py
[2025-02-03T11:58:37.585+0000] {processor.py:826} INFO - Processing file /home/vscode/.local/lib/python3.10/site-packages/airflow/example_dags/plugins/workday.py for tasks to queue
[2025-02-03T11:58:37.585+0000] {logging_mixin.py:150} INFO - [2025-02-03T11:58:37.585+0000] {dagbag.py:541} INFO - Filling up the DagBag from /home/vscode/.local/lib/python3.10/site-packages/airflow/example_dags/plugins/workday.py
[2025-02-03T11:58:37.587+0000] {logging_mixin.py:150} INFO - [2025-02-03T11:58:37.587+0000] {workday.py:36} WARNING - Could not import pandas. Holidays will not be considered.
[2025-02-03T11:58:37.588+0000] {processor.py:838} WARNING - No viable dags retrieved from /home/vscode/.local/lib/python3.10/site-packages/airflow/example_dags/plugins/workday.py
[2025-02-03T11:58:37.594+0000] {processor.py:179} INFO - Processing /home/vscode/.local/lib/python3.10/site-packages/airflow/example_dags/plugins/workday.py took 0.012 seconds
[2025-02-03T11:59:19.252+0000] {processor.py:157} INFO - Started process (PID=41021) to work on /home/vscode/.local/lib/python3.10/site-packages/airflow/example_dags/plugins/workday.py
[2025-02-03T11:59:19.253+0000] {processor.py:826} INFO - Processing file /home/vscode/.local/lib/python3.10/site-packages/airflow/example_dags/plugins/workday.py for tasks to queue
[2025-02-03T11:59:19.253+0000] {logging_mixin.py:150} INFO - [2025-02-03T11:59:19.253+0000] {dagbag.py:541} INFO - Filling up the DagBag from /home/vscode/.local/lib/python3.10/site-packages/airflow/example_dags/plugins/workday.py
[2025-02-03T11:59:19.255+0000] {logging_mixin.py:150} INFO - [2025-02-03T11:59:19.255+0000] {workday.py:36} WARNING - Could not import pandas. Holidays will not be considered.
[2025-02-03T11:59:19.255+0000] {processor.py:838} WARNING - No viable dags retrieved from /home/vscode/.local/lib/python3.10/site-packages/airflow/example_dags/plugins/workday.py
[2025-02-03T11:59:19.262+0000] {processor.py:179} INFO - Processing /home/vscode/.local/lib/python3.10/site-packages/airflow/example_dags/plugins/workday.py took 0.012 seconds
[2025-02-03T12:00:02.492+0000] {processor.py:157} INFO - Started process (PID=41321) to work on /home/vscode/.local/lib/python3.10/site-packages/airflow/example_dags/plugins/workday.py
[2025-02-03T12:00:02.493+0000] {processor.py:826} INFO - Processing file /home/vscode/.local/lib/python3.10/site-packages/airflow/example_dags/plugins/workday.py for tasks to queue
[2025-02-03T12:00:02.494+0000] {logging_mixin.py:150} INFO - [2025-02-03T12:00:02.493+0000] {dagbag.py:541} INFO - Filling up the DagBag from /home/vscode/.local/lib/python3.10/site-packages/airflow/example_dags/plugins/workday.py
[2025-02-03T12:00:02.496+0000] {logging_mixin.py:150} INFO - [2025-02-03T12:00:02.496+0000] {workday.py:36} WARNING - Could not import pandas. Holidays will not be considered.
[2025-02-03T12:00:02.496+0000] {processor.py:838} WARNING - No viable dags retrieved from /home/vscode/.local/lib/python3.10/site-packages/airflow/example_dags/plugins/workday.py
[2025-02-03T12:00:02.503+0000] {processor.py:179} INFO - Processing /home/vscode/.local/lib/python3.10/site-packages/airflow/example_dags/plugins/workday.py took 0.013 seconds
[2025-02-03T12:00:45.773+0000] {processor.py:157} INFO - Started process (PID=41608) to work on /home/vscode/.local/lib/python3.10/site-packages/airflow/example_dags/plugins/workday.py
[2025-02-03T12:00:45.773+0000] {processor.py:826} INFO - Processing file /home/vscode/.local/lib/python3.10/site-packages/airflow/example_dags/plugins/workday.py for tasks to queue
[2025-02-03T12:00:45.774+0000] {logging_mixin.py:150} INFO - [2025-02-03T12:00:45.774+0000] {dagbag.py:541} INFO - Filling up the DagBag from /home/vscode/.local/lib/python3.10/site-packages/airflow/example_dags/plugins/workday.py
[2025-02-03T12:00:45.776+0000] {logging_mixin.py:150} INFO - [2025-02-03T12:00:45.776+0000] {workday.py:36} WARNING - Could not import pandas. Holidays will not be considered.
[2025-02-03T12:00:45.776+0000] {processor.py:838} WARNING - No viable dags retrieved from /home/vscode/.local/lib/python3.10/site-packages/airflow/example_dags/plugins/workday.py
[2025-02-03T12:00:45.783+0000] {processor.py:179} INFO - Processing /home/vscode/.local/lib/python3.10/site-packages/airflow/example_dags/plugins/workday.py took 0.013 seconds
[2025-02-03T12:01:28.606+0000] {processor.py:157} INFO - Started process (PID=41894) to work on /home/vscode/.local/lib/python3.10/site-packages/airflow/example_dags/plugins/workday.py
[2025-02-03T12:01:28.607+0000] {processor.py:826} INFO - Processing file /home/vscode/.local/lib/python3.10/site-packages/airflow/example_dags/plugins/workday.py for tasks to queue
[2025-02-03T12:01:28.608+0000] {logging_mixin.py:150} INFO - [2025-02-03T12:01:28.607+0000] {dagbag.py:541} INFO - Filling up the DagBag from /home/vscode/.local/lib/python3.10/site-packages/airflow/example_dags/plugins/workday.py
[2025-02-03T12:01:28.610+0000] {logging_mixin.py:150} INFO - [2025-02-03T12:01:28.609+0000] {workday.py:36} WARNING - Could not import pandas. Holidays will not be considered.
[2025-02-03T12:01:28.610+0000] {processor.py:838} WARNING - No viable dags retrieved from /home/vscode/.local/lib/python3.10/site-packages/airflow/example_dags/plugins/workday.py
[2025-02-03T12:01:28.616+0000] {processor.py:179} INFO - Processing /home/vscode/.local/lib/python3.10/site-packages/airflow/example_dags/plugins/workday.py took 0.012 seconds
[2025-02-03T12:02:12.940+0000] {processor.py:157} INFO - Started process (PID=42197) to work on /home/vscode/.local/lib/python3.10/site-packages/airflow/example_dags/plugins/workday.py
[2025-02-03T12:02:12.941+0000] {processor.py:826} INFO - Processing file /home/vscode/.local/lib/python3.10/site-packages/airflow/example_dags/plugins/workday.py for tasks to queue
[2025-02-03T12:02:12.941+0000] {logging_mixin.py:150} INFO - [2025-02-03T12:02:12.941+0000] {dagbag.py:541} INFO - Filling up the DagBag from /home/vscode/.local/lib/python3.10/site-packages/airflow/example_dags/plugins/workday.py
[2025-02-03T12:02:12.943+0000] {logging_mixin.py:150} INFO - [2025-02-03T12:02:12.943+0000] {workday.py:36} WARNING - Could not import pandas. Holidays will not be considered.
[2025-02-03T12:02:12.943+0000] {processor.py:838} WARNING - No viable dags retrieved from /home/vscode/.local/lib/python3.10/site-packages/airflow/example_dags/plugins/workday.py
[2025-02-03T12:02:12.950+0000] {processor.py:179} INFO - Processing /home/vscode/.local/lib/python3.10/site-packages/airflow/example_dags/plugins/workday.py took 0.012 seconds
[2025-02-03T12:02:55.222+0000] {processor.py:157} INFO - Started process (PID=42475) to work on /home/vscode/.local/lib/python3.10/site-packages/airflow/example_dags/plugins/workday.py
[2025-02-03T12:02:55.223+0000] {processor.py:826} INFO - Processing file /home/vscode/.local/lib/python3.10/site-packages/airflow/example_dags/plugins/workday.py for tasks to queue
[2025-02-03T12:02:55.224+0000] {logging_mixin.py:150} INFO - [2025-02-03T12:02:55.224+0000] {dagbag.py:541} INFO - Filling up the DagBag from /home/vscode/.local/lib/python3.10/site-packages/airflow/example_dags/plugins/workday.py
[2025-02-03T12:02:55.226+0000] {logging_mixin.py:150} INFO - [2025-02-03T12:02:55.226+0000] {workday.py:36} WARNING - Could not import pandas. Holidays will not be considered.
[2025-02-03T12:02:55.226+0000] {processor.py:838} WARNING - No viable dags retrieved from /home/vscode/.local/lib/python3.10/site-packages/airflow/example_dags/plugins/workday.py
[2025-02-03T12:02:55.233+0000] {processor.py:179} INFO - Processing /home/vscode/.local/lib/python3.10/site-packages/airflow/example_dags/plugins/workday.py took 0.013 seconds
[2025-02-03T12:03:36.934+0000] {processor.py:157} INFO - Started process (PID=42763) to work on /home/vscode/.local/lib/python3.10/site-packages/airflow/example_dags/plugins/workday.py
[2025-02-03T12:03:36.935+0000] {processor.py:826} INFO - Processing file /home/vscode/.local/lib/python3.10/site-packages/airflow/example_dags/plugins/workday.py for tasks to queue
[2025-02-03T12:03:36.935+0000] {logging_mixin.py:150} INFO - [2025-02-03T12:03:36.935+0000] {dagbag.py:541} INFO - Filling up the DagBag from /home/vscode/.local/lib/python3.10/site-packages/airflow/example_dags/plugins/workday.py
[2025-02-03T12:03:36.937+0000] {logging_mixin.py:150} INFO - [2025-02-03T12:03:36.937+0000] {workday.py:36} WARNING - Could not import pandas. Holidays will not be considered.
[2025-02-03T12:03:36.937+0000] {processor.py:838} WARNING - No viable dags retrieved from /home/vscode/.local/lib/python3.10/site-packages/airflow/example_dags/plugins/workday.py
[2025-02-03T12:03:36.944+0000] {processor.py:179} INFO - Processing /home/vscode/.local/lib/python3.10/site-packages/airflow/example_dags/plugins/workday.py took 0.012 seconds
[2025-02-03T12:04:21.966+0000] {processor.py:157} INFO - Started process (PID=43065) to work on /home/vscode/.local/lib/python3.10/site-packages/airflow/example_dags/plugins/workday.py
[2025-02-03T12:04:21.967+0000] {processor.py:826} INFO - Processing file /home/vscode/.local/lib/python3.10/site-packages/airflow/example_dags/plugins/workday.py for tasks to queue
[2025-02-03T12:04:21.967+0000] {logging_mixin.py:150} INFO - [2025-02-03T12:04:21.967+0000] {dagbag.py:541} INFO - Filling up the DagBag from /home/vscode/.local/lib/python3.10/site-packages/airflow/example_dags/plugins/workday.py
[2025-02-03T12:04:21.969+0000] {logging_mixin.py:150} INFO - [2025-02-03T12:04:21.969+0000] {workday.py:36} WARNING - Could not import pandas. Holidays will not be considered.
[2025-02-03T12:04:21.969+0000] {processor.py:838} WARNING - No viable dags retrieved from /home/vscode/.local/lib/python3.10/site-packages/airflow/example_dags/plugins/workday.py
[2025-02-03T12:04:21.976+0000] {processor.py:179} INFO - Processing /home/vscode/.local/lib/python3.10/site-packages/airflow/example_dags/plugins/workday.py took 0.012 seconds
[2025-02-03T12:05:05.444+0000] {processor.py:157} INFO - Started process (PID=43352) to work on /home/vscode/.local/lib/python3.10/site-packages/airflow/example_dags/plugins/workday.py
[2025-02-03T12:05:05.444+0000] {processor.py:826} INFO - Processing file /home/vscode/.local/lib/python3.10/site-packages/airflow/example_dags/plugins/workday.py for tasks to queue
[2025-02-03T12:05:05.445+0000] {logging_mixin.py:150} INFO - [2025-02-03T12:05:05.445+0000] {dagbag.py:541} INFO - Filling up the DagBag from /home/vscode/.local/lib/python3.10/site-packages/airflow/example_dags/plugins/workday.py
[2025-02-03T12:05:05.447+0000] {logging_mixin.py:150} INFO - [2025-02-03T12:05:05.447+0000] {workday.py:36} WARNING - Could not import pandas. Holidays will not be considered.
[2025-02-03T12:05:05.447+0000] {processor.py:838} WARNING - No viable dags retrieved from /home/vscode/.local/lib/python3.10/site-packages/airflow/example_dags/plugins/workday.py
[2025-02-03T12:05:05.454+0000] {processor.py:179} INFO - Processing /home/vscode/.local/lib/python3.10/site-packages/airflow/example_dags/plugins/workday.py took 0.012 seconds
[2025-02-03T12:05:52.689+0000] {processor.py:157} INFO - Started process (PID=43679) to work on /home/vscode/.local/lib/python3.10/site-packages/airflow/example_dags/plugins/workday.py
[2025-02-03T12:05:52.690+0000] {processor.py:826} INFO - Processing file /home/vscode/.local/lib/python3.10/site-packages/airflow/example_dags/plugins/workday.py for tasks to queue
[2025-02-03T12:05:52.691+0000] {logging_mixin.py:150} INFO - [2025-02-03T12:05:52.691+0000] {dagbag.py:541} INFO - Filling up the DagBag from /home/vscode/.local/lib/python3.10/site-packages/airflow/example_dags/plugins/workday.py
[2025-02-03T12:05:52.694+0000] {logging_mixin.py:150} INFO - [2025-02-03T12:05:52.693+0000] {workday.py:36} WARNING - Could not import pandas. Holidays will not be considered.
[2025-02-03T12:05:52.694+0000] {processor.py:838} WARNING - No viable dags retrieved from /home/vscode/.local/lib/python3.10/site-packages/airflow/example_dags/plugins/workday.py
[2025-02-03T12:05:52.702+0000] {processor.py:179} INFO - Processing /home/vscode/.local/lib/python3.10/site-packages/airflow/example_dags/plugins/workday.py took 0.015 seconds
[2025-02-03T12:06:37.773+0000] {processor.py:157} INFO - Started process (PID=43976) to work on /home/vscode/.local/lib/python3.10/site-packages/airflow/example_dags/plugins/workday.py
[2025-02-03T12:06:37.773+0000] {processor.py:826} INFO - Processing file /home/vscode/.local/lib/python3.10/site-packages/airflow/example_dags/plugins/workday.py for tasks to queue
[2025-02-03T12:06:37.774+0000] {logging_mixin.py:150} INFO - [2025-02-03T12:06:37.774+0000] {dagbag.py:541} INFO - Filling up the DagBag from /home/vscode/.local/lib/python3.10/site-packages/airflow/example_dags/plugins/workday.py
[2025-02-03T12:06:37.776+0000] {logging_mixin.py:150} INFO - [2025-02-03T12:06:37.776+0000] {workday.py:36} WARNING - Could not import pandas. Holidays will not be considered.
[2025-02-03T12:06:37.776+0000] {processor.py:838} WARNING - No viable dags retrieved from /home/vscode/.local/lib/python3.10/site-packages/airflow/example_dags/plugins/workday.py
[2025-02-03T12:06:37.783+0000] {processor.py:179} INFO - Processing /home/vscode/.local/lib/python3.10/site-packages/airflow/example_dags/plugins/workday.py took 0.012 seconds
[2025-02-03T12:07:24.293+0000] {processor.py:157} INFO - Started process (PID=44319) to work on /home/vscode/.local/lib/python3.10/site-packages/airflow/example_dags/plugins/workday.py
[2025-02-03T12:07:24.293+0000] {processor.py:826} INFO - Processing file /home/vscode/.local/lib/python3.10/site-packages/airflow/example_dags/plugins/workday.py for tasks to queue
[2025-02-03T12:07:24.294+0000] {logging_mixin.py:150} INFO - [2025-02-03T12:07:24.294+0000] {dagbag.py:541} INFO - Filling up the DagBag from /home/vscode/.local/lib/python3.10/site-packages/airflow/example_dags/plugins/workday.py
[2025-02-03T12:07:24.296+0000] {logging_mixin.py:150} INFO - [2025-02-03T12:07:24.296+0000] {workday.py:36} WARNING - Could not import pandas. Holidays will not be considered.
[2025-02-03T12:07:24.296+0000] {processor.py:838} WARNING - No viable dags retrieved from /home/vscode/.local/lib/python3.10/site-packages/airflow/example_dags/plugins/workday.py
[2025-02-03T12:07:24.303+0000] {processor.py:179} INFO - Processing /home/vscode/.local/lib/python3.10/site-packages/airflow/example_dags/plugins/workday.py took 0.012 seconds
[2025-02-03T12:08:07.018+0000] {processor.py:157} INFO - Started process (PID=45993) to work on /home/vscode/.local/lib/python3.10/site-packages/airflow/example_dags/plugins/workday.py
[2025-02-03T12:08:07.019+0000] {processor.py:826} INFO - Processing file /home/vscode/.local/lib/python3.10/site-packages/airflow/example_dags/plugins/workday.py for tasks to queue
[2025-02-03T12:08:07.020+0000] {logging_mixin.py:150} INFO - [2025-02-03T12:08:07.019+0000] {dagbag.py:541} INFO - Filling up the DagBag from /home/vscode/.local/lib/python3.10/site-packages/airflow/example_dags/plugins/workday.py
[2025-02-03T12:08:07.022+0000] {logging_mixin.py:150} INFO - [2025-02-03T12:08:07.022+0000] {workday.py:36} WARNING - Could not import pandas. Holidays will not be considered.
[2025-02-03T12:08:07.022+0000] {processor.py:838} WARNING - No viable dags retrieved from /home/vscode/.local/lib/python3.10/site-packages/airflow/example_dags/plugins/workday.py
[2025-02-03T12:08:07.029+0000] {processor.py:179} INFO - Processing /home/vscode/.local/lib/python3.10/site-packages/airflow/example_dags/plugins/workday.py took 0.013 seconds
[2025-02-03T12:08:45.155+0000] {processor.py:157} INFO - Started process (PID=46504) to work on /home/vscode/.local/lib/python3.10/site-packages/airflow/example_dags/plugins/workday.py
[2025-02-03T12:08:45.155+0000] {processor.py:826} INFO - Processing file /home/vscode/.local/lib/python3.10/site-packages/airflow/example_dags/plugins/workday.py for tasks to queue
[2025-02-03T12:08:45.156+0000] {logging_mixin.py:150} INFO - [2025-02-03T12:08:45.156+0000] {dagbag.py:541} INFO - Filling up the DagBag from /home/vscode/.local/lib/python3.10/site-packages/airflow/example_dags/plugins/workday.py
[2025-02-03T12:08:45.158+0000] {logging_mixin.py:150} INFO - [2025-02-03T12:08:45.158+0000] {workday.py:36} WARNING - Could not import pandas. Holidays will not be considered.
[2025-02-03T12:08:45.158+0000] {processor.py:838} WARNING - No viable dags retrieved from /home/vscode/.local/lib/python3.10/site-packages/airflow/example_dags/plugins/workday.py
[2025-02-03T12:08:45.165+0000] {processor.py:179} INFO - Processing /home/vscode/.local/lib/python3.10/site-packages/airflow/example_dags/plugins/workday.py took 0.013 seconds
[2025-02-03T12:09:28.321+0000] {processor.py:157} INFO - Started process (PID=47434) to work on /home/vscode/.local/lib/python3.10/site-packages/airflow/example_dags/plugins/workday.py
[2025-02-03T12:09:28.322+0000] {processor.py:826} INFO - Processing file /home/vscode/.local/lib/python3.10/site-packages/airflow/example_dags/plugins/workday.py for tasks to queue
[2025-02-03T12:09:28.323+0000] {logging_mixin.py:150} INFO - [2025-02-03T12:09:28.322+0000] {dagbag.py:541} INFO - Filling up the DagBag from /home/vscode/.local/lib/python3.10/site-packages/airflow/example_dags/plugins/workday.py
[2025-02-03T12:09:28.325+0000] {logging_mixin.py:150} INFO - [2025-02-03T12:09:28.325+0000] {workday.py:36} WARNING - Could not import pandas. Holidays will not be considered.
[2025-02-03T12:09:28.325+0000] {processor.py:838} WARNING - No viable dags retrieved from /home/vscode/.local/lib/python3.10/site-packages/airflow/example_dags/plugins/workday.py
[2025-02-03T12:09:28.331+0000] {processor.py:179} INFO - Processing /home/vscode/.local/lib/python3.10/site-packages/airflow/example_dags/plugins/workday.py took 0.012 seconds
