[2025-02-03T11:51:01.530+0000] {processor.py:157} INFO - Started process (PID=37682) to work on /home/vscode/.local/lib/python3.10/site-packages/airflow/example_dags/example_branch_labels.py
[2025-02-03T11:51:01.531+0000] {processor.py:826} INFO - Processing file /home/vscode/.local/lib/python3.10/site-packages/airflow/example_dags/example_branch_labels.py for tasks to queue
[2025-02-03T11:51:01.531+0000] {logging_mixin.py:150} INFO - [2025-02-03T11:51:01.531+0000] {dagbag.py:541} INFO - Filling up the DagBag from /home/vscode/.local/lib/python3.10/site-packages/airflow/example_dags/example_branch_labels.py
[2025-02-03T11:51:01.537+0000] {processor.py:836} INFO - DAG(s) dict_keys(['example_branch_labels']) retrieved from /home/vscode/.local/lib/python3.10/site-packages/airflow/example_dags/example_branch_labels.py
[2025-02-03T11:51:01.608+0000] {logging_mixin.py:150} INFO - [2025-02-03T11:51:01.608+0000] {manager.py:504} INFO - Created Permission View: can read on DAG:example_branch_labels
[2025-02-03T11:51:01.615+0000] {logging_mixin.py:150} INFO - [2025-02-03T11:51:01.615+0000] {manager.py:504} INFO - Created Permission View: can delete on DAG:example_branch_labels
[2025-02-03T11:51:01.621+0000] {logging_mixin.py:150} INFO - [2025-02-03T11:51:01.620+0000] {manager.py:504} INFO - Created Permission View: can edit on DAG:example_branch_labels
[2025-02-03T11:51:01.628+0000] {logging_mixin.py:150} INFO - [2025-02-03T11:51:01.628+0000] {dag.py:2742} INFO - Sync 1 DAGs
[2025-02-03T11:51:01.634+0000] {logging_mixin.py:150} INFO - [2025-02-03T11:51:01.634+0000] {dag.py:2763} INFO - Creating ORM DAG for example_branch_labels
[2025-02-03T11:51:01.642+0000] {logging_mixin.py:150} INFO - [2025-02-03T11:51:01.642+0000] {dag.py:3504} INFO - Setting next_dagrun for example_branch_labels to 2025-02-02T00:00:00+00:00, run_after=2025-02-03T00:00:00+00:00
[2025-02-03T11:51:01.656+0000] {processor.py:179} INFO - Processing /home/vscode/.local/lib/python3.10/site-packages/airflow/example_dags/example_branch_labels.py took 0.127 seconds
[2025-02-03T11:51:51.912+0000] {processor.py:157} INFO - Started process (PID=38024) to work on /home/vscode/.local/lib/python3.10/site-packages/airflow/example_dags/example_branch_labels.py
[2025-02-03T11:51:51.912+0000] {processor.py:826} INFO - Processing file /home/vscode/.local/lib/python3.10/site-packages/airflow/example_dags/example_branch_labels.py for tasks to queue
[2025-02-03T11:51:51.913+0000] {logging_mixin.py:150} INFO - [2025-02-03T11:51:51.913+0000] {dagbag.py:541} INFO - Filling up the DagBag from /home/vscode/.local/lib/python3.10/site-packages/airflow/example_dags/example_branch_labels.py
[2025-02-03T11:51:51.918+0000] {processor.py:836} INFO - DAG(s) dict_keys(['example_branch_labels']) retrieved from /home/vscode/.local/lib/python3.10/site-packages/airflow/example_dags/example_branch_labels.py
[2025-02-03T11:51:51.930+0000] {logging_mixin.py:150} INFO - [2025-02-03T11:51:51.930+0000] {dag.py:2742} INFO - Sync 1 DAGs
[2025-02-03T11:51:51.945+0000] {logging_mixin.py:150} INFO - [2025-02-03T11:51:51.945+0000] {dag.py:3504} INFO - Setting next_dagrun for example_branch_labels to 2025-02-02T00:00:00+00:00, run_after=2025-02-03T00:00:00+00:00
[2025-02-03T11:51:51.961+0000] {processor.py:179} INFO - Processing /home/vscode/.local/lib/python3.10/site-packages/airflow/example_dags/example_branch_labels.py took 0.051 seconds
[2025-02-03T11:52:34.006+0000] {processor.py:157} INFO - Started process (PID=38299) to work on /home/vscode/.local/lib/python3.10/site-packages/airflow/example_dags/example_branch_labels.py
[2025-02-03T11:52:34.007+0000] {processor.py:826} INFO - Processing file /home/vscode/.local/lib/python3.10/site-packages/airflow/example_dags/example_branch_labels.py for tasks to queue
[2025-02-03T11:52:34.007+0000] {logging_mixin.py:150} INFO - [2025-02-03T11:52:34.007+0000] {dagbag.py:541} INFO - Filling up the DagBag from /home/vscode/.local/lib/python3.10/site-packages/airflow/example_dags/example_branch_labels.py
[2025-02-03T11:52:34.013+0000] {processor.py:836} INFO - DAG(s) dict_keys(['example_branch_labels']) retrieved from /home/vscode/.local/lib/python3.10/site-packages/airflow/example_dags/example_branch_labels.py
[2025-02-03T11:52:34.025+0000] {logging_mixin.py:150} INFO - [2025-02-03T11:52:34.025+0000] {dag.py:2742} INFO - Sync 1 DAGs
[2025-02-03T11:52:34.040+0000] {logging_mixin.py:150} INFO - [2025-02-03T11:52:34.040+0000] {dag.py:3504} INFO - Setting next_dagrun for example_branch_labels to 2025-02-02T00:00:00+00:00, run_after=2025-02-03T00:00:00+00:00
[2025-02-03T11:52:34.054+0000] {processor.py:179} INFO - Processing /home/vscode/.local/lib/python3.10/site-packages/airflow/example_dags/example_branch_labels.py took 0.050 seconds
[2025-02-03T11:53:32.226+0000] {processor.py:157} INFO - Started process (PID=38695) to work on /home/vscode/.local/lib/python3.10/site-packages/airflow/example_dags/example_branch_labels.py
[2025-02-03T11:53:32.227+0000] {processor.py:826} INFO - Processing file /home/vscode/.local/lib/python3.10/site-packages/airflow/example_dags/example_branch_labels.py for tasks to queue
[2025-02-03T11:53:32.228+0000] {logging_mixin.py:150} INFO - [2025-02-03T11:53:32.227+0000] {dagbag.py:541} INFO - Filling up the DagBag from /home/vscode/.local/lib/python3.10/site-packages/airflow/example_dags/example_branch_labels.py
[2025-02-03T11:53:32.233+0000] {processor.py:836} INFO - DAG(s) dict_keys(['example_branch_labels']) retrieved from /home/vscode/.local/lib/python3.10/site-packages/airflow/example_dags/example_branch_labels.py
[2025-02-03T11:53:32.245+0000] {logging_mixin.py:150} INFO - [2025-02-03T11:53:32.245+0000] {dag.py:2742} INFO - Sync 1 DAGs
[2025-02-03T11:53:32.260+0000] {logging_mixin.py:150} INFO - [2025-02-03T11:53:32.259+0000] {dag.py:3504} INFO - Setting next_dagrun for example_branch_labels to 2025-02-02T00:00:00+00:00, run_after=2025-02-03T00:00:00+00:00
[2025-02-03T11:53:32.273+0000] {processor.py:179} INFO - Processing /home/vscode/.local/lib/python3.10/site-packages/airflow/example_dags/example_branch_labels.py took 0.049 seconds
[2025-02-03T11:54:28.082+0000] {processor.py:157} INFO - Started process (PID=39070) to work on /home/vscode/.local/lib/python3.10/site-packages/airflow/example_dags/example_branch_labels.py
[2025-02-03T11:54:28.082+0000] {processor.py:826} INFO - Processing file /home/vscode/.local/lib/python3.10/site-packages/airflow/example_dags/example_branch_labels.py for tasks to queue
[2025-02-03T11:54:28.083+0000] {logging_mixin.py:150} INFO - [2025-02-03T11:54:28.082+0000] {dagbag.py:541} INFO - Filling up the DagBag from /home/vscode/.local/lib/python3.10/site-packages/airflow/example_dags/example_branch_labels.py
[2025-02-03T11:54:28.088+0000] {processor.py:836} INFO - DAG(s) dict_keys(['example_branch_labels']) retrieved from /home/vscode/.local/lib/python3.10/site-packages/airflow/example_dags/example_branch_labels.py
[2025-02-03T11:54:28.101+0000] {logging_mixin.py:150} INFO - [2025-02-03T11:54:28.100+0000] {dag.py:2742} INFO - Sync 1 DAGs
[2025-02-03T11:54:28.115+0000] {logging_mixin.py:150} INFO - [2025-02-03T11:54:28.115+0000] {dag.py:3504} INFO - Setting next_dagrun for example_branch_labels to 2025-02-02T00:00:00+00:00, run_after=2025-02-03T00:00:00+00:00
[2025-02-03T11:54:28.129+0000] {processor.py:179} INFO - Processing /home/vscode/.local/lib/python3.10/site-packages/airflow/example_dags/example_branch_labels.py took 0.050 seconds
[2025-02-03T11:55:10.857+0000] {processor.py:157} INFO - Started process (PID=39356) to work on /home/vscode/.local/lib/python3.10/site-packages/airflow/example_dags/example_branch_labels.py
[2025-02-03T11:55:10.857+0000] {processor.py:826} INFO - Processing file /home/vscode/.local/lib/python3.10/site-packages/airflow/example_dags/example_branch_labels.py for tasks to queue
[2025-02-03T11:55:10.858+0000] {logging_mixin.py:150} INFO - [2025-02-03T11:55:10.858+0000] {dagbag.py:541} INFO - Filling up the DagBag from /home/vscode/.local/lib/python3.10/site-packages/airflow/example_dags/example_branch_labels.py
[2025-02-03T11:55:10.863+0000] {processor.py:836} INFO - DAG(s) dict_keys(['example_branch_labels']) retrieved from /home/vscode/.local/lib/python3.10/site-packages/airflow/example_dags/example_branch_labels.py
[2025-02-03T11:55:10.876+0000] {logging_mixin.py:150} INFO - [2025-02-03T11:55:10.875+0000] {dag.py:2742} INFO - Sync 1 DAGs
[2025-02-03T11:55:10.890+0000] {logging_mixin.py:150} INFO - [2025-02-03T11:55:10.890+0000] {dag.py:3504} INFO - Setting next_dagrun for example_branch_labels to 2025-02-02T00:00:00+00:00, run_after=2025-02-03T00:00:00+00:00
[2025-02-03T11:55:10.904+0000] {processor.py:179} INFO - Processing /home/vscode/.local/lib/python3.10/site-packages/airflow/example_dags/example_branch_labels.py took 0.050 seconds
[2025-02-03T11:56:09.160+0000] {processor.py:157} INFO - Started process (PID=39752) to work on /home/vscode/.local/lib/python3.10/site-packages/airflow/example_dags/example_branch_labels.py
[2025-02-03T11:56:09.160+0000] {processor.py:826} INFO - Processing file /home/vscode/.local/lib/python3.10/site-packages/airflow/example_dags/example_branch_labels.py for tasks to queue
[2025-02-03T11:56:09.161+0000] {logging_mixin.py:150} INFO - [2025-02-03T11:56:09.161+0000] {dagbag.py:541} INFO - Filling up the DagBag from /home/vscode/.local/lib/python3.10/site-packages/airflow/example_dags/example_branch_labels.py
[2025-02-03T11:56:09.166+0000] {processor.py:836} INFO - DAG(s) dict_keys(['example_branch_labels']) retrieved from /home/vscode/.local/lib/python3.10/site-packages/airflow/example_dags/example_branch_labels.py
[2025-02-03T11:56:09.178+0000] {logging_mixin.py:150} INFO - [2025-02-03T11:56:09.178+0000] {dag.py:2742} INFO - Sync 1 DAGs
[2025-02-03T11:56:09.193+0000] {logging_mixin.py:150} INFO - [2025-02-03T11:56:09.192+0000] {dag.py:3504} INFO - Setting next_dagrun for example_branch_labels to 2025-02-02T00:00:00+00:00, run_after=2025-02-03T00:00:00+00:00
[2025-02-03T11:56:09.206+0000] {processor.py:179} INFO - Processing /home/vscode/.local/lib/python3.10/site-packages/airflow/example_dags/example_branch_labels.py took 0.048 seconds
[2025-02-03T11:56:59.311+0000] {processor.py:157} INFO - Started process (PID=40092) to work on /home/vscode/.local/lib/python3.10/site-packages/airflow/example_dags/example_branch_labels.py
[2025-02-03T11:56:59.312+0000] {processor.py:826} INFO - Processing file /home/vscode/.local/lib/python3.10/site-packages/airflow/example_dags/example_branch_labels.py for tasks to queue
[2025-02-03T11:56:59.312+0000] {logging_mixin.py:150} INFO - [2025-02-03T11:56:59.312+0000] {dagbag.py:541} INFO - Filling up the DagBag from /home/vscode/.local/lib/python3.10/site-packages/airflow/example_dags/example_branch_labels.py
[2025-02-03T11:56:59.318+0000] {processor.py:836} INFO - DAG(s) dict_keys(['example_branch_labels']) retrieved from /home/vscode/.local/lib/python3.10/site-packages/airflow/example_dags/example_branch_labels.py
[2025-02-03T11:56:59.330+0000] {logging_mixin.py:150} INFO - [2025-02-03T11:56:59.330+0000] {dag.py:2742} INFO - Sync 1 DAGs
[2025-02-03T11:56:59.345+0000] {logging_mixin.py:150} INFO - [2025-02-03T11:56:59.345+0000] {dag.py:3504} INFO - Setting next_dagrun for example_branch_labels to 2025-02-02T00:00:00+00:00, run_after=2025-02-03T00:00:00+00:00
[2025-02-03T11:56:59.358+0000] {processor.py:179} INFO - Processing /home/vscode/.local/lib/python3.10/site-packages/airflow/example_dags/example_branch_labels.py took 0.049 seconds
[2025-02-03T11:57:43.822+0000] {processor.py:157} INFO - Started process (PID=40380) to work on /home/vscode/.local/lib/python3.10/site-packages/airflow/example_dags/example_branch_labels.py
[2025-02-03T11:57:43.822+0000] {processor.py:826} INFO - Processing file /home/vscode/.local/lib/python3.10/site-packages/airflow/example_dags/example_branch_labels.py for tasks to queue
[2025-02-03T11:57:43.823+0000] {logging_mixin.py:150} INFO - [2025-02-03T11:57:43.823+0000] {dagbag.py:541} INFO - Filling up the DagBag from /home/vscode/.local/lib/python3.10/site-packages/airflow/example_dags/example_branch_labels.py
[2025-02-03T11:57:43.828+0000] {processor.py:836} INFO - DAG(s) dict_keys(['example_branch_labels']) retrieved from /home/vscode/.local/lib/python3.10/site-packages/airflow/example_dags/example_branch_labels.py
[2025-02-03T11:57:43.842+0000] {logging_mixin.py:150} INFO - [2025-02-03T11:57:43.842+0000] {dag.py:2742} INFO - Sync 1 DAGs
[2025-02-03T11:57:43.863+0000] {logging_mixin.py:150} INFO - [2025-02-03T11:57:43.863+0000] {dag.py:3504} INFO - Setting next_dagrun for example_branch_labels to 2025-02-02T00:00:00+00:00, run_after=2025-02-03T00:00:00+00:00
[2025-02-03T11:57:43.878+0000] {processor.py:179} INFO - Processing /home/vscode/.local/lib/python3.10/site-packages/airflow/example_dags/example_branch_labels.py took 0.059 seconds
[2025-02-03T11:58:32.310+0000] {processor.py:157} INFO - Started process (PID=40706) to work on /home/vscode/.local/lib/python3.10/site-packages/airflow/example_dags/example_branch_labels.py
[2025-02-03T11:58:32.311+0000] {processor.py:826} INFO - Processing file /home/vscode/.local/lib/python3.10/site-packages/airflow/example_dags/example_branch_labels.py for tasks to queue
[2025-02-03T11:58:32.311+0000] {logging_mixin.py:150} INFO - [2025-02-03T11:58:32.311+0000] {dagbag.py:541} INFO - Filling up the DagBag from /home/vscode/.local/lib/python3.10/site-packages/airflow/example_dags/example_branch_labels.py
[2025-02-03T11:58:32.317+0000] {processor.py:836} INFO - DAG(s) dict_keys(['example_branch_labels']) retrieved from /home/vscode/.local/lib/python3.10/site-packages/airflow/example_dags/example_branch_labels.py
[2025-02-03T11:58:32.329+0000] {logging_mixin.py:150} INFO - [2025-02-03T11:58:32.329+0000] {dag.py:2742} INFO - Sync 1 DAGs
[2025-02-03T11:58:32.344+0000] {logging_mixin.py:150} INFO - [2025-02-03T11:58:32.343+0000] {dag.py:3504} INFO - Setting next_dagrun for example_branch_labels to 2025-02-02T00:00:00+00:00, run_after=2025-02-03T00:00:00+00:00
[2025-02-03T11:58:32.357+0000] {processor.py:179} INFO - Processing /home/vscode/.local/lib/python3.10/site-packages/airflow/example_dags/example_branch_labels.py took 0.050 seconds
[2025-02-03T11:59:28.251+0000] {processor.py:157} INFO - Started process (PID=41087) to work on /home/vscode/.local/lib/python3.10/site-packages/airflow/example_dags/example_branch_labels.py
[2025-02-03T11:59:28.252+0000] {processor.py:826} INFO - Processing file /home/vscode/.local/lib/python3.10/site-packages/airflow/example_dags/example_branch_labels.py for tasks to queue
[2025-02-03T11:59:28.253+0000] {logging_mixin.py:150} INFO - [2025-02-03T11:59:28.252+0000] {dagbag.py:541} INFO - Filling up the DagBag from /home/vscode/.local/lib/python3.10/site-packages/airflow/example_dags/example_branch_labels.py
[2025-02-03T11:59:28.259+0000] {processor.py:836} INFO - DAG(s) dict_keys(['example_branch_labels']) retrieved from /home/vscode/.local/lib/python3.10/site-packages/airflow/example_dags/example_branch_labels.py
[2025-02-03T11:59:28.271+0000] {logging_mixin.py:150} INFO - [2025-02-03T11:59:28.271+0000] {dag.py:2742} INFO - Sync 1 DAGs
[2025-02-03T11:59:28.287+0000] {logging_mixin.py:150} INFO - [2025-02-03T11:59:28.287+0000] {dag.py:3504} INFO - Setting next_dagrun for example_branch_labels to 2025-02-02T00:00:00+00:00, run_after=2025-02-03T00:00:00+00:00
[2025-02-03T11:59:28.301+0000] {processor.py:179} INFO - Processing /home/vscode/.local/lib/python3.10/site-packages/airflow/example_dags/example_branch_labels.py took 0.052 seconds
[2025-02-03T12:00:10.754+0000] {processor.py:157} INFO - Started process (PID=41381) to work on /home/vscode/.local/lib/python3.10/site-packages/airflow/example_dags/example_branch_labels.py
[2025-02-03T12:00:10.754+0000] {processor.py:826} INFO - Processing file /home/vscode/.local/lib/python3.10/site-packages/airflow/example_dags/example_branch_labels.py for tasks to queue
[2025-02-03T12:00:10.755+0000] {logging_mixin.py:150} INFO - [2025-02-03T12:00:10.755+0000] {dagbag.py:541} INFO - Filling up the DagBag from /home/vscode/.local/lib/python3.10/site-packages/airflow/example_dags/example_branch_labels.py
[2025-02-03T12:00:10.761+0000] {processor.py:836} INFO - DAG(s) dict_keys(['example_branch_labels']) retrieved from /home/vscode/.local/lib/python3.10/site-packages/airflow/example_dags/example_branch_labels.py
[2025-02-03T12:00:10.774+0000] {logging_mixin.py:150} INFO - [2025-02-03T12:00:10.773+0000] {dag.py:2742} INFO - Sync 1 DAGs
[2025-02-03T12:00:10.789+0000] {logging_mixin.py:150} INFO - [2025-02-03T12:00:10.789+0000] {dag.py:3504} INFO - Setting next_dagrun for example_branch_labels to 2025-02-02T00:00:00+00:00, run_after=2025-02-03T00:00:00+00:00
[2025-02-03T12:00:10.803+0000] {processor.py:179} INFO - Processing /home/vscode/.local/lib/python3.10/site-packages/airflow/example_dags/example_branch_labels.py took 0.052 seconds
[2025-02-03T12:00:57.176+0000] {processor.py:157} INFO - Started process (PID=41679) to work on /home/vscode/.local/lib/python3.10/site-packages/airflow/example_dags/example_branch_labels.py
[2025-02-03T12:00:57.177+0000] {processor.py:826} INFO - Processing file /home/vscode/.local/lib/python3.10/site-packages/airflow/example_dags/example_branch_labels.py for tasks to queue
[2025-02-03T12:00:57.177+0000] {logging_mixin.py:150} INFO - [2025-02-03T12:00:57.177+0000] {dagbag.py:541} INFO - Filling up the DagBag from /home/vscode/.local/lib/python3.10/site-packages/airflow/example_dags/example_branch_labels.py
[2025-02-03T12:00:57.183+0000] {processor.py:836} INFO - DAG(s) dict_keys(['example_branch_labels']) retrieved from /home/vscode/.local/lib/python3.10/site-packages/airflow/example_dags/example_branch_labels.py
[2025-02-03T12:00:57.195+0000] {logging_mixin.py:150} INFO - [2025-02-03T12:00:57.195+0000] {dag.py:2742} INFO - Sync 1 DAGs
[2025-02-03T12:00:57.210+0000] {logging_mixin.py:150} INFO - [2025-02-03T12:00:57.210+0000] {dag.py:3504} INFO - Setting next_dagrun for example_branch_labels to 2025-02-02T00:00:00+00:00, run_after=2025-02-03T00:00:00+00:00
[2025-02-03T12:00:57.224+0000] {processor.py:179} INFO - Processing /home/vscode/.local/lib/python3.10/site-packages/airflow/example_dags/example_branch_labels.py took 0.050 seconds
[2025-02-03T12:01:54.297+0000] {processor.py:157} INFO - Started process (PID=42067) to work on /home/vscode/.local/lib/python3.10/site-packages/airflow/example_dags/example_branch_labels.py
[2025-02-03T12:01:54.297+0000] {processor.py:826} INFO - Processing file /home/vscode/.local/lib/python3.10/site-packages/airflow/example_dags/example_branch_labels.py for tasks to queue
[2025-02-03T12:01:54.298+0000] {logging_mixin.py:150} INFO - [2025-02-03T12:01:54.298+0000] {dagbag.py:541} INFO - Filling up the DagBag from /home/vscode/.local/lib/python3.10/site-packages/airflow/example_dags/example_branch_labels.py
[2025-02-03T12:01:54.304+0000] {processor.py:836} INFO - DAG(s) dict_keys(['example_branch_labels']) retrieved from /home/vscode/.local/lib/python3.10/site-packages/airflow/example_dags/example_branch_labels.py
[2025-02-03T12:01:54.316+0000] {logging_mixin.py:150} INFO - [2025-02-03T12:01:54.316+0000] {dag.py:2742} INFO - Sync 1 DAGs
[2025-02-03T12:01:54.330+0000] {logging_mixin.py:150} INFO - [2025-02-03T12:01:54.330+0000] {dag.py:3504} INFO - Setting next_dagrun for example_branch_labels to 2025-02-02T00:00:00+00:00, run_after=2025-02-03T00:00:00+00:00
[2025-02-03T12:01:54.348+0000] {processor.py:179} INFO - Processing /home/vscode/.local/lib/python3.10/site-packages/airflow/example_dags/example_branch_labels.py took 0.053 seconds
[2025-02-03T12:02:37.678+0000] {processor.py:157} INFO - Started process (PID=42361) to work on /home/vscode/.local/lib/python3.10/site-packages/airflow/example_dags/example_branch_labels.py
[2025-02-03T12:02:37.678+0000] {processor.py:826} INFO - Processing file /home/vscode/.local/lib/python3.10/site-packages/airflow/example_dags/example_branch_labels.py for tasks to queue
[2025-02-03T12:02:37.679+0000] {logging_mixin.py:150} INFO - [2025-02-03T12:02:37.679+0000] {dagbag.py:541} INFO - Filling up the DagBag from /home/vscode/.local/lib/python3.10/site-packages/airflow/example_dags/example_branch_labels.py
[2025-02-03T12:02:37.684+0000] {processor.py:836} INFO - DAG(s) dict_keys(['example_branch_labels']) retrieved from /home/vscode/.local/lib/python3.10/site-packages/airflow/example_dags/example_branch_labels.py
[2025-02-03T12:02:37.697+0000] {logging_mixin.py:150} INFO - [2025-02-03T12:02:37.696+0000] {dag.py:2742} INFO - Sync 1 DAGs
[2025-02-03T12:02:37.711+0000] {logging_mixin.py:150} INFO - [2025-02-03T12:02:37.711+0000] {dag.py:3504} INFO - Setting next_dagrun for example_branch_labels to 2025-02-02T00:00:00+00:00, run_after=2025-02-03T00:00:00+00:00
[2025-02-03T12:02:37.725+0000] {processor.py:179} INFO - Processing /home/vscode/.local/lib/python3.10/site-packages/airflow/example_dags/example_branch_labels.py took 0.049 seconds
[2025-02-03T12:03:33.793+0000] {processor.py:157} INFO - Started process (PID=42738) to work on /home/vscode/.local/lib/python3.10/site-packages/airflow/example_dags/example_branch_labels.py
[2025-02-03T12:03:33.794+0000] {processor.py:826} INFO - Processing file /home/vscode/.local/lib/python3.10/site-packages/airflow/example_dags/example_branch_labels.py for tasks to queue
[2025-02-03T12:03:33.795+0000] {logging_mixin.py:150} INFO - [2025-02-03T12:03:33.794+0000] {dagbag.py:541} INFO - Filling up the DagBag from /home/vscode/.local/lib/python3.10/site-packages/airflow/example_dags/example_branch_labels.py
[2025-02-03T12:03:33.800+0000] {processor.py:836} INFO - DAG(s) dict_keys(['example_branch_labels']) retrieved from /home/vscode/.local/lib/python3.10/site-packages/airflow/example_dags/example_branch_labels.py
[2025-02-03T12:03:33.813+0000] {logging_mixin.py:150} INFO - [2025-02-03T12:03:33.813+0000] {dag.py:2742} INFO - Sync 1 DAGs
[2025-02-03T12:03:33.828+0000] {logging_mixin.py:150} INFO - [2025-02-03T12:03:33.828+0000] {dag.py:3504} INFO - Setting next_dagrun for example_branch_labels to 2025-02-02T00:00:00+00:00, run_after=2025-02-03T00:00:00+00:00
[2025-02-03T12:03:33.842+0000] {processor.py:179} INFO - Processing /home/vscode/.local/lib/python3.10/site-packages/airflow/example_dags/example_branch_labels.py took 0.051 seconds
[2025-02-03T12:04:19.184+0000] {processor.py:157} INFO - Started process (PID=43041) to work on /home/vscode/.local/lib/python3.10/site-packages/airflow/example_dags/example_branch_labels.py
[2025-02-03T12:04:19.185+0000] {processor.py:826} INFO - Processing file /home/vscode/.local/lib/python3.10/site-packages/airflow/example_dags/example_branch_labels.py for tasks to queue
[2025-02-03T12:04:19.185+0000] {logging_mixin.py:150} INFO - [2025-02-03T12:04:19.185+0000] {dagbag.py:541} INFO - Filling up the DagBag from /home/vscode/.local/lib/python3.10/site-packages/airflow/example_dags/example_branch_labels.py
[2025-02-03T12:04:19.191+0000] {processor.py:836} INFO - DAG(s) dict_keys(['example_branch_labels']) retrieved from /home/vscode/.local/lib/python3.10/site-packages/airflow/example_dags/example_branch_labels.py
[2025-02-03T12:04:19.203+0000] {logging_mixin.py:150} INFO - [2025-02-03T12:04:19.203+0000] {dag.py:2742} INFO - Sync 1 DAGs
[2025-02-03T12:04:19.218+0000] {logging_mixin.py:150} INFO - [2025-02-03T12:04:19.217+0000] {dag.py:3504} INFO - Setting next_dagrun for example_branch_labels to 2025-02-02T00:00:00+00:00, run_after=2025-02-03T00:00:00+00:00
[2025-02-03T12:04:19.231+0000] {processor.py:179} INFO - Processing /home/vscode/.local/lib/python3.10/site-packages/airflow/example_dags/example_branch_labels.py took 0.049 seconds
[2025-02-03T12:05:16.856+0000] {processor.py:157} INFO - Started process (PID=43429) to work on /home/vscode/.local/lib/python3.10/site-packages/airflow/example_dags/example_branch_labels.py
[2025-02-03T12:05:16.857+0000] {processor.py:826} INFO - Processing file /home/vscode/.local/lib/python3.10/site-packages/airflow/example_dags/example_branch_labels.py for tasks to queue
[2025-02-03T12:05:16.858+0000] {logging_mixin.py:150} INFO - [2025-02-03T12:05:16.857+0000] {dagbag.py:541} INFO - Filling up the DagBag from /home/vscode/.local/lib/python3.10/site-packages/airflow/example_dags/example_branch_labels.py
[2025-02-03T12:05:16.863+0000] {processor.py:836} INFO - DAG(s) dict_keys(['example_branch_labels']) retrieved from /home/vscode/.local/lib/python3.10/site-packages/airflow/example_dags/example_branch_labels.py
[2025-02-03T12:05:16.875+0000] {logging_mixin.py:150} INFO - [2025-02-03T12:05:16.875+0000] {dag.py:2742} INFO - Sync 1 DAGs
[2025-02-03T12:05:16.890+0000] {logging_mixin.py:150} INFO - [2025-02-03T12:05:16.890+0000] {dag.py:3504} INFO - Setting next_dagrun for example_branch_labels to 2025-02-02T00:00:00+00:00, run_after=2025-02-03T00:00:00+00:00
[2025-02-03T12:05:16.904+0000] {processor.py:179} INFO - Processing /home/vscode/.local/lib/python3.10/site-packages/airflow/example_dags/example_branch_labels.py took 0.050 seconds
[2025-02-03T12:06:03.820+0000] {processor.py:157} INFO - Started process (PID=43750) to work on /home/vscode/.local/lib/python3.10/site-packages/airflow/example_dags/example_branch_labels.py
[2025-02-03T12:06:03.821+0000] {processor.py:826} INFO - Processing file /home/vscode/.local/lib/python3.10/site-packages/airflow/example_dags/example_branch_labels.py for tasks to queue
[2025-02-03T12:06:03.821+0000] {logging_mixin.py:150} INFO - [2025-02-03T12:06:03.821+0000] {dagbag.py:541} INFO - Filling up the DagBag from /home/vscode/.local/lib/python3.10/site-packages/airflow/example_dags/example_branch_labels.py
[2025-02-03T12:06:03.827+0000] {processor.py:836} INFO - DAG(s) dict_keys(['example_branch_labels']) retrieved from /home/vscode/.local/lib/python3.10/site-packages/airflow/example_dags/example_branch_labels.py
[2025-02-03T12:06:03.839+0000] {logging_mixin.py:150} INFO - [2025-02-03T12:06:03.839+0000] {dag.py:2742} INFO - Sync 1 DAGs
[2025-02-03T12:06:03.854+0000] {logging_mixin.py:150} INFO - [2025-02-03T12:06:03.853+0000] {dag.py:3504} INFO - Setting next_dagrun for example_branch_labels to 2025-02-02T00:00:00+00:00, run_after=2025-02-03T00:00:00+00:00
[2025-02-03T12:06:03.868+0000] {processor.py:179} INFO - Processing /home/vscode/.local/lib/python3.10/site-packages/airflow/example_dags/example_branch_labels.py took 0.050 seconds
[2025-02-03T12:06:50.315+0000] {processor.py:157} INFO - Started process (PID=44056) to work on /home/vscode/.local/lib/python3.10/site-packages/airflow/example_dags/example_branch_labels.py
[2025-02-03T12:06:50.315+0000] {processor.py:826} INFO - Processing file /home/vscode/.local/lib/python3.10/site-packages/airflow/example_dags/example_branch_labels.py for tasks to queue
[2025-02-03T12:06:50.316+0000] {logging_mixin.py:150} INFO - [2025-02-03T12:06:50.316+0000] {dagbag.py:541} INFO - Filling up the DagBag from /home/vscode/.local/lib/python3.10/site-packages/airflow/example_dags/example_branch_labels.py
[2025-02-03T12:06:50.321+0000] {processor.py:836} INFO - DAG(s) dict_keys(['example_branch_labels']) retrieved from /home/vscode/.local/lib/python3.10/site-packages/airflow/example_dags/example_branch_labels.py
[2025-02-03T12:06:50.334+0000] {logging_mixin.py:150} INFO - [2025-02-03T12:06:50.334+0000] {dag.py:2742} INFO - Sync 1 DAGs
[2025-02-03T12:06:50.348+0000] {logging_mixin.py:150} INFO - [2025-02-03T12:06:50.348+0000] {dag.py:3504} INFO - Setting next_dagrun for example_branch_labels to 2025-02-02T00:00:00+00:00, run_after=2025-02-03T00:00:00+00:00
[2025-02-03T12:06:50.362+0000] {processor.py:179} INFO - Processing /home/vscode/.local/lib/python3.10/site-packages/airflow/example_dags/example_branch_labels.py took 0.049 seconds
[2025-02-03T12:07:34.589+0000] {processor.py:157} INFO - Started process (PID=44917) to work on /home/vscode/.local/lib/python3.10/site-packages/airflow/example_dags/example_branch_labels.py
[2025-02-03T12:07:34.590+0000] {processor.py:826} INFO - Processing file /home/vscode/.local/lib/python3.10/site-packages/airflow/example_dags/example_branch_labels.py for tasks to queue
[2025-02-03T12:07:34.590+0000] {logging_mixin.py:150} INFO - [2025-02-03T12:07:34.590+0000] {dagbag.py:541} INFO - Filling up the DagBag from /home/vscode/.local/lib/python3.10/site-packages/airflow/example_dags/example_branch_labels.py
[2025-02-03T12:07:34.596+0000] {processor.py:836} INFO - DAG(s) dict_keys(['example_branch_labels']) retrieved from /home/vscode/.local/lib/python3.10/site-packages/airflow/example_dags/example_branch_labels.py
[2025-02-03T12:07:34.608+0000] {logging_mixin.py:150} INFO - [2025-02-03T12:07:34.608+0000] {dag.py:2742} INFO - Sync 1 DAGs
[2025-02-03T12:07:34.623+0000] {logging_mixin.py:150} INFO - [2025-02-03T12:07:34.623+0000] {dag.py:3504} INFO - Setting next_dagrun for example_branch_labels to 2025-02-02T00:00:00+00:00, run_after=2025-02-03T00:00:00+00:00
[2025-02-03T12:07:34.637+0000] {processor.py:179} INFO - Processing /home/vscode/.local/lib/python3.10/site-packages/airflow/example_dags/example_branch_labels.py took 0.051 seconds
[2025-02-03T12:08:19.884+0000] {processor.py:157} INFO - Started process (PID=46332) to work on /home/vscode/.local/lib/python3.10/site-packages/airflow/example_dags/example_branch_labels.py
[2025-02-03T12:08:19.885+0000] {processor.py:826} INFO - Processing file /home/vscode/.local/lib/python3.10/site-packages/airflow/example_dags/example_branch_labels.py for tasks to queue
[2025-02-03T12:08:19.885+0000] {logging_mixin.py:150} INFO - [2025-02-03T12:08:19.885+0000] {dagbag.py:541} INFO - Filling up the DagBag from /home/vscode/.local/lib/python3.10/site-packages/airflow/example_dags/example_branch_labels.py
[2025-02-03T12:08:19.891+0000] {processor.py:836} INFO - DAG(s) dict_keys(['example_branch_labels']) retrieved from /home/vscode/.local/lib/python3.10/site-packages/airflow/example_dags/example_branch_labels.py
[2025-02-03T12:08:19.903+0000] {logging_mixin.py:150} INFO - [2025-02-03T12:08:19.903+0000] {dag.py:2742} INFO - Sync 1 DAGs
[2025-02-03T12:08:19.918+0000] {logging_mixin.py:150} INFO - [2025-02-03T12:08:19.918+0000] {dag.py:3504} INFO - Setting next_dagrun for example_branch_labels to 2025-02-02T00:00:00+00:00, run_after=2025-02-03T00:00:00+00:00
[2025-02-03T12:08:19.932+0000] {processor.py:179} INFO - Processing /home/vscode/.local/lib/python3.10/site-packages/airflow/example_dags/example_branch_labels.py took 0.050 seconds
[2025-02-03T12:09:05.504+0000] {processor.py:157} INFO - Started process (PID=46689) to work on /home/vscode/.local/lib/python3.10/site-packages/airflow/example_dags/example_branch_labels.py
[2025-02-03T12:09:05.505+0000] {processor.py:826} INFO - Processing file /home/vscode/.local/lib/python3.10/site-packages/airflow/example_dags/example_branch_labels.py for tasks to queue
[2025-02-03T12:09:05.505+0000] {logging_mixin.py:150} INFO - [2025-02-03T12:09:05.505+0000] {dagbag.py:541} INFO - Filling up the DagBag from /home/vscode/.local/lib/python3.10/site-packages/airflow/example_dags/example_branch_labels.py
[2025-02-03T12:09:05.511+0000] {processor.py:836} INFO - DAG(s) dict_keys(['example_branch_labels']) retrieved from /home/vscode/.local/lib/python3.10/site-packages/airflow/example_dags/example_branch_labels.py
[2025-02-03T12:09:05.524+0000] {logging_mixin.py:150} INFO - [2025-02-03T12:09:05.524+0000] {dag.py:2742} INFO - Sync 1 DAGs
[2025-02-03T12:09:05.539+0000] {logging_mixin.py:150} INFO - [2025-02-03T12:09:05.539+0000] {dag.py:3504} INFO - Setting next_dagrun for example_branch_labels to 2025-02-02T00:00:00+00:00, run_after=2025-02-03T00:00:00+00:00
[2025-02-03T12:09:05.552+0000] {processor.py:179} INFO - Processing /home/vscode/.local/lib/python3.10/site-packages/airflow/example_dags/example_branch_labels.py took 0.051 seconds
[2025-02-03T12:10:01.392+0000] {processor.py:157} INFO - Started process (PID=47664) to work on /home/vscode/.local/lib/python3.10/site-packages/airflow/example_dags/example_branch_labels.py
[2025-02-03T12:10:01.392+0000] {processor.py:826} INFO - Processing file /home/vscode/.local/lib/python3.10/site-packages/airflow/example_dags/example_branch_labels.py for tasks to queue
[2025-02-03T12:10:01.393+0000] {logging_mixin.py:150} INFO - [2025-02-03T12:10:01.393+0000] {dagbag.py:541} INFO - Filling up the DagBag from /home/vscode/.local/lib/python3.10/site-packages/airflow/example_dags/example_branch_labels.py
[2025-02-03T12:10:01.399+0000] {processor.py:836} INFO - DAG(s) dict_keys(['example_branch_labels']) retrieved from /home/vscode/.local/lib/python3.10/site-packages/airflow/example_dags/example_branch_labels.py
[2025-02-03T12:10:01.411+0000] {logging_mixin.py:150} INFO - [2025-02-03T12:10:01.411+0000] {dag.py:2742} INFO - Sync 1 DAGs
[2025-02-03T12:10:01.427+0000] {logging_mixin.py:150} INFO - [2025-02-03T12:10:01.426+0000] {dag.py:3504} INFO - Setting next_dagrun for example_branch_labels to 2025-02-02T00:00:00+00:00, run_after=2025-02-03T00:00:00+00:00
[2025-02-03T12:10:01.441+0000] {processor.py:179} INFO - Processing /home/vscode/.local/lib/python3.10/site-packages/airflow/example_dags/example_branch_labels.py took 0.051 seconds
