[2025-02-03T11:50:51.627+0000] {processor.py:157} INFO - Started process (PID=37621) to work on /home/vscode/.local/lib/python3.10/site-packages/airflow/example_dags/example_dag_decorator.py
[2025-02-03T11:50:51.628+0000] {processor.py:826} INFO - Processing file /home/vscode/.local/lib/python3.10/site-packages/airflow/example_dags/example_dag_decorator.py for tasks to queue
[2025-02-03T11:50:51.628+0000] {logging_mixin.py:150} INFO - [2025-02-03T11:50:51.628+0000] {dagbag.py:541} INFO - Filling up the DagBag from /home/vscode/.local/lib/python3.10/site-packages/airflow/example_dags/example_dag_decorator.py
[2025-02-03T11:50:51.711+0000] {processor.py:836} INFO - DAG(s) dict_keys(['example_dag_decorator']) retrieved from /home/vscode/.local/lib/python3.10/site-packages/airflow/example_dags/example_dag_decorator.py
[2025-02-03T11:50:51.779+0000] {logging_mixin.py:150} INFO - [2025-02-03T11:50:51.779+0000] {manager.py:504} INFO - Created Permission View: can read on DAG:example_dag_decorator
[2025-02-03T11:50:51.786+0000] {logging_mixin.py:150} INFO - [2025-02-03T11:50:51.786+0000] {manager.py:504} INFO - Created Permission View: can delete on DAG:example_dag_decorator
[2025-02-03T11:50:51.792+0000] {logging_mixin.py:150} INFO - [2025-02-03T11:50:51.792+0000] {manager.py:504} INFO - Created Permission View: can edit on DAG:example_dag_decorator
[2025-02-03T11:50:51.799+0000] {logging_mixin.py:150} INFO - [2025-02-03T11:50:51.799+0000] {dag.py:2742} INFO - Sync 1 DAGs
[2025-02-03T11:50:51.805+0000] {logging_mixin.py:150} INFO - [2025-02-03T11:50:51.805+0000] {dag.py:2763} INFO - Creating ORM DAG for example_dag_decorator
[2025-02-03T11:50:51.811+0000] {logging_mixin.py:150} INFO - [2025-02-03T11:50:51.810+0000] {dag.py:3504} INFO - Setting next_dagrun for example_dag_decorator to None, run_after=None
[2025-02-03T11:50:51.825+0000] {processor.py:179} INFO - Processing /home/vscode/.local/lib/python3.10/site-packages/airflow/example_dags/example_dag_decorator.py took 0.200 seconds
[2025-02-03T11:51:42.169+0000] {processor.py:157} INFO - Started process (PID=37957) to work on /home/vscode/.local/lib/python3.10/site-packages/airflow/example_dags/example_dag_decorator.py
[2025-02-03T11:51:42.169+0000] {processor.py:826} INFO - Processing file /home/vscode/.local/lib/python3.10/site-packages/airflow/example_dags/example_dag_decorator.py for tasks to queue
[2025-02-03T11:51:42.170+0000] {logging_mixin.py:150} INFO - [2025-02-03T11:51:42.170+0000] {dagbag.py:541} INFO - Filling up the DagBag from /home/vscode/.local/lib/python3.10/site-packages/airflow/example_dags/example_dag_decorator.py
[2025-02-03T11:51:42.178+0000] {processor.py:836} INFO - DAG(s) dict_keys(['example_dag_decorator']) retrieved from /home/vscode/.local/lib/python3.10/site-packages/airflow/example_dags/example_dag_decorator.py
[2025-02-03T11:51:42.251+0000] {logging_mixin.py:150} INFO - [2025-02-03T11:51:42.251+0000] {dag.py:2742} INFO - Sync 1 DAGs
[2025-02-03T11:51:42.263+0000] {logging_mixin.py:150} INFO - [2025-02-03T11:51:42.263+0000] {dag.py:3504} INFO - Setting next_dagrun for example_dag_decorator to None, run_after=None
[2025-02-03T11:51:42.278+0000] {processor.py:179} INFO - Processing /home/vscode/.local/lib/python3.10/site-packages/airflow/example_dags/example_dag_decorator.py took 0.111 seconds
[2025-02-03T11:52:25.473+0000] {processor.py:157} INFO - Started process (PID=38245) to work on /home/vscode/.local/lib/python3.10/site-packages/airflow/example_dags/example_dag_decorator.py
[2025-02-03T11:52:25.473+0000] {processor.py:826} INFO - Processing file /home/vscode/.local/lib/python3.10/site-packages/airflow/example_dags/example_dag_decorator.py for tasks to queue
[2025-02-03T11:52:25.474+0000] {logging_mixin.py:150} INFO - [2025-02-03T11:52:25.473+0000] {dagbag.py:541} INFO - Filling up the DagBag from /home/vscode/.local/lib/python3.10/site-packages/airflow/example_dags/example_dag_decorator.py
[2025-02-03T11:52:25.482+0000] {processor.py:836} INFO - DAG(s) dict_keys(['example_dag_decorator']) retrieved from /home/vscode/.local/lib/python3.10/site-packages/airflow/example_dags/example_dag_decorator.py
[2025-02-03T11:52:25.557+0000] {logging_mixin.py:150} INFO - [2025-02-03T11:52:25.557+0000] {dag.py:2742} INFO - Sync 1 DAGs
[2025-02-03T11:52:25.570+0000] {logging_mixin.py:150} INFO - [2025-02-03T11:52:25.569+0000] {dag.py:3504} INFO - Setting next_dagrun for example_dag_decorator to None, run_after=None
[2025-02-03T11:52:25.585+0000] {processor.py:179} INFO - Processing /home/vscode/.local/lib/python3.10/site-packages/airflow/example_dags/example_dag_decorator.py took 0.114 seconds
[2025-02-03T11:53:10.484+0000] {processor.py:157} INFO - Started process (PID=38548) to work on /home/vscode/.local/lib/python3.10/site-packages/airflow/example_dags/example_dag_decorator.py
[2025-02-03T11:53:10.484+0000] {processor.py:826} INFO - Processing file /home/vscode/.local/lib/python3.10/site-packages/airflow/example_dags/example_dag_decorator.py for tasks to queue
[2025-02-03T11:53:10.485+0000] {logging_mixin.py:150} INFO - [2025-02-03T11:53:10.485+0000] {dagbag.py:541} INFO - Filling up the DagBag from /home/vscode/.local/lib/python3.10/site-packages/airflow/example_dags/example_dag_decorator.py
[2025-02-03T11:53:10.493+0000] {processor.py:836} INFO - DAG(s) dict_keys(['example_dag_decorator']) retrieved from /home/vscode/.local/lib/python3.10/site-packages/airflow/example_dags/example_dag_decorator.py
[2025-02-03T11:53:10.567+0000] {logging_mixin.py:150} INFO - [2025-02-03T11:53:10.567+0000] {dag.py:2742} INFO - Sync 1 DAGs
[2025-02-03T11:53:10.579+0000] {logging_mixin.py:150} INFO - [2025-02-03T11:53:10.579+0000] {dag.py:3504} INFO - Setting next_dagrun for example_dag_decorator to None, run_after=None
[2025-02-03T11:53:10.593+0000] {processor.py:179} INFO - Processing /home/vscode/.local/lib/python3.10/site-packages/airflow/example_dags/example_dag_decorator.py took 0.112 seconds
[2025-02-03T11:53:53.917+0000] {processor.py:157} INFO - Started process (PID=38843) to work on /home/vscode/.local/lib/python3.10/site-packages/airflow/example_dags/example_dag_decorator.py
[2025-02-03T11:53:53.918+0000] {processor.py:826} INFO - Processing file /home/vscode/.local/lib/python3.10/site-packages/airflow/example_dags/example_dag_decorator.py for tasks to queue
[2025-02-03T11:53:53.918+0000] {logging_mixin.py:150} INFO - [2025-02-03T11:53:53.918+0000] {dagbag.py:541} INFO - Filling up the DagBag from /home/vscode/.local/lib/python3.10/site-packages/airflow/example_dags/example_dag_decorator.py
[2025-02-03T11:53:53.927+0000] {processor.py:836} INFO - DAG(s) dict_keys(['example_dag_decorator']) retrieved from /home/vscode/.local/lib/python3.10/site-packages/airflow/example_dags/example_dag_decorator.py
[2025-02-03T11:53:54.000+0000] {logging_mixin.py:150} INFO - [2025-02-03T11:53:54.000+0000] {dag.py:2742} INFO - Sync 1 DAGs
[2025-02-03T11:53:54.012+0000] {logging_mixin.py:150} INFO - [2025-02-03T11:53:54.012+0000] {dag.py:3504} INFO - Setting next_dagrun for example_dag_decorator to None, run_after=None
[2025-02-03T11:53:54.027+0000] {processor.py:179} INFO - Processing /home/vscode/.local/lib/python3.10/site-packages/airflow/example_dags/example_dag_decorator.py took 0.112 seconds
[2025-02-03T11:54:37.894+0000] {processor.py:157} INFO - Started process (PID=39137) to work on /home/vscode/.local/lib/python3.10/site-packages/airflow/example_dags/example_dag_decorator.py
[2025-02-03T11:54:37.894+0000] {processor.py:826} INFO - Processing file /home/vscode/.local/lib/python3.10/site-packages/airflow/example_dags/example_dag_decorator.py for tasks to queue
[2025-02-03T11:54:37.895+0000] {logging_mixin.py:150} INFO - [2025-02-03T11:54:37.895+0000] {dagbag.py:541} INFO - Filling up the DagBag from /home/vscode/.local/lib/python3.10/site-packages/airflow/example_dags/example_dag_decorator.py
[2025-02-03T11:54:37.903+0000] {processor.py:836} INFO - DAG(s) dict_keys(['example_dag_decorator']) retrieved from /home/vscode/.local/lib/python3.10/site-packages/airflow/example_dags/example_dag_decorator.py
[2025-02-03T11:54:37.977+0000] {logging_mixin.py:150} INFO - [2025-02-03T11:54:37.976+0000] {dag.py:2742} INFO - Sync 1 DAGs
[2025-02-03T11:54:37.989+0000] {logging_mixin.py:150} INFO - [2025-02-03T11:54:37.989+0000] {dag.py:3504} INFO - Setting next_dagrun for example_dag_decorator to None, run_after=None
[2025-02-03T11:54:38.003+0000] {processor.py:179} INFO - Processing /home/vscode/.local/lib/python3.10/site-packages/airflow/example_dags/example_dag_decorator.py took 0.112 seconds
[2025-02-03T11:55:20.235+0000] {processor.py:157} INFO - Started process (PID=39424) to work on /home/vscode/.local/lib/python3.10/site-packages/airflow/example_dags/example_dag_decorator.py
[2025-02-03T11:55:20.236+0000] {processor.py:826} INFO - Processing file /home/vscode/.local/lib/python3.10/site-packages/airflow/example_dags/example_dag_decorator.py for tasks to queue
[2025-02-03T11:55:20.237+0000] {logging_mixin.py:150} INFO - [2025-02-03T11:55:20.236+0000] {dagbag.py:541} INFO - Filling up the DagBag from /home/vscode/.local/lib/python3.10/site-packages/airflow/example_dags/example_dag_decorator.py
[2025-02-03T11:55:20.245+0000] {processor.py:836} INFO - DAG(s) dict_keys(['example_dag_decorator']) retrieved from /home/vscode/.local/lib/python3.10/site-packages/airflow/example_dags/example_dag_decorator.py
[2025-02-03T11:55:20.318+0000] {logging_mixin.py:150} INFO - [2025-02-03T11:55:20.317+0000] {dag.py:2742} INFO - Sync 1 DAGs
[2025-02-03T11:55:20.330+0000] {logging_mixin.py:150} INFO - [2025-02-03T11:55:20.329+0000] {dag.py:3504} INFO - Setting next_dagrun for example_dag_decorator to None, run_after=None
[2025-02-03T11:55:20.344+0000] {processor.py:179} INFO - Processing /home/vscode/.local/lib/python3.10/site-packages/airflow/example_dags/example_dag_decorator.py took 0.111 seconds
[2025-02-03T11:56:04.721+0000] {processor.py:157} INFO - Started process (PID=39718) to work on /home/vscode/.local/lib/python3.10/site-packages/airflow/example_dags/example_dag_decorator.py
[2025-02-03T11:56:04.721+0000] {processor.py:826} INFO - Processing file /home/vscode/.local/lib/python3.10/site-packages/airflow/example_dags/example_dag_decorator.py for tasks to queue
[2025-02-03T11:56:04.722+0000] {logging_mixin.py:150} INFO - [2025-02-03T11:56:04.722+0000] {dagbag.py:541} INFO - Filling up the DagBag from /home/vscode/.local/lib/python3.10/site-packages/airflow/example_dags/example_dag_decorator.py
[2025-02-03T11:56:04.730+0000] {processor.py:836} INFO - DAG(s) dict_keys(['example_dag_decorator']) retrieved from /home/vscode/.local/lib/python3.10/site-packages/airflow/example_dags/example_dag_decorator.py
[2025-02-03T11:56:04.805+0000] {logging_mixin.py:150} INFO - [2025-02-03T11:56:04.805+0000] {dag.py:2742} INFO - Sync 1 DAGs
[2025-02-03T11:56:04.817+0000] {logging_mixin.py:150} INFO - [2025-02-03T11:56:04.817+0000] {dag.py:3504} INFO - Setting next_dagrun for example_dag_decorator to None, run_after=None
[2025-02-03T11:56:04.831+0000] {processor.py:179} INFO - Processing /home/vscode/.local/lib/python3.10/site-packages/airflow/example_dags/example_dag_decorator.py took 0.113 seconds
[2025-02-03T11:56:55.965+0000] {processor.py:157} INFO - Started process (PID=40065) to work on /home/vscode/.local/lib/python3.10/site-packages/airflow/example_dags/example_dag_decorator.py
[2025-02-03T11:56:55.965+0000] {processor.py:826} INFO - Processing file /home/vscode/.local/lib/python3.10/site-packages/airflow/example_dags/example_dag_decorator.py for tasks to queue
[2025-02-03T11:56:55.966+0000] {logging_mixin.py:150} INFO - [2025-02-03T11:56:55.966+0000] {dagbag.py:541} INFO - Filling up the DagBag from /home/vscode/.local/lib/python3.10/site-packages/airflow/example_dags/example_dag_decorator.py
[2025-02-03T11:56:55.974+0000] {processor.py:836} INFO - DAG(s) dict_keys(['example_dag_decorator']) retrieved from /home/vscode/.local/lib/python3.10/site-packages/airflow/example_dags/example_dag_decorator.py
[2025-02-03T11:56:56.047+0000] {logging_mixin.py:150} INFO - [2025-02-03T11:56:56.047+0000] {dag.py:2742} INFO - Sync 1 DAGs
[2025-02-03T11:56:56.060+0000] {logging_mixin.py:150} INFO - [2025-02-03T11:56:56.060+0000] {dag.py:3504} INFO - Setting next_dagrun for example_dag_decorator to None, run_after=None
[2025-02-03T11:56:56.074+0000] {processor.py:179} INFO - Processing /home/vscode/.local/lib/python3.10/site-packages/airflow/example_dags/example_dag_decorator.py took 0.112 seconds
[2025-02-03T11:57:38.685+0000] {processor.py:157} INFO - Started process (PID=40358) to work on /home/vscode/.local/lib/python3.10/site-packages/airflow/example_dags/example_dag_decorator.py
[2025-02-03T11:57:38.685+0000] {processor.py:826} INFO - Processing file /home/vscode/.local/lib/python3.10/site-packages/airflow/example_dags/example_dag_decorator.py for tasks to queue
[2025-02-03T11:57:38.686+0000] {logging_mixin.py:150} INFO - [2025-02-03T11:57:38.686+0000] {dagbag.py:541} INFO - Filling up the DagBag from /home/vscode/.local/lib/python3.10/site-packages/airflow/example_dags/example_dag_decorator.py
[2025-02-03T11:57:38.694+0000] {processor.py:836} INFO - DAG(s) dict_keys(['example_dag_decorator']) retrieved from /home/vscode/.local/lib/python3.10/site-packages/airflow/example_dags/example_dag_decorator.py
[2025-02-03T11:57:38.773+0000] {logging_mixin.py:150} INFO - [2025-02-03T11:57:38.773+0000] {dag.py:2742} INFO - Sync 1 DAGs
[2025-02-03T11:57:38.785+0000] {logging_mixin.py:150} INFO - [2025-02-03T11:57:38.785+0000] {dag.py:3504} INFO - Setting next_dagrun for example_dag_decorator to None, run_after=None
[2025-02-03T11:57:38.799+0000] {processor.py:179} INFO - Processing /home/vscode/.local/lib/python3.10/site-packages/airflow/example_dags/example_dag_decorator.py took 0.116 seconds
[2025-02-03T11:58:27.349+0000] {processor.py:157} INFO - Started process (PID=40673) to work on /home/vscode/.local/lib/python3.10/site-packages/airflow/example_dags/example_dag_decorator.py
[2025-02-03T11:58:27.350+0000] {processor.py:826} INFO - Processing file /home/vscode/.local/lib/python3.10/site-packages/airflow/example_dags/example_dag_decorator.py for tasks to queue
[2025-02-03T11:58:27.351+0000] {logging_mixin.py:150} INFO - [2025-02-03T11:58:27.350+0000] {dagbag.py:541} INFO - Filling up the DagBag from /home/vscode/.local/lib/python3.10/site-packages/airflow/example_dags/example_dag_decorator.py
[2025-02-03T11:58:27.362+0000] {processor.py:836} INFO - DAG(s) dict_keys(['example_dag_decorator']) retrieved from /home/vscode/.local/lib/python3.10/site-packages/airflow/example_dags/example_dag_decorator.py
[2025-02-03T11:58:27.442+0000] {logging_mixin.py:150} INFO - [2025-02-03T11:58:27.442+0000] {dag.py:2742} INFO - Sync 1 DAGs
[2025-02-03T11:58:27.457+0000] {logging_mixin.py:150} INFO - [2025-02-03T11:58:27.456+0000] {dag.py:3504} INFO - Setting next_dagrun for example_dag_decorator to None, run_after=None
[2025-02-03T11:58:27.472+0000] {processor.py:179} INFO - Processing /home/vscode/.local/lib/python3.10/site-packages/airflow/example_dags/example_dag_decorator.py took 0.124 seconds
[2025-02-03T11:59:11.128+0000] {processor.py:157} INFO - Started process (PID=40973) to work on /home/vscode/.local/lib/python3.10/site-packages/airflow/example_dags/example_dag_decorator.py
[2025-02-03T11:59:11.129+0000] {processor.py:826} INFO - Processing file /home/vscode/.local/lib/python3.10/site-packages/airflow/example_dags/example_dag_decorator.py for tasks to queue
[2025-02-03T11:59:11.129+0000] {logging_mixin.py:150} INFO - [2025-02-03T11:59:11.129+0000] {dagbag.py:541} INFO - Filling up the DagBag from /home/vscode/.local/lib/python3.10/site-packages/airflow/example_dags/example_dag_decorator.py
[2025-02-03T11:59:11.138+0000] {processor.py:836} INFO - DAG(s) dict_keys(['example_dag_decorator']) retrieved from /home/vscode/.local/lib/python3.10/site-packages/airflow/example_dags/example_dag_decorator.py
[2025-02-03T11:59:11.219+0000] {logging_mixin.py:150} INFO - [2025-02-03T11:59:11.219+0000] {dag.py:2742} INFO - Sync 1 DAGs
[2025-02-03T11:59:11.235+0000] {logging_mixin.py:150} INFO - [2025-02-03T11:59:11.235+0000] {dag.py:3504} INFO - Setting next_dagrun for example_dag_decorator to None, run_after=None
[2025-02-03T11:59:11.249+0000] {processor.py:179} INFO - Processing /home/vscode/.local/lib/python3.10/site-packages/airflow/example_dags/example_dag_decorator.py took 0.122 seconds
[2025-02-03T11:59:54.478+0000] {processor.py:157} INFO - Started process (PID=41268) to work on /home/vscode/.local/lib/python3.10/site-packages/airflow/example_dags/example_dag_decorator.py
[2025-02-03T11:59:54.479+0000] {processor.py:826} INFO - Processing file /home/vscode/.local/lib/python3.10/site-packages/airflow/example_dags/example_dag_decorator.py for tasks to queue
[2025-02-03T11:59:54.479+0000] {logging_mixin.py:150} INFO - [2025-02-03T11:59:54.479+0000] {dagbag.py:541} INFO - Filling up the DagBag from /home/vscode/.local/lib/python3.10/site-packages/airflow/example_dags/example_dag_decorator.py
[2025-02-03T11:59:54.489+0000] {processor.py:836} INFO - DAG(s) dict_keys(['example_dag_decorator']) retrieved from /home/vscode/.local/lib/python3.10/site-packages/airflow/example_dags/example_dag_decorator.py
[2025-02-03T11:59:54.564+0000] {logging_mixin.py:150} INFO - [2025-02-03T11:59:54.564+0000] {dag.py:2742} INFO - Sync 1 DAGs
[2025-02-03T11:59:54.578+0000] {logging_mixin.py:150} INFO - [2025-02-03T11:59:54.577+0000] {dag.py:3504} INFO - Setting next_dagrun for example_dag_decorator to None, run_after=None
[2025-02-03T11:59:54.592+0000] {processor.py:179} INFO - Processing /home/vscode/.local/lib/python3.10/site-packages/airflow/example_dags/example_dag_decorator.py took 0.116 seconds
[2025-02-03T12:00:36.624+0000] {processor.py:157} INFO - Started process (PID=41541) to work on /home/vscode/.local/lib/python3.10/site-packages/airflow/example_dags/example_dag_decorator.py
[2025-02-03T12:00:36.625+0000] {processor.py:826} INFO - Processing file /home/vscode/.local/lib/python3.10/site-packages/airflow/example_dags/example_dag_decorator.py for tasks to queue
[2025-02-03T12:00:36.625+0000] {logging_mixin.py:150} INFO - [2025-02-03T12:00:36.625+0000] {dagbag.py:541} INFO - Filling up the DagBag from /home/vscode/.local/lib/python3.10/site-packages/airflow/example_dags/example_dag_decorator.py
[2025-02-03T12:00:36.634+0000] {processor.py:836} INFO - DAG(s) dict_keys(['example_dag_decorator']) retrieved from /home/vscode/.local/lib/python3.10/site-packages/airflow/example_dags/example_dag_decorator.py
[2025-02-03T12:00:36.707+0000] {logging_mixin.py:150} INFO - [2025-02-03T12:00:36.707+0000] {dag.py:2742} INFO - Sync 1 DAGs
[2025-02-03T12:00:36.720+0000] {logging_mixin.py:150} INFO - [2025-02-03T12:00:36.719+0000] {dag.py:3504} INFO - Setting next_dagrun for example_dag_decorator to None, run_after=None
[2025-02-03T12:00:36.734+0000] {processor.py:179} INFO - Processing /home/vscode/.local/lib/python3.10/site-packages/airflow/example_dags/example_dag_decorator.py took 0.112 seconds
[2025-02-03T12:01:20.841+0000] {processor.py:157} INFO - Started process (PID=41843) to work on /home/vscode/.local/lib/python3.10/site-packages/airflow/example_dags/example_dag_decorator.py
[2025-02-03T12:01:20.841+0000] {processor.py:826} INFO - Processing file /home/vscode/.local/lib/python3.10/site-packages/airflow/example_dags/example_dag_decorator.py for tasks to queue
[2025-02-03T12:01:20.842+0000] {logging_mixin.py:150} INFO - [2025-02-03T12:01:20.842+0000] {dagbag.py:541} INFO - Filling up the DagBag from /home/vscode/.local/lib/python3.10/site-packages/airflow/example_dags/example_dag_decorator.py
[2025-02-03T12:01:20.851+0000] {processor.py:836} INFO - DAG(s) dict_keys(['example_dag_decorator']) retrieved from /home/vscode/.local/lib/python3.10/site-packages/airflow/example_dags/example_dag_decorator.py
[2025-02-03T12:01:20.925+0000] {logging_mixin.py:150} INFO - [2025-02-03T12:01:20.925+0000] {dag.py:2742} INFO - Sync 1 DAGs
[2025-02-03T12:01:20.939+0000] {logging_mixin.py:150} INFO - [2025-02-03T12:01:20.938+0000] {dag.py:3504} INFO - Setting next_dagrun for example_dag_decorator to None, run_after=None
[2025-02-03T12:01:20.953+0000] {processor.py:179} INFO - Processing /home/vscode/.local/lib/python3.10/site-packages/airflow/example_dags/example_dag_decorator.py took 0.114 seconds
[2025-02-03T12:02:05.714+0000] {processor.py:157} INFO - Started process (PID=42145) to work on /home/vscode/.local/lib/python3.10/site-packages/airflow/example_dags/example_dag_decorator.py
[2025-02-03T12:02:05.715+0000] {processor.py:826} INFO - Processing file /home/vscode/.local/lib/python3.10/site-packages/airflow/example_dags/example_dag_decorator.py for tasks to queue
[2025-02-03T12:02:05.715+0000] {logging_mixin.py:150} INFO - [2025-02-03T12:02:05.715+0000] {dagbag.py:541} INFO - Filling up the DagBag from /home/vscode/.local/lib/python3.10/site-packages/airflow/example_dags/example_dag_decorator.py
[2025-02-03T12:02:05.725+0000] {processor.py:836} INFO - DAG(s) dict_keys(['example_dag_decorator']) retrieved from /home/vscode/.local/lib/python3.10/site-packages/airflow/example_dags/example_dag_decorator.py
[2025-02-03T12:02:05.802+0000] {logging_mixin.py:150} INFO - [2025-02-03T12:02:05.802+0000] {dag.py:2742} INFO - Sync 1 DAGs
[2025-02-03T12:02:05.814+0000] {logging_mixin.py:150} INFO - [2025-02-03T12:02:05.814+0000] {dag.py:3504} INFO - Setting next_dagrun for example_dag_decorator to None, run_after=None
[2025-02-03T12:02:05.829+0000] {processor.py:179} INFO - Processing /home/vscode/.local/lib/python3.10/site-packages/airflow/example_dags/example_dag_decorator.py took 0.117 seconds
[2025-02-03T12:02:48.424+0000] {processor.py:157} INFO - Started process (PID=42432) to work on /home/vscode/.local/lib/python3.10/site-packages/airflow/example_dags/example_dag_decorator.py
[2025-02-03T12:02:48.425+0000] {processor.py:826} INFO - Processing file /home/vscode/.local/lib/python3.10/site-packages/airflow/example_dags/example_dag_decorator.py for tasks to queue
[2025-02-03T12:02:48.425+0000] {logging_mixin.py:150} INFO - [2025-02-03T12:02:48.425+0000] {dagbag.py:541} INFO - Filling up the DagBag from /home/vscode/.local/lib/python3.10/site-packages/airflow/example_dags/example_dag_decorator.py
[2025-02-03T12:02:48.434+0000] {processor.py:836} INFO - DAG(s) dict_keys(['example_dag_decorator']) retrieved from /home/vscode/.local/lib/python3.10/site-packages/airflow/example_dags/example_dag_decorator.py
[2025-02-03T12:02:48.507+0000] {logging_mixin.py:150} INFO - [2025-02-03T12:02:48.507+0000] {dag.py:2742} INFO - Sync 1 DAGs
[2025-02-03T12:02:48.519+0000] {logging_mixin.py:150} INFO - [2025-02-03T12:02:48.519+0000] {dag.py:3504} INFO - Setting next_dagrun for example_dag_decorator to None, run_after=None
[2025-02-03T12:02:48.534+0000] {processor.py:179} INFO - Processing /home/vscode/.local/lib/python3.10/site-packages/airflow/example_dags/example_dag_decorator.py took 0.112 seconds
[2025-02-03T12:03:31.193+0000] {processor.py:157} INFO - Started process (PID=42721) to work on /home/vscode/.local/lib/python3.10/site-packages/airflow/example_dags/example_dag_decorator.py
[2025-02-03T12:03:31.194+0000] {processor.py:826} INFO - Processing file /home/vscode/.local/lib/python3.10/site-packages/airflow/example_dags/example_dag_decorator.py for tasks to queue
[2025-02-03T12:03:31.194+0000] {logging_mixin.py:150} INFO - [2025-02-03T12:03:31.194+0000] {dagbag.py:541} INFO - Filling up the DagBag from /home/vscode/.local/lib/python3.10/site-packages/airflow/example_dags/example_dag_decorator.py
[2025-02-03T12:03:31.202+0000] {processor.py:836} INFO - DAG(s) dict_keys(['example_dag_decorator']) retrieved from /home/vscode/.local/lib/python3.10/site-packages/airflow/example_dags/example_dag_decorator.py
[2025-02-03T12:03:31.279+0000] {logging_mixin.py:150} INFO - [2025-02-03T12:03:31.279+0000] {dag.py:2742} INFO - Sync 1 DAGs
[2025-02-03T12:03:31.294+0000] {logging_mixin.py:150} INFO - [2025-02-03T12:03:31.294+0000] {dag.py:3504} INFO - Setting next_dagrun for example_dag_decorator to None, run_after=None
[2025-02-03T12:03:31.308+0000] {processor.py:179} INFO - Processing /home/vscode/.local/lib/python3.10/site-packages/airflow/example_dags/example_dag_decorator.py took 0.117 seconds
[2025-02-03T12:04:15.179+0000] {processor.py:157} INFO - Started process (PID=43021) to work on /home/vscode/.local/lib/python3.10/site-packages/airflow/example_dags/example_dag_decorator.py
[2025-02-03T12:04:15.180+0000] {processor.py:826} INFO - Processing file /home/vscode/.local/lib/python3.10/site-packages/airflow/example_dags/example_dag_decorator.py for tasks to queue
[2025-02-03T12:04:15.180+0000] {logging_mixin.py:150} INFO - [2025-02-03T12:04:15.180+0000] {dagbag.py:541} INFO - Filling up the DagBag from /home/vscode/.local/lib/python3.10/site-packages/airflow/example_dags/example_dag_decorator.py
[2025-02-03T12:04:15.190+0000] {processor.py:836} INFO - DAG(s) dict_keys(['example_dag_decorator']) retrieved from /home/vscode/.local/lib/python3.10/site-packages/airflow/example_dags/example_dag_decorator.py
[2025-02-03T12:04:15.263+0000] {logging_mixin.py:150} INFO - [2025-02-03T12:04:15.263+0000] {dag.py:2742} INFO - Sync 1 DAGs
[2025-02-03T12:04:15.276+0000] {logging_mixin.py:150} INFO - [2025-02-03T12:04:15.276+0000] {dag.py:3504} INFO - Setting next_dagrun for example_dag_decorator to None, run_after=None
[2025-02-03T12:04:15.290+0000] {processor.py:179} INFO - Processing /home/vscode/.local/lib/python3.10/site-packages/airflow/example_dags/example_dag_decorator.py took 0.114 seconds
[2025-02-03T12:04:59.068+0000] {processor.py:157} INFO - Started process (PID=43310) to work on /home/vscode/.local/lib/python3.10/site-packages/airflow/example_dags/example_dag_decorator.py
[2025-02-03T12:04:59.069+0000] {processor.py:826} INFO - Processing file /home/vscode/.local/lib/python3.10/site-packages/airflow/example_dags/example_dag_decorator.py for tasks to queue
[2025-02-03T12:04:59.069+0000] {logging_mixin.py:150} INFO - [2025-02-03T12:04:59.069+0000] {dagbag.py:541} INFO - Filling up the DagBag from /home/vscode/.local/lib/python3.10/site-packages/airflow/example_dags/example_dag_decorator.py
[2025-02-03T12:04:59.078+0000] {processor.py:836} INFO - DAG(s) dict_keys(['example_dag_decorator']) retrieved from /home/vscode/.local/lib/python3.10/site-packages/airflow/example_dags/example_dag_decorator.py
[2025-02-03T12:04:59.152+0000] {logging_mixin.py:150} INFO - [2025-02-03T12:04:59.152+0000] {dag.py:2742} INFO - Sync 1 DAGs
[2025-02-03T12:04:59.165+0000] {logging_mixin.py:150} INFO - [2025-02-03T12:04:59.165+0000] {dag.py:3504} INFO - Setting next_dagrun for example_dag_decorator to None, run_after=None
[2025-02-03T12:04:59.183+0000] {processor.py:179} INFO - Processing /home/vscode/.local/lib/python3.10/site-packages/airflow/example_dags/example_dag_decorator.py took 0.117 seconds
[2025-02-03T12:05:43.034+0000] {processor.py:157} INFO - Started process (PID=43613) to work on /home/vscode/.local/lib/python3.10/site-packages/airflow/example_dags/example_dag_decorator.py
[2025-02-03T12:05:43.034+0000] {processor.py:826} INFO - Processing file /home/vscode/.local/lib/python3.10/site-packages/airflow/example_dags/example_dag_decorator.py for tasks to queue
[2025-02-03T12:05:43.035+0000] {logging_mixin.py:150} INFO - [2025-02-03T12:05:43.034+0000] {dagbag.py:541} INFO - Filling up the DagBag from /home/vscode/.local/lib/python3.10/site-packages/airflow/example_dags/example_dag_decorator.py
[2025-02-03T12:05:43.043+0000] {processor.py:836} INFO - DAG(s) dict_keys(['example_dag_decorator']) retrieved from /home/vscode/.local/lib/python3.10/site-packages/airflow/example_dags/example_dag_decorator.py
[2025-02-03T12:05:43.117+0000] {logging_mixin.py:150} INFO - [2025-02-03T12:05:43.116+0000] {dag.py:2742} INFO - Sync 1 DAGs
[2025-02-03T12:05:43.129+0000] {logging_mixin.py:150} INFO - [2025-02-03T12:05:43.129+0000] {dag.py:3504} INFO - Setting next_dagrun for example_dag_decorator to None, run_after=None
[2025-02-03T12:05:43.144+0000] {processor.py:179} INFO - Processing /home/vscode/.local/lib/python3.10/site-packages/airflow/example_dags/example_dag_decorator.py took 0.113 seconds
[2025-02-03T12:06:30.894+0000] {processor.py:157} INFO - Started process (PID=43924) to work on /home/vscode/.local/lib/python3.10/site-packages/airflow/example_dags/example_dag_decorator.py
[2025-02-03T12:06:30.895+0000] {processor.py:826} INFO - Processing file /home/vscode/.local/lib/python3.10/site-packages/airflow/example_dags/example_dag_decorator.py for tasks to queue
[2025-02-03T12:06:30.895+0000] {logging_mixin.py:150} INFO - [2025-02-03T12:06:30.895+0000] {dagbag.py:541} INFO - Filling up the DagBag from /home/vscode/.local/lib/python3.10/site-packages/airflow/example_dags/example_dag_decorator.py
[2025-02-03T12:06:30.904+0000] {processor.py:836} INFO - DAG(s) dict_keys(['example_dag_decorator']) retrieved from /home/vscode/.local/lib/python3.10/site-packages/airflow/example_dags/example_dag_decorator.py
[2025-02-03T12:06:30.979+0000] {logging_mixin.py:150} INFO - [2025-02-03T12:06:30.979+0000] {dag.py:2742} INFO - Sync 1 DAGs
[2025-02-03T12:06:30.992+0000] {logging_mixin.py:150} INFO - [2025-02-03T12:06:30.992+0000] {dag.py:3504} INFO - Setting next_dagrun for example_dag_decorator to None, run_after=None
[2025-02-03T12:06:31.006+0000] {processor.py:179} INFO - Processing /home/vscode/.local/lib/python3.10/site-packages/airflow/example_dags/example_dag_decorator.py took 0.115 seconds
[2025-02-03T12:07:17.560+0000] {processor.py:157} INFO - Started process (PID=44270) to work on /home/vscode/.local/lib/python3.10/site-packages/airflow/example_dags/example_dag_decorator.py
[2025-02-03T12:07:17.561+0000] {processor.py:826} INFO - Processing file /home/vscode/.local/lib/python3.10/site-packages/airflow/example_dags/example_dag_decorator.py for tasks to queue
[2025-02-03T12:07:17.561+0000] {logging_mixin.py:150} INFO - [2025-02-03T12:07:17.561+0000] {dagbag.py:541} INFO - Filling up the DagBag from /home/vscode/.local/lib/python3.10/site-packages/airflow/example_dags/example_dag_decorator.py
[2025-02-03T12:07:17.570+0000] {processor.py:836} INFO - DAG(s) dict_keys(['example_dag_decorator']) retrieved from /home/vscode/.local/lib/python3.10/site-packages/airflow/example_dags/example_dag_decorator.py
[2025-02-03T12:07:17.645+0000] {logging_mixin.py:150} INFO - [2025-02-03T12:07:17.645+0000] {dag.py:2742} INFO - Sync 1 DAGs
[2025-02-03T12:07:17.659+0000] {logging_mixin.py:150} INFO - [2025-02-03T12:07:17.659+0000] {dag.py:3504} INFO - Setting next_dagrun for example_dag_decorator to None, run_after=None
[2025-02-03T12:07:17.675+0000] {processor.py:179} INFO - Processing /home/vscode/.local/lib/python3.10/site-packages/airflow/example_dags/example_dag_decorator.py took 0.117 seconds
[2025-02-03T12:08:01.025+0000] {processor.py:157} INFO - Started process (PID=45663) to work on /home/vscode/.local/lib/python3.10/site-packages/airflow/example_dags/example_dag_decorator.py
[2025-02-03T12:08:01.026+0000] {processor.py:826} INFO - Processing file /home/vscode/.local/lib/python3.10/site-packages/airflow/example_dags/example_dag_decorator.py for tasks to queue
[2025-02-03T12:08:01.026+0000] {logging_mixin.py:150} INFO - [2025-02-03T12:08:01.026+0000] {dagbag.py:541} INFO - Filling up the DagBag from /home/vscode/.local/lib/python3.10/site-packages/airflow/example_dags/example_dag_decorator.py
[2025-02-03T12:08:01.035+0000] {processor.py:836} INFO - DAG(s) dict_keys(['example_dag_decorator']) retrieved from /home/vscode/.local/lib/python3.10/site-packages/airflow/example_dags/example_dag_decorator.py
[2025-02-03T12:08:01.110+0000] {logging_mixin.py:150} INFO - [2025-02-03T12:08:01.109+0000] {dag.py:2742} INFO - Sync 1 DAGs
[2025-02-03T12:08:01.122+0000] {logging_mixin.py:150} INFO - [2025-02-03T12:08:01.122+0000] {dag.py:3504} INFO - Setting next_dagrun for example_dag_decorator to None, run_after=None
[2025-02-03T12:08:01.136+0000] {processor.py:179} INFO - Processing /home/vscode/.local/lib/python3.10/site-packages/airflow/example_dags/example_dag_decorator.py took 0.113 seconds
[2025-02-03T12:08:48.552+0000] {processor.py:157} INFO - Started process (PID=46541) to work on /home/vscode/.local/lib/python3.10/site-packages/airflow/example_dags/example_dag_decorator.py
[2025-02-03T12:08:48.552+0000] {processor.py:826} INFO - Processing file /home/vscode/.local/lib/python3.10/site-packages/airflow/example_dags/example_dag_decorator.py for tasks to queue
[2025-02-03T12:08:48.553+0000] {logging_mixin.py:150} INFO - [2025-02-03T12:08:48.553+0000] {dagbag.py:541} INFO - Filling up the DagBag from /home/vscode/.local/lib/python3.10/site-packages/airflow/example_dags/example_dag_decorator.py
[2025-02-03T12:08:48.561+0000] {processor.py:836} INFO - DAG(s) dict_keys(['example_dag_decorator']) retrieved from /home/vscode/.local/lib/python3.10/site-packages/airflow/example_dags/example_dag_decorator.py
[2025-02-03T12:08:48.636+0000] {logging_mixin.py:150} INFO - [2025-02-03T12:08:48.636+0000] {dag.py:2742} INFO - Sync 1 DAGs
[2025-02-03T12:08:48.649+0000] {logging_mixin.py:150} INFO - [2025-02-03T12:08:48.649+0000] {dag.py:3504} INFO - Setting next_dagrun for example_dag_decorator to None, run_after=None
[2025-02-03T12:08:48.664+0000] {processor.py:179} INFO - Processing /home/vscode/.local/lib/python3.10/site-packages/airflow/example_dags/example_dag_decorator.py took 0.115 seconds
[2025-02-03T12:09:31.189+0000] {processor.py:157} INFO - Started process (PID=47459) to work on /home/vscode/.local/lib/python3.10/site-packages/airflow/example_dags/example_dag_decorator.py
[2025-02-03T12:09:31.190+0000] {processor.py:826} INFO - Processing file /home/vscode/.local/lib/python3.10/site-packages/airflow/example_dags/example_dag_decorator.py for tasks to queue
[2025-02-03T12:09:31.190+0000] {logging_mixin.py:150} INFO - [2025-02-03T12:09:31.190+0000] {dagbag.py:541} INFO - Filling up the DagBag from /home/vscode/.local/lib/python3.10/site-packages/airflow/example_dags/example_dag_decorator.py
[2025-02-03T12:09:31.199+0000] {processor.py:836} INFO - DAG(s) dict_keys(['example_dag_decorator']) retrieved from /home/vscode/.local/lib/python3.10/site-packages/airflow/example_dags/example_dag_decorator.py
[2025-02-03T12:09:31.271+0000] {logging_mixin.py:150} INFO - [2025-02-03T12:09:31.271+0000] {dag.py:2742} INFO - Sync 1 DAGs
[2025-02-03T12:09:31.284+0000] {logging_mixin.py:150} INFO - [2025-02-03T12:09:31.283+0000] {dag.py:3504} INFO - Setting next_dagrun for example_dag_decorator to None, run_after=None
[2025-02-03T12:09:31.298+0000] {processor.py:179} INFO - Processing /home/vscode/.local/lib/python3.10/site-packages/airflow/example_dags/example_dag_decorator.py took 0.111 seconds
