[2025-02-03T11:50:48.963+0000] {processor.py:157} INFO - Started process (PID=37604) to work on /home/vscode/.local/lib/python3.10/site-packages/airflow/example_dags/example_params_trigger_ui.py
[2025-02-03T11:50:48.963+0000] {processor.py:826} INFO - Processing file /home/vscode/.local/lib/python3.10/site-packages/airflow/example_dags/example_params_trigger_ui.py for tasks to queue
[2025-02-03T11:50:48.964+0000] {logging_mixin.py:150} INFO - [2025-02-03T11:50:48.964+0000] {dagbag.py:541} INFO - Filling up the DagBag from /home/vscode/.local/lib/python3.10/site-packages/airflow/example_dags/example_params_trigger_ui.py
[2025-02-03T11:50:49.055+0000] {processor.py:836} INFO - DAG(s) dict_keys(['example_params_trigger_ui']) retrieved from /home/vscode/.local/lib/python3.10/site-packages/airflow/example_dags/example_params_trigger_ui.py
[2025-02-03T11:50:49.138+0000] {logging_mixin.py:150} INFO - [2025-02-03T11:50:49.138+0000] {manager.py:504} INFO - Created Permission View: can read on DAG:example_params_trigger_ui
[2025-02-03T11:50:49.146+0000] {logging_mixin.py:150} INFO - [2025-02-03T11:50:49.146+0000] {manager.py:504} INFO - Created Permission View: can delete on DAG:example_params_trigger_ui
[2025-02-03T11:50:49.151+0000] {logging_mixin.py:150} INFO - [2025-02-03T11:50:49.151+0000] {manager.py:504} INFO - Created Permission View: can edit on DAG:example_params_trigger_ui
[2025-02-03T11:50:49.159+0000] {logging_mixin.py:150} INFO - [2025-02-03T11:50:49.158+0000] {dag.py:2742} INFO - Sync 1 DAGs
[2025-02-03T11:50:49.165+0000] {logging_mixin.py:150} INFO - [2025-02-03T11:50:49.165+0000] {dag.py:2763} INFO - Creating ORM DAG for example_params_trigger_ui
[2025-02-03T11:50:49.171+0000] {logging_mixin.py:150} INFO - [2025-02-03T11:50:49.170+0000] {dag.py:3504} INFO - Setting next_dagrun for example_params_trigger_ui to None, run_after=None
[2025-02-03T11:50:49.186+0000] {processor.py:179} INFO - Processing /home/vscode/.local/lib/python3.10/site-packages/airflow/example_dags/example_params_trigger_ui.py took 0.225 seconds
[2025-02-03T11:51:34.242+0000] {processor.py:157} INFO - Started process (PID=37899) to work on /home/vscode/.local/lib/python3.10/site-packages/airflow/example_dags/example_params_trigger_ui.py
[2025-02-03T11:51:34.243+0000] {processor.py:826} INFO - Processing file /home/vscode/.local/lib/python3.10/site-packages/airflow/example_dags/example_params_trigger_ui.py for tasks to queue
[2025-02-03T11:51:34.243+0000] {logging_mixin.py:150} INFO - [2025-02-03T11:51:34.243+0000] {dagbag.py:541} INFO - Filling up the DagBag from /home/vscode/.local/lib/python3.10/site-packages/airflow/example_dags/example_params_trigger_ui.py
[2025-02-03T11:51:34.255+0000] {processor.py:836} INFO - DAG(s) dict_keys(['example_params_trigger_ui']) retrieved from /home/vscode/.local/lib/python3.10/site-packages/airflow/example_dags/example_params_trigger_ui.py
[2025-02-03T11:51:34.285+0000] {logging_mixin.py:150} INFO - [2025-02-03T11:51:34.285+0000] {dag.py:2742} INFO - Sync 1 DAGs
[2025-02-03T11:51:34.299+0000] {logging_mixin.py:150} INFO - [2025-02-03T11:51:34.299+0000] {dag.py:3504} INFO - Setting next_dagrun for example_params_trigger_ui to None, run_after=None
[2025-02-03T11:51:34.313+0000] {processor.py:179} INFO - Processing /home/vscode/.local/lib/python3.10/site-packages/airflow/example_dags/example_params_trigger_ui.py took 0.073 seconds
[2025-02-03T11:52:20.340+0000] {processor.py:157} INFO - Started process (PID=38215) to work on /home/vscode/.local/lib/python3.10/site-packages/airflow/example_dags/example_params_trigger_ui.py
[2025-02-03T11:52:20.341+0000] {processor.py:826} INFO - Processing file /home/vscode/.local/lib/python3.10/site-packages/airflow/example_dags/example_params_trigger_ui.py for tasks to queue
[2025-02-03T11:52:20.341+0000] {logging_mixin.py:150} INFO - [2025-02-03T11:52:20.341+0000] {dagbag.py:541} INFO - Filling up the DagBag from /home/vscode/.local/lib/python3.10/site-packages/airflow/example_dags/example_params_trigger_ui.py
[2025-02-03T11:52:20.353+0000] {processor.py:836} INFO - DAG(s) dict_keys(['example_params_trigger_ui']) retrieved from /home/vscode/.local/lib/python3.10/site-packages/airflow/example_dags/example_params_trigger_ui.py
[2025-02-03T11:52:20.383+0000] {logging_mixin.py:150} INFO - [2025-02-03T11:52:20.383+0000] {dag.py:2742} INFO - Sync 1 DAGs
[2025-02-03T11:52:20.397+0000] {logging_mixin.py:150} INFO - [2025-02-03T11:52:20.397+0000] {dag.py:3504} INFO - Setting next_dagrun for example_params_trigger_ui to None, run_after=None
[2025-02-03T11:52:20.411+0000] {processor.py:179} INFO - Processing /home/vscode/.local/lib/python3.10/site-packages/airflow/example_dags/example_params_trigger_ui.py took 0.072 seconds
[2025-02-03T11:53:07.691+0000] {processor.py:157} INFO - Started process (PID=38536) to work on /home/vscode/.local/lib/python3.10/site-packages/airflow/example_dags/example_params_trigger_ui.py
[2025-02-03T11:53:07.691+0000] {processor.py:826} INFO - Processing file /home/vscode/.local/lib/python3.10/site-packages/airflow/example_dags/example_params_trigger_ui.py for tasks to queue
[2025-02-03T11:53:07.692+0000] {logging_mixin.py:150} INFO - [2025-02-03T11:53:07.692+0000] {dagbag.py:541} INFO - Filling up the DagBag from /home/vscode/.local/lib/python3.10/site-packages/airflow/example_dags/example_params_trigger_ui.py
[2025-02-03T11:53:07.703+0000] {processor.py:836} INFO - DAG(s) dict_keys(['example_params_trigger_ui']) retrieved from /home/vscode/.local/lib/python3.10/site-packages/airflow/example_dags/example_params_trigger_ui.py
[2025-02-03T11:53:07.733+0000] {logging_mixin.py:150} INFO - [2025-02-03T11:53:07.733+0000] {dag.py:2742} INFO - Sync 1 DAGs
[2025-02-03T11:53:07.747+0000] {logging_mixin.py:150} INFO - [2025-02-03T11:53:07.747+0000] {dag.py:3504} INFO - Setting next_dagrun for example_params_trigger_ui to None, run_after=None
[2025-02-03T11:53:07.761+0000] {processor.py:179} INFO - Processing /home/vscode/.local/lib/python3.10/site-packages/airflow/example_dags/example_params_trigger_ui.py took 0.072 seconds
[2025-02-03T11:53:51.040+0000] {processor.py:157} INFO - Started process (PID=38826) to work on /home/vscode/.local/lib/python3.10/site-packages/airflow/example_dags/example_params_trigger_ui.py
[2025-02-03T11:53:51.041+0000] {processor.py:826} INFO - Processing file /home/vscode/.local/lib/python3.10/site-packages/airflow/example_dags/example_params_trigger_ui.py for tasks to queue
[2025-02-03T11:53:51.041+0000] {logging_mixin.py:150} INFO - [2025-02-03T11:53:51.041+0000] {dagbag.py:541} INFO - Filling up the DagBag from /home/vscode/.local/lib/python3.10/site-packages/airflow/example_dags/example_params_trigger_ui.py
[2025-02-03T11:53:51.053+0000] {processor.py:836} INFO - DAG(s) dict_keys(['example_params_trigger_ui']) retrieved from /home/vscode/.local/lib/python3.10/site-packages/airflow/example_dags/example_params_trigger_ui.py
[2025-02-03T11:53:51.084+0000] {logging_mixin.py:150} INFO - [2025-02-03T11:53:51.084+0000] {dag.py:2742} INFO - Sync 1 DAGs
[2025-02-03T11:53:51.098+0000] {logging_mixin.py:150} INFO - [2025-02-03T11:53:51.097+0000] {dag.py:3504} INFO - Setting next_dagrun for example_params_trigger_ui to None, run_after=None
[2025-02-03T11:53:51.112+0000] {processor.py:179} INFO - Processing /home/vscode/.local/lib/python3.10/site-packages/airflow/example_dags/example_params_trigger_ui.py took 0.074 seconds
[2025-02-03T11:54:34.554+0000] {processor.py:157} INFO - Started process (PID=39119) to work on /home/vscode/.local/lib/python3.10/site-packages/airflow/example_dags/example_params_trigger_ui.py
[2025-02-03T11:54:34.554+0000] {processor.py:826} INFO - Processing file /home/vscode/.local/lib/python3.10/site-packages/airflow/example_dags/example_params_trigger_ui.py for tasks to queue
[2025-02-03T11:54:34.555+0000] {logging_mixin.py:150} INFO - [2025-02-03T11:54:34.555+0000] {dagbag.py:541} INFO - Filling up the DagBag from /home/vscode/.local/lib/python3.10/site-packages/airflow/example_dags/example_params_trigger_ui.py
[2025-02-03T11:54:34.567+0000] {processor.py:836} INFO - DAG(s) dict_keys(['example_params_trigger_ui']) retrieved from /home/vscode/.local/lib/python3.10/site-packages/airflow/example_dags/example_params_trigger_ui.py
[2025-02-03T11:54:34.597+0000] {logging_mixin.py:150} INFO - [2025-02-03T11:54:34.597+0000] {dag.py:2742} INFO - Sync 1 DAGs
[2025-02-03T11:54:34.611+0000] {logging_mixin.py:150} INFO - [2025-02-03T11:54:34.610+0000] {dag.py:3504} INFO - Setting next_dagrun for example_params_trigger_ui to None, run_after=None
[2025-02-03T11:54:34.624+0000] {processor.py:179} INFO - Processing /home/vscode/.local/lib/python3.10/site-packages/airflow/example_dags/example_params_trigger_ui.py took 0.073 seconds
[2025-02-03T11:55:17.356+0000] {processor.py:157} INFO - Started process (PID=39400) to work on /home/vscode/.local/lib/python3.10/site-packages/airflow/example_dags/example_params_trigger_ui.py
[2025-02-03T11:55:17.357+0000] {processor.py:826} INFO - Processing file /home/vscode/.local/lib/python3.10/site-packages/airflow/example_dags/example_params_trigger_ui.py for tasks to queue
[2025-02-03T11:55:17.358+0000] {logging_mixin.py:150} INFO - [2025-02-03T11:55:17.357+0000] {dagbag.py:541} INFO - Filling up the DagBag from /home/vscode/.local/lib/python3.10/site-packages/airflow/example_dags/example_params_trigger_ui.py
[2025-02-03T11:55:17.370+0000] {processor.py:836} INFO - DAG(s) dict_keys(['example_params_trigger_ui']) retrieved from /home/vscode/.local/lib/python3.10/site-packages/airflow/example_dags/example_params_trigger_ui.py
[2025-02-03T11:55:17.400+0000] {logging_mixin.py:150} INFO - [2025-02-03T11:55:17.400+0000] {dag.py:2742} INFO - Sync 1 DAGs
[2025-02-03T11:55:17.420+0000] {logging_mixin.py:150} INFO - [2025-02-03T11:55:17.420+0000] {dag.py:3504} INFO - Setting next_dagrun for example_params_trigger_ui to None, run_after=None
[2025-02-03T11:55:17.446+0000] {processor.py:179} INFO - Processing /home/vscode/.local/lib/python3.10/site-packages/airflow/example_dags/example_params_trigger_ui.py took 0.092 seconds
[2025-02-03T11:56:01.322+0000] {processor.py:157} INFO - Started process (PID=39700) to work on /home/vscode/.local/lib/python3.10/site-packages/airflow/example_dags/example_params_trigger_ui.py
[2025-02-03T11:56:01.323+0000] {processor.py:826} INFO - Processing file /home/vscode/.local/lib/python3.10/site-packages/airflow/example_dags/example_params_trigger_ui.py for tasks to queue
[2025-02-03T11:56:01.324+0000] {logging_mixin.py:150} INFO - [2025-02-03T11:56:01.323+0000] {dagbag.py:541} INFO - Filling up the DagBag from /home/vscode/.local/lib/python3.10/site-packages/airflow/example_dags/example_params_trigger_ui.py
[2025-02-03T11:56:01.335+0000] {processor.py:836} INFO - DAG(s) dict_keys(['example_params_trigger_ui']) retrieved from /home/vscode/.local/lib/python3.10/site-packages/airflow/example_dags/example_params_trigger_ui.py
[2025-02-03T11:56:01.365+0000] {logging_mixin.py:150} INFO - [2025-02-03T11:56:01.365+0000] {dag.py:2742} INFO - Sync 1 DAGs
[2025-02-03T11:56:01.379+0000] {logging_mixin.py:150} INFO - [2025-02-03T11:56:01.378+0000] {dag.py:3504} INFO - Setting next_dagrun for example_params_trigger_ui to None, run_after=None
[2025-02-03T11:56:01.392+0000] {processor.py:179} INFO - Processing /home/vscode/.local/lib/python3.10/site-packages/airflow/example_dags/example_params_trigger_ui.py took 0.072 seconds
[2025-02-03T11:56:41.287+0000] {processor.py:157} INFO - Started process (PID=39970) to work on /home/vscode/.local/lib/python3.10/site-packages/airflow/example_dags/example_params_trigger_ui.py
[2025-02-03T11:56:41.288+0000] {processor.py:826} INFO - Processing file /home/vscode/.local/lib/python3.10/site-packages/airflow/example_dags/example_params_trigger_ui.py for tasks to queue
[2025-02-03T11:56:41.288+0000] {logging_mixin.py:150} INFO - [2025-02-03T11:56:41.288+0000] {dagbag.py:541} INFO - Filling up the DagBag from /home/vscode/.local/lib/python3.10/site-packages/airflow/example_dags/example_params_trigger_ui.py
[2025-02-03T11:56:41.300+0000] {processor.py:836} INFO - DAG(s) dict_keys(['example_params_trigger_ui']) retrieved from /home/vscode/.local/lib/python3.10/site-packages/airflow/example_dags/example_params_trigger_ui.py
[2025-02-03T11:56:41.330+0000] {logging_mixin.py:150} INFO - [2025-02-03T11:56:41.330+0000] {dag.py:2742} INFO - Sync 1 DAGs
[2025-02-03T11:56:41.343+0000] {logging_mixin.py:150} INFO - [2025-02-03T11:56:41.343+0000] {dag.py:3504} INFO - Setting next_dagrun for example_params_trigger_ui to None, run_after=None
[2025-02-03T11:56:41.357+0000] {processor.py:179} INFO - Processing /home/vscode/.local/lib/python3.10/site-packages/airflow/example_dags/example_params_trigger_ui.py took 0.073 seconds
[2025-02-03T11:57:26.670+0000] {processor.py:157} INFO - Started process (PID=40267) to work on /home/vscode/.local/lib/python3.10/site-packages/airflow/example_dags/example_params_trigger_ui.py
[2025-02-03T11:57:26.671+0000] {processor.py:826} INFO - Processing file /home/vscode/.local/lib/python3.10/site-packages/airflow/example_dags/example_params_trigger_ui.py for tasks to queue
[2025-02-03T11:57:26.672+0000] {logging_mixin.py:150} INFO - [2025-02-03T11:57:26.671+0000] {dagbag.py:541} INFO - Filling up the DagBag from /home/vscode/.local/lib/python3.10/site-packages/airflow/example_dags/example_params_trigger_ui.py
[2025-02-03T11:57:26.683+0000] {processor.py:836} INFO - DAG(s) dict_keys(['example_params_trigger_ui']) retrieved from /home/vscode/.local/lib/python3.10/site-packages/airflow/example_dags/example_params_trigger_ui.py
[2025-02-03T11:57:26.713+0000] {logging_mixin.py:150} INFO - [2025-02-03T11:57:26.713+0000] {dag.py:2742} INFO - Sync 1 DAGs
[2025-02-03T11:57:26.727+0000] {logging_mixin.py:150} INFO - [2025-02-03T11:57:26.727+0000] {dag.py:3504} INFO - Setting next_dagrun for example_params_trigger_ui to None, run_after=None
[2025-02-03T11:57:26.740+0000] {processor.py:179} INFO - Processing /home/vscode/.local/lib/python3.10/site-packages/airflow/example_dags/example_params_trigger_ui.py took 0.072 seconds
[2025-02-03T11:58:14.626+0000] {processor.py:157} INFO - Started process (PID=40592) to work on /home/vscode/.local/lib/python3.10/site-packages/airflow/example_dags/example_params_trigger_ui.py
[2025-02-03T11:58:14.627+0000] {processor.py:826} INFO - Processing file /home/vscode/.local/lib/python3.10/site-packages/airflow/example_dags/example_params_trigger_ui.py for tasks to queue
[2025-02-03T11:58:14.627+0000] {logging_mixin.py:150} INFO - [2025-02-03T11:58:14.627+0000] {dagbag.py:541} INFO - Filling up the DagBag from /home/vscode/.local/lib/python3.10/site-packages/airflow/example_dags/example_params_trigger_ui.py
[2025-02-03T11:58:14.639+0000] {processor.py:836} INFO - DAG(s) dict_keys(['example_params_trigger_ui']) retrieved from /home/vscode/.local/lib/python3.10/site-packages/airflow/example_dags/example_params_trigger_ui.py
[2025-02-03T11:58:14.669+0000] {logging_mixin.py:150} INFO - [2025-02-03T11:58:14.669+0000] {dag.py:2742} INFO - Sync 1 DAGs
[2025-02-03T11:58:14.683+0000] {logging_mixin.py:150} INFO - [2025-02-03T11:58:14.683+0000] {dag.py:3504} INFO - Setting next_dagrun for example_params_trigger_ui to None, run_after=None
[2025-02-03T11:58:14.697+0000] {processor.py:179} INFO - Processing /home/vscode/.local/lib/python3.10/site-packages/airflow/example_dags/example_params_trigger_ui.py took 0.073 seconds
[2025-02-03T11:58:57.852+0000] {processor.py:157} INFO - Started process (PID=40881) to work on /home/vscode/.local/lib/python3.10/site-packages/airflow/example_dags/example_params_trigger_ui.py
[2025-02-03T11:58:57.852+0000] {processor.py:826} INFO - Processing file /home/vscode/.local/lib/python3.10/site-packages/airflow/example_dags/example_params_trigger_ui.py for tasks to queue
[2025-02-03T11:58:57.853+0000] {logging_mixin.py:150} INFO - [2025-02-03T11:58:57.853+0000] {dagbag.py:541} INFO - Filling up the DagBag from /home/vscode/.local/lib/python3.10/site-packages/airflow/example_dags/example_params_trigger_ui.py
[2025-02-03T11:58:57.864+0000] {processor.py:836} INFO - DAG(s) dict_keys(['example_params_trigger_ui']) retrieved from /home/vscode/.local/lib/python3.10/site-packages/airflow/example_dags/example_params_trigger_ui.py
[2025-02-03T11:58:57.894+0000] {logging_mixin.py:150} INFO - [2025-02-03T11:58:57.894+0000] {dag.py:2742} INFO - Sync 1 DAGs
[2025-02-03T11:58:57.907+0000] {logging_mixin.py:150} INFO - [2025-02-03T11:58:57.907+0000] {dag.py:3504} INFO - Setting next_dagrun for example_params_trigger_ui to None, run_after=None
[2025-02-03T11:58:57.921+0000] {processor.py:179} INFO - Processing /home/vscode/.local/lib/python3.10/site-packages/airflow/example_dags/example_params_trigger_ui.py took 0.071 seconds
[2025-02-03T11:59:40.653+0000] {processor.py:157} INFO - Started process (PID=41173) to work on /home/vscode/.local/lib/python3.10/site-packages/airflow/example_dags/example_params_trigger_ui.py
[2025-02-03T11:59:40.653+0000] {processor.py:826} INFO - Processing file /home/vscode/.local/lib/python3.10/site-packages/airflow/example_dags/example_params_trigger_ui.py for tasks to queue
[2025-02-03T11:59:40.654+0000] {logging_mixin.py:150} INFO - [2025-02-03T11:59:40.654+0000] {dagbag.py:541} INFO - Filling up the DagBag from /home/vscode/.local/lib/python3.10/site-packages/airflow/example_dags/example_params_trigger_ui.py
[2025-02-03T11:59:40.666+0000] {processor.py:836} INFO - DAG(s) dict_keys(['example_params_trigger_ui']) retrieved from /home/vscode/.local/lib/python3.10/site-packages/airflow/example_dags/example_params_trigger_ui.py
[2025-02-03T11:59:40.696+0000] {logging_mixin.py:150} INFO - [2025-02-03T11:59:40.696+0000] {dag.py:2742} INFO - Sync 1 DAGs
[2025-02-03T11:59:40.710+0000] {logging_mixin.py:150} INFO - [2025-02-03T11:59:40.710+0000] {dag.py:3504} INFO - Setting next_dagrun for example_params_trigger_ui to None, run_after=None
[2025-02-03T11:59:40.726+0000] {processor.py:179} INFO - Processing /home/vscode/.local/lib/python3.10/site-packages/airflow/example_dags/example_params_trigger_ui.py took 0.075 seconds
[2025-02-03T12:00:22.951+0000] {processor.py:157} INFO - Started process (PID=41460) to work on /home/vscode/.local/lib/python3.10/site-packages/airflow/example_dags/example_params_trigger_ui.py
[2025-02-03T12:00:22.952+0000] {processor.py:826} INFO - Processing file /home/vscode/.local/lib/python3.10/site-packages/airflow/example_dags/example_params_trigger_ui.py for tasks to queue
[2025-02-03T12:00:22.952+0000] {logging_mixin.py:150} INFO - [2025-02-03T12:00:22.952+0000] {dagbag.py:541} INFO - Filling up the DagBag from /home/vscode/.local/lib/python3.10/site-packages/airflow/example_dags/example_params_trigger_ui.py
[2025-02-03T12:00:22.964+0000] {processor.py:836} INFO - DAG(s) dict_keys(['example_params_trigger_ui']) retrieved from /home/vscode/.local/lib/python3.10/site-packages/airflow/example_dags/example_params_trigger_ui.py
[2025-02-03T12:00:22.995+0000] {logging_mixin.py:150} INFO - [2025-02-03T12:00:22.995+0000] {dag.py:2742} INFO - Sync 1 DAGs
[2025-02-03T12:00:23.009+0000] {logging_mixin.py:150} INFO - [2025-02-03T12:00:23.009+0000] {dag.py:3504} INFO - Setting next_dagrun for example_params_trigger_ui to None, run_after=None
[2025-02-03T12:00:23.024+0000] {processor.py:179} INFO - Processing /home/vscode/.local/lib/python3.10/site-packages/airflow/example_dags/example_params_trigger_ui.py took 0.075 seconds
[2025-02-03T12:01:10.705+0000] {processor.py:157} INFO - Started process (PID=41780) to work on /home/vscode/.local/lib/python3.10/site-packages/airflow/example_dags/example_params_trigger_ui.py
[2025-02-03T12:01:10.706+0000] {processor.py:826} INFO - Processing file /home/vscode/.local/lib/python3.10/site-packages/airflow/example_dags/example_params_trigger_ui.py for tasks to queue
[2025-02-03T12:01:10.706+0000] {logging_mixin.py:150} INFO - [2025-02-03T12:01:10.706+0000] {dagbag.py:541} INFO - Filling up the DagBag from /home/vscode/.local/lib/python3.10/site-packages/airflow/example_dags/example_params_trigger_ui.py
[2025-02-03T12:01:10.719+0000] {processor.py:836} INFO - DAG(s) dict_keys(['example_params_trigger_ui']) retrieved from /home/vscode/.local/lib/python3.10/site-packages/airflow/example_dags/example_params_trigger_ui.py
[2025-02-03T12:01:10.750+0000] {logging_mixin.py:150} INFO - [2025-02-03T12:01:10.749+0000] {dag.py:2742} INFO - Sync 1 DAGs
[2025-02-03T12:01:10.764+0000] {logging_mixin.py:150} INFO - [2025-02-03T12:01:10.764+0000] {dag.py:3504} INFO - Setting next_dagrun for example_params_trigger_ui to None, run_after=None
[2025-02-03T12:01:10.778+0000] {processor.py:179} INFO - Processing /home/vscode/.local/lib/python3.10/site-packages/airflow/example_dags/example_params_trigger_ui.py took 0.075 seconds
[2025-02-03T12:01:53.413+0000] {processor.py:157} INFO - Started process (PID=42059) to work on /home/vscode/.local/lib/python3.10/site-packages/airflow/example_dags/example_params_trigger_ui.py
[2025-02-03T12:01:53.413+0000] {processor.py:826} INFO - Processing file /home/vscode/.local/lib/python3.10/site-packages/airflow/example_dags/example_params_trigger_ui.py for tasks to queue
[2025-02-03T12:01:53.414+0000] {logging_mixin.py:150} INFO - [2025-02-03T12:01:53.414+0000] {dagbag.py:541} INFO - Filling up the DagBag from /home/vscode/.local/lib/python3.10/site-packages/airflow/example_dags/example_params_trigger_ui.py
[2025-02-03T12:01:53.426+0000] {processor.py:836} INFO - DAG(s) dict_keys(['example_params_trigger_ui']) retrieved from /home/vscode/.local/lib/python3.10/site-packages/airflow/example_dags/example_params_trigger_ui.py
[2025-02-03T12:01:53.457+0000] {logging_mixin.py:150} INFO - [2025-02-03T12:01:53.456+0000] {dag.py:2742} INFO - Sync 1 DAGs
[2025-02-03T12:01:53.470+0000] {logging_mixin.py:150} INFO - [2025-02-03T12:01:53.470+0000] {dag.py:3504} INFO - Setting next_dagrun for example_params_trigger_ui to None, run_after=None
[2025-02-03T12:01:53.485+0000] {processor.py:179} INFO - Processing /home/vscode/.local/lib/python3.10/site-packages/airflow/example_dags/example_params_trigger_ui.py took 0.074 seconds
[2025-02-03T12:02:36.545+0000] {processor.py:157} INFO - Started process (PID=42347) to work on /home/vscode/.local/lib/python3.10/site-packages/airflow/example_dags/example_params_trigger_ui.py
[2025-02-03T12:02:36.546+0000] {processor.py:826} INFO - Processing file /home/vscode/.local/lib/python3.10/site-packages/airflow/example_dags/example_params_trigger_ui.py for tasks to queue
[2025-02-03T12:02:36.547+0000] {logging_mixin.py:150} INFO - [2025-02-03T12:02:36.546+0000] {dagbag.py:541} INFO - Filling up the DagBag from /home/vscode/.local/lib/python3.10/site-packages/airflow/example_dags/example_params_trigger_ui.py
[2025-02-03T12:02:36.562+0000] {processor.py:836} INFO - DAG(s) dict_keys(['example_params_trigger_ui']) retrieved from /home/vscode/.local/lib/python3.10/site-packages/airflow/example_dags/example_params_trigger_ui.py
[2025-02-03T12:02:36.594+0000] {logging_mixin.py:150} INFO - [2025-02-03T12:02:36.594+0000] {dag.py:2742} INFO - Sync 1 DAGs
[2025-02-03T12:02:36.609+0000] {logging_mixin.py:150} INFO - [2025-02-03T12:02:36.608+0000] {dag.py:3504} INFO - Setting next_dagrun for example_params_trigger_ui to None, run_after=None
[2025-02-03T12:02:36.623+0000] {processor.py:179} INFO - Processing /home/vscode/.local/lib/python3.10/site-packages/airflow/example_dags/example_params_trigger_ui.py took 0.079 seconds
[2025-02-03T12:03:19.791+0000] {processor.py:157} INFO - Started process (PID=42635) to work on /home/vscode/.local/lib/python3.10/site-packages/airflow/example_dags/example_params_trigger_ui.py
[2025-02-03T12:03:19.791+0000] {processor.py:826} INFO - Processing file /home/vscode/.local/lib/python3.10/site-packages/airflow/example_dags/example_params_trigger_ui.py for tasks to queue
[2025-02-03T12:03:19.792+0000] {logging_mixin.py:150} INFO - [2025-02-03T12:03:19.792+0000] {dagbag.py:541} INFO - Filling up the DagBag from /home/vscode/.local/lib/python3.10/site-packages/airflow/example_dags/example_params_trigger_ui.py
[2025-02-03T12:03:19.804+0000] {processor.py:836} INFO - DAG(s) dict_keys(['example_params_trigger_ui']) retrieved from /home/vscode/.local/lib/python3.10/site-packages/airflow/example_dags/example_params_trigger_ui.py
[2025-02-03T12:03:19.834+0000] {logging_mixin.py:150} INFO - [2025-02-03T12:03:19.834+0000] {dag.py:2742} INFO - Sync 1 DAGs
[2025-02-03T12:03:19.848+0000] {logging_mixin.py:150} INFO - [2025-02-03T12:03:19.847+0000] {dag.py:3504} INFO - Setting next_dagrun for example_params_trigger_ui to None, run_after=None
[2025-02-03T12:03:19.863+0000] {processor.py:179} INFO - Processing /home/vscode/.local/lib/python3.10/site-packages/airflow/example_dags/example_params_trigger_ui.py took 0.074 seconds
[2025-02-03T12:04:02.630+0000] {processor.py:157} INFO - Started process (PID=42928) to work on /home/vscode/.local/lib/python3.10/site-packages/airflow/example_dags/example_params_trigger_ui.py
[2025-02-03T12:04:02.630+0000] {processor.py:826} INFO - Processing file /home/vscode/.local/lib/python3.10/site-packages/airflow/example_dags/example_params_trigger_ui.py for tasks to queue
[2025-02-03T12:04:02.631+0000] {logging_mixin.py:150} INFO - [2025-02-03T12:04:02.630+0000] {dagbag.py:541} INFO - Filling up the DagBag from /home/vscode/.local/lib/python3.10/site-packages/airflow/example_dags/example_params_trigger_ui.py
[2025-02-03T12:04:02.642+0000] {processor.py:836} INFO - DAG(s) dict_keys(['example_params_trigger_ui']) retrieved from /home/vscode/.local/lib/python3.10/site-packages/airflow/example_dags/example_params_trigger_ui.py
[2025-02-03T12:04:02.680+0000] {logging_mixin.py:150} INFO - [2025-02-03T12:04:02.679+0000] {dag.py:2742} INFO - Sync 1 DAGs
[2025-02-03T12:04:02.696+0000] {logging_mixin.py:150} INFO - [2025-02-03T12:04:02.696+0000] {dag.py:3504} INFO - Setting next_dagrun for example_params_trigger_ui to None, run_after=None
[2025-02-03T12:04:02.710+0000] {processor.py:179} INFO - Processing /home/vscode/.local/lib/python3.10/site-packages/airflow/example_dags/example_params_trigger_ui.py took 0.082 seconds
[2025-02-03T12:04:45.927+0000] {processor.py:157} INFO - Started process (PID=43223) to work on /home/vscode/.local/lib/python3.10/site-packages/airflow/example_dags/example_params_trigger_ui.py
[2025-02-03T12:04:45.927+0000] {processor.py:826} INFO - Processing file /home/vscode/.local/lib/python3.10/site-packages/airflow/example_dags/example_params_trigger_ui.py for tasks to queue
[2025-02-03T12:04:45.928+0000] {logging_mixin.py:150} INFO - [2025-02-03T12:04:45.928+0000] {dagbag.py:541} INFO - Filling up the DagBag from /home/vscode/.local/lib/python3.10/site-packages/airflow/example_dags/example_params_trigger_ui.py
[2025-02-03T12:04:45.940+0000] {processor.py:836} INFO - DAG(s) dict_keys(['example_params_trigger_ui']) retrieved from /home/vscode/.local/lib/python3.10/site-packages/airflow/example_dags/example_params_trigger_ui.py
[2025-02-03T12:04:45.970+0000] {logging_mixin.py:150} INFO - [2025-02-03T12:04:45.969+0000] {dag.py:2742} INFO - Sync 1 DAGs
[2025-02-03T12:04:45.984+0000] {logging_mixin.py:150} INFO - [2025-02-03T12:04:45.984+0000] {dag.py:3504} INFO - Setting next_dagrun for example_params_trigger_ui to None, run_after=None
[2025-02-03T12:04:45.998+0000] {processor.py:179} INFO - Processing /home/vscode/.local/lib/python3.10/site-packages/airflow/example_dags/example_params_trigger_ui.py took 0.073 seconds
[2025-02-03T12:05:29.870+0000] {processor.py:157} INFO - Started process (PID=43509) to work on /home/vscode/.local/lib/python3.10/site-packages/airflow/example_dags/example_params_trigger_ui.py
[2025-02-03T12:05:29.871+0000] {processor.py:826} INFO - Processing file /home/vscode/.local/lib/python3.10/site-packages/airflow/example_dags/example_params_trigger_ui.py for tasks to queue
[2025-02-03T12:05:29.872+0000] {logging_mixin.py:150} INFO - [2025-02-03T12:05:29.871+0000] {dagbag.py:541} INFO - Filling up the DagBag from /home/vscode/.local/lib/python3.10/site-packages/airflow/example_dags/example_params_trigger_ui.py
[2025-02-03T12:05:29.884+0000] {processor.py:836} INFO - DAG(s) dict_keys(['example_params_trigger_ui']) retrieved from /home/vscode/.local/lib/python3.10/site-packages/airflow/example_dags/example_params_trigger_ui.py
[2025-02-03T12:05:29.913+0000] {logging_mixin.py:150} INFO - [2025-02-03T12:05:29.913+0000] {dag.py:2742} INFO - Sync 1 DAGs
[2025-02-03T12:05:29.927+0000] {logging_mixin.py:150} INFO - [2025-02-03T12:05:29.927+0000] {dag.py:3504} INFO - Setting next_dagrun for example_params_trigger_ui to None, run_after=None
[2025-02-03T12:05:29.940+0000] {processor.py:179} INFO - Processing /home/vscode/.local/lib/python3.10/site-packages/airflow/example_dags/example_params_trigger_ui.py took 0.072 seconds
[2025-02-03T12:06:17.228+0000] {processor.py:157} INFO - Started process (PID=43838) to work on /home/vscode/.local/lib/python3.10/site-packages/airflow/example_dags/example_params_trigger_ui.py
[2025-02-03T12:06:17.229+0000] {processor.py:826} INFO - Processing file /home/vscode/.local/lib/python3.10/site-packages/airflow/example_dags/example_params_trigger_ui.py for tasks to queue
[2025-02-03T12:06:17.229+0000] {logging_mixin.py:150} INFO - [2025-02-03T12:06:17.229+0000] {dagbag.py:541} INFO - Filling up the DagBag from /home/vscode/.local/lib/python3.10/site-packages/airflow/example_dags/example_params_trigger_ui.py
[2025-02-03T12:06:17.241+0000] {processor.py:836} INFO - DAG(s) dict_keys(['example_params_trigger_ui']) retrieved from /home/vscode/.local/lib/python3.10/site-packages/airflow/example_dags/example_params_trigger_ui.py
[2025-02-03T12:06:17.272+0000] {logging_mixin.py:150} INFO - [2025-02-03T12:06:17.271+0000] {dag.py:2742} INFO - Sync 1 DAGs
[2025-02-03T12:06:17.286+0000] {logging_mixin.py:150} INFO - [2025-02-03T12:06:17.285+0000] {dag.py:3504} INFO - Setting next_dagrun for example_params_trigger_ui to None, run_after=None
[2025-02-03T12:06:17.300+0000] {processor.py:179} INFO - Processing /home/vscode/.local/lib/python3.10/site-packages/airflow/example_dags/example_params_trigger_ui.py took 0.074 seconds
[2025-02-03T12:07:04.314+0000] {processor.py:157} INFO - Started process (PID=44157) to work on /home/vscode/.local/lib/python3.10/site-packages/airflow/example_dags/example_params_trigger_ui.py
[2025-02-03T12:07:04.315+0000] {processor.py:826} INFO - Processing file /home/vscode/.local/lib/python3.10/site-packages/airflow/example_dags/example_params_trigger_ui.py for tasks to queue
[2025-02-03T12:07:04.315+0000] {logging_mixin.py:150} INFO - [2025-02-03T12:07:04.315+0000] {dagbag.py:541} INFO - Filling up the DagBag from /home/vscode/.local/lib/python3.10/site-packages/airflow/example_dags/example_params_trigger_ui.py
[2025-02-03T12:07:04.328+0000] {processor.py:836} INFO - DAG(s) dict_keys(['example_params_trigger_ui']) retrieved from /home/vscode/.local/lib/python3.10/site-packages/airflow/example_dags/example_params_trigger_ui.py
[2025-02-03T12:07:04.358+0000] {logging_mixin.py:150} INFO - [2025-02-03T12:07:04.358+0000] {dag.py:2742} INFO - Sync 1 DAGs
[2025-02-03T12:07:04.372+0000] {logging_mixin.py:150} INFO - [2025-02-03T12:07:04.372+0000] {dag.py:3504} INFO - Setting next_dagrun for example_params_trigger_ui to None, run_after=None
[2025-02-03T12:07:04.387+0000] {processor.py:179} INFO - Processing /home/vscode/.local/lib/python3.10/site-packages/airflow/example_dags/example_params_trigger_ui.py took 0.074 seconds
[2025-02-03T12:07:47.879+0000] {processor.py:157} INFO - Started process (PID=45013) to work on /home/vscode/.local/lib/python3.10/site-packages/airflow/example_dags/example_params_trigger_ui.py
[2025-02-03T12:07:47.880+0000] {processor.py:826} INFO - Processing file /home/vscode/.local/lib/python3.10/site-packages/airflow/example_dags/example_params_trigger_ui.py for tasks to queue
[2025-02-03T12:07:47.881+0000] {logging_mixin.py:150} INFO - [2025-02-03T12:07:47.880+0000] {dagbag.py:541} INFO - Filling up the DagBag from /home/vscode/.local/lib/python3.10/site-packages/airflow/example_dags/example_params_trigger_ui.py
[2025-02-03T12:07:47.892+0000] {processor.py:836} INFO - DAG(s) dict_keys(['example_params_trigger_ui']) retrieved from /home/vscode/.local/lib/python3.10/site-packages/airflow/example_dags/example_params_trigger_ui.py
[2025-02-03T12:07:47.922+0000] {logging_mixin.py:150} INFO - [2025-02-03T12:07:47.922+0000] {dag.py:2742} INFO - Sync 1 DAGs
[2025-02-03T12:07:47.936+0000] {logging_mixin.py:150} INFO - [2025-02-03T12:07:47.935+0000] {dag.py:3504} INFO - Setting next_dagrun for example_params_trigger_ui to None, run_after=None
[2025-02-03T12:07:47.949+0000] {processor.py:179} INFO - Processing /home/vscode/.local/lib/python3.10/site-packages/airflow/example_dags/example_params_trigger_ui.py took 0.072 seconds
[2025-02-03T12:08:35.020+0000] {processor.py:157} INFO - Started process (PID=46429) to work on /home/vscode/.local/lib/python3.10/site-packages/airflow/example_dags/example_params_trigger_ui.py
[2025-02-03T12:08:35.021+0000] {processor.py:826} INFO - Processing file /home/vscode/.local/lib/python3.10/site-packages/airflow/example_dags/example_params_trigger_ui.py for tasks to queue
[2025-02-03T12:08:35.021+0000] {logging_mixin.py:150} INFO - [2025-02-03T12:08:35.021+0000] {dagbag.py:541} INFO - Filling up the DagBag from /home/vscode/.local/lib/python3.10/site-packages/airflow/example_dags/example_params_trigger_ui.py
[2025-02-03T12:08:35.033+0000] {processor.py:836} INFO - DAG(s) dict_keys(['example_params_trigger_ui']) retrieved from /home/vscode/.local/lib/python3.10/site-packages/airflow/example_dags/example_params_trigger_ui.py
[2025-02-03T12:08:35.063+0000] {logging_mixin.py:150} INFO - [2025-02-03T12:08:35.063+0000] {dag.py:2742} INFO - Sync 1 DAGs
[2025-02-03T12:08:35.078+0000] {logging_mixin.py:150} INFO - [2025-02-03T12:08:35.077+0000] {dag.py:3504} INFO - Setting next_dagrun for example_params_trigger_ui to None, run_after=None
[2025-02-03T12:08:35.091+0000] {processor.py:179} INFO - Processing /home/vscode/.local/lib/python3.10/site-packages/airflow/example_dags/example_params_trigger_ui.py took 0.074 seconds
[2025-02-03T12:09:18.050+0000] {processor.py:157} INFO - Started process (PID=46807) to work on /home/vscode/.local/lib/python3.10/site-packages/airflow/example_dags/example_params_trigger_ui.py
[2025-02-03T12:09:18.051+0000] {processor.py:826} INFO - Processing file /home/vscode/.local/lib/python3.10/site-packages/airflow/example_dags/example_params_trigger_ui.py for tasks to queue
[2025-02-03T12:09:18.051+0000] {logging_mixin.py:150} INFO - [2025-02-03T12:09:18.051+0000] {dagbag.py:541} INFO - Filling up the DagBag from /home/vscode/.local/lib/python3.10/site-packages/airflow/example_dags/example_params_trigger_ui.py
[2025-02-03T12:09:18.063+0000] {processor.py:836} INFO - DAG(s) dict_keys(['example_params_trigger_ui']) retrieved from /home/vscode/.local/lib/python3.10/site-packages/airflow/example_dags/example_params_trigger_ui.py
[2025-02-03T12:09:18.092+0000] {logging_mixin.py:150} INFO - [2025-02-03T12:09:18.092+0000] {dag.py:2742} INFO - Sync 1 DAGs
[2025-02-03T12:09:18.106+0000] {logging_mixin.py:150} INFO - [2025-02-03T12:09:18.106+0000] {dag.py:3504} INFO - Setting next_dagrun for example_params_trigger_ui to None, run_after=None
[2025-02-03T12:09:18.120+0000] {processor.py:179} INFO - Processing /home/vscode/.local/lib/python3.10/site-packages/airflow/example_dags/example_params_trigger_ui.py took 0.072 seconds
