[2025-02-03T11:50:37.155+0000] {processor.py:157} INFO - Started process (PID=37528) to work on /home/vscode/.local/lib/python3.10/site-packages/airflow/example_dags/example_dynamic_task_mapping.py
[2025-02-03T11:50:37.155+0000] {processor.py:826} INFO - Processing file /home/vscode/.local/lib/python3.10/site-packages/airflow/example_dags/example_dynamic_task_mapping.py for tasks to queue
[2025-02-03T11:50:37.156+0000] {logging_mixin.py:150} INFO - [2025-02-03T11:50:37.156+0000] {dagbag.py:541} INFO - Filling up the DagBag from /home/vscode/.local/lib/python3.10/site-packages/airflow/example_dags/example_dynamic_task_mapping.py
[2025-02-03T11:50:37.161+0000] {processor.py:836} INFO - DAG(s) dict_keys(['example_dynamic_task_mapping']) retrieved from /home/vscode/.local/lib/python3.10/site-packages/airflow/example_dags/example_dynamic_task_mapping.py
[2025-02-03T11:50:37.304+0000] {logging_mixin.py:150} INFO - [2025-02-03T11:50:37.303+0000] {manager.py:504} INFO - Created Permission View: can read on DAG:example_dynamic_task_mapping
[2025-02-03T11:50:37.312+0000] {logging_mixin.py:150} INFO - [2025-02-03T11:50:37.311+0000] {manager.py:504} INFO - Created Permission View: can delete on DAG:example_dynamic_task_mapping
[2025-02-03T11:50:37.317+0000] {logging_mixin.py:150} INFO - [2025-02-03T11:50:37.317+0000] {manager.py:504} INFO - Created Permission View: can edit on DAG:example_dynamic_task_mapping
[2025-02-03T11:50:37.324+0000] {logging_mixin.py:150} INFO - [2025-02-03T11:50:37.324+0000] {dag.py:2742} INFO - Sync 1 DAGs
[2025-02-03T11:50:37.330+0000] {logging_mixin.py:150} INFO - [2025-02-03T11:50:37.330+0000] {dag.py:2763} INFO - Creating ORM DAG for example_dynamic_task_mapping
[2025-02-03T11:50:37.336+0000] {logging_mixin.py:150} INFO - [2025-02-03T11:50:37.336+0000] {dag.py:3504} INFO - Setting next_dagrun for example_dynamic_task_mapping to 2022-03-04T00:00:00+00:00, run_after=2022-03-05T00:00:00+00:00
[2025-02-03T11:50:37.348+0000] {processor.py:179} INFO - Processing /home/vscode/.local/lib/python3.10/site-packages/airflow/example_dags/example_dynamic_task_mapping.py took 0.195 seconds
[2025-02-03T11:51:25.109+0000] {processor.py:157} INFO - Started process (PID=37838) to work on /home/vscode/.local/lib/python3.10/site-packages/airflow/example_dags/example_dynamic_task_mapping.py
[2025-02-03T11:51:25.109+0000] {processor.py:826} INFO - Processing file /home/vscode/.local/lib/python3.10/site-packages/airflow/example_dags/example_dynamic_task_mapping.py for tasks to queue
[2025-02-03T11:51:25.110+0000] {logging_mixin.py:150} INFO - [2025-02-03T11:51:25.109+0000] {dagbag.py:541} INFO - Filling up the DagBag from /home/vscode/.local/lib/python3.10/site-packages/airflow/example_dags/example_dynamic_task_mapping.py
[2025-02-03T11:51:25.115+0000] {processor.py:836} INFO - DAG(s) dict_keys(['example_dynamic_task_mapping']) retrieved from /home/vscode/.local/lib/python3.10/site-packages/airflow/example_dags/example_dynamic_task_mapping.py
[2025-02-03T11:51:25.125+0000] {logging_mixin.py:150} INFO - [2025-02-03T11:51:25.125+0000] {dag.py:2742} INFO - Sync 1 DAGs
[2025-02-03T11:51:25.138+0000] {logging_mixin.py:150} INFO - [2025-02-03T11:51:25.138+0000] {dag.py:3504} INFO - Setting next_dagrun for example_dynamic_task_mapping to 2022-03-04T00:00:00+00:00, run_after=2022-03-05T00:00:00+00:00
[2025-02-03T11:51:25.152+0000] {processor.py:179} INFO - Processing /home/vscode/.local/lib/python3.10/site-packages/airflow/example_dags/example_dynamic_task_mapping.py took 0.046 seconds
[2025-02-03T11:52:11.488+0000] {processor.py:157} INFO - Started process (PID=38148) to work on /home/vscode/.local/lib/python3.10/site-packages/airflow/example_dags/example_dynamic_task_mapping.py
[2025-02-03T11:52:11.488+0000] {processor.py:826} INFO - Processing file /home/vscode/.local/lib/python3.10/site-packages/airflow/example_dags/example_dynamic_task_mapping.py for tasks to queue
[2025-02-03T11:52:11.489+0000] {logging_mixin.py:150} INFO - [2025-02-03T11:52:11.489+0000] {dagbag.py:541} INFO - Filling up the DagBag from /home/vscode/.local/lib/python3.10/site-packages/airflow/example_dags/example_dynamic_task_mapping.py
[2025-02-03T11:52:11.494+0000] {processor.py:836} INFO - DAG(s) dict_keys(['example_dynamic_task_mapping']) retrieved from /home/vscode/.local/lib/python3.10/site-packages/airflow/example_dags/example_dynamic_task_mapping.py
[2025-02-03T11:52:11.505+0000] {logging_mixin.py:150} INFO - [2025-02-03T11:52:11.504+0000] {dag.py:2742} INFO - Sync 1 DAGs
[2025-02-03T11:52:11.520+0000] {logging_mixin.py:150} INFO - [2025-02-03T11:52:11.520+0000] {dag.py:3504} INFO - Setting next_dagrun for example_dynamic_task_mapping to 2022-03-04T00:00:00+00:00, run_after=2022-03-05T00:00:00+00:00
[2025-02-03T11:52:11.535+0000] {processor.py:179} INFO - Processing /home/vscode/.local/lib/python3.10/site-packages/airflow/example_dags/example_dynamic_task_mapping.py took 0.049 seconds
[2025-02-03T11:52:54.272+0000] {processor.py:157} INFO - Started process (PID=38437) to work on /home/vscode/.local/lib/python3.10/site-packages/airflow/example_dags/example_dynamic_task_mapping.py
[2025-02-03T11:52:54.272+0000] {processor.py:826} INFO - Processing file /home/vscode/.local/lib/python3.10/site-packages/airflow/example_dags/example_dynamic_task_mapping.py for tasks to queue
[2025-02-03T11:52:54.273+0000] {logging_mixin.py:150} INFO - [2025-02-03T11:52:54.272+0000] {dagbag.py:541} INFO - Filling up the DagBag from /home/vscode/.local/lib/python3.10/site-packages/airflow/example_dags/example_dynamic_task_mapping.py
[2025-02-03T11:52:54.278+0000] {processor.py:836} INFO - DAG(s) dict_keys(['example_dynamic_task_mapping']) retrieved from /home/vscode/.local/lib/python3.10/site-packages/airflow/example_dags/example_dynamic_task_mapping.py
[2025-02-03T11:52:54.288+0000] {logging_mixin.py:150} INFO - [2025-02-03T11:52:54.288+0000] {dag.py:2742} INFO - Sync 1 DAGs
[2025-02-03T11:52:54.301+0000] {logging_mixin.py:150} INFO - [2025-02-03T11:52:54.301+0000] {dag.py:3504} INFO - Setting next_dagrun for example_dynamic_task_mapping to 2022-03-04T00:00:00+00:00, run_after=2022-03-05T00:00:00+00:00
[2025-02-03T11:52:54.316+0000] {processor.py:179} INFO - Processing /home/vscode/.local/lib/python3.10/site-packages/airflow/example_dags/example_dynamic_task_mapping.py took 0.046 seconds
[2025-02-03T11:53:40.764+0000] {processor.py:157} INFO - Started process (PID=38755) to work on /home/vscode/.local/lib/python3.10/site-packages/airflow/example_dags/example_dynamic_task_mapping.py
[2025-02-03T11:53:40.765+0000] {processor.py:826} INFO - Processing file /home/vscode/.local/lib/python3.10/site-packages/airflow/example_dags/example_dynamic_task_mapping.py for tasks to queue
[2025-02-03T11:53:40.765+0000] {logging_mixin.py:150} INFO - [2025-02-03T11:53:40.765+0000] {dagbag.py:541} INFO - Filling up the DagBag from /home/vscode/.local/lib/python3.10/site-packages/airflow/example_dags/example_dynamic_task_mapping.py
[2025-02-03T11:53:40.770+0000] {processor.py:836} INFO - DAG(s) dict_keys(['example_dynamic_task_mapping']) retrieved from /home/vscode/.local/lib/python3.10/site-packages/airflow/example_dags/example_dynamic_task_mapping.py
[2025-02-03T11:53:40.781+0000] {logging_mixin.py:150} INFO - [2025-02-03T11:53:40.780+0000] {dag.py:2742} INFO - Sync 1 DAGs
[2025-02-03T11:53:40.794+0000] {logging_mixin.py:150} INFO - [2025-02-03T11:53:40.794+0000] {dag.py:3504} INFO - Setting next_dagrun for example_dynamic_task_mapping to 2022-03-04T00:00:00+00:00, run_after=2022-03-05T00:00:00+00:00
[2025-02-03T11:53:40.808+0000] {processor.py:179} INFO - Processing /home/vscode/.local/lib/python3.10/site-packages/airflow/example_dags/example_dynamic_task_mapping.py took 0.046 seconds
[2025-02-03T11:54:22.481+0000] {processor.py:157} INFO - Started process (PID=39034) to work on /home/vscode/.local/lib/python3.10/site-packages/airflow/example_dags/example_dynamic_task_mapping.py
[2025-02-03T11:54:22.481+0000] {processor.py:826} INFO - Processing file /home/vscode/.local/lib/python3.10/site-packages/airflow/example_dags/example_dynamic_task_mapping.py for tasks to queue
[2025-02-03T11:54:22.482+0000] {logging_mixin.py:150} INFO - [2025-02-03T11:54:22.482+0000] {dagbag.py:541} INFO - Filling up the DagBag from /home/vscode/.local/lib/python3.10/site-packages/airflow/example_dags/example_dynamic_task_mapping.py
[2025-02-03T11:54:22.487+0000] {processor.py:836} INFO - DAG(s) dict_keys(['example_dynamic_task_mapping']) retrieved from /home/vscode/.local/lib/python3.10/site-packages/airflow/example_dags/example_dynamic_task_mapping.py
[2025-02-03T11:54:22.497+0000] {logging_mixin.py:150} INFO - [2025-02-03T11:54:22.497+0000] {dag.py:2742} INFO - Sync 1 DAGs
[2025-02-03T11:54:22.511+0000] {logging_mixin.py:150} INFO - [2025-02-03T11:54:22.511+0000] {dag.py:3504} INFO - Setting next_dagrun for example_dynamic_task_mapping to 2022-03-04T00:00:00+00:00, run_after=2022-03-05T00:00:00+00:00
[2025-02-03T11:54:22.525+0000] {processor.py:179} INFO - Processing /home/vscode/.local/lib/python3.10/site-packages/airflow/example_dags/example_dynamic_task_mapping.py took 0.046 seconds
[2025-02-03T11:55:06.090+0000] {processor.py:157} INFO - Started process (PID=39322) to work on /home/vscode/.local/lib/python3.10/site-packages/airflow/example_dags/example_dynamic_task_mapping.py
[2025-02-03T11:55:06.090+0000] {processor.py:826} INFO - Processing file /home/vscode/.local/lib/python3.10/site-packages/airflow/example_dags/example_dynamic_task_mapping.py for tasks to queue
[2025-02-03T11:55:06.091+0000] {logging_mixin.py:150} INFO - [2025-02-03T11:55:06.091+0000] {dagbag.py:541} INFO - Filling up the DagBag from /home/vscode/.local/lib/python3.10/site-packages/airflow/example_dags/example_dynamic_task_mapping.py
[2025-02-03T11:55:06.096+0000] {processor.py:836} INFO - DAG(s) dict_keys(['example_dynamic_task_mapping']) retrieved from /home/vscode/.local/lib/python3.10/site-packages/airflow/example_dags/example_dynamic_task_mapping.py
[2025-02-03T11:55:06.107+0000] {logging_mixin.py:150} INFO - [2025-02-03T11:55:06.107+0000] {dag.py:2742} INFO - Sync 1 DAGs
[2025-02-03T11:55:06.121+0000] {logging_mixin.py:150} INFO - [2025-02-03T11:55:06.121+0000] {dag.py:3504} INFO - Setting next_dagrun for example_dynamic_task_mapping to 2022-03-04T00:00:00+00:00, run_after=2022-03-05T00:00:00+00:00
[2025-02-03T11:55:06.134+0000] {processor.py:179} INFO - Processing /home/vscode/.local/lib/python3.10/site-packages/airflow/example_dags/example_dynamic_task_mapping.py took 0.046 seconds
[2025-02-03T11:55:48.894+0000] {processor.py:157} INFO - Started process (PID=39614) to work on /home/vscode/.local/lib/python3.10/site-packages/airflow/example_dags/example_dynamic_task_mapping.py
[2025-02-03T11:55:48.894+0000] {processor.py:826} INFO - Processing file /home/vscode/.local/lib/python3.10/site-packages/airflow/example_dags/example_dynamic_task_mapping.py for tasks to queue
[2025-02-03T11:55:48.895+0000] {logging_mixin.py:150} INFO - [2025-02-03T11:55:48.894+0000] {dagbag.py:541} INFO - Filling up the DagBag from /home/vscode/.local/lib/python3.10/site-packages/airflow/example_dags/example_dynamic_task_mapping.py
[2025-02-03T11:55:48.900+0000] {processor.py:836} INFO - DAG(s) dict_keys(['example_dynamic_task_mapping']) retrieved from /home/vscode/.local/lib/python3.10/site-packages/airflow/example_dags/example_dynamic_task_mapping.py
[2025-02-03T11:55:48.910+0000] {logging_mixin.py:150} INFO - [2025-02-03T11:55:48.910+0000] {dag.py:2742} INFO - Sync 1 DAGs
[2025-02-03T11:55:48.924+0000] {logging_mixin.py:150} INFO - [2025-02-03T11:55:48.924+0000] {dag.py:3504} INFO - Setting next_dagrun for example_dynamic_task_mapping to 2022-03-04T00:00:00+00:00, run_after=2022-03-05T00:00:00+00:00
[2025-02-03T11:55:48.937+0000] {processor.py:179} INFO - Processing /home/vscode/.local/lib/python3.10/site-packages/airflow/example_dags/example_dynamic_task_mapping.py took 0.046 seconds
[2025-02-03T11:56:30.174+0000] {processor.py:157} INFO - Started process (PID=39893) to work on /home/vscode/.local/lib/python3.10/site-packages/airflow/example_dags/example_dynamic_task_mapping.py
[2025-02-03T11:56:30.174+0000] {processor.py:826} INFO - Processing file /home/vscode/.local/lib/python3.10/site-packages/airflow/example_dags/example_dynamic_task_mapping.py for tasks to queue
[2025-02-03T11:56:30.175+0000] {logging_mixin.py:150} INFO - [2025-02-03T11:56:30.175+0000] {dagbag.py:541} INFO - Filling up the DagBag from /home/vscode/.local/lib/python3.10/site-packages/airflow/example_dags/example_dynamic_task_mapping.py
[2025-02-03T11:56:30.180+0000] {processor.py:836} INFO - DAG(s) dict_keys(['example_dynamic_task_mapping']) retrieved from /home/vscode/.local/lib/python3.10/site-packages/airflow/example_dags/example_dynamic_task_mapping.py
[2025-02-03T11:56:30.190+0000] {logging_mixin.py:150} INFO - [2025-02-03T11:56:30.190+0000] {dag.py:2742} INFO - Sync 1 DAGs
[2025-02-03T11:56:30.204+0000] {logging_mixin.py:150} INFO - [2025-02-03T11:56:30.204+0000] {dag.py:3504} INFO - Setting next_dagrun for example_dynamic_task_mapping to 2022-03-04T00:00:00+00:00, run_after=2022-03-05T00:00:00+00:00
[2025-02-03T11:56:30.217+0000] {processor.py:179} INFO - Processing /home/vscode/.local/lib/python3.10/site-packages/airflow/example_dags/example_dynamic_task_mapping.py took 0.046 seconds
[2025-02-03T11:57:12.997+0000] {processor.py:157} INFO - Started process (PID=40179) to work on /home/vscode/.local/lib/python3.10/site-packages/airflow/example_dags/example_dynamic_task_mapping.py
[2025-02-03T11:57:12.998+0000] {processor.py:826} INFO - Processing file /home/vscode/.local/lib/python3.10/site-packages/airflow/example_dags/example_dynamic_task_mapping.py for tasks to queue
[2025-02-03T11:57:12.999+0000] {logging_mixin.py:150} INFO - [2025-02-03T11:57:12.998+0000] {dagbag.py:541} INFO - Filling up the DagBag from /home/vscode/.local/lib/python3.10/site-packages/airflow/example_dags/example_dynamic_task_mapping.py
[2025-02-03T11:57:13.004+0000] {processor.py:836} INFO - DAG(s) dict_keys(['example_dynamic_task_mapping']) retrieved from /home/vscode/.local/lib/python3.10/site-packages/airflow/example_dags/example_dynamic_task_mapping.py
[2025-02-03T11:57:13.014+0000] {logging_mixin.py:150} INFO - [2025-02-03T11:57:13.014+0000] {dag.py:2742} INFO - Sync 1 DAGs
[2025-02-03T11:57:13.031+0000] {logging_mixin.py:150} INFO - [2025-02-03T11:57:13.031+0000] {dag.py:3504} INFO - Setting next_dagrun for example_dynamic_task_mapping to 2022-03-04T00:00:00+00:00, run_after=2022-03-05T00:00:00+00:00
[2025-02-03T11:57:13.049+0000] {processor.py:179} INFO - Processing /home/vscode/.local/lib/python3.10/site-packages/airflow/example_dags/example_dynamic_task_mapping.py took 0.054 seconds
[2025-02-03T11:57:58.099+0000] {processor.py:157} INFO - Started process (PID=40478) to work on /home/vscode/.local/lib/python3.10/site-packages/airflow/example_dags/example_dynamic_task_mapping.py
[2025-02-03T11:57:58.100+0000] {processor.py:826} INFO - Processing file /home/vscode/.local/lib/python3.10/site-packages/airflow/example_dags/example_dynamic_task_mapping.py for tasks to queue
[2025-02-03T11:57:58.100+0000] {logging_mixin.py:150} INFO - [2025-02-03T11:57:58.100+0000] {dagbag.py:541} INFO - Filling up the DagBag from /home/vscode/.local/lib/python3.10/site-packages/airflow/example_dags/example_dynamic_task_mapping.py
[2025-02-03T11:57:58.106+0000] {processor.py:836} INFO - DAG(s) dict_keys(['example_dynamic_task_mapping']) retrieved from /home/vscode/.local/lib/python3.10/site-packages/airflow/example_dags/example_dynamic_task_mapping.py
[2025-02-03T11:57:58.116+0000] {logging_mixin.py:150} INFO - [2025-02-03T11:57:58.116+0000] {dag.py:2742} INFO - Sync 1 DAGs
[2025-02-03T11:57:58.131+0000] {logging_mixin.py:150} INFO - [2025-02-03T11:57:58.130+0000] {dag.py:3504} INFO - Setting next_dagrun for example_dynamic_task_mapping to 2022-03-04T00:00:00+00:00, run_after=2022-03-05T00:00:00+00:00
[2025-02-03T11:57:58.144+0000] {processor.py:179} INFO - Processing /home/vscode/.local/lib/python3.10/site-packages/airflow/example_dags/example_dynamic_task_mapping.py took 0.047 seconds
[2025-02-03T11:58:44.318+0000] {processor.py:157} INFO - Started process (PID=40792) to work on /home/vscode/.local/lib/python3.10/site-packages/airflow/example_dags/example_dynamic_task_mapping.py
[2025-02-03T11:58:44.319+0000] {processor.py:826} INFO - Processing file /home/vscode/.local/lib/python3.10/site-packages/airflow/example_dags/example_dynamic_task_mapping.py for tasks to queue
[2025-02-03T11:58:44.319+0000] {logging_mixin.py:150} INFO - [2025-02-03T11:58:44.319+0000] {dagbag.py:541} INFO - Filling up the DagBag from /home/vscode/.local/lib/python3.10/site-packages/airflow/example_dags/example_dynamic_task_mapping.py
[2025-02-03T11:58:44.325+0000] {processor.py:836} INFO - DAG(s) dict_keys(['example_dynamic_task_mapping']) retrieved from /home/vscode/.local/lib/python3.10/site-packages/airflow/example_dags/example_dynamic_task_mapping.py
[2025-02-03T11:58:44.336+0000] {logging_mixin.py:150} INFO - [2025-02-03T11:58:44.335+0000] {dag.py:2742} INFO - Sync 1 DAGs
[2025-02-03T11:58:44.350+0000] {logging_mixin.py:150} INFO - [2025-02-03T11:58:44.350+0000] {dag.py:3504} INFO - Setting next_dagrun for example_dynamic_task_mapping to 2022-03-04T00:00:00+00:00, run_after=2022-03-05T00:00:00+00:00
[2025-02-03T11:58:44.364+0000] {processor.py:179} INFO - Processing /home/vscode/.local/lib/python3.10/site-packages/airflow/example_dags/example_dynamic_task_mapping.py took 0.048 seconds
[2025-02-03T11:59:26.543+0000] {processor.py:157} INFO - Started process (PID=41072) to work on /home/vscode/.local/lib/python3.10/site-packages/airflow/example_dags/example_dynamic_task_mapping.py
[2025-02-03T11:59:26.543+0000] {processor.py:826} INFO - Processing file /home/vscode/.local/lib/python3.10/site-packages/airflow/example_dags/example_dynamic_task_mapping.py for tasks to queue
[2025-02-03T11:59:26.544+0000] {logging_mixin.py:150} INFO - [2025-02-03T11:59:26.544+0000] {dagbag.py:541} INFO - Filling up the DagBag from /home/vscode/.local/lib/python3.10/site-packages/airflow/example_dags/example_dynamic_task_mapping.py
[2025-02-03T11:59:26.549+0000] {processor.py:836} INFO - DAG(s) dict_keys(['example_dynamic_task_mapping']) retrieved from /home/vscode/.local/lib/python3.10/site-packages/airflow/example_dags/example_dynamic_task_mapping.py
[2025-02-03T11:59:26.560+0000] {logging_mixin.py:150} INFO - [2025-02-03T11:59:26.559+0000] {dag.py:2742} INFO - Sync 1 DAGs
[2025-02-03T11:59:26.573+0000] {logging_mixin.py:150} INFO - [2025-02-03T11:59:26.573+0000] {dag.py:3504} INFO - Setting next_dagrun for example_dynamic_task_mapping to 2022-03-04T00:00:00+00:00, run_after=2022-03-05T00:00:00+00:00
[2025-02-03T11:59:26.588+0000] {processor.py:179} INFO - Processing /home/vscode/.local/lib/python3.10/site-packages/airflow/example_dags/example_dynamic_task_mapping.py took 0.048 seconds
[2025-02-03T12:00:09.899+0000] {processor.py:157} INFO - Started process (PID=41366) to work on /home/vscode/.local/lib/python3.10/site-packages/airflow/example_dags/example_dynamic_task_mapping.py
[2025-02-03T12:00:09.900+0000] {processor.py:826} INFO - Processing file /home/vscode/.local/lib/python3.10/site-packages/airflow/example_dags/example_dynamic_task_mapping.py for tasks to queue
[2025-02-03T12:00:09.901+0000] {logging_mixin.py:150} INFO - [2025-02-03T12:00:09.901+0000] {dagbag.py:541} INFO - Filling up the DagBag from /home/vscode/.local/lib/python3.10/site-packages/airflow/example_dags/example_dynamic_task_mapping.py
[2025-02-03T12:00:09.907+0000] {processor.py:836} INFO - DAG(s) dict_keys(['example_dynamic_task_mapping']) retrieved from /home/vscode/.local/lib/python3.10/site-packages/airflow/example_dags/example_dynamic_task_mapping.py
[2025-02-03T12:00:09.919+0000] {logging_mixin.py:150} INFO - [2025-02-03T12:00:09.919+0000] {dag.py:2742} INFO - Sync 1 DAGs
[2025-02-03T12:00:09.933+0000] {logging_mixin.py:150} INFO - [2025-02-03T12:00:09.933+0000] {dag.py:3504} INFO - Setting next_dagrun for example_dynamic_task_mapping to 2022-03-04T00:00:00+00:00, run_after=2022-03-05T00:00:00+00:00
[2025-02-03T12:00:09.947+0000] {processor.py:179} INFO - Processing /home/vscode/.local/lib/python3.10/site-packages/airflow/example_dags/example_dynamic_task_mapping.py took 0.051 seconds
[2025-02-03T12:00:51.569+0000] {processor.py:157} INFO - Started process (PID=41651) to work on /home/vscode/.local/lib/python3.10/site-packages/airflow/example_dags/example_dynamic_task_mapping.py
[2025-02-03T12:00:51.570+0000] {processor.py:826} INFO - Processing file /home/vscode/.local/lib/python3.10/site-packages/airflow/example_dags/example_dynamic_task_mapping.py for tasks to queue
[2025-02-03T12:00:51.570+0000] {logging_mixin.py:150} INFO - [2025-02-03T12:00:51.570+0000] {dagbag.py:541} INFO - Filling up the DagBag from /home/vscode/.local/lib/python3.10/site-packages/airflow/example_dags/example_dynamic_task_mapping.py
[2025-02-03T12:00:51.576+0000] {processor.py:836} INFO - DAG(s) dict_keys(['example_dynamic_task_mapping']) retrieved from /home/vscode/.local/lib/python3.10/site-packages/airflow/example_dags/example_dynamic_task_mapping.py
[2025-02-03T12:00:51.586+0000] {logging_mixin.py:150} INFO - [2025-02-03T12:00:51.586+0000] {dag.py:2742} INFO - Sync 1 DAGs
[2025-02-03T12:00:51.600+0000] {logging_mixin.py:150} INFO - [2025-02-03T12:00:51.600+0000] {dag.py:3504} INFO - Setting next_dagrun for example_dynamic_task_mapping to 2022-03-04T00:00:00+00:00, run_after=2022-03-05T00:00:00+00:00
[2025-02-03T12:00:51.614+0000] {processor.py:179} INFO - Processing /home/vscode/.local/lib/python3.10/site-packages/airflow/example_dags/example_dynamic_task_mapping.py took 0.047 seconds
[2025-02-03T12:01:36.015+0000] {processor.py:157} INFO - Started process (PID=41945) to work on /home/vscode/.local/lib/python3.10/site-packages/airflow/example_dags/example_dynamic_task_mapping.py
[2025-02-03T12:01:36.015+0000] {processor.py:826} INFO - Processing file /home/vscode/.local/lib/python3.10/site-packages/airflow/example_dags/example_dynamic_task_mapping.py for tasks to queue
[2025-02-03T12:01:36.016+0000] {logging_mixin.py:150} INFO - [2025-02-03T12:01:36.016+0000] {dagbag.py:541} INFO - Filling up the DagBag from /home/vscode/.local/lib/python3.10/site-packages/airflow/example_dags/example_dynamic_task_mapping.py
[2025-02-03T12:01:36.021+0000] {processor.py:836} INFO - DAG(s) dict_keys(['example_dynamic_task_mapping']) retrieved from /home/vscode/.local/lib/python3.10/site-packages/airflow/example_dags/example_dynamic_task_mapping.py
[2025-02-03T12:01:36.032+0000] {logging_mixin.py:150} INFO - [2025-02-03T12:01:36.032+0000] {dag.py:2742} INFO - Sync 1 DAGs
[2025-02-03T12:01:36.045+0000] {logging_mixin.py:150} INFO - [2025-02-03T12:01:36.045+0000] {dag.py:3504} INFO - Setting next_dagrun for example_dynamic_task_mapping to 2022-03-04T00:00:00+00:00, run_after=2022-03-05T00:00:00+00:00
[2025-02-03T12:01:36.059+0000] {processor.py:179} INFO - Processing /home/vscode/.local/lib/python3.10/site-packages/airflow/example_dags/example_dynamic_task_mapping.py took 0.047 seconds
[2025-02-03T12:02:19.991+0000] {processor.py:157} INFO - Started process (PID=42235) to work on /home/vscode/.local/lib/python3.10/site-packages/airflow/example_dags/example_dynamic_task_mapping.py
[2025-02-03T12:02:19.991+0000] {processor.py:826} INFO - Processing file /home/vscode/.local/lib/python3.10/site-packages/airflow/example_dags/example_dynamic_task_mapping.py for tasks to queue
[2025-02-03T12:02:19.992+0000] {logging_mixin.py:150} INFO - [2025-02-03T12:02:19.992+0000] {dagbag.py:541} INFO - Filling up the DagBag from /home/vscode/.local/lib/python3.10/site-packages/airflow/example_dags/example_dynamic_task_mapping.py
[2025-02-03T12:02:19.997+0000] {processor.py:836} INFO - DAG(s) dict_keys(['example_dynamic_task_mapping']) retrieved from /home/vscode/.local/lib/python3.10/site-packages/airflow/example_dags/example_dynamic_task_mapping.py
[2025-02-03T12:02:20.007+0000] {logging_mixin.py:150} INFO - [2025-02-03T12:02:20.007+0000] {dag.py:2742} INFO - Sync 1 DAGs
[2025-02-03T12:02:20.021+0000] {logging_mixin.py:150} INFO - [2025-02-03T12:02:20.021+0000] {dag.py:3504} INFO - Setting next_dagrun for example_dynamic_task_mapping to 2022-03-04T00:00:00+00:00, run_after=2022-03-05T00:00:00+00:00
[2025-02-03T12:02:20.035+0000] {processor.py:179} INFO - Processing /home/vscode/.local/lib/python3.10/site-packages/airflow/example_dags/example_dynamic_task_mapping.py took 0.047 seconds
[2025-02-03T12:03:00.968+0000] {processor.py:157} INFO - Started process (PID=42513) to work on /home/vscode/.local/lib/python3.10/site-packages/airflow/example_dags/example_dynamic_task_mapping.py
[2025-02-03T12:03:00.969+0000] {processor.py:826} INFO - Processing file /home/vscode/.local/lib/python3.10/site-packages/airflow/example_dags/example_dynamic_task_mapping.py for tasks to queue
[2025-02-03T12:03:00.969+0000] {logging_mixin.py:150} INFO - [2025-02-03T12:03:00.969+0000] {dagbag.py:541} INFO - Filling up the DagBag from /home/vscode/.local/lib/python3.10/site-packages/airflow/example_dags/example_dynamic_task_mapping.py
[2025-02-03T12:03:00.975+0000] {processor.py:836} INFO - DAG(s) dict_keys(['example_dynamic_task_mapping']) retrieved from /home/vscode/.local/lib/python3.10/site-packages/airflow/example_dags/example_dynamic_task_mapping.py
[2025-02-03T12:03:00.985+0000] {logging_mixin.py:150} INFO - [2025-02-03T12:03:00.985+0000] {dag.py:2742} INFO - Sync 1 DAGs
[2025-02-03T12:03:01.000+0000] {logging_mixin.py:150} INFO - [2025-02-03T12:03:01.000+0000] {dag.py:3504} INFO - Setting next_dagrun for example_dynamic_task_mapping to 2022-03-04T00:00:00+00:00, run_after=2022-03-05T00:00:00+00:00
[2025-02-03T12:03:01.015+0000] {processor.py:179} INFO - Processing /home/vscode/.local/lib/python3.10/site-packages/airflow/example_dags/example_dynamic_task_mapping.py took 0.050 seconds
[2025-02-03T12:03:44.350+0000] {processor.py:157} INFO - Started process (PID=42810) to work on /home/vscode/.local/lib/python3.10/site-packages/airflow/example_dags/example_dynamic_task_mapping.py
[2025-02-03T12:03:44.351+0000] {processor.py:826} INFO - Processing file /home/vscode/.local/lib/python3.10/site-packages/airflow/example_dags/example_dynamic_task_mapping.py for tasks to queue
[2025-02-03T12:03:44.352+0000] {logging_mixin.py:150} INFO - [2025-02-03T12:03:44.351+0000] {dagbag.py:541} INFO - Filling up the DagBag from /home/vscode/.local/lib/python3.10/site-packages/airflow/example_dags/example_dynamic_task_mapping.py
[2025-02-03T12:03:44.359+0000] {processor.py:836} INFO - DAG(s) dict_keys(['example_dynamic_task_mapping']) retrieved from /home/vscode/.local/lib/python3.10/site-packages/airflow/example_dags/example_dynamic_task_mapping.py
[2025-02-03T12:03:44.370+0000] {logging_mixin.py:150} INFO - [2025-02-03T12:03:44.370+0000] {dag.py:2742} INFO - Sync 1 DAGs
[2025-02-03T12:03:44.385+0000] {logging_mixin.py:150} INFO - [2025-02-03T12:03:44.385+0000] {dag.py:3504} INFO - Setting next_dagrun for example_dynamic_task_mapping to 2022-03-04T00:00:00+00:00, run_after=2022-03-05T00:00:00+00:00
[2025-02-03T12:03:44.398+0000] {processor.py:179} INFO - Processing /home/vscode/.local/lib/python3.10/site-packages/airflow/example_dags/example_dynamic_task_mapping.py took 0.050 seconds
[2025-02-03T12:04:29.376+0000] {processor.py:157} INFO - Started process (PID=43109) to work on /home/vscode/.local/lib/python3.10/site-packages/airflow/example_dags/example_dynamic_task_mapping.py
[2025-02-03T12:04:29.377+0000] {processor.py:826} INFO - Processing file /home/vscode/.local/lib/python3.10/site-packages/airflow/example_dags/example_dynamic_task_mapping.py for tasks to queue
[2025-02-03T12:04:29.377+0000] {logging_mixin.py:150} INFO - [2025-02-03T12:04:29.377+0000] {dagbag.py:541} INFO - Filling up the DagBag from /home/vscode/.local/lib/python3.10/site-packages/airflow/example_dags/example_dynamic_task_mapping.py
[2025-02-03T12:04:29.383+0000] {processor.py:836} INFO - DAG(s) dict_keys(['example_dynamic_task_mapping']) retrieved from /home/vscode/.local/lib/python3.10/site-packages/airflow/example_dags/example_dynamic_task_mapping.py
[2025-02-03T12:04:29.393+0000] {logging_mixin.py:150} INFO - [2025-02-03T12:04:29.393+0000] {dag.py:2742} INFO - Sync 1 DAGs
[2025-02-03T12:04:29.407+0000] {logging_mixin.py:150} INFO - [2025-02-03T12:04:29.407+0000] {dag.py:3504} INFO - Setting next_dagrun for example_dynamic_task_mapping to 2022-03-04T00:00:00+00:00, run_after=2022-03-05T00:00:00+00:00
[2025-02-03T12:04:29.421+0000] {processor.py:179} INFO - Processing /home/vscode/.local/lib/python3.10/site-packages/airflow/example_dags/example_dynamic_task_mapping.py took 0.047 seconds
[2025-02-03T12:05:12.204+0000] {processor.py:157} INFO - Started process (PID=43402) to work on /home/vscode/.local/lib/python3.10/site-packages/airflow/example_dags/example_dynamic_task_mapping.py
[2025-02-03T12:05:12.205+0000] {processor.py:826} INFO - Processing file /home/vscode/.local/lib/python3.10/site-packages/airflow/example_dags/example_dynamic_task_mapping.py for tasks to queue
[2025-02-03T12:05:12.205+0000] {logging_mixin.py:150} INFO - [2025-02-03T12:05:12.205+0000] {dagbag.py:541} INFO - Filling up the DagBag from /home/vscode/.local/lib/python3.10/site-packages/airflow/example_dags/example_dynamic_task_mapping.py
[2025-02-03T12:05:12.211+0000] {processor.py:836} INFO - DAG(s) dict_keys(['example_dynamic_task_mapping']) retrieved from /home/vscode/.local/lib/python3.10/site-packages/airflow/example_dags/example_dynamic_task_mapping.py
[2025-02-03T12:05:12.221+0000] {logging_mixin.py:150} INFO - [2025-02-03T12:05:12.221+0000] {dag.py:2742} INFO - Sync 1 DAGs
[2025-02-03T12:05:12.234+0000] {logging_mixin.py:150} INFO - [2025-02-03T12:05:12.234+0000] {dag.py:3504} INFO - Setting next_dagrun for example_dynamic_task_mapping to 2022-03-04T00:00:00+00:00, run_after=2022-03-05T00:00:00+00:00
[2025-02-03T12:05:12.248+0000] {processor.py:179} INFO - Processing /home/vscode/.local/lib/python3.10/site-packages/airflow/example_dags/example_dynamic_task_mapping.py took 0.045 seconds
[2025-02-03T12:06:00.071+0000] {processor.py:157} INFO - Started process (PID=43718) to work on /home/vscode/.local/lib/python3.10/site-packages/airflow/example_dags/example_dynamic_task_mapping.py
[2025-02-03T12:06:00.072+0000] {processor.py:826} INFO - Processing file /home/vscode/.local/lib/python3.10/site-packages/airflow/example_dags/example_dynamic_task_mapping.py for tasks to queue
[2025-02-03T12:06:00.073+0000] {logging_mixin.py:150} INFO - [2025-02-03T12:06:00.072+0000] {dagbag.py:541} INFO - Filling up the DagBag from /home/vscode/.local/lib/python3.10/site-packages/airflow/example_dags/example_dynamic_task_mapping.py
[2025-02-03T12:06:00.078+0000] {processor.py:836} INFO - DAG(s) dict_keys(['example_dynamic_task_mapping']) retrieved from /home/vscode/.local/lib/python3.10/site-packages/airflow/example_dags/example_dynamic_task_mapping.py
[2025-02-03T12:06:00.089+0000] {logging_mixin.py:150} INFO - [2025-02-03T12:06:00.089+0000] {dag.py:2742} INFO - Sync 1 DAGs
[2025-02-03T12:06:00.103+0000] {logging_mixin.py:150} INFO - [2025-02-03T12:06:00.103+0000] {dag.py:3504} INFO - Setting next_dagrun for example_dynamic_task_mapping to 2022-03-04T00:00:00+00:00, run_after=2022-03-05T00:00:00+00:00
[2025-02-03T12:06:00.117+0000] {processor.py:179} INFO - Processing /home/vscode/.local/lib/python3.10/site-packages/airflow/example_dags/example_dynamic_task_mapping.py took 0.048 seconds
[2025-02-03T12:06:44.894+0000] {processor.py:157} INFO - Started process (PID=44021) to work on /home/vscode/.local/lib/python3.10/site-packages/airflow/example_dags/example_dynamic_task_mapping.py
[2025-02-03T12:06:44.894+0000] {processor.py:826} INFO - Processing file /home/vscode/.local/lib/python3.10/site-packages/airflow/example_dags/example_dynamic_task_mapping.py for tasks to queue
[2025-02-03T12:06:44.895+0000] {logging_mixin.py:150} INFO - [2025-02-03T12:06:44.895+0000] {dagbag.py:541} INFO - Filling up the DagBag from /home/vscode/.local/lib/python3.10/site-packages/airflow/example_dags/example_dynamic_task_mapping.py
[2025-02-03T12:06:44.900+0000] {processor.py:836} INFO - DAG(s) dict_keys(['example_dynamic_task_mapping']) retrieved from /home/vscode/.local/lib/python3.10/site-packages/airflow/example_dags/example_dynamic_task_mapping.py
[2025-02-03T12:06:44.911+0000] {logging_mixin.py:150} INFO - [2025-02-03T12:06:44.911+0000] {dag.py:2742} INFO - Sync 1 DAGs
[2025-02-03T12:06:44.924+0000] {logging_mixin.py:150} INFO - [2025-02-03T12:06:44.924+0000] {dag.py:3504} INFO - Setting next_dagrun for example_dynamic_task_mapping to 2022-03-04T00:00:00+00:00, run_after=2022-03-05T00:00:00+00:00
[2025-02-03T12:06:44.938+0000] {processor.py:179} INFO - Processing /home/vscode/.local/lib/python3.10/site-packages/airflow/example_dags/example_dynamic_task_mapping.py took 0.046 seconds
[2025-02-03T12:07:31.336+0000] {processor.py:157} INFO - Started process (PID=44888) to work on /home/vscode/.local/lib/python3.10/site-packages/airflow/example_dags/example_dynamic_task_mapping.py
[2025-02-03T12:07:31.337+0000] {processor.py:826} INFO - Processing file /home/vscode/.local/lib/python3.10/site-packages/airflow/example_dags/example_dynamic_task_mapping.py for tasks to queue
[2025-02-03T12:07:31.337+0000] {logging_mixin.py:150} INFO - [2025-02-03T12:07:31.337+0000] {dagbag.py:541} INFO - Filling up the DagBag from /home/vscode/.local/lib/python3.10/site-packages/airflow/example_dags/example_dynamic_task_mapping.py
[2025-02-03T12:07:31.343+0000] {processor.py:836} INFO - DAG(s) dict_keys(['example_dynamic_task_mapping']) retrieved from /home/vscode/.local/lib/python3.10/site-packages/airflow/example_dags/example_dynamic_task_mapping.py
[2025-02-03T12:07:31.353+0000] {logging_mixin.py:150} INFO - [2025-02-03T12:07:31.353+0000] {dag.py:2742} INFO - Sync 1 DAGs
[2025-02-03T12:07:31.368+0000] {logging_mixin.py:150} INFO - [2025-02-03T12:07:31.368+0000] {dag.py:3504} INFO - Setting next_dagrun for example_dynamic_task_mapping to 2022-03-04T00:00:00+00:00, run_after=2022-03-05T00:00:00+00:00
[2025-02-03T12:07:31.381+0000] {processor.py:179} INFO - Processing /home/vscode/.local/lib/python3.10/site-packages/airflow/example_dags/example_dynamic_task_mapping.py took 0.047 seconds
[2025-02-03T12:08:13.689+0000] {processor.py:157} INFO - Started process (PID=46291) to work on /home/vscode/.local/lib/python3.10/site-packages/airflow/example_dags/example_dynamic_task_mapping.py
[2025-02-03T12:08:13.689+0000] {processor.py:826} INFO - Processing file /home/vscode/.local/lib/python3.10/site-packages/airflow/example_dags/example_dynamic_task_mapping.py for tasks to queue
[2025-02-03T12:08:13.690+0000] {logging_mixin.py:150} INFO - [2025-02-03T12:08:13.690+0000] {dagbag.py:541} INFO - Filling up the DagBag from /home/vscode/.local/lib/python3.10/site-packages/airflow/example_dags/example_dynamic_task_mapping.py
[2025-02-03T12:08:13.695+0000] {processor.py:836} INFO - DAG(s) dict_keys(['example_dynamic_task_mapping']) retrieved from /home/vscode/.local/lib/python3.10/site-packages/airflow/example_dags/example_dynamic_task_mapping.py
[2025-02-03T12:08:13.706+0000] {logging_mixin.py:150} INFO - [2025-02-03T12:08:13.705+0000] {dag.py:2742} INFO - Sync 1 DAGs
[2025-02-03T12:08:13.719+0000] {logging_mixin.py:150} INFO - [2025-02-03T12:08:13.719+0000] {dag.py:3504} INFO - Setting next_dagrun for example_dynamic_task_mapping to 2022-03-04T00:00:00+00:00, run_after=2022-03-05T00:00:00+00:00
[2025-02-03T12:08:13.733+0000] {processor.py:179} INFO - Processing /home/vscode/.local/lib/python3.10/site-packages/airflow/example_dags/example_dynamic_task_mapping.py took 0.047 seconds
[2025-02-03T12:09:00.368+0000] {processor.py:157} INFO - Started process (PID=46641) to work on /home/vscode/.local/lib/python3.10/site-packages/airflow/example_dags/example_dynamic_task_mapping.py
[2025-02-03T12:09:00.368+0000] {processor.py:826} INFO - Processing file /home/vscode/.local/lib/python3.10/site-packages/airflow/example_dags/example_dynamic_task_mapping.py for tasks to queue
[2025-02-03T12:09:00.369+0000] {logging_mixin.py:150} INFO - [2025-02-03T12:09:00.369+0000] {dagbag.py:541} INFO - Filling up the DagBag from /home/vscode/.local/lib/python3.10/site-packages/airflow/example_dags/example_dynamic_task_mapping.py
[2025-02-03T12:09:00.374+0000] {processor.py:836} INFO - DAG(s) dict_keys(['example_dynamic_task_mapping']) retrieved from /home/vscode/.local/lib/python3.10/site-packages/airflow/example_dags/example_dynamic_task_mapping.py
[2025-02-03T12:09:00.384+0000] {logging_mixin.py:150} INFO - [2025-02-03T12:09:00.384+0000] {dag.py:2742} INFO - Sync 1 DAGs
[2025-02-03T12:09:00.398+0000] {logging_mixin.py:150} INFO - [2025-02-03T12:09:00.398+0000] {dag.py:3504} INFO - Setting next_dagrun for example_dynamic_task_mapping to 2022-03-04T00:00:00+00:00, run_after=2022-03-05T00:00:00+00:00
[2025-02-03T12:09:00.412+0000] {processor.py:179} INFO - Processing /home/vscode/.local/lib/python3.10/site-packages/airflow/example_dags/example_dynamic_task_mapping.py took 0.046 seconds
[2025-02-03T12:09:41.564+0000] {processor.py:157} INFO - Started process (PID=47530) to work on /home/vscode/.local/lib/python3.10/site-packages/airflow/example_dags/example_dynamic_task_mapping.py
[2025-02-03T12:09:41.564+0000] {processor.py:826} INFO - Processing file /home/vscode/.local/lib/python3.10/site-packages/airflow/example_dags/example_dynamic_task_mapping.py for tasks to queue
[2025-02-03T12:09:41.565+0000] {logging_mixin.py:150} INFO - [2025-02-03T12:09:41.565+0000] {dagbag.py:541} INFO - Filling up the DagBag from /home/vscode/.local/lib/python3.10/site-packages/airflow/example_dags/example_dynamic_task_mapping.py
[2025-02-03T12:09:41.570+0000] {processor.py:836} INFO - DAG(s) dict_keys(['example_dynamic_task_mapping']) retrieved from /home/vscode/.local/lib/python3.10/site-packages/airflow/example_dags/example_dynamic_task_mapping.py
[2025-02-03T12:09:41.581+0000] {logging_mixin.py:150} INFO - [2025-02-03T12:09:41.581+0000] {dag.py:2742} INFO - Sync 1 DAGs
[2025-02-03T12:09:41.594+0000] {logging_mixin.py:150} INFO - [2025-02-03T12:09:41.594+0000] {dag.py:3504} INFO - Setting next_dagrun for example_dynamic_task_mapping to 2022-03-04T00:00:00+00:00, run_after=2022-03-05T00:00:00+00:00
[2025-02-03T12:09:41.610+0000] {processor.py:179} INFO - Processing /home/vscode/.local/lib/python3.10/site-packages/airflow/example_dags/example_dynamic_task_mapping.py took 0.048 seconds
