[2025-02-03T11:50:14.414+0000] {processor.py:157} INFO - Started process (PID=37362) to work on /home/vscode/.local/lib/python3.10/site-packages/airflow/example_dags/example_trigger_controller_dag.py
[2025-02-03T11:50:14.415+0000] {processor.py:826} INFO - Processing file /home/vscode/.local/lib/python3.10/site-packages/airflow/example_dags/example_trigger_controller_dag.py for tasks to queue
[2025-02-03T11:50:14.415+0000] {logging_mixin.py:150} INFO - [2025-02-03T11:50:14.415+0000] {dagbag.py:541} INFO - Filling up the DagBag from /home/vscode/.local/lib/python3.10/site-packages/airflow/example_dags/example_trigger_controller_dag.py
[2025-02-03T11:50:14.420+0000] {processor.py:836} INFO - DAG(s) dict_keys(['example_trigger_controller_dag']) retrieved from /home/vscode/.local/lib/python3.10/site-packages/airflow/example_dags/example_trigger_controller_dag.py
[2025-02-03T11:50:14.577+0000] {logging_mixin.py:150} INFO - [2025-02-03T11:50:14.576+0000] {manager.py:504} INFO - Created Permission View: can read on DAG:example_trigger_controller_dag
[2025-02-03T11:50:14.584+0000] {logging_mixin.py:150} INFO - [2025-02-03T11:50:14.584+0000] {manager.py:504} INFO - Created Permission View: can delete on DAG:example_trigger_controller_dag
[2025-02-03T11:50:14.590+0000] {logging_mixin.py:150} INFO - [2025-02-03T11:50:14.590+0000] {manager.py:504} INFO - Created Permission View: can edit on DAG:example_trigger_controller_dag
[2025-02-03T11:50:14.597+0000] {logging_mixin.py:150} INFO - [2025-02-03T11:50:14.597+0000] {dag.py:2742} INFO - Sync 1 DAGs
[2025-02-03T11:50:14.605+0000] {logging_mixin.py:150} INFO - [2025-02-03T11:50:14.605+0000] {dag.py:2763} INFO - Creating ORM DAG for example_trigger_controller_dag
[2025-02-03T11:50:14.610+0000] {logging_mixin.py:150} INFO - [2025-02-03T11:50:14.610+0000] {dag.py:3504} INFO - Setting next_dagrun for example_trigger_controller_dag to 2021-01-01T00:00:00+00:00, run_after=2021-01-01T00:00:00+00:00
[2025-02-03T11:50:14.624+0000] {processor.py:179} INFO - Processing /home/vscode/.local/lib/python3.10/site-packages/airflow/example_dags/example_trigger_controller_dag.py took 0.212 seconds
[2025-02-03T11:51:06.845+0000] {processor.py:157} INFO - Started process (PID=37718) to work on /home/vscode/.local/lib/python3.10/site-packages/airflow/example_dags/example_trigger_controller_dag.py
[2025-02-03T11:51:06.846+0000] {processor.py:826} INFO - Processing file /home/vscode/.local/lib/python3.10/site-packages/airflow/example_dags/example_trigger_controller_dag.py for tasks to queue
[2025-02-03T11:51:06.847+0000] {logging_mixin.py:150} INFO - [2025-02-03T11:51:06.846+0000] {dagbag.py:541} INFO - Filling up the DagBag from /home/vscode/.local/lib/python3.10/site-packages/airflow/example_dags/example_trigger_controller_dag.py
[2025-02-03T11:51:06.851+0000] {processor.py:836} INFO - DAG(s) dict_keys(['example_trigger_controller_dag']) retrieved from /home/vscode/.local/lib/python3.10/site-packages/airflow/example_dags/example_trigger_controller_dag.py
[2025-02-03T11:51:06.866+0000] {logging_mixin.py:150} INFO - [2025-02-03T11:51:06.866+0000] {dag.py:2742} INFO - Sync 1 DAGs
[2025-02-03T11:51:06.882+0000] {logging_mixin.py:150} INFO - [2025-02-03T11:51:06.881+0000] {dag.py:3504} INFO - Setting next_dagrun for example_trigger_controller_dag to 2021-01-01T00:00:00+00:00, run_after=2021-01-01T00:00:00+00:00
[2025-02-03T11:51:06.896+0000] {processor.py:179} INFO - Processing /home/vscode/.local/lib/python3.10/site-packages/airflow/example_dags/example_trigger_controller_dag.py took 0.053 seconds
[2025-02-03T11:51:40.507+0000] {processor.py:157} INFO - Started process (PID=37947) to work on /home/vscode/.local/lib/python3.10/site-packages/airflow/example_dags/example_trigger_controller_dag.py
[2025-02-03T11:51:40.507+0000] {processor.py:826} INFO - Processing file /home/vscode/.local/lib/python3.10/site-packages/airflow/example_dags/example_trigger_controller_dag.py for tasks to queue
[2025-02-03T11:51:40.508+0000] {logging_mixin.py:150} INFO - [2025-02-03T11:51:40.508+0000] {dagbag.py:541} INFO - Filling up the DagBag from /home/vscode/.local/lib/python3.10/site-packages/airflow/example_dags/example_trigger_controller_dag.py
[2025-02-03T11:51:40.511+0000] {processor.py:836} INFO - DAG(s) dict_keys(['example_trigger_controller_dag']) retrieved from /home/vscode/.local/lib/python3.10/site-packages/airflow/example_dags/example_trigger_controller_dag.py
[2025-02-03T11:51:40.523+0000] {logging_mixin.py:150} INFO - [2025-02-03T11:51:40.523+0000] {dag.py:2742} INFO - Sync 1 DAGs
[2025-02-03T11:51:40.537+0000] {logging_mixin.py:150} INFO - [2025-02-03T11:51:40.536+0000] {dag.py:3504} INFO - Setting next_dagrun for example_trigger_controller_dag to 2021-01-01T00:00:00+00:00, run_after=2021-01-01T00:00:00+00:00
[2025-02-03T11:51:40.551+0000] {processor.py:179} INFO - Processing /home/vscode/.local/lib/python3.10/site-packages/airflow/example_dags/example_trigger_controller_dag.py took 0.047 seconds
[2025-02-03T11:52:23.937+0000] {processor.py:157} INFO - Started process (PID=38236) to work on /home/vscode/.local/lib/python3.10/site-packages/airflow/example_dags/example_trigger_controller_dag.py
[2025-02-03T11:52:23.938+0000] {processor.py:826} INFO - Processing file /home/vscode/.local/lib/python3.10/site-packages/airflow/example_dags/example_trigger_controller_dag.py for tasks to queue
[2025-02-03T11:52:23.938+0000] {logging_mixin.py:150} INFO - [2025-02-03T11:52:23.938+0000] {dagbag.py:541} INFO - Filling up the DagBag from /home/vscode/.local/lib/python3.10/site-packages/airflow/example_dags/example_trigger_controller_dag.py
[2025-02-03T11:52:23.941+0000] {processor.py:836} INFO - DAG(s) dict_keys(['example_trigger_controller_dag']) retrieved from /home/vscode/.local/lib/python3.10/site-packages/airflow/example_dags/example_trigger_controller_dag.py
[2025-02-03T11:52:23.953+0000] {logging_mixin.py:150} INFO - [2025-02-03T11:52:23.953+0000] {dag.py:2742} INFO - Sync 1 DAGs
[2025-02-03T11:52:23.966+0000] {logging_mixin.py:150} INFO - [2025-02-03T11:52:23.966+0000] {dag.py:3504} INFO - Setting next_dagrun for example_trigger_controller_dag to 2021-01-01T00:00:00+00:00, run_after=2021-01-01T00:00:00+00:00
[2025-02-03T11:52:23.980+0000] {processor.py:179} INFO - Processing /home/vscode/.local/lib/python3.10/site-packages/airflow/example_dags/example_trigger_controller_dag.py took 0.045 seconds
[2025-02-03T11:53:03.272+0000] {processor.py:157} INFO - Started process (PID=38504) to work on /home/vscode/.local/lib/python3.10/site-packages/airflow/example_dags/example_trigger_controller_dag.py
[2025-02-03T11:53:03.272+0000] {processor.py:826} INFO - Processing file /home/vscode/.local/lib/python3.10/site-packages/airflow/example_dags/example_trigger_controller_dag.py for tasks to queue
[2025-02-03T11:53:03.273+0000] {logging_mixin.py:150} INFO - [2025-02-03T11:53:03.273+0000] {dagbag.py:541} INFO - Filling up the DagBag from /home/vscode/.local/lib/python3.10/site-packages/airflow/example_dags/example_trigger_controller_dag.py
[2025-02-03T11:53:03.276+0000] {processor.py:836} INFO - DAG(s) dict_keys(['example_trigger_controller_dag']) retrieved from /home/vscode/.local/lib/python3.10/site-packages/airflow/example_dags/example_trigger_controller_dag.py
[2025-02-03T11:53:03.287+0000] {logging_mixin.py:150} INFO - [2025-02-03T11:53:03.287+0000] {dag.py:2742} INFO - Sync 1 DAGs
[2025-02-03T11:53:03.301+0000] {logging_mixin.py:150} INFO - [2025-02-03T11:53:03.301+0000] {dag.py:3504} INFO - Setting next_dagrun for example_trigger_controller_dag to 2021-01-01T00:00:00+00:00, run_after=2021-01-01T00:00:00+00:00
[2025-02-03T11:53:03.316+0000] {processor.py:179} INFO - Processing /home/vscode/.local/lib/python3.10/site-packages/airflow/example_dags/example_trigger_controller_dag.py took 0.046 seconds
[2025-02-03T11:53:35.939+0000] {processor.py:157} INFO - Started process (PID=38721) to work on /home/vscode/.local/lib/python3.10/site-packages/airflow/example_dags/example_trigger_controller_dag.py
[2025-02-03T11:53:35.940+0000] {processor.py:826} INFO - Processing file /home/vscode/.local/lib/python3.10/site-packages/airflow/example_dags/example_trigger_controller_dag.py for tasks to queue
[2025-02-03T11:53:35.940+0000] {logging_mixin.py:150} INFO - [2025-02-03T11:53:35.940+0000] {dagbag.py:541} INFO - Filling up the DagBag from /home/vscode/.local/lib/python3.10/site-packages/airflow/example_dags/example_trigger_controller_dag.py
[2025-02-03T11:53:35.943+0000] {processor.py:836} INFO - DAG(s) dict_keys(['example_trigger_controller_dag']) retrieved from /home/vscode/.local/lib/python3.10/site-packages/airflow/example_dags/example_trigger_controller_dag.py
[2025-02-03T11:53:35.955+0000] {logging_mixin.py:150} INFO - [2025-02-03T11:53:35.954+0000] {dag.py:2742} INFO - Sync 1 DAGs
[2025-02-03T11:53:35.968+0000] {logging_mixin.py:150} INFO - [2025-02-03T11:53:35.968+0000] {dag.py:3504} INFO - Setting next_dagrun for example_trigger_controller_dag to 2021-01-01T00:00:00+00:00, run_after=2021-01-01T00:00:00+00:00
[2025-02-03T11:53:35.982+0000] {processor.py:179} INFO - Processing /home/vscode/.local/lib/python3.10/site-packages/airflow/example_dags/example_trigger_controller_dag.py took 0.045 seconds
[2025-02-03T11:54:17.343+0000] {processor.py:157} INFO - Started process (PID=39000) to work on /home/vscode/.local/lib/python3.10/site-packages/airflow/example_dags/example_trigger_controller_dag.py
[2025-02-03T11:54:17.344+0000] {processor.py:826} INFO - Processing file /home/vscode/.local/lib/python3.10/site-packages/airflow/example_dags/example_trigger_controller_dag.py for tasks to queue
[2025-02-03T11:54:17.345+0000] {logging_mixin.py:150} INFO - [2025-02-03T11:54:17.344+0000] {dagbag.py:541} INFO - Filling up the DagBag from /home/vscode/.local/lib/python3.10/site-packages/airflow/example_dags/example_trigger_controller_dag.py
[2025-02-03T11:54:17.348+0000] {processor.py:836} INFO - DAG(s) dict_keys(['example_trigger_controller_dag']) retrieved from /home/vscode/.local/lib/python3.10/site-packages/airflow/example_dags/example_trigger_controller_dag.py
[2025-02-03T11:54:17.359+0000] {logging_mixin.py:150} INFO - [2025-02-03T11:54:17.359+0000] {dag.py:2742} INFO - Sync 1 DAGs
[2025-02-03T11:54:17.372+0000] {logging_mixin.py:150} INFO - [2025-02-03T11:54:17.372+0000] {dag.py:3504} INFO - Setting next_dagrun for example_trigger_controller_dag to 2021-01-01T00:00:00+00:00, run_after=2021-01-01T00:00:00+00:00
[2025-02-03T11:54:17.387+0000] {processor.py:179} INFO - Processing /home/vscode/.local/lib/python3.10/site-packages/airflow/example_dags/example_trigger_controller_dag.py took 0.046 seconds
[2025-02-03T11:55:01.950+0000] {processor.py:157} INFO - Started process (PID=39300) to work on /home/vscode/.local/lib/python3.10/site-packages/airflow/example_dags/example_trigger_controller_dag.py
[2025-02-03T11:55:01.951+0000] {processor.py:826} INFO - Processing file /home/vscode/.local/lib/python3.10/site-packages/airflow/example_dags/example_trigger_controller_dag.py for tasks to queue
[2025-02-03T11:55:01.951+0000] {logging_mixin.py:150} INFO - [2025-02-03T11:55:01.951+0000] {dagbag.py:541} INFO - Filling up the DagBag from /home/vscode/.local/lib/python3.10/site-packages/airflow/example_dags/example_trigger_controller_dag.py
[2025-02-03T11:55:01.955+0000] {processor.py:836} INFO - DAG(s) dict_keys(['example_trigger_controller_dag']) retrieved from /home/vscode/.local/lib/python3.10/site-packages/airflow/example_dags/example_trigger_controller_dag.py
[2025-02-03T11:55:01.966+0000] {logging_mixin.py:150} INFO - [2025-02-03T11:55:01.966+0000] {dag.py:2742} INFO - Sync 1 DAGs
[2025-02-03T11:55:01.980+0000] {logging_mixin.py:150} INFO - [2025-02-03T11:55:01.980+0000] {dag.py:3504} INFO - Setting next_dagrun for example_trigger_controller_dag to 2021-01-01T00:00:00+00:00, run_after=2021-01-01T00:00:00+00:00
[2025-02-03T11:55:01.994+0000] {processor.py:179} INFO - Processing /home/vscode/.local/lib/python3.10/site-packages/airflow/example_dags/example_trigger_controller_dag.py took 0.046 seconds
[2025-02-03T11:55:41.924+0000] {processor.py:157} INFO - Started process (PID=39569) to work on /home/vscode/.local/lib/python3.10/site-packages/airflow/example_dags/example_trigger_controller_dag.py
[2025-02-03T11:55:41.924+0000] {processor.py:826} INFO - Processing file /home/vscode/.local/lib/python3.10/site-packages/airflow/example_dags/example_trigger_controller_dag.py for tasks to queue
[2025-02-03T11:55:41.925+0000] {logging_mixin.py:150} INFO - [2025-02-03T11:55:41.925+0000] {dagbag.py:541} INFO - Filling up the DagBag from /home/vscode/.local/lib/python3.10/site-packages/airflow/example_dags/example_trigger_controller_dag.py
[2025-02-03T11:55:41.928+0000] {processor.py:836} INFO - DAG(s) dict_keys(['example_trigger_controller_dag']) retrieved from /home/vscode/.local/lib/python3.10/site-packages/airflow/example_dags/example_trigger_controller_dag.py
[2025-02-03T11:55:41.939+0000] {logging_mixin.py:150} INFO - [2025-02-03T11:55:41.939+0000] {dag.py:2742} INFO - Sync 1 DAGs
[2025-02-03T11:55:41.952+0000] {logging_mixin.py:150} INFO - [2025-02-03T11:55:41.952+0000] {dag.py:3504} INFO - Setting next_dagrun for example_trigger_controller_dag to 2021-01-01T00:00:00+00:00, run_after=2021-01-01T00:00:00+00:00
[2025-02-03T11:55:41.966+0000] {processor.py:179} INFO - Processing /home/vscode/.local/lib/python3.10/site-packages/airflow/example_dags/example_trigger_controller_dag.py took 0.045 seconds
[2025-02-03T11:56:24.138+0000] {processor.py:157} INFO - Started process (PID=39850) to work on /home/vscode/.local/lib/python3.10/site-packages/airflow/example_dags/example_trigger_controller_dag.py
[2025-02-03T11:56:24.138+0000] {processor.py:826} INFO - Processing file /home/vscode/.local/lib/python3.10/site-packages/airflow/example_dags/example_trigger_controller_dag.py for tasks to queue
[2025-02-03T11:56:24.139+0000] {logging_mixin.py:150} INFO - [2025-02-03T11:56:24.139+0000] {dagbag.py:541} INFO - Filling up the DagBag from /home/vscode/.local/lib/python3.10/site-packages/airflow/example_dags/example_trigger_controller_dag.py
[2025-02-03T11:56:24.142+0000] {processor.py:836} INFO - DAG(s) dict_keys(['example_trigger_controller_dag']) retrieved from /home/vscode/.local/lib/python3.10/site-packages/airflow/example_dags/example_trigger_controller_dag.py
[2025-02-03T11:56:24.153+0000] {logging_mixin.py:150} INFO - [2025-02-03T11:56:24.153+0000] {dag.py:2742} INFO - Sync 1 DAGs
[2025-02-03T11:56:24.166+0000] {logging_mixin.py:150} INFO - [2025-02-03T11:56:24.166+0000] {dag.py:3504} INFO - Setting next_dagrun for example_trigger_controller_dag to 2021-01-01T00:00:00+00:00, run_after=2021-01-01T00:00:00+00:00
[2025-02-03T11:56:24.180+0000] {processor.py:179} INFO - Processing /home/vscode/.local/lib/python3.10/site-packages/airflow/example_dags/example_trigger_controller_dag.py took 0.044 seconds
[2025-02-03T11:57:02.721+0000] {processor.py:157} INFO - Started process (PID=40110) to work on /home/vscode/.local/lib/python3.10/site-packages/airflow/example_dags/example_trigger_controller_dag.py
[2025-02-03T11:57:02.721+0000] {processor.py:826} INFO - Processing file /home/vscode/.local/lib/python3.10/site-packages/airflow/example_dags/example_trigger_controller_dag.py for tasks to queue
[2025-02-03T11:57:02.722+0000] {logging_mixin.py:150} INFO - [2025-02-03T11:57:02.721+0000] {dagbag.py:541} INFO - Filling up the DagBag from /home/vscode/.local/lib/python3.10/site-packages/airflow/example_dags/example_trigger_controller_dag.py
[2025-02-03T11:57:02.725+0000] {processor.py:836} INFO - DAG(s) dict_keys(['example_trigger_controller_dag']) retrieved from /home/vscode/.local/lib/python3.10/site-packages/airflow/example_dags/example_trigger_controller_dag.py
[2025-02-03T11:57:02.736+0000] {logging_mixin.py:150} INFO - [2025-02-03T11:57:02.736+0000] {dag.py:2742} INFO - Sync 1 DAGs
[2025-02-03T11:57:02.750+0000] {logging_mixin.py:150} INFO - [2025-02-03T11:57:02.750+0000] {dag.py:3504} INFO - Setting next_dagrun for example_trigger_controller_dag to 2021-01-01T00:00:00+00:00, run_after=2021-01-01T00:00:00+00:00
[2025-02-03T11:57:02.764+0000] {processor.py:179} INFO - Processing /home/vscode/.local/lib/python3.10/site-packages/airflow/example_dags/example_trigger_controller_dag.py took 0.045 seconds
[2025-02-03T11:57:46.947+0000] {processor.py:157} INFO - Started process (PID=40404) to work on /home/vscode/.local/lib/python3.10/site-packages/airflow/example_dags/example_trigger_controller_dag.py
[2025-02-03T11:57:46.948+0000] {processor.py:826} INFO - Processing file /home/vscode/.local/lib/python3.10/site-packages/airflow/example_dags/example_trigger_controller_dag.py for tasks to queue
[2025-02-03T11:57:46.948+0000] {logging_mixin.py:150} INFO - [2025-02-03T11:57:46.948+0000] {dagbag.py:541} INFO - Filling up the DagBag from /home/vscode/.local/lib/python3.10/site-packages/airflow/example_dags/example_trigger_controller_dag.py
[2025-02-03T11:57:46.952+0000] {processor.py:836} INFO - DAG(s) dict_keys(['example_trigger_controller_dag']) retrieved from /home/vscode/.local/lib/python3.10/site-packages/airflow/example_dags/example_trigger_controller_dag.py
[2025-02-03T11:57:46.963+0000] {logging_mixin.py:150} INFO - [2025-02-03T11:57:46.963+0000] {dag.py:2742} INFO - Sync 1 DAGs
[2025-02-03T11:57:46.976+0000] {logging_mixin.py:150} INFO - [2025-02-03T11:57:46.976+0000] {dag.py:3504} INFO - Setting next_dagrun for example_trigger_controller_dag to 2021-01-01T00:00:00+00:00, run_after=2021-01-01T00:00:00+00:00
[2025-02-03T11:57:46.990+0000] {processor.py:179} INFO - Processing /home/vscode/.local/lib/python3.10/site-packages/airflow/example_dags/example_trigger_controller_dag.py took 0.045 seconds
[2025-02-03T11:58:19.763+0000] {processor.py:157} INFO - Started process (PID=40627) to work on /home/vscode/.local/lib/python3.10/site-packages/airflow/example_dags/example_trigger_controller_dag.py
[2025-02-03T11:58:19.764+0000] {processor.py:826} INFO - Processing file /home/vscode/.local/lib/python3.10/site-packages/airflow/example_dags/example_trigger_controller_dag.py for tasks to queue
[2025-02-03T11:58:19.764+0000] {logging_mixin.py:150} INFO - [2025-02-03T11:58:19.764+0000] {dagbag.py:541} INFO - Filling up the DagBag from /home/vscode/.local/lib/python3.10/site-packages/airflow/example_dags/example_trigger_controller_dag.py
[2025-02-03T11:58:19.767+0000] {processor.py:836} INFO - DAG(s) dict_keys(['example_trigger_controller_dag']) retrieved from /home/vscode/.local/lib/python3.10/site-packages/airflow/example_dags/example_trigger_controller_dag.py
[2025-02-03T11:58:19.778+0000] {logging_mixin.py:150} INFO - [2025-02-03T11:58:19.778+0000] {dag.py:2742} INFO - Sync 1 DAGs
[2025-02-03T11:58:19.792+0000] {logging_mixin.py:150} INFO - [2025-02-03T11:58:19.792+0000] {dag.py:3504} INFO - Setting next_dagrun for example_trigger_controller_dag to 2021-01-01T00:00:00+00:00, run_after=2021-01-01T00:00:00+00:00
[2025-02-03T11:58:19.806+0000] {processor.py:179} INFO - Processing /home/vscode/.local/lib/python3.10/site-packages/airflow/example_dags/example_trigger_controller_dag.py took 0.045 seconds
[2025-02-03T11:59:02.580+0000] {processor.py:157} INFO - Started process (PID=40915) to work on /home/vscode/.local/lib/python3.10/site-packages/airflow/example_dags/example_trigger_controller_dag.py
[2025-02-03T11:59:02.580+0000] {processor.py:826} INFO - Processing file /home/vscode/.local/lib/python3.10/site-packages/airflow/example_dags/example_trigger_controller_dag.py for tasks to queue
[2025-02-03T11:59:02.581+0000] {logging_mixin.py:150} INFO - [2025-02-03T11:59:02.581+0000] {dagbag.py:541} INFO - Filling up the DagBag from /home/vscode/.local/lib/python3.10/site-packages/airflow/example_dags/example_trigger_controller_dag.py
[2025-02-03T11:59:02.584+0000] {processor.py:836} INFO - DAG(s) dict_keys(['example_trigger_controller_dag']) retrieved from /home/vscode/.local/lib/python3.10/site-packages/airflow/example_dags/example_trigger_controller_dag.py
[2025-02-03T11:59:02.595+0000] {logging_mixin.py:150} INFO - [2025-02-03T11:59:02.595+0000] {dag.py:2742} INFO - Sync 1 DAGs
[2025-02-03T11:59:02.609+0000] {logging_mixin.py:150} INFO - [2025-02-03T11:59:02.608+0000] {dag.py:3504} INFO - Setting next_dagrun for example_trigger_controller_dag to 2021-01-01T00:00:00+00:00, run_after=2021-01-01T00:00:00+00:00
[2025-02-03T11:59:02.622+0000] {processor.py:179} INFO - Processing /home/vscode/.local/lib/python3.10/site-packages/airflow/example_dags/example_trigger_controller_dag.py took 0.045 seconds
[2025-02-03T11:59:47.074+0000] {processor.py:157} INFO - Started process (PID=41211) to work on /home/vscode/.local/lib/python3.10/site-packages/airflow/example_dags/example_trigger_controller_dag.py
[2025-02-03T11:59:47.075+0000] {processor.py:826} INFO - Processing file /home/vscode/.local/lib/python3.10/site-packages/airflow/example_dags/example_trigger_controller_dag.py for tasks to queue
[2025-02-03T11:59:47.076+0000] {logging_mixin.py:150} INFO - [2025-02-03T11:59:47.075+0000] {dagbag.py:541} INFO - Filling up the DagBag from /home/vscode/.local/lib/python3.10/site-packages/airflow/example_dags/example_trigger_controller_dag.py
[2025-02-03T11:59:47.079+0000] {processor.py:836} INFO - DAG(s) dict_keys(['example_trigger_controller_dag']) retrieved from /home/vscode/.local/lib/python3.10/site-packages/airflow/example_dags/example_trigger_controller_dag.py
[2025-02-03T11:59:47.092+0000] {logging_mixin.py:150} INFO - [2025-02-03T11:59:47.091+0000] {dag.py:2742} INFO - Sync 1 DAGs
[2025-02-03T11:59:47.106+0000] {logging_mixin.py:150} INFO - [2025-02-03T11:59:47.106+0000] {dag.py:3504} INFO - Setting next_dagrun for example_trigger_controller_dag to 2021-01-01T00:00:00+00:00, run_after=2021-01-01T00:00:00+00:00
[2025-02-03T11:59:47.120+0000] {processor.py:179} INFO - Processing /home/vscode/.local/lib/python3.10/site-packages/airflow/example_dags/example_trigger_controller_dag.py took 0.048 seconds
[2025-02-03T12:00:28.090+0000] {processor.py:157} INFO - Started process (PID=41488) to work on /home/vscode/.local/lib/python3.10/site-packages/airflow/example_dags/example_trigger_controller_dag.py
[2025-02-03T12:00:28.090+0000] {processor.py:826} INFO - Processing file /home/vscode/.local/lib/python3.10/site-packages/airflow/example_dags/example_trigger_controller_dag.py for tasks to queue
[2025-02-03T12:00:28.091+0000] {logging_mixin.py:150} INFO - [2025-02-03T12:00:28.091+0000] {dagbag.py:541} INFO - Filling up the DagBag from /home/vscode/.local/lib/python3.10/site-packages/airflow/example_dags/example_trigger_controller_dag.py
[2025-02-03T12:00:28.094+0000] {processor.py:836} INFO - DAG(s) dict_keys(['example_trigger_controller_dag']) retrieved from /home/vscode/.local/lib/python3.10/site-packages/airflow/example_dags/example_trigger_controller_dag.py
[2025-02-03T12:00:28.107+0000] {logging_mixin.py:150} INFO - [2025-02-03T12:00:28.106+0000] {dag.py:2742} INFO - Sync 1 DAGs
[2025-02-03T12:00:28.121+0000] {logging_mixin.py:150} INFO - [2025-02-03T12:00:28.121+0000] {dag.py:3504} INFO - Setting next_dagrun for example_trigger_controller_dag to 2021-01-01T00:00:00+00:00, run_after=2021-01-01T00:00:00+00:00
[2025-02-03T12:00:28.136+0000] {processor.py:179} INFO - Processing /home/vscode/.local/lib/python3.10/site-packages/airflow/example_dags/example_trigger_controller_dag.py took 0.049 seconds
[2025-02-03T12:01:00.572+0000] {processor.py:157} INFO - Started process (PID=41710) to work on /home/vscode/.local/lib/python3.10/site-packages/airflow/example_dags/example_trigger_controller_dag.py
[2025-02-03T12:01:00.572+0000] {processor.py:826} INFO - Processing file /home/vscode/.local/lib/python3.10/site-packages/airflow/example_dags/example_trigger_controller_dag.py for tasks to queue
[2025-02-03T12:01:00.573+0000] {logging_mixin.py:150} INFO - [2025-02-03T12:01:00.573+0000] {dagbag.py:541} INFO - Filling up the DagBag from /home/vscode/.local/lib/python3.10/site-packages/airflow/example_dags/example_trigger_controller_dag.py
[2025-02-03T12:01:00.577+0000] {processor.py:836} INFO - DAG(s) dict_keys(['example_trigger_controller_dag']) retrieved from /home/vscode/.local/lib/python3.10/site-packages/airflow/example_dags/example_trigger_controller_dag.py
[2025-02-03T12:01:00.588+0000] {logging_mixin.py:150} INFO - [2025-02-03T12:01:00.588+0000] {dag.py:2742} INFO - Sync 1 DAGs
[2025-02-03T12:01:00.602+0000] {logging_mixin.py:150} INFO - [2025-02-03T12:01:00.602+0000] {dag.py:3504} INFO - Setting next_dagrun for example_trigger_controller_dag to 2021-01-01T00:00:00+00:00, run_after=2021-01-01T00:00:00+00:00
[2025-02-03T12:01:00.617+0000] {processor.py:179} INFO - Processing /home/vscode/.local/lib/python3.10/site-packages/airflow/example_dags/example_trigger_controller_dag.py took 0.048 seconds
[2025-02-03T12:01:43.277+0000] {processor.py:157} INFO - Started process (PID=41996) to work on /home/vscode/.local/lib/python3.10/site-packages/airflow/example_dags/example_trigger_controller_dag.py
[2025-02-03T12:01:43.278+0000] {processor.py:826} INFO - Processing file /home/vscode/.local/lib/python3.10/site-packages/airflow/example_dags/example_trigger_controller_dag.py for tasks to queue
[2025-02-03T12:01:43.278+0000] {logging_mixin.py:150} INFO - [2025-02-03T12:01:43.278+0000] {dagbag.py:541} INFO - Filling up the DagBag from /home/vscode/.local/lib/python3.10/site-packages/airflow/example_dags/example_trigger_controller_dag.py
[2025-02-03T12:01:43.282+0000] {processor.py:836} INFO - DAG(s) dict_keys(['example_trigger_controller_dag']) retrieved from /home/vscode/.local/lib/python3.10/site-packages/airflow/example_dags/example_trigger_controller_dag.py
[2025-02-03T12:01:43.294+0000] {logging_mixin.py:150} INFO - [2025-02-03T12:01:43.293+0000] {dag.py:2742} INFO - Sync 1 DAGs
[2025-02-03T12:01:43.307+0000] {logging_mixin.py:150} INFO - [2025-02-03T12:01:43.307+0000] {dag.py:3504} INFO - Setting next_dagrun for example_trigger_controller_dag to 2021-01-01T00:00:00+00:00, run_after=2021-01-01T00:00:00+00:00
[2025-02-03T12:01:43.321+0000] {processor.py:179} INFO - Processing /home/vscode/.local/lib/python3.10/site-packages/airflow/example_dags/example_trigger_controller_dag.py took 0.046 seconds
[2025-02-03T12:02:26.269+0000] {processor.py:157} INFO - Started process (PID=42284) to work on /home/vscode/.local/lib/python3.10/site-packages/airflow/example_dags/example_trigger_controller_dag.py
[2025-02-03T12:02:26.270+0000] {processor.py:826} INFO - Processing file /home/vscode/.local/lib/python3.10/site-packages/airflow/example_dags/example_trigger_controller_dag.py for tasks to queue
[2025-02-03T12:02:26.270+0000] {logging_mixin.py:150} INFO - [2025-02-03T12:02:26.270+0000] {dagbag.py:541} INFO - Filling up the DagBag from /home/vscode/.local/lib/python3.10/site-packages/airflow/example_dags/example_trigger_controller_dag.py
[2025-02-03T12:02:26.274+0000] {processor.py:836} INFO - DAG(s) dict_keys(['example_trigger_controller_dag']) retrieved from /home/vscode/.local/lib/python3.10/site-packages/airflow/example_dags/example_trigger_controller_dag.py
[2025-02-03T12:02:26.286+0000] {logging_mixin.py:150} INFO - [2025-02-03T12:02:26.286+0000] {dag.py:2742} INFO - Sync 1 DAGs
[2025-02-03T12:02:26.299+0000] {logging_mixin.py:150} INFO - [2025-02-03T12:02:26.299+0000] {dag.py:3504} INFO - Setting next_dagrun for example_trigger_controller_dag to 2021-01-01T00:00:00+00:00, run_after=2021-01-01T00:00:00+00:00
[2025-02-03T12:02:26.313+0000] {processor.py:179} INFO - Processing /home/vscode/.local/lib/python3.10/site-packages/airflow/example_dags/example_trigger_controller_dag.py took 0.046 seconds
[2025-02-03T12:03:09.509+0000] {processor.py:157} INFO - Started process (PID=42566) to work on /home/vscode/.local/lib/python3.10/site-packages/airflow/example_dags/example_trigger_controller_dag.py
[2025-02-03T12:03:09.509+0000] {processor.py:826} INFO - Processing file /home/vscode/.local/lib/python3.10/site-packages/airflow/example_dags/example_trigger_controller_dag.py for tasks to queue
[2025-02-03T12:03:09.510+0000] {logging_mixin.py:150} INFO - [2025-02-03T12:03:09.510+0000] {dagbag.py:541} INFO - Filling up the DagBag from /home/vscode/.local/lib/python3.10/site-packages/airflow/example_dags/example_trigger_controller_dag.py
[2025-02-03T12:03:09.513+0000] {processor.py:836} INFO - DAG(s) dict_keys(['example_trigger_controller_dag']) retrieved from /home/vscode/.local/lib/python3.10/site-packages/airflow/example_dags/example_trigger_controller_dag.py
[2025-02-03T12:03:09.524+0000] {logging_mixin.py:150} INFO - [2025-02-03T12:03:09.524+0000] {dag.py:2742} INFO - Sync 1 DAGs
[2025-02-03T12:03:09.538+0000] {logging_mixin.py:150} INFO - [2025-02-03T12:03:09.538+0000] {dag.py:3504} INFO - Setting next_dagrun for example_trigger_controller_dag to 2021-01-01T00:00:00+00:00, run_after=2021-01-01T00:00:00+00:00
[2025-02-03T12:03:09.552+0000] {processor.py:179} INFO - Processing /home/vscode/.local/lib/python3.10/site-packages/airflow/example_dags/example_trigger_controller_dag.py took 0.046 seconds
[2025-02-03T12:03:51.563+0000] {processor.py:157} INFO - Started process (PID=42858) to work on /home/vscode/.local/lib/python3.10/site-packages/airflow/example_dags/example_trigger_controller_dag.py
[2025-02-03T12:03:51.564+0000] {processor.py:826} INFO - Processing file /home/vscode/.local/lib/python3.10/site-packages/airflow/example_dags/example_trigger_controller_dag.py for tasks to queue
[2025-02-03T12:03:51.564+0000] {logging_mixin.py:150} INFO - [2025-02-03T12:03:51.564+0000] {dagbag.py:541} INFO - Filling up the DagBag from /home/vscode/.local/lib/python3.10/site-packages/airflow/example_dags/example_trigger_controller_dag.py
[2025-02-03T12:03:51.567+0000] {processor.py:836} INFO - DAG(s) dict_keys(['example_trigger_controller_dag']) retrieved from /home/vscode/.local/lib/python3.10/site-packages/airflow/example_dags/example_trigger_controller_dag.py
[2025-02-03T12:03:51.579+0000] {logging_mixin.py:150} INFO - [2025-02-03T12:03:51.579+0000] {dag.py:2742} INFO - Sync 1 DAGs
[2025-02-03T12:03:51.593+0000] {logging_mixin.py:150} INFO - [2025-02-03T12:03:51.593+0000] {dag.py:3504} INFO - Setting next_dagrun for example_trigger_controller_dag to 2021-01-01T00:00:00+00:00, run_after=2021-01-01T00:00:00+00:00
[2025-02-03T12:03:51.606+0000] {processor.py:179} INFO - Processing /home/vscode/.local/lib/python3.10/site-packages/airflow/example_dags/example_trigger_controller_dag.py took 0.045 seconds
[2025-02-03T12:04:35.654+0000] {processor.py:157} INFO - Started process (PID=43152) to work on /home/vscode/.local/lib/python3.10/site-packages/airflow/example_dags/example_trigger_controller_dag.py
[2025-02-03T12:04:35.654+0000] {processor.py:826} INFO - Processing file /home/vscode/.local/lib/python3.10/site-packages/airflow/example_dags/example_trigger_controller_dag.py for tasks to queue
[2025-02-03T12:04:35.655+0000] {logging_mixin.py:150} INFO - [2025-02-03T12:04:35.655+0000] {dagbag.py:541} INFO - Filling up the DagBag from /home/vscode/.local/lib/python3.10/site-packages/airflow/example_dags/example_trigger_controller_dag.py
[2025-02-03T12:04:35.658+0000] {processor.py:836} INFO - DAG(s) dict_keys(['example_trigger_controller_dag']) retrieved from /home/vscode/.local/lib/python3.10/site-packages/airflow/example_dags/example_trigger_controller_dag.py
[2025-02-03T12:04:35.670+0000] {logging_mixin.py:150} INFO - [2025-02-03T12:04:35.669+0000] {dag.py:2742} INFO - Sync 1 DAGs
[2025-02-03T12:04:35.683+0000] {logging_mixin.py:150} INFO - [2025-02-03T12:04:35.683+0000] {dag.py:3504} INFO - Setting next_dagrun for example_trigger_controller_dag to 2021-01-01T00:00:00+00:00, run_after=2021-01-01T00:00:00+00:00
[2025-02-03T12:04:35.697+0000] {processor.py:179} INFO - Processing /home/vscode/.local/lib/python3.10/site-packages/airflow/example_dags/example_trigger_controller_dag.py took 0.046 seconds
[2025-02-03T12:05:18.460+0000] {processor.py:157} INFO - Started process (PID=43439) to work on /home/vscode/.local/lib/python3.10/site-packages/airflow/example_dags/example_trigger_controller_dag.py
[2025-02-03T12:05:18.461+0000] {processor.py:826} INFO - Processing file /home/vscode/.local/lib/python3.10/site-packages/airflow/example_dags/example_trigger_controller_dag.py for tasks to queue
[2025-02-03T12:05:18.462+0000] {logging_mixin.py:150} INFO - [2025-02-03T12:05:18.461+0000] {dagbag.py:541} INFO - Filling up the DagBag from /home/vscode/.local/lib/python3.10/site-packages/airflow/example_dags/example_trigger_controller_dag.py
[2025-02-03T12:05:18.465+0000] {processor.py:836} INFO - DAG(s) dict_keys(['example_trigger_controller_dag']) retrieved from /home/vscode/.local/lib/python3.10/site-packages/airflow/example_dags/example_trigger_controller_dag.py
[2025-02-03T12:05:18.476+0000] {logging_mixin.py:150} INFO - [2025-02-03T12:05:18.476+0000] {dag.py:2742} INFO - Sync 1 DAGs
[2025-02-03T12:05:18.490+0000] {logging_mixin.py:150} INFO - [2025-02-03T12:05:18.490+0000] {dag.py:3504} INFO - Setting next_dagrun for example_trigger_controller_dag to 2021-01-01T00:00:00+00:00, run_after=2021-01-01T00:00:00+00:00
[2025-02-03T12:05:18.504+0000] {processor.py:179} INFO - Processing /home/vscode/.local/lib/python3.10/site-packages/airflow/example_dags/example_trigger_controller_dag.py took 0.045 seconds
[2025-02-03T12:05:50.419+0000] {processor.py:157} INFO - Started process (PID=43651) to work on /home/vscode/.local/lib/python3.10/site-packages/airflow/example_dags/example_trigger_controller_dag.py
[2025-02-03T12:05:50.419+0000] {processor.py:826} INFO - Processing file /home/vscode/.local/lib/python3.10/site-packages/airflow/example_dags/example_trigger_controller_dag.py for tasks to queue
[2025-02-03T12:05:50.420+0000] {logging_mixin.py:150} INFO - [2025-02-03T12:05:50.420+0000] {dagbag.py:541} INFO - Filling up the DagBag from /home/vscode/.local/lib/python3.10/site-packages/airflow/example_dags/example_trigger_controller_dag.py
[2025-02-03T12:05:50.423+0000] {processor.py:836} INFO - DAG(s) dict_keys(['example_trigger_controller_dag']) retrieved from /home/vscode/.local/lib/python3.10/site-packages/airflow/example_dags/example_trigger_controller_dag.py
[2025-02-03T12:05:50.435+0000] {logging_mixin.py:150} INFO - [2025-02-03T12:05:50.435+0000] {dag.py:2742} INFO - Sync 1 DAGs
[2025-02-03T12:05:50.448+0000] {logging_mixin.py:150} INFO - [2025-02-03T12:05:50.448+0000] {dag.py:3504} INFO - Setting next_dagrun for example_trigger_controller_dag to 2021-01-01T00:00:00+00:00, run_after=2021-01-01T00:00:00+00:00
[2025-02-03T12:05:50.463+0000] {processor.py:179} INFO - Processing /home/vscode/.local/lib/python3.10/site-packages/airflow/example_dags/example_trigger_controller_dag.py took 0.047 seconds
[2025-02-03T12:06:36.355+0000] {processor.py:157} INFO - Started process (PID=43967) to work on /home/vscode/.local/lib/python3.10/site-packages/airflow/example_dags/example_trigger_controller_dag.py
[2025-02-03T12:06:36.356+0000] {processor.py:826} INFO - Processing file /home/vscode/.local/lib/python3.10/site-packages/airflow/example_dags/example_trigger_controller_dag.py for tasks to queue
[2025-02-03T12:06:36.356+0000] {logging_mixin.py:150} INFO - [2025-02-03T12:06:36.356+0000] {dagbag.py:541} INFO - Filling up the DagBag from /home/vscode/.local/lib/python3.10/site-packages/airflow/example_dags/example_trigger_controller_dag.py
[2025-02-03T12:06:36.359+0000] {processor.py:836} INFO - DAG(s) dict_keys(['example_trigger_controller_dag']) retrieved from /home/vscode/.local/lib/python3.10/site-packages/airflow/example_dags/example_trigger_controller_dag.py
[2025-02-03T12:06:36.370+0000] {logging_mixin.py:150} INFO - [2025-02-03T12:06:36.370+0000] {dag.py:2742} INFO - Sync 1 DAGs
[2025-02-03T12:06:36.384+0000] {logging_mixin.py:150} INFO - [2025-02-03T12:06:36.384+0000] {dag.py:3504} INFO - Setting next_dagrun for example_trigger_controller_dag to 2021-01-01T00:00:00+00:00, run_after=2021-01-01T00:00:00+00:00
[2025-02-03T12:06:36.397+0000] {processor.py:179} INFO - Processing /home/vscode/.local/lib/python3.10/site-packages/airflow/example_dags/example_trigger_controller_dag.py took 0.044 seconds
[2025-02-03T12:07:08.597+0000] {processor.py:157} INFO - Started process (PID=44188) to work on /home/vscode/.local/lib/python3.10/site-packages/airflow/example_dags/example_trigger_controller_dag.py
[2025-02-03T12:07:08.598+0000] {processor.py:826} INFO - Processing file /home/vscode/.local/lib/python3.10/site-packages/airflow/example_dags/example_trigger_controller_dag.py for tasks to queue
[2025-02-03T12:07:08.598+0000] {logging_mixin.py:150} INFO - [2025-02-03T12:07:08.598+0000] {dagbag.py:541} INFO - Filling up the DagBag from /home/vscode/.local/lib/python3.10/site-packages/airflow/example_dags/example_trigger_controller_dag.py
[2025-02-03T12:07:08.601+0000] {processor.py:836} INFO - DAG(s) dict_keys(['example_trigger_controller_dag']) retrieved from /home/vscode/.local/lib/python3.10/site-packages/airflow/example_dags/example_trigger_controller_dag.py
[2025-02-03T12:07:08.613+0000] {logging_mixin.py:150} INFO - [2025-02-03T12:07:08.613+0000] {dag.py:2742} INFO - Sync 1 DAGs
[2025-02-03T12:07:08.627+0000] {logging_mixin.py:150} INFO - [2025-02-03T12:07:08.627+0000] {dag.py:3504} INFO - Setting next_dagrun for example_trigger_controller_dag to 2021-01-01T00:00:00+00:00, run_after=2021-01-01T00:00:00+00:00
[2025-02-03T12:07:08.641+0000] {processor.py:179} INFO - Processing /home/vscode/.local/lib/python3.10/site-packages/airflow/example_dags/example_trigger_controller_dag.py took 0.046 seconds
[2025-02-03T12:07:50.757+0000] {processor.py:157} INFO - Started process (PID=45037) to work on /home/vscode/.local/lib/python3.10/site-packages/airflow/example_dags/example_trigger_controller_dag.py
[2025-02-03T12:07:50.758+0000] {processor.py:826} INFO - Processing file /home/vscode/.local/lib/python3.10/site-packages/airflow/example_dags/example_trigger_controller_dag.py for tasks to queue
[2025-02-03T12:07:50.758+0000] {logging_mixin.py:150} INFO - [2025-02-03T12:07:50.758+0000] {dagbag.py:541} INFO - Filling up the DagBag from /home/vscode/.local/lib/python3.10/site-packages/airflow/example_dags/example_trigger_controller_dag.py
[2025-02-03T12:07:50.761+0000] {processor.py:836} INFO - DAG(s) dict_keys(['example_trigger_controller_dag']) retrieved from /home/vscode/.local/lib/python3.10/site-packages/airflow/example_dags/example_trigger_controller_dag.py
[2025-02-03T12:07:50.775+0000] {logging_mixin.py:150} INFO - [2025-02-03T12:07:50.774+0000] {dag.py:2742} INFO - Sync 1 DAGs
[2025-02-03T12:07:50.792+0000] {logging_mixin.py:150} INFO - [2025-02-03T12:07:50.792+0000] {dag.py:3504} INFO - Setting next_dagrun for example_trigger_controller_dag to 2021-01-01T00:00:00+00:00, run_after=2021-01-01T00:00:00+00:00
[2025-02-03T12:07:50.809+0000] {processor.py:179} INFO - Processing /home/vscode/.local/lib/python3.10/site-packages/airflow/example_dags/example_trigger_controller_dag.py took 0.055 seconds
[2025-02-03T12:08:22.151+0000] {processor.py:157} INFO - Started process (PID=46342) to work on /home/vscode/.local/lib/python3.10/site-packages/airflow/example_dags/example_trigger_controller_dag.py
[2025-02-03T12:08:22.152+0000] {processor.py:826} INFO - Processing file /home/vscode/.local/lib/python3.10/site-packages/airflow/example_dags/example_trigger_controller_dag.py for tasks to queue
[2025-02-03T12:08:22.152+0000] {logging_mixin.py:150} INFO - [2025-02-03T12:08:22.152+0000] {dagbag.py:541} INFO - Filling up the DagBag from /home/vscode/.local/lib/python3.10/site-packages/airflow/example_dags/example_trigger_controller_dag.py
[2025-02-03T12:08:22.156+0000] {processor.py:836} INFO - DAG(s) dict_keys(['example_trigger_controller_dag']) retrieved from /home/vscode/.local/lib/python3.10/site-packages/airflow/example_dags/example_trigger_controller_dag.py
[2025-02-03T12:08:22.167+0000] {logging_mixin.py:150} INFO - [2025-02-03T12:08:22.167+0000] {dag.py:2742} INFO - Sync 1 DAGs
[2025-02-03T12:08:22.181+0000] {logging_mixin.py:150} INFO - [2025-02-03T12:08:22.181+0000] {dag.py:3504} INFO - Setting next_dagrun for example_trigger_controller_dag to 2021-01-01T00:00:00+00:00, run_after=2021-01-01T00:00:00+00:00
[2025-02-03T12:08:22.196+0000] {processor.py:179} INFO - Processing /home/vscode/.local/lib/python3.10/site-packages/airflow/example_dags/example_trigger_controller_dag.py took 0.047 seconds
[2025-02-03T12:08:53.497+0000] {processor.py:157} INFO - Started process (PID=46574) to work on /home/vscode/.local/lib/python3.10/site-packages/airflow/example_dags/example_trigger_controller_dag.py
[2025-02-03T12:08:53.498+0000] {processor.py:826} INFO - Processing file /home/vscode/.local/lib/python3.10/site-packages/airflow/example_dags/example_trigger_controller_dag.py for tasks to queue
[2025-02-03T12:08:53.499+0000] {logging_mixin.py:150} INFO - [2025-02-03T12:08:53.498+0000] {dagbag.py:541} INFO - Filling up the DagBag from /home/vscode/.local/lib/python3.10/site-packages/airflow/example_dags/example_trigger_controller_dag.py
[2025-02-03T12:08:53.502+0000] {processor.py:836} INFO - DAG(s) dict_keys(['example_trigger_controller_dag']) retrieved from /home/vscode/.local/lib/python3.10/site-packages/airflow/example_dags/example_trigger_controller_dag.py
[2025-02-03T12:08:53.514+0000] {logging_mixin.py:150} INFO - [2025-02-03T12:08:53.514+0000] {dag.py:2742} INFO - Sync 1 DAGs
[2025-02-03T12:08:53.531+0000] {logging_mixin.py:150} INFO - [2025-02-03T12:08:53.531+0000] {dag.py:3504} INFO - Setting next_dagrun for example_trigger_controller_dag to 2021-01-01T00:00:00+00:00, run_after=2021-01-01T00:00:00+00:00
[2025-02-03T12:08:53.546+0000] {processor.py:179} INFO - Processing /home/vscode/.local/lib/python3.10/site-packages/airflow/example_dags/example_trigger_controller_dag.py took 0.051 seconds
[2025-02-03T12:09:35.452+0000] {processor.py:157} INFO - Started process (PID=47493) to work on /home/vscode/.local/lib/python3.10/site-packages/airflow/example_dags/example_trigger_controller_dag.py
[2025-02-03T12:09:35.453+0000] {processor.py:826} INFO - Processing file /home/vscode/.local/lib/python3.10/site-packages/airflow/example_dags/example_trigger_controller_dag.py for tasks to queue
[2025-02-03T12:09:35.454+0000] {logging_mixin.py:150} INFO - [2025-02-03T12:09:35.453+0000] {dagbag.py:541} INFO - Filling up the DagBag from /home/vscode/.local/lib/python3.10/site-packages/airflow/example_dags/example_trigger_controller_dag.py
[2025-02-03T12:09:35.457+0000] {processor.py:836} INFO - DAG(s) dict_keys(['example_trigger_controller_dag']) retrieved from /home/vscode/.local/lib/python3.10/site-packages/airflow/example_dags/example_trigger_controller_dag.py
[2025-02-03T12:09:35.468+0000] {logging_mixin.py:150} INFO - [2025-02-03T12:09:35.468+0000] {dag.py:2742} INFO - Sync 1 DAGs
[2025-02-03T12:09:35.488+0000] {logging_mixin.py:150} INFO - [2025-02-03T12:09:35.487+0000] {dag.py:3504} INFO - Setting next_dagrun for example_trigger_controller_dag to 2021-01-01T00:00:00+00:00, run_after=2021-01-01T00:00:00+00:00
[2025-02-03T12:09:35.504+0000] {processor.py:179} INFO - Processing /home/vscode/.local/lib/python3.10/site-packages/airflow/example_dags/example_trigger_controller_dag.py took 0.054 seconds
