[2025-02-03T11:50:45.160+0000] {processor.py:157} INFO - Started process (PID=37573) to work on /home/vscode/.local/lib/python3.10/site-packages/airflow/example_dags/example_kubernetes_executor.py
[2025-02-03T11:50:45.160+0000] {processor.py:826} INFO - Processing file /home/vscode/.local/lib/python3.10/site-packages/airflow/example_dags/example_kubernetes_executor.py for tasks to queue
[2025-02-03T11:50:45.161+0000] {logging_mixin.py:150} INFO - [2025-02-03T11:50:45.161+0000] {dagbag.py:541} INFO - Filling up the DagBag from /home/vscode/.local/lib/python3.10/site-packages/airflow/example_dags/example_kubernetes_executor.py
[2025-02-03T11:50:45.163+0000] {logging_mixin.py:150} INFO - [2025-02-03T11:50:45.163+0000] {example_kubernetes_executor.py:41} WARNING - The example_kubernetes_executor example DAG requires the kubernetes provider. Please install it with: pip install apache-airflow[cncf.kubernetes]
[2025-02-03T11:50:45.163+0000] {processor.py:838} WARNING - No viable dags retrieved from /home/vscode/.local/lib/python3.10/site-packages/airflow/example_dags/example_kubernetes_executor.py
[2025-02-03T11:50:45.169+0000] {processor.py:179} INFO - Processing /home/vscode/.local/lib/python3.10/site-packages/airflow/example_dags/example_kubernetes_executor.py took 0.012 seconds
[2025-02-03T11:51:31.377+0000] {processor.py:157} INFO - Started process (PID=37887) to work on /home/vscode/.local/lib/python3.10/site-packages/airflow/example_dags/example_kubernetes_executor.py
[2025-02-03T11:51:31.378+0000] {processor.py:826} INFO - Processing file /home/vscode/.local/lib/python3.10/site-packages/airflow/example_dags/example_kubernetes_executor.py for tasks to queue
[2025-02-03T11:51:31.379+0000] {logging_mixin.py:150} INFO - [2025-02-03T11:51:31.378+0000] {dagbag.py:541} INFO - Filling up the DagBag from /home/vscode/.local/lib/python3.10/site-packages/airflow/example_dags/example_kubernetes_executor.py
[2025-02-03T11:51:31.381+0000] {logging_mixin.py:150} INFO - [2025-02-03T11:51:31.381+0000] {example_kubernetes_executor.py:41} WARNING - The example_kubernetes_executor example DAG requires the kubernetes provider. Please install it with: pip install apache-airflow[cncf.kubernetes]
[2025-02-03T11:51:31.381+0000] {processor.py:838} WARNING - No viable dags retrieved from /home/vscode/.local/lib/python3.10/site-packages/airflow/example_dags/example_kubernetes_executor.py
[2025-02-03T11:51:31.388+0000] {processor.py:179} INFO - Processing /home/vscode/.local/lib/python3.10/site-packages/airflow/example_dags/example_kubernetes_executor.py took 0.013 seconds
[2025-02-03T11:52:17.471+0000] {processor.py:157} INFO - Started process (PID=38191) to work on /home/vscode/.local/lib/python3.10/site-packages/airflow/example_dags/example_kubernetes_executor.py
[2025-02-03T11:52:17.471+0000] {processor.py:826} INFO - Processing file /home/vscode/.local/lib/python3.10/site-packages/airflow/example_dags/example_kubernetes_executor.py for tasks to queue
[2025-02-03T11:52:17.472+0000] {logging_mixin.py:150} INFO - [2025-02-03T11:52:17.472+0000] {dagbag.py:541} INFO - Filling up the DagBag from /home/vscode/.local/lib/python3.10/site-packages/airflow/example_dags/example_kubernetes_executor.py
[2025-02-03T11:52:17.474+0000] {logging_mixin.py:150} INFO - [2025-02-03T11:52:17.474+0000] {example_kubernetes_executor.py:41} WARNING - The example_kubernetes_executor example DAG requires the kubernetes provider. Please install it with: pip install apache-airflow[cncf.kubernetes]
[2025-02-03T11:52:17.474+0000] {processor.py:838} WARNING - No viable dags retrieved from /home/vscode/.local/lib/python3.10/site-packages/airflow/example_dags/example_kubernetes_executor.py
[2025-02-03T11:52:17.481+0000] {processor.py:179} INFO - Processing /home/vscode/.local/lib/python3.10/site-packages/airflow/example_dags/example_kubernetes_executor.py took 0.013 seconds
[2025-02-03T11:53:01.416+0000] {processor.py:157} INFO - Started process (PID=38488) to work on /home/vscode/.local/lib/python3.10/site-packages/airflow/example_dags/example_kubernetes_executor.py
[2025-02-03T11:53:01.417+0000] {processor.py:826} INFO - Processing file /home/vscode/.local/lib/python3.10/site-packages/airflow/example_dags/example_kubernetes_executor.py for tasks to queue
[2025-02-03T11:53:01.418+0000] {logging_mixin.py:150} INFO - [2025-02-03T11:53:01.417+0000] {dagbag.py:541} INFO - Filling up the DagBag from /home/vscode/.local/lib/python3.10/site-packages/airflow/example_dags/example_kubernetes_executor.py
[2025-02-03T11:53:01.420+0000] {logging_mixin.py:150} INFO - [2025-02-03T11:53:01.420+0000] {example_kubernetes_executor.py:41} WARNING - The example_kubernetes_executor example DAG requires the kubernetes provider. Please install it with: pip install apache-airflow[cncf.kubernetes]
[2025-02-03T11:53:01.420+0000] {processor.py:838} WARNING - No viable dags retrieved from /home/vscode/.local/lib/python3.10/site-packages/airflow/example_dags/example_kubernetes_executor.py
[2025-02-03T11:53:01.427+0000] {processor.py:179} INFO - Processing /home/vscode/.local/lib/python3.10/site-packages/airflow/example_dags/example_kubernetes_executor.py took 0.013 seconds
[2025-02-03T11:53:46.505+0000] {processor.py:157} INFO - Started process (PID=38792) to work on /home/vscode/.local/lib/python3.10/site-packages/airflow/example_dags/example_kubernetes_executor.py
[2025-02-03T11:53:46.505+0000] {processor.py:826} INFO - Processing file /home/vscode/.local/lib/python3.10/site-packages/airflow/example_dags/example_kubernetes_executor.py for tasks to queue
[2025-02-03T11:53:46.506+0000] {logging_mixin.py:150} INFO - [2025-02-03T11:53:46.506+0000] {dagbag.py:541} INFO - Filling up the DagBag from /home/vscode/.local/lib/python3.10/site-packages/airflow/example_dags/example_kubernetes_executor.py
[2025-02-03T11:53:46.508+0000] {logging_mixin.py:150} INFO - [2025-02-03T11:53:46.508+0000] {example_kubernetes_executor.py:41} WARNING - The example_kubernetes_executor example DAG requires the kubernetes provider. Please install it with: pip install apache-airflow[cncf.kubernetes]
[2025-02-03T11:53:46.508+0000] {processor.py:838} WARNING - No viable dags retrieved from /home/vscode/.local/lib/python3.10/site-packages/airflow/example_dags/example_kubernetes_executor.py
[2025-02-03T11:53:46.515+0000] {processor.py:179} INFO - Processing /home/vscode/.local/lib/python3.10/site-packages/airflow/example_dags/example_kubernetes_executor.py took 0.012 seconds
[2025-02-03T11:54:32.613+0000] {processor.py:157} INFO - Started process (PID=39102) to work on /home/vscode/.local/lib/python3.10/site-packages/airflow/example_dags/example_kubernetes_executor.py
[2025-02-03T11:54:32.614+0000] {processor.py:826} INFO - Processing file /home/vscode/.local/lib/python3.10/site-packages/airflow/example_dags/example_kubernetes_executor.py for tasks to queue
[2025-02-03T11:54:32.614+0000] {logging_mixin.py:150} INFO - [2025-02-03T11:54:32.614+0000] {dagbag.py:541} INFO - Filling up the DagBag from /home/vscode/.local/lib/python3.10/site-packages/airflow/example_dags/example_kubernetes_executor.py
[2025-02-03T11:54:32.616+0000] {logging_mixin.py:150} INFO - [2025-02-03T11:54:32.616+0000] {example_kubernetes_executor.py:41} WARNING - The example_kubernetes_executor example DAG requires the kubernetes provider. Please install it with: pip install apache-airflow[cncf.kubernetes]
[2025-02-03T11:54:32.617+0000] {processor.py:838} WARNING - No viable dags retrieved from /home/vscode/.local/lib/python3.10/site-packages/airflow/example_dags/example_kubernetes_executor.py
[2025-02-03T11:54:32.623+0000] {processor.py:179} INFO - Processing /home/vscode/.local/lib/python3.10/site-packages/airflow/example_dags/example_kubernetes_executor.py took 0.012 seconds
[2025-02-03T11:55:13.961+0000] {processor.py:157} INFO - Started process (PID=39381) to work on /home/vscode/.local/lib/python3.10/site-packages/airflow/example_dags/example_kubernetes_executor.py
[2025-02-03T11:55:13.962+0000] {processor.py:826} INFO - Processing file /home/vscode/.local/lib/python3.10/site-packages/airflow/example_dags/example_kubernetes_executor.py for tasks to queue
[2025-02-03T11:55:13.962+0000] {logging_mixin.py:150} INFO - [2025-02-03T11:55:13.962+0000] {dagbag.py:541} INFO - Filling up the DagBag from /home/vscode/.local/lib/python3.10/site-packages/airflow/example_dags/example_kubernetes_executor.py
[2025-02-03T11:55:13.964+0000] {logging_mixin.py:150} INFO - [2025-02-03T11:55:13.964+0000] {example_kubernetes_executor.py:41} WARNING - The example_kubernetes_executor example DAG requires the kubernetes provider. Please install it with: pip install apache-airflow[cncf.kubernetes]
[2025-02-03T11:55:13.965+0000] {processor.py:838} WARNING - No viable dags retrieved from /home/vscode/.local/lib/python3.10/site-packages/airflow/example_dags/example_kubernetes_executor.py
[2025-02-03T11:55:13.971+0000] {processor.py:179} INFO - Processing /home/vscode/.local/lib/python3.10/site-packages/airflow/example_dags/example_kubernetes_executor.py took 0.012 seconds
[2025-02-03T11:55:58.771+0000] {processor.py:157} INFO - Started process (PID=39682) to work on /home/vscode/.local/lib/python3.10/site-packages/airflow/example_dags/example_kubernetes_executor.py
[2025-02-03T11:55:58.771+0000] {processor.py:826} INFO - Processing file /home/vscode/.local/lib/python3.10/site-packages/airflow/example_dags/example_kubernetes_executor.py for tasks to queue
[2025-02-03T11:55:58.772+0000] {logging_mixin.py:150} INFO - [2025-02-03T11:55:58.772+0000] {dagbag.py:541} INFO - Filling up the DagBag from /home/vscode/.local/lib/python3.10/site-packages/airflow/example_dags/example_kubernetes_executor.py
[2025-02-03T11:55:58.774+0000] {logging_mixin.py:150} INFO - [2025-02-03T11:55:58.774+0000] {example_kubernetes_executor.py:41} WARNING - The example_kubernetes_executor example DAG requires the kubernetes provider. Please install it with: pip install apache-airflow[cncf.kubernetes]
[2025-02-03T11:55:58.774+0000] {processor.py:838} WARNING - No viable dags retrieved from /home/vscode/.local/lib/python3.10/site-packages/airflow/example_dags/example_kubernetes_executor.py
[2025-02-03T11:55:58.781+0000] {processor.py:179} INFO - Processing /home/vscode/.local/lib/python3.10/site-packages/airflow/example_dags/example_kubernetes_executor.py took 0.012 seconds
[2025-02-03T11:56:38.422+0000] {processor.py:157} INFO - Started process (PID=39946) to work on /home/vscode/.local/lib/python3.10/site-packages/airflow/example_dags/example_kubernetes_executor.py
[2025-02-03T11:56:38.423+0000] {processor.py:826} INFO - Processing file /home/vscode/.local/lib/python3.10/site-packages/airflow/example_dags/example_kubernetes_executor.py for tasks to queue
[2025-02-03T11:56:38.423+0000] {logging_mixin.py:150} INFO - [2025-02-03T11:56:38.423+0000] {dagbag.py:541} INFO - Filling up the DagBag from /home/vscode/.local/lib/python3.10/site-packages/airflow/example_dags/example_kubernetes_executor.py
[2025-02-03T11:56:38.426+0000] {logging_mixin.py:150} INFO - [2025-02-03T11:56:38.426+0000] {example_kubernetes_executor.py:41} WARNING - The example_kubernetes_executor example DAG requires the kubernetes provider. Please install it with: pip install apache-airflow[cncf.kubernetes]
[2025-02-03T11:56:38.426+0000] {processor.py:838} WARNING - No viable dags retrieved from /home/vscode/.local/lib/python3.10/site-packages/airflow/example_dags/example_kubernetes_executor.py
[2025-02-03T11:56:38.433+0000] {processor.py:179} INFO - Processing /home/vscode/.local/lib/python3.10/site-packages/airflow/example_dags/example_kubernetes_executor.py took 0.013 seconds
[2025-02-03T11:57:23.274+0000] {processor.py:157} INFO - Started process (PID=40249) to work on /home/vscode/.local/lib/python3.10/site-packages/airflow/example_dags/example_kubernetes_executor.py
[2025-02-03T11:57:23.274+0000] {processor.py:826} INFO - Processing file /home/vscode/.local/lib/python3.10/site-packages/airflow/example_dags/example_kubernetes_executor.py for tasks to queue
[2025-02-03T11:57:23.275+0000] {logging_mixin.py:150} INFO - [2025-02-03T11:57:23.275+0000] {dagbag.py:541} INFO - Filling up the DagBag from /home/vscode/.local/lib/python3.10/site-packages/airflow/example_dags/example_kubernetes_executor.py
[2025-02-03T11:57:23.277+0000] {logging_mixin.py:150} INFO - [2025-02-03T11:57:23.277+0000] {example_kubernetes_executor.py:41} WARNING - The example_kubernetes_executor example DAG requires the kubernetes provider. Please install it with: pip install apache-airflow[cncf.kubernetes]
[2025-02-03T11:57:23.277+0000] {processor.py:838} WARNING - No viable dags retrieved from /home/vscode/.local/lib/python3.10/site-packages/airflow/example_dags/example_kubernetes_executor.py
[2025-02-03T11:57:23.284+0000] {processor.py:179} INFO - Processing /home/vscode/.local/lib/python3.10/site-packages/airflow/example_dags/example_kubernetes_executor.py took 0.012 seconds
[2025-02-03T11:58:11.259+0000] {processor.py:157} INFO - Started process (PID=40573) to work on /home/vscode/.local/lib/python3.10/site-packages/airflow/example_dags/example_kubernetes_executor.py
[2025-02-03T11:58:11.260+0000] {processor.py:826} INFO - Processing file /home/vscode/.local/lib/python3.10/site-packages/airflow/example_dags/example_kubernetes_executor.py for tasks to queue
[2025-02-03T11:58:11.260+0000] {logging_mixin.py:150} INFO - [2025-02-03T11:58:11.260+0000] {dagbag.py:541} INFO - Filling up the DagBag from /home/vscode/.local/lib/python3.10/site-packages/airflow/example_dags/example_kubernetes_executor.py
[2025-02-03T11:58:11.262+0000] {logging_mixin.py:150} INFO - [2025-02-03T11:58:11.262+0000] {example_kubernetes_executor.py:41} WARNING - The example_kubernetes_executor example DAG requires the kubernetes provider. Please install it with: pip install apache-airflow[cncf.kubernetes]
[2025-02-03T11:58:11.262+0000] {processor.py:838} WARNING - No viable dags retrieved from /home/vscode/.local/lib/python3.10/site-packages/airflow/example_dags/example_kubernetes_executor.py
[2025-02-03T11:58:11.269+0000] {processor.py:179} INFO - Processing /home/vscode/.local/lib/python3.10/site-packages/airflow/example_dags/example_kubernetes_executor.py took 0.012 seconds
[2025-02-03T11:58:54.599+0000] {processor.py:157} INFO - Started process (PID=40863) to work on /home/vscode/.local/lib/python3.10/site-packages/airflow/example_dags/example_kubernetes_executor.py
[2025-02-03T11:58:54.600+0000] {processor.py:826} INFO - Processing file /home/vscode/.local/lib/python3.10/site-packages/airflow/example_dags/example_kubernetes_executor.py for tasks to queue
[2025-02-03T11:58:54.601+0000] {logging_mixin.py:150} INFO - [2025-02-03T11:58:54.600+0000] {dagbag.py:541} INFO - Filling up the DagBag from /home/vscode/.local/lib/python3.10/site-packages/airflow/example_dags/example_kubernetes_executor.py
[2025-02-03T11:58:54.603+0000] {logging_mixin.py:150} INFO - [2025-02-03T11:58:54.603+0000] {example_kubernetes_executor.py:41} WARNING - The example_kubernetes_executor example DAG requires the kubernetes provider. Please install it with: pip install apache-airflow[cncf.kubernetes]
[2025-02-03T11:58:54.603+0000] {processor.py:838} WARNING - No viable dags retrieved from /home/vscode/.local/lib/python3.10/site-packages/airflow/example_dags/example_kubernetes_executor.py
[2025-02-03T11:58:54.610+0000] {processor.py:179} INFO - Processing /home/vscode/.local/lib/python3.10/site-packages/airflow/example_dags/example_kubernetes_executor.py took 0.013 seconds
[2025-02-03T11:59:37.930+0000] {processor.py:157} INFO - Started process (PID=41149) to work on /home/vscode/.local/lib/python3.10/site-packages/airflow/example_dags/example_kubernetes_executor.py
[2025-02-03T11:59:37.931+0000] {processor.py:826} INFO - Processing file /home/vscode/.local/lib/python3.10/site-packages/airflow/example_dags/example_kubernetes_executor.py for tasks to queue
[2025-02-03T11:59:37.932+0000] {logging_mixin.py:150} INFO - [2025-02-03T11:59:37.932+0000] {dagbag.py:541} INFO - Filling up the DagBag from /home/vscode/.local/lib/python3.10/site-packages/airflow/example_dags/example_kubernetes_executor.py
[2025-02-03T11:59:37.934+0000] {logging_mixin.py:150} INFO - [2025-02-03T11:59:37.934+0000] {example_kubernetes_executor.py:41} WARNING - The example_kubernetes_executor example DAG requires the kubernetes provider. Please install it with: pip install apache-airflow[cncf.kubernetes]
[2025-02-03T11:59:37.934+0000] {processor.py:838} WARNING - No viable dags retrieved from /home/vscode/.local/lib/python3.10/site-packages/airflow/example_dags/example_kubernetes_executor.py
[2025-02-03T11:59:37.943+0000] {processor.py:179} INFO - Processing /home/vscode/.local/lib/python3.10/site-packages/airflow/example_dags/example_kubernetes_executor.py took 0.014 seconds
[2025-02-03T12:00:20.034+0000] {processor.py:157} INFO - Started process (PID=41435) to work on /home/vscode/.local/lib/python3.10/site-packages/airflow/example_dags/example_kubernetes_executor.py
[2025-02-03T12:00:20.035+0000] {processor.py:826} INFO - Processing file /home/vscode/.local/lib/python3.10/site-packages/airflow/example_dags/example_kubernetes_executor.py for tasks to queue
[2025-02-03T12:00:20.036+0000] {logging_mixin.py:150} INFO - [2025-02-03T12:00:20.035+0000] {dagbag.py:541} INFO - Filling up the DagBag from /home/vscode/.local/lib/python3.10/site-packages/airflow/example_dags/example_kubernetes_executor.py
[2025-02-03T12:00:20.038+0000] {logging_mixin.py:150} INFO - [2025-02-03T12:00:20.038+0000] {example_kubernetes_executor.py:41} WARNING - The example_kubernetes_executor example DAG requires the kubernetes provider. Please install it with: pip install apache-airflow[cncf.kubernetes]
[2025-02-03T12:00:20.038+0000] {processor.py:838} WARNING - No viable dags retrieved from /home/vscode/.local/lib/python3.10/site-packages/airflow/example_dags/example_kubernetes_executor.py
[2025-02-03T12:00:20.045+0000] {processor.py:179} INFO - Processing /home/vscode/.local/lib/python3.10/site-packages/airflow/example_dags/example_kubernetes_executor.py took 0.012 seconds
[2025-02-03T12:01:08.055+0000] {processor.py:157} INFO - Started process (PID=41756) to work on /home/vscode/.local/lib/python3.10/site-packages/airflow/example_dags/example_kubernetes_executor.py
[2025-02-03T12:01:08.056+0000] {processor.py:826} INFO - Processing file /home/vscode/.local/lib/python3.10/site-packages/airflow/example_dags/example_kubernetes_executor.py for tasks to queue
[2025-02-03T12:01:08.057+0000] {logging_mixin.py:150} INFO - [2025-02-03T12:01:08.056+0000] {dagbag.py:541} INFO - Filling up the DagBag from /home/vscode/.local/lib/python3.10/site-packages/airflow/example_dags/example_kubernetes_executor.py
[2025-02-03T12:01:08.059+0000] {logging_mixin.py:150} INFO - [2025-02-03T12:01:08.059+0000] {example_kubernetes_executor.py:41} WARNING - The example_kubernetes_executor example DAG requires the kubernetes provider. Please install it with: pip install apache-airflow[cncf.kubernetes]
[2025-02-03T12:01:08.059+0000] {processor.py:838} WARNING - No viable dags retrieved from /home/vscode/.local/lib/python3.10/site-packages/airflow/example_dags/example_kubernetes_executor.py
[2025-02-03T12:01:08.065+0000] {processor.py:179} INFO - Processing /home/vscode/.local/lib/python3.10/site-packages/airflow/example_dags/example_kubernetes_executor.py took 0.012 seconds
[2025-02-03T12:01:50.013+0000] {processor.py:157} INFO - Started process (PID=42035) to work on /home/vscode/.local/lib/python3.10/site-packages/airflow/example_dags/example_kubernetes_executor.py
[2025-02-03T12:01:50.014+0000] {processor.py:826} INFO - Processing file /home/vscode/.local/lib/python3.10/site-packages/airflow/example_dags/example_kubernetes_executor.py for tasks to queue
[2025-02-03T12:01:50.015+0000] {logging_mixin.py:150} INFO - [2025-02-03T12:01:50.014+0000] {dagbag.py:541} INFO - Filling up the DagBag from /home/vscode/.local/lib/python3.10/site-packages/airflow/example_dags/example_kubernetes_executor.py
[2025-02-03T12:01:50.017+0000] {logging_mixin.py:150} INFO - [2025-02-03T12:01:50.017+0000] {example_kubernetes_executor.py:41} WARNING - The example_kubernetes_executor example DAG requires the kubernetes provider. Please install it with: pip install apache-airflow[cncf.kubernetes]
[2025-02-03T12:01:50.017+0000] {processor.py:838} WARNING - No viable dags retrieved from /home/vscode/.local/lib/python3.10/site-packages/airflow/example_dags/example_kubernetes_executor.py
[2025-02-03T12:01:50.024+0000] {processor.py:179} INFO - Processing /home/vscode/.local/lib/python3.10/site-packages/airflow/example_dags/example_kubernetes_executor.py took 0.013 seconds
[2025-02-03T12:02:33.287+0000] {processor.py:157} INFO - Started process (PID=42335) to work on /home/vscode/.local/lib/python3.10/site-packages/airflow/example_dags/example_kubernetes_executor.py
[2025-02-03T12:02:33.287+0000] {processor.py:826} INFO - Processing file /home/vscode/.local/lib/python3.10/site-packages/airflow/example_dags/example_kubernetes_executor.py for tasks to queue
[2025-02-03T12:02:33.288+0000] {logging_mixin.py:150} INFO - [2025-02-03T12:02:33.288+0000] {dagbag.py:541} INFO - Filling up the DagBag from /home/vscode/.local/lib/python3.10/site-packages/airflow/example_dags/example_kubernetes_executor.py
[2025-02-03T12:02:33.290+0000] {logging_mixin.py:150} INFO - [2025-02-03T12:02:33.290+0000] {example_kubernetes_executor.py:41} WARNING - The example_kubernetes_executor example DAG requires the kubernetes provider. Please install it with: pip install apache-airflow[cncf.kubernetes]
[2025-02-03T12:02:33.291+0000] {processor.py:838} WARNING - No viable dags retrieved from /home/vscode/.local/lib/python3.10/site-packages/airflow/example_dags/example_kubernetes_executor.py
[2025-02-03T12:02:33.297+0000] {processor.py:179} INFO - Processing /home/vscode/.local/lib/python3.10/site-packages/airflow/example_dags/example_kubernetes_executor.py took 0.013 seconds
[2025-02-03T12:03:16.383+0000] {processor.py:157} INFO - Started process (PID=42623) to work on /home/vscode/.local/lib/python3.10/site-packages/airflow/example_dags/example_kubernetes_executor.py
[2025-02-03T12:03:16.383+0000] {processor.py:826} INFO - Processing file /home/vscode/.local/lib/python3.10/site-packages/airflow/example_dags/example_kubernetes_executor.py for tasks to queue
[2025-02-03T12:03:16.384+0000] {logging_mixin.py:150} INFO - [2025-02-03T12:03:16.384+0000] {dagbag.py:541} INFO - Filling up the DagBag from /home/vscode/.local/lib/python3.10/site-packages/airflow/example_dags/example_kubernetes_executor.py
[2025-02-03T12:03:16.386+0000] {logging_mixin.py:150} INFO - [2025-02-03T12:03:16.386+0000] {example_kubernetes_executor.py:41} WARNING - The example_kubernetes_executor example DAG requires the kubernetes provider. Please install it with: pip install apache-airflow[cncf.kubernetes]
[2025-02-03T12:03:16.386+0000] {processor.py:838} WARNING - No viable dags retrieved from /home/vscode/.local/lib/python3.10/site-packages/airflow/example_dags/example_kubernetes_executor.py
[2025-02-03T12:03:16.393+0000] {processor.py:179} INFO - Processing /home/vscode/.local/lib/python3.10/site-packages/airflow/example_dags/example_kubernetes_executor.py took 0.013 seconds
[2025-02-03T12:03:59.762+0000] {processor.py:157} INFO - Started process (PID=42910) to work on /home/vscode/.local/lib/python3.10/site-packages/airflow/example_dags/example_kubernetes_executor.py
[2025-02-03T12:03:59.763+0000] {processor.py:826} INFO - Processing file /home/vscode/.local/lib/python3.10/site-packages/airflow/example_dags/example_kubernetes_executor.py for tasks to queue
[2025-02-03T12:03:59.764+0000] {logging_mixin.py:150} INFO - [2025-02-03T12:03:59.763+0000] {dagbag.py:541} INFO - Filling up the DagBag from /home/vscode/.local/lib/python3.10/site-packages/airflow/example_dags/example_kubernetes_executor.py
[2025-02-03T12:03:59.766+0000] {logging_mixin.py:150} INFO - [2025-02-03T12:03:59.766+0000] {example_kubernetes_executor.py:41} WARNING - The example_kubernetes_executor example DAG requires the kubernetes provider. Please install it with: pip install apache-airflow[cncf.kubernetes]
[2025-02-03T12:03:59.766+0000] {processor.py:838} WARNING - No viable dags retrieved from /home/vscode/.local/lib/python3.10/site-packages/airflow/example_dags/example_kubernetes_executor.py
[2025-02-03T12:03:59.773+0000] {processor.py:179} INFO - Processing /home/vscode/.local/lib/python3.10/site-packages/airflow/example_dags/example_kubernetes_executor.py took 0.012 seconds
[2025-02-03T12:04:43.369+0000] {processor.py:157} INFO - Started process (PID=43205) to work on /home/vscode/.local/lib/python3.10/site-packages/airflow/example_dags/example_kubernetes_executor.py
[2025-02-03T12:04:43.369+0000] {processor.py:826} INFO - Processing file /home/vscode/.local/lib/python3.10/site-packages/airflow/example_dags/example_kubernetes_executor.py for tasks to queue
[2025-02-03T12:04:43.370+0000] {logging_mixin.py:150} INFO - [2025-02-03T12:04:43.370+0000] {dagbag.py:541} INFO - Filling up the DagBag from /home/vscode/.local/lib/python3.10/site-packages/airflow/example_dags/example_kubernetes_executor.py
[2025-02-03T12:04:43.372+0000] {logging_mixin.py:150} INFO - [2025-02-03T12:04:43.372+0000] {example_kubernetes_executor.py:41} WARNING - The example_kubernetes_executor example DAG requires the kubernetes provider. Please install it with: pip install apache-airflow[cncf.kubernetes]
[2025-02-03T12:04:43.372+0000] {processor.py:838} WARNING - No viable dags retrieved from /home/vscode/.local/lib/python3.10/site-packages/airflow/example_dags/example_kubernetes_executor.py
[2025-02-03T12:04:43.379+0000] {processor.py:179} INFO - Processing /home/vscode/.local/lib/python3.10/site-packages/airflow/example_dags/example_kubernetes_executor.py took 0.013 seconds
[2025-02-03T12:05:27.003+0000] {processor.py:157} INFO - Started process (PID=43498) to work on /home/vscode/.local/lib/python3.10/site-packages/airflow/example_dags/example_kubernetes_executor.py
[2025-02-03T12:05:27.004+0000] {processor.py:826} INFO - Processing file /home/vscode/.local/lib/python3.10/site-packages/airflow/example_dags/example_kubernetes_executor.py for tasks to queue
[2025-02-03T12:05:27.004+0000] {logging_mixin.py:150} INFO - [2025-02-03T12:05:27.004+0000] {dagbag.py:541} INFO - Filling up the DagBag from /home/vscode/.local/lib/python3.10/site-packages/airflow/example_dags/example_kubernetes_executor.py
[2025-02-03T12:05:27.007+0000] {logging_mixin.py:150} INFO - [2025-02-03T12:05:27.007+0000] {example_kubernetes_executor.py:41} WARNING - The example_kubernetes_executor example DAG requires the kubernetes provider. Please install it with: pip install apache-airflow[cncf.kubernetes]
[2025-02-03T12:05:27.007+0000] {processor.py:838} WARNING - No viable dags retrieved from /home/vscode/.local/lib/python3.10/site-packages/airflow/example_dags/example_kubernetes_executor.py
[2025-02-03T12:05:27.014+0000] {processor.py:179} INFO - Processing /home/vscode/.local/lib/python3.10/site-packages/airflow/example_dags/example_kubernetes_executor.py took 0.013 seconds
[2025-02-03T12:06:14.561+0000] {processor.py:157} INFO - Started process (PID=43820) to work on /home/vscode/.local/lib/python3.10/site-packages/airflow/example_dags/example_kubernetes_executor.py
[2025-02-03T12:06:14.561+0000] {processor.py:826} INFO - Processing file /home/vscode/.local/lib/python3.10/site-packages/airflow/example_dags/example_kubernetes_executor.py for tasks to queue
[2025-02-03T12:06:14.562+0000] {logging_mixin.py:150} INFO - [2025-02-03T12:06:14.562+0000] {dagbag.py:541} INFO - Filling up the DagBag from /home/vscode/.local/lib/python3.10/site-packages/airflow/example_dags/example_kubernetes_executor.py
[2025-02-03T12:06:14.564+0000] {logging_mixin.py:150} INFO - [2025-02-03T12:06:14.564+0000] {example_kubernetes_executor.py:41} WARNING - The example_kubernetes_executor example DAG requires the kubernetes provider. Please install it with: pip install apache-airflow[cncf.kubernetes]
[2025-02-03T12:06:14.565+0000] {processor.py:838} WARNING - No viable dags retrieved from /home/vscode/.local/lib/python3.10/site-packages/airflow/example_dags/example_kubernetes_executor.py
[2025-02-03T12:06:14.574+0000] {processor.py:179} INFO - Processing /home/vscode/.local/lib/python3.10/site-packages/airflow/example_dags/example_kubernetes_executor.py took 0.015 seconds
[2025-02-03T12:07:02.322+0000] {processor.py:157} INFO - Started process (PID=44134) to work on /home/vscode/.local/lib/python3.10/site-packages/airflow/example_dags/example_kubernetes_executor.py
[2025-02-03T12:07:02.322+0000] {processor.py:826} INFO - Processing file /home/vscode/.local/lib/python3.10/site-packages/airflow/example_dags/example_kubernetes_executor.py for tasks to queue
[2025-02-03T12:07:02.323+0000] {logging_mixin.py:150} INFO - [2025-02-03T12:07:02.323+0000] {dagbag.py:541} INFO - Filling up the DagBag from /home/vscode/.local/lib/python3.10/site-packages/airflow/example_dags/example_kubernetes_executor.py
[2025-02-03T12:07:02.325+0000] {logging_mixin.py:150} INFO - [2025-02-03T12:07:02.325+0000] {example_kubernetes_executor.py:41} WARNING - The example_kubernetes_executor example DAG requires the kubernetes provider. Please install it with: pip install apache-airflow[cncf.kubernetes]
[2025-02-03T12:07:02.325+0000] {processor.py:838} WARNING - No viable dags retrieved from /home/vscode/.local/lib/python3.10/site-packages/airflow/example_dags/example_kubernetes_executor.py
[2025-02-03T12:07:02.332+0000] {processor.py:179} INFO - Processing /home/vscode/.local/lib/python3.10/site-packages/airflow/example_dags/example_kubernetes_executor.py took 0.013 seconds
[2025-02-03T12:07:44.484+0000] {processor.py:157} INFO - Started process (PID=44984) to work on /home/vscode/.local/lib/python3.10/site-packages/airflow/example_dags/example_kubernetes_executor.py
[2025-02-03T12:07:44.484+0000] {processor.py:826} INFO - Processing file /home/vscode/.local/lib/python3.10/site-packages/airflow/example_dags/example_kubernetes_executor.py for tasks to queue
[2025-02-03T12:07:44.485+0000] {logging_mixin.py:150} INFO - [2025-02-03T12:07:44.484+0000] {dagbag.py:541} INFO - Filling up the DagBag from /home/vscode/.local/lib/python3.10/site-packages/airflow/example_dags/example_kubernetes_executor.py
[2025-02-03T12:07:44.487+0000] {logging_mixin.py:150} INFO - [2025-02-03T12:07:44.487+0000] {example_kubernetes_executor.py:41} WARNING - The example_kubernetes_executor example DAG requires the kubernetes provider. Please install it with: pip install apache-airflow[cncf.kubernetes]
[2025-02-03T12:07:44.487+0000] {processor.py:838} WARNING - No viable dags retrieved from /home/vscode/.local/lib/python3.10/site-packages/airflow/example_dags/example_kubernetes_executor.py
[2025-02-03T12:07:44.494+0000] {processor.py:179} INFO - Processing /home/vscode/.local/lib/python3.10/site-packages/airflow/example_dags/example_kubernetes_executor.py took 0.012 seconds
[2025-02-03T12:08:32.946+0000] {processor.py:157} INFO - Started process (PID=46412) to work on /home/vscode/.local/lib/python3.10/site-packages/airflow/example_dags/example_kubernetes_executor.py
[2025-02-03T12:08:32.947+0000] {processor.py:826} INFO - Processing file /home/vscode/.local/lib/python3.10/site-packages/airflow/example_dags/example_kubernetes_executor.py for tasks to queue
[2025-02-03T12:08:32.948+0000] {logging_mixin.py:150} INFO - [2025-02-03T12:08:32.948+0000] {dagbag.py:541} INFO - Filling up the DagBag from /home/vscode/.local/lib/python3.10/site-packages/airflow/example_dags/example_kubernetes_executor.py
[2025-02-03T12:08:32.950+0000] {logging_mixin.py:150} INFO - [2025-02-03T12:08:32.950+0000] {example_kubernetes_executor.py:41} WARNING - The example_kubernetes_executor example DAG requires the kubernetes provider. Please install it with: pip install apache-airflow[cncf.kubernetes]
[2025-02-03T12:08:32.950+0000] {processor.py:838} WARNING - No viable dags retrieved from /home/vscode/.local/lib/python3.10/site-packages/airflow/example_dags/example_kubernetes_executor.py
[2025-02-03T12:08:32.957+0000] {processor.py:179} INFO - Processing /home/vscode/.local/lib/python3.10/site-packages/airflow/example_dags/example_kubernetes_executor.py took 0.013 seconds
[2025-02-03T12:09:15.503+0000] {processor.py:157} INFO - Started process (PID=46788) to work on /home/vscode/.local/lib/python3.10/site-packages/airflow/example_dags/example_kubernetes_executor.py
[2025-02-03T12:09:15.504+0000] {processor.py:826} INFO - Processing file /home/vscode/.local/lib/python3.10/site-packages/airflow/example_dags/example_kubernetes_executor.py for tasks to queue
[2025-02-03T12:09:15.505+0000] {logging_mixin.py:150} INFO - [2025-02-03T12:09:15.504+0000] {dagbag.py:541} INFO - Filling up the DagBag from /home/vscode/.local/lib/python3.10/site-packages/airflow/example_dags/example_kubernetes_executor.py
[2025-02-03T12:09:15.507+0000] {logging_mixin.py:150} INFO - [2025-02-03T12:09:15.507+0000] {example_kubernetes_executor.py:41} WARNING - The example_kubernetes_executor example DAG requires the kubernetes provider. Please install it with: pip install apache-airflow[cncf.kubernetes]
[2025-02-03T12:09:15.507+0000] {processor.py:838} WARNING - No viable dags retrieved from /home/vscode/.local/lib/python3.10/site-packages/airflow/example_dags/example_kubernetes_executor.py
[2025-02-03T12:09:15.514+0000] {processor.py:179} INFO - Processing /home/vscode/.local/lib/python3.10/site-packages/airflow/example_dags/example_kubernetes_executor.py took 0.013 seconds
[2025-02-03T12:09:56.038+0000] {processor.py:157} INFO - Started process (PID=47624) to work on /home/vscode/.local/lib/python3.10/site-packages/airflow/example_dags/example_kubernetes_executor.py
[2025-02-03T12:09:56.039+0000] {processor.py:826} INFO - Processing file /home/vscode/.local/lib/python3.10/site-packages/airflow/example_dags/example_kubernetes_executor.py for tasks to queue
[2025-02-03T12:09:56.039+0000] {logging_mixin.py:150} INFO - [2025-02-03T12:09:56.039+0000] {dagbag.py:541} INFO - Filling up the DagBag from /home/vscode/.local/lib/python3.10/site-packages/airflow/example_dags/example_kubernetes_executor.py
[2025-02-03T12:09:56.042+0000] {logging_mixin.py:150} INFO - [2025-02-03T12:09:56.042+0000] {example_kubernetes_executor.py:41} WARNING - The example_kubernetes_executor example DAG requires the kubernetes provider. Please install it with: pip install apache-airflow[cncf.kubernetes]
[2025-02-03T12:09:56.042+0000] {processor.py:838} WARNING - No viable dags retrieved from /home/vscode/.local/lib/python3.10/site-packages/airflow/example_dags/example_kubernetes_executor.py
[2025-02-03T12:09:56.049+0000] {processor.py:179} INFO - Processing /home/vscode/.local/lib/python3.10/site-packages/airflow/example_dags/example_kubernetes_executor.py took 0.013 seconds
