[2025-02-03T11:50:42.489+0000] {processor.py:157} INFO - Started process (PID=37562) to work on /home/vscode/.local/lib/python3.10/site-packages/airflow/example_dags/example_latest_only_with_trigger.py
[2025-02-03T11:50:42.490+0000] {processor.py:826} INFO - Processing file /home/vscode/.local/lib/python3.10/site-packages/airflow/example_dags/example_latest_only_with_trigger.py for tasks to queue
[2025-02-03T11:50:42.490+0000] {logging_mixin.py:150} INFO - [2025-02-03T11:50:42.490+0000] {dagbag.py:541} INFO - Filling up the DagBag from /home/vscode/.local/lib/python3.10/site-packages/airflow/example_dags/example_latest_only_with_trigger.py
[2025-02-03T11:50:42.495+0000] {processor.py:836} INFO - DAG(s) dict_keys(['latest_only_with_trigger']) retrieved from /home/vscode/.local/lib/python3.10/site-packages/airflow/example_dags/example_latest_only_with_trigger.py
[2025-02-03T11:50:42.651+0000] {logging_mixin.py:150} INFO - [2025-02-03T11:50:42.651+0000] {manager.py:504} INFO - Created Permission View: can read on DAG:latest_only_with_trigger
[2025-02-03T11:50:42.658+0000] {logging_mixin.py:150} INFO - [2025-02-03T11:50:42.658+0000] {manager.py:504} INFO - Created Permission View: can delete on DAG:latest_only_with_trigger
[2025-02-03T11:50:42.664+0000] {logging_mixin.py:150} INFO - [2025-02-03T11:50:42.664+0000] {manager.py:504} INFO - Created Permission View: can edit on DAG:latest_only_with_trigger
[2025-02-03T11:50:42.672+0000] {logging_mixin.py:150} INFO - [2025-02-03T11:50:42.672+0000] {dag.py:2742} INFO - Sync 1 DAGs
[2025-02-03T11:50:42.678+0000] {logging_mixin.py:150} INFO - [2025-02-03T11:50:42.678+0000] {dag.py:2763} INFO - Creating ORM DAG for latest_only_with_trigger
[2025-02-03T11:50:42.684+0000] {logging_mixin.py:150} INFO - [2025-02-03T11:50:42.684+0000] {dag.py:3504} INFO - Setting next_dagrun for latest_only_with_trigger to 2025-02-03T07:50:42.684001+00:00, run_after=2025-02-03T11:50:42.684001+00:00
[2025-02-03T11:50:42.698+0000] {processor.py:179} INFO - Processing /home/vscode/.local/lib/python3.10/site-packages/airflow/example_dags/example_latest_only_with_trigger.py took 0.211 seconds
[2025-02-03T11:51:29.107+0000] {processor.py:157} INFO - Started process (PID=37865) to work on /home/vscode/.local/lib/python3.10/site-packages/airflow/example_dags/example_latest_only_with_trigger.py
[2025-02-03T11:51:29.108+0000] {processor.py:826} INFO - Processing file /home/vscode/.local/lib/python3.10/site-packages/airflow/example_dags/example_latest_only_with_trigger.py for tasks to queue
[2025-02-03T11:51:29.109+0000] {logging_mixin.py:150} INFO - [2025-02-03T11:51:29.108+0000] {dagbag.py:541} INFO - Filling up the DagBag from /home/vscode/.local/lib/python3.10/site-packages/airflow/example_dags/example_latest_only_with_trigger.py
[2025-02-03T11:51:29.113+0000] {processor.py:836} INFO - DAG(s) dict_keys(['latest_only_with_trigger']) retrieved from /home/vscode/.local/lib/python3.10/site-packages/airflow/example_dags/example_latest_only_with_trigger.py
[2025-02-03T11:51:29.124+0000] {logging_mixin.py:150} INFO - [2025-02-03T11:51:29.124+0000] {dag.py:2742} INFO - Sync 1 DAGs
[2025-02-03T11:51:29.138+0000] {logging_mixin.py:150} INFO - [2025-02-03T11:51:29.138+0000] {dag.py:3504} INFO - Setting next_dagrun for latest_only_with_trigger to 2025-02-03T07:51:29.138410+00:00, run_after=2025-02-03T11:51:29.138410+00:00
[2025-02-03T11:51:29.152+0000] {processor.py:179} INFO - Processing /home/vscode/.local/lib/python3.10/site-packages/airflow/example_dags/example_latest_only_with_trigger.py took 0.047 seconds
[2025-02-03T11:52:15.206+0000] {processor.py:157} INFO - Started process (PID=38175) to work on /home/vscode/.local/lib/python3.10/site-packages/airflow/example_dags/example_latest_only_with_trigger.py
[2025-02-03T11:52:15.207+0000] {processor.py:826} INFO - Processing file /home/vscode/.local/lib/python3.10/site-packages/airflow/example_dags/example_latest_only_with_trigger.py for tasks to queue
[2025-02-03T11:52:15.208+0000] {logging_mixin.py:150} INFO - [2025-02-03T11:52:15.207+0000] {dagbag.py:541} INFO - Filling up the DagBag from /home/vscode/.local/lib/python3.10/site-packages/airflow/example_dags/example_latest_only_with_trigger.py
[2025-02-03T11:52:15.212+0000] {processor.py:836} INFO - DAG(s) dict_keys(['latest_only_with_trigger']) retrieved from /home/vscode/.local/lib/python3.10/site-packages/airflow/example_dags/example_latest_only_with_trigger.py
[2025-02-03T11:52:15.223+0000] {logging_mixin.py:150} INFO - [2025-02-03T11:52:15.223+0000] {dag.py:2742} INFO - Sync 1 DAGs
[2025-02-03T11:52:15.237+0000] {logging_mixin.py:150} INFO - [2025-02-03T11:52:15.237+0000] {dag.py:3504} INFO - Setting next_dagrun for latest_only_with_trigger to 2025-02-03T07:52:15.236955+00:00, run_after=2025-02-03T11:52:15.236955+00:00
[2025-02-03T11:52:15.251+0000] {processor.py:179} INFO - Processing /home/vscode/.local/lib/python3.10/site-packages/airflow/example_dags/example_latest_only_with_trigger.py took 0.046 seconds
[2025-02-03T11:52:59.541+0000] {processor.py:157} INFO - Started process (PID=38478) to work on /home/vscode/.local/lib/python3.10/site-packages/airflow/example_dags/example_latest_only_with_trigger.py
[2025-02-03T11:52:59.541+0000] {processor.py:826} INFO - Processing file /home/vscode/.local/lib/python3.10/site-packages/airflow/example_dags/example_latest_only_with_trigger.py for tasks to queue
[2025-02-03T11:52:59.542+0000] {logging_mixin.py:150} INFO - [2025-02-03T11:52:59.542+0000] {dagbag.py:541} INFO - Filling up the DagBag from /home/vscode/.local/lib/python3.10/site-packages/airflow/example_dags/example_latest_only_with_trigger.py
[2025-02-03T11:52:59.547+0000] {processor.py:836} INFO - DAG(s) dict_keys(['latest_only_with_trigger']) retrieved from /home/vscode/.local/lib/python3.10/site-packages/airflow/example_dags/example_latest_only_with_trigger.py
[2025-02-03T11:52:59.558+0000] {logging_mixin.py:150} INFO - [2025-02-03T11:52:59.558+0000] {dag.py:2742} INFO - Sync 1 DAGs
[2025-02-03T11:52:59.573+0000] {logging_mixin.py:150} INFO - [2025-02-03T11:52:59.573+0000] {dag.py:3504} INFO - Setting next_dagrun for latest_only_with_trigger to 2025-02-03T07:52:59.572381+00:00, run_after=2025-02-03T11:52:59.572381+00:00
[2025-02-03T11:52:59.587+0000] {processor.py:179} INFO - Processing /home/vscode/.local/lib/python3.10/site-packages/airflow/example_dags/example_latest_only_with_trigger.py took 0.049 seconds
[2025-02-03T11:53:44.942+0000] {processor.py:157} INFO - Started process (PID=38777) to work on /home/vscode/.local/lib/python3.10/site-packages/airflow/example_dags/example_latest_only_with_trigger.py
[2025-02-03T11:53:44.942+0000] {processor.py:826} INFO - Processing file /home/vscode/.local/lib/python3.10/site-packages/airflow/example_dags/example_latest_only_with_trigger.py for tasks to queue
[2025-02-03T11:53:44.943+0000] {logging_mixin.py:150} INFO - [2025-02-03T11:53:44.943+0000] {dagbag.py:541} INFO - Filling up the DagBag from /home/vscode/.local/lib/python3.10/site-packages/airflow/example_dags/example_latest_only_with_trigger.py
[2025-02-03T11:53:44.948+0000] {processor.py:836} INFO - DAG(s) dict_keys(['latest_only_with_trigger']) retrieved from /home/vscode/.local/lib/python3.10/site-packages/airflow/example_dags/example_latest_only_with_trigger.py
[2025-02-03T11:53:44.959+0000] {logging_mixin.py:150} INFO - [2025-02-03T11:53:44.959+0000] {dag.py:2742} INFO - Sync 1 DAGs
[2025-02-03T11:53:44.973+0000] {logging_mixin.py:150} INFO - [2025-02-03T11:53:44.972+0000] {dag.py:3504} INFO - Setting next_dagrun for latest_only_with_trigger to 2025-02-03T07:53:44.972698+00:00, run_after=2025-02-03T11:53:44.972698+00:00
[2025-02-03T11:53:44.987+0000] {processor.py:179} INFO - Processing /home/vscode/.local/lib/python3.10/site-packages/airflow/example_dags/example_latest_only_with_trigger.py took 0.047 seconds
[2025-02-03T11:54:27.619+0000] {processor.py:157} INFO - Started process (PID=39068) to work on /home/vscode/.local/lib/python3.10/site-packages/airflow/example_dags/example_latest_only_with_trigger.py
[2025-02-03T11:54:27.620+0000] {processor.py:826} INFO - Processing file /home/vscode/.local/lib/python3.10/site-packages/airflow/example_dags/example_latest_only_with_trigger.py for tasks to queue
[2025-02-03T11:54:27.620+0000] {logging_mixin.py:150} INFO - [2025-02-03T11:54:27.620+0000] {dagbag.py:541} INFO - Filling up the DagBag from /home/vscode/.local/lib/python3.10/site-packages/airflow/example_dags/example_latest_only_with_trigger.py
[2025-02-03T11:54:27.625+0000] {processor.py:836} INFO - DAG(s) dict_keys(['latest_only_with_trigger']) retrieved from /home/vscode/.local/lib/python3.10/site-packages/airflow/example_dags/example_latest_only_with_trigger.py
[2025-02-03T11:54:27.636+0000] {logging_mixin.py:150} INFO - [2025-02-03T11:54:27.635+0000] {dag.py:2742} INFO - Sync 1 DAGs
[2025-02-03T11:54:27.650+0000] {logging_mixin.py:150} INFO - [2025-02-03T11:54:27.649+0000] {dag.py:3504} INFO - Setting next_dagrun for latest_only_with_trigger to 2025-02-03T07:54:27.649541+00:00, run_after=2025-02-03T11:54:27.649541+00:00
[2025-02-03T11:54:27.664+0000] {processor.py:179} INFO - Processing /home/vscode/.local/lib/python3.10/site-packages/airflow/example_dags/example_latest_only_with_trigger.py took 0.047 seconds
[2025-02-03T11:55:10.367+0000] {processor.py:157} INFO - Started process (PID=39355) to work on /home/vscode/.local/lib/python3.10/site-packages/airflow/example_dags/example_latest_only_with_trigger.py
[2025-02-03T11:55:10.367+0000] {processor.py:826} INFO - Processing file /home/vscode/.local/lib/python3.10/site-packages/airflow/example_dags/example_latest_only_with_trigger.py for tasks to queue
[2025-02-03T11:55:10.368+0000] {logging_mixin.py:150} INFO - [2025-02-03T11:55:10.368+0000] {dagbag.py:541} INFO - Filling up the DagBag from /home/vscode/.local/lib/python3.10/site-packages/airflow/example_dags/example_latest_only_with_trigger.py
[2025-02-03T11:55:10.372+0000] {processor.py:836} INFO - DAG(s) dict_keys(['latest_only_with_trigger']) retrieved from /home/vscode/.local/lib/python3.10/site-packages/airflow/example_dags/example_latest_only_with_trigger.py
[2025-02-03T11:55:10.383+0000] {logging_mixin.py:150} INFO - [2025-02-03T11:55:10.383+0000] {dag.py:2742} INFO - Sync 1 DAGs
[2025-02-03T11:55:10.397+0000] {logging_mixin.py:150} INFO - [2025-02-03T11:55:10.396+0000] {dag.py:3504} INFO - Setting next_dagrun for latest_only_with_trigger to 2025-02-03T07:55:10.396826+00:00, run_after=2025-02-03T11:55:10.396826+00:00
[2025-02-03T11:55:10.411+0000] {processor.py:179} INFO - Processing /home/vscode/.local/lib/python3.10/site-packages/airflow/example_dags/example_latest_only_with_trigger.py took 0.046 seconds
[2025-02-03T11:55:56.758+0000] {processor.py:157} INFO - Started process (PID=39666) to work on /home/vscode/.local/lib/python3.10/site-packages/airflow/example_dags/example_latest_only_with_trigger.py
[2025-02-03T11:55:56.759+0000] {processor.py:826} INFO - Processing file /home/vscode/.local/lib/python3.10/site-packages/airflow/example_dags/example_latest_only_with_trigger.py for tasks to queue
[2025-02-03T11:55:56.760+0000] {logging_mixin.py:150} INFO - [2025-02-03T11:55:56.759+0000] {dagbag.py:541} INFO - Filling up the DagBag from /home/vscode/.local/lib/python3.10/site-packages/airflow/example_dags/example_latest_only_with_trigger.py
[2025-02-03T11:55:56.765+0000] {processor.py:836} INFO - DAG(s) dict_keys(['latest_only_with_trigger']) retrieved from /home/vscode/.local/lib/python3.10/site-packages/airflow/example_dags/example_latest_only_with_trigger.py
[2025-02-03T11:55:56.776+0000] {logging_mixin.py:150} INFO - [2025-02-03T11:55:56.776+0000] {dag.py:2742} INFO - Sync 1 DAGs
[2025-02-03T11:55:56.790+0000] {logging_mixin.py:150} INFO - [2025-02-03T11:55:56.790+0000] {dag.py:3504} INFO - Setting next_dagrun for latest_only_with_trigger to 2025-02-03T07:55:56.790481+00:00, run_after=2025-02-03T11:55:56.790481+00:00
[2025-02-03T11:55:56.804+0000] {processor.py:179} INFO - Processing /home/vscode/.local/lib/python3.10/site-packages/airflow/example_dags/example_latest_only_with_trigger.py took 0.048 seconds
[2025-02-03T11:56:36.149+0000] {processor.py:157} INFO - Started process (PID=39929) to work on /home/vscode/.local/lib/python3.10/site-packages/airflow/example_dags/example_latest_only_with_trigger.py
[2025-02-03T11:56:36.149+0000] {processor.py:826} INFO - Processing file /home/vscode/.local/lib/python3.10/site-packages/airflow/example_dags/example_latest_only_with_trigger.py for tasks to queue
[2025-02-03T11:56:36.150+0000] {logging_mixin.py:150} INFO - [2025-02-03T11:56:36.150+0000] {dagbag.py:541} INFO - Filling up the DagBag from /home/vscode/.local/lib/python3.10/site-packages/airflow/example_dags/example_latest_only_with_trigger.py
[2025-02-03T11:56:36.155+0000] {processor.py:836} INFO - DAG(s) dict_keys(['latest_only_with_trigger']) retrieved from /home/vscode/.local/lib/python3.10/site-packages/airflow/example_dags/example_latest_only_with_trigger.py
[2025-02-03T11:56:36.167+0000] {logging_mixin.py:150} INFO - [2025-02-03T11:56:36.167+0000] {dag.py:2742} INFO - Sync 1 DAGs
[2025-02-03T11:56:36.181+0000] {logging_mixin.py:150} INFO - [2025-02-03T11:56:36.181+0000] {dag.py:3504} INFO - Setting next_dagrun for latest_only_with_trigger to 2025-02-03T07:56:36.181450+00:00, run_after=2025-02-03T11:56:36.181450+00:00
[2025-02-03T11:56:36.196+0000] {processor.py:179} INFO - Processing /home/vscode/.local/lib/python3.10/site-packages/airflow/example_dags/example_latest_only_with_trigger.py took 0.049 seconds
[2025-02-03T11:57:21.530+0000] {processor.py:157} INFO - Started process (PID=40239) to work on /home/vscode/.local/lib/python3.10/site-packages/airflow/example_dags/example_latest_only_with_trigger.py
[2025-02-03T11:57:21.530+0000] {processor.py:826} INFO - Processing file /home/vscode/.local/lib/python3.10/site-packages/airflow/example_dags/example_latest_only_with_trigger.py for tasks to queue
[2025-02-03T11:57:21.531+0000] {logging_mixin.py:150} INFO - [2025-02-03T11:57:21.531+0000] {dagbag.py:541} INFO - Filling up the DagBag from /home/vscode/.local/lib/python3.10/site-packages/airflow/example_dags/example_latest_only_with_trigger.py
[2025-02-03T11:57:21.535+0000] {processor.py:836} INFO - DAG(s) dict_keys(['latest_only_with_trigger']) retrieved from /home/vscode/.local/lib/python3.10/site-packages/airflow/example_dags/example_latest_only_with_trigger.py
[2025-02-03T11:57:21.546+0000] {logging_mixin.py:150} INFO - [2025-02-03T11:57:21.546+0000] {dag.py:2742} INFO - Sync 1 DAGs
[2025-02-03T11:57:21.560+0000] {logging_mixin.py:150} INFO - [2025-02-03T11:57:21.560+0000] {dag.py:3504} INFO - Setting next_dagrun for latest_only_with_trigger to 2025-02-03T07:57:21.560036+00:00, run_after=2025-02-03T11:57:21.560036+00:00
[2025-02-03T11:57:21.573+0000] {processor.py:179} INFO - Processing /home/vscode/.local/lib/python3.10/site-packages/airflow/example_dags/example_latest_only_with_trigger.py took 0.046 seconds
[2025-02-03T11:58:09.487+0000] {processor.py:157} INFO - Started process (PID=40558) to work on /home/vscode/.local/lib/python3.10/site-packages/airflow/example_dags/example_latest_only_with_trigger.py
[2025-02-03T11:58:09.487+0000] {processor.py:826} INFO - Processing file /home/vscode/.local/lib/python3.10/site-packages/airflow/example_dags/example_latest_only_with_trigger.py for tasks to queue
[2025-02-03T11:58:09.488+0000] {logging_mixin.py:150} INFO - [2025-02-03T11:58:09.488+0000] {dagbag.py:541} INFO - Filling up the DagBag from /home/vscode/.local/lib/python3.10/site-packages/airflow/example_dags/example_latest_only_with_trigger.py
[2025-02-03T11:58:09.493+0000] {processor.py:836} INFO - DAG(s) dict_keys(['latest_only_with_trigger']) retrieved from /home/vscode/.local/lib/python3.10/site-packages/airflow/example_dags/example_latest_only_with_trigger.py
[2025-02-03T11:58:09.504+0000] {logging_mixin.py:150} INFO - [2025-02-03T11:58:09.504+0000] {dag.py:2742} INFO - Sync 1 DAGs
[2025-02-03T11:58:09.518+0000] {logging_mixin.py:150} INFO - [2025-02-03T11:58:09.518+0000] {dag.py:3504} INFO - Setting next_dagrun for latest_only_with_trigger to 2025-02-03T07:58:09.518183+00:00, run_after=2025-02-03T11:58:09.518183+00:00
[2025-02-03T11:58:09.533+0000] {processor.py:179} INFO - Processing /home/vscode/.local/lib/python3.10/site-packages/airflow/example_dags/example_latest_only_with_trigger.py took 0.048 seconds
[2025-02-03T11:58:52.859+0000] {processor.py:157} INFO - Started process (PID=40847) to work on /home/vscode/.local/lib/python3.10/site-packages/airflow/example_dags/example_latest_only_with_trigger.py
[2025-02-03T11:58:52.860+0000] {processor.py:826} INFO - Processing file /home/vscode/.local/lib/python3.10/site-packages/airflow/example_dags/example_latest_only_with_trigger.py for tasks to queue
[2025-02-03T11:58:52.860+0000] {logging_mixin.py:150} INFO - [2025-02-03T11:58:52.860+0000] {dagbag.py:541} INFO - Filling up the DagBag from /home/vscode/.local/lib/python3.10/site-packages/airflow/example_dags/example_latest_only_with_trigger.py
[2025-02-03T11:58:52.865+0000] {processor.py:836} INFO - DAG(s) dict_keys(['latest_only_with_trigger']) retrieved from /home/vscode/.local/lib/python3.10/site-packages/airflow/example_dags/example_latest_only_with_trigger.py
[2025-02-03T11:58:52.876+0000] {logging_mixin.py:150} INFO - [2025-02-03T11:58:52.876+0000] {dag.py:2742} INFO - Sync 1 DAGs
[2025-02-03T11:58:52.889+0000] {logging_mixin.py:150} INFO - [2025-02-03T11:58:52.889+0000] {dag.py:3504} INFO - Setting next_dagrun for latest_only_with_trigger to 2025-02-03T07:58:52.889638+00:00, run_after=2025-02-03T11:58:52.889638+00:00
[2025-02-03T11:58:52.903+0000] {processor.py:179} INFO - Processing /home/vscode/.local/lib/python3.10/site-packages/airflow/example_dags/example_latest_only_with_trigger.py took 0.046 seconds
[2025-02-03T11:59:35.658+0000] {processor.py:157} INFO - Started process (PID=41133) to work on /home/vscode/.local/lib/python3.10/site-packages/airflow/example_dags/example_latest_only_with_trigger.py
[2025-02-03T11:59:35.659+0000] {processor.py:826} INFO - Processing file /home/vscode/.local/lib/python3.10/site-packages/airflow/example_dags/example_latest_only_with_trigger.py for tasks to queue
[2025-02-03T11:59:35.659+0000] {logging_mixin.py:150} INFO - [2025-02-03T11:59:35.659+0000] {dagbag.py:541} INFO - Filling up the DagBag from /home/vscode/.local/lib/python3.10/site-packages/airflow/example_dags/example_latest_only_with_trigger.py
[2025-02-03T11:59:35.664+0000] {processor.py:836} INFO - DAG(s) dict_keys(['latest_only_with_trigger']) retrieved from /home/vscode/.local/lib/python3.10/site-packages/airflow/example_dags/example_latest_only_with_trigger.py
[2025-02-03T11:59:35.676+0000] {logging_mixin.py:150} INFO - [2025-02-03T11:59:35.676+0000] {dag.py:2742} INFO - Sync 1 DAGs
[2025-02-03T11:59:35.691+0000] {logging_mixin.py:150} INFO - [2025-02-03T11:59:35.691+0000] {dag.py:3504} INFO - Setting next_dagrun for latest_only_with_trigger to 2025-02-03T07:59:35.690874+00:00, run_after=2025-02-03T11:59:35.690874+00:00
[2025-02-03T11:59:35.706+0000] {processor.py:179} INFO - Processing /home/vscode/.local/lib/python3.10/site-packages/airflow/example_dags/example_latest_only_with_trigger.py took 0.050 seconds
[2025-02-03T12:00:17.811+0000] {processor.py:157} INFO - Started process (PID=41419) to work on /home/vscode/.local/lib/python3.10/site-packages/airflow/example_dags/example_latest_only_with_trigger.py
[2025-02-03T12:00:17.812+0000] {processor.py:826} INFO - Processing file /home/vscode/.local/lib/python3.10/site-packages/airflow/example_dags/example_latest_only_with_trigger.py for tasks to queue
[2025-02-03T12:00:17.812+0000] {logging_mixin.py:150} INFO - [2025-02-03T12:00:17.812+0000] {dagbag.py:541} INFO - Filling up the DagBag from /home/vscode/.local/lib/python3.10/site-packages/airflow/example_dags/example_latest_only_with_trigger.py
[2025-02-03T12:00:17.817+0000] {processor.py:836} INFO - DAG(s) dict_keys(['latest_only_with_trigger']) retrieved from /home/vscode/.local/lib/python3.10/site-packages/airflow/example_dags/example_latest_only_with_trigger.py
[2025-02-03T12:00:17.829+0000] {logging_mixin.py:150} INFO - [2025-02-03T12:00:17.829+0000] {dag.py:2742} INFO - Sync 1 DAGs
[2025-02-03T12:00:17.843+0000] {logging_mixin.py:150} INFO - [2025-02-03T12:00:17.843+0000] {dag.py:3504} INFO - Setting next_dagrun for latest_only_with_trigger to 2025-02-03T08:00:17.843372+00:00, run_after=2025-02-03T12:00:17.843372+00:00
[2025-02-03T12:00:17.860+0000] {processor.py:179} INFO - Processing /home/vscode/.local/lib/python3.10/site-packages/airflow/example_dags/example_latest_only_with_trigger.py took 0.051 seconds
[2025-02-03T12:01:06.320+0000] {processor.py:157} INFO - Started process (PID=41746) to work on /home/vscode/.local/lib/python3.10/site-packages/airflow/example_dags/example_latest_only_with_trigger.py
[2025-02-03T12:01:06.320+0000] {processor.py:826} INFO - Processing file /home/vscode/.local/lib/python3.10/site-packages/airflow/example_dags/example_latest_only_with_trigger.py for tasks to queue
[2025-02-03T12:01:06.321+0000] {logging_mixin.py:150} INFO - [2025-02-03T12:01:06.321+0000] {dagbag.py:541} INFO - Filling up the DagBag from /home/vscode/.local/lib/python3.10/site-packages/airflow/example_dags/example_latest_only_with_trigger.py
[2025-02-03T12:01:06.326+0000] {processor.py:836} INFO - DAG(s) dict_keys(['latest_only_with_trigger']) retrieved from /home/vscode/.local/lib/python3.10/site-packages/airflow/example_dags/example_latest_only_with_trigger.py
[2025-02-03T12:01:06.337+0000] {logging_mixin.py:150} INFO - [2025-02-03T12:01:06.337+0000] {dag.py:2742} INFO - Sync 1 DAGs
[2025-02-03T12:01:06.351+0000] {logging_mixin.py:150} INFO - [2025-02-03T12:01:06.351+0000] {dag.py:3504} INFO - Setting next_dagrun for latest_only_with_trigger to 2025-02-03T08:01:06.350957+00:00, run_after=2025-02-03T12:01:06.350957+00:00
[2025-02-03T12:01:06.365+0000] {processor.py:179} INFO - Processing /home/vscode/.local/lib/python3.10/site-packages/airflow/example_dags/example_latest_only_with_trigger.py took 0.048 seconds
[2025-02-03T12:01:49.015+0000] {processor.py:157} INFO - Started process (PID=42032) to work on /home/vscode/.local/lib/python3.10/site-packages/airflow/example_dags/example_latest_only_with_trigger.py
[2025-02-03T12:01:49.015+0000] {processor.py:826} INFO - Processing file /home/vscode/.local/lib/python3.10/site-packages/airflow/example_dags/example_latest_only_with_trigger.py for tasks to queue
[2025-02-03T12:01:49.016+0000] {logging_mixin.py:150} INFO - [2025-02-03T12:01:49.016+0000] {dagbag.py:541} INFO - Filling up the DagBag from /home/vscode/.local/lib/python3.10/site-packages/airflow/example_dags/example_latest_only_with_trigger.py
[2025-02-03T12:01:49.021+0000] {processor.py:836} INFO - DAG(s) dict_keys(['latest_only_with_trigger']) retrieved from /home/vscode/.local/lib/python3.10/site-packages/airflow/example_dags/example_latest_only_with_trigger.py
[2025-02-03T12:01:49.032+0000] {logging_mixin.py:150} INFO - [2025-02-03T12:01:49.032+0000] {dag.py:2742} INFO - Sync 1 DAGs
[2025-02-03T12:01:49.046+0000] {logging_mixin.py:150} INFO - [2025-02-03T12:01:49.046+0000] {dag.py:3504} INFO - Setting next_dagrun for latest_only_with_trigger to 2025-02-03T08:01:49.045872+00:00, run_after=2025-02-03T12:01:49.045872+00:00
[2025-02-03T12:01:49.061+0000] {processor.py:179} INFO - Processing /home/vscode/.local/lib/python3.10/site-packages/airflow/example_dags/example_latest_only_with_trigger.py took 0.048 seconds
[2025-02-03T12:02:31.681+0000] {processor.py:157} INFO - Started process (PID=42325) to work on /home/vscode/.local/lib/python3.10/site-packages/airflow/example_dags/example_latest_only_with_trigger.py
[2025-02-03T12:02:31.682+0000] {processor.py:826} INFO - Processing file /home/vscode/.local/lib/python3.10/site-packages/airflow/example_dags/example_latest_only_with_trigger.py for tasks to queue
[2025-02-03T12:02:31.682+0000] {logging_mixin.py:150} INFO - [2025-02-03T12:02:31.682+0000] {dagbag.py:541} INFO - Filling up the DagBag from /home/vscode/.local/lib/python3.10/site-packages/airflow/example_dags/example_latest_only_with_trigger.py
[2025-02-03T12:02:31.687+0000] {processor.py:836} INFO - DAG(s) dict_keys(['latest_only_with_trigger']) retrieved from /home/vscode/.local/lib/python3.10/site-packages/airflow/example_dags/example_latest_only_with_trigger.py
[2025-02-03T12:02:31.700+0000] {logging_mixin.py:150} INFO - [2025-02-03T12:02:31.700+0000] {dag.py:2742} INFO - Sync 1 DAGs
[2025-02-03T12:02:31.719+0000] {logging_mixin.py:150} INFO - [2025-02-03T12:02:31.719+0000] {dag.py:3504} INFO - Setting next_dagrun for latest_only_with_trigger to 2025-02-03T08:02:31.719491+00:00, run_after=2025-02-03T12:02:31.719491+00:00
[2025-02-03T12:02:31.734+0000] {processor.py:179} INFO - Processing /home/vscode/.local/lib/python3.10/site-packages/airflow/example_dags/example_latest_only_with_trigger.py took 0.055 seconds
[2025-02-03T12:03:14.205+0000] {processor.py:157} INFO - Started process (PID=42607) to work on /home/vscode/.local/lib/python3.10/site-packages/airflow/example_dags/example_latest_only_with_trigger.py
[2025-02-03T12:03:14.206+0000] {processor.py:826} INFO - Processing file /home/vscode/.local/lib/python3.10/site-packages/airflow/example_dags/example_latest_only_with_trigger.py for tasks to queue
[2025-02-03T12:03:14.207+0000] {logging_mixin.py:150} INFO - [2025-02-03T12:03:14.206+0000] {dagbag.py:541} INFO - Filling up the DagBag from /home/vscode/.local/lib/python3.10/site-packages/airflow/example_dags/example_latest_only_with_trigger.py
[2025-02-03T12:03:14.211+0000] {processor.py:836} INFO - DAG(s) dict_keys(['latest_only_with_trigger']) retrieved from /home/vscode/.local/lib/python3.10/site-packages/airflow/example_dags/example_latest_only_with_trigger.py
[2025-02-03T12:03:14.223+0000] {logging_mixin.py:150} INFO - [2025-02-03T12:03:14.223+0000] {dag.py:2742} INFO - Sync 1 DAGs
[2025-02-03T12:03:14.237+0000] {logging_mixin.py:150} INFO - [2025-02-03T12:03:14.236+0000] {dag.py:3504} INFO - Setting next_dagrun for latest_only_with_trigger to 2025-02-03T08:03:14.236720+00:00, run_after=2025-02-03T12:03:14.236720+00:00
[2025-02-03T12:03:14.251+0000] {processor.py:179} INFO - Processing /home/vscode/.local/lib/python3.10/site-packages/airflow/example_dags/example_latest_only_with_trigger.py took 0.047 seconds
[2025-02-03T12:03:57.492+0000] {processor.py:157} INFO - Started process (PID=42894) to work on /home/vscode/.local/lib/python3.10/site-packages/airflow/example_dags/example_latest_only_with_trigger.py
[2025-02-03T12:03:57.493+0000] {processor.py:826} INFO - Processing file /home/vscode/.local/lib/python3.10/site-packages/airflow/example_dags/example_latest_only_with_trigger.py for tasks to queue
[2025-02-03T12:03:57.493+0000] {logging_mixin.py:150} INFO - [2025-02-03T12:03:57.493+0000] {dagbag.py:541} INFO - Filling up the DagBag from /home/vscode/.local/lib/python3.10/site-packages/airflow/example_dags/example_latest_only_with_trigger.py
[2025-02-03T12:03:57.498+0000] {processor.py:836} INFO - DAG(s) dict_keys(['latest_only_with_trigger']) retrieved from /home/vscode/.local/lib/python3.10/site-packages/airflow/example_dags/example_latest_only_with_trigger.py
[2025-02-03T12:03:57.510+0000] {logging_mixin.py:150} INFO - [2025-02-03T12:03:57.510+0000] {dag.py:2742} INFO - Sync 1 DAGs
[2025-02-03T12:03:57.525+0000] {logging_mixin.py:150} INFO - [2025-02-03T12:03:57.525+0000] {dag.py:3504} INFO - Setting next_dagrun for latest_only_with_trigger to 2025-02-03T08:03:57.524916+00:00, run_after=2025-02-03T12:03:57.524916+00:00
[2025-02-03T12:03:57.539+0000] {processor.py:179} INFO - Processing /home/vscode/.local/lib/python3.10/site-packages/airflow/example_dags/example_latest_only_with_trigger.py took 0.049 seconds
[2025-02-03T12:04:41.923+0000] {processor.py:157} INFO - Started process (PID=43195) to work on /home/vscode/.local/lib/python3.10/site-packages/airflow/example_dags/example_latest_only_with_trigger.py
[2025-02-03T12:04:41.923+0000] {processor.py:826} INFO - Processing file /home/vscode/.local/lib/python3.10/site-packages/airflow/example_dags/example_latest_only_with_trigger.py for tasks to queue
[2025-02-03T12:04:41.924+0000] {logging_mixin.py:150} INFO - [2025-02-03T12:04:41.924+0000] {dagbag.py:541} INFO - Filling up the DagBag from /home/vscode/.local/lib/python3.10/site-packages/airflow/example_dags/example_latest_only_with_trigger.py
[2025-02-03T12:04:41.929+0000] {processor.py:836} INFO - DAG(s) dict_keys(['latest_only_with_trigger']) retrieved from /home/vscode/.local/lib/python3.10/site-packages/airflow/example_dags/example_latest_only_with_trigger.py
[2025-02-03T12:04:41.940+0000] {logging_mixin.py:150} INFO - [2025-02-03T12:04:41.940+0000] {dag.py:2742} INFO - Sync 1 DAGs
[2025-02-03T12:04:41.955+0000] {logging_mixin.py:150} INFO - [2025-02-03T12:04:41.955+0000] {dag.py:3504} INFO - Setting next_dagrun for latest_only_with_trigger to 2025-02-03T08:04:41.955465+00:00, run_after=2025-02-03T12:04:41.955465+00:00
[2025-02-03T12:04:41.971+0000] {processor.py:179} INFO - Processing /home/vscode/.local/lib/python3.10/site-packages/airflow/example_dags/example_latest_only_with_trigger.py took 0.051 seconds
[2025-02-03T12:05:24.733+0000] {processor.py:157} INFO - Started process (PID=43481) to work on /home/vscode/.local/lib/python3.10/site-packages/airflow/example_dags/example_latest_only_with_trigger.py
[2025-02-03T12:05:24.733+0000] {processor.py:826} INFO - Processing file /home/vscode/.local/lib/python3.10/site-packages/airflow/example_dags/example_latest_only_with_trigger.py for tasks to queue
[2025-02-03T12:05:24.734+0000] {logging_mixin.py:150} INFO - [2025-02-03T12:05:24.734+0000] {dagbag.py:541} INFO - Filling up the DagBag from /home/vscode/.local/lib/python3.10/site-packages/airflow/example_dags/example_latest_only_with_trigger.py
[2025-02-03T12:05:24.738+0000] {processor.py:836} INFO - DAG(s) dict_keys(['latest_only_with_trigger']) retrieved from /home/vscode/.local/lib/python3.10/site-packages/airflow/example_dags/example_latest_only_with_trigger.py
[2025-02-03T12:05:24.750+0000] {logging_mixin.py:150} INFO - [2025-02-03T12:05:24.750+0000] {dag.py:2742} INFO - Sync 1 DAGs
[2025-02-03T12:05:24.763+0000] {logging_mixin.py:150} INFO - [2025-02-03T12:05:24.763+0000] {dag.py:3504} INFO - Setting next_dagrun for latest_only_with_trigger to 2025-02-03T08:05:24.763684+00:00, run_after=2025-02-03T12:05:24.763684+00:00
[2025-02-03T12:05:24.777+0000] {processor.py:179} INFO - Processing /home/vscode/.local/lib/python3.10/site-packages/airflow/example_dags/example_latest_only_with_trigger.py took 0.047 seconds
[2025-02-03T12:06:12.288+0000] {processor.py:157} INFO - Started process (PID=43798) to work on /home/vscode/.local/lib/python3.10/site-packages/airflow/example_dags/example_latest_only_with_trigger.py
[2025-02-03T12:06:12.289+0000] {processor.py:826} INFO - Processing file /home/vscode/.local/lib/python3.10/site-packages/airflow/example_dags/example_latest_only_with_trigger.py for tasks to queue
[2025-02-03T12:06:12.289+0000] {logging_mixin.py:150} INFO - [2025-02-03T12:06:12.289+0000] {dagbag.py:541} INFO - Filling up the DagBag from /home/vscode/.local/lib/python3.10/site-packages/airflow/example_dags/example_latest_only_with_trigger.py
[2025-02-03T12:06:12.294+0000] {processor.py:836} INFO - DAG(s) dict_keys(['latest_only_with_trigger']) retrieved from /home/vscode/.local/lib/python3.10/site-packages/airflow/example_dags/example_latest_only_with_trigger.py
[2025-02-03T12:06:12.305+0000] {logging_mixin.py:150} INFO - [2025-02-03T12:06:12.305+0000] {dag.py:2742} INFO - Sync 1 DAGs
[2025-02-03T12:06:12.320+0000] {logging_mixin.py:150} INFO - [2025-02-03T12:06:12.320+0000] {dag.py:3504} INFO - Setting next_dagrun for latest_only_with_trigger to 2025-02-03T08:06:12.320393+00:00, run_after=2025-02-03T12:06:12.320393+00:00
[2025-02-03T12:06:12.335+0000] {processor.py:179} INFO - Processing /home/vscode/.local/lib/python3.10/site-packages/airflow/example_dags/example_latest_only_with_trigger.py took 0.049 seconds
[2025-02-03T12:07:00.586+0000] {processor.py:157} INFO - Started process (PID=44124) to work on /home/vscode/.local/lib/python3.10/site-packages/airflow/example_dags/example_latest_only_with_trigger.py
[2025-02-03T12:07:00.587+0000] {processor.py:826} INFO - Processing file /home/vscode/.local/lib/python3.10/site-packages/airflow/example_dags/example_latest_only_with_trigger.py for tasks to queue
[2025-02-03T12:07:00.588+0000] {logging_mixin.py:150} INFO - [2025-02-03T12:07:00.587+0000] {dagbag.py:541} INFO - Filling up the DagBag from /home/vscode/.local/lib/python3.10/site-packages/airflow/example_dags/example_latest_only_with_trigger.py
[2025-02-03T12:07:00.593+0000] {processor.py:836} INFO - DAG(s) dict_keys(['latest_only_with_trigger']) retrieved from /home/vscode/.local/lib/python3.10/site-packages/airflow/example_dags/example_latest_only_with_trigger.py
[2025-02-03T12:07:00.606+0000] {logging_mixin.py:150} INFO - [2025-02-03T12:07:00.606+0000] {dag.py:2742} INFO - Sync 1 DAGs
[2025-02-03T12:07:00.620+0000] {logging_mixin.py:150} INFO - [2025-02-03T12:07:00.619+0000] {dag.py:3504} INFO - Setting next_dagrun for latest_only_with_trigger to 2025-02-03T08:07:00.619724+00:00, run_after=2025-02-03T12:07:00.619724+00:00
[2025-02-03T12:07:00.634+0000] {processor.py:179} INFO - Processing /home/vscode/.local/lib/python3.10/site-packages/airflow/example_dags/example_latest_only_with_trigger.py took 0.050 seconds
[2025-02-03T12:07:42.741+0000] {processor.py:157} INFO - Started process (PID=44974) to work on /home/vscode/.local/lib/python3.10/site-packages/airflow/example_dags/example_latest_only_with_trigger.py
[2025-02-03T12:07:42.742+0000] {processor.py:826} INFO - Processing file /home/vscode/.local/lib/python3.10/site-packages/airflow/example_dags/example_latest_only_with_trigger.py for tasks to queue
[2025-02-03T12:07:42.742+0000] {logging_mixin.py:150} INFO - [2025-02-03T12:07:42.742+0000] {dagbag.py:541} INFO - Filling up the DagBag from /home/vscode/.local/lib/python3.10/site-packages/airflow/example_dags/example_latest_only_with_trigger.py
[2025-02-03T12:07:42.747+0000] {processor.py:836} INFO - DAG(s) dict_keys(['latest_only_with_trigger']) retrieved from /home/vscode/.local/lib/python3.10/site-packages/airflow/example_dags/example_latest_only_with_trigger.py
[2025-02-03T12:07:42.758+0000] {logging_mixin.py:150} INFO - [2025-02-03T12:07:42.758+0000] {dag.py:2742} INFO - Sync 1 DAGs
[2025-02-03T12:07:42.773+0000] {logging_mixin.py:150} INFO - [2025-02-03T12:07:42.772+0000] {dag.py:3504} INFO - Setting next_dagrun for latest_only_with_trigger to 2025-02-03T08:07:42.772787+00:00, run_after=2025-02-03T12:07:42.772787+00:00
[2025-02-03T12:07:42.787+0000] {processor.py:179} INFO - Processing /home/vscode/.local/lib/python3.10/site-packages/airflow/example_dags/example_latest_only_with_trigger.py took 0.048 seconds
[2025-02-03T12:08:30.683+0000] {processor.py:157} INFO - Started process (PID=46402) to work on /home/vscode/.local/lib/python3.10/site-packages/airflow/example_dags/example_latest_only_with_trigger.py
[2025-02-03T12:08:30.684+0000] {processor.py:826} INFO - Processing file /home/vscode/.local/lib/python3.10/site-packages/airflow/example_dags/example_latest_only_with_trigger.py for tasks to queue
[2025-02-03T12:08:30.684+0000] {logging_mixin.py:150} INFO - [2025-02-03T12:08:30.684+0000] {dagbag.py:541} INFO - Filling up the DagBag from /home/vscode/.local/lib/python3.10/site-packages/airflow/example_dags/example_latest_only_with_trigger.py
[2025-02-03T12:08:30.689+0000] {processor.py:836} INFO - DAG(s) dict_keys(['latest_only_with_trigger']) retrieved from /home/vscode/.local/lib/python3.10/site-packages/airflow/example_dags/example_latest_only_with_trigger.py
[2025-02-03T12:08:30.700+0000] {logging_mixin.py:150} INFO - [2025-02-03T12:08:30.700+0000] {dag.py:2742} INFO - Sync 1 DAGs
[2025-02-03T12:08:30.714+0000] {logging_mixin.py:150} INFO - [2025-02-03T12:08:30.714+0000] {dag.py:3504} INFO - Setting next_dagrun for latest_only_with_trigger to 2025-02-03T08:08:30.714059+00:00, run_after=2025-02-03T12:08:30.714059+00:00
[2025-02-03T12:08:30.728+0000] {processor.py:179} INFO - Processing /home/vscode/.local/lib/python3.10/site-packages/airflow/example_dags/example_latest_only_with_trigger.py took 0.047 seconds
[2025-02-03T12:09:13.823+0000] {processor.py:157} INFO - Started process (PID=46769) to work on /home/vscode/.local/lib/python3.10/site-packages/airflow/example_dags/example_latest_only_with_trigger.py
[2025-02-03T12:09:13.823+0000] {processor.py:826} INFO - Processing file /home/vscode/.local/lib/python3.10/site-packages/airflow/example_dags/example_latest_only_with_trigger.py for tasks to queue
[2025-02-03T12:09:13.824+0000] {logging_mixin.py:150} INFO - [2025-02-03T12:09:13.824+0000] {dagbag.py:541} INFO - Filling up the DagBag from /home/vscode/.local/lib/python3.10/site-packages/airflow/example_dags/example_latest_only_with_trigger.py
[2025-02-03T12:09:13.829+0000] {processor.py:836} INFO - DAG(s) dict_keys(['latest_only_with_trigger']) retrieved from /home/vscode/.local/lib/python3.10/site-packages/airflow/example_dags/example_latest_only_with_trigger.py
[2025-02-03T12:09:13.840+0000] {logging_mixin.py:150} INFO - [2025-02-03T12:09:13.840+0000] {dag.py:2742} INFO - Sync 1 DAGs
[2025-02-03T12:09:13.854+0000] {logging_mixin.py:150} INFO - [2025-02-03T12:09:13.853+0000] {dag.py:3504} INFO - Setting next_dagrun for latest_only_with_trigger to 2025-02-03T08:09:13.853787+00:00, run_after=2025-02-03T12:09:13.853787+00:00
[2025-02-03T12:09:13.867+0000] {processor.py:179} INFO - Processing /home/vscode/.local/lib/python3.10/site-packages/airflow/example_dags/example_latest_only_with_trigger.py took 0.047 seconds
[2025-02-03T12:09:53.991+0000] {processor.py:157} INFO - Started process (PID=47608) to work on /home/vscode/.local/lib/python3.10/site-packages/airflow/example_dags/example_latest_only_with_trigger.py
[2025-02-03T12:09:53.991+0000] {processor.py:826} INFO - Processing file /home/vscode/.local/lib/python3.10/site-packages/airflow/example_dags/example_latest_only_with_trigger.py for tasks to queue
[2025-02-03T12:09:53.992+0000] {logging_mixin.py:150} INFO - [2025-02-03T12:09:53.992+0000] {dagbag.py:541} INFO - Filling up the DagBag from /home/vscode/.local/lib/python3.10/site-packages/airflow/example_dags/example_latest_only_with_trigger.py
[2025-02-03T12:09:53.997+0000] {processor.py:836} INFO - DAG(s) dict_keys(['latest_only_with_trigger']) retrieved from /home/vscode/.local/lib/python3.10/site-packages/airflow/example_dags/example_latest_only_with_trigger.py
[2025-02-03T12:09:54.008+0000] {logging_mixin.py:150} INFO - [2025-02-03T12:09:54.008+0000] {dag.py:2742} INFO - Sync 1 DAGs
[2025-02-03T12:09:54.022+0000] {logging_mixin.py:150} INFO - [2025-02-03T12:09:54.022+0000] {dag.py:3504} INFO - Setting next_dagrun for latest_only_with_trigger to 2025-02-03T08:09:54.022061+00:00, run_after=2025-02-03T12:09:54.022061+00:00
[2025-02-03T12:09:54.038+0000] {processor.py:179} INFO - Processing /home/vscode/.local/lib/python3.10/site-packages/airflow/example_dags/example_latest_only_with_trigger.py took 0.049 seconds
