[2025-02-03T11:50:19.253+0000] {processor.py:157} INFO - Started process (PID=37407) to work on /home/vscode/.local/lib/python3.10/site-packages/airflow/example_dags/example_time_delta_sensor_async.py
[2025-02-03T11:50:19.254+0000] {processor.py:826} INFO - Processing file /home/vscode/.local/lib/python3.10/site-packages/airflow/example_dags/example_time_delta_sensor_async.py for tasks to queue
[2025-02-03T11:50:19.255+0000] {logging_mixin.py:150} INFO - [2025-02-03T11:50:19.254+0000] {dagbag.py:541} INFO - Filling up the DagBag from /home/vscode/.local/lib/python3.10/site-packages/airflow/example_dags/example_time_delta_sensor_async.py
[2025-02-03T11:50:19.258+0000] {processor.py:836} INFO - DAG(s) dict_keys(['example_time_delta_sensor_async']) retrieved from /home/vscode/.local/lib/python3.10/site-packages/airflow/example_dags/example_time_delta_sensor_async.py
[2025-02-03T11:50:19.422+0000] {logging_mixin.py:150} INFO - [2025-02-03T11:50:19.422+0000] {manager.py:504} INFO - Created Permission View: can read on DAG:example_time_delta_sensor_async
[2025-02-03T11:50:19.430+0000] {logging_mixin.py:150} INFO - [2025-02-03T11:50:19.429+0000] {manager.py:504} INFO - Created Permission View: can delete on DAG:example_time_delta_sensor_async
[2025-02-03T11:50:19.435+0000] {logging_mixin.py:150} INFO - [2025-02-03T11:50:19.435+0000] {manager.py:504} INFO - Created Permission View: can edit on DAG:example_time_delta_sensor_async
[2025-02-03T11:50:19.443+0000] {logging_mixin.py:150} INFO - [2025-02-03T11:50:19.443+0000] {dag.py:2742} INFO - Sync 1 DAGs
[2025-02-03T11:50:19.450+0000] {logging_mixin.py:150} INFO - [2025-02-03T11:50:19.450+0000] {dag.py:2763} INFO - Creating ORM DAG for example_time_delta_sensor_async
[2025-02-03T11:50:19.456+0000] {logging_mixin.py:150} INFO - [2025-02-03T11:50:19.456+0000] {dag.py:3504} INFO - Setting next_dagrun for example_time_delta_sensor_async to None, run_after=None
[2025-02-03T11:50:19.470+0000] {processor.py:179} INFO - Processing /home/vscode/.local/lib/python3.10/site-packages/airflow/example_dags/example_time_delta_sensor_async.py took 0.218 seconds
[2025-02-03T11:51:10.344+0000] {processor.py:157} INFO - Started process (PID=37742) to work on /home/vscode/.local/lib/python3.10/site-packages/airflow/example_dags/example_time_delta_sensor_async.py
[2025-02-03T11:51:10.345+0000] {processor.py:826} INFO - Processing file /home/vscode/.local/lib/python3.10/site-packages/airflow/example_dags/example_time_delta_sensor_async.py for tasks to queue
[2025-02-03T11:51:10.345+0000] {logging_mixin.py:150} INFO - [2025-02-03T11:51:10.345+0000] {dagbag.py:541} INFO - Filling up the DagBag from /home/vscode/.local/lib/python3.10/site-packages/airflow/example_dags/example_time_delta_sensor_async.py
[2025-02-03T11:51:10.348+0000] {processor.py:836} INFO - DAG(s) dict_keys(['example_time_delta_sensor_async']) retrieved from /home/vscode/.local/lib/python3.10/site-packages/airflow/example_dags/example_time_delta_sensor_async.py
[2025-02-03T11:51:10.360+0000] {logging_mixin.py:150} INFO - [2025-02-03T11:51:10.359+0000] {dag.py:2742} INFO - Sync 1 DAGs
[2025-02-03T11:51:10.373+0000] {logging_mixin.py:150} INFO - [2025-02-03T11:51:10.373+0000] {dag.py:3504} INFO - Setting next_dagrun for example_time_delta_sensor_async to None, run_after=None
[2025-02-03T11:51:10.388+0000] {processor.py:179} INFO - Processing /home/vscode/.local/lib/python3.10/site-packages/airflow/example_dags/example_time_delta_sensor_async.py took 0.046 seconds
[2025-02-03T11:51:55.804+0000] {processor.py:157} INFO - Started process (PID=38044) to work on /home/vscode/.local/lib/python3.10/site-packages/airflow/example_dags/example_time_delta_sensor_async.py
[2025-02-03T11:51:55.805+0000] {processor.py:826} INFO - Processing file /home/vscode/.local/lib/python3.10/site-packages/airflow/example_dags/example_time_delta_sensor_async.py for tasks to queue
[2025-02-03T11:51:55.805+0000] {logging_mixin.py:150} INFO - [2025-02-03T11:51:55.805+0000] {dagbag.py:541} INFO - Filling up the DagBag from /home/vscode/.local/lib/python3.10/site-packages/airflow/example_dags/example_time_delta_sensor_async.py
[2025-02-03T11:51:55.808+0000] {processor.py:836} INFO - DAG(s) dict_keys(['example_time_delta_sensor_async']) retrieved from /home/vscode/.local/lib/python3.10/site-packages/airflow/example_dags/example_time_delta_sensor_async.py
[2025-02-03T11:51:55.820+0000] {logging_mixin.py:150} INFO - [2025-02-03T11:51:55.820+0000] {dag.py:2742} INFO - Sync 1 DAGs
[2025-02-03T11:51:55.834+0000] {logging_mixin.py:150} INFO - [2025-02-03T11:51:55.834+0000] {dag.py:3504} INFO - Setting next_dagrun for example_time_delta_sensor_async to None, run_after=None
[2025-02-03T11:51:55.848+0000] {processor.py:179} INFO - Processing /home/vscode/.local/lib/python3.10/site-packages/airflow/example_dags/example_time_delta_sensor_async.py took 0.046 seconds
[2025-02-03T11:52:38.005+0000] {processor.py:157} INFO - Started process (PID=38331) to work on /home/vscode/.local/lib/python3.10/site-packages/airflow/example_dags/example_time_delta_sensor_async.py
[2025-02-03T11:52:38.006+0000] {processor.py:826} INFO - Processing file /home/vscode/.local/lib/python3.10/site-packages/airflow/example_dags/example_time_delta_sensor_async.py for tasks to queue
[2025-02-03T11:52:38.006+0000] {logging_mixin.py:150} INFO - [2025-02-03T11:52:38.006+0000] {dagbag.py:541} INFO - Filling up the DagBag from /home/vscode/.local/lib/python3.10/site-packages/airflow/example_dags/example_time_delta_sensor_async.py
[2025-02-03T11:52:38.010+0000] {processor.py:836} INFO - DAG(s) dict_keys(['example_time_delta_sensor_async']) retrieved from /home/vscode/.local/lib/python3.10/site-packages/airflow/example_dags/example_time_delta_sensor_async.py
[2025-02-03T11:52:38.022+0000] {logging_mixin.py:150} INFO - [2025-02-03T11:52:38.021+0000] {dag.py:2742} INFO - Sync 1 DAGs
[2025-02-03T11:52:38.036+0000] {logging_mixin.py:150} INFO - [2025-02-03T11:52:38.035+0000] {dag.py:3504} INFO - Setting next_dagrun for example_time_delta_sensor_async to None, run_after=None
[2025-02-03T11:52:38.050+0000] {processor.py:179} INFO - Processing /home/vscode/.local/lib/python3.10/site-packages/airflow/example_dags/example_time_delta_sensor_async.py took 0.047 seconds
[2025-02-03T11:53:21.947+0000] {processor.py:157} INFO - Started process (PID=38625) to work on /home/vscode/.local/lib/python3.10/site-packages/airflow/example_dags/example_time_delta_sensor_async.py
[2025-02-03T11:53:21.947+0000] {processor.py:826} INFO - Processing file /home/vscode/.local/lib/python3.10/site-packages/airflow/example_dags/example_time_delta_sensor_async.py for tasks to queue
[2025-02-03T11:53:21.948+0000] {logging_mixin.py:150} INFO - [2025-02-03T11:53:21.948+0000] {dagbag.py:541} INFO - Filling up the DagBag from /home/vscode/.local/lib/python3.10/site-packages/airflow/example_dags/example_time_delta_sensor_async.py
[2025-02-03T11:53:21.951+0000] {processor.py:836} INFO - DAG(s) dict_keys(['example_time_delta_sensor_async']) retrieved from /home/vscode/.local/lib/python3.10/site-packages/airflow/example_dags/example_time_delta_sensor_async.py
[2025-02-03T11:53:21.966+0000] {logging_mixin.py:150} INFO - [2025-02-03T11:53:21.966+0000] {dag.py:2742} INFO - Sync 1 DAGs
[2025-02-03T11:53:21.980+0000] {logging_mixin.py:150} INFO - [2025-02-03T11:53:21.980+0000] {dag.py:3504} INFO - Setting next_dagrun for example_time_delta_sensor_async to None, run_after=None
[2025-02-03T11:53:21.993+0000] {processor.py:179} INFO - Processing /home/vscode/.local/lib/python3.10/site-packages/airflow/example_dags/example_time_delta_sensor_async.py took 0.048 seconds
[2025-02-03T11:54:04.151+0000] {processor.py:157} INFO - Started process (PID=38912) to work on /home/vscode/.local/lib/python3.10/site-packages/airflow/example_dags/example_time_delta_sensor_async.py
[2025-02-03T11:54:04.152+0000] {processor.py:826} INFO - Processing file /home/vscode/.local/lib/python3.10/site-packages/airflow/example_dags/example_time_delta_sensor_async.py for tasks to queue
[2025-02-03T11:54:04.152+0000] {logging_mixin.py:150} INFO - [2025-02-03T11:54:04.152+0000] {dagbag.py:541} INFO - Filling up the DagBag from /home/vscode/.local/lib/python3.10/site-packages/airflow/example_dags/example_time_delta_sensor_async.py
[2025-02-03T11:54:04.156+0000] {processor.py:836} INFO - DAG(s) dict_keys(['example_time_delta_sensor_async']) retrieved from /home/vscode/.local/lib/python3.10/site-packages/airflow/example_dags/example_time_delta_sensor_async.py
[2025-02-03T11:54:04.167+0000] {logging_mixin.py:150} INFO - [2025-02-03T11:54:04.167+0000] {dag.py:2742} INFO - Sync 1 DAGs
[2025-02-03T11:54:04.180+0000] {logging_mixin.py:150} INFO - [2025-02-03T11:54:04.180+0000] {dag.py:3504} INFO - Setting next_dagrun for example_time_delta_sensor_async to None, run_after=None
[2025-02-03T11:54:04.194+0000] {processor.py:179} INFO - Processing /home/vscode/.local/lib/python3.10/site-packages/airflow/example_dags/example_time_delta_sensor_async.py took 0.045 seconds
[2025-02-03T11:54:48.087+0000] {processor.py:157} INFO - Started process (PID=39206) to work on /home/vscode/.local/lib/python3.10/site-packages/airflow/example_dags/example_time_delta_sensor_async.py
[2025-02-03T11:54:48.088+0000] {processor.py:826} INFO - Processing file /home/vscode/.local/lib/python3.10/site-packages/airflow/example_dags/example_time_delta_sensor_async.py for tasks to queue
[2025-02-03T11:54:48.088+0000] {logging_mixin.py:150} INFO - [2025-02-03T11:54:48.088+0000] {dagbag.py:541} INFO - Filling up the DagBag from /home/vscode/.local/lib/python3.10/site-packages/airflow/example_dags/example_time_delta_sensor_async.py
[2025-02-03T11:54:48.092+0000] {processor.py:836} INFO - DAG(s) dict_keys(['example_time_delta_sensor_async']) retrieved from /home/vscode/.local/lib/python3.10/site-packages/airflow/example_dags/example_time_delta_sensor_async.py
[2025-02-03T11:54:48.103+0000] {logging_mixin.py:150} INFO - [2025-02-03T11:54:48.103+0000] {dag.py:2742} INFO - Sync 1 DAGs
[2025-02-03T11:54:48.117+0000] {logging_mixin.py:150} INFO - [2025-02-03T11:54:48.117+0000] {dag.py:3504} INFO - Setting next_dagrun for example_time_delta_sensor_async to None, run_after=None
[2025-02-03T11:54:48.132+0000] {processor.py:179} INFO - Processing /home/vscode/.local/lib/python3.10/site-packages/airflow/example_dags/example_time_delta_sensor_async.py took 0.047 seconds
[2025-02-03T11:55:28.497+0000] {processor.py:157} INFO - Started process (PID=39482) to work on /home/vscode/.local/lib/python3.10/site-packages/airflow/example_dags/example_time_delta_sensor_async.py
[2025-02-03T11:55:28.497+0000] {processor.py:826} INFO - Processing file /home/vscode/.local/lib/python3.10/site-packages/airflow/example_dags/example_time_delta_sensor_async.py for tasks to queue
[2025-02-03T11:55:28.498+0000] {logging_mixin.py:150} INFO - [2025-02-03T11:55:28.497+0000] {dagbag.py:541} INFO - Filling up the DagBag from /home/vscode/.local/lib/python3.10/site-packages/airflow/example_dags/example_time_delta_sensor_async.py
[2025-02-03T11:55:28.501+0000] {processor.py:836} INFO - DAG(s) dict_keys(['example_time_delta_sensor_async']) retrieved from /home/vscode/.local/lib/python3.10/site-packages/airflow/example_dags/example_time_delta_sensor_async.py
[2025-02-03T11:55:28.514+0000] {logging_mixin.py:150} INFO - [2025-02-03T11:55:28.514+0000] {dag.py:2742} INFO - Sync 1 DAGs
[2025-02-03T11:55:28.528+0000] {logging_mixin.py:150} INFO - [2025-02-03T11:55:28.528+0000] {dag.py:3504} INFO - Setting next_dagrun for example_time_delta_sensor_async to None, run_after=None
[2025-02-03T11:55:28.542+0000] {processor.py:179} INFO - Processing /home/vscode/.local/lib/python3.10/site-packages/airflow/example_dags/example_time_delta_sensor_async.py took 0.047 seconds
[2025-02-03T11:56:13.261+0000] {processor.py:157} INFO - Started process (PID=39780) to work on /home/vscode/.local/lib/python3.10/site-packages/airflow/example_dags/example_time_delta_sensor_async.py
[2025-02-03T11:56:13.261+0000] {processor.py:826} INFO - Processing file /home/vscode/.local/lib/python3.10/site-packages/airflow/example_dags/example_time_delta_sensor_async.py for tasks to queue
[2025-02-03T11:56:13.262+0000] {logging_mixin.py:150} INFO - [2025-02-03T11:56:13.261+0000] {dagbag.py:541} INFO - Filling up the DagBag from /home/vscode/.local/lib/python3.10/site-packages/airflow/example_dags/example_time_delta_sensor_async.py
[2025-02-03T11:56:13.265+0000] {processor.py:836} INFO - DAG(s) dict_keys(['example_time_delta_sensor_async']) retrieved from /home/vscode/.local/lib/python3.10/site-packages/airflow/example_dags/example_time_delta_sensor_async.py
[2025-02-03T11:56:13.276+0000] {logging_mixin.py:150} INFO - [2025-02-03T11:56:13.276+0000] {dag.py:2742} INFO - Sync 1 DAGs
[2025-02-03T11:56:13.289+0000] {logging_mixin.py:150} INFO - [2025-02-03T11:56:13.289+0000] {dag.py:3504} INFO - Setting next_dagrun for example_time_delta_sensor_async to None, run_after=None
[2025-02-03T11:56:13.303+0000] {processor.py:179} INFO - Processing /home/vscode/.local/lib/python3.10/site-packages/airflow/example_dags/example_time_delta_sensor_async.py took 0.045 seconds
[2025-02-03T11:56:50.828+0000] {processor.py:157} INFO - Started process (PID=40031) to work on /home/vscode/.local/lib/python3.10/site-packages/airflow/example_dags/example_time_delta_sensor_async.py
[2025-02-03T11:56:50.829+0000] {processor.py:826} INFO - Processing file /home/vscode/.local/lib/python3.10/site-packages/airflow/example_dags/example_time_delta_sensor_async.py for tasks to queue
[2025-02-03T11:56:50.829+0000] {logging_mixin.py:150} INFO - [2025-02-03T11:56:50.829+0000] {dagbag.py:541} INFO - Filling up the DagBag from /home/vscode/.local/lib/python3.10/site-packages/airflow/example_dags/example_time_delta_sensor_async.py
[2025-02-03T11:56:50.832+0000] {processor.py:836} INFO - DAG(s) dict_keys(['example_time_delta_sensor_async']) retrieved from /home/vscode/.local/lib/python3.10/site-packages/airflow/example_dags/example_time_delta_sensor_async.py
[2025-02-03T11:56:50.844+0000] {logging_mixin.py:150} INFO - [2025-02-03T11:56:50.843+0000] {dag.py:2742} INFO - Sync 1 DAGs
[2025-02-03T11:56:50.857+0000] {logging_mixin.py:150} INFO - [2025-02-03T11:56:50.857+0000] {dag.py:3504} INFO - Setting next_dagrun for example_time_delta_sensor_async to None, run_after=None
[2025-02-03T11:56:50.873+0000] {processor.py:179} INFO - Processing /home/vscode/.local/lib/python3.10/site-packages/airflow/example_dags/example_time_delta_sensor_async.py took 0.047 seconds
[2025-02-03T11:57:33.547+0000] {processor.py:157} INFO - Started process (PID=40318) to work on /home/vscode/.local/lib/python3.10/site-packages/airflow/example_dags/example_time_delta_sensor_async.py
[2025-02-03T11:57:33.548+0000] {processor.py:826} INFO - Processing file /home/vscode/.local/lib/python3.10/site-packages/airflow/example_dags/example_time_delta_sensor_async.py for tasks to queue
[2025-02-03T11:57:33.549+0000] {logging_mixin.py:150} INFO - [2025-02-03T11:57:33.548+0000] {dagbag.py:541} INFO - Filling up the DagBag from /home/vscode/.local/lib/python3.10/site-packages/airflow/example_dags/example_time_delta_sensor_async.py
[2025-02-03T11:57:33.552+0000] {processor.py:836} INFO - DAG(s) dict_keys(['example_time_delta_sensor_async']) retrieved from /home/vscode/.local/lib/python3.10/site-packages/airflow/example_dags/example_time_delta_sensor_async.py
[2025-02-03T11:57:33.564+0000] {logging_mixin.py:150} INFO - [2025-02-03T11:57:33.564+0000] {dag.py:2742} INFO - Sync 1 DAGs
[2025-02-03T11:57:33.578+0000] {logging_mixin.py:150} INFO - [2025-02-03T11:57:33.578+0000] {dag.py:3504} INFO - Setting next_dagrun for example_time_delta_sensor_async to None, run_after=None
[2025-02-03T11:57:33.592+0000] {processor.py:179} INFO - Processing /home/vscode/.local/lib/python3.10/site-packages/airflow/example_dags/example_time_delta_sensor_async.py took 0.046 seconds
[2025-02-03T11:58:22.027+0000] {processor.py:157} INFO - Started process (PID=40643) to work on /home/vscode/.local/lib/python3.10/site-packages/airflow/example_dags/example_time_delta_sensor_async.py
[2025-02-03T11:58:22.028+0000] {processor.py:826} INFO - Processing file /home/vscode/.local/lib/python3.10/site-packages/airflow/example_dags/example_time_delta_sensor_async.py for tasks to queue
[2025-02-03T11:58:22.028+0000] {logging_mixin.py:150} INFO - [2025-02-03T11:58:22.028+0000] {dagbag.py:541} INFO - Filling up the DagBag from /home/vscode/.local/lib/python3.10/site-packages/airflow/example_dags/example_time_delta_sensor_async.py
[2025-02-03T11:58:22.031+0000] {processor.py:836} INFO - DAG(s) dict_keys(['example_time_delta_sensor_async']) retrieved from /home/vscode/.local/lib/python3.10/site-packages/airflow/example_dags/example_time_delta_sensor_async.py
[2025-02-03T11:58:22.043+0000] {logging_mixin.py:150} INFO - [2025-02-03T11:58:22.043+0000] {dag.py:2742} INFO - Sync 1 DAGs
[2025-02-03T11:58:22.056+0000] {logging_mixin.py:150} INFO - [2025-02-03T11:58:22.056+0000] {dag.py:3504} INFO - Setting next_dagrun for example_time_delta_sensor_async to None, run_after=None
[2025-02-03T11:58:22.071+0000] {processor.py:179} INFO - Processing /home/vscode/.local/lib/python3.10/site-packages/airflow/example_dags/example_time_delta_sensor_async.py took 0.046 seconds
[2025-02-03T11:59:04.843+0000] {processor.py:157} INFO - Started process (PID=40925) to work on /home/vscode/.local/lib/python3.10/site-packages/airflow/example_dags/example_time_delta_sensor_async.py
[2025-02-03T11:59:04.844+0000] {processor.py:826} INFO - Processing file /home/vscode/.local/lib/python3.10/site-packages/airflow/example_dags/example_time_delta_sensor_async.py for tasks to queue
[2025-02-03T11:59:04.844+0000] {logging_mixin.py:150} INFO - [2025-02-03T11:59:04.844+0000] {dagbag.py:541} INFO - Filling up the DagBag from /home/vscode/.local/lib/python3.10/site-packages/airflow/example_dags/example_time_delta_sensor_async.py
[2025-02-03T11:59:04.848+0000] {processor.py:836} INFO - DAG(s) dict_keys(['example_time_delta_sensor_async']) retrieved from /home/vscode/.local/lib/python3.10/site-packages/airflow/example_dags/example_time_delta_sensor_async.py
[2025-02-03T11:59:04.859+0000] {logging_mixin.py:150} INFO - [2025-02-03T11:59:04.859+0000] {dag.py:2742} INFO - Sync 1 DAGs
[2025-02-03T11:59:04.872+0000] {logging_mixin.py:150} INFO - [2025-02-03T11:59:04.872+0000] {dag.py:3504} INFO - Setting next_dagrun for example_time_delta_sensor_async to None, run_after=None
[2025-02-03T11:59:04.886+0000] {processor.py:179} INFO - Processing /home/vscode/.local/lib/python3.10/site-packages/airflow/example_dags/example_time_delta_sensor_async.py took 0.045 seconds
[2025-02-03T11:59:48.520+0000] {processor.py:157} INFO - Started process (PID=41221) to work on /home/vscode/.local/lib/python3.10/site-packages/airflow/example_dags/example_time_delta_sensor_async.py
[2025-02-03T11:59:48.520+0000] {processor.py:826} INFO - Processing file /home/vscode/.local/lib/python3.10/site-packages/airflow/example_dags/example_time_delta_sensor_async.py for tasks to queue
[2025-02-03T11:59:48.521+0000] {logging_mixin.py:150} INFO - [2025-02-03T11:59:48.521+0000] {dagbag.py:541} INFO - Filling up the DagBag from /home/vscode/.local/lib/python3.10/site-packages/airflow/example_dags/example_time_delta_sensor_async.py
[2025-02-03T11:59:48.524+0000] {processor.py:836} INFO - DAG(s) dict_keys(['example_time_delta_sensor_async']) retrieved from /home/vscode/.local/lib/python3.10/site-packages/airflow/example_dags/example_time_delta_sensor_async.py
[2025-02-03T11:59:48.536+0000] {logging_mixin.py:150} INFO - [2025-02-03T11:59:48.536+0000] {dag.py:2742} INFO - Sync 1 DAGs
[2025-02-03T11:59:48.550+0000] {logging_mixin.py:150} INFO - [2025-02-03T11:59:48.550+0000] {dag.py:3504} INFO - Setting next_dagrun for example_time_delta_sensor_async to None, run_after=None
[2025-02-03T11:59:48.564+0000] {processor.py:179} INFO - Processing /home/vscode/.local/lib/python3.10/site-packages/airflow/example_dags/example_time_delta_sensor_async.py took 0.046 seconds
[2025-02-03T12:00:30.168+0000] {processor.py:157} INFO - Started process (PID=41504) to work on /home/vscode/.local/lib/python3.10/site-packages/airflow/example_dags/example_time_delta_sensor_async.py
[2025-02-03T12:00:30.168+0000] {processor.py:826} INFO - Processing file /home/vscode/.local/lib/python3.10/site-packages/airflow/example_dags/example_time_delta_sensor_async.py for tasks to queue
[2025-02-03T12:00:30.169+0000] {logging_mixin.py:150} INFO - [2025-02-03T12:00:30.169+0000] {dagbag.py:541} INFO - Filling up the DagBag from /home/vscode/.local/lib/python3.10/site-packages/airflow/example_dags/example_time_delta_sensor_async.py
[2025-02-03T12:00:30.172+0000] {processor.py:836} INFO - DAG(s) dict_keys(['example_time_delta_sensor_async']) retrieved from /home/vscode/.local/lib/python3.10/site-packages/airflow/example_dags/example_time_delta_sensor_async.py
[2025-02-03T12:00:30.184+0000] {logging_mixin.py:150} INFO - [2025-02-03T12:00:30.184+0000] {dag.py:2742} INFO - Sync 1 DAGs
[2025-02-03T12:00:30.197+0000] {logging_mixin.py:150} INFO - [2025-02-03T12:00:30.197+0000] {dag.py:3504} INFO - Setting next_dagrun for example_time_delta_sensor_async to None, run_after=None
[2025-02-03T12:00:30.211+0000] {processor.py:179} INFO - Processing /home/vscode/.local/lib/python3.10/site-packages/airflow/example_dags/example_time_delta_sensor_async.py took 0.046 seconds
[2025-02-03T12:01:15.465+0000] {processor.py:157} INFO - Started process (PID=41801) to work on /home/vscode/.local/lib/python3.10/site-packages/airflow/example_dags/example_time_delta_sensor_async.py
[2025-02-03T12:01:15.466+0000] {processor.py:826} INFO - Processing file /home/vscode/.local/lib/python3.10/site-packages/airflow/example_dags/example_time_delta_sensor_async.py for tasks to queue
[2025-02-03T12:01:15.466+0000] {logging_mixin.py:150} INFO - [2025-02-03T12:01:15.466+0000] {dagbag.py:541} INFO - Filling up the DagBag from /home/vscode/.local/lib/python3.10/site-packages/airflow/example_dags/example_time_delta_sensor_async.py
[2025-02-03T12:01:15.470+0000] {processor.py:836} INFO - DAG(s) dict_keys(['example_time_delta_sensor_async']) retrieved from /home/vscode/.local/lib/python3.10/site-packages/airflow/example_dags/example_time_delta_sensor_async.py
[2025-02-03T12:01:15.482+0000] {logging_mixin.py:150} INFO - [2025-02-03T12:01:15.482+0000] {dag.py:2742} INFO - Sync 1 DAGs
[2025-02-03T12:01:15.496+0000] {logging_mixin.py:150} INFO - [2025-02-03T12:01:15.496+0000] {dag.py:3504} INFO - Setting next_dagrun for example_time_delta_sensor_async to None, run_after=None
[2025-02-03T12:01:15.510+0000] {processor.py:179} INFO - Processing /home/vscode/.local/lib/python3.10/site-packages/airflow/example_dags/example_time_delta_sensor_async.py took 0.047 seconds
[2025-02-03T12:01:58.835+0000] {processor.py:157} INFO - Started process (PID=42094) to work on /home/vscode/.local/lib/python3.10/site-packages/airflow/example_dags/example_time_delta_sensor_async.py
[2025-02-03T12:01:58.835+0000] {processor.py:826} INFO - Processing file /home/vscode/.local/lib/python3.10/site-packages/airflow/example_dags/example_time_delta_sensor_async.py for tasks to queue
[2025-02-03T12:01:58.836+0000] {logging_mixin.py:150} INFO - [2025-02-03T12:01:58.836+0000] {dagbag.py:541} INFO - Filling up the DagBag from /home/vscode/.local/lib/python3.10/site-packages/airflow/example_dags/example_time_delta_sensor_async.py
[2025-02-03T12:01:58.839+0000] {processor.py:836} INFO - DAG(s) dict_keys(['example_time_delta_sensor_async']) retrieved from /home/vscode/.local/lib/python3.10/site-packages/airflow/example_dags/example_time_delta_sensor_async.py
[2025-02-03T12:01:58.851+0000] {logging_mixin.py:150} INFO - [2025-02-03T12:01:58.851+0000] {dag.py:2742} INFO - Sync 1 DAGs
[2025-02-03T12:01:58.864+0000] {logging_mixin.py:150} INFO - [2025-02-03T12:01:58.864+0000] {dag.py:3504} INFO - Setting next_dagrun for example_time_delta_sensor_async to None, run_after=None
[2025-02-03T12:01:58.878+0000] {processor.py:179} INFO - Processing /home/vscode/.local/lib/python3.10/site-packages/airflow/example_dags/example_time_delta_sensor_async.py took 0.046 seconds
[2025-02-03T12:02:40.544+0000] {processor.py:157} INFO - Started process (PID=42373) to work on /home/vscode/.local/lib/python3.10/site-packages/airflow/example_dags/example_time_delta_sensor_async.py
[2025-02-03T12:02:40.545+0000] {processor.py:826} INFO - Processing file /home/vscode/.local/lib/python3.10/site-packages/airflow/example_dags/example_time_delta_sensor_async.py for tasks to queue
[2025-02-03T12:02:40.545+0000] {logging_mixin.py:150} INFO - [2025-02-03T12:02:40.545+0000] {dagbag.py:541} INFO - Filling up the DagBag from /home/vscode/.local/lib/python3.10/site-packages/airflow/example_dags/example_time_delta_sensor_async.py
[2025-02-03T12:02:40.549+0000] {processor.py:836} INFO - DAG(s) dict_keys(['example_time_delta_sensor_async']) retrieved from /home/vscode/.local/lib/python3.10/site-packages/airflow/example_dags/example_time_delta_sensor_async.py
[2025-02-03T12:02:40.561+0000] {logging_mixin.py:150} INFO - [2025-02-03T12:02:40.560+0000] {dag.py:2742} INFO - Sync 1 DAGs
[2025-02-03T12:02:40.574+0000] {logging_mixin.py:150} INFO - [2025-02-03T12:02:40.574+0000] {dag.py:3504} INFO - Setting next_dagrun for example_time_delta_sensor_async to None, run_after=None
[2025-02-03T12:02:40.591+0000] {processor.py:179} INFO - Processing /home/vscode/.local/lib/python3.10/site-packages/airflow/example_dags/example_time_delta_sensor_async.py took 0.049 seconds
[2025-02-03T12:03:22.657+0000] {processor.py:157} INFO - Started process (PID=42667) to work on /home/vscode/.local/lib/python3.10/site-packages/airflow/example_dags/example_time_delta_sensor_async.py
[2025-02-03T12:03:22.658+0000] {processor.py:826} INFO - Processing file /home/vscode/.local/lib/python3.10/site-packages/airflow/example_dags/example_time_delta_sensor_async.py for tasks to queue
[2025-02-03T12:03:22.658+0000] {logging_mixin.py:150} INFO - [2025-02-03T12:03:22.658+0000] {dagbag.py:541} INFO - Filling up the DagBag from /home/vscode/.local/lib/python3.10/site-packages/airflow/example_dags/example_time_delta_sensor_async.py
[2025-02-03T12:03:22.661+0000] {processor.py:836} INFO - DAG(s) dict_keys(['example_time_delta_sensor_async']) retrieved from /home/vscode/.local/lib/python3.10/site-packages/airflow/example_dags/example_time_delta_sensor_async.py
[2025-02-03T12:03:22.673+0000] {logging_mixin.py:150} INFO - [2025-02-03T12:03:22.673+0000] {dag.py:2742} INFO - Sync 1 DAGs
[2025-02-03T12:03:22.686+0000] {logging_mixin.py:150} INFO - [2025-02-03T12:03:22.686+0000] {dag.py:3504} INFO - Setting next_dagrun for example_time_delta_sensor_async to None, run_after=None
[2025-02-03T12:03:22.700+0000] {processor.py:179} INFO - Processing /home/vscode/.local/lib/python3.10/site-packages/airflow/example_dags/example_time_delta_sensor_async.py took 0.045 seconds
[2025-02-03T12:04:07.466+0000] {processor.py:157} INFO - Started process (PID=42962) to work on /home/vscode/.local/lib/python3.10/site-packages/airflow/example_dags/example_time_delta_sensor_async.py
[2025-02-03T12:04:07.467+0000] {processor.py:826} INFO - Processing file /home/vscode/.local/lib/python3.10/site-packages/airflow/example_dags/example_time_delta_sensor_async.py for tasks to queue
[2025-02-03T12:04:07.468+0000] {logging_mixin.py:150} INFO - [2025-02-03T12:04:07.467+0000] {dagbag.py:541} INFO - Filling up the DagBag from /home/vscode/.local/lib/python3.10/site-packages/airflow/example_dags/example_time_delta_sensor_async.py
[2025-02-03T12:04:07.471+0000] {processor.py:836} INFO - DAG(s) dict_keys(['example_time_delta_sensor_async']) retrieved from /home/vscode/.local/lib/python3.10/site-packages/airflow/example_dags/example_time_delta_sensor_async.py
[2025-02-03T12:04:07.483+0000] {logging_mixin.py:150} INFO - [2025-02-03T12:04:07.483+0000] {dag.py:2742} INFO - Sync 1 DAGs
[2025-02-03T12:04:07.497+0000] {logging_mixin.py:150} INFO - [2025-02-03T12:04:07.497+0000] {dag.py:3504} INFO - Setting next_dagrun for example_time_delta_sensor_async to None, run_after=None
[2025-02-03T12:04:07.510+0000] {processor.py:179} INFO - Processing /home/vscode/.local/lib/python3.10/site-packages/airflow/example_dags/example_time_delta_sensor_async.py took 0.046 seconds
[2025-02-03T12:04:51.063+0000] {processor.py:157} INFO - Started process (PID=43251) to work on /home/vscode/.local/lib/python3.10/site-packages/airflow/example_dags/example_time_delta_sensor_async.py
[2025-02-03T12:04:51.063+0000] {processor.py:826} INFO - Processing file /home/vscode/.local/lib/python3.10/site-packages/airflow/example_dags/example_time_delta_sensor_async.py for tasks to queue
[2025-02-03T12:04:51.064+0000] {logging_mixin.py:150} INFO - [2025-02-03T12:04:51.064+0000] {dagbag.py:541} INFO - Filling up the DagBag from /home/vscode/.local/lib/python3.10/site-packages/airflow/example_dags/example_time_delta_sensor_async.py
[2025-02-03T12:04:51.067+0000] {processor.py:836} INFO - DAG(s) dict_keys(['example_time_delta_sensor_async']) retrieved from /home/vscode/.local/lib/python3.10/site-packages/airflow/example_dags/example_time_delta_sensor_async.py
[2025-02-03T12:04:51.079+0000] {logging_mixin.py:150} INFO - [2025-02-03T12:04:51.079+0000] {dag.py:2742} INFO - Sync 1 DAGs
[2025-02-03T12:04:51.093+0000] {logging_mixin.py:150} INFO - [2025-02-03T12:04:51.093+0000] {dag.py:3504} INFO - Setting next_dagrun for example_time_delta_sensor_async to None, run_after=None
[2025-02-03T12:04:51.107+0000] {processor.py:179} INFO - Processing /home/vscode/.local/lib/python3.10/site-packages/airflow/example_dags/example_time_delta_sensor_async.py took 0.047 seconds
[2025-02-03T12:05:34.729+0000] {processor.py:157} INFO - Started process (PID=43551) to work on /home/vscode/.local/lib/python3.10/site-packages/airflow/example_dags/example_time_delta_sensor_async.py
[2025-02-03T12:05:34.730+0000] {processor.py:826} INFO - Processing file /home/vscode/.local/lib/python3.10/site-packages/airflow/example_dags/example_time_delta_sensor_async.py for tasks to queue
[2025-02-03T12:05:34.730+0000] {logging_mixin.py:150} INFO - [2025-02-03T12:05:34.730+0000] {dagbag.py:541} INFO - Filling up the DagBag from /home/vscode/.local/lib/python3.10/site-packages/airflow/example_dags/example_time_delta_sensor_async.py
[2025-02-03T12:05:34.734+0000] {processor.py:836} INFO - DAG(s) dict_keys(['example_time_delta_sensor_async']) retrieved from /home/vscode/.local/lib/python3.10/site-packages/airflow/example_dags/example_time_delta_sensor_async.py
[2025-02-03T12:05:34.745+0000] {logging_mixin.py:150} INFO - [2025-02-03T12:05:34.745+0000] {dag.py:2742} INFO - Sync 1 DAGs
[2025-02-03T12:05:34.759+0000] {logging_mixin.py:150} INFO - [2025-02-03T12:05:34.759+0000] {dag.py:3504} INFO - Setting next_dagrun for example_time_delta_sensor_async to None, run_after=None
[2025-02-03T12:05:34.772+0000] {processor.py:179} INFO - Processing /home/vscode/.local/lib/python3.10/site-packages/airflow/example_dags/example_time_delta_sensor_async.py took 0.045 seconds
[2025-02-03T12:06:09.215+0000] {processor.py:157} INFO - Started process (PID=43785) to work on /home/vscode/.local/lib/python3.10/site-packages/airflow/example_dags/example_time_delta_sensor_async.py
[2025-02-03T12:06:09.215+0000] {processor.py:826} INFO - Processing file /home/vscode/.local/lib/python3.10/site-packages/airflow/example_dags/example_time_delta_sensor_async.py for tasks to queue
[2025-02-03T12:06:09.216+0000] {logging_mixin.py:150} INFO - [2025-02-03T12:06:09.216+0000] {dagbag.py:541} INFO - Filling up the DagBag from /home/vscode/.local/lib/python3.10/site-packages/airflow/example_dags/example_time_delta_sensor_async.py
[2025-02-03T12:06:09.219+0000] {processor.py:836} INFO - DAG(s) dict_keys(['example_time_delta_sensor_async']) retrieved from /home/vscode/.local/lib/python3.10/site-packages/airflow/example_dags/example_time_delta_sensor_async.py
[2025-02-03T12:06:09.230+0000] {logging_mixin.py:150} INFO - [2025-02-03T12:06:09.230+0000] {dag.py:2742} INFO - Sync 1 DAGs
[2025-02-03T12:06:09.244+0000] {logging_mixin.py:150} INFO - [2025-02-03T12:06:09.243+0000] {dag.py:3504} INFO - Setting next_dagrun for example_time_delta_sensor_async to None, run_after=None
[2025-02-03T12:06:09.258+0000] {processor.py:179} INFO - Processing /home/vscode/.local/lib/python3.10/site-packages/airflow/example_dags/example_time_delta_sensor_async.py took 0.045 seconds
[2025-02-03T12:06:56.159+0000] {processor.py:157} INFO - Started process (PID=44098) to work on /home/vscode/.local/lib/python3.10/site-packages/airflow/example_dags/example_time_delta_sensor_async.py
[2025-02-03T12:06:56.160+0000] {processor.py:826} INFO - Processing file /home/vscode/.local/lib/python3.10/site-packages/airflow/example_dags/example_time_delta_sensor_async.py for tasks to queue
[2025-02-03T12:06:56.160+0000] {logging_mixin.py:150} INFO - [2025-02-03T12:06:56.160+0000] {dagbag.py:541} INFO - Filling up the DagBag from /home/vscode/.local/lib/python3.10/site-packages/airflow/example_dags/example_time_delta_sensor_async.py
[2025-02-03T12:06:56.164+0000] {processor.py:836} INFO - DAG(s) dict_keys(['example_time_delta_sensor_async']) retrieved from /home/vscode/.local/lib/python3.10/site-packages/airflow/example_dags/example_time_delta_sensor_async.py
[2025-02-03T12:06:56.176+0000] {logging_mixin.py:150} INFO - [2025-02-03T12:06:56.176+0000] {dag.py:2742} INFO - Sync 1 DAGs
[2025-02-03T12:06:56.191+0000] {logging_mixin.py:150} INFO - [2025-02-03T12:06:56.190+0000] {dag.py:3504} INFO - Setting next_dagrun for example_time_delta_sensor_async to None, run_after=None
[2025-02-03T12:06:56.205+0000] {processor.py:179} INFO - Processing /home/vscode/.local/lib/python3.10/site-packages/airflow/example_dags/example_time_delta_sensor_async.py took 0.049 seconds
[2025-02-03T12:07:38.209+0000] {processor.py:157} INFO - Started process (PID=44937) to work on /home/vscode/.local/lib/python3.10/site-packages/airflow/example_dags/example_time_delta_sensor_async.py
[2025-02-03T12:07:38.210+0000] {processor.py:826} INFO - Processing file /home/vscode/.local/lib/python3.10/site-packages/airflow/example_dags/example_time_delta_sensor_async.py for tasks to queue
[2025-02-03T12:07:38.210+0000] {logging_mixin.py:150} INFO - [2025-02-03T12:07:38.210+0000] {dagbag.py:541} INFO - Filling up the DagBag from /home/vscode/.local/lib/python3.10/site-packages/airflow/example_dags/example_time_delta_sensor_async.py
[2025-02-03T12:07:38.213+0000] {processor.py:836} INFO - DAG(s) dict_keys(['example_time_delta_sensor_async']) retrieved from /home/vscode/.local/lib/python3.10/site-packages/airflow/example_dags/example_time_delta_sensor_async.py
[2025-02-03T12:07:38.225+0000] {logging_mixin.py:150} INFO - [2025-02-03T12:07:38.225+0000] {dag.py:2742} INFO - Sync 1 DAGs
[2025-02-03T12:07:38.240+0000] {logging_mixin.py:150} INFO - [2025-02-03T12:07:38.239+0000] {dag.py:3504} INFO - Setting next_dagrun for example_time_delta_sensor_async to None, run_after=None
[2025-02-03T12:07:38.254+0000] {processor.py:179} INFO - Processing /home/vscode/.local/lib/python3.10/site-packages/airflow/example_dags/example_time_delta_sensor_async.py took 0.047 seconds
[2025-02-03T12:08:26.150+0000] {processor.py:157} INFO - Started process (PID=46375) to work on /home/vscode/.local/lib/python3.10/site-packages/airflow/example_dags/example_time_delta_sensor_async.py
[2025-02-03T12:08:26.151+0000] {processor.py:826} INFO - Processing file /home/vscode/.local/lib/python3.10/site-packages/airflow/example_dags/example_time_delta_sensor_async.py for tasks to queue
[2025-02-03T12:08:26.151+0000] {logging_mixin.py:150} INFO - [2025-02-03T12:08:26.151+0000] {dagbag.py:541} INFO - Filling up the DagBag from /home/vscode/.local/lib/python3.10/site-packages/airflow/example_dags/example_time_delta_sensor_async.py
[2025-02-03T12:08:26.154+0000] {processor.py:836} INFO - DAG(s) dict_keys(['example_time_delta_sensor_async']) retrieved from /home/vscode/.local/lib/python3.10/site-packages/airflow/example_dags/example_time_delta_sensor_async.py
[2025-02-03T12:08:26.166+0000] {logging_mixin.py:150} INFO - [2025-02-03T12:08:26.166+0000] {dag.py:2742} INFO - Sync 1 DAGs
[2025-02-03T12:08:26.180+0000] {logging_mixin.py:150} INFO - [2025-02-03T12:08:26.180+0000] {dag.py:3504} INFO - Setting next_dagrun for example_time_delta_sensor_async to None, run_after=None
[2025-02-03T12:08:26.194+0000] {processor.py:179} INFO - Processing /home/vscode/.local/lib/python3.10/site-packages/airflow/example_dags/example_time_delta_sensor_async.py took 0.046 seconds
[2025-02-03T12:09:10.035+0000] {processor.py:157} INFO - Started process (PID=46720) to work on /home/vscode/.local/lib/python3.10/site-packages/airflow/example_dags/example_time_delta_sensor_async.py
[2025-02-03T12:09:10.035+0000] {processor.py:826} INFO - Processing file /home/vscode/.local/lib/python3.10/site-packages/airflow/example_dags/example_time_delta_sensor_async.py for tasks to queue
[2025-02-03T12:09:10.036+0000] {logging_mixin.py:150} INFO - [2025-02-03T12:09:10.036+0000] {dagbag.py:541} INFO - Filling up the DagBag from /home/vscode/.local/lib/python3.10/site-packages/airflow/example_dags/example_time_delta_sensor_async.py
[2025-02-03T12:09:10.039+0000] {processor.py:836} INFO - DAG(s) dict_keys(['example_time_delta_sensor_async']) retrieved from /home/vscode/.local/lib/python3.10/site-packages/airflow/example_dags/example_time_delta_sensor_async.py
[2025-02-03T12:09:10.051+0000] {logging_mixin.py:150} INFO - [2025-02-03T12:09:10.051+0000] {dag.py:2742} INFO - Sync 1 DAGs
[2025-02-03T12:09:10.064+0000] {logging_mixin.py:150} INFO - [2025-02-03T12:09:10.064+0000] {dag.py:3504} INFO - Setting next_dagrun for example_time_delta_sensor_async to None, run_after=None
[2025-02-03T12:09:10.078+0000] {processor.py:179} INFO - Processing /home/vscode/.local/lib/python3.10/site-packages/airflow/example_dags/example_time_delta_sensor_async.py took 0.046 seconds
[2025-02-03T12:09:50.107+0000] {processor.py:157} INFO - Started process (PID=47582) to work on /home/vscode/.local/lib/python3.10/site-packages/airflow/example_dags/example_time_delta_sensor_async.py
[2025-02-03T12:09:50.108+0000] {processor.py:826} INFO - Processing file /home/vscode/.local/lib/python3.10/site-packages/airflow/example_dags/example_time_delta_sensor_async.py for tasks to queue
[2025-02-03T12:09:50.109+0000] {logging_mixin.py:150} INFO - [2025-02-03T12:09:50.108+0000] {dagbag.py:541} INFO - Filling up the DagBag from /home/vscode/.local/lib/python3.10/site-packages/airflow/example_dags/example_time_delta_sensor_async.py
[2025-02-03T12:09:50.112+0000] {processor.py:836} INFO - DAG(s) dict_keys(['example_time_delta_sensor_async']) retrieved from /home/vscode/.local/lib/python3.10/site-packages/airflow/example_dags/example_time_delta_sensor_async.py
[2025-02-03T12:09:50.124+0000] {logging_mixin.py:150} INFO - [2025-02-03T12:09:50.123+0000] {dag.py:2742} INFO - Sync 1 DAGs
[2025-02-03T12:09:50.137+0000] {logging_mixin.py:150} INFO - [2025-02-03T12:09:50.137+0000] {dag.py:3504} INFO - Setting next_dagrun for example_time_delta_sensor_async to None, run_after=None
[2025-02-03T12:09:50.151+0000] {processor.py:179} INFO - Processing /home/vscode/.local/lib/python3.10/site-packages/airflow/example_dags/example_time_delta_sensor_async.py took 0.046 seconds
