[2025-02-03T11:50:30.684+0000] {processor.py:157} INFO - Started process (PID=37487) to work on /home/vscode/.local/lib/python3.10/site-packages/airflow/example_dags/example_sensors.py
[2025-02-03T11:50:30.684+0000] {processor.py:826} INFO - Processing file /home/vscode/.local/lib/python3.10/site-packages/airflow/example_dags/example_sensors.py for tasks to queue
[2025-02-03T11:50:30.685+0000] {logging_mixin.py:150} INFO - [2025-02-03T11:50:30.684+0000] {dagbag.py:541} INFO - Filling up the DagBag from /home/vscode/.local/lib/python3.10/site-packages/airflow/example_dags/example_sensors.py
[2025-02-03T11:50:30.691+0000] {processor.py:836} INFO - DAG(s) dict_keys(['example_sensors']) retrieved from /home/vscode/.local/lib/python3.10/site-packages/airflow/example_dags/example_sensors.py
[2025-02-03T11:50:30.866+0000] {logging_mixin.py:150} INFO - [2025-02-03T11:50:30.865+0000] {manager.py:504} INFO - Created Permission View: can read on DAG:example_sensors
[2025-02-03T11:50:30.878+0000] {logging_mixin.py:150} INFO - [2025-02-03T11:50:30.877+0000] {manager.py:504} INFO - Created Permission View: can delete on DAG:example_sensors
[2025-02-03T11:50:30.885+0000] {logging_mixin.py:150} INFO - [2025-02-03T11:50:30.885+0000] {manager.py:504} INFO - Created Permission View: can edit on DAG:example_sensors
[2025-02-03T11:50:30.896+0000] {logging_mixin.py:150} INFO - [2025-02-03T11:50:30.896+0000] {dag.py:2742} INFO - Sync 1 DAGs
[2025-02-03T11:50:30.905+0000] {logging_mixin.py:150} INFO - [2025-02-03T11:50:30.904+0000] {dag.py:2763} INFO - Creating ORM DAG for example_sensors
[2025-02-03T11:50:30.912+0000] {logging_mixin.py:150} INFO - [2025-02-03T11:50:30.912+0000] {dag.py:3504} INFO - Setting next_dagrun for example_sensors to None, run_after=None
[2025-02-03T11:50:30.928+0000] {processor.py:179} INFO - Processing /home/vscode/.local/lib/python3.10/site-packages/airflow/example_dags/example_sensors.py took 0.247 seconds
[2025-02-03T11:51:19.974+0000] {processor.py:157} INFO - Started process (PID=37810) to work on /home/vscode/.local/lib/python3.10/site-packages/airflow/example_dags/example_sensors.py
[2025-02-03T11:51:19.975+0000] {processor.py:826} INFO - Processing file /home/vscode/.local/lib/python3.10/site-packages/airflow/example_dags/example_sensors.py for tasks to queue
[2025-02-03T11:51:19.975+0000] {logging_mixin.py:150} INFO - [2025-02-03T11:51:19.975+0000] {dagbag.py:541} INFO - Filling up the DagBag from /home/vscode/.local/lib/python3.10/site-packages/airflow/example_dags/example_sensors.py
[2025-02-03T11:51:19.982+0000] {processor.py:836} INFO - DAG(s) dict_keys(['example_sensors']) retrieved from /home/vscode/.local/lib/python3.10/site-packages/airflow/example_dags/example_sensors.py
[2025-02-03T11:51:19.996+0000] {logging_mixin.py:150} INFO - [2025-02-03T11:51:19.996+0000] {dag.py:2742} INFO - Sync 1 DAGs
[2025-02-03T11:51:20.010+0000] {logging_mixin.py:150} INFO - [2025-02-03T11:51:20.010+0000] {dag.py:3504} INFO - Setting next_dagrun for example_sensors to None, run_after=None
[2025-02-03T11:51:20.024+0000] {processor.py:179} INFO - Processing /home/vscode/.local/lib/python3.10/site-packages/airflow/example_dags/example_sensors.py took 0.052 seconds
[2025-02-03T11:52:04.938+0000] {processor.py:157} INFO - Started process (PID=38105) to work on /home/vscode/.local/lib/python3.10/site-packages/airflow/example_dags/example_sensors.py
[2025-02-03T11:52:04.939+0000] {processor.py:826} INFO - Processing file /home/vscode/.local/lib/python3.10/site-packages/airflow/example_dags/example_sensors.py for tasks to queue
[2025-02-03T11:52:04.940+0000] {logging_mixin.py:150} INFO - [2025-02-03T11:52:04.939+0000] {dagbag.py:541} INFO - Filling up the DagBag from /home/vscode/.local/lib/python3.10/site-packages/airflow/example_dags/example_sensors.py
[2025-02-03T11:52:04.946+0000] {processor.py:836} INFO - DAG(s) dict_keys(['example_sensors']) retrieved from /home/vscode/.local/lib/python3.10/site-packages/airflow/example_dags/example_sensors.py
[2025-02-03T11:52:04.960+0000] {logging_mixin.py:150} INFO - [2025-02-03T11:52:04.960+0000] {dag.py:2742} INFO - Sync 1 DAGs
[2025-02-03T11:52:04.973+0000] {logging_mixin.py:150} INFO - [2025-02-03T11:52:04.973+0000] {dag.py:3504} INFO - Setting next_dagrun for example_sensors to None, run_after=None
[2025-02-03T11:52:04.987+0000] {processor.py:179} INFO - Processing /home/vscode/.local/lib/python3.10/site-packages/airflow/example_dags/example_sensors.py took 0.051 seconds
[2025-02-03T11:52:47.140+0000] {processor.py:157} INFO - Started process (PID=38399) to work on /home/vscode/.local/lib/python3.10/site-packages/airflow/example_dags/example_sensors.py
[2025-02-03T11:52:47.140+0000] {processor.py:826} INFO - Processing file /home/vscode/.local/lib/python3.10/site-packages/airflow/example_dags/example_sensors.py for tasks to queue
[2025-02-03T11:52:47.141+0000] {logging_mixin.py:150} INFO - [2025-02-03T11:52:47.141+0000] {dagbag.py:541} INFO - Filling up the DagBag from /home/vscode/.local/lib/python3.10/site-packages/airflow/example_dags/example_sensors.py
[2025-02-03T11:52:47.148+0000] {processor.py:836} INFO - DAG(s) dict_keys(['example_sensors']) retrieved from /home/vscode/.local/lib/python3.10/site-packages/airflow/example_dags/example_sensors.py
[2025-02-03T11:52:47.162+0000] {logging_mixin.py:150} INFO - [2025-02-03T11:52:47.162+0000] {dag.py:2742} INFO - Sync 1 DAGs
[2025-02-03T11:52:47.176+0000] {logging_mixin.py:150} INFO - [2025-02-03T11:52:47.176+0000] {dag.py:3504} INFO - Setting next_dagrun for example_sensors to None, run_after=None
[2025-02-03T11:52:47.191+0000] {processor.py:179} INFO - Processing /home/vscode/.local/lib/python3.10/site-packages/airflow/example_dags/example_sensors.py took 0.053 seconds
[2025-02-03T11:53:30.943+0000] {processor.py:157} INFO - Started process (PID=38686) to work on /home/vscode/.local/lib/python3.10/site-packages/airflow/example_dags/example_sensors.py
[2025-02-03T11:53:30.944+0000] {processor.py:826} INFO - Processing file /home/vscode/.local/lib/python3.10/site-packages/airflow/example_dags/example_sensors.py for tasks to queue
[2025-02-03T11:53:30.945+0000] {logging_mixin.py:150} INFO - [2025-02-03T11:53:30.944+0000] {dagbag.py:541} INFO - Filling up the DagBag from /home/vscode/.local/lib/python3.10/site-packages/airflow/example_dags/example_sensors.py
[2025-02-03T11:53:30.951+0000] {processor.py:836} INFO - DAG(s) dict_keys(['example_sensors']) retrieved from /home/vscode/.local/lib/python3.10/site-packages/airflow/example_dags/example_sensors.py
[2025-02-03T11:53:30.965+0000] {logging_mixin.py:150} INFO - [2025-02-03T11:53:30.965+0000] {dag.py:2742} INFO - Sync 1 DAGs
[2025-02-03T11:53:30.978+0000] {logging_mixin.py:150} INFO - [2025-02-03T11:53:30.978+0000] {dag.py:3504} INFO - Setting next_dagrun for example_sensors to None, run_after=None
[2025-02-03T11:53:30.992+0000] {processor.py:179} INFO - Processing /home/vscode/.local/lib/python3.10/site-packages/airflow/example_dags/example_sensors.py took 0.051 seconds
[2025-02-03T11:54:12.945+0000] {processor.py:157} INFO - Started process (PID=38972) to work on /home/vscode/.local/lib/python3.10/site-packages/airflow/example_dags/example_sensors.py
[2025-02-03T11:54:12.946+0000] {processor.py:826} INFO - Processing file /home/vscode/.local/lib/python3.10/site-packages/airflow/example_dags/example_sensors.py for tasks to queue
[2025-02-03T11:54:12.946+0000] {logging_mixin.py:150} INFO - [2025-02-03T11:54:12.946+0000] {dagbag.py:541} INFO - Filling up the DagBag from /home/vscode/.local/lib/python3.10/site-packages/airflow/example_dags/example_sensors.py
[2025-02-03T11:54:12.953+0000] {processor.py:836} INFO - DAG(s) dict_keys(['example_sensors']) retrieved from /home/vscode/.local/lib/python3.10/site-packages/airflow/example_dags/example_sensors.py
[2025-02-03T11:54:12.967+0000] {logging_mixin.py:150} INFO - [2025-02-03T11:54:12.967+0000] {dag.py:2742} INFO - Sync 1 DAGs
[2025-02-03T11:54:12.980+0000] {logging_mixin.py:150} INFO - [2025-02-03T11:54:12.980+0000] {dag.py:3504} INFO - Setting next_dagrun for example_sensors to None, run_after=None
[2025-02-03T11:54:12.995+0000] {processor.py:179} INFO - Processing /home/vscode/.local/lib/python3.10/site-packages/airflow/example_dags/example_sensors.py took 0.052 seconds
[2025-02-03T11:54:57.090+0000] {processor.py:157} INFO - Started process (PID=39267) to work on /home/vscode/.local/lib/python3.10/site-packages/airflow/example_dags/example_sensors.py
[2025-02-03T11:54:57.091+0000] {processor.py:826} INFO - Processing file /home/vscode/.local/lib/python3.10/site-packages/airflow/example_dags/example_sensors.py for tasks to queue
[2025-02-03T11:54:57.092+0000] {logging_mixin.py:150} INFO - [2025-02-03T11:54:57.091+0000] {dagbag.py:541} INFO - Filling up the DagBag from /home/vscode/.local/lib/python3.10/site-packages/airflow/example_dags/example_sensors.py
[2025-02-03T11:54:57.099+0000] {processor.py:836} INFO - DAG(s) dict_keys(['example_sensors']) retrieved from /home/vscode/.local/lib/python3.10/site-packages/airflow/example_dags/example_sensors.py
[2025-02-03T11:54:57.113+0000] {logging_mixin.py:150} INFO - [2025-02-03T11:54:57.112+0000] {dag.py:2742} INFO - Sync 1 DAGs
[2025-02-03T11:54:57.126+0000] {logging_mixin.py:150} INFO - [2025-02-03T11:54:57.126+0000] {dag.py:3504} INFO - Setting next_dagrun for example_sensors to None, run_after=None
[2025-02-03T11:54:57.139+0000] {processor.py:179} INFO - Processing /home/vscode/.local/lib/python3.10/site-packages/airflow/example_dags/example_sensors.py took 0.051 seconds
[2025-02-03T11:55:43.630+0000] {processor.py:157} INFO - Started process (PID=39573) to work on /home/vscode/.local/lib/python3.10/site-packages/airflow/example_dags/example_sensors.py
[2025-02-03T11:55:43.631+0000] {processor.py:826} INFO - Processing file /home/vscode/.local/lib/python3.10/site-packages/airflow/example_dags/example_sensors.py for tasks to queue
[2025-02-03T11:55:43.631+0000] {logging_mixin.py:150} INFO - [2025-02-03T11:55:43.631+0000] {dagbag.py:541} INFO - Filling up the DagBag from /home/vscode/.local/lib/python3.10/site-packages/airflow/example_dags/example_sensors.py
[2025-02-03T11:55:43.638+0000] {processor.py:836} INFO - DAG(s) dict_keys(['example_sensors']) retrieved from /home/vscode/.local/lib/python3.10/site-packages/airflow/example_dags/example_sensors.py
[2025-02-03T11:55:43.652+0000] {logging_mixin.py:150} INFO - [2025-02-03T11:55:43.652+0000] {dag.py:2742} INFO - Sync 1 DAGs
[2025-02-03T11:55:43.666+0000] {logging_mixin.py:150} INFO - [2025-02-03T11:55:43.665+0000] {dag.py:3504} INFO - Setting next_dagrun for example_sensors to None, run_after=None
[2025-02-03T11:55:43.679+0000] {processor.py:179} INFO - Processing /home/vscode/.local/lib/python3.10/site-packages/airflow/example_dags/example_sensors.py took 0.051 seconds
[2025-02-03T11:56:25.873+0000] {processor.py:157} INFO - Started process (PID=39860) to work on /home/vscode/.local/lib/python3.10/site-packages/airflow/example_dags/example_sensors.py
[2025-02-03T11:56:25.874+0000] {processor.py:826} INFO - Processing file /home/vscode/.local/lib/python3.10/site-packages/airflow/example_dags/example_sensors.py for tasks to queue
[2025-02-03T11:56:25.874+0000] {logging_mixin.py:150} INFO - [2025-02-03T11:56:25.874+0000] {dagbag.py:541} INFO - Filling up the DagBag from /home/vscode/.local/lib/python3.10/site-packages/airflow/example_dags/example_sensors.py
[2025-02-03T11:56:25.881+0000] {processor.py:836} INFO - DAG(s) dict_keys(['example_sensors']) retrieved from /home/vscode/.local/lib/python3.10/site-packages/airflow/example_dags/example_sensors.py
[2025-02-03T11:56:25.896+0000] {logging_mixin.py:150} INFO - [2025-02-03T11:56:25.895+0000] {dag.py:2742} INFO - Sync 1 DAGs
[2025-02-03T11:56:25.909+0000] {logging_mixin.py:150} INFO - [2025-02-03T11:56:25.909+0000] {dag.py:3504} INFO - Setting next_dagrun for example_sensors to None, run_after=None
[2025-02-03T11:56:25.923+0000] {processor.py:179} INFO - Processing /home/vscode/.local/lib/python3.10/site-packages/airflow/example_dags/example_sensors.py took 0.052 seconds
[2025-02-03T11:57:07.859+0000] {processor.py:157} INFO - Started process (PID=40145) to work on /home/vscode/.local/lib/python3.10/site-packages/airflow/example_dags/example_sensors.py
[2025-02-03T11:57:07.860+0000] {processor.py:826} INFO - Processing file /home/vscode/.local/lib/python3.10/site-packages/airflow/example_dags/example_sensors.py for tasks to queue
[2025-02-03T11:57:07.861+0000] {logging_mixin.py:150} INFO - [2025-02-03T11:57:07.860+0000] {dagbag.py:541} INFO - Filling up the DagBag from /home/vscode/.local/lib/python3.10/site-packages/airflow/example_dags/example_sensors.py
[2025-02-03T11:57:07.868+0000] {processor.py:836} INFO - DAG(s) dict_keys(['example_sensors']) retrieved from /home/vscode/.local/lib/python3.10/site-packages/airflow/example_dags/example_sensors.py
[2025-02-03T11:57:07.881+0000] {logging_mixin.py:150} INFO - [2025-02-03T11:57:07.881+0000] {dag.py:2742} INFO - Sync 1 DAGs
[2025-02-03T11:57:07.895+0000] {logging_mixin.py:150} INFO - [2025-02-03T11:57:07.895+0000] {dag.py:3504} INFO - Setting next_dagrun for example_sensors to None, run_after=None
[2025-02-03T11:57:07.909+0000] {processor.py:179} INFO - Processing /home/vscode/.local/lib/python3.10/site-packages/airflow/example_dags/example_sensors.py took 0.051 seconds
[2025-02-03T11:57:52.961+0000] {processor.py:157} INFO - Started process (PID=40447) to work on /home/vscode/.local/lib/python3.10/site-packages/airflow/example_dags/example_sensors.py
[2025-02-03T11:57:52.962+0000] {processor.py:826} INFO - Processing file /home/vscode/.local/lib/python3.10/site-packages/airflow/example_dags/example_sensors.py for tasks to queue
[2025-02-03T11:57:52.962+0000] {logging_mixin.py:150} INFO - [2025-02-03T11:57:52.962+0000] {dagbag.py:541} INFO - Filling up the DagBag from /home/vscode/.local/lib/python3.10/site-packages/airflow/example_dags/example_sensors.py
[2025-02-03T11:57:52.969+0000] {processor.py:836} INFO - DAG(s) dict_keys(['example_sensors']) retrieved from /home/vscode/.local/lib/python3.10/site-packages/airflow/example_dags/example_sensors.py
[2025-02-03T11:57:52.983+0000] {logging_mixin.py:150} INFO - [2025-02-03T11:57:52.983+0000] {dag.py:2742} INFO - Sync 1 DAGs
[2025-02-03T11:57:52.996+0000] {logging_mixin.py:150} INFO - [2025-02-03T11:57:52.996+0000] {dag.py:3504} INFO - Setting next_dagrun for example_sensors to None, run_after=None
[2025-02-03T11:57:53.010+0000] {processor.py:179} INFO - Processing /home/vscode/.local/lib/python3.10/site-packages/airflow/example_dags/example_sensors.py took 0.051 seconds
[2025-02-03T11:58:39.181+0000] {processor.py:157} INFO - Started process (PID=40764) to work on /home/vscode/.local/lib/python3.10/site-packages/airflow/example_dags/example_sensors.py
[2025-02-03T11:58:39.181+0000] {processor.py:826} INFO - Processing file /home/vscode/.local/lib/python3.10/site-packages/airflow/example_dags/example_sensors.py for tasks to queue
[2025-02-03T11:58:39.182+0000] {logging_mixin.py:150} INFO - [2025-02-03T11:58:39.182+0000] {dagbag.py:541} INFO - Filling up the DagBag from /home/vscode/.local/lib/python3.10/site-packages/airflow/example_dags/example_sensors.py
[2025-02-03T11:58:39.189+0000] {processor.py:836} INFO - DAG(s) dict_keys(['example_sensors']) retrieved from /home/vscode/.local/lib/python3.10/site-packages/airflow/example_dags/example_sensors.py
[2025-02-03T11:58:39.203+0000] {logging_mixin.py:150} INFO - [2025-02-03T11:58:39.202+0000] {dag.py:2742} INFO - Sync 1 DAGs
[2025-02-03T11:58:39.216+0000] {logging_mixin.py:150} INFO - [2025-02-03T11:58:39.216+0000] {dag.py:3504} INFO - Setting next_dagrun for example_sensors to None, run_after=None
[2025-02-03T11:58:39.230+0000] {processor.py:179} INFO - Processing /home/vscode/.local/lib/python3.10/site-packages/airflow/example_dags/example_sensors.py took 0.052 seconds
[2025-02-03T11:59:21.406+0000] {processor.py:157} INFO - Started process (PID=41037) to work on /home/vscode/.local/lib/python3.10/site-packages/airflow/example_dags/example_sensors.py
[2025-02-03T11:59:21.407+0000] {processor.py:826} INFO - Processing file /home/vscode/.local/lib/python3.10/site-packages/airflow/example_dags/example_sensors.py for tasks to queue
[2025-02-03T11:59:21.407+0000] {logging_mixin.py:150} INFO - [2025-02-03T11:59:21.407+0000] {dagbag.py:541} INFO - Filling up the DagBag from /home/vscode/.local/lib/python3.10/site-packages/airflow/example_dags/example_sensors.py
[2025-02-03T11:59:21.414+0000] {processor.py:836} INFO - DAG(s) dict_keys(['example_sensors']) retrieved from /home/vscode/.local/lib/python3.10/site-packages/airflow/example_dags/example_sensors.py
[2025-02-03T11:59:21.429+0000] {logging_mixin.py:150} INFO - [2025-02-03T11:59:21.428+0000] {dag.py:2742} INFO - Sync 1 DAGs
[2025-02-03T11:59:21.442+0000] {logging_mixin.py:150} INFO - [2025-02-03T11:59:21.442+0000] {dag.py:3504} INFO - Setting next_dagrun for example_sensors to None, run_after=None
[2025-02-03T11:59:21.457+0000] {processor.py:179} INFO - Processing /home/vscode/.local/lib/python3.10/site-packages/airflow/example_dags/example_sensors.py took 0.053 seconds
[2025-02-03T12:00:04.758+0000] {processor.py:157} INFO - Started process (PID=41332) to work on /home/vscode/.local/lib/python3.10/site-packages/airflow/example_dags/example_sensors.py
[2025-02-03T12:00:04.759+0000] {processor.py:826} INFO - Processing file /home/vscode/.local/lib/python3.10/site-packages/airflow/example_dags/example_sensors.py for tasks to queue
[2025-02-03T12:00:04.760+0000] {logging_mixin.py:150} INFO - [2025-02-03T12:00:04.759+0000] {dagbag.py:541} INFO - Filling up the DagBag from /home/vscode/.local/lib/python3.10/site-packages/airflow/example_dags/example_sensors.py
[2025-02-03T12:00:04.766+0000] {processor.py:836} INFO - DAG(s) dict_keys(['example_sensors']) retrieved from /home/vscode/.local/lib/python3.10/site-packages/airflow/example_dags/example_sensors.py
[2025-02-03T12:00:04.781+0000] {logging_mixin.py:150} INFO - [2025-02-03T12:00:04.781+0000] {dag.py:2742} INFO - Sync 1 DAGs
[2025-02-03T12:00:04.795+0000] {logging_mixin.py:150} INFO - [2025-02-03T12:00:04.794+0000] {dag.py:3504} INFO - Setting next_dagrun for example_sensors to None, run_after=None
[2025-02-03T12:00:04.808+0000] {processor.py:179} INFO - Processing /home/vscode/.local/lib/python3.10/site-packages/airflow/example_dags/example_sensors.py took 0.052 seconds
[2025-02-03T12:00:47.340+0000] {processor.py:157} INFO - Started process (PID=41617) to work on /home/vscode/.local/lib/python3.10/site-packages/airflow/example_dags/example_sensors.py
[2025-02-03T12:00:47.341+0000] {processor.py:826} INFO - Processing file /home/vscode/.local/lib/python3.10/site-packages/airflow/example_dags/example_sensors.py for tasks to queue
[2025-02-03T12:00:47.341+0000] {logging_mixin.py:150} INFO - [2025-02-03T12:00:47.341+0000] {dagbag.py:541} INFO - Filling up the DagBag from /home/vscode/.local/lib/python3.10/site-packages/airflow/example_dags/example_sensors.py
[2025-02-03T12:00:47.348+0000] {processor.py:836} INFO - DAG(s) dict_keys(['example_sensors']) retrieved from /home/vscode/.local/lib/python3.10/site-packages/airflow/example_dags/example_sensors.py
[2025-02-03T12:00:47.363+0000] {logging_mixin.py:150} INFO - [2025-02-03T12:00:47.363+0000] {dag.py:2742} INFO - Sync 1 DAGs
[2025-02-03T12:00:47.376+0000] {logging_mixin.py:150} INFO - [2025-02-03T12:00:47.376+0000] {dag.py:3504} INFO - Setting next_dagrun for example_sensors to None, run_after=None
[2025-02-03T12:00:47.392+0000] {processor.py:179} INFO - Processing /home/vscode/.local/lib/python3.10/site-packages/airflow/example_dags/example_sensors.py took 0.054 seconds
[2025-02-03T12:01:30.880+0000] {processor.py:157} INFO - Started process (PID=41911) to work on /home/vscode/.local/lib/python3.10/site-packages/airflow/example_dags/example_sensors.py
[2025-02-03T12:01:30.880+0000] {processor.py:826} INFO - Processing file /home/vscode/.local/lib/python3.10/site-packages/airflow/example_dags/example_sensors.py for tasks to queue
[2025-02-03T12:01:30.881+0000] {logging_mixin.py:150} INFO - [2025-02-03T12:01:30.881+0000] {dagbag.py:541} INFO - Filling up the DagBag from /home/vscode/.local/lib/python3.10/site-packages/airflow/example_dags/example_sensors.py
[2025-02-03T12:01:30.888+0000] {processor.py:836} INFO - DAG(s) dict_keys(['example_sensors']) retrieved from /home/vscode/.local/lib/python3.10/site-packages/airflow/example_dags/example_sensors.py
[2025-02-03T12:01:30.902+0000] {logging_mixin.py:150} INFO - [2025-02-03T12:01:30.902+0000] {dag.py:2742} INFO - Sync 1 DAGs
[2025-02-03T12:01:30.916+0000] {logging_mixin.py:150} INFO - [2025-02-03T12:01:30.916+0000] {dag.py:3504} INFO - Setting next_dagrun for example_sensors to None, run_after=None
[2025-02-03T12:01:30.929+0000] {processor.py:179} INFO - Processing /home/vscode/.local/lib/python3.10/site-packages/airflow/example_dags/example_sensors.py took 0.052 seconds
[2025-02-03T12:02:14.854+0000] {processor.py:157} INFO - Started process (PID=42207) to work on /home/vscode/.local/lib/python3.10/site-packages/airflow/example_dags/example_sensors.py
[2025-02-03T12:02:14.854+0000] {processor.py:826} INFO - Processing file /home/vscode/.local/lib/python3.10/site-packages/airflow/example_dags/example_sensors.py for tasks to queue
[2025-02-03T12:02:14.855+0000] {logging_mixin.py:150} INFO - [2025-02-03T12:02:14.854+0000] {dagbag.py:541} INFO - Filling up the DagBag from /home/vscode/.local/lib/python3.10/site-packages/airflow/example_dags/example_sensors.py
[2025-02-03T12:02:14.861+0000] {processor.py:836} INFO - DAG(s) dict_keys(['example_sensors']) retrieved from /home/vscode/.local/lib/python3.10/site-packages/airflow/example_dags/example_sensors.py
[2025-02-03T12:02:14.875+0000] {logging_mixin.py:150} INFO - [2025-02-03T12:02:14.875+0000] {dag.py:2742} INFO - Sync 1 DAGs
[2025-02-03T12:02:14.889+0000] {logging_mixin.py:150} INFO - [2025-02-03T12:02:14.889+0000] {dag.py:3504} INFO - Setting next_dagrun for example_sensors to None, run_after=None
[2025-02-03T12:02:14.904+0000] {processor.py:179} INFO - Processing /home/vscode/.local/lib/python3.10/site-packages/airflow/example_dags/example_sensors.py took 0.052 seconds
[2025-02-03T12:02:56.966+0000] {processor.py:157} INFO - Started process (PID=42485) to work on /home/vscode/.local/lib/python3.10/site-packages/airflow/example_dags/example_sensors.py
[2025-02-03T12:02:56.967+0000] {processor.py:826} INFO - Processing file /home/vscode/.local/lib/python3.10/site-packages/airflow/example_dags/example_sensors.py for tasks to queue
[2025-02-03T12:02:56.967+0000] {logging_mixin.py:150} INFO - [2025-02-03T12:02:56.967+0000] {dagbag.py:541} INFO - Filling up the DagBag from /home/vscode/.local/lib/python3.10/site-packages/airflow/example_dags/example_sensors.py
[2025-02-03T12:02:56.974+0000] {processor.py:836} INFO - DAG(s) dict_keys(['example_sensors']) retrieved from /home/vscode/.local/lib/python3.10/site-packages/airflow/example_dags/example_sensors.py
[2025-02-03T12:02:56.989+0000] {logging_mixin.py:150} INFO - [2025-02-03T12:02:56.989+0000] {dag.py:2742} INFO - Sync 1 DAGs
[2025-02-03T12:02:57.002+0000] {logging_mixin.py:150} INFO - [2025-02-03T12:02:57.002+0000] {dag.py:3504} INFO - Setting next_dagrun for example_sensors to None, run_after=None
[2025-02-03T12:02:57.017+0000] {processor.py:179} INFO - Processing /home/vscode/.local/lib/python3.10/site-packages/airflow/example_dags/example_sensors.py took 0.053 seconds
[2025-02-03T12:03:39.208+0000] {processor.py:157} INFO - Started process (PID=42773) to work on /home/vscode/.local/lib/python3.10/site-packages/airflow/example_dags/example_sensors.py
[2025-02-03T12:03:39.209+0000] {processor.py:826} INFO - Processing file /home/vscode/.local/lib/python3.10/site-packages/airflow/example_dags/example_sensors.py for tasks to queue
[2025-02-03T12:03:39.209+0000] {logging_mixin.py:150} INFO - [2025-02-03T12:03:39.209+0000] {dagbag.py:541} INFO - Filling up the DagBag from /home/vscode/.local/lib/python3.10/site-packages/airflow/example_dags/example_sensors.py
[2025-02-03T12:03:39.216+0000] {processor.py:836} INFO - DAG(s) dict_keys(['example_sensors']) retrieved from /home/vscode/.local/lib/python3.10/site-packages/airflow/example_dags/example_sensors.py
[2025-02-03T12:03:39.230+0000] {logging_mixin.py:150} INFO - [2025-02-03T12:03:39.230+0000] {dag.py:2742} INFO - Sync 1 DAGs
[2025-02-03T12:03:39.245+0000] {logging_mixin.py:150} INFO - [2025-02-03T12:03:39.244+0000] {dag.py:3504} INFO - Setting next_dagrun for example_sensors to None, run_after=None
[2025-02-03T12:03:39.259+0000] {processor.py:179} INFO - Processing /home/vscode/.local/lib/python3.10/site-packages/airflow/example_dags/example_sensors.py took 0.053 seconds
[2025-02-03T12:04:24.238+0000] {processor.py:157} INFO - Started process (PID=43075) to work on /home/vscode/.local/lib/python3.10/site-packages/airflow/example_dags/example_sensors.py
[2025-02-03T12:04:24.239+0000] {processor.py:826} INFO - Processing file /home/vscode/.local/lib/python3.10/site-packages/airflow/example_dags/example_sensors.py for tasks to queue
[2025-02-03T12:04:24.240+0000] {logging_mixin.py:150} INFO - [2025-02-03T12:04:24.239+0000] {dagbag.py:541} INFO - Filling up the DagBag from /home/vscode/.local/lib/python3.10/site-packages/airflow/example_dags/example_sensors.py
[2025-02-03T12:04:24.246+0000] {processor.py:836} INFO - DAG(s) dict_keys(['example_sensors']) retrieved from /home/vscode/.local/lib/python3.10/site-packages/airflow/example_dags/example_sensors.py
[2025-02-03T12:04:24.261+0000] {logging_mixin.py:150} INFO - [2025-02-03T12:04:24.260+0000] {dag.py:2742} INFO - Sync 1 DAGs
[2025-02-03T12:04:24.274+0000] {logging_mixin.py:150} INFO - [2025-02-03T12:04:24.274+0000] {dag.py:3504} INFO - Setting next_dagrun for example_sensors to None, run_after=None
[2025-02-03T12:04:24.288+0000] {processor.py:179} INFO - Processing /home/vscode/.local/lib/python3.10/site-packages/airflow/example_dags/example_sensors.py took 0.052 seconds
[2025-02-03T12:05:07.708+0000] {processor.py:157} INFO - Started process (PID=43362) to work on /home/vscode/.local/lib/python3.10/site-packages/airflow/example_dags/example_sensors.py
[2025-02-03T12:05:07.709+0000] {processor.py:826} INFO - Processing file /home/vscode/.local/lib/python3.10/site-packages/airflow/example_dags/example_sensors.py for tasks to queue
[2025-02-03T12:05:07.709+0000] {logging_mixin.py:150} INFO - [2025-02-03T12:05:07.709+0000] {dagbag.py:541} INFO - Filling up the DagBag from /home/vscode/.local/lib/python3.10/site-packages/airflow/example_dags/example_sensors.py
[2025-02-03T12:05:07.716+0000] {processor.py:836} INFO - DAG(s) dict_keys(['example_sensors']) retrieved from /home/vscode/.local/lib/python3.10/site-packages/airflow/example_dags/example_sensors.py
[2025-02-03T12:05:07.730+0000] {logging_mixin.py:150} INFO - [2025-02-03T12:05:07.730+0000] {dag.py:2742} INFO - Sync 1 DAGs
[2025-02-03T12:05:07.744+0000] {logging_mixin.py:150} INFO - [2025-02-03T12:05:07.743+0000] {dag.py:3504} INFO - Setting next_dagrun for example_sensors to None, run_after=None
[2025-02-03T12:05:07.757+0000] {processor.py:179} INFO - Processing /home/vscode/.local/lib/python3.10/site-packages/airflow/example_dags/example_sensors.py took 0.051 seconds
[2025-02-03T12:05:54.401+0000] {processor.py:157} INFO - Started process (PID=43683) to work on /home/vscode/.local/lib/python3.10/site-packages/airflow/example_dags/example_sensors.py
[2025-02-03T12:05:54.402+0000] {processor.py:826} INFO - Processing file /home/vscode/.local/lib/python3.10/site-packages/airflow/example_dags/example_sensors.py for tasks to queue
[2025-02-03T12:05:54.402+0000] {logging_mixin.py:150} INFO - [2025-02-03T12:05:54.402+0000] {dagbag.py:541} INFO - Filling up the DagBag from /home/vscode/.local/lib/python3.10/site-packages/airflow/example_dags/example_sensors.py
[2025-02-03T12:05:54.409+0000] {processor.py:836} INFO - DAG(s) dict_keys(['example_sensors']) retrieved from /home/vscode/.local/lib/python3.10/site-packages/airflow/example_dags/example_sensors.py
[2025-02-03T12:05:54.424+0000] {logging_mixin.py:150} INFO - [2025-02-03T12:05:54.424+0000] {dag.py:2742} INFO - Sync 1 DAGs
[2025-02-03T12:05:54.437+0000] {logging_mixin.py:150} INFO - [2025-02-03T12:05:54.437+0000] {dag.py:3504} INFO - Setting next_dagrun for example_sensors to None, run_after=None
[2025-02-03T12:05:54.452+0000] {processor.py:179} INFO - Processing /home/vscode/.local/lib/python3.10/site-packages/airflow/example_dags/example_sensors.py took 0.053 seconds
[2025-02-03T12:06:40.037+0000] {processor.py:157} INFO - Started process (PID=43986) to work on /home/vscode/.local/lib/python3.10/site-packages/airflow/example_dags/example_sensors.py
[2025-02-03T12:06:40.038+0000] {processor.py:826} INFO - Processing file /home/vscode/.local/lib/python3.10/site-packages/airflow/example_dags/example_sensors.py for tasks to queue
[2025-02-03T12:06:40.038+0000] {logging_mixin.py:150} INFO - [2025-02-03T12:06:40.038+0000] {dagbag.py:541} INFO - Filling up the DagBag from /home/vscode/.local/lib/python3.10/site-packages/airflow/example_dags/example_sensors.py
[2025-02-03T12:06:40.045+0000] {processor.py:836} INFO - DAG(s) dict_keys(['example_sensors']) retrieved from /home/vscode/.local/lib/python3.10/site-packages/airflow/example_dags/example_sensors.py
[2025-02-03T12:06:40.060+0000] {logging_mixin.py:150} INFO - [2025-02-03T12:06:40.059+0000] {dag.py:2742} INFO - Sync 1 DAGs
[2025-02-03T12:06:40.073+0000] {logging_mixin.py:150} INFO - [2025-02-03T12:06:40.073+0000] {dag.py:3504} INFO - Setting next_dagrun for example_sensors to None, run_after=None
[2025-02-03T12:06:40.087+0000] {processor.py:179} INFO - Processing /home/vscode/.local/lib/python3.10/site-packages/airflow/example_dags/example_sensors.py took 0.052 seconds
[2025-02-03T12:07:26.561+0000] {processor.py:157} INFO - Started process (PID=44843) to work on /home/vscode/.local/lib/python3.10/site-packages/airflow/example_dags/example_sensors.py
[2025-02-03T12:07:26.562+0000] {processor.py:826} INFO - Processing file /home/vscode/.local/lib/python3.10/site-packages/airflow/example_dags/example_sensors.py for tasks to queue
[2025-02-03T12:07:26.562+0000] {logging_mixin.py:150} INFO - [2025-02-03T12:07:26.562+0000] {dagbag.py:541} INFO - Filling up the DagBag from /home/vscode/.local/lib/python3.10/site-packages/airflow/example_dags/example_sensors.py
[2025-02-03T12:07:26.569+0000] {processor.py:836} INFO - DAG(s) dict_keys(['example_sensors']) retrieved from /home/vscode/.local/lib/python3.10/site-packages/airflow/example_dags/example_sensors.py
[2025-02-03T12:07:26.585+0000] {logging_mixin.py:150} INFO - [2025-02-03T12:07:26.585+0000] {dag.py:2742} INFO - Sync 1 DAGs
[2025-02-03T12:07:26.599+0000] {logging_mixin.py:150} INFO - [2025-02-03T12:07:26.599+0000] {dag.py:3504} INFO - Setting next_dagrun for example_sensors to None, run_after=None
[2025-02-03T12:07:26.613+0000] {processor.py:179} INFO - Processing /home/vscode/.local/lib/python3.10/site-packages/airflow/example_dags/example_sensors.py took 0.055 seconds
[2025-02-03T12:08:09.029+0000] {processor.py:157} INFO - Started process (PID=46233) to work on /home/vscode/.local/lib/python3.10/site-packages/airflow/example_dags/example_sensors.py
[2025-02-03T12:08:09.030+0000] {processor.py:826} INFO - Processing file /home/vscode/.local/lib/python3.10/site-packages/airflow/example_dags/example_sensors.py for tasks to queue
[2025-02-03T12:08:09.031+0000] {logging_mixin.py:150} INFO - [2025-02-03T12:08:09.030+0000] {dagbag.py:541} INFO - Filling up the DagBag from /home/vscode/.local/lib/python3.10/site-packages/airflow/example_dags/example_sensors.py
[2025-02-03T12:08:09.037+0000] {processor.py:836} INFO - DAG(s) dict_keys(['example_sensors']) retrieved from /home/vscode/.local/lib/python3.10/site-packages/airflow/example_dags/example_sensors.py
[2025-02-03T12:08:09.052+0000] {logging_mixin.py:150} INFO - [2025-02-03T12:08:09.052+0000] {dag.py:2742} INFO - Sync 1 DAGs
[2025-02-03T12:08:09.066+0000] {logging_mixin.py:150} INFO - [2025-02-03T12:08:09.065+0000] {dag.py:3504} INFO - Setting next_dagrun for example_sensors to None, run_after=None
[2025-02-03T12:08:09.081+0000] {processor.py:179} INFO - Processing /home/vscode/.local/lib/python3.10/site-packages/airflow/example_dags/example_sensors.py took 0.053 seconds
[2025-02-03T12:08:55.232+0000] {processor.py:157} INFO - Started process (PID=46594) to work on /home/vscode/.local/lib/python3.10/site-packages/airflow/example_dags/example_sensors.py
[2025-02-03T12:08:55.232+0000] {processor.py:826} INFO - Processing file /home/vscode/.local/lib/python3.10/site-packages/airflow/example_dags/example_sensors.py for tasks to queue
[2025-02-03T12:08:55.233+0000] {logging_mixin.py:150} INFO - [2025-02-03T12:08:55.233+0000] {dagbag.py:541} INFO - Filling up the DagBag from /home/vscode/.local/lib/python3.10/site-packages/airflow/example_dags/example_sensors.py
[2025-02-03T12:08:55.240+0000] {processor.py:836} INFO - DAG(s) dict_keys(['example_sensors']) retrieved from /home/vscode/.local/lib/python3.10/site-packages/airflow/example_dags/example_sensors.py
[2025-02-03T12:08:55.255+0000] {logging_mixin.py:150} INFO - [2025-02-03T12:08:55.255+0000] {dag.py:2742} INFO - Sync 1 DAGs
[2025-02-03T12:08:55.269+0000] {logging_mixin.py:150} INFO - [2025-02-03T12:08:55.269+0000] {dag.py:3504} INFO - Setting next_dagrun for example_sensors to None, run_after=None
[2025-02-03T12:08:55.283+0000] {processor.py:179} INFO - Processing /home/vscode/.local/lib/python3.10/site-packages/airflow/example_dags/example_sensors.py took 0.054 seconds
[2025-02-03T12:09:36.427+0000] {processor.py:157} INFO - Started process (PID=47496) to work on /home/vscode/.local/lib/python3.10/site-packages/airflow/example_dags/example_sensors.py
[2025-02-03T12:09:36.427+0000] {processor.py:826} INFO - Processing file /home/vscode/.local/lib/python3.10/site-packages/airflow/example_dags/example_sensors.py for tasks to queue
[2025-02-03T12:09:36.428+0000] {logging_mixin.py:150} INFO - [2025-02-03T12:09:36.428+0000] {dagbag.py:541} INFO - Filling up the DagBag from /home/vscode/.local/lib/python3.10/site-packages/airflow/example_dags/example_sensors.py
[2025-02-03T12:09:36.435+0000] {processor.py:836} INFO - DAG(s) dict_keys(['example_sensors']) retrieved from /home/vscode/.local/lib/python3.10/site-packages/airflow/example_dags/example_sensors.py
[2025-02-03T12:09:36.449+0000] {logging_mixin.py:150} INFO - [2025-02-03T12:09:36.449+0000] {dag.py:2742} INFO - Sync 1 DAGs
[2025-02-03T12:09:36.462+0000] {logging_mixin.py:150} INFO - [2025-02-03T12:09:36.462+0000] {dag.py:3504} INFO - Setting next_dagrun for example_sensors to None, run_after=None
[2025-02-03T12:09:36.477+0000] {processor.py:179} INFO - Processing /home/vscode/.local/lib/python3.10/site-packages/airflow/example_dags/example_sensors.py took 0.052 seconds
