[2025-02-03T11:50:52.967+0000] {processor.py:157} INFO - Started process (PID=37630) to work on /home/vscode/.local/lib/python3.10/site-packages/airflow/example_dags/example_nested_branch_dag.py
[2025-02-03T11:50:52.968+0000] {processor.py:826} INFO - Processing file /home/vscode/.local/lib/python3.10/site-packages/airflow/example_dags/example_nested_branch_dag.py for tasks to queue
[2025-02-03T11:50:52.968+0000] {logging_mixin.py:150} INFO - [2025-02-03T11:50:52.968+0000] {dagbag.py:541} INFO - Filling up the DagBag from /home/vscode/.local/lib/python3.10/site-packages/airflow/example_dags/example_nested_branch_dag.py
[2025-02-03T11:50:53.057+0000] {processor.py:836} INFO - DAG(s) dict_keys(['example_nested_branch_dag']) retrieved from /home/vscode/.local/lib/python3.10/site-packages/airflow/example_dags/example_nested_branch_dag.py
[2025-02-03T11:50:53.126+0000] {logging_mixin.py:150} INFO - [2025-02-03T11:50:53.125+0000] {manager.py:504} INFO - Created Permission View: can read on DAG:example_nested_branch_dag
[2025-02-03T11:50:53.133+0000] {logging_mixin.py:150} INFO - [2025-02-03T11:50:53.133+0000] {manager.py:504} INFO - Created Permission View: can delete on DAG:example_nested_branch_dag
[2025-02-03T11:50:53.139+0000] {logging_mixin.py:150} INFO - [2025-02-03T11:50:53.138+0000] {manager.py:504} INFO - Created Permission View: can edit on DAG:example_nested_branch_dag
[2025-02-03T11:50:53.146+0000] {logging_mixin.py:150} INFO - [2025-02-03T11:50:53.146+0000] {dag.py:2742} INFO - Sync 1 DAGs
[2025-02-03T11:50:53.152+0000] {logging_mixin.py:150} INFO - [2025-02-03T11:50:53.152+0000] {dag.py:2763} INFO - Creating ORM DAG for example_nested_branch_dag
[2025-02-03T11:50:53.159+0000] {logging_mixin.py:150} INFO - [2025-02-03T11:50:53.158+0000] {dag.py:3504} INFO - Setting next_dagrun for example_nested_branch_dag to 2025-02-02T00:00:00+00:00, run_after=2025-02-03T00:00:00+00:00
[2025-02-03T11:50:53.173+0000] {processor.py:179} INFO - Processing /home/vscode/.local/lib/python3.10/site-packages/airflow/example_dags/example_nested_branch_dag.py took 0.208 seconds
[2025-02-03T11:51:43.375+0000] {processor.py:157} INFO - Started process (PID=37959) to work on /home/vscode/.local/lib/python3.10/site-packages/airflow/example_dags/example_nested_branch_dag.py
[2025-02-03T11:51:43.375+0000] {processor.py:826} INFO - Processing file /home/vscode/.local/lib/python3.10/site-packages/airflow/example_dags/example_nested_branch_dag.py for tasks to queue
[2025-02-03T11:51:43.376+0000] {logging_mixin.py:150} INFO - [2025-02-03T11:51:43.376+0000] {dagbag.py:541} INFO - Filling up the DagBag from /home/vscode/.local/lib/python3.10/site-packages/airflow/example_dags/example_nested_branch_dag.py
[2025-02-03T11:51:43.383+0000] {processor.py:836} INFO - DAG(s) dict_keys(['example_nested_branch_dag']) retrieved from /home/vscode/.local/lib/python3.10/site-packages/airflow/example_dags/example_nested_branch_dag.py
[2025-02-03T11:51:43.395+0000] {logging_mixin.py:150} INFO - [2025-02-03T11:51:43.395+0000] {dag.py:2742} INFO - Sync 1 DAGs
[2025-02-03T11:51:43.410+0000] {logging_mixin.py:150} INFO - [2025-02-03T11:51:43.410+0000] {dag.py:3504} INFO - Setting next_dagrun for example_nested_branch_dag to 2025-02-02T00:00:00+00:00, run_after=2025-02-03T00:00:00+00:00
[2025-02-03T11:51:43.424+0000] {processor.py:179} INFO - Processing /home/vscode/.local/lib/python3.10/site-packages/airflow/example_dags/example_nested_branch_dag.py took 0.051 seconds
[2025-02-03T11:52:26.705+0000] {processor.py:157} INFO - Started process (PID=38259) to work on /home/vscode/.local/lib/python3.10/site-packages/airflow/example_dags/example_nested_branch_dag.py
[2025-02-03T11:52:26.705+0000] {processor.py:826} INFO - Processing file /home/vscode/.local/lib/python3.10/site-packages/airflow/example_dags/example_nested_branch_dag.py for tasks to queue
[2025-02-03T11:52:26.706+0000] {logging_mixin.py:150} INFO - [2025-02-03T11:52:26.705+0000] {dagbag.py:541} INFO - Filling up the DagBag from /home/vscode/.local/lib/python3.10/site-packages/airflow/example_dags/example_nested_branch_dag.py
[2025-02-03T11:52:26.713+0000] {processor.py:836} INFO - DAG(s) dict_keys(['example_nested_branch_dag']) retrieved from /home/vscode/.local/lib/python3.10/site-packages/airflow/example_dags/example_nested_branch_dag.py
[2025-02-03T11:52:26.725+0000] {logging_mixin.py:150} INFO - [2025-02-03T11:52:26.725+0000] {dag.py:2742} INFO - Sync 1 DAGs
[2025-02-03T11:52:26.740+0000] {logging_mixin.py:150} INFO - [2025-02-03T11:52:26.739+0000] {dag.py:3504} INFO - Setting next_dagrun for example_nested_branch_dag to 2025-02-02T00:00:00+00:00, run_after=2025-02-03T00:00:00+00:00
[2025-02-03T11:52:26.753+0000] {processor.py:179} INFO - Processing /home/vscode/.local/lib/python3.10/site-packages/airflow/example_dags/example_nested_branch_dag.py took 0.051 seconds
[2025-02-03T11:53:11.726+0000] {processor.py:157} INFO - Started process (PID=38556) to work on /home/vscode/.local/lib/python3.10/site-packages/airflow/example_dags/example_nested_branch_dag.py
[2025-02-03T11:53:11.726+0000] {processor.py:826} INFO - Processing file /home/vscode/.local/lib/python3.10/site-packages/airflow/example_dags/example_nested_branch_dag.py for tasks to queue
[2025-02-03T11:53:11.727+0000] {logging_mixin.py:150} INFO - [2025-02-03T11:53:11.727+0000] {dagbag.py:541} INFO - Filling up the DagBag from /home/vscode/.local/lib/python3.10/site-packages/airflow/example_dags/example_nested_branch_dag.py
[2025-02-03T11:53:11.735+0000] {processor.py:836} INFO - DAG(s) dict_keys(['example_nested_branch_dag']) retrieved from /home/vscode/.local/lib/python3.10/site-packages/airflow/example_dags/example_nested_branch_dag.py
[2025-02-03T11:53:11.750+0000] {logging_mixin.py:150} INFO - [2025-02-03T11:53:11.750+0000] {dag.py:2742} INFO - Sync 1 DAGs
[2025-02-03T11:53:11.767+0000] {logging_mixin.py:150} INFO - [2025-02-03T11:53:11.767+0000] {dag.py:3504} INFO - Setting next_dagrun for example_nested_branch_dag to 2025-02-02T00:00:00+00:00, run_after=2025-02-03T00:00:00+00:00
[2025-02-03T11:53:11.781+0000] {processor.py:179} INFO - Processing /home/vscode/.local/lib/python3.10/site-packages/airflow/example_dags/example_nested_branch_dag.py took 0.057 seconds
[2025-02-03T11:53:55.152+0000] {processor.py:157} INFO - Started process (PID=38846) to work on /home/vscode/.local/lib/python3.10/site-packages/airflow/example_dags/example_nested_branch_dag.py
[2025-02-03T11:53:55.152+0000] {processor.py:826} INFO - Processing file /home/vscode/.local/lib/python3.10/site-packages/airflow/example_dags/example_nested_branch_dag.py for tasks to queue
[2025-02-03T11:53:55.153+0000] {logging_mixin.py:150} INFO - [2025-02-03T11:53:55.153+0000] {dagbag.py:541} INFO - Filling up the DagBag from /home/vscode/.local/lib/python3.10/site-packages/airflow/example_dags/example_nested_branch_dag.py
[2025-02-03T11:53:55.160+0000] {processor.py:836} INFO - DAG(s) dict_keys(['example_nested_branch_dag']) retrieved from /home/vscode/.local/lib/python3.10/site-packages/airflow/example_dags/example_nested_branch_dag.py
[2025-02-03T11:53:55.172+0000] {logging_mixin.py:150} INFO - [2025-02-03T11:53:55.172+0000] {dag.py:2742} INFO - Sync 1 DAGs
[2025-02-03T11:53:55.186+0000] {logging_mixin.py:150} INFO - [2025-02-03T11:53:55.186+0000] {dag.py:3504} INFO - Setting next_dagrun for example_nested_branch_dag to 2025-02-02T00:00:00+00:00, run_after=2025-02-03T00:00:00+00:00
[2025-02-03T11:53:55.200+0000] {processor.py:179} INFO - Processing /home/vscode/.local/lib/python3.10/site-packages/airflow/example_dags/example_nested_branch_dag.py took 0.050 seconds
[2025-02-03T11:54:39.132+0000] {processor.py:157} INFO - Started process (PID=39146) to work on /home/vscode/.local/lib/python3.10/site-packages/airflow/example_dags/example_nested_branch_dag.py
[2025-02-03T11:54:39.133+0000] {processor.py:826} INFO - Processing file /home/vscode/.local/lib/python3.10/site-packages/airflow/example_dags/example_nested_branch_dag.py for tasks to queue
[2025-02-03T11:54:39.133+0000] {logging_mixin.py:150} INFO - [2025-02-03T11:54:39.133+0000] {dagbag.py:541} INFO - Filling up the DagBag from /home/vscode/.local/lib/python3.10/site-packages/airflow/example_dags/example_nested_branch_dag.py
[2025-02-03T11:54:39.140+0000] {processor.py:836} INFO - DAG(s) dict_keys(['example_nested_branch_dag']) retrieved from /home/vscode/.local/lib/python3.10/site-packages/airflow/example_dags/example_nested_branch_dag.py
[2025-02-03T11:54:39.152+0000] {logging_mixin.py:150} INFO - [2025-02-03T11:54:39.152+0000] {dag.py:2742} INFO - Sync 1 DAGs
[2025-02-03T11:54:39.166+0000] {logging_mixin.py:150} INFO - [2025-02-03T11:54:39.166+0000] {dag.py:3504} INFO - Setting next_dagrun for example_nested_branch_dag to 2025-02-02T00:00:00+00:00, run_after=2025-02-03T00:00:00+00:00
[2025-02-03T11:54:39.180+0000] {processor.py:179} INFO - Processing /home/vscode/.local/lib/python3.10/site-packages/airflow/example_dags/example_nested_branch_dag.py took 0.050 seconds
[2025-02-03T11:55:21.468+0000] {processor.py:157} INFO - Started process (PID=39432) to work on /home/vscode/.local/lib/python3.10/site-packages/airflow/example_dags/example_nested_branch_dag.py
[2025-02-03T11:55:21.468+0000] {processor.py:826} INFO - Processing file /home/vscode/.local/lib/python3.10/site-packages/airflow/example_dags/example_nested_branch_dag.py for tasks to queue
[2025-02-03T11:55:21.469+0000] {logging_mixin.py:150} INFO - [2025-02-03T11:55:21.469+0000] {dagbag.py:541} INFO - Filling up the DagBag from /home/vscode/.local/lib/python3.10/site-packages/airflow/example_dags/example_nested_branch_dag.py
[2025-02-03T11:55:21.476+0000] {processor.py:836} INFO - DAG(s) dict_keys(['example_nested_branch_dag']) retrieved from /home/vscode/.local/lib/python3.10/site-packages/airflow/example_dags/example_nested_branch_dag.py
[2025-02-03T11:55:21.490+0000] {logging_mixin.py:150} INFO - [2025-02-03T11:55:21.489+0000] {dag.py:2742} INFO - Sync 1 DAGs
[2025-02-03T11:55:21.504+0000] {logging_mixin.py:150} INFO - [2025-02-03T11:55:21.504+0000] {dag.py:3504} INFO - Setting next_dagrun for example_nested_branch_dag to 2025-02-02T00:00:00+00:00, run_after=2025-02-03T00:00:00+00:00
[2025-02-03T11:55:21.518+0000] {processor.py:179} INFO - Processing /home/vscode/.local/lib/python3.10/site-packages/airflow/example_dags/example_nested_branch_dag.py took 0.053 seconds
[2025-02-03T11:56:05.322+0000] {processor.py:157} INFO - Started process (PID=39720) to work on /home/vscode/.local/lib/python3.10/site-packages/airflow/example_dags/example_nested_branch_dag.py
[2025-02-03T11:56:05.322+0000] {processor.py:826} INFO - Processing file /home/vscode/.local/lib/python3.10/site-packages/airflow/example_dags/example_nested_branch_dag.py for tasks to queue
[2025-02-03T11:56:05.323+0000] {logging_mixin.py:150} INFO - [2025-02-03T11:56:05.323+0000] {dagbag.py:541} INFO - Filling up the DagBag from /home/vscode/.local/lib/python3.10/site-packages/airflow/example_dags/example_nested_branch_dag.py
[2025-02-03T11:56:05.330+0000] {processor.py:836} INFO - DAG(s) dict_keys(['example_nested_branch_dag']) retrieved from /home/vscode/.local/lib/python3.10/site-packages/airflow/example_dags/example_nested_branch_dag.py
[2025-02-03T11:56:05.342+0000] {logging_mixin.py:150} INFO - [2025-02-03T11:56:05.342+0000] {dag.py:2742} INFO - Sync 1 DAGs
[2025-02-03T11:56:05.356+0000] {logging_mixin.py:150} INFO - [2025-02-03T11:56:05.356+0000] {dag.py:3504} INFO - Setting next_dagrun for example_nested_branch_dag to 2025-02-02T00:00:00+00:00, run_after=2025-02-03T00:00:00+00:00
[2025-02-03T11:56:05.370+0000] {processor.py:179} INFO - Processing /home/vscode/.local/lib/python3.10/site-packages/airflow/example_dags/example_nested_branch_dag.py took 0.051 seconds
[2025-02-03T11:56:56.428+0000] {processor.py:157} INFO - Started process (PID=40067) to work on /home/vscode/.local/lib/python3.10/site-packages/airflow/example_dags/example_nested_branch_dag.py
[2025-02-03T11:56:56.428+0000] {processor.py:826} INFO - Processing file /home/vscode/.local/lib/python3.10/site-packages/airflow/example_dags/example_nested_branch_dag.py for tasks to queue
[2025-02-03T11:56:56.429+0000] {logging_mixin.py:150} INFO - [2025-02-03T11:56:56.429+0000] {dagbag.py:541} INFO - Filling up the DagBag from /home/vscode/.local/lib/python3.10/site-packages/airflow/example_dags/example_nested_branch_dag.py
[2025-02-03T11:56:56.436+0000] {processor.py:836} INFO - DAG(s) dict_keys(['example_nested_branch_dag']) retrieved from /home/vscode/.local/lib/python3.10/site-packages/airflow/example_dags/example_nested_branch_dag.py
[2025-02-03T11:56:56.448+0000] {logging_mixin.py:150} INFO - [2025-02-03T11:56:56.448+0000] {dag.py:2742} INFO - Sync 1 DAGs
[2025-02-03T11:56:56.463+0000] {logging_mixin.py:150} INFO - [2025-02-03T11:56:56.462+0000] {dag.py:3504} INFO - Setting next_dagrun for example_nested_branch_dag to 2025-02-02T00:00:00+00:00, run_after=2025-02-03T00:00:00+00:00
[2025-02-03T11:56:56.477+0000] {processor.py:179} INFO - Processing /home/vscode/.local/lib/python3.10/site-packages/airflow/example_dags/example_nested_branch_dag.py took 0.051 seconds
[2025-02-03T11:57:39.918+0000] {processor.py:157} INFO - Started process (PID=40366) to work on /home/vscode/.local/lib/python3.10/site-packages/airflow/example_dags/example_nested_branch_dag.py
[2025-02-03T11:57:39.919+0000] {processor.py:826} INFO - Processing file /home/vscode/.local/lib/python3.10/site-packages/airflow/example_dags/example_nested_branch_dag.py for tasks to queue
[2025-02-03T11:57:39.919+0000] {logging_mixin.py:150} INFO - [2025-02-03T11:57:39.919+0000] {dagbag.py:541} INFO - Filling up the DagBag from /home/vscode/.local/lib/python3.10/site-packages/airflow/example_dags/example_nested_branch_dag.py
[2025-02-03T11:57:39.926+0000] {processor.py:836} INFO - DAG(s) dict_keys(['example_nested_branch_dag']) retrieved from /home/vscode/.local/lib/python3.10/site-packages/airflow/example_dags/example_nested_branch_dag.py
[2025-02-03T11:57:39.939+0000] {logging_mixin.py:150} INFO - [2025-02-03T11:57:39.938+0000] {dag.py:2742} INFO - Sync 1 DAGs
[2025-02-03T11:57:39.953+0000] {logging_mixin.py:150} INFO - [2025-02-03T11:57:39.953+0000] {dag.py:3504} INFO - Setting next_dagrun for example_nested_branch_dag to 2025-02-02T00:00:00+00:00, run_after=2025-02-03T00:00:00+00:00
[2025-02-03T11:57:39.967+0000] {processor.py:179} INFO - Processing /home/vscode/.local/lib/python3.10/site-packages/airflow/example_dags/example_nested_branch_dag.py took 0.051 seconds
[2025-02-03T11:58:28.584+0000] {processor.py:157} INFO - Started process (PID=40681) to work on /home/vscode/.local/lib/python3.10/site-packages/airflow/example_dags/example_nested_branch_dag.py
[2025-02-03T11:58:28.585+0000] {processor.py:826} INFO - Processing file /home/vscode/.local/lib/python3.10/site-packages/airflow/example_dags/example_nested_branch_dag.py for tasks to queue
[2025-02-03T11:58:28.585+0000] {logging_mixin.py:150} INFO - [2025-02-03T11:58:28.585+0000] {dagbag.py:541} INFO - Filling up the DagBag from /home/vscode/.local/lib/python3.10/site-packages/airflow/example_dags/example_nested_branch_dag.py
[2025-02-03T11:58:28.592+0000] {processor.py:836} INFO - DAG(s) dict_keys(['example_nested_branch_dag']) retrieved from /home/vscode/.local/lib/python3.10/site-packages/airflow/example_dags/example_nested_branch_dag.py
[2025-02-03T11:58:28.604+0000] {logging_mixin.py:150} INFO - [2025-02-03T11:58:28.604+0000] {dag.py:2742} INFO - Sync 1 DAGs
[2025-02-03T11:58:28.619+0000] {logging_mixin.py:150} INFO - [2025-02-03T11:58:28.619+0000] {dag.py:3504} INFO - Setting next_dagrun for example_nested_branch_dag to 2025-02-02T00:00:00+00:00, run_after=2025-02-03T00:00:00+00:00
[2025-02-03T11:58:28.633+0000] {processor.py:179} INFO - Processing /home/vscode/.local/lib/python3.10/site-packages/airflow/example_dags/example_nested_branch_dag.py took 0.051 seconds
[2025-02-03T11:59:11.394+0000] {processor.py:157} INFO - Started process (PID=40977) to work on /home/vscode/.local/lib/python3.10/site-packages/airflow/example_dags/example_nested_branch_dag.py
[2025-02-03T11:59:11.394+0000] {processor.py:826} INFO - Processing file /home/vscode/.local/lib/python3.10/site-packages/airflow/example_dags/example_nested_branch_dag.py for tasks to queue
[2025-02-03T11:59:11.395+0000] {logging_mixin.py:150} INFO - [2025-02-03T11:59:11.395+0000] {dagbag.py:541} INFO - Filling up the DagBag from /home/vscode/.local/lib/python3.10/site-packages/airflow/example_dags/example_nested_branch_dag.py
[2025-02-03T11:59:11.407+0000] {processor.py:836} INFO - DAG(s) dict_keys(['example_nested_branch_dag']) retrieved from /home/vscode/.local/lib/python3.10/site-packages/airflow/example_dags/example_nested_branch_dag.py
[2025-02-03T11:59:11.421+0000] {logging_mixin.py:150} INFO - [2025-02-03T11:59:11.421+0000] {dag.py:2742} INFO - Sync 1 DAGs
[2025-02-03T11:59:11.436+0000] {logging_mixin.py:150} INFO - [2025-02-03T11:59:11.436+0000] {dag.py:3504} INFO - Setting next_dagrun for example_nested_branch_dag to 2025-02-02T00:00:00+00:00, run_after=2025-02-03T00:00:00+00:00
[2025-02-03T11:59:11.451+0000] {processor.py:179} INFO - Processing /home/vscode/.local/lib/python3.10/site-packages/airflow/example_dags/example_nested_branch_dag.py took 0.059 seconds
[2025-02-03T11:59:55.711+0000] {processor.py:157} INFO - Started process (PID=41271) to work on /home/vscode/.local/lib/python3.10/site-packages/airflow/example_dags/example_nested_branch_dag.py
[2025-02-03T11:59:55.711+0000] {processor.py:826} INFO - Processing file /home/vscode/.local/lib/python3.10/site-packages/airflow/example_dags/example_nested_branch_dag.py for tasks to queue
[2025-02-03T11:59:55.712+0000] {logging_mixin.py:150} INFO - [2025-02-03T11:59:55.712+0000] {dagbag.py:541} INFO - Filling up the DagBag from /home/vscode/.local/lib/python3.10/site-packages/airflow/example_dags/example_nested_branch_dag.py
[2025-02-03T11:59:55.719+0000] {processor.py:836} INFO - DAG(s) dict_keys(['example_nested_branch_dag']) retrieved from /home/vscode/.local/lib/python3.10/site-packages/airflow/example_dags/example_nested_branch_dag.py
[2025-02-03T11:59:55.732+0000] {logging_mixin.py:150} INFO - [2025-02-03T11:59:55.732+0000] {dag.py:2742} INFO - Sync 1 DAGs
[2025-02-03T11:59:55.747+0000] {logging_mixin.py:150} INFO - [2025-02-03T11:59:55.747+0000] {dag.py:3504} INFO - Setting next_dagrun for example_nested_branch_dag to 2025-02-02T00:00:00+00:00, run_after=2025-02-03T00:00:00+00:00
[2025-02-03T11:59:55.761+0000] {processor.py:179} INFO - Processing /home/vscode/.local/lib/python3.10/site-packages/airflow/example_dags/example_nested_branch_dag.py took 0.053 seconds
[2025-02-03T12:00:37.227+0000] {processor.py:157} INFO - Started process (PID=41548) to work on /home/vscode/.local/lib/python3.10/site-packages/airflow/example_dags/example_nested_branch_dag.py
[2025-02-03T12:00:37.228+0000] {processor.py:826} INFO - Processing file /home/vscode/.local/lib/python3.10/site-packages/airflow/example_dags/example_nested_branch_dag.py for tasks to queue
[2025-02-03T12:00:37.228+0000] {logging_mixin.py:150} INFO - [2025-02-03T12:00:37.228+0000] {dagbag.py:541} INFO - Filling up the DagBag from /home/vscode/.local/lib/python3.10/site-packages/airflow/example_dags/example_nested_branch_dag.py
[2025-02-03T12:00:37.236+0000] {processor.py:836} INFO - DAG(s) dict_keys(['example_nested_branch_dag']) retrieved from /home/vscode/.local/lib/python3.10/site-packages/airflow/example_dags/example_nested_branch_dag.py
[2025-02-03T12:00:37.248+0000] {logging_mixin.py:150} INFO - [2025-02-03T12:00:37.248+0000] {dag.py:2742} INFO - Sync 1 DAGs
[2025-02-03T12:00:37.263+0000] {logging_mixin.py:150} INFO - [2025-02-03T12:00:37.263+0000] {dag.py:3504} INFO - Setting next_dagrun for example_nested_branch_dag to 2025-02-02T00:00:00+00:00, run_after=2025-02-03T00:00:00+00:00
[2025-02-03T12:00:37.277+0000] {processor.py:179} INFO - Processing /home/vscode/.local/lib/python3.10/site-packages/airflow/example_dags/example_nested_branch_dag.py took 0.052 seconds
[2025-02-03T12:01:22.073+0000] {processor.py:157} INFO - Started process (PID=41857) to work on /home/vscode/.local/lib/python3.10/site-packages/airflow/example_dags/example_nested_branch_dag.py
[2025-02-03T12:01:22.074+0000] {processor.py:826} INFO - Processing file /home/vscode/.local/lib/python3.10/site-packages/airflow/example_dags/example_nested_branch_dag.py for tasks to queue
[2025-02-03T12:01:22.074+0000] {logging_mixin.py:150} INFO - [2025-02-03T12:01:22.074+0000] {dagbag.py:541} INFO - Filling up the DagBag from /home/vscode/.local/lib/python3.10/site-packages/airflow/example_dags/example_nested_branch_dag.py
[2025-02-03T12:01:22.081+0000] {processor.py:836} INFO - DAG(s) dict_keys(['example_nested_branch_dag']) retrieved from /home/vscode/.local/lib/python3.10/site-packages/airflow/example_dags/example_nested_branch_dag.py
[2025-02-03T12:01:22.094+0000] {logging_mixin.py:150} INFO - [2025-02-03T12:01:22.094+0000] {dag.py:2742} INFO - Sync 1 DAGs
[2025-02-03T12:01:22.109+0000] {logging_mixin.py:150} INFO - [2025-02-03T12:01:22.109+0000] {dag.py:3504} INFO - Setting next_dagrun for example_nested_branch_dag to 2025-02-02T00:00:00+00:00, run_after=2025-02-03T00:00:00+00:00
[2025-02-03T12:01:22.123+0000] {processor.py:179} INFO - Processing /home/vscode/.local/lib/python3.10/site-packages/airflow/example_dags/example_nested_branch_dag.py took 0.052 seconds
[2025-02-03T12:02:06.946+0000] {processor.py:157} INFO - Started process (PID=42153) to work on /home/vscode/.local/lib/python3.10/site-packages/airflow/example_dags/example_nested_branch_dag.py
[2025-02-03T12:02:06.947+0000] {processor.py:826} INFO - Processing file /home/vscode/.local/lib/python3.10/site-packages/airflow/example_dags/example_nested_branch_dag.py for tasks to queue
[2025-02-03T12:02:06.947+0000] {logging_mixin.py:150} INFO - [2025-02-03T12:02:06.947+0000] {dagbag.py:541} INFO - Filling up the DagBag from /home/vscode/.local/lib/python3.10/site-packages/airflow/example_dags/example_nested_branch_dag.py
[2025-02-03T12:02:06.954+0000] {processor.py:836} INFO - DAG(s) dict_keys(['example_nested_branch_dag']) retrieved from /home/vscode/.local/lib/python3.10/site-packages/airflow/example_dags/example_nested_branch_dag.py
[2025-02-03T12:02:06.966+0000] {logging_mixin.py:150} INFO - [2025-02-03T12:02:06.966+0000] {dag.py:2742} INFO - Sync 1 DAGs
[2025-02-03T12:02:06.981+0000] {logging_mixin.py:150} INFO - [2025-02-03T12:02:06.981+0000] {dag.py:3504} INFO - Setting next_dagrun for example_nested_branch_dag to 2025-02-02T00:00:00+00:00, run_after=2025-02-03T00:00:00+00:00
[2025-02-03T12:02:06.995+0000] {processor.py:179} INFO - Processing /home/vscode/.local/lib/python3.10/site-packages/airflow/example_dags/example_nested_branch_dag.py took 0.051 seconds
[2025-02-03T12:02:49.656+0000] {processor.py:157} INFO - Started process (PID=42440) to work on /home/vscode/.local/lib/python3.10/site-packages/airflow/example_dags/example_nested_branch_dag.py
[2025-02-03T12:02:49.657+0000] {processor.py:826} INFO - Processing file /home/vscode/.local/lib/python3.10/site-packages/airflow/example_dags/example_nested_branch_dag.py for tasks to queue
[2025-02-03T12:02:49.658+0000] {logging_mixin.py:150} INFO - [2025-02-03T12:02:49.657+0000] {dagbag.py:541} INFO - Filling up the DagBag from /home/vscode/.local/lib/python3.10/site-packages/airflow/example_dags/example_nested_branch_dag.py
[2025-02-03T12:02:49.667+0000] {processor.py:836} INFO - DAG(s) dict_keys(['example_nested_branch_dag']) retrieved from /home/vscode/.local/lib/python3.10/site-packages/airflow/example_dags/example_nested_branch_dag.py
[2025-02-03T12:02:49.679+0000] {logging_mixin.py:150} INFO - [2025-02-03T12:02:49.679+0000] {dag.py:2742} INFO - Sync 1 DAGs
[2025-02-03T12:02:49.694+0000] {logging_mixin.py:150} INFO - [2025-02-03T12:02:49.694+0000] {dag.py:3504} INFO - Setting next_dagrun for example_nested_branch_dag to 2025-02-02T00:00:00+00:00, run_after=2025-02-03T00:00:00+00:00
[2025-02-03T12:02:49.708+0000] {processor.py:179} INFO - Processing /home/vscode/.local/lib/python3.10/site-packages/airflow/example_dags/example_nested_branch_dag.py took 0.055 seconds
[2025-02-03T12:03:31.797+0000] {processor.py:157} INFO - Started process (PID=42728) to work on /home/vscode/.local/lib/python3.10/site-packages/airflow/example_dags/example_nested_branch_dag.py
[2025-02-03T12:03:31.798+0000] {processor.py:826} INFO - Processing file /home/vscode/.local/lib/python3.10/site-packages/airflow/example_dags/example_nested_branch_dag.py for tasks to queue
[2025-02-03T12:03:31.799+0000] {logging_mixin.py:150} INFO - [2025-02-03T12:03:31.798+0000] {dagbag.py:541} INFO - Filling up the DagBag from /home/vscode/.local/lib/python3.10/site-packages/airflow/example_dags/example_nested_branch_dag.py
[2025-02-03T12:03:31.808+0000] {processor.py:836} INFO - DAG(s) dict_keys(['example_nested_branch_dag']) retrieved from /home/vscode/.local/lib/python3.10/site-packages/airflow/example_dags/example_nested_branch_dag.py
[2025-02-03T12:03:31.820+0000] {logging_mixin.py:150} INFO - [2025-02-03T12:03:31.820+0000] {dag.py:2742} INFO - Sync 1 DAGs
[2025-02-03T12:03:31.835+0000] {logging_mixin.py:150} INFO - [2025-02-03T12:03:31.835+0000] {dag.py:3504} INFO - Setting next_dagrun for example_nested_branch_dag to 2025-02-02T00:00:00+00:00, run_after=2025-02-03T00:00:00+00:00
[2025-02-03T12:03:31.849+0000] {processor.py:179} INFO - Processing /home/vscode/.local/lib/python3.10/site-packages/airflow/example_dags/example_nested_branch_dag.py took 0.055 seconds
[2025-02-03T12:04:16.413+0000] {processor.py:157} INFO - Started process (PID=43023) to work on /home/vscode/.local/lib/python3.10/site-packages/airflow/example_dags/example_nested_branch_dag.py
[2025-02-03T12:04:16.414+0000] {processor.py:826} INFO - Processing file /home/vscode/.local/lib/python3.10/site-packages/airflow/example_dags/example_nested_branch_dag.py for tasks to queue
[2025-02-03T12:04:16.414+0000] {logging_mixin.py:150} INFO - [2025-02-03T12:04:16.414+0000] {dagbag.py:541} INFO - Filling up the DagBag from /home/vscode/.local/lib/python3.10/site-packages/airflow/example_dags/example_nested_branch_dag.py
[2025-02-03T12:04:16.422+0000] {processor.py:836} INFO - DAG(s) dict_keys(['example_nested_branch_dag']) retrieved from /home/vscode/.local/lib/python3.10/site-packages/airflow/example_dags/example_nested_branch_dag.py
[2025-02-03T12:04:16.435+0000] {logging_mixin.py:150} INFO - [2025-02-03T12:04:16.435+0000] {dag.py:2742} INFO - Sync 1 DAGs
[2025-02-03T12:04:16.450+0000] {logging_mixin.py:150} INFO - [2025-02-03T12:04:16.449+0000] {dag.py:3504} INFO - Setting next_dagrun for example_nested_branch_dag to 2025-02-02T00:00:00+00:00, run_after=2025-02-03T00:00:00+00:00
[2025-02-03T12:04:16.464+0000] {processor.py:179} INFO - Processing /home/vscode/.local/lib/python3.10/site-packages/airflow/example_dags/example_nested_branch_dag.py took 0.053 seconds
[2025-02-03T12:05:00.306+0000] {processor.py:157} INFO - Started process (PID=43318) to work on /home/vscode/.local/lib/python3.10/site-packages/airflow/example_dags/example_nested_branch_dag.py
[2025-02-03T12:05:00.307+0000] {processor.py:826} INFO - Processing file /home/vscode/.local/lib/python3.10/site-packages/airflow/example_dags/example_nested_branch_dag.py for tasks to queue
[2025-02-03T12:05:00.307+0000] {logging_mixin.py:150} INFO - [2025-02-03T12:05:00.307+0000] {dagbag.py:541} INFO - Filling up the DagBag from /home/vscode/.local/lib/python3.10/site-packages/airflow/example_dags/example_nested_branch_dag.py
[2025-02-03T12:05:00.315+0000] {processor.py:836} INFO - DAG(s) dict_keys(['example_nested_branch_dag']) retrieved from /home/vscode/.local/lib/python3.10/site-packages/airflow/example_dags/example_nested_branch_dag.py
[2025-02-03T12:05:00.327+0000] {logging_mixin.py:150} INFO - [2025-02-03T12:05:00.327+0000] {dag.py:2742} INFO - Sync 1 DAGs
[2025-02-03T12:05:00.344+0000] {logging_mixin.py:150} INFO - [2025-02-03T12:05:00.343+0000] {dag.py:3504} INFO - Setting next_dagrun for example_nested_branch_dag to 2025-02-02T00:00:00+00:00, run_after=2025-02-03T00:00:00+00:00
[2025-02-03T12:05:00.360+0000] {processor.py:179} INFO - Processing /home/vscode/.local/lib/python3.10/site-packages/airflow/example_dags/example_nested_branch_dag.py took 0.056 seconds
[2025-02-03T12:05:44.267+0000] {processor.py:157} INFO - Started process (PID=43615) to work on /home/vscode/.local/lib/python3.10/site-packages/airflow/example_dags/example_nested_branch_dag.py
[2025-02-03T12:05:44.268+0000] {processor.py:826} INFO - Processing file /home/vscode/.local/lib/python3.10/site-packages/airflow/example_dags/example_nested_branch_dag.py for tasks to queue
[2025-02-03T12:05:44.269+0000] {logging_mixin.py:150} INFO - [2025-02-03T12:05:44.268+0000] {dagbag.py:541} INFO - Filling up the DagBag from /home/vscode/.local/lib/python3.10/site-packages/airflow/example_dags/example_nested_branch_dag.py
[2025-02-03T12:05:44.276+0000] {processor.py:836} INFO - DAG(s) dict_keys(['example_nested_branch_dag']) retrieved from /home/vscode/.local/lib/python3.10/site-packages/airflow/example_dags/example_nested_branch_dag.py
[2025-02-03T12:05:44.289+0000] {logging_mixin.py:150} INFO - [2025-02-03T12:05:44.288+0000] {dag.py:2742} INFO - Sync 1 DAGs
[2025-02-03T12:05:44.304+0000] {logging_mixin.py:150} INFO - [2025-02-03T12:05:44.303+0000] {dag.py:3504} INFO - Setting next_dagrun for example_nested_branch_dag to 2025-02-02T00:00:00+00:00, run_after=2025-02-03T00:00:00+00:00
[2025-02-03T12:05:44.318+0000] {processor.py:179} INFO - Processing /home/vscode/.local/lib/python3.10/site-packages/airflow/example_dags/example_nested_branch_dag.py took 0.052 seconds
[2025-02-03T12:06:31.497+0000] {processor.py:157} INFO - Started process (PID=43932) to work on /home/vscode/.local/lib/python3.10/site-packages/airflow/example_dags/example_nested_branch_dag.py
[2025-02-03T12:06:31.498+0000] {processor.py:826} INFO - Processing file /home/vscode/.local/lib/python3.10/site-packages/airflow/example_dags/example_nested_branch_dag.py for tasks to queue
[2025-02-03T12:06:31.499+0000] {logging_mixin.py:150} INFO - [2025-02-03T12:06:31.498+0000] {dagbag.py:541} INFO - Filling up the DagBag from /home/vscode/.local/lib/python3.10/site-packages/airflow/example_dags/example_nested_branch_dag.py
[2025-02-03T12:06:31.506+0000] {processor.py:836} INFO - DAG(s) dict_keys(['example_nested_branch_dag']) retrieved from /home/vscode/.local/lib/python3.10/site-packages/airflow/example_dags/example_nested_branch_dag.py
[2025-02-03T12:06:31.519+0000] {logging_mixin.py:150} INFO - [2025-02-03T12:06:31.519+0000] {dag.py:2742} INFO - Sync 1 DAGs
[2025-02-03T12:06:31.534+0000] {logging_mixin.py:150} INFO - [2025-02-03T12:06:31.534+0000] {dag.py:3504} INFO - Setting next_dagrun for example_nested_branch_dag to 2025-02-02T00:00:00+00:00, run_after=2025-02-03T00:00:00+00:00
[2025-02-03T12:06:31.548+0000] {processor.py:179} INFO - Processing /home/vscode/.local/lib/python3.10/site-packages/airflow/example_dags/example_nested_branch_dag.py took 0.053 seconds
[2025-02-03T12:07:18.798+0000] {processor.py:157} INFO - Started process (PID=44278) to work on /home/vscode/.local/lib/python3.10/site-packages/airflow/example_dags/example_nested_branch_dag.py
[2025-02-03T12:07:18.799+0000] {processor.py:826} INFO - Processing file /home/vscode/.local/lib/python3.10/site-packages/airflow/example_dags/example_nested_branch_dag.py for tasks to queue
[2025-02-03T12:07:18.799+0000] {logging_mixin.py:150} INFO - [2025-02-03T12:07:18.799+0000] {dagbag.py:541} INFO - Filling up the DagBag from /home/vscode/.local/lib/python3.10/site-packages/airflow/example_dags/example_nested_branch_dag.py
[2025-02-03T12:07:18.806+0000] {processor.py:836} INFO - DAG(s) dict_keys(['example_nested_branch_dag']) retrieved from /home/vscode/.local/lib/python3.10/site-packages/airflow/example_dags/example_nested_branch_dag.py
[2025-02-03T12:07:18.819+0000] {logging_mixin.py:150} INFO - [2025-02-03T12:07:18.818+0000] {dag.py:2742} INFO - Sync 1 DAGs
[2025-02-03T12:07:18.833+0000] {logging_mixin.py:150} INFO - [2025-02-03T12:07:18.833+0000] {dag.py:3504} INFO - Setting next_dagrun for example_nested_branch_dag to 2025-02-02T00:00:00+00:00, run_after=2025-02-03T00:00:00+00:00
[2025-02-03T12:07:18.848+0000] {processor.py:179} INFO - Processing /home/vscode/.local/lib/python3.10/site-packages/airflow/example_dags/example_nested_branch_dag.py took 0.052 seconds
[2025-02-03T12:08:02.257+0000] {processor.py:157} INFO - Started process (PID=45666) to work on /home/vscode/.local/lib/python3.10/site-packages/airflow/example_dags/example_nested_branch_dag.py
[2025-02-03T12:08:02.257+0000] {processor.py:826} INFO - Processing file /home/vscode/.local/lib/python3.10/site-packages/airflow/example_dags/example_nested_branch_dag.py for tasks to queue
[2025-02-03T12:08:02.258+0000] {logging_mixin.py:150} INFO - [2025-02-03T12:08:02.258+0000] {dagbag.py:541} INFO - Filling up the DagBag from /home/vscode/.local/lib/python3.10/site-packages/airflow/example_dags/example_nested_branch_dag.py
[2025-02-03T12:08:02.265+0000] {processor.py:836} INFO - DAG(s) dict_keys(['example_nested_branch_dag']) retrieved from /home/vscode/.local/lib/python3.10/site-packages/airflow/example_dags/example_nested_branch_dag.py
[2025-02-03T12:08:02.277+0000] {logging_mixin.py:150} INFO - [2025-02-03T12:08:02.277+0000] {dag.py:2742} INFO - Sync 1 DAGs
[2025-02-03T12:08:02.292+0000] {logging_mixin.py:150} INFO - [2025-02-03T12:08:02.292+0000] {dag.py:3504} INFO - Setting next_dagrun for example_nested_branch_dag to 2025-02-02T00:00:00+00:00, run_after=2025-02-03T00:00:00+00:00
[2025-02-03T12:08:02.306+0000] {processor.py:179} INFO - Processing /home/vscode/.local/lib/python3.10/site-packages/airflow/example_dags/example_nested_branch_dag.py took 0.051 seconds
[2025-02-03T12:08:49.783+0000] {processor.py:157} INFO - Started process (PID=46548) to work on /home/vscode/.local/lib/python3.10/site-packages/airflow/example_dags/example_nested_branch_dag.py
[2025-02-03T12:08:49.784+0000] {processor.py:826} INFO - Processing file /home/vscode/.local/lib/python3.10/site-packages/airflow/example_dags/example_nested_branch_dag.py for tasks to queue
[2025-02-03T12:08:49.785+0000] {logging_mixin.py:150} INFO - [2025-02-03T12:08:49.784+0000] {dagbag.py:541} INFO - Filling up the DagBag from /home/vscode/.local/lib/python3.10/site-packages/airflow/example_dags/example_nested_branch_dag.py
[2025-02-03T12:08:49.791+0000] {processor.py:836} INFO - DAG(s) dict_keys(['example_nested_branch_dag']) retrieved from /home/vscode/.local/lib/python3.10/site-packages/airflow/example_dags/example_nested_branch_dag.py
[2025-02-03T12:08:49.803+0000] {logging_mixin.py:150} INFO - [2025-02-03T12:08:49.803+0000] {dag.py:2742} INFO - Sync 1 DAGs
[2025-02-03T12:08:49.818+0000] {logging_mixin.py:150} INFO - [2025-02-03T12:08:49.818+0000] {dag.py:3504} INFO - Setting next_dagrun for example_nested_branch_dag to 2025-02-02T00:00:00+00:00, run_after=2025-02-03T00:00:00+00:00
[2025-02-03T12:08:49.835+0000] {processor.py:179} INFO - Processing /home/vscode/.local/lib/python3.10/site-packages/airflow/example_dags/example_nested_branch_dag.py took 0.054 seconds
[2025-02-03T12:09:32.427+0000] {processor.py:157} INFO - Started process (PID=47462) to work on /home/vscode/.local/lib/python3.10/site-packages/airflow/example_dags/example_nested_branch_dag.py
[2025-02-03T12:09:32.428+0000] {processor.py:826} INFO - Processing file /home/vscode/.local/lib/python3.10/site-packages/airflow/example_dags/example_nested_branch_dag.py for tasks to queue
[2025-02-03T12:09:32.428+0000] {logging_mixin.py:150} INFO - [2025-02-03T12:09:32.428+0000] {dagbag.py:541} INFO - Filling up the DagBag from /home/vscode/.local/lib/python3.10/site-packages/airflow/example_dags/example_nested_branch_dag.py
[2025-02-03T12:09:32.435+0000] {processor.py:836} INFO - DAG(s) dict_keys(['example_nested_branch_dag']) retrieved from /home/vscode/.local/lib/python3.10/site-packages/airflow/example_dags/example_nested_branch_dag.py
[2025-02-03T12:09:32.447+0000] {logging_mixin.py:150} INFO - [2025-02-03T12:09:32.447+0000] {dag.py:2742} INFO - Sync 1 DAGs
[2025-02-03T12:09:32.462+0000] {logging_mixin.py:150} INFO - [2025-02-03T12:09:32.462+0000] {dag.py:3504} INFO - Setting next_dagrun for example_nested_branch_dag to 2025-02-02T00:00:00+00:00, run_after=2025-02-03T00:00:00+00:00
[2025-02-03T12:09:32.476+0000] {processor.py:179} INFO - Processing /home/vscode/.local/lib/python3.10/site-packages/airflow/example_dags/example_nested_branch_dag.py took 0.051 seconds
