[2025-02-03T11:50:58.205+0000] {processor.py:157} INFO - Started process (PID=37664) to work on /home/vscode/.local/lib/python3.10/site-packages/airflow/example_dags/example_short_circuit_decorator.py
[2025-02-03T11:50:58.205+0000] {processor.py:826} INFO - Processing file /home/vscode/.local/lib/python3.10/site-packages/airflow/example_dags/example_short_circuit_decorator.py for tasks to queue
[2025-02-03T11:50:58.206+0000] {logging_mixin.py:150} INFO - [2025-02-03T11:50:58.206+0000] {dagbag.py:541} INFO - Filling up the DagBag from /home/vscode/.local/lib/python3.10/site-packages/airflow/example_dags/example_short_circuit_decorator.py
[2025-02-03T11:50:58.213+0000] {processor.py:836} INFO - DAG(s) dict_keys(['example_short_circuit_decorator']) retrieved from /home/vscode/.local/lib/python3.10/site-packages/airflow/example_dags/example_short_circuit_decorator.py
[2025-02-03T11:50:58.284+0000] {logging_mixin.py:150} INFO - [2025-02-03T11:50:58.284+0000] {manager.py:504} INFO - Created Permission View: can read on DAG:example_short_circuit_decorator
[2025-02-03T11:50:58.291+0000] {logging_mixin.py:150} INFO - [2025-02-03T11:50:58.291+0000] {manager.py:504} INFO - Created Permission View: can delete on DAG:example_short_circuit_decorator
[2025-02-03T11:50:58.297+0000] {logging_mixin.py:150} INFO - [2025-02-03T11:50:58.297+0000] {manager.py:504} INFO - Created Permission View: can edit on DAG:example_short_circuit_decorator
[2025-02-03T11:50:58.304+0000] {logging_mixin.py:150} INFO - [2025-02-03T11:50:58.304+0000] {dag.py:2742} INFO - Sync 1 DAGs
[2025-02-03T11:50:58.311+0000] {logging_mixin.py:150} INFO - [2025-02-03T11:50:58.311+0000] {dag.py:2763} INFO - Creating ORM DAG for example_short_circuit_decorator
[2025-02-03T11:50:58.317+0000] {logging_mixin.py:150} INFO - [2025-02-03T11:50:58.317+0000] {dag.py:3504} INFO - Setting next_dagrun for example_short_circuit_decorator to 2025-02-02T11:50:58.317247+00:00, run_after=2025-02-03T11:50:58.317247+00:00
[2025-02-03T11:50:58.333+0000] {processor.py:179} INFO - Processing /home/vscode/.local/lib/python3.10/site-packages/airflow/example_dags/example_short_circuit_decorator.py took 0.130 seconds
[2025-02-03T11:51:48.508+0000] {processor.py:157} INFO - Started process (PID=37999) to work on /home/vscode/.local/lib/python3.10/site-packages/airflow/example_dags/example_short_circuit_decorator.py
[2025-02-03T11:51:48.509+0000] {processor.py:826} INFO - Processing file /home/vscode/.local/lib/python3.10/site-packages/airflow/example_dags/example_short_circuit_decorator.py for tasks to queue
[2025-02-03T11:51:48.510+0000] {logging_mixin.py:150} INFO - [2025-02-03T11:51:48.509+0000] {dagbag.py:541} INFO - Filling up the DagBag from /home/vscode/.local/lib/python3.10/site-packages/airflow/example_dags/example_short_circuit_decorator.py
[2025-02-03T11:51:48.516+0000] {processor.py:836} INFO - DAG(s) dict_keys(['example_short_circuit_decorator']) retrieved from /home/vscode/.local/lib/python3.10/site-packages/airflow/example_dags/example_short_circuit_decorator.py
[2025-02-03T11:51:48.529+0000] {logging_mixin.py:150} INFO - [2025-02-03T11:51:48.529+0000] {dag.py:2742} INFO - Sync 1 DAGs
[2025-02-03T11:51:48.543+0000] {logging_mixin.py:150} INFO - [2025-02-03T11:51:48.543+0000] {dag.py:3504} INFO - Setting next_dagrun for example_short_circuit_decorator to 2025-02-02T11:51:48.542848+00:00, run_after=2025-02-03T11:51:48.542848+00:00
[2025-02-03T11:51:48.557+0000] {processor.py:179} INFO - Processing /home/vscode/.local/lib/python3.10/site-packages/airflow/example_dags/example_short_circuit_decorator.py took 0.050 seconds
[2025-02-03T11:52:30.606+0000] {processor.py:157} INFO - Started process (PID=38286) to work on /home/vscode/.local/lib/python3.10/site-packages/airflow/example_dags/example_short_circuit_decorator.py
[2025-02-03T11:52:30.607+0000] {processor.py:826} INFO - Processing file /home/vscode/.local/lib/python3.10/site-packages/airflow/example_dags/example_short_circuit_decorator.py for tasks to queue
[2025-02-03T11:52:30.607+0000] {logging_mixin.py:150} INFO - [2025-02-03T11:52:30.607+0000] {dagbag.py:541} INFO - Filling up the DagBag from /home/vscode/.local/lib/python3.10/site-packages/airflow/example_dags/example_short_circuit_decorator.py
[2025-02-03T11:52:30.614+0000] {processor.py:836} INFO - DAG(s) dict_keys(['example_short_circuit_decorator']) retrieved from /home/vscode/.local/lib/python3.10/site-packages/airflow/example_dags/example_short_circuit_decorator.py
[2025-02-03T11:52:30.627+0000] {logging_mixin.py:150} INFO - [2025-02-03T11:52:30.626+0000] {dag.py:2742} INFO - Sync 1 DAGs
[2025-02-03T11:52:30.640+0000] {logging_mixin.py:150} INFO - [2025-02-03T11:52:30.640+0000] {dag.py:3504} INFO - Setting next_dagrun for example_short_circuit_decorator to 2025-02-02T11:52:30.640396+00:00, run_after=2025-02-03T11:52:30.640396+00:00
[2025-02-03T11:52:30.658+0000] {processor.py:179} INFO - Processing /home/vscode/.local/lib/python3.10/site-packages/airflow/example_dags/example_short_circuit_decorator.py took 0.054 seconds
[2025-02-03T11:53:16.810+0000] {processor.py:157} INFO - Started process (PID=38590) to work on /home/vscode/.local/lib/python3.10/site-packages/airflow/example_dags/example_short_circuit_decorator.py
[2025-02-03T11:53:16.810+0000] {processor.py:826} INFO - Processing file /home/vscode/.local/lib/python3.10/site-packages/airflow/example_dags/example_short_circuit_decorator.py for tasks to queue
[2025-02-03T11:53:16.811+0000] {logging_mixin.py:150} INFO - [2025-02-03T11:53:16.811+0000] {dagbag.py:541} INFO - Filling up the DagBag from /home/vscode/.local/lib/python3.10/site-packages/airflow/example_dags/example_short_circuit_decorator.py
[2025-02-03T11:53:16.818+0000] {processor.py:836} INFO - DAG(s) dict_keys(['example_short_circuit_decorator']) retrieved from /home/vscode/.local/lib/python3.10/site-packages/airflow/example_dags/example_short_circuit_decorator.py
[2025-02-03T11:53:16.830+0000] {logging_mixin.py:150} INFO - [2025-02-03T11:53:16.830+0000] {dag.py:2742} INFO - Sync 1 DAGs
[2025-02-03T11:53:16.844+0000] {logging_mixin.py:150} INFO - [2025-02-03T11:53:16.844+0000] {dag.py:3504} INFO - Setting next_dagrun for example_short_circuit_decorator to 2025-02-02T11:53:16.844427+00:00, run_after=2025-02-03T11:53:16.844427+00:00
[2025-02-03T11:53:16.858+0000] {processor.py:179} INFO - Processing /home/vscode/.local/lib/python3.10/site-packages/airflow/example_dags/example_short_circuit_decorator.py took 0.051 seconds
[2025-02-03T11:54:00.078+0000] {processor.py:157} INFO - Started process (PID=38886) to work on /home/vscode/.local/lib/python3.10/site-packages/airflow/example_dags/example_short_circuit_decorator.py
[2025-02-03T11:54:00.079+0000] {processor.py:826} INFO - Processing file /home/vscode/.local/lib/python3.10/site-packages/airflow/example_dags/example_short_circuit_decorator.py for tasks to queue
[2025-02-03T11:54:00.079+0000] {logging_mixin.py:150} INFO - [2025-02-03T11:54:00.079+0000] {dagbag.py:541} INFO - Filling up the DagBag from /home/vscode/.local/lib/python3.10/site-packages/airflow/example_dags/example_short_circuit_decorator.py
[2025-02-03T11:54:00.086+0000] {processor.py:836} INFO - DAG(s) dict_keys(['example_short_circuit_decorator']) retrieved from /home/vscode/.local/lib/python3.10/site-packages/airflow/example_dags/example_short_circuit_decorator.py
[2025-02-03T11:54:00.098+0000] {logging_mixin.py:150} INFO - [2025-02-03T11:54:00.098+0000] {dag.py:2742} INFO - Sync 1 DAGs
[2025-02-03T11:54:00.112+0000] {logging_mixin.py:150} INFO - [2025-02-03T11:54:00.112+0000] {dag.py:3504} INFO - Setting next_dagrun for example_short_circuit_decorator to 2025-02-02T11:54:00.112028+00:00, run_after=2025-02-03T11:54:00.112028+00:00
[2025-02-03T11:54:00.127+0000] {processor.py:179} INFO - Processing /home/vscode/.local/lib/python3.10/site-packages/airflow/example_dags/example_short_circuit_decorator.py took 0.051 seconds
[2025-02-03T11:54:44.275+0000] {processor.py:157} INFO - Started process (PID=39174) to work on /home/vscode/.local/lib/python3.10/site-packages/airflow/example_dags/example_short_circuit_decorator.py
[2025-02-03T11:54:44.275+0000] {processor.py:826} INFO - Processing file /home/vscode/.local/lib/python3.10/site-packages/airflow/example_dags/example_short_circuit_decorator.py for tasks to queue
[2025-02-03T11:54:44.276+0000] {logging_mixin.py:150} INFO - [2025-02-03T11:54:44.276+0000] {dagbag.py:541} INFO - Filling up the DagBag from /home/vscode/.local/lib/python3.10/site-packages/airflow/example_dags/example_short_circuit_decorator.py
[2025-02-03T11:54:44.284+0000] {processor.py:836} INFO - DAG(s) dict_keys(['example_short_circuit_decorator']) retrieved from /home/vscode/.local/lib/python3.10/site-packages/airflow/example_dags/example_short_circuit_decorator.py
[2025-02-03T11:54:44.297+0000] {logging_mixin.py:150} INFO - [2025-02-03T11:54:44.297+0000] {dag.py:2742} INFO - Sync 1 DAGs
[2025-02-03T11:54:44.311+0000] {logging_mixin.py:150} INFO - [2025-02-03T11:54:44.311+0000] {dag.py:3504} INFO - Setting next_dagrun for example_short_circuit_decorator to 2025-02-02T11:54:44.311543+00:00, run_after=2025-02-03T11:54:44.311543+00:00
[2025-02-03T11:54:44.326+0000] {processor.py:179} INFO - Processing /home/vscode/.local/lib/python3.10/site-packages/airflow/example_dags/example_short_circuit_decorator.py took 0.053 seconds
[2025-02-03T11:55:38.759+0000] {processor.py:157} INFO - Started process (PID=39545) to work on /home/vscode/.local/lib/python3.10/site-packages/airflow/example_dags/example_short_circuit_decorator.py
[2025-02-03T11:55:38.760+0000] {processor.py:826} INFO - Processing file /home/vscode/.local/lib/python3.10/site-packages/airflow/example_dags/example_short_circuit_decorator.py for tasks to queue
[2025-02-03T11:55:38.760+0000] {logging_mixin.py:150} INFO - [2025-02-03T11:55:38.760+0000] {dagbag.py:541} INFO - Filling up the DagBag from /home/vscode/.local/lib/python3.10/site-packages/airflow/example_dags/example_short_circuit_decorator.py
[2025-02-03T11:55:38.767+0000] {processor.py:836} INFO - DAG(s) dict_keys(['example_short_circuit_decorator']) retrieved from /home/vscode/.local/lib/python3.10/site-packages/airflow/example_dags/example_short_circuit_decorator.py
[2025-02-03T11:55:38.780+0000] {logging_mixin.py:150} INFO - [2025-02-03T11:55:38.780+0000] {dag.py:2742} INFO - Sync 1 DAGs
[2025-02-03T11:55:38.793+0000] {logging_mixin.py:150} INFO - [2025-02-03T11:55:38.793+0000] {dag.py:3504} INFO - Setting next_dagrun for example_short_circuit_decorator to 2025-02-02T11:55:38.793058+00:00, run_after=2025-02-03T11:55:38.793058+00:00
[2025-02-03T11:55:38.807+0000] {processor.py:179} INFO - Processing /home/vscode/.local/lib/python3.10/site-packages/airflow/example_dags/example_short_circuit_decorator.py took 0.050 seconds
[2025-02-03T11:56:21.873+0000] {processor.py:157} INFO - Started process (PID=39834) to work on /home/vscode/.local/lib/python3.10/site-packages/airflow/example_dags/example_short_circuit_decorator.py
[2025-02-03T11:56:21.874+0000] {processor.py:826} INFO - Processing file /home/vscode/.local/lib/python3.10/site-packages/airflow/example_dags/example_short_circuit_decorator.py for tasks to queue
[2025-02-03T11:56:21.875+0000] {logging_mixin.py:150} INFO - [2025-02-03T11:56:21.874+0000] {dagbag.py:541} INFO - Filling up the DagBag from /home/vscode/.local/lib/python3.10/site-packages/airflow/example_dags/example_short_circuit_decorator.py
[2025-02-03T11:56:21.881+0000] {processor.py:836} INFO - DAG(s) dict_keys(['example_short_circuit_decorator']) retrieved from /home/vscode/.local/lib/python3.10/site-packages/airflow/example_dags/example_short_circuit_decorator.py
[2025-02-03T11:56:21.894+0000] {logging_mixin.py:150} INFO - [2025-02-03T11:56:21.894+0000] {dag.py:2742} INFO - Sync 1 DAGs
[2025-02-03T11:56:21.907+0000] {logging_mixin.py:150} INFO - [2025-02-03T11:56:21.907+0000] {dag.py:3504} INFO - Setting next_dagrun for example_short_circuit_decorator to 2025-02-02T11:56:21.907325+00:00, run_after=2025-02-03T11:56:21.907325+00:00
[2025-02-03T11:56:21.921+0000] {processor.py:179} INFO - Processing /home/vscode/.local/lib/python3.10/site-packages/airflow/example_dags/example_short_circuit_decorator.py took 0.050 seconds
[2025-02-03T11:57:15.582+0000] {processor.py:157} INFO - Started process (PID=40197) to work on /home/vscode/.local/lib/python3.10/site-packages/airflow/example_dags/example_short_circuit_decorator.py
[2025-02-03T11:57:15.583+0000] {processor.py:826} INFO - Processing file /home/vscode/.local/lib/python3.10/site-packages/airflow/example_dags/example_short_circuit_decorator.py for tasks to queue
[2025-02-03T11:57:15.583+0000] {logging_mixin.py:150} INFO - [2025-02-03T11:57:15.583+0000] {dagbag.py:541} INFO - Filling up the DagBag from /home/vscode/.local/lib/python3.10/site-packages/airflow/example_dags/example_short_circuit_decorator.py
[2025-02-03T11:57:15.590+0000] {processor.py:836} INFO - DAG(s) dict_keys(['example_short_circuit_decorator']) retrieved from /home/vscode/.local/lib/python3.10/site-packages/airflow/example_dags/example_short_circuit_decorator.py
[2025-02-03T11:57:15.602+0000] {logging_mixin.py:150} INFO - [2025-02-03T11:57:15.602+0000] {dag.py:2742} INFO - Sync 1 DAGs
[2025-02-03T11:57:15.616+0000] {logging_mixin.py:150} INFO - [2025-02-03T11:57:15.616+0000] {dag.py:3504} INFO - Setting next_dagrun for example_short_circuit_decorator to 2025-02-02T11:57:15.615888+00:00, run_after=2025-02-03T11:57:15.615888+00:00
[2025-02-03T11:57:15.629+0000] {processor.py:179} INFO - Processing /home/vscode/.local/lib/python3.10/site-packages/airflow/example_dags/example_short_circuit_decorator.py took 0.049 seconds
[2025-02-03T11:58:00.948+0000] {processor.py:157} INFO - Started process (PID=40505) to work on /home/vscode/.local/lib/python3.10/site-packages/airflow/example_dags/example_short_circuit_decorator.py
[2025-02-03T11:58:00.948+0000] {processor.py:826} INFO - Processing file /home/vscode/.local/lib/python3.10/site-packages/airflow/example_dags/example_short_circuit_decorator.py for tasks to queue
[2025-02-03T11:58:00.949+0000] {logging_mixin.py:150} INFO - [2025-02-03T11:58:00.949+0000] {dagbag.py:541} INFO - Filling up the DagBag from /home/vscode/.local/lib/python3.10/site-packages/airflow/example_dags/example_short_circuit_decorator.py
[2025-02-03T11:58:00.956+0000] {processor.py:836} INFO - DAG(s) dict_keys(['example_short_circuit_decorator']) retrieved from /home/vscode/.local/lib/python3.10/site-packages/airflow/example_dags/example_short_circuit_decorator.py
[2025-02-03T11:58:00.969+0000] {logging_mixin.py:150} INFO - [2025-02-03T11:58:00.969+0000] {dag.py:2742} INFO - Sync 1 DAGs
[2025-02-03T11:58:00.983+0000] {logging_mixin.py:150} INFO - [2025-02-03T11:58:00.983+0000] {dag.py:3504} INFO - Setting next_dagrun for example_short_circuit_decorator to 2025-02-02T11:58:00.982971+00:00, run_after=2025-02-03T11:58:00.982971+00:00
[2025-02-03T11:58:00.997+0000] {processor.py:179} INFO - Processing /home/vscode/.local/lib/python3.10/site-packages/airflow/example_dags/example_short_circuit_decorator.py took 0.051 seconds
[2025-02-03T11:58:47.446+0000] {processor.py:157} INFO - Started process (PID=40811) to work on /home/vscode/.local/lib/python3.10/site-packages/airflow/example_dags/example_short_circuit_decorator.py
[2025-02-03T11:58:47.446+0000] {processor.py:826} INFO - Processing file /home/vscode/.local/lib/python3.10/site-packages/airflow/example_dags/example_short_circuit_decorator.py for tasks to queue
[2025-02-03T11:58:47.447+0000] {logging_mixin.py:150} INFO - [2025-02-03T11:58:47.447+0000] {dagbag.py:541} INFO - Filling up the DagBag from /home/vscode/.local/lib/python3.10/site-packages/airflow/example_dags/example_short_circuit_decorator.py
[2025-02-03T11:58:47.454+0000] {processor.py:836} INFO - DAG(s) dict_keys(['example_short_circuit_decorator']) retrieved from /home/vscode/.local/lib/python3.10/site-packages/airflow/example_dags/example_short_circuit_decorator.py
[2025-02-03T11:58:47.467+0000] {logging_mixin.py:150} INFO - [2025-02-03T11:58:47.466+0000] {dag.py:2742} INFO - Sync 1 DAGs
[2025-02-03T11:58:47.481+0000] {logging_mixin.py:150} INFO - [2025-02-03T11:58:47.481+0000] {dag.py:3504} INFO - Setting next_dagrun for example_short_circuit_decorator to 2025-02-02T11:58:47.481176+00:00, run_after=2025-02-03T11:58:47.481176+00:00
[2025-02-03T11:58:47.496+0000] {processor.py:179} INFO - Processing /home/vscode/.local/lib/python3.10/site-packages/airflow/example_dags/example_short_circuit_decorator.py took 0.052 seconds
[2025-02-03T11:59:44.200+0000] {processor.py:157} INFO - Started process (PID=41198) to work on /home/vscode/.local/lib/python3.10/site-packages/airflow/example_dags/example_short_circuit_decorator.py
[2025-02-03T11:59:44.200+0000] {processor.py:826} INFO - Processing file /home/vscode/.local/lib/python3.10/site-packages/airflow/example_dags/example_short_circuit_decorator.py for tasks to queue
[2025-02-03T11:59:44.201+0000] {logging_mixin.py:150} INFO - [2025-02-03T11:59:44.201+0000] {dagbag.py:541} INFO - Filling up the DagBag from /home/vscode/.local/lib/python3.10/site-packages/airflow/example_dags/example_short_circuit_decorator.py
[2025-02-03T11:59:44.208+0000] {processor.py:836} INFO - DAG(s) dict_keys(['example_short_circuit_decorator']) retrieved from /home/vscode/.local/lib/python3.10/site-packages/airflow/example_dags/example_short_circuit_decorator.py
[2025-02-03T11:59:44.221+0000] {logging_mixin.py:150} INFO - [2025-02-03T11:59:44.221+0000] {dag.py:2742} INFO - Sync 1 DAGs
[2025-02-03T11:59:44.236+0000] {logging_mixin.py:150} INFO - [2025-02-03T11:59:44.236+0000] {dag.py:3504} INFO - Setting next_dagrun for example_short_circuit_decorator to 2025-02-02T11:59:44.236292+00:00, run_after=2025-02-03T11:59:44.236292+00:00
[2025-02-03T11:59:44.251+0000] {processor.py:179} INFO - Processing /home/vscode/.local/lib/python3.10/site-packages/airflow/example_dags/example_short_circuit_decorator.py took 0.054 seconds
[2025-02-03T12:00:40.303+0000] {processor.py:157} INFO - Started process (PID=41573) to work on /home/vscode/.local/lib/python3.10/site-packages/airflow/example_dags/example_short_circuit_decorator.py
[2025-02-03T12:00:40.304+0000] {processor.py:826} INFO - Processing file /home/vscode/.local/lib/python3.10/site-packages/airflow/example_dags/example_short_circuit_decorator.py for tasks to queue
[2025-02-03T12:00:40.304+0000] {logging_mixin.py:150} INFO - [2025-02-03T12:00:40.304+0000] {dagbag.py:541} INFO - Filling up the DagBag from /home/vscode/.local/lib/python3.10/site-packages/airflow/example_dags/example_short_circuit_decorator.py
[2025-02-03T12:00:40.311+0000] {processor.py:836} INFO - DAG(s) dict_keys(['example_short_circuit_decorator']) retrieved from /home/vscode/.local/lib/python3.10/site-packages/airflow/example_dags/example_short_circuit_decorator.py
[2025-02-03T12:00:40.324+0000] {logging_mixin.py:150} INFO - [2025-02-03T12:00:40.324+0000] {dag.py:2742} INFO - Sync 1 DAGs
[2025-02-03T12:00:40.338+0000] {logging_mixin.py:150} INFO - [2025-02-03T12:00:40.338+0000] {dag.py:3504} INFO - Setting next_dagrun for example_short_circuit_decorator to 2025-02-02T12:00:40.338365+00:00, run_after=2025-02-03T12:00:40.338365+00:00
[2025-02-03T12:00:40.353+0000] {processor.py:179} INFO - Processing /home/vscode/.local/lib/python3.10/site-packages/airflow/example_dags/example_short_circuit_decorator.py took 0.052 seconds
[2025-02-03T12:01:24.607+0000] {processor.py:157} INFO - Started process (PID=41868) to work on /home/vscode/.local/lib/python3.10/site-packages/airflow/example_dags/example_short_circuit_decorator.py
[2025-02-03T12:01:24.607+0000] {processor.py:826} INFO - Processing file /home/vscode/.local/lib/python3.10/site-packages/airflow/example_dags/example_short_circuit_decorator.py for tasks to queue
[2025-02-03T12:01:24.608+0000] {logging_mixin.py:150} INFO - [2025-02-03T12:01:24.608+0000] {dagbag.py:541} INFO - Filling up the DagBag from /home/vscode/.local/lib/python3.10/site-packages/airflow/example_dags/example_short_circuit_decorator.py
[2025-02-03T12:01:24.615+0000] {processor.py:836} INFO - DAG(s) dict_keys(['example_short_circuit_decorator']) retrieved from /home/vscode/.local/lib/python3.10/site-packages/airflow/example_dags/example_short_circuit_decorator.py
[2025-02-03T12:01:24.628+0000] {logging_mixin.py:150} INFO - [2025-02-03T12:01:24.628+0000] {dag.py:2742} INFO - Sync 1 DAGs
[2025-02-03T12:01:24.642+0000] {logging_mixin.py:150} INFO - [2025-02-03T12:01:24.642+0000] {dag.py:3504} INFO - Setting next_dagrun for example_short_circuit_decorator to 2025-02-02T12:01:24.642115+00:00, run_after=2025-02-03T12:01:24.642115+00:00
[2025-02-03T12:01:24.656+0000] {processor.py:179} INFO - Processing /home/vscode/.local/lib/python3.10/site-packages/airflow/example_dags/example_short_circuit_decorator.py took 0.051 seconds
[2025-02-03T12:02:09.713+0000] {processor.py:157} INFO - Started process (PID=42165) to work on /home/vscode/.local/lib/python3.10/site-packages/airflow/example_dags/example_short_circuit_decorator.py
[2025-02-03T12:02:09.714+0000] {processor.py:826} INFO - Processing file /home/vscode/.local/lib/python3.10/site-packages/airflow/example_dags/example_short_circuit_decorator.py for tasks to queue
[2025-02-03T12:02:09.714+0000] {logging_mixin.py:150} INFO - [2025-02-03T12:02:09.714+0000] {dagbag.py:541} INFO - Filling up the DagBag from /home/vscode/.local/lib/python3.10/site-packages/airflow/example_dags/example_short_circuit_decorator.py
[2025-02-03T12:02:09.721+0000] {processor.py:836} INFO - DAG(s) dict_keys(['example_short_circuit_decorator']) retrieved from /home/vscode/.local/lib/python3.10/site-packages/airflow/example_dags/example_short_circuit_decorator.py
[2025-02-03T12:02:09.734+0000] {logging_mixin.py:150} INFO - [2025-02-03T12:02:09.734+0000] {dag.py:2742} INFO - Sync 1 DAGs
[2025-02-03T12:02:09.747+0000] {logging_mixin.py:150} INFO - [2025-02-03T12:02:09.747+0000] {dag.py:3504} INFO - Setting next_dagrun for example_short_circuit_decorator to 2025-02-02T12:02:09.747236+00:00, run_after=2025-02-03T12:02:09.747236+00:00
[2025-02-03T12:02:09.765+0000] {processor.py:179} INFO - Processing /home/vscode/.local/lib/python3.10/site-packages/airflow/example_dags/example_short_circuit_decorator.py took 0.053 seconds
[2025-02-03T12:03:05.830+0000] {processor.py:157} INFO - Started process (PID=42553) to work on /home/vscode/.local/lib/python3.10/site-packages/airflow/example_dags/example_short_circuit_decorator.py
[2025-02-03T12:03:05.831+0000] {processor.py:826} INFO - Processing file /home/vscode/.local/lib/python3.10/site-packages/airflow/example_dags/example_short_circuit_decorator.py for tasks to queue
[2025-02-03T12:03:05.831+0000] {logging_mixin.py:150} INFO - [2025-02-03T12:03:05.831+0000] {dagbag.py:541} INFO - Filling up the DagBag from /home/vscode/.local/lib/python3.10/site-packages/airflow/example_dags/example_short_circuit_decorator.py
[2025-02-03T12:03:05.838+0000] {processor.py:836} INFO - DAG(s) dict_keys(['example_short_circuit_decorator']) retrieved from /home/vscode/.local/lib/python3.10/site-packages/airflow/example_dags/example_short_circuit_decorator.py
[2025-02-03T12:03:05.851+0000] {logging_mixin.py:150} INFO - [2025-02-03T12:03:05.851+0000] {dag.py:2742} INFO - Sync 1 DAGs
[2025-02-03T12:03:05.865+0000] {logging_mixin.py:150} INFO - [2025-02-03T12:03:05.865+0000] {dag.py:3504} INFO - Setting next_dagrun for example_short_circuit_decorator to 2025-02-02T12:03:05.864926+00:00, run_after=2025-02-03T12:03:05.864926+00:00
[2025-02-03T12:03:05.879+0000] {processor.py:179} INFO - Processing /home/vscode/.local/lib/python3.10/site-packages/airflow/example_dags/example_short_circuit_decorator.py took 0.051 seconds
[2025-02-03T12:04:02.933+0000] {processor.py:157} INFO - Started process (PID=42936) to work on /home/vscode/.local/lib/python3.10/site-packages/airflow/example_dags/example_short_circuit_decorator.py
[2025-02-03T12:04:02.934+0000] {processor.py:826} INFO - Processing file /home/vscode/.local/lib/python3.10/site-packages/airflow/example_dags/example_short_circuit_decorator.py for tasks to queue
[2025-02-03T12:04:02.935+0000] {logging_mixin.py:150} INFO - [2025-02-03T12:04:02.934+0000] {dagbag.py:541} INFO - Filling up the DagBag from /home/vscode/.local/lib/python3.10/site-packages/airflow/example_dags/example_short_circuit_decorator.py
[2025-02-03T12:04:02.941+0000] {processor.py:836} INFO - DAG(s) dict_keys(['example_short_circuit_decorator']) retrieved from /home/vscode/.local/lib/python3.10/site-packages/airflow/example_dags/example_short_circuit_decorator.py
[2025-02-03T12:04:02.954+0000] {logging_mixin.py:150} INFO - [2025-02-03T12:04:02.954+0000] {dag.py:2742} INFO - Sync 1 DAGs
[2025-02-03T12:04:02.968+0000] {logging_mixin.py:150} INFO - [2025-02-03T12:04:02.968+0000] {dag.py:3504} INFO - Setting next_dagrun for example_short_circuit_decorator to 2025-02-02T12:04:02.968037+00:00, run_after=2025-02-03T12:04:02.968037+00:00
[2025-02-03T12:04:02.982+0000] {processor.py:179} INFO - Processing /home/vscode/.local/lib/python3.10/site-packages/airflow/example_dags/example_short_circuit_decorator.py took 0.050 seconds
[2025-02-03T12:04:47.059+0000] {processor.py:157} INFO - Started process (PID=43225) to work on /home/vscode/.local/lib/python3.10/site-packages/airflow/example_dags/example_short_circuit_decorator.py
[2025-02-03T12:04:47.059+0000] {processor.py:826} INFO - Processing file /home/vscode/.local/lib/python3.10/site-packages/airflow/example_dags/example_short_circuit_decorator.py for tasks to queue
[2025-02-03T12:04:47.060+0000] {logging_mixin.py:150} INFO - [2025-02-03T12:04:47.060+0000] {dagbag.py:541} INFO - Filling up the DagBag from /home/vscode/.local/lib/python3.10/site-packages/airflow/example_dags/example_short_circuit_decorator.py
[2025-02-03T12:04:47.067+0000] {processor.py:836} INFO - DAG(s) dict_keys(['example_short_circuit_decorator']) retrieved from /home/vscode/.local/lib/python3.10/site-packages/airflow/example_dags/example_short_circuit_decorator.py
[2025-02-03T12:04:47.081+0000] {logging_mixin.py:150} INFO - [2025-02-03T12:04:47.080+0000] {dag.py:2742} INFO - Sync 1 DAGs
[2025-02-03T12:04:47.095+0000] {logging_mixin.py:150} INFO - [2025-02-03T12:04:47.095+0000] {dag.py:3504} INFO - Setting next_dagrun for example_short_circuit_decorator to 2025-02-02T12:04:47.095358+00:00, run_after=2025-02-03T12:04:47.095358+00:00
[2025-02-03T12:04:47.111+0000] {processor.py:179} INFO - Processing /home/vscode/.local/lib/python3.10/site-packages/airflow/example_dags/example_short_circuit_decorator.py took 0.054 seconds
[2025-02-03T12:05:31.008+0000] {processor.py:157} INFO - Started process (PID=43525) to work on /home/vscode/.local/lib/python3.10/site-packages/airflow/example_dags/example_short_circuit_decorator.py
[2025-02-03T12:05:31.008+0000] {processor.py:826} INFO - Processing file /home/vscode/.local/lib/python3.10/site-packages/airflow/example_dags/example_short_circuit_decorator.py for tasks to queue
[2025-02-03T12:05:31.009+0000] {logging_mixin.py:150} INFO - [2025-02-03T12:05:31.009+0000] {dagbag.py:541} INFO - Filling up the DagBag from /home/vscode/.local/lib/python3.10/site-packages/airflow/example_dags/example_short_circuit_decorator.py
[2025-02-03T12:05:31.016+0000] {processor.py:836} INFO - DAG(s) dict_keys(['example_short_circuit_decorator']) retrieved from /home/vscode/.local/lib/python3.10/site-packages/airflow/example_dags/example_short_circuit_decorator.py
[2025-02-03T12:05:31.029+0000] {logging_mixin.py:150} INFO - [2025-02-03T12:05:31.029+0000] {dag.py:2742} INFO - Sync 1 DAGs
[2025-02-03T12:05:31.043+0000] {logging_mixin.py:150} INFO - [2025-02-03T12:05:31.043+0000] {dag.py:3504} INFO - Setting next_dagrun for example_short_circuit_decorator to 2025-02-02T12:05:31.043307+00:00, run_after=2025-02-03T12:05:31.043307+00:00
[2025-02-03T12:05:31.057+0000] {processor.py:179} INFO - Processing /home/vscode/.local/lib/python3.10/site-packages/airflow/example_dags/example_short_circuit_decorator.py took 0.052 seconds
[2025-02-03T12:06:18.362+0000] {processor.py:157} INFO - Started process (PID=43840) to work on /home/vscode/.local/lib/python3.10/site-packages/airflow/example_dags/example_short_circuit_decorator.py
[2025-02-03T12:06:18.363+0000] {processor.py:826} INFO - Processing file /home/vscode/.local/lib/python3.10/site-packages/airflow/example_dags/example_short_circuit_decorator.py for tasks to queue
[2025-02-03T12:06:18.363+0000] {logging_mixin.py:150} INFO - [2025-02-03T12:06:18.363+0000] {dagbag.py:541} INFO - Filling up the DagBag from /home/vscode/.local/lib/python3.10/site-packages/airflow/example_dags/example_short_circuit_decorator.py
[2025-02-03T12:06:18.371+0000] {processor.py:836} INFO - DAG(s) dict_keys(['example_short_circuit_decorator']) retrieved from /home/vscode/.local/lib/python3.10/site-packages/airflow/example_dags/example_short_circuit_decorator.py
[2025-02-03T12:06:18.384+0000] {logging_mixin.py:150} INFO - [2025-02-03T12:06:18.384+0000] {dag.py:2742} INFO - Sync 1 DAGs
[2025-02-03T12:06:18.398+0000] {logging_mixin.py:150} INFO - [2025-02-03T12:06:18.398+0000] {dag.py:3504} INFO - Setting next_dagrun for example_short_circuit_decorator to 2025-02-02T12:06:18.398343+00:00, run_after=2025-02-03T12:06:18.398343+00:00
[2025-02-03T12:06:18.413+0000] {processor.py:179} INFO - Processing /home/vscode/.local/lib/python3.10/site-packages/airflow/example_dags/example_short_circuit_decorator.py took 0.054 seconds
[2025-02-03T12:07:05.448+0000] {processor.py:157} INFO - Started process (PID=44159) to work on /home/vscode/.local/lib/python3.10/site-packages/airflow/example_dags/example_short_circuit_decorator.py
[2025-02-03T12:07:05.449+0000] {processor.py:826} INFO - Processing file /home/vscode/.local/lib/python3.10/site-packages/airflow/example_dags/example_short_circuit_decorator.py for tasks to queue
[2025-02-03T12:07:05.449+0000] {logging_mixin.py:150} INFO - [2025-02-03T12:07:05.449+0000] {dagbag.py:541} INFO - Filling up the DagBag from /home/vscode/.local/lib/python3.10/site-packages/airflow/example_dags/example_short_circuit_decorator.py
[2025-02-03T12:07:05.456+0000] {processor.py:836} INFO - DAG(s) dict_keys(['example_short_circuit_decorator']) retrieved from /home/vscode/.local/lib/python3.10/site-packages/airflow/example_dags/example_short_circuit_decorator.py
[2025-02-03T12:07:05.469+0000] {logging_mixin.py:150} INFO - [2025-02-03T12:07:05.469+0000] {dag.py:2742} INFO - Sync 1 DAGs
[2025-02-03T12:07:05.484+0000] {logging_mixin.py:150} INFO - [2025-02-03T12:07:05.483+0000] {dag.py:3504} INFO - Setting next_dagrun for example_short_circuit_decorator to 2025-02-02T12:07:05.483694+00:00, run_after=2025-02-03T12:07:05.483694+00:00
[2025-02-03T12:07:05.498+0000] {processor.py:179} INFO - Processing /home/vscode/.local/lib/python3.10/site-packages/airflow/example_dags/example_short_circuit_decorator.py took 0.052 seconds
[2025-02-03T12:07:48.482+0000] {processor.py:157} INFO - Started process (PID=45024) to work on /home/vscode/.local/lib/python3.10/site-packages/airflow/example_dags/example_short_circuit_decorator.py
[2025-02-03T12:07:48.483+0000] {processor.py:826} INFO - Processing file /home/vscode/.local/lib/python3.10/site-packages/airflow/example_dags/example_short_circuit_decorator.py for tasks to queue
[2025-02-03T12:07:48.484+0000] {logging_mixin.py:150} INFO - [2025-02-03T12:07:48.483+0000] {dagbag.py:541} INFO - Filling up the DagBag from /home/vscode/.local/lib/python3.10/site-packages/airflow/example_dags/example_short_circuit_decorator.py
[2025-02-03T12:07:48.491+0000] {processor.py:836} INFO - DAG(s) dict_keys(['example_short_circuit_decorator']) retrieved from /home/vscode/.local/lib/python3.10/site-packages/airflow/example_dags/example_short_circuit_decorator.py
[2025-02-03T12:07:48.504+0000] {logging_mixin.py:150} INFO - [2025-02-03T12:07:48.504+0000] {dag.py:2742} INFO - Sync 1 DAGs
[2025-02-03T12:07:48.518+0000] {logging_mixin.py:150} INFO - [2025-02-03T12:07:48.518+0000] {dag.py:3504} INFO - Setting next_dagrun for example_short_circuit_decorator to 2025-02-02T12:07:48.518031+00:00, run_after=2025-02-03T12:07:48.518031+00:00
[2025-02-03T12:07:48.532+0000] {processor.py:179} INFO - Processing /home/vscode/.local/lib/python3.10/site-packages/airflow/example_dags/example_short_circuit_decorator.py took 0.052 seconds
[2025-02-03T12:08:36.155+0000] {processor.py:157} INFO - Started process (PID=46443) to work on /home/vscode/.local/lib/python3.10/site-packages/airflow/example_dags/example_short_circuit_decorator.py
[2025-02-03T12:08:36.156+0000] {processor.py:826} INFO - Processing file /home/vscode/.local/lib/python3.10/site-packages/airflow/example_dags/example_short_circuit_decorator.py for tasks to queue
[2025-02-03T12:08:36.156+0000] {logging_mixin.py:150} INFO - [2025-02-03T12:08:36.156+0000] {dagbag.py:541} INFO - Filling up the DagBag from /home/vscode/.local/lib/python3.10/site-packages/airflow/example_dags/example_short_circuit_decorator.py
[2025-02-03T12:08:36.163+0000] {processor.py:836} INFO - DAG(s) dict_keys(['example_short_circuit_decorator']) retrieved from /home/vscode/.local/lib/python3.10/site-packages/airflow/example_dags/example_short_circuit_decorator.py
[2025-02-03T12:08:36.175+0000] {logging_mixin.py:150} INFO - [2025-02-03T12:08:36.175+0000] {dag.py:2742} INFO - Sync 1 DAGs
[2025-02-03T12:08:36.190+0000] {logging_mixin.py:150} INFO - [2025-02-03T12:08:36.190+0000] {dag.py:3504} INFO - Setting next_dagrun for example_short_circuit_decorator to 2025-02-02T12:08:36.189903+00:00, run_after=2025-02-03T12:08:36.189903+00:00
[2025-02-03T12:08:36.205+0000] {processor.py:179} INFO - Processing /home/vscode/.local/lib/python3.10/site-packages/airflow/example_dags/example_short_circuit_decorator.py took 0.052 seconds
[2025-02-03T12:09:19.183+0000] {processor.py:157} INFO - Started process (PID=46830) to work on /home/vscode/.local/lib/python3.10/site-packages/airflow/example_dags/example_short_circuit_decorator.py
[2025-02-03T12:09:19.184+0000] {processor.py:826} INFO - Processing file /home/vscode/.local/lib/python3.10/site-packages/airflow/example_dags/example_short_circuit_decorator.py for tasks to queue
[2025-02-03T12:09:19.185+0000] {logging_mixin.py:150} INFO - [2025-02-03T12:09:19.184+0000] {dagbag.py:541} INFO - Filling up the DagBag from /home/vscode/.local/lib/python3.10/site-packages/airflow/example_dags/example_short_circuit_decorator.py
[2025-02-03T12:09:19.193+0000] {processor.py:836} INFO - DAG(s) dict_keys(['example_short_circuit_decorator']) retrieved from /home/vscode/.local/lib/python3.10/site-packages/airflow/example_dags/example_short_circuit_decorator.py
[2025-02-03T12:09:19.211+0000] {logging_mixin.py:150} INFO - [2025-02-03T12:09:19.210+0000] {dag.py:2742} INFO - Sync 1 DAGs
[2025-02-03T12:09:19.227+0000] {logging_mixin.py:150} INFO - [2025-02-03T12:09:19.227+0000] {dag.py:3504} INFO - Setting next_dagrun for example_short_circuit_decorator to 2025-02-02T12:09:19.226931+00:00, run_after=2025-02-03T12:09:19.226931+00:00
[2025-02-03T12:09:19.241+0000] {processor.py:179} INFO - Processing /home/vscode/.local/lib/python3.10/site-packages/airflow/example_dags/example_short_circuit_decorator.py took 0.059 seconds
