[2025-02-03T11:50:17.921+0000] {processor.py:157} INFO - Started process (PID=37390) to work on /home/vscode/.local/lib/python3.10/site-packages/airflow/example_dags/example_subdag_operator.py
[2025-02-03T11:50:17.922+0000] {processor.py:826} INFO - Processing file /home/vscode/.local/lib/python3.10/site-packages/airflow/example_dags/example_subdag_operator.py for tasks to queue
[2025-02-03T11:50:17.922+0000] {logging_mixin.py:150} INFO - [2025-02-03T11:50:17.922+0000] {dagbag.py:541} INFO - Filling up the DagBag from /home/vscode/.local/lib/python3.10/site-packages/airflow/example_dags/example_subdag_operator.py
[2025-02-03T11:50:17.937+0000] {processor.py:836} INFO - DAG(s) dict_keys(['example_subdag_operator.section-1', 'example_subdag_operator.section-2', 'example_subdag_operator']) retrieved from /home/vscode/.local/lib/python3.10/site-packages/airflow/example_dags/example_subdag_operator.py
[2025-02-03T11:50:18.086+0000] {logging_mixin.py:150} INFO - [2025-02-03T11:50:18.086+0000] {manager.py:504} INFO - Created Permission View: can read on DAG:example_subdag_operator
[2025-02-03T11:50:18.093+0000] {logging_mixin.py:150} INFO - [2025-02-03T11:50:18.093+0000] {manager.py:504} INFO - Created Permission View: can delete on DAG:example_subdag_operator
[2025-02-03T11:50:18.099+0000] {logging_mixin.py:150} INFO - [2025-02-03T11:50:18.098+0000] {manager.py:504} INFO - Created Permission View: can edit on DAG:example_subdag_operator
[2025-02-03T11:50:18.106+0000] {logging_mixin.py:150} INFO - [2025-02-03T11:50:18.106+0000] {dag.py:2742} INFO - Sync 3 DAGs
[2025-02-03T11:50:18.113+0000] {logging_mixin.py:150} INFO - [2025-02-03T11:50:18.113+0000] {dag.py:2763} INFO - Creating ORM DAG for example_subdag_operator.section-2
[2025-02-03T11:50:18.113+0000] {logging_mixin.py:150} INFO - [2025-02-03T11:50:18.113+0000] {dag.py:2763} INFO - Creating ORM DAG for example_subdag_operator.section-1
[2025-02-03T11:50:18.114+0000] {logging_mixin.py:150} INFO - [2025-02-03T11:50:18.114+0000] {dag.py:2763} INFO - Creating ORM DAG for example_subdag_operator
[2025-02-03T11:50:18.119+0000] {logging_mixin.py:150} INFO - [2025-02-03T11:50:18.119+0000] {dag.py:3504} INFO - Setting next_dagrun for example_subdag_operator to 2022-01-01T00:00:00+00:00, run_after=2022-01-01T00:00:00+00:00
[2025-02-03T11:50:18.120+0000] {logging_mixin.py:150} INFO - [2025-02-03T11:50:18.120+0000] {dag.py:3504} INFO - Setting next_dagrun for example_subdag_operator.section-1 to None, run_after=None
[2025-02-03T11:50:18.120+0000] {logging_mixin.py:150} INFO - [2025-02-03T11:50:18.120+0000] {dag.py:3504} INFO - Setting next_dagrun for example_subdag_operator.section-2 to None, run_after=None
[2025-02-03T11:50:18.125+0000] {logging_mixin.py:150} INFO - [2025-02-03T11:50:18.125+0000] {dag.py:2742} INFO - Sync 2 DAGs
[2025-02-03T11:50:18.127+0000] {logging_mixin.py:150} INFO - [2025-02-03T11:50:18.127+0000] {dag.py:3504} INFO - Setting next_dagrun for example_subdag_operator.section-1 to None, run_after=None
[2025-02-03T11:50:18.129+0000] {logging_mixin.py:150} INFO - [2025-02-03T11:50:18.129+0000] {dag.py:3504} INFO - Setting next_dagrun for example_subdag_operator.section-2 to None, run_after=None
[2025-02-03T11:50:18.142+0000] {processor.py:179} INFO - Processing /home/vscode/.local/lib/python3.10/site-packages/airflow/example_dags/example_subdag_operator.py took 0.224 seconds
[2025-02-03T11:51:09.706+0000] {processor.py:157} INFO - Started process (PID=37741) to work on /home/vscode/.local/lib/python3.10/site-packages/airflow/example_dags/example_subdag_operator.py
[2025-02-03T11:51:09.706+0000] {processor.py:826} INFO - Processing file /home/vscode/.local/lib/python3.10/site-packages/airflow/example_dags/example_subdag_operator.py for tasks to queue
[2025-02-03T11:51:09.707+0000] {logging_mixin.py:150} INFO - [2025-02-03T11:51:09.707+0000] {dagbag.py:541} INFO - Filling up the DagBag from /home/vscode/.local/lib/python3.10/site-packages/airflow/example_dags/example_subdag_operator.py
[2025-02-03T11:51:09.721+0000] {processor.py:836} INFO - DAG(s) dict_keys(['example_subdag_operator.section-1', 'example_subdag_operator.section-2', 'example_subdag_operator']) retrieved from /home/vscode/.local/lib/python3.10/site-packages/airflow/example_dags/example_subdag_operator.py
[2025-02-03T11:51:09.732+0000] {logging_mixin.py:150} INFO - [2025-02-03T11:51:09.731+0000] {dag.py:2742} INFO - Sync 3 DAGs
[2025-02-03T11:51:09.745+0000] {logging_mixin.py:150} INFO - [2025-02-03T11:51:09.745+0000] {dag.py:3504} INFO - Setting next_dagrun for example_subdag_operator to 2022-01-01T00:00:00+00:00, run_after=2022-01-01T00:00:00+00:00
[2025-02-03T11:51:09.747+0000] {logging_mixin.py:150} INFO - [2025-02-03T11:51:09.747+0000] {dag.py:3504} INFO - Setting next_dagrun for example_subdag_operator.section-1 to None, run_after=None
[2025-02-03T11:51:09.748+0000] {logging_mixin.py:150} INFO - [2025-02-03T11:51:09.748+0000] {dag.py:3504} INFO - Setting next_dagrun for example_subdag_operator.section-2 to None, run_after=None
[2025-02-03T11:51:09.753+0000] {logging_mixin.py:150} INFO - [2025-02-03T11:51:09.753+0000] {dag.py:2742} INFO - Sync 2 DAGs
[2025-02-03T11:51:09.756+0000] {logging_mixin.py:150} INFO - [2025-02-03T11:51:09.755+0000] {dag.py:3504} INFO - Setting next_dagrun for example_subdag_operator.section-1 to None, run_after=None
[2025-02-03T11:51:09.756+0000] {logging_mixin.py:150} INFO - [2025-02-03T11:51:09.756+0000] {dag.py:3504} INFO - Setting next_dagrun for example_subdag_operator.section-2 to None, run_after=None
[2025-02-03T11:51:09.765+0000] {processor.py:179} INFO - Processing /home/vscode/.local/lib/python3.10/site-packages/airflow/example_dags/example_subdag_operator.py took 0.062 seconds
[2025-02-03T11:51:54.672+0000] {processor.py:157} INFO - Started process (PID=38035) to work on /home/vscode/.local/lib/python3.10/site-packages/airflow/example_dags/example_subdag_operator.py
[2025-02-03T11:51:54.673+0000] {processor.py:826} INFO - Processing file /home/vscode/.local/lib/python3.10/site-packages/airflow/example_dags/example_subdag_operator.py for tasks to queue
[2025-02-03T11:51:54.673+0000] {logging_mixin.py:150} INFO - [2025-02-03T11:51:54.673+0000] {dagbag.py:541} INFO - Filling up the DagBag from /home/vscode/.local/lib/python3.10/site-packages/airflow/example_dags/example_subdag_operator.py
[2025-02-03T11:51:54.688+0000] {processor.py:836} INFO - DAG(s) dict_keys(['example_subdag_operator.section-1', 'example_subdag_operator.section-2', 'example_subdag_operator']) retrieved from /home/vscode/.local/lib/python3.10/site-packages/airflow/example_dags/example_subdag_operator.py
[2025-02-03T11:51:54.699+0000] {logging_mixin.py:150} INFO - [2025-02-03T11:51:54.699+0000] {dag.py:2742} INFO - Sync 3 DAGs
[2025-02-03T11:51:54.713+0000] {logging_mixin.py:150} INFO - [2025-02-03T11:51:54.713+0000] {dag.py:3504} INFO - Setting next_dagrun for example_subdag_operator to 2022-01-01T00:00:00+00:00, run_after=2022-01-01T00:00:00+00:00
[2025-02-03T11:51:54.715+0000] {logging_mixin.py:150} INFO - [2025-02-03T11:51:54.715+0000] {dag.py:3504} INFO - Setting next_dagrun for example_subdag_operator.section-1 to None, run_after=None
[2025-02-03T11:51:54.716+0000] {logging_mixin.py:150} INFO - [2025-02-03T11:51:54.716+0000] {dag.py:3504} INFO - Setting next_dagrun for example_subdag_operator.section-2 to None, run_after=None
[2025-02-03T11:51:54.720+0000] {logging_mixin.py:150} INFO - [2025-02-03T11:51:54.720+0000] {dag.py:2742} INFO - Sync 2 DAGs
[2025-02-03T11:51:54.723+0000] {logging_mixin.py:150} INFO - [2025-02-03T11:51:54.723+0000] {dag.py:3504} INFO - Setting next_dagrun for example_subdag_operator.section-1 to None, run_after=None
[2025-02-03T11:51:54.723+0000] {logging_mixin.py:150} INFO - [2025-02-03T11:51:54.723+0000] {dag.py:3504} INFO - Setting next_dagrun for example_subdag_operator.section-2 to None, run_after=None
[2025-02-03T11:51:54.733+0000] {processor.py:179} INFO - Processing /home/vscode/.local/lib/python3.10/site-packages/airflow/example_dags/example_subdag_operator.py took 0.063 seconds
[2025-02-03T11:52:36.873+0000] {processor.py:157} INFO - Started process (PID=38329) to work on /home/vscode/.local/lib/python3.10/site-packages/airflow/example_dags/example_subdag_operator.py
[2025-02-03T11:52:36.874+0000] {processor.py:826} INFO - Processing file /home/vscode/.local/lib/python3.10/site-packages/airflow/example_dags/example_subdag_operator.py for tasks to queue
[2025-02-03T11:52:36.874+0000] {logging_mixin.py:150} INFO - [2025-02-03T11:52:36.874+0000] {dagbag.py:541} INFO - Filling up the DagBag from /home/vscode/.local/lib/python3.10/site-packages/airflow/example_dags/example_subdag_operator.py
[2025-02-03T11:52:36.888+0000] {processor.py:836} INFO - DAG(s) dict_keys(['example_subdag_operator.section-1', 'example_subdag_operator.section-2', 'example_subdag_operator']) retrieved from /home/vscode/.local/lib/python3.10/site-packages/airflow/example_dags/example_subdag_operator.py
[2025-02-03T11:52:36.899+0000] {logging_mixin.py:150} INFO - [2025-02-03T11:52:36.898+0000] {dag.py:2742} INFO - Sync 3 DAGs
[2025-02-03T11:52:36.912+0000] {logging_mixin.py:150} INFO - [2025-02-03T11:52:36.912+0000] {dag.py:3504} INFO - Setting next_dagrun for example_subdag_operator to 2022-01-01T00:00:00+00:00, run_after=2022-01-01T00:00:00+00:00
[2025-02-03T11:52:36.914+0000] {logging_mixin.py:150} INFO - [2025-02-03T11:52:36.914+0000] {dag.py:3504} INFO - Setting next_dagrun for example_subdag_operator.section-1 to None, run_after=None
[2025-02-03T11:52:36.914+0000] {logging_mixin.py:150} INFO - [2025-02-03T11:52:36.914+0000] {dag.py:3504} INFO - Setting next_dagrun for example_subdag_operator.section-2 to None, run_after=None
[2025-02-03T11:52:36.919+0000] {logging_mixin.py:150} INFO - [2025-02-03T11:52:36.919+0000] {dag.py:2742} INFO - Sync 2 DAGs
[2025-02-03T11:52:36.922+0000] {logging_mixin.py:150} INFO - [2025-02-03T11:52:36.922+0000] {dag.py:3504} INFO - Setting next_dagrun for example_subdag_operator.section-1 to None, run_after=None
[2025-02-03T11:52:36.922+0000] {logging_mixin.py:150} INFO - [2025-02-03T11:52:36.922+0000] {dag.py:3504} INFO - Setting next_dagrun for example_subdag_operator.section-2 to None, run_after=None
[2025-02-03T11:52:36.932+0000] {processor.py:179} INFO - Processing /home/vscode/.local/lib/python3.10/site-packages/airflow/example_dags/example_subdag_operator.py took 0.060 seconds
[2025-02-03T11:53:20.809+0000] {processor.py:157} INFO - Started process (PID=38616) to work on /home/vscode/.local/lib/python3.10/site-packages/airflow/example_dags/example_subdag_operator.py
[2025-02-03T11:53:20.809+0000] {processor.py:826} INFO - Processing file /home/vscode/.local/lib/python3.10/site-packages/airflow/example_dags/example_subdag_operator.py for tasks to queue
[2025-02-03T11:53:20.810+0000] {logging_mixin.py:150} INFO - [2025-02-03T11:53:20.810+0000] {dagbag.py:541} INFO - Filling up the DagBag from /home/vscode/.local/lib/python3.10/site-packages/airflow/example_dags/example_subdag_operator.py
[2025-02-03T11:53:20.824+0000] {processor.py:836} INFO - DAG(s) dict_keys(['example_subdag_operator.section-1', 'example_subdag_operator.section-2', 'example_subdag_operator']) retrieved from /home/vscode/.local/lib/python3.10/site-packages/airflow/example_dags/example_subdag_operator.py
[2025-02-03T11:53:20.835+0000] {logging_mixin.py:150} INFO - [2025-02-03T11:53:20.835+0000] {dag.py:2742} INFO - Sync 3 DAGs
[2025-02-03T11:53:20.848+0000] {logging_mixin.py:150} INFO - [2025-02-03T11:53:20.848+0000] {dag.py:3504} INFO - Setting next_dagrun for example_subdag_operator to 2022-01-01T00:00:00+00:00, run_after=2022-01-01T00:00:00+00:00
[2025-02-03T11:53:20.851+0000] {logging_mixin.py:150} INFO - [2025-02-03T11:53:20.850+0000] {dag.py:3504} INFO - Setting next_dagrun for example_subdag_operator.section-1 to None, run_after=None
[2025-02-03T11:53:20.851+0000] {logging_mixin.py:150} INFO - [2025-02-03T11:53:20.851+0000] {dag.py:3504} INFO - Setting next_dagrun for example_subdag_operator.section-2 to None, run_after=None
[2025-02-03T11:53:20.855+0000] {logging_mixin.py:150} INFO - [2025-02-03T11:53:20.855+0000] {dag.py:2742} INFO - Sync 2 DAGs
[2025-02-03T11:53:20.858+0000] {logging_mixin.py:150} INFO - [2025-02-03T11:53:20.858+0000] {dag.py:3504} INFO - Setting next_dagrun for example_subdag_operator.section-1 to None, run_after=None
[2025-02-03T11:53:20.858+0000] {logging_mixin.py:150} INFO - [2025-02-03T11:53:20.858+0000] {dag.py:3504} INFO - Setting next_dagrun for example_subdag_operator.section-2 to None, run_after=None
[2025-02-03T11:53:20.868+0000] {processor.py:179} INFO - Processing /home/vscode/.local/lib/python3.10/site-packages/airflow/example_dags/example_subdag_operator.py took 0.061 seconds
[2025-02-03T11:54:03.062+0000] {processor.py:157} INFO - Started process (PID=38904) to work on /home/vscode/.local/lib/python3.10/site-packages/airflow/example_dags/example_subdag_operator.py
[2025-02-03T11:54:03.063+0000] {processor.py:826} INFO - Processing file /home/vscode/.local/lib/python3.10/site-packages/airflow/example_dags/example_subdag_operator.py for tasks to queue
[2025-02-03T11:54:03.063+0000] {logging_mixin.py:150} INFO - [2025-02-03T11:54:03.063+0000] {dagbag.py:541} INFO - Filling up the DagBag from /home/vscode/.local/lib/python3.10/site-packages/airflow/example_dags/example_subdag_operator.py
[2025-02-03T11:54:03.077+0000] {processor.py:836} INFO - DAG(s) dict_keys(['example_subdag_operator.section-1', 'example_subdag_operator.section-2', 'example_subdag_operator']) retrieved from /home/vscode/.local/lib/python3.10/site-packages/airflow/example_dags/example_subdag_operator.py
[2025-02-03T11:54:03.088+0000] {logging_mixin.py:150} INFO - [2025-02-03T11:54:03.088+0000] {dag.py:2742} INFO - Sync 3 DAGs
[2025-02-03T11:54:03.101+0000] {logging_mixin.py:150} INFO - [2025-02-03T11:54:03.101+0000] {dag.py:3504} INFO - Setting next_dagrun for example_subdag_operator to 2022-01-01T00:00:00+00:00, run_after=2022-01-01T00:00:00+00:00
[2025-02-03T11:54:03.103+0000] {logging_mixin.py:150} INFO - [2025-02-03T11:54:03.103+0000] {dag.py:3504} INFO - Setting next_dagrun for example_subdag_operator.section-1 to None, run_after=None
[2025-02-03T11:54:03.104+0000] {logging_mixin.py:150} INFO - [2025-02-03T11:54:03.104+0000] {dag.py:3504} INFO - Setting next_dagrun for example_subdag_operator.section-2 to None, run_after=None
[2025-02-03T11:54:03.109+0000] {logging_mixin.py:150} INFO - [2025-02-03T11:54:03.109+0000] {dag.py:2742} INFO - Sync 2 DAGs
[2025-02-03T11:54:03.111+0000] {logging_mixin.py:150} INFO - [2025-02-03T11:54:03.111+0000] {dag.py:3504} INFO - Setting next_dagrun for example_subdag_operator.section-1 to None, run_after=None
[2025-02-03T11:54:03.112+0000] {logging_mixin.py:150} INFO - [2025-02-03T11:54:03.112+0000] {dag.py:3504} INFO - Setting next_dagrun for example_subdag_operator.section-2 to None, run_after=None
[2025-02-03T11:54:03.121+0000] {processor.py:179} INFO - Processing /home/vscode/.local/lib/python3.10/site-packages/airflow/example_dags/example_subdag_operator.py took 0.061 seconds
[2025-02-03T11:54:46.955+0000] {processor.py:157} INFO - Started process (PID=39197) to work on /home/vscode/.local/lib/python3.10/site-packages/airflow/example_dags/example_subdag_operator.py
[2025-02-03T11:54:46.956+0000] {processor.py:826} INFO - Processing file /home/vscode/.local/lib/python3.10/site-packages/airflow/example_dags/example_subdag_operator.py for tasks to queue
[2025-02-03T11:54:46.956+0000] {logging_mixin.py:150} INFO - [2025-02-03T11:54:46.956+0000] {dagbag.py:541} INFO - Filling up the DagBag from /home/vscode/.local/lib/python3.10/site-packages/airflow/example_dags/example_subdag_operator.py
[2025-02-03T11:54:46.970+0000] {processor.py:836} INFO - DAG(s) dict_keys(['example_subdag_operator.section-1', 'example_subdag_operator.section-2', 'example_subdag_operator']) retrieved from /home/vscode/.local/lib/python3.10/site-packages/airflow/example_dags/example_subdag_operator.py
[2025-02-03T11:54:46.981+0000] {logging_mixin.py:150} INFO - [2025-02-03T11:54:46.981+0000] {dag.py:2742} INFO - Sync 3 DAGs
[2025-02-03T11:54:46.994+0000] {logging_mixin.py:150} INFO - [2025-02-03T11:54:46.994+0000] {dag.py:3504} INFO - Setting next_dagrun for example_subdag_operator to 2022-01-01T00:00:00+00:00, run_after=2022-01-01T00:00:00+00:00
[2025-02-03T11:54:46.996+0000] {logging_mixin.py:150} INFO - [2025-02-03T11:54:46.996+0000] {dag.py:3504} INFO - Setting next_dagrun for example_subdag_operator.section-1 to None, run_after=None
[2025-02-03T11:54:46.997+0000] {logging_mixin.py:150} INFO - [2025-02-03T11:54:46.997+0000] {dag.py:3504} INFO - Setting next_dagrun for example_subdag_operator.section-2 to None, run_after=None
[2025-02-03T11:54:47.001+0000] {logging_mixin.py:150} INFO - [2025-02-03T11:54:47.001+0000] {dag.py:2742} INFO - Sync 2 DAGs
[2025-02-03T11:54:47.004+0000] {logging_mixin.py:150} INFO - [2025-02-03T11:54:47.003+0000] {dag.py:3504} INFO - Setting next_dagrun for example_subdag_operator.section-1 to None, run_after=None
[2025-02-03T11:54:47.004+0000] {logging_mixin.py:150} INFO - [2025-02-03T11:54:47.004+0000] {dag.py:3504} INFO - Setting next_dagrun for example_subdag_operator.section-2 to None, run_after=None
[2025-02-03T11:54:47.013+0000] {processor.py:179} INFO - Processing /home/vscode/.local/lib/python3.10/site-packages/airflow/example_dags/example_subdag_operator.py took 0.060 seconds
[2025-02-03T11:55:27.492+0000] {processor.py:157} INFO - Started process (PID=39468) to work on /home/vscode/.local/lib/python3.10/site-packages/airflow/example_dags/example_subdag_operator.py
[2025-02-03T11:55:27.492+0000] {processor.py:826} INFO - Processing file /home/vscode/.local/lib/python3.10/site-packages/airflow/example_dags/example_subdag_operator.py for tasks to queue
[2025-02-03T11:55:27.493+0000] {logging_mixin.py:150} INFO - [2025-02-03T11:55:27.493+0000] {dagbag.py:541} INFO - Filling up the DagBag from /home/vscode/.local/lib/python3.10/site-packages/airflow/example_dags/example_subdag_operator.py
[2025-02-03T11:55:27.511+0000] {processor.py:836} INFO - DAG(s) dict_keys(['example_subdag_operator.section-1', 'example_subdag_operator.section-2', 'example_subdag_operator']) retrieved from /home/vscode/.local/lib/python3.10/site-packages/airflow/example_dags/example_subdag_operator.py
[2025-02-03T11:55:27.523+0000] {logging_mixin.py:150} INFO - [2025-02-03T11:55:27.523+0000] {dag.py:2742} INFO - Sync 3 DAGs
[2025-02-03T11:55:27.538+0000] {logging_mixin.py:150} INFO - [2025-02-03T11:55:27.538+0000] {dag.py:3504} INFO - Setting next_dagrun for example_subdag_operator to 2022-01-01T00:00:00+00:00, run_after=2022-01-01T00:00:00+00:00
[2025-02-03T11:55:27.541+0000] {logging_mixin.py:150} INFO - [2025-02-03T11:55:27.541+0000] {dag.py:3504} INFO - Setting next_dagrun for example_subdag_operator.section-1 to None, run_after=None
[2025-02-03T11:55:27.541+0000] {logging_mixin.py:150} INFO - [2025-02-03T11:55:27.541+0000] {dag.py:3504} INFO - Setting next_dagrun for example_subdag_operator.section-2 to None, run_after=None
[2025-02-03T11:55:27.548+0000] {logging_mixin.py:150} INFO - [2025-02-03T11:55:27.547+0000] {dag.py:2742} INFO - Sync 2 DAGs
[2025-02-03T11:55:27.551+0000] {logging_mixin.py:150} INFO - [2025-02-03T11:55:27.551+0000] {dag.py:3504} INFO - Setting next_dagrun for example_subdag_operator.section-1 to None, run_after=None
[2025-02-03T11:55:27.551+0000] {logging_mixin.py:150} INFO - [2025-02-03T11:55:27.551+0000] {dag.py:3504} INFO - Setting next_dagrun for example_subdag_operator.section-2 to None, run_after=None
[2025-02-03T11:55:27.561+0000] {processor.py:179} INFO - Processing /home/vscode/.local/lib/python3.10/site-packages/airflow/example_dags/example_subdag_operator.py took 0.071 seconds
[2025-02-03T11:56:12.128+0000] {processor.py:157} INFO - Started process (PID=39771) to work on /home/vscode/.local/lib/python3.10/site-packages/airflow/example_dags/example_subdag_operator.py
[2025-02-03T11:56:12.128+0000] {processor.py:826} INFO - Processing file /home/vscode/.local/lib/python3.10/site-packages/airflow/example_dags/example_subdag_operator.py for tasks to queue
[2025-02-03T11:56:12.129+0000] {logging_mixin.py:150} INFO - [2025-02-03T11:56:12.129+0000] {dagbag.py:541} INFO - Filling up the DagBag from /home/vscode/.local/lib/python3.10/site-packages/airflow/example_dags/example_subdag_operator.py
[2025-02-03T11:56:12.143+0000] {processor.py:836} INFO - DAG(s) dict_keys(['example_subdag_operator.section-1', 'example_subdag_operator.section-2', 'example_subdag_operator']) retrieved from /home/vscode/.local/lib/python3.10/site-packages/airflow/example_dags/example_subdag_operator.py
[2025-02-03T11:56:12.154+0000] {logging_mixin.py:150} INFO - [2025-02-03T11:56:12.153+0000] {dag.py:2742} INFO - Sync 3 DAGs
[2025-02-03T11:56:12.167+0000] {logging_mixin.py:150} INFO - [2025-02-03T11:56:12.167+0000] {dag.py:3504} INFO - Setting next_dagrun for example_subdag_operator to 2022-01-01T00:00:00+00:00, run_after=2022-01-01T00:00:00+00:00
[2025-02-03T11:56:12.169+0000] {logging_mixin.py:150} INFO - [2025-02-03T11:56:12.169+0000] {dag.py:3504} INFO - Setting next_dagrun for example_subdag_operator.section-1 to None, run_after=None
[2025-02-03T11:56:12.170+0000] {logging_mixin.py:150} INFO - [2025-02-03T11:56:12.170+0000] {dag.py:3504} INFO - Setting next_dagrun for example_subdag_operator.section-2 to None, run_after=None
[2025-02-03T11:56:12.174+0000] {logging_mixin.py:150} INFO - [2025-02-03T11:56:12.174+0000] {dag.py:2742} INFO - Sync 2 DAGs
[2025-02-03T11:56:12.176+0000] {logging_mixin.py:150} INFO - [2025-02-03T11:56:12.176+0000] {dag.py:3504} INFO - Setting next_dagrun for example_subdag_operator.section-1 to None, run_after=None
[2025-02-03T11:56:12.177+0000] {logging_mixin.py:150} INFO - [2025-02-03T11:56:12.177+0000] {dag.py:3504} INFO - Setting next_dagrun for example_subdag_operator.section-2 to None, run_after=None
[2025-02-03T11:56:12.186+0000] {processor.py:179} INFO - Processing /home/vscode/.local/lib/python3.10/site-packages/airflow/example_dags/example_subdag_operator.py took 0.060 seconds
[2025-02-03T11:56:49.697+0000] {processor.py:157} INFO - Started process (PID=40022) to work on /home/vscode/.local/lib/python3.10/site-packages/airflow/example_dags/example_subdag_operator.py
[2025-02-03T11:56:49.697+0000] {processor.py:826} INFO - Processing file /home/vscode/.local/lib/python3.10/site-packages/airflow/example_dags/example_subdag_operator.py for tasks to queue
[2025-02-03T11:56:49.698+0000] {logging_mixin.py:150} INFO - [2025-02-03T11:56:49.698+0000] {dagbag.py:541} INFO - Filling up the DagBag from /home/vscode/.local/lib/python3.10/site-packages/airflow/example_dags/example_subdag_operator.py
[2025-02-03T11:56:49.712+0000] {processor.py:836} INFO - DAG(s) dict_keys(['example_subdag_operator.section-1', 'example_subdag_operator.section-2', 'example_subdag_operator']) retrieved from /home/vscode/.local/lib/python3.10/site-packages/airflow/example_dags/example_subdag_operator.py
[2025-02-03T11:56:49.723+0000] {logging_mixin.py:150} INFO - [2025-02-03T11:56:49.723+0000] {dag.py:2742} INFO - Sync 3 DAGs
[2025-02-03T11:56:49.739+0000] {logging_mixin.py:150} INFO - [2025-02-03T11:56:49.739+0000] {dag.py:3504} INFO - Setting next_dagrun for example_subdag_operator to 2022-01-01T00:00:00+00:00, run_after=2022-01-01T00:00:00+00:00
[2025-02-03T11:56:49.742+0000] {logging_mixin.py:150} INFO - [2025-02-03T11:56:49.742+0000] {dag.py:3504} INFO - Setting next_dagrun for example_subdag_operator.section-1 to None, run_after=None
[2025-02-03T11:56:49.743+0000] {logging_mixin.py:150} INFO - [2025-02-03T11:56:49.743+0000] {dag.py:3504} INFO - Setting next_dagrun for example_subdag_operator.section-2 to None, run_after=None
[2025-02-03T11:56:49.748+0000] {logging_mixin.py:150} INFO - [2025-02-03T11:56:49.748+0000] {dag.py:2742} INFO - Sync 2 DAGs
[2025-02-03T11:56:49.752+0000] {logging_mixin.py:150} INFO - [2025-02-03T11:56:49.752+0000] {dag.py:3504} INFO - Setting next_dagrun for example_subdag_operator.section-1 to None, run_after=None
[2025-02-03T11:56:49.752+0000] {logging_mixin.py:150} INFO - [2025-02-03T11:56:49.752+0000] {dag.py:3504} INFO - Setting next_dagrun for example_subdag_operator.section-2 to None, run_after=None
[2025-02-03T11:56:49.762+0000] {processor.py:179} INFO - Processing /home/vscode/.local/lib/python3.10/site-packages/airflow/example_dags/example_subdag_operator.py took 0.068 seconds
[2025-02-03T11:57:32.409+0000] {processor.py:157} INFO - Started process (PID=40310) to work on /home/vscode/.local/lib/python3.10/site-packages/airflow/example_dags/example_subdag_operator.py
[2025-02-03T11:57:32.409+0000] {processor.py:826} INFO - Processing file /home/vscode/.local/lib/python3.10/site-packages/airflow/example_dags/example_subdag_operator.py for tasks to queue
[2025-02-03T11:57:32.410+0000] {logging_mixin.py:150} INFO - [2025-02-03T11:57:32.410+0000] {dagbag.py:541} INFO - Filling up the DagBag from /home/vscode/.local/lib/python3.10/site-packages/airflow/example_dags/example_subdag_operator.py
[2025-02-03T11:57:32.424+0000] {processor.py:836} INFO - DAG(s) dict_keys(['example_subdag_operator.section-1', 'example_subdag_operator.section-2', 'example_subdag_operator']) retrieved from /home/vscode/.local/lib/python3.10/site-packages/airflow/example_dags/example_subdag_operator.py
[2025-02-03T11:57:32.434+0000] {logging_mixin.py:150} INFO - [2025-02-03T11:57:32.434+0000] {dag.py:2742} INFO - Sync 3 DAGs
[2025-02-03T11:57:32.448+0000] {logging_mixin.py:150} INFO - [2025-02-03T11:57:32.448+0000] {dag.py:3504} INFO - Setting next_dagrun for example_subdag_operator to 2022-01-01T00:00:00+00:00, run_after=2022-01-01T00:00:00+00:00
[2025-02-03T11:57:32.450+0000] {logging_mixin.py:150} INFO - [2025-02-03T11:57:32.450+0000] {dag.py:3504} INFO - Setting next_dagrun for example_subdag_operator.section-1 to None, run_after=None
[2025-02-03T11:57:32.451+0000] {logging_mixin.py:150} INFO - [2025-02-03T11:57:32.451+0000] {dag.py:3504} INFO - Setting next_dagrun for example_subdag_operator.section-2 to None, run_after=None
[2025-02-03T11:57:32.455+0000] {logging_mixin.py:150} INFO - [2025-02-03T11:57:32.455+0000] {dag.py:2742} INFO - Sync 2 DAGs
[2025-02-03T11:57:32.458+0000] {logging_mixin.py:150} INFO - [2025-02-03T11:57:32.457+0000] {dag.py:3504} INFO - Setting next_dagrun for example_subdag_operator.section-1 to None, run_after=None
[2025-02-03T11:57:32.458+0000] {logging_mixin.py:150} INFO - [2025-02-03T11:57:32.458+0000] {dag.py:3504} INFO - Setting next_dagrun for example_subdag_operator.section-2 to None, run_after=None
[2025-02-03T11:57:32.467+0000] {processor.py:179} INFO - Processing /home/vscode/.local/lib/python3.10/site-packages/airflow/example_dags/example_subdag_operator.py took 0.061 seconds
[2025-02-03T11:58:20.895+0000] {processor.py:157} INFO - Started process (PID=40635) to work on /home/vscode/.local/lib/python3.10/site-packages/airflow/example_dags/example_subdag_operator.py
[2025-02-03T11:58:20.896+0000] {processor.py:826} INFO - Processing file /home/vscode/.local/lib/python3.10/site-packages/airflow/example_dags/example_subdag_operator.py for tasks to queue
[2025-02-03T11:58:20.896+0000] {logging_mixin.py:150} INFO - [2025-02-03T11:58:20.896+0000] {dagbag.py:541} INFO - Filling up the DagBag from /home/vscode/.local/lib/python3.10/site-packages/airflow/example_dags/example_subdag_operator.py
[2025-02-03T11:58:20.910+0000] {processor.py:836} INFO - DAG(s) dict_keys(['example_subdag_operator.section-1', 'example_subdag_operator.section-2', 'example_subdag_operator']) retrieved from /home/vscode/.local/lib/python3.10/site-packages/airflow/example_dags/example_subdag_operator.py
[2025-02-03T11:58:20.921+0000] {logging_mixin.py:150} INFO - [2025-02-03T11:58:20.921+0000] {dag.py:2742} INFO - Sync 3 DAGs
[2025-02-03T11:58:20.935+0000] {logging_mixin.py:150} INFO - [2025-02-03T11:58:20.935+0000] {dag.py:3504} INFO - Setting next_dagrun for example_subdag_operator to 2022-01-01T00:00:00+00:00, run_after=2022-01-01T00:00:00+00:00
[2025-02-03T11:58:20.937+0000] {logging_mixin.py:150} INFO - [2025-02-03T11:58:20.937+0000] {dag.py:3504} INFO - Setting next_dagrun for example_subdag_operator.section-1 to None, run_after=None
[2025-02-03T11:58:20.937+0000] {logging_mixin.py:150} INFO - [2025-02-03T11:58:20.937+0000] {dag.py:3504} INFO - Setting next_dagrun for example_subdag_operator.section-2 to None, run_after=None
[2025-02-03T11:58:20.941+0000] {logging_mixin.py:150} INFO - [2025-02-03T11:58:20.941+0000] {dag.py:2742} INFO - Sync 2 DAGs
[2025-02-03T11:58:20.944+0000] {logging_mixin.py:150} INFO - [2025-02-03T11:58:20.944+0000] {dag.py:3504} INFO - Setting next_dagrun for example_subdag_operator.section-1 to None, run_after=None
[2025-02-03T11:58:20.944+0000] {logging_mixin.py:150} INFO - [2025-02-03T11:58:20.944+0000] {dag.py:3504} INFO - Setting next_dagrun for example_subdag_operator.section-2 to None, run_after=None
[2025-02-03T11:58:20.953+0000] {processor.py:179} INFO - Processing /home/vscode/.local/lib/python3.10/site-packages/airflow/example_dags/example_subdag_operator.py took 0.060 seconds
[2025-02-03T11:59:03.711+0000] {processor.py:157} INFO - Started process (PID=40923) to work on /home/vscode/.local/lib/python3.10/site-packages/airflow/example_dags/example_subdag_operator.py
[2025-02-03T11:59:03.712+0000] {processor.py:826} INFO - Processing file /home/vscode/.local/lib/python3.10/site-packages/airflow/example_dags/example_subdag_operator.py for tasks to queue
[2025-02-03T11:59:03.713+0000] {logging_mixin.py:150} INFO - [2025-02-03T11:59:03.712+0000] {dagbag.py:541} INFO - Filling up the DagBag from /home/vscode/.local/lib/python3.10/site-packages/airflow/example_dags/example_subdag_operator.py
[2025-02-03T11:59:03.726+0000] {processor.py:836} INFO - DAG(s) dict_keys(['example_subdag_operator.section-1', 'example_subdag_operator.section-2', 'example_subdag_operator']) retrieved from /home/vscode/.local/lib/python3.10/site-packages/airflow/example_dags/example_subdag_operator.py
[2025-02-03T11:59:03.738+0000] {logging_mixin.py:150} INFO - [2025-02-03T11:59:03.737+0000] {dag.py:2742} INFO - Sync 3 DAGs
[2025-02-03T11:59:03.752+0000] {logging_mixin.py:150} INFO - [2025-02-03T11:59:03.752+0000] {dag.py:3504} INFO - Setting next_dagrun for example_subdag_operator to 2022-01-01T00:00:00+00:00, run_after=2022-01-01T00:00:00+00:00
[2025-02-03T11:59:03.754+0000] {logging_mixin.py:150} INFO - [2025-02-03T11:59:03.754+0000] {dag.py:3504} INFO - Setting next_dagrun for example_subdag_operator.section-1 to None, run_after=None
[2025-02-03T11:59:03.755+0000] {logging_mixin.py:150} INFO - [2025-02-03T11:59:03.755+0000] {dag.py:3504} INFO - Setting next_dagrun for example_subdag_operator.section-2 to None, run_after=None
[2025-02-03T11:59:03.759+0000] {logging_mixin.py:150} INFO - [2025-02-03T11:59:03.759+0000] {dag.py:2742} INFO - Sync 2 DAGs
[2025-02-03T11:59:03.762+0000] {logging_mixin.py:150} INFO - [2025-02-03T11:59:03.762+0000] {dag.py:3504} INFO - Setting next_dagrun for example_subdag_operator.section-1 to None, run_after=None
[2025-02-03T11:59:03.762+0000] {logging_mixin.py:150} INFO - [2025-02-03T11:59:03.762+0000] {dag.py:3504} INFO - Setting next_dagrun for example_subdag_operator.section-2 to None, run_after=None
[2025-02-03T11:59:03.771+0000] {processor.py:179} INFO - Processing /home/vscode/.local/lib/python3.10/site-packages/airflow/example_dags/example_subdag_operator.py took 0.062 seconds
[2025-02-03T11:59:48.207+0000] {processor.py:157} INFO - Started process (PID=41219) to work on /home/vscode/.local/lib/python3.10/site-packages/airflow/example_dags/example_subdag_operator.py
[2025-02-03T11:59:48.207+0000] {processor.py:826} INFO - Processing file /home/vscode/.local/lib/python3.10/site-packages/airflow/example_dags/example_subdag_operator.py for tasks to queue
[2025-02-03T11:59:48.208+0000] {logging_mixin.py:150} INFO - [2025-02-03T11:59:48.208+0000] {dagbag.py:541} INFO - Filling up the DagBag from /home/vscode/.local/lib/python3.10/site-packages/airflow/example_dags/example_subdag_operator.py
[2025-02-03T11:59:48.223+0000] {processor.py:836} INFO - DAG(s) dict_keys(['example_subdag_operator.section-1', 'example_subdag_operator.section-2', 'example_subdag_operator']) retrieved from /home/vscode/.local/lib/python3.10/site-packages/airflow/example_dags/example_subdag_operator.py
[2025-02-03T11:59:48.234+0000] {logging_mixin.py:150} INFO - [2025-02-03T11:59:48.234+0000] {dag.py:2742} INFO - Sync 3 DAGs
[2025-02-03T11:59:48.249+0000] {logging_mixin.py:150} INFO - [2025-02-03T11:59:48.249+0000] {dag.py:3504} INFO - Setting next_dagrun for example_subdag_operator to 2022-01-01T00:00:00+00:00, run_after=2022-01-01T00:00:00+00:00
[2025-02-03T11:59:48.251+0000] {logging_mixin.py:150} INFO - [2025-02-03T11:59:48.251+0000] {dag.py:3504} INFO - Setting next_dagrun for example_subdag_operator.section-1 to None, run_after=None
[2025-02-03T11:59:48.252+0000] {logging_mixin.py:150} INFO - [2025-02-03T11:59:48.251+0000] {dag.py:3504} INFO - Setting next_dagrun for example_subdag_operator.section-2 to None, run_after=None
[2025-02-03T11:59:48.256+0000] {logging_mixin.py:150} INFO - [2025-02-03T11:59:48.256+0000] {dag.py:2742} INFO - Sync 2 DAGs
[2025-02-03T11:59:48.258+0000] {logging_mixin.py:150} INFO - [2025-02-03T11:59:48.258+0000] {dag.py:3504} INFO - Setting next_dagrun for example_subdag_operator.section-1 to None, run_after=None
[2025-02-03T11:59:48.259+0000] {logging_mixin.py:150} INFO - [2025-02-03T11:59:48.259+0000] {dag.py:3504} INFO - Setting next_dagrun for example_subdag_operator.section-2 to None, run_after=None
[2025-02-03T11:59:48.268+0000] {processor.py:179} INFO - Processing /home/vscode/.local/lib/python3.10/site-packages/airflow/example_dags/example_subdag_operator.py took 0.064 seconds
[2025-02-03T12:00:29.033+0000] {processor.py:157} INFO - Started process (PID=41496) to work on /home/vscode/.local/lib/python3.10/site-packages/airflow/example_dags/example_subdag_operator.py
[2025-02-03T12:00:29.034+0000] {processor.py:826} INFO - Processing file /home/vscode/.local/lib/python3.10/site-packages/airflow/example_dags/example_subdag_operator.py for tasks to queue
[2025-02-03T12:00:29.034+0000] {logging_mixin.py:150} INFO - [2025-02-03T12:00:29.034+0000] {dagbag.py:541} INFO - Filling up the DagBag from /home/vscode/.local/lib/python3.10/site-packages/airflow/example_dags/example_subdag_operator.py
[2025-02-03T12:00:29.049+0000] {processor.py:836} INFO - DAG(s) dict_keys(['example_subdag_operator.section-1', 'example_subdag_operator.section-2', 'example_subdag_operator']) retrieved from /home/vscode/.local/lib/python3.10/site-packages/airflow/example_dags/example_subdag_operator.py
[2025-02-03T12:00:29.060+0000] {logging_mixin.py:150} INFO - [2025-02-03T12:00:29.060+0000] {dag.py:2742} INFO - Sync 3 DAGs
[2025-02-03T12:00:29.074+0000] {logging_mixin.py:150} INFO - [2025-02-03T12:00:29.074+0000] {dag.py:3504} INFO - Setting next_dagrun for example_subdag_operator to 2022-01-01T00:00:00+00:00, run_after=2022-01-01T00:00:00+00:00
[2025-02-03T12:00:29.076+0000] {logging_mixin.py:150} INFO - [2025-02-03T12:00:29.076+0000] {dag.py:3504} INFO - Setting next_dagrun for example_subdag_operator.section-1 to None, run_after=None
[2025-02-03T12:00:29.077+0000] {logging_mixin.py:150} INFO - [2025-02-03T12:00:29.077+0000] {dag.py:3504} INFO - Setting next_dagrun for example_subdag_operator.section-2 to None, run_after=None
[2025-02-03T12:00:29.081+0000] {logging_mixin.py:150} INFO - [2025-02-03T12:00:29.081+0000] {dag.py:2742} INFO - Sync 2 DAGs
[2025-02-03T12:00:29.084+0000] {logging_mixin.py:150} INFO - [2025-02-03T12:00:29.084+0000] {dag.py:3504} INFO - Setting next_dagrun for example_subdag_operator.section-1 to None, run_after=None
[2025-02-03T12:00:29.084+0000] {logging_mixin.py:150} INFO - [2025-02-03T12:00:29.084+0000] {dag.py:3504} INFO - Setting next_dagrun for example_subdag_operator.section-2 to None, run_after=None
[2025-02-03T12:00:29.093+0000] {processor.py:179} INFO - Processing /home/vscode/.local/lib/python3.10/site-packages/airflow/example_dags/example_subdag_operator.py took 0.062 seconds
[2025-02-03T12:01:14.333+0000] {processor.py:157} INFO - Started process (PID=41799) to work on /home/vscode/.local/lib/python3.10/site-packages/airflow/example_dags/example_subdag_operator.py
[2025-02-03T12:01:14.334+0000] {processor.py:826} INFO - Processing file /home/vscode/.local/lib/python3.10/site-packages/airflow/example_dags/example_subdag_operator.py for tasks to queue
[2025-02-03T12:01:14.334+0000] {logging_mixin.py:150} INFO - [2025-02-03T12:01:14.334+0000] {dagbag.py:541} INFO - Filling up the DagBag from /home/vscode/.local/lib/python3.10/site-packages/airflow/example_dags/example_subdag_operator.py
[2025-02-03T12:01:14.349+0000] {processor.py:836} INFO - DAG(s) dict_keys(['example_subdag_operator.section-1', 'example_subdag_operator.section-2', 'example_subdag_operator']) retrieved from /home/vscode/.local/lib/python3.10/site-packages/airflow/example_dags/example_subdag_operator.py
[2025-02-03T12:01:14.360+0000] {logging_mixin.py:150} INFO - [2025-02-03T12:01:14.360+0000] {dag.py:2742} INFO - Sync 3 DAGs
[2025-02-03T12:01:14.373+0000] {logging_mixin.py:150} INFO - [2025-02-03T12:01:14.373+0000] {dag.py:3504} INFO - Setting next_dagrun for example_subdag_operator to 2022-01-01T00:00:00+00:00, run_after=2022-01-01T00:00:00+00:00
[2025-02-03T12:01:14.375+0000] {logging_mixin.py:150} INFO - [2025-02-03T12:01:14.375+0000] {dag.py:3504} INFO - Setting next_dagrun for example_subdag_operator.section-1 to None, run_after=None
[2025-02-03T12:01:14.376+0000] {logging_mixin.py:150} INFO - [2025-02-03T12:01:14.376+0000] {dag.py:3504} INFO - Setting next_dagrun for example_subdag_operator.section-2 to None, run_after=None
[2025-02-03T12:01:14.380+0000] {logging_mixin.py:150} INFO - [2025-02-03T12:01:14.380+0000] {dag.py:2742} INFO - Sync 2 DAGs
[2025-02-03T12:01:14.383+0000] {logging_mixin.py:150} INFO - [2025-02-03T12:01:14.383+0000] {dag.py:3504} INFO - Setting next_dagrun for example_subdag_operator.section-1 to None, run_after=None
[2025-02-03T12:01:14.383+0000] {logging_mixin.py:150} INFO - [2025-02-03T12:01:14.383+0000] {dag.py:3504} INFO - Setting next_dagrun for example_subdag_operator.section-2 to None, run_after=None
[2025-02-03T12:01:14.393+0000] {processor.py:179} INFO - Processing /home/vscode/.local/lib/python3.10/site-packages/airflow/example_dags/example_subdag_operator.py took 0.062 seconds
[2025-02-03T12:01:57.703+0000] {processor.py:157} INFO - Started process (PID=42086) to work on /home/vscode/.local/lib/python3.10/site-packages/airflow/example_dags/example_subdag_operator.py
[2025-02-03T12:01:57.704+0000] {processor.py:826} INFO - Processing file /home/vscode/.local/lib/python3.10/site-packages/airflow/example_dags/example_subdag_operator.py for tasks to queue
[2025-02-03T12:01:57.704+0000] {logging_mixin.py:150} INFO - [2025-02-03T12:01:57.704+0000] {dagbag.py:541} INFO - Filling up the DagBag from /home/vscode/.local/lib/python3.10/site-packages/airflow/example_dags/example_subdag_operator.py
[2025-02-03T12:01:57.718+0000] {processor.py:836} INFO - DAG(s) dict_keys(['example_subdag_operator.section-1', 'example_subdag_operator.section-2', 'example_subdag_operator']) retrieved from /home/vscode/.local/lib/python3.10/site-packages/airflow/example_dags/example_subdag_operator.py
[2025-02-03T12:01:57.729+0000] {logging_mixin.py:150} INFO - [2025-02-03T12:01:57.729+0000] {dag.py:2742} INFO - Sync 3 DAGs
[2025-02-03T12:01:57.742+0000] {logging_mixin.py:150} INFO - [2025-02-03T12:01:57.742+0000] {dag.py:3504} INFO - Setting next_dagrun for example_subdag_operator to 2022-01-01T00:00:00+00:00, run_after=2022-01-01T00:00:00+00:00
[2025-02-03T12:01:57.744+0000] {logging_mixin.py:150} INFO - [2025-02-03T12:01:57.744+0000] {dag.py:3504} INFO - Setting next_dagrun for example_subdag_operator.section-1 to None, run_after=None
[2025-02-03T12:01:57.745+0000] {logging_mixin.py:150} INFO - [2025-02-03T12:01:57.745+0000] {dag.py:3504} INFO - Setting next_dagrun for example_subdag_operator.section-2 to None, run_after=None
[2025-02-03T12:01:57.749+0000] {logging_mixin.py:150} INFO - [2025-02-03T12:01:57.749+0000] {dag.py:2742} INFO - Sync 2 DAGs
[2025-02-03T12:01:57.752+0000] {logging_mixin.py:150} INFO - [2025-02-03T12:01:57.752+0000] {dag.py:3504} INFO - Setting next_dagrun for example_subdag_operator.section-1 to None, run_after=None
[2025-02-03T12:01:57.752+0000] {logging_mixin.py:150} INFO - [2025-02-03T12:01:57.752+0000] {dag.py:3504} INFO - Setting next_dagrun for example_subdag_operator.section-2 to None, run_after=None
[2025-02-03T12:01:57.761+0000] {processor.py:179} INFO - Processing /home/vscode/.local/lib/python3.10/site-packages/airflow/example_dags/example_subdag_operator.py took 0.060 seconds
[2025-02-03T12:02:39.942+0000] {processor.py:157} INFO - Started process (PID=42372) to work on /home/vscode/.local/lib/python3.10/site-packages/airflow/example_dags/example_subdag_operator.py
[2025-02-03T12:02:39.942+0000] {processor.py:826} INFO - Processing file /home/vscode/.local/lib/python3.10/site-packages/airflow/example_dags/example_subdag_operator.py for tasks to queue
[2025-02-03T12:02:39.943+0000] {logging_mixin.py:150} INFO - [2025-02-03T12:02:39.943+0000] {dagbag.py:541} INFO - Filling up the DagBag from /home/vscode/.local/lib/python3.10/site-packages/airflow/example_dags/example_subdag_operator.py
[2025-02-03T12:02:39.957+0000] {processor.py:836} INFO - DAG(s) dict_keys(['example_subdag_operator.section-1', 'example_subdag_operator.section-2', 'example_subdag_operator']) retrieved from /home/vscode/.local/lib/python3.10/site-packages/airflow/example_dags/example_subdag_operator.py
[2025-02-03T12:02:39.967+0000] {logging_mixin.py:150} INFO - [2025-02-03T12:02:39.967+0000] {dag.py:2742} INFO - Sync 3 DAGs
[2025-02-03T12:02:39.982+0000] {logging_mixin.py:150} INFO - [2025-02-03T12:02:39.981+0000] {dag.py:3504} INFO - Setting next_dagrun for example_subdag_operator to 2022-01-01T00:00:00+00:00, run_after=2022-01-01T00:00:00+00:00
[2025-02-03T12:02:39.984+0000] {logging_mixin.py:150} INFO - [2025-02-03T12:02:39.983+0000] {dag.py:3504} INFO - Setting next_dagrun for example_subdag_operator.section-1 to None, run_after=None
[2025-02-03T12:02:39.984+0000] {logging_mixin.py:150} INFO - [2025-02-03T12:02:39.984+0000] {dag.py:3504} INFO - Setting next_dagrun for example_subdag_operator.section-2 to None, run_after=None
[2025-02-03T12:02:39.988+0000] {logging_mixin.py:150} INFO - [2025-02-03T12:02:39.988+0000] {dag.py:2742} INFO - Sync 2 DAGs
[2025-02-03T12:02:39.991+0000] {logging_mixin.py:150} INFO - [2025-02-03T12:02:39.991+0000] {dag.py:3504} INFO - Setting next_dagrun for example_subdag_operator.section-1 to None, run_after=None
[2025-02-03T12:02:39.991+0000] {logging_mixin.py:150} INFO - [2025-02-03T12:02:39.991+0000] {dag.py:3504} INFO - Setting next_dagrun for example_subdag_operator.section-2 to None, run_after=None
[2025-02-03T12:02:40.002+0000] {processor.py:179} INFO - Processing /home/vscode/.local/lib/python3.10/site-packages/airflow/example_dags/example_subdag_operator.py took 0.063 seconds
[2025-02-03T12:03:21.520+0000] {processor.py:157} INFO - Started process (PID=42659) to work on /home/vscode/.local/lib/python3.10/site-packages/airflow/example_dags/example_subdag_operator.py
[2025-02-03T12:03:21.521+0000] {processor.py:826} INFO - Processing file /home/vscode/.local/lib/python3.10/site-packages/airflow/example_dags/example_subdag_operator.py for tasks to queue
[2025-02-03T12:03:21.521+0000] {logging_mixin.py:150} INFO - [2025-02-03T12:03:21.521+0000] {dagbag.py:541} INFO - Filling up the DagBag from /home/vscode/.local/lib/python3.10/site-packages/airflow/example_dags/example_subdag_operator.py
[2025-02-03T12:03:21.535+0000] {processor.py:836} INFO - DAG(s) dict_keys(['example_subdag_operator.section-1', 'example_subdag_operator.section-2', 'example_subdag_operator']) retrieved from /home/vscode/.local/lib/python3.10/site-packages/airflow/example_dags/example_subdag_operator.py
[2025-02-03T12:03:21.546+0000] {logging_mixin.py:150} INFO - [2025-02-03T12:03:21.546+0000] {dag.py:2742} INFO - Sync 3 DAGs
[2025-02-03T12:03:21.559+0000] {logging_mixin.py:150} INFO - [2025-02-03T12:03:21.559+0000] {dag.py:3504} INFO - Setting next_dagrun for example_subdag_operator to 2022-01-01T00:00:00+00:00, run_after=2022-01-01T00:00:00+00:00
[2025-02-03T12:03:21.561+0000] {logging_mixin.py:150} INFO - [2025-02-03T12:03:21.561+0000] {dag.py:3504} INFO - Setting next_dagrun for example_subdag_operator.section-1 to None, run_after=None
[2025-02-03T12:03:21.562+0000] {logging_mixin.py:150} INFO - [2025-02-03T12:03:21.562+0000] {dag.py:3504} INFO - Setting next_dagrun for example_subdag_operator.section-2 to None, run_after=None
[2025-02-03T12:03:21.566+0000] {logging_mixin.py:150} INFO - [2025-02-03T12:03:21.566+0000] {dag.py:2742} INFO - Sync 2 DAGs
[2025-02-03T12:03:21.570+0000] {logging_mixin.py:150} INFO - [2025-02-03T12:03:21.570+0000] {dag.py:3504} INFO - Setting next_dagrun for example_subdag_operator.section-1 to None, run_after=None
[2025-02-03T12:03:21.570+0000] {logging_mixin.py:150} INFO - [2025-02-03T12:03:21.570+0000] {dag.py:3504} INFO - Setting next_dagrun for example_subdag_operator.section-2 to None, run_after=None
[2025-02-03T12:03:21.579+0000] {processor.py:179} INFO - Processing /home/vscode/.local/lib/python3.10/site-packages/airflow/example_dags/example_subdag_operator.py took 0.061 seconds
[2025-02-03T12:04:06.334+0000] {processor.py:157} INFO - Started process (PID=42954) to work on /home/vscode/.local/lib/python3.10/site-packages/airflow/example_dags/example_subdag_operator.py
[2025-02-03T12:04:06.335+0000] {processor.py:826} INFO - Processing file /home/vscode/.local/lib/python3.10/site-packages/airflow/example_dags/example_subdag_operator.py for tasks to queue
[2025-02-03T12:04:06.335+0000] {logging_mixin.py:150} INFO - [2025-02-03T12:04:06.335+0000] {dagbag.py:541} INFO - Filling up the DagBag from /home/vscode/.local/lib/python3.10/site-packages/airflow/example_dags/example_subdag_operator.py
[2025-02-03T12:04:06.350+0000] {processor.py:836} INFO - DAG(s) dict_keys(['example_subdag_operator.section-1', 'example_subdag_operator.section-2', 'example_subdag_operator']) retrieved from /home/vscode/.local/lib/python3.10/site-packages/airflow/example_dags/example_subdag_operator.py
[2025-02-03T12:04:06.362+0000] {logging_mixin.py:150} INFO - [2025-02-03T12:04:06.361+0000] {dag.py:2742} INFO - Sync 3 DAGs
[2025-02-03T12:04:06.375+0000] {logging_mixin.py:150} INFO - [2025-02-03T12:04:06.375+0000] {dag.py:3504} INFO - Setting next_dagrun for example_subdag_operator to 2022-01-01T00:00:00+00:00, run_after=2022-01-01T00:00:00+00:00
[2025-02-03T12:04:06.377+0000] {logging_mixin.py:150} INFO - [2025-02-03T12:04:06.377+0000] {dag.py:3504} INFO - Setting next_dagrun for example_subdag_operator.section-1 to None, run_after=None
[2025-02-03T12:04:06.378+0000] {logging_mixin.py:150} INFO - [2025-02-03T12:04:06.378+0000] {dag.py:3504} INFO - Setting next_dagrun for example_subdag_operator.section-2 to None, run_after=None
[2025-02-03T12:04:06.382+0000] {logging_mixin.py:150} INFO - [2025-02-03T12:04:06.382+0000] {dag.py:2742} INFO - Sync 2 DAGs
[2025-02-03T12:04:06.385+0000] {logging_mixin.py:150} INFO - [2025-02-03T12:04:06.384+0000] {dag.py:3504} INFO - Setting next_dagrun for example_subdag_operator.section-1 to None, run_after=None
[2025-02-03T12:04:06.385+0000] {logging_mixin.py:150} INFO - [2025-02-03T12:04:06.385+0000] {dag.py:3504} INFO - Setting next_dagrun for example_subdag_operator.section-2 to None, run_after=None
[2025-02-03T12:04:06.394+0000] {processor.py:179} INFO - Processing /home/vscode/.local/lib/python3.10/site-packages/airflow/example_dags/example_subdag_operator.py took 0.062 seconds
[2025-02-03T12:04:49.931+0000] {processor.py:157} INFO - Started process (PID=43249) to work on /home/vscode/.local/lib/python3.10/site-packages/airflow/example_dags/example_subdag_operator.py
[2025-02-03T12:04:49.932+0000] {processor.py:826} INFO - Processing file /home/vscode/.local/lib/python3.10/site-packages/airflow/example_dags/example_subdag_operator.py for tasks to queue
[2025-02-03T12:04:49.932+0000] {logging_mixin.py:150} INFO - [2025-02-03T12:04:49.932+0000] {dagbag.py:541} INFO - Filling up the DagBag from /home/vscode/.local/lib/python3.10/site-packages/airflow/example_dags/example_subdag_operator.py
[2025-02-03T12:04:49.946+0000] {processor.py:836} INFO - DAG(s) dict_keys(['example_subdag_operator.section-1', 'example_subdag_operator.section-2', 'example_subdag_operator']) retrieved from /home/vscode/.local/lib/python3.10/site-packages/airflow/example_dags/example_subdag_operator.py
[2025-02-03T12:04:49.957+0000] {logging_mixin.py:150} INFO - [2025-02-03T12:04:49.957+0000] {dag.py:2742} INFO - Sync 3 DAGs
[2025-02-03T12:04:49.971+0000] {logging_mixin.py:150} INFO - [2025-02-03T12:04:49.971+0000] {dag.py:3504} INFO - Setting next_dagrun for example_subdag_operator to 2022-01-01T00:00:00+00:00, run_after=2022-01-01T00:00:00+00:00
[2025-02-03T12:04:49.973+0000] {logging_mixin.py:150} INFO - [2025-02-03T12:04:49.973+0000] {dag.py:3504} INFO - Setting next_dagrun for example_subdag_operator.section-1 to None, run_after=None
[2025-02-03T12:04:49.973+0000] {logging_mixin.py:150} INFO - [2025-02-03T12:04:49.973+0000] {dag.py:3504} INFO - Setting next_dagrun for example_subdag_operator.section-2 to None, run_after=None
[2025-02-03T12:04:49.977+0000] {logging_mixin.py:150} INFO - [2025-02-03T12:04:49.977+0000] {dag.py:2742} INFO - Sync 2 DAGs
[2025-02-03T12:04:49.980+0000] {logging_mixin.py:150} INFO - [2025-02-03T12:04:49.980+0000] {dag.py:3504} INFO - Setting next_dagrun for example_subdag_operator.section-1 to None, run_after=None
[2025-02-03T12:04:49.980+0000] {logging_mixin.py:150} INFO - [2025-02-03T12:04:49.980+0000] {dag.py:3504} INFO - Setting next_dagrun for example_subdag_operator.section-2 to None, run_after=None
[2025-02-03T12:04:49.990+0000] {processor.py:179} INFO - Processing /home/vscode/.local/lib/python3.10/site-packages/airflow/example_dags/example_subdag_operator.py took 0.061 seconds
[2025-02-03T12:05:33.596+0000] {processor.py:157} INFO - Started process (PID=43543) to work on /home/vscode/.local/lib/python3.10/site-packages/airflow/example_dags/example_subdag_operator.py
[2025-02-03T12:05:33.596+0000] {processor.py:826} INFO - Processing file /home/vscode/.local/lib/python3.10/site-packages/airflow/example_dags/example_subdag_operator.py for tasks to queue
[2025-02-03T12:05:33.597+0000] {logging_mixin.py:150} INFO - [2025-02-03T12:05:33.596+0000] {dagbag.py:541} INFO - Filling up the DagBag from /home/vscode/.local/lib/python3.10/site-packages/airflow/example_dags/example_subdag_operator.py
[2025-02-03T12:05:33.611+0000] {processor.py:836} INFO - DAG(s) dict_keys(['example_subdag_operator.section-1', 'example_subdag_operator.section-2', 'example_subdag_operator']) retrieved from /home/vscode/.local/lib/python3.10/site-packages/airflow/example_dags/example_subdag_operator.py
[2025-02-03T12:05:33.622+0000] {logging_mixin.py:150} INFO - [2025-02-03T12:05:33.622+0000] {dag.py:2742} INFO - Sync 3 DAGs
[2025-02-03T12:05:33.635+0000] {logging_mixin.py:150} INFO - [2025-02-03T12:05:33.635+0000] {dag.py:3504} INFO - Setting next_dagrun for example_subdag_operator to 2022-01-01T00:00:00+00:00, run_after=2022-01-01T00:00:00+00:00
[2025-02-03T12:05:33.637+0000] {logging_mixin.py:150} INFO - [2025-02-03T12:05:33.637+0000] {dag.py:3504} INFO - Setting next_dagrun for example_subdag_operator.section-1 to None, run_after=None
[2025-02-03T12:05:33.638+0000] {logging_mixin.py:150} INFO - [2025-02-03T12:05:33.638+0000] {dag.py:3504} INFO - Setting next_dagrun for example_subdag_operator.section-2 to None, run_after=None
[2025-02-03T12:05:33.642+0000] {logging_mixin.py:150} INFO - [2025-02-03T12:05:33.642+0000] {dag.py:2742} INFO - Sync 2 DAGs
[2025-02-03T12:05:33.645+0000] {logging_mixin.py:150} INFO - [2025-02-03T12:05:33.645+0000] {dag.py:3504} INFO - Setting next_dagrun for example_subdag_operator.section-1 to None, run_after=None
[2025-02-03T12:05:33.645+0000] {logging_mixin.py:150} INFO - [2025-02-03T12:05:33.645+0000] {dag.py:3504} INFO - Setting next_dagrun for example_subdag_operator.section-2 to None, run_after=None
[2025-02-03T12:05:33.654+0000] {processor.py:179} INFO - Processing /home/vscode/.local/lib/python3.10/site-packages/airflow/example_dags/example_subdag_operator.py took 0.061 seconds
[2025-02-03T12:06:08.083+0000] {processor.py:157} INFO - Started process (PID=43771) to work on /home/vscode/.local/lib/python3.10/site-packages/airflow/example_dags/example_subdag_operator.py
[2025-02-03T12:06:08.084+0000] {processor.py:826} INFO - Processing file /home/vscode/.local/lib/python3.10/site-packages/airflow/example_dags/example_subdag_operator.py for tasks to queue
[2025-02-03T12:06:08.084+0000] {logging_mixin.py:150} INFO - [2025-02-03T12:06:08.084+0000] {dagbag.py:541} INFO - Filling up the DagBag from /home/vscode/.local/lib/python3.10/site-packages/airflow/example_dags/example_subdag_operator.py
[2025-02-03T12:06:08.098+0000] {processor.py:836} INFO - DAG(s) dict_keys(['example_subdag_operator.section-1', 'example_subdag_operator.section-2', 'example_subdag_operator']) retrieved from /home/vscode/.local/lib/python3.10/site-packages/airflow/example_dags/example_subdag_operator.py
[2025-02-03T12:06:08.109+0000] {logging_mixin.py:150} INFO - [2025-02-03T12:06:08.109+0000] {dag.py:2742} INFO - Sync 3 DAGs
[2025-02-03T12:06:08.123+0000] {logging_mixin.py:150} INFO - [2025-02-03T12:06:08.123+0000] {dag.py:3504} INFO - Setting next_dagrun for example_subdag_operator to 2022-01-01T00:00:00+00:00, run_after=2022-01-01T00:00:00+00:00
[2025-02-03T12:06:08.125+0000] {logging_mixin.py:150} INFO - [2025-02-03T12:06:08.125+0000] {dag.py:3504} INFO - Setting next_dagrun for example_subdag_operator.section-1 to None, run_after=None
[2025-02-03T12:06:08.125+0000] {logging_mixin.py:150} INFO - [2025-02-03T12:06:08.125+0000] {dag.py:3504} INFO - Setting next_dagrun for example_subdag_operator.section-2 to None, run_after=None
[2025-02-03T12:06:08.129+0000] {logging_mixin.py:150} INFO - [2025-02-03T12:06:08.129+0000] {dag.py:2742} INFO - Sync 2 DAGs
[2025-02-03T12:06:08.132+0000] {logging_mixin.py:150} INFO - [2025-02-03T12:06:08.132+0000] {dag.py:3504} INFO - Setting next_dagrun for example_subdag_operator.section-1 to None, run_after=None
[2025-02-03T12:06:08.132+0000] {logging_mixin.py:150} INFO - [2025-02-03T12:06:08.132+0000] {dag.py:3504} INFO - Setting next_dagrun for example_subdag_operator.section-2 to None, run_after=None
[2025-02-03T12:06:08.142+0000] {processor.py:179} INFO - Processing /home/vscode/.local/lib/python3.10/site-packages/airflow/example_dags/example_subdag_operator.py took 0.062 seconds
[2025-02-03T12:06:55.027+0000] {processor.py:157} INFO - Started process (PID=44089) to work on /home/vscode/.local/lib/python3.10/site-packages/airflow/example_dags/example_subdag_operator.py
[2025-02-03T12:06:55.028+0000] {processor.py:826} INFO - Processing file /home/vscode/.local/lib/python3.10/site-packages/airflow/example_dags/example_subdag_operator.py for tasks to queue
[2025-02-03T12:06:55.029+0000] {logging_mixin.py:150} INFO - [2025-02-03T12:06:55.028+0000] {dagbag.py:541} INFO - Filling up the DagBag from /home/vscode/.local/lib/python3.10/site-packages/airflow/example_dags/example_subdag_operator.py
[2025-02-03T12:06:55.043+0000] {processor.py:836} INFO - DAG(s) dict_keys(['example_subdag_operator.section-1', 'example_subdag_operator.section-2', 'example_subdag_operator']) retrieved from /home/vscode/.local/lib/python3.10/site-packages/airflow/example_dags/example_subdag_operator.py
[2025-02-03T12:06:55.055+0000] {logging_mixin.py:150} INFO - [2025-02-03T12:06:55.054+0000] {dag.py:2742} INFO - Sync 3 DAGs
[2025-02-03T12:06:55.069+0000] {logging_mixin.py:150} INFO - [2025-02-03T12:06:55.068+0000] {dag.py:3504} INFO - Setting next_dagrun for example_subdag_operator to 2022-01-01T00:00:00+00:00, run_after=2022-01-01T00:00:00+00:00
[2025-02-03T12:06:55.071+0000] {logging_mixin.py:150} INFO - [2025-02-03T12:06:55.070+0000] {dag.py:3504} INFO - Setting next_dagrun for example_subdag_operator.section-1 to None, run_after=None
[2025-02-03T12:06:55.071+0000] {logging_mixin.py:150} INFO - [2025-02-03T12:06:55.071+0000] {dag.py:3504} INFO - Setting next_dagrun for example_subdag_operator.section-2 to None, run_after=None
[2025-02-03T12:06:55.076+0000] {logging_mixin.py:150} INFO - [2025-02-03T12:06:55.075+0000] {dag.py:2742} INFO - Sync 2 DAGs
[2025-02-03T12:06:55.079+0000] {logging_mixin.py:150} INFO - [2025-02-03T12:06:55.078+0000] {dag.py:3504} INFO - Setting next_dagrun for example_subdag_operator.section-1 to None, run_after=None
[2025-02-03T12:06:55.079+0000] {logging_mixin.py:150} INFO - [2025-02-03T12:06:55.079+0000] {dag.py:3504} INFO - Setting next_dagrun for example_subdag_operator.section-2 to None, run_after=None
[2025-02-03T12:06:55.088+0000] {processor.py:179} INFO - Processing /home/vscode/.local/lib/python3.10/site-packages/airflow/example_dags/example_subdag_operator.py took 0.063 seconds
[2025-02-03T12:07:37.985+0000] {processor.py:157} INFO - Started process (PID=44935) to work on /home/vscode/.local/lib/python3.10/site-packages/airflow/example_dags/example_subdag_operator.py
[2025-02-03T12:07:37.986+0000] {processor.py:826} INFO - Processing file /home/vscode/.local/lib/python3.10/site-packages/airflow/example_dags/example_subdag_operator.py for tasks to queue
[2025-02-03T12:07:37.986+0000] {logging_mixin.py:150} INFO - [2025-02-03T12:07:37.986+0000] {dagbag.py:541} INFO - Filling up the DagBag from /home/vscode/.local/lib/python3.10/site-packages/airflow/example_dags/example_subdag_operator.py
[2025-02-03T12:07:38.000+0000] {processor.py:836} INFO - DAG(s) dict_keys(['example_subdag_operator.section-1', 'example_subdag_operator.section-2', 'example_subdag_operator']) retrieved from /home/vscode/.local/lib/python3.10/site-packages/airflow/example_dags/example_subdag_operator.py
[2025-02-03T12:07:38.011+0000] {logging_mixin.py:150} INFO - [2025-02-03T12:07:38.011+0000] {dag.py:2742} INFO - Sync 3 DAGs
[2025-02-03T12:07:38.025+0000] {logging_mixin.py:150} INFO - [2025-02-03T12:07:38.025+0000] {dag.py:3504} INFO - Setting next_dagrun for example_subdag_operator to 2022-01-01T00:00:00+00:00, run_after=2022-01-01T00:00:00+00:00
[2025-02-03T12:07:38.027+0000] {logging_mixin.py:150} INFO - [2025-02-03T12:07:38.027+0000] {dag.py:3504} INFO - Setting next_dagrun for example_subdag_operator.section-1 to None, run_after=None
[2025-02-03T12:07:38.028+0000] {logging_mixin.py:150} INFO - [2025-02-03T12:07:38.027+0000] {dag.py:3504} INFO - Setting next_dagrun for example_subdag_operator.section-2 to None, run_after=None
[2025-02-03T12:07:38.032+0000] {logging_mixin.py:150} INFO - [2025-02-03T12:07:38.032+0000] {dag.py:2742} INFO - Sync 2 DAGs
[2025-02-03T12:07:38.034+0000] {logging_mixin.py:150} INFO - [2025-02-03T12:07:38.034+0000] {dag.py:3504} INFO - Setting next_dagrun for example_subdag_operator.section-1 to None, run_after=None
[2025-02-03T12:07:38.035+0000] {logging_mixin.py:150} INFO - [2025-02-03T12:07:38.034+0000] {dag.py:3504} INFO - Setting next_dagrun for example_subdag_operator.section-2 to None, run_after=None
[2025-02-03T12:07:38.044+0000] {processor.py:179} INFO - Processing /home/vscode/.local/lib/python3.10/site-packages/airflow/example_dags/example_subdag_operator.py took 0.061 seconds
[2025-02-03T12:08:25.015+0000] {processor.py:157} INFO - Started process (PID=46367) to work on /home/vscode/.local/lib/python3.10/site-packages/airflow/example_dags/example_subdag_operator.py
[2025-02-03T12:08:25.016+0000] {processor.py:826} INFO - Processing file /home/vscode/.local/lib/python3.10/site-packages/airflow/example_dags/example_subdag_operator.py for tasks to queue
[2025-02-03T12:08:25.017+0000] {logging_mixin.py:150} INFO - [2025-02-03T12:08:25.016+0000] {dagbag.py:541} INFO - Filling up the DagBag from /home/vscode/.local/lib/python3.10/site-packages/airflow/example_dags/example_subdag_operator.py
[2025-02-03T12:08:25.031+0000] {processor.py:836} INFO - DAG(s) dict_keys(['example_subdag_operator.section-1', 'example_subdag_operator.section-2', 'example_subdag_operator']) retrieved from /home/vscode/.local/lib/python3.10/site-packages/airflow/example_dags/example_subdag_operator.py
[2025-02-03T12:08:25.042+0000] {logging_mixin.py:150} INFO - [2025-02-03T12:08:25.042+0000] {dag.py:2742} INFO - Sync 3 DAGs
[2025-02-03T12:08:25.056+0000] {logging_mixin.py:150} INFO - [2025-02-03T12:08:25.056+0000] {dag.py:3504} INFO - Setting next_dagrun for example_subdag_operator to 2022-01-01T00:00:00+00:00, run_after=2022-01-01T00:00:00+00:00
[2025-02-03T12:08:25.058+0000] {logging_mixin.py:150} INFO - [2025-02-03T12:08:25.058+0000] {dag.py:3504} INFO - Setting next_dagrun for example_subdag_operator.section-1 to None, run_after=None
[2025-02-03T12:08:25.059+0000] {logging_mixin.py:150} INFO - [2025-02-03T12:08:25.059+0000] {dag.py:3504} INFO - Setting next_dagrun for example_subdag_operator.section-2 to None, run_after=None
[2025-02-03T12:08:25.063+0000] {logging_mixin.py:150} INFO - [2025-02-03T12:08:25.063+0000] {dag.py:2742} INFO - Sync 2 DAGs
[2025-02-03T12:08:25.066+0000] {logging_mixin.py:150} INFO - [2025-02-03T12:08:25.066+0000] {dag.py:3504} INFO - Setting next_dagrun for example_subdag_operator.section-1 to None, run_after=None
[2025-02-03T12:08:25.066+0000] {logging_mixin.py:150} INFO - [2025-02-03T12:08:25.066+0000] {dag.py:3504} INFO - Setting next_dagrun for example_subdag_operator.section-2 to None, run_after=None
[2025-02-03T12:08:25.075+0000] {processor.py:179} INFO - Processing /home/vscode/.local/lib/python3.10/site-packages/airflow/example_dags/example_subdag_operator.py took 0.062 seconds
[2025-02-03T12:09:08.903+0000] {processor.py:157} INFO - Started process (PID=46718) to work on /home/vscode/.local/lib/python3.10/site-packages/airflow/example_dags/example_subdag_operator.py
[2025-02-03T12:09:08.904+0000] {processor.py:826} INFO - Processing file /home/vscode/.local/lib/python3.10/site-packages/airflow/example_dags/example_subdag_operator.py for tasks to queue
[2025-02-03T12:09:08.905+0000] {logging_mixin.py:150} INFO - [2025-02-03T12:09:08.904+0000] {dagbag.py:541} INFO - Filling up the DagBag from /home/vscode/.local/lib/python3.10/site-packages/airflow/example_dags/example_subdag_operator.py
[2025-02-03T12:09:08.919+0000] {processor.py:836} INFO - DAG(s) dict_keys(['example_subdag_operator.section-1', 'example_subdag_operator.section-2', 'example_subdag_operator']) retrieved from /home/vscode/.local/lib/python3.10/site-packages/airflow/example_dags/example_subdag_operator.py
[2025-02-03T12:09:08.930+0000] {logging_mixin.py:150} INFO - [2025-02-03T12:09:08.930+0000] {dag.py:2742} INFO - Sync 3 DAGs
[2025-02-03T12:09:08.943+0000] {logging_mixin.py:150} INFO - [2025-02-03T12:09:08.943+0000] {dag.py:3504} INFO - Setting next_dagrun for example_subdag_operator to 2022-01-01T00:00:00+00:00, run_after=2022-01-01T00:00:00+00:00
[2025-02-03T12:09:08.945+0000] {logging_mixin.py:150} INFO - [2025-02-03T12:09:08.945+0000] {dag.py:3504} INFO - Setting next_dagrun for example_subdag_operator.section-1 to None, run_after=None
[2025-02-03T12:09:08.946+0000] {logging_mixin.py:150} INFO - [2025-02-03T12:09:08.946+0000] {dag.py:3504} INFO - Setting next_dagrun for example_subdag_operator.section-2 to None, run_after=None
[2025-02-03T12:09:08.950+0000] {logging_mixin.py:150} INFO - [2025-02-03T12:09:08.950+0000] {dag.py:2742} INFO - Sync 2 DAGs
[2025-02-03T12:09:08.953+0000] {logging_mixin.py:150} INFO - [2025-02-03T12:09:08.953+0000] {dag.py:3504} INFO - Setting next_dagrun for example_subdag_operator.section-1 to None, run_after=None
[2025-02-03T12:09:08.954+0000] {logging_mixin.py:150} INFO - [2025-02-03T12:09:08.953+0000] {dag.py:3504} INFO - Setting next_dagrun for example_subdag_operator.section-2 to None, run_after=None
[2025-02-03T12:09:08.963+0000] {processor.py:179} INFO - Processing /home/vscode/.local/lib/python3.10/site-packages/airflow/example_dags/example_subdag_operator.py took 0.062 seconds
[2025-02-03T12:09:48.976+0000] {processor.py:157} INFO - Started process (PID=47574) to work on /home/vscode/.local/lib/python3.10/site-packages/airflow/example_dags/example_subdag_operator.py
[2025-02-03T12:09:48.977+0000] {processor.py:826} INFO - Processing file /home/vscode/.local/lib/python3.10/site-packages/airflow/example_dags/example_subdag_operator.py for tasks to queue
[2025-02-03T12:09:48.978+0000] {logging_mixin.py:150} INFO - [2025-02-03T12:09:48.977+0000] {dagbag.py:541} INFO - Filling up the DagBag from /home/vscode/.local/lib/python3.10/site-packages/airflow/example_dags/example_subdag_operator.py
[2025-02-03T12:09:48.992+0000] {processor.py:836} INFO - DAG(s) dict_keys(['example_subdag_operator.section-1', 'example_subdag_operator.section-2', 'example_subdag_operator']) retrieved from /home/vscode/.local/lib/python3.10/site-packages/airflow/example_dags/example_subdag_operator.py
[2025-02-03T12:09:49.010+0000] {logging_mixin.py:150} INFO - [2025-02-03T12:09:49.009+0000] {dag.py:2742} INFO - Sync 3 DAGs
[2025-02-03T12:09:49.024+0000] {logging_mixin.py:150} INFO - [2025-02-03T12:09:49.024+0000] {dag.py:3504} INFO - Setting next_dagrun for example_subdag_operator to 2022-01-01T00:00:00+00:00, run_after=2022-01-01T00:00:00+00:00
[2025-02-03T12:09:49.026+0000] {logging_mixin.py:150} INFO - [2025-02-03T12:09:49.026+0000] {dag.py:3504} INFO - Setting next_dagrun for example_subdag_operator.section-1 to None, run_after=None
[2025-02-03T12:09:49.027+0000] {logging_mixin.py:150} INFO - [2025-02-03T12:09:49.027+0000] {dag.py:3504} INFO - Setting next_dagrun for example_subdag_operator.section-2 to None, run_after=None
[2025-02-03T12:09:49.031+0000] {logging_mixin.py:150} INFO - [2025-02-03T12:09:49.031+0000] {dag.py:2742} INFO - Sync 2 DAGs
[2025-02-03T12:09:49.034+0000] {logging_mixin.py:150} INFO - [2025-02-03T12:09:49.034+0000] {dag.py:3504} INFO - Setting next_dagrun for example_subdag_operator.section-1 to None, run_after=None
[2025-02-03T12:09:49.034+0000] {logging_mixin.py:150} INFO - [2025-02-03T12:09:49.034+0000] {dag.py:3504} INFO - Setting next_dagrun for example_subdag_operator.section-2 to None, run_after=None
[2025-02-03T12:09:49.044+0000] {processor.py:179} INFO - Processing /home/vscode/.local/lib/python3.10/site-packages/airflow/example_dags/example_subdag_operator.py took 0.070 seconds
