[2025-02-03T11:50:35.821+0000] {processor.py:157} INFO - Started process (PID=37520) to work on /home/vscode/.local/lib/python3.10/site-packages/airflow/example_dags/example_sensor_decorator.py
[2025-02-03T11:50:35.822+0000] {processor.py:826} INFO - Processing file /home/vscode/.local/lib/python3.10/site-packages/airflow/example_dags/example_sensor_decorator.py for tasks to queue
[2025-02-03T11:50:35.822+0000] {logging_mixin.py:150} INFO - [2025-02-03T11:50:35.822+0000] {dagbag.py:541} INFO - Filling up the DagBag from /home/vscode/.local/lib/python3.10/site-packages/airflow/example_dags/example_sensor_decorator.py
[2025-02-03T11:50:35.827+0000] {processor.py:836} INFO - DAG(s) dict_keys(['example_sensor_decorator']) retrieved from /home/vscode/.local/lib/python3.10/site-packages/airflow/example_dags/example_sensor_decorator.py
[2025-02-03T11:50:35.977+0000] {logging_mixin.py:150} INFO - [2025-02-03T11:50:35.977+0000] {manager.py:504} INFO - Created Permission View: can read on DAG:example_sensor_decorator
[2025-02-03T11:50:35.987+0000] {logging_mixin.py:150} INFO - [2025-02-03T11:50:35.987+0000] {manager.py:504} INFO - Created Permission View: can delete on DAG:example_sensor_decorator
[2025-02-03T11:50:35.993+0000] {logging_mixin.py:150} INFO - [2025-02-03T11:50:35.993+0000] {manager.py:504} INFO - Created Permission View: can edit on DAG:example_sensor_decorator
[2025-02-03T11:50:36.002+0000] {logging_mixin.py:150} INFO - [2025-02-03T11:50:36.001+0000] {dag.py:2742} INFO - Sync 1 DAGs
[2025-02-03T11:50:36.008+0000] {logging_mixin.py:150} INFO - [2025-02-03T11:50:36.008+0000] {dag.py:2763} INFO - Creating ORM DAG for example_sensor_decorator
[2025-02-03T11:50:36.013+0000] {logging_mixin.py:150} INFO - [2025-02-03T11:50:36.013+0000] {dag.py:3504} INFO - Setting next_dagrun for example_sensor_decorator to None, run_after=None
[2025-02-03T11:50:36.027+0000] {processor.py:179} INFO - Processing /home/vscode/.local/lib/python3.10/site-packages/airflow/example_dags/example_sensor_decorator.py took 0.208 seconds
[2025-02-03T11:51:23.974+0000] {processor.py:157} INFO - Started process (PID=37830) to work on /home/vscode/.local/lib/python3.10/site-packages/airflow/example_dags/example_sensor_decorator.py
[2025-02-03T11:51:23.975+0000] {processor.py:826} INFO - Processing file /home/vscode/.local/lib/python3.10/site-packages/airflow/example_dags/example_sensor_decorator.py for tasks to queue
[2025-02-03T11:51:23.976+0000] {logging_mixin.py:150} INFO - [2025-02-03T11:51:23.975+0000] {dagbag.py:541} INFO - Filling up the DagBag from /home/vscode/.local/lib/python3.10/site-packages/airflow/example_dags/example_sensor_decorator.py
[2025-02-03T11:51:23.980+0000] {processor.py:836} INFO - DAG(s) dict_keys(['example_sensor_decorator']) retrieved from /home/vscode/.local/lib/python3.10/site-packages/airflow/example_dags/example_sensor_decorator.py
[2025-02-03T11:51:23.995+0000] {logging_mixin.py:150} INFO - [2025-02-03T11:51:23.995+0000] {dag.py:2742} INFO - Sync 1 DAGs
[2025-02-03T11:51:24.009+0000] {logging_mixin.py:150} INFO - [2025-02-03T11:51:24.009+0000] {dag.py:3504} INFO - Setting next_dagrun for example_sensor_decorator to None, run_after=None
[2025-02-03T11:51:24.024+0000] {processor.py:179} INFO - Processing /home/vscode/.local/lib/python3.10/site-packages/airflow/example_dags/example_sensor_decorator.py took 0.051 seconds
[2025-02-03T11:52:10.344+0000] {processor.py:157} INFO - Started process (PID=38146) to work on /home/vscode/.local/lib/python3.10/site-packages/airflow/example_dags/example_sensor_decorator.py
[2025-02-03T11:52:10.344+0000] {processor.py:826} INFO - Processing file /home/vscode/.local/lib/python3.10/site-packages/airflow/example_dags/example_sensor_decorator.py for tasks to queue
[2025-02-03T11:52:10.345+0000] {logging_mixin.py:150} INFO - [2025-02-03T11:52:10.345+0000] {dagbag.py:541} INFO - Filling up the DagBag from /home/vscode/.local/lib/python3.10/site-packages/airflow/example_dags/example_sensor_decorator.py
[2025-02-03T11:52:10.349+0000] {processor.py:836} INFO - DAG(s) dict_keys(['example_sensor_decorator']) retrieved from /home/vscode/.local/lib/python3.10/site-packages/airflow/example_dags/example_sensor_decorator.py
[2025-02-03T11:52:10.360+0000] {logging_mixin.py:150} INFO - [2025-02-03T11:52:10.360+0000] {dag.py:2742} INFO - Sync 1 DAGs
[2025-02-03T11:52:10.374+0000] {logging_mixin.py:150} INFO - [2025-02-03T11:52:10.374+0000] {dag.py:3504} INFO - Setting next_dagrun for example_sensor_decorator to None, run_after=None
[2025-02-03T11:52:10.387+0000] {processor.py:179} INFO - Processing /home/vscode/.local/lib/python3.10/site-packages/airflow/example_dags/example_sensor_decorator.py took 0.046 seconds
[2025-02-03T11:52:53.138+0000] {processor.py:157} INFO - Started process (PID=38435) to work on /home/vscode/.local/lib/python3.10/site-packages/airflow/example_dags/example_sensor_decorator.py
[2025-02-03T11:52:53.139+0000] {processor.py:826} INFO - Processing file /home/vscode/.local/lib/python3.10/site-packages/airflow/example_dags/example_sensor_decorator.py for tasks to queue
[2025-02-03T11:52:53.139+0000] {logging_mixin.py:150} INFO - [2025-02-03T11:52:53.139+0000] {dagbag.py:541} INFO - Filling up the DagBag from /home/vscode/.local/lib/python3.10/site-packages/airflow/example_dags/example_sensor_decorator.py
[2025-02-03T11:52:53.144+0000] {processor.py:836} INFO - DAG(s) dict_keys(['example_sensor_decorator']) retrieved from /home/vscode/.local/lib/python3.10/site-packages/airflow/example_dags/example_sensor_decorator.py
[2025-02-03T11:52:53.154+0000] {logging_mixin.py:150} INFO - [2025-02-03T11:52:53.154+0000] {dag.py:2742} INFO - Sync 1 DAGs
[2025-02-03T11:52:53.168+0000] {logging_mixin.py:150} INFO - [2025-02-03T11:52:53.167+0000] {dag.py:3504} INFO - Setting next_dagrun for example_sensor_decorator to None, run_after=None
[2025-02-03T11:52:53.182+0000] {processor.py:179} INFO - Processing /home/vscode/.local/lib/python3.10/site-packages/airflow/example_dags/example_sensor_decorator.py took 0.046 seconds
[2025-02-03T11:53:39.630+0000] {processor.py:157} INFO - Started process (PID=38746) to work on /home/vscode/.local/lib/python3.10/site-packages/airflow/example_dags/example_sensor_decorator.py
[2025-02-03T11:53:39.631+0000] {processor.py:826} INFO - Processing file /home/vscode/.local/lib/python3.10/site-packages/airflow/example_dags/example_sensor_decorator.py for tasks to queue
[2025-02-03T11:53:39.631+0000] {logging_mixin.py:150} INFO - [2025-02-03T11:53:39.631+0000] {dagbag.py:541} INFO - Filling up the DagBag from /home/vscode/.local/lib/python3.10/site-packages/airflow/example_dags/example_sensor_decorator.py
[2025-02-03T11:53:39.636+0000] {processor.py:836} INFO - DAG(s) dict_keys(['example_sensor_decorator']) retrieved from /home/vscode/.local/lib/python3.10/site-packages/airflow/example_dags/example_sensor_decorator.py
[2025-02-03T11:53:39.647+0000] {logging_mixin.py:150} INFO - [2025-02-03T11:53:39.647+0000] {dag.py:2742} INFO - Sync 1 DAGs
[2025-02-03T11:53:39.661+0000] {logging_mixin.py:150} INFO - [2025-02-03T11:53:39.661+0000] {dag.py:3504} INFO - Setting next_dagrun for example_sensor_decorator to None, run_after=None
[2025-02-03T11:53:39.675+0000] {processor.py:179} INFO - Processing /home/vscode/.local/lib/python3.10/site-packages/airflow/example_dags/example_sensor_decorator.py took 0.047 seconds
[2025-02-03T11:54:21.879+0000] {processor.py:157} INFO - Started process (PID=39026) to work on /home/vscode/.local/lib/python3.10/site-packages/airflow/example_dags/example_sensor_decorator.py
[2025-02-03T11:54:21.880+0000] {processor.py:826} INFO - Processing file /home/vscode/.local/lib/python3.10/site-packages/airflow/example_dags/example_sensor_decorator.py for tasks to queue
[2025-02-03T11:54:21.880+0000] {logging_mixin.py:150} INFO - [2025-02-03T11:54:21.880+0000] {dagbag.py:541} INFO - Filling up the DagBag from /home/vscode/.local/lib/python3.10/site-packages/airflow/example_dags/example_sensor_decorator.py
[2025-02-03T11:54:21.885+0000] {processor.py:836} INFO - DAG(s) dict_keys(['example_sensor_decorator']) retrieved from /home/vscode/.local/lib/python3.10/site-packages/airflow/example_dags/example_sensor_decorator.py
[2025-02-03T11:54:21.896+0000] {logging_mixin.py:150} INFO - [2025-02-03T11:54:21.895+0000] {dag.py:2742} INFO - Sync 1 DAGs
[2025-02-03T11:54:21.909+0000] {logging_mixin.py:150} INFO - [2025-02-03T11:54:21.909+0000] {dag.py:3504} INFO - Setting next_dagrun for example_sensor_decorator to None, run_after=None
[2025-02-03T11:54:21.923+0000] {processor.py:179} INFO - Processing /home/vscode/.local/lib/python3.10/site-packages/airflow/example_dags/example_sensor_decorator.py took 0.046 seconds
[2025-02-03T11:55:04.955+0000] {processor.py:157} INFO - Started process (PID=39313) to work on /home/vscode/.local/lib/python3.10/site-packages/airflow/example_dags/example_sensor_decorator.py
[2025-02-03T11:55:04.956+0000] {processor.py:826} INFO - Processing file /home/vscode/.local/lib/python3.10/site-packages/airflow/example_dags/example_sensor_decorator.py for tasks to queue
[2025-02-03T11:55:04.956+0000] {logging_mixin.py:150} INFO - [2025-02-03T11:55:04.956+0000] {dagbag.py:541} INFO - Filling up the DagBag from /home/vscode/.local/lib/python3.10/site-packages/airflow/example_dags/example_sensor_decorator.py
[2025-02-03T11:55:04.961+0000] {processor.py:836} INFO - DAG(s) dict_keys(['example_sensor_decorator']) retrieved from /home/vscode/.local/lib/python3.10/site-packages/airflow/example_dags/example_sensor_decorator.py
[2025-02-03T11:55:04.972+0000] {logging_mixin.py:150} INFO - [2025-02-03T11:55:04.972+0000] {dag.py:2742} INFO - Sync 1 DAGs
[2025-02-03T11:55:04.986+0000] {logging_mixin.py:150} INFO - [2025-02-03T11:55:04.985+0000] {dag.py:3504} INFO - Setting next_dagrun for example_sensor_decorator to None, run_after=None
[2025-02-03T11:55:05.000+0000] {processor.py:179} INFO - Processing /home/vscode/.local/lib/python3.10/site-packages/airflow/example_dags/example_sensor_decorator.py took 0.046 seconds
[2025-02-03T11:55:47.757+0000] {processor.py:157} INFO - Started process (PID=39600) to work on /home/vscode/.local/lib/python3.10/site-packages/airflow/example_dags/example_sensor_decorator.py
[2025-02-03T11:55:47.758+0000] {processor.py:826} INFO - Processing file /home/vscode/.local/lib/python3.10/site-packages/airflow/example_dags/example_sensor_decorator.py for tasks to queue
[2025-02-03T11:55:47.759+0000] {logging_mixin.py:150} INFO - [2025-02-03T11:55:47.758+0000] {dagbag.py:541} INFO - Filling up the DagBag from /home/vscode/.local/lib/python3.10/site-packages/airflow/example_dags/example_sensor_decorator.py
[2025-02-03T11:55:47.763+0000] {processor.py:836} INFO - DAG(s) dict_keys(['example_sensor_decorator']) retrieved from /home/vscode/.local/lib/python3.10/site-packages/airflow/example_dags/example_sensor_decorator.py
[2025-02-03T11:55:47.777+0000] {logging_mixin.py:150} INFO - [2025-02-03T11:55:47.777+0000] {dag.py:2742} INFO - Sync 1 DAGs
[2025-02-03T11:55:47.795+0000] {logging_mixin.py:150} INFO - [2025-02-03T11:55:47.795+0000] {dag.py:3504} INFO - Setting next_dagrun for example_sensor_decorator to None, run_after=None
[2025-02-03T11:55:47.816+0000] {processor.py:179} INFO - Processing /home/vscode/.local/lib/python3.10/site-packages/airflow/example_dags/example_sensor_decorator.py took 0.061 seconds
[2025-02-03T11:56:29.040+0000] {processor.py:157} INFO - Started process (PID=39891) to work on /home/vscode/.local/lib/python3.10/site-packages/airflow/example_dags/example_sensor_decorator.py
[2025-02-03T11:56:29.041+0000] {processor.py:826} INFO - Processing file /home/vscode/.local/lib/python3.10/site-packages/airflow/example_dags/example_sensor_decorator.py for tasks to queue
[2025-02-03T11:56:29.041+0000] {logging_mixin.py:150} INFO - [2025-02-03T11:56:29.041+0000] {dagbag.py:541} INFO - Filling up the DagBag from /home/vscode/.local/lib/python3.10/site-packages/airflow/example_dags/example_sensor_decorator.py
[2025-02-03T11:56:29.045+0000] {processor.py:836} INFO - DAG(s) dict_keys(['example_sensor_decorator']) retrieved from /home/vscode/.local/lib/python3.10/site-packages/airflow/example_dags/example_sensor_decorator.py
[2025-02-03T11:56:29.056+0000] {logging_mixin.py:150} INFO - [2025-02-03T11:56:29.056+0000] {dag.py:2742} INFO - Sync 1 DAGs
[2025-02-03T11:56:29.069+0000] {logging_mixin.py:150} INFO - [2025-02-03T11:56:29.069+0000] {dag.py:3504} INFO - Setting next_dagrun for example_sensor_decorator to None, run_after=None
[2025-02-03T11:56:29.083+0000] {processor.py:179} INFO - Processing /home/vscode/.local/lib/python3.10/site-packages/airflow/example_dags/example_sensor_decorator.py took 0.045 seconds
[2025-02-03T11:57:11.858+0000] {processor.py:157} INFO - Started process (PID=40177) to work on /home/vscode/.local/lib/python3.10/site-packages/airflow/example_dags/example_sensor_decorator.py
[2025-02-03T11:57:11.859+0000] {processor.py:826} INFO - Processing file /home/vscode/.local/lib/python3.10/site-packages/airflow/example_dags/example_sensor_decorator.py for tasks to queue
[2025-02-03T11:57:11.860+0000] {logging_mixin.py:150} INFO - [2025-02-03T11:57:11.859+0000] {dagbag.py:541} INFO - Filling up the DagBag from /home/vscode/.local/lib/python3.10/site-packages/airflow/example_dags/example_sensor_decorator.py
[2025-02-03T11:57:11.864+0000] {processor.py:836} INFO - DAG(s) dict_keys(['example_sensor_decorator']) retrieved from /home/vscode/.local/lib/python3.10/site-packages/airflow/example_dags/example_sensor_decorator.py
[2025-02-03T11:57:11.875+0000] {logging_mixin.py:150} INFO - [2025-02-03T11:57:11.875+0000] {dag.py:2742} INFO - Sync 1 DAGs
[2025-02-03T11:57:11.889+0000] {logging_mixin.py:150} INFO - [2025-02-03T11:57:11.889+0000] {dag.py:3504} INFO - Setting next_dagrun for example_sensor_decorator to None, run_after=None
[2025-02-03T11:57:11.905+0000] {processor.py:179} INFO - Processing /home/vscode/.local/lib/python3.10/site-packages/airflow/example_dags/example_sensor_decorator.py took 0.049 seconds
[2025-02-03T11:57:57.081+0000] {processor.py:157} INFO - Started process (PID=40473) to work on /home/vscode/.local/lib/python3.10/site-packages/airflow/example_dags/example_sensor_decorator.py
[2025-02-03T11:57:57.081+0000] {processor.py:826} INFO - Processing file /home/vscode/.local/lib/python3.10/site-packages/airflow/example_dags/example_sensor_decorator.py for tasks to queue
[2025-02-03T11:57:57.082+0000] {logging_mixin.py:150} INFO - [2025-02-03T11:57:57.081+0000] {dagbag.py:541} INFO - Filling up the DagBag from /home/vscode/.local/lib/python3.10/site-packages/airflow/example_dags/example_sensor_decorator.py
[2025-02-03T11:57:57.086+0000] {processor.py:836} INFO - DAG(s) dict_keys(['example_sensor_decorator']) retrieved from /home/vscode/.local/lib/python3.10/site-packages/airflow/example_dags/example_sensor_decorator.py
[2025-02-03T11:57:57.097+0000] {logging_mixin.py:150} INFO - [2025-02-03T11:57:57.097+0000] {dag.py:2742} INFO - Sync 1 DAGs
[2025-02-03T11:57:57.110+0000] {logging_mixin.py:150} INFO - [2025-02-03T11:57:57.110+0000] {dag.py:3504} INFO - Setting next_dagrun for example_sensor_decorator to None, run_after=None
[2025-02-03T11:57:57.123+0000] {processor.py:179} INFO - Processing /home/vscode/.local/lib/python3.10/site-packages/airflow/example_dags/example_sensor_decorator.py took 0.045 seconds
[2025-02-03T11:58:43.716+0000] {processor.py:157} INFO - Started process (PID=40791) to work on /home/vscode/.local/lib/python3.10/site-packages/airflow/example_dags/example_sensor_decorator.py
[2025-02-03T11:58:43.716+0000] {processor.py:826} INFO - Processing file /home/vscode/.local/lib/python3.10/site-packages/airflow/example_dags/example_sensor_decorator.py for tasks to queue
[2025-02-03T11:58:43.717+0000] {logging_mixin.py:150} INFO - [2025-02-03T11:58:43.717+0000] {dagbag.py:541} INFO - Filling up the DagBag from /home/vscode/.local/lib/python3.10/site-packages/airflow/example_dags/example_sensor_decorator.py
[2025-02-03T11:58:43.721+0000] {processor.py:836} INFO - DAG(s) dict_keys(['example_sensor_decorator']) retrieved from /home/vscode/.local/lib/python3.10/site-packages/airflow/example_dags/example_sensor_decorator.py
[2025-02-03T11:58:43.733+0000] {logging_mixin.py:150} INFO - [2025-02-03T11:58:43.733+0000] {dag.py:2742} INFO - Sync 1 DAGs
[2025-02-03T11:58:43.747+0000] {logging_mixin.py:150} INFO - [2025-02-03T11:58:43.747+0000] {dag.py:3504} INFO - Setting next_dagrun for example_sensor_decorator to None, run_after=None
[2025-02-03T11:58:43.761+0000] {processor.py:179} INFO - Processing /home/vscode/.local/lib/python3.10/site-packages/airflow/example_dags/example_sensor_decorator.py took 0.047 seconds
[2025-02-03T11:59:25.405+0000] {processor.py:157} INFO - Started process (PID=41063) to work on /home/vscode/.local/lib/python3.10/site-packages/airflow/example_dags/example_sensor_decorator.py
[2025-02-03T11:59:25.406+0000] {processor.py:826} INFO - Processing file /home/vscode/.local/lib/python3.10/site-packages/airflow/example_dags/example_sensor_decorator.py for tasks to queue
[2025-02-03T11:59:25.406+0000] {logging_mixin.py:150} INFO - [2025-02-03T11:59:25.406+0000] {dagbag.py:541} INFO - Filling up the DagBag from /home/vscode/.local/lib/python3.10/site-packages/airflow/example_dags/example_sensor_decorator.py
[2025-02-03T11:59:25.410+0000] {processor.py:836} INFO - DAG(s) dict_keys(['example_sensor_decorator']) retrieved from /home/vscode/.local/lib/python3.10/site-packages/airflow/example_dags/example_sensor_decorator.py
[2025-02-03T11:59:25.421+0000] {logging_mixin.py:150} INFO - [2025-02-03T11:59:25.421+0000] {dag.py:2742} INFO - Sync 1 DAGs
[2025-02-03T11:59:25.435+0000] {logging_mixin.py:150} INFO - [2025-02-03T11:59:25.435+0000] {dag.py:3504} INFO - Setting next_dagrun for example_sensor_decorator to None, run_after=None
[2025-02-03T11:59:25.449+0000] {processor.py:179} INFO - Processing /home/vscode/.local/lib/python3.10/site-packages/airflow/example_dags/example_sensor_decorator.py took 0.046 seconds
[2025-02-03T12:00:08.764+0000] {processor.py:157} INFO - Started process (PID=41358) to work on /home/vscode/.local/lib/python3.10/site-packages/airflow/example_dags/example_sensor_decorator.py
[2025-02-03T12:00:08.764+0000] {processor.py:826} INFO - Processing file /home/vscode/.local/lib/python3.10/site-packages/airflow/example_dags/example_sensor_decorator.py for tasks to queue
[2025-02-03T12:00:08.765+0000] {logging_mixin.py:150} INFO - [2025-02-03T12:00:08.765+0000] {dagbag.py:541} INFO - Filling up the DagBag from /home/vscode/.local/lib/python3.10/site-packages/airflow/example_dags/example_sensor_decorator.py
[2025-02-03T12:00:08.769+0000] {processor.py:836} INFO - DAG(s) dict_keys(['example_sensor_decorator']) retrieved from /home/vscode/.local/lib/python3.10/site-packages/airflow/example_dags/example_sensor_decorator.py
[2025-02-03T12:00:08.781+0000] {logging_mixin.py:150} INFO - [2025-02-03T12:00:08.780+0000] {dag.py:2742} INFO - Sync 1 DAGs
[2025-02-03T12:00:08.794+0000] {logging_mixin.py:150} INFO - [2025-02-03T12:00:08.794+0000] {dag.py:3504} INFO - Setting next_dagrun for example_sensor_decorator to None, run_after=None
[2025-02-03T12:00:08.808+0000] {processor.py:179} INFO - Processing /home/vscode/.local/lib/python3.10/site-packages/airflow/example_dags/example_sensor_decorator.py took 0.047 seconds
[2025-02-03T12:00:50.437+0000] {processor.py:157} INFO - Started process (PID=41642) to work on /home/vscode/.local/lib/python3.10/site-packages/airflow/example_dags/example_sensor_decorator.py
[2025-02-03T12:00:50.437+0000] {processor.py:826} INFO - Processing file /home/vscode/.local/lib/python3.10/site-packages/airflow/example_dags/example_sensor_decorator.py for tasks to queue
[2025-02-03T12:00:50.438+0000] {logging_mixin.py:150} INFO - [2025-02-03T12:00:50.438+0000] {dagbag.py:541} INFO - Filling up the DagBag from /home/vscode/.local/lib/python3.10/site-packages/airflow/example_dags/example_sensor_decorator.py
[2025-02-03T12:00:50.442+0000] {processor.py:836} INFO - DAG(s) dict_keys(['example_sensor_decorator']) retrieved from /home/vscode/.local/lib/python3.10/site-packages/airflow/example_dags/example_sensor_decorator.py
[2025-02-03T12:00:50.453+0000] {logging_mixin.py:150} INFO - [2025-02-03T12:00:50.453+0000] {dag.py:2742} INFO - Sync 1 DAGs
[2025-02-03T12:00:50.467+0000] {logging_mixin.py:150} INFO - [2025-02-03T12:00:50.467+0000] {dag.py:3504} INFO - Setting next_dagrun for example_sensor_decorator to None, run_after=None
[2025-02-03T12:00:50.481+0000] {processor.py:179} INFO - Processing /home/vscode/.local/lib/python3.10/site-packages/airflow/example_dags/example_sensor_decorator.py took 0.047 seconds
[2025-02-03T12:01:34.882+0000] {processor.py:157} INFO - Started process (PID=41937) to work on /home/vscode/.local/lib/python3.10/site-packages/airflow/example_dags/example_sensor_decorator.py
[2025-02-03T12:01:34.883+0000] {processor.py:826} INFO - Processing file /home/vscode/.local/lib/python3.10/site-packages/airflow/example_dags/example_sensor_decorator.py for tasks to queue
[2025-02-03T12:01:34.883+0000] {logging_mixin.py:150} INFO - [2025-02-03T12:01:34.883+0000] {dagbag.py:541} INFO - Filling up the DagBag from /home/vscode/.local/lib/python3.10/site-packages/airflow/example_dags/example_sensor_decorator.py
[2025-02-03T12:01:34.888+0000] {processor.py:836} INFO - DAG(s) dict_keys(['example_sensor_decorator']) retrieved from /home/vscode/.local/lib/python3.10/site-packages/airflow/example_dags/example_sensor_decorator.py
[2025-02-03T12:01:34.899+0000] {logging_mixin.py:150} INFO - [2025-02-03T12:01:34.899+0000] {dag.py:2742} INFO - Sync 1 DAGs
[2025-02-03T12:01:34.913+0000] {logging_mixin.py:150} INFO - [2025-02-03T12:01:34.913+0000] {dag.py:3504} INFO - Setting next_dagrun for example_sensor_decorator to None, run_after=None
[2025-02-03T12:01:34.927+0000] {processor.py:179} INFO - Processing /home/vscode/.local/lib/python3.10/site-packages/airflow/example_dags/example_sensor_decorator.py took 0.047 seconds
[2025-02-03T12:02:19.285+0000] {processor.py:157} INFO - Started process (PID=42233) to work on /home/vscode/.local/lib/python3.10/site-packages/airflow/example_dags/example_sensor_decorator.py
[2025-02-03T12:02:19.286+0000] {processor.py:826} INFO - Processing file /home/vscode/.local/lib/python3.10/site-packages/airflow/example_dags/example_sensor_decorator.py for tasks to queue
[2025-02-03T12:02:19.286+0000] {logging_mixin.py:150} INFO - [2025-02-03T12:02:19.286+0000] {dagbag.py:541} INFO - Filling up the DagBag from /home/vscode/.local/lib/python3.10/site-packages/airflow/example_dags/example_sensor_decorator.py
[2025-02-03T12:02:19.290+0000] {processor.py:836} INFO - DAG(s) dict_keys(['example_sensor_decorator']) retrieved from /home/vscode/.local/lib/python3.10/site-packages/airflow/example_dags/example_sensor_decorator.py
[2025-02-03T12:02:19.301+0000] {logging_mixin.py:150} INFO - [2025-02-03T12:02:19.301+0000] {dag.py:2742} INFO - Sync 1 DAGs
[2025-02-03T12:02:19.315+0000] {logging_mixin.py:150} INFO - [2025-02-03T12:02:19.314+0000] {dag.py:3504} INFO - Setting next_dagrun for example_sensor_decorator to None, run_after=None
[2025-02-03T12:02:19.329+0000] {processor.py:179} INFO - Processing /home/vscode/.local/lib/python3.10/site-packages/airflow/example_dags/example_sensor_decorator.py took 0.046 seconds
[2025-02-03T12:03:00.822+0000] {processor.py:157} INFO - Started process (PID=42512) to work on /home/vscode/.local/lib/python3.10/site-packages/airflow/example_dags/example_sensor_decorator.py
[2025-02-03T12:03:00.823+0000] {processor.py:826} INFO - Processing file /home/vscode/.local/lib/python3.10/site-packages/airflow/example_dags/example_sensor_decorator.py for tasks to queue
[2025-02-03T12:03:00.824+0000] {logging_mixin.py:150} INFO - [2025-02-03T12:03:00.823+0000] {dagbag.py:541} INFO - Filling up the DagBag from /home/vscode/.local/lib/python3.10/site-packages/airflow/example_dags/example_sensor_decorator.py
[2025-02-03T12:03:00.828+0000] {processor.py:836} INFO - DAG(s) dict_keys(['example_sensor_decorator']) retrieved from /home/vscode/.local/lib/python3.10/site-packages/airflow/example_dags/example_sensor_decorator.py
[2025-02-03T12:03:00.839+0000] {logging_mixin.py:150} INFO - [2025-02-03T12:03:00.839+0000] {dag.py:2742} INFO - Sync 1 DAGs
[2025-02-03T12:03:00.853+0000] {logging_mixin.py:150} INFO - [2025-02-03T12:03:00.852+0000] {dag.py:3504} INFO - Setting next_dagrun for example_sensor_decorator to None, run_after=None
[2025-02-03T12:03:00.867+0000] {processor.py:179} INFO - Processing /home/vscode/.local/lib/python3.10/site-packages/airflow/example_dags/example_sensor_decorator.py took 0.047 seconds
[2025-02-03T12:03:43.217+0000] {processor.py:157} INFO - Started process (PID=42805) to work on /home/vscode/.local/lib/python3.10/site-packages/airflow/example_dags/example_sensor_decorator.py
[2025-02-03T12:03:43.217+0000] {processor.py:826} INFO - Processing file /home/vscode/.local/lib/python3.10/site-packages/airflow/example_dags/example_sensor_decorator.py for tasks to queue
[2025-02-03T12:03:43.218+0000] {logging_mixin.py:150} INFO - [2025-02-03T12:03:43.218+0000] {dagbag.py:541} INFO - Filling up the DagBag from /home/vscode/.local/lib/python3.10/site-packages/airflow/example_dags/example_sensor_decorator.py
[2025-02-03T12:03:43.222+0000] {processor.py:836} INFO - DAG(s) dict_keys(['example_sensor_decorator']) retrieved from /home/vscode/.local/lib/python3.10/site-packages/airflow/example_dags/example_sensor_decorator.py
[2025-02-03T12:03:43.233+0000] {logging_mixin.py:150} INFO - [2025-02-03T12:03:43.233+0000] {dag.py:2742} INFO - Sync 1 DAGs
[2025-02-03T12:03:43.247+0000] {logging_mixin.py:150} INFO - [2025-02-03T12:03:43.247+0000] {dag.py:3504} INFO - Setting next_dagrun for example_sensor_decorator to None, run_after=None
[2025-02-03T12:03:43.261+0000] {processor.py:179} INFO - Processing /home/vscode/.local/lib/python3.10/site-packages/airflow/example_dags/example_sensor_decorator.py took 0.046 seconds
[2025-02-03T12:04:28.238+0000] {processor.py:157} INFO - Started process (PID=43101) to work on /home/vscode/.local/lib/python3.10/site-packages/airflow/example_dags/example_sensor_decorator.py
[2025-02-03T12:04:28.238+0000] {processor.py:826} INFO - Processing file /home/vscode/.local/lib/python3.10/site-packages/airflow/example_dags/example_sensor_decorator.py for tasks to queue
[2025-02-03T12:04:28.239+0000] {logging_mixin.py:150} INFO - [2025-02-03T12:04:28.239+0000] {dagbag.py:541} INFO - Filling up the DagBag from /home/vscode/.local/lib/python3.10/site-packages/airflow/example_dags/example_sensor_decorator.py
[2025-02-03T12:04:28.243+0000] {processor.py:836} INFO - DAG(s) dict_keys(['example_sensor_decorator']) retrieved from /home/vscode/.local/lib/python3.10/site-packages/airflow/example_dags/example_sensor_decorator.py
[2025-02-03T12:04:28.254+0000] {logging_mixin.py:150} INFO - [2025-02-03T12:04:28.254+0000] {dag.py:2742} INFO - Sync 1 DAGs
[2025-02-03T12:04:28.268+0000] {logging_mixin.py:150} INFO - [2025-02-03T12:04:28.268+0000] {dag.py:3504} INFO - Setting next_dagrun for example_sensor_decorator to None, run_after=None
[2025-02-03T12:04:28.282+0000] {processor.py:179} INFO - Processing /home/vscode/.local/lib/python3.10/site-packages/airflow/example_dags/example_sensor_decorator.py took 0.047 seconds
[2025-02-03T12:05:11.740+0000] {processor.py:157} INFO - Started process (PID=43388) to work on /home/vscode/.local/lib/python3.10/site-packages/airflow/example_dags/example_sensor_decorator.py
[2025-02-03T12:05:11.741+0000] {processor.py:826} INFO - Processing file /home/vscode/.local/lib/python3.10/site-packages/airflow/example_dags/example_sensor_decorator.py for tasks to queue
[2025-02-03T12:05:11.742+0000] {logging_mixin.py:150} INFO - [2025-02-03T12:05:11.741+0000] {dagbag.py:541} INFO - Filling up the DagBag from /home/vscode/.local/lib/python3.10/site-packages/airflow/example_dags/example_sensor_decorator.py
[2025-02-03T12:05:11.746+0000] {processor.py:836} INFO - DAG(s) dict_keys(['example_sensor_decorator']) retrieved from /home/vscode/.local/lib/python3.10/site-packages/airflow/example_dags/example_sensor_decorator.py
[2025-02-03T12:05:11.758+0000] {logging_mixin.py:150} INFO - [2025-02-03T12:05:11.757+0000] {dag.py:2742} INFO - Sync 1 DAGs
[2025-02-03T12:05:11.771+0000] {logging_mixin.py:150} INFO - [2025-02-03T12:05:11.771+0000] {dag.py:3504} INFO - Setting next_dagrun for example_sensor_decorator to None, run_after=None
[2025-02-03T12:05:11.785+0000] {processor.py:179} INFO - Processing /home/vscode/.local/lib/python3.10/site-packages/airflow/example_dags/example_sensor_decorator.py took 0.047 seconds
[2025-02-03T12:05:58.940+0000] {processor.py:157} INFO - Started process (PID=43715) to work on /home/vscode/.local/lib/python3.10/site-packages/airflow/example_dags/example_sensor_decorator.py
[2025-02-03T12:05:58.941+0000] {processor.py:826} INFO - Processing file /home/vscode/.local/lib/python3.10/site-packages/airflow/example_dags/example_sensor_decorator.py for tasks to queue
[2025-02-03T12:05:58.941+0000] {logging_mixin.py:150} INFO - [2025-02-03T12:05:58.941+0000] {dagbag.py:541} INFO - Filling up the DagBag from /home/vscode/.local/lib/python3.10/site-packages/airflow/example_dags/example_sensor_decorator.py
[2025-02-03T12:05:58.946+0000] {processor.py:836} INFO - DAG(s) dict_keys(['example_sensor_decorator']) retrieved from /home/vscode/.local/lib/python3.10/site-packages/airflow/example_dags/example_sensor_decorator.py
[2025-02-03T12:05:58.957+0000] {logging_mixin.py:150} INFO - [2025-02-03T12:05:58.956+0000] {dag.py:2742} INFO - Sync 1 DAGs
[2025-02-03T12:05:58.970+0000] {logging_mixin.py:150} INFO - [2025-02-03T12:05:58.970+0000] {dag.py:3504} INFO - Setting next_dagrun for example_sensor_decorator to None, run_after=None
[2025-02-03T12:05:58.984+0000] {processor.py:179} INFO - Processing /home/vscode/.local/lib/python3.10/site-packages/airflow/example_dags/example_sensor_decorator.py took 0.047 seconds
[2025-02-03T12:06:43.762+0000] {processor.py:157} INFO - Started process (PID=44019) to work on /home/vscode/.local/lib/python3.10/site-packages/airflow/example_dags/example_sensor_decorator.py
[2025-02-03T12:06:43.763+0000] {processor.py:826} INFO - Processing file /home/vscode/.local/lib/python3.10/site-packages/airflow/example_dags/example_sensor_decorator.py for tasks to queue
[2025-02-03T12:06:43.763+0000] {logging_mixin.py:150} INFO - [2025-02-03T12:06:43.763+0000] {dagbag.py:541} INFO - Filling up the DagBag from /home/vscode/.local/lib/python3.10/site-packages/airflow/example_dags/example_sensor_decorator.py
[2025-02-03T12:06:43.769+0000] {processor.py:836} INFO - DAG(s) dict_keys(['example_sensor_decorator']) retrieved from /home/vscode/.local/lib/python3.10/site-packages/airflow/example_dags/example_sensor_decorator.py
[2025-02-03T12:06:43.783+0000] {logging_mixin.py:150} INFO - [2025-02-03T12:06:43.783+0000] {dag.py:2742} INFO - Sync 1 DAGs
[2025-02-03T12:06:43.799+0000] {logging_mixin.py:150} INFO - [2025-02-03T12:06:43.799+0000] {dag.py:3504} INFO - Setting next_dagrun for example_sensor_decorator to None, run_after=None
[2025-02-03T12:06:43.813+0000] {processor.py:179} INFO - Processing /home/vscode/.local/lib/python3.10/site-packages/airflow/example_dags/example_sensor_decorator.py took 0.054 seconds
[2025-02-03T12:07:30.205+0000] {processor.py:157} INFO - Started process (PID=44865) to work on /home/vscode/.local/lib/python3.10/site-packages/airflow/example_dags/example_sensor_decorator.py
[2025-02-03T12:07:30.205+0000] {processor.py:826} INFO - Processing file /home/vscode/.local/lib/python3.10/site-packages/airflow/example_dags/example_sensor_decorator.py for tasks to queue
[2025-02-03T12:07:30.206+0000] {logging_mixin.py:150} INFO - [2025-02-03T12:07:30.206+0000] {dagbag.py:541} INFO - Filling up the DagBag from /home/vscode/.local/lib/python3.10/site-packages/airflow/example_dags/example_sensor_decorator.py
[2025-02-03T12:07:30.211+0000] {processor.py:836} INFO - DAG(s) dict_keys(['example_sensor_decorator']) retrieved from /home/vscode/.local/lib/python3.10/site-packages/airflow/example_dags/example_sensor_decorator.py
[2025-02-03T12:07:30.222+0000] {logging_mixin.py:150} INFO - [2025-02-03T12:07:30.222+0000] {dag.py:2742} INFO - Sync 1 DAGs
[2025-02-03T12:07:30.242+0000] {logging_mixin.py:150} INFO - [2025-02-03T12:07:30.241+0000] {dag.py:3504} INFO - Setting next_dagrun for example_sensor_decorator to None, run_after=None
[2025-02-03T12:07:30.260+0000] {processor.py:179} INFO - Processing /home/vscode/.local/lib/python3.10/site-packages/airflow/example_dags/example_sensor_decorator.py took 0.058 seconds
[2025-02-03T12:08:12.555+0000] {processor.py:157} INFO - Started process (PID=46265) to work on /home/vscode/.local/lib/python3.10/site-packages/airflow/example_dags/example_sensor_decorator.py
[2025-02-03T12:08:12.555+0000] {processor.py:826} INFO - Processing file /home/vscode/.local/lib/python3.10/site-packages/airflow/example_dags/example_sensor_decorator.py for tasks to queue
[2025-02-03T12:08:12.556+0000] {logging_mixin.py:150} INFO - [2025-02-03T12:08:12.556+0000] {dagbag.py:541} INFO - Filling up the DagBag from /home/vscode/.local/lib/python3.10/site-packages/airflow/example_dags/example_sensor_decorator.py
[2025-02-03T12:08:12.560+0000] {processor.py:836} INFO - DAG(s) dict_keys(['example_sensor_decorator']) retrieved from /home/vscode/.local/lib/python3.10/site-packages/airflow/example_dags/example_sensor_decorator.py
[2025-02-03T12:08:12.571+0000] {logging_mixin.py:150} INFO - [2025-02-03T12:08:12.571+0000] {dag.py:2742} INFO - Sync 1 DAGs
[2025-02-03T12:08:12.585+0000] {logging_mixin.py:150} INFO - [2025-02-03T12:08:12.585+0000] {dag.py:3504} INFO - Setting next_dagrun for example_sensor_decorator to None, run_after=None
[2025-02-03T12:08:12.599+0000] {processor.py:179} INFO - Processing /home/vscode/.local/lib/python3.10/site-packages/airflow/example_dags/example_sensor_decorator.py took 0.047 seconds
[2025-02-03T12:08:59.766+0000] {processor.py:157} INFO - Started process (PID=46633) to work on /home/vscode/.local/lib/python3.10/site-packages/airflow/example_dags/example_sensor_decorator.py
[2025-02-03T12:08:59.767+0000] {processor.py:826} INFO - Processing file /home/vscode/.local/lib/python3.10/site-packages/airflow/example_dags/example_sensor_decorator.py for tasks to queue
[2025-02-03T12:08:59.767+0000] {logging_mixin.py:150} INFO - [2025-02-03T12:08:59.767+0000] {dagbag.py:541} INFO - Filling up the DagBag from /home/vscode/.local/lib/python3.10/site-packages/airflow/example_dags/example_sensor_decorator.py
[2025-02-03T12:08:59.772+0000] {processor.py:836} INFO - DAG(s) dict_keys(['example_sensor_decorator']) retrieved from /home/vscode/.local/lib/python3.10/site-packages/airflow/example_dags/example_sensor_decorator.py
[2025-02-03T12:08:59.786+0000] {logging_mixin.py:150} INFO - [2025-02-03T12:08:59.786+0000] {dag.py:2742} INFO - Sync 1 DAGs
[2025-02-03T12:08:59.800+0000] {logging_mixin.py:150} INFO - [2025-02-03T12:08:59.800+0000] {dag.py:3504} INFO - Setting next_dagrun for example_sensor_decorator to None, run_after=None
[2025-02-03T12:08:59.814+0000] {processor.py:179} INFO - Processing /home/vscode/.local/lib/python3.10/site-packages/airflow/example_dags/example_sensor_decorator.py took 0.050 seconds
[2025-02-03T12:09:40.958+0000] {processor.py:157} INFO - Started process (PID=47528) to work on /home/vscode/.local/lib/python3.10/site-packages/airflow/example_dags/example_sensor_decorator.py
[2025-02-03T12:09:40.959+0000] {processor.py:826} INFO - Processing file /home/vscode/.local/lib/python3.10/site-packages/airflow/example_dags/example_sensor_decorator.py for tasks to queue
[2025-02-03T12:09:40.960+0000] {logging_mixin.py:150} INFO - [2025-02-03T12:09:40.959+0000] {dagbag.py:541} INFO - Filling up the DagBag from /home/vscode/.local/lib/python3.10/site-packages/airflow/example_dags/example_sensor_decorator.py
[2025-02-03T12:09:40.964+0000] {processor.py:836} INFO - DAG(s) dict_keys(['example_sensor_decorator']) retrieved from /home/vscode/.local/lib/python3.10/site-packages/airflow/example_dags/example_sensor_decorator.py
[2025-02-03T12:09:40.976+0000] {logging_mixin.py:150} INFO - [2025-02-03T12:09:40.975+0000] {dag.py:2742} INFO - Sync 1 DAGs
[2025-02-03T12:09:40.989+0000] {logging_mixin.py:150} INFO - [2025-02-03T12:09:40.989+0000] {dag.py:3504} INFO - Setting next_dagrun for example_sensor_decorator to None, run_after=None
[2025-02-03T12:09:41.004+0000] {processor.py:179} INFO - Processing /home/vscode/.local/lib/python3.10/site-packages/airflow/example_dags/example_sensor_decorator.py took 0.048 seconds
