[2025-02-03T11:50:56.094+0000] {processor.py:157} INFO - Started process (PID=37648) to work on /home/vscode/.local/lib/python3.10/site-packages/airflow/example_dags/example_skip_dag.py
[2025-02-03T11:50:56.094+0000] {processor.py:826} INFO - Processing file /home/vscode/.local/lib/python3.10/site-packages/airflow/example_dags/example_skip_dag.py for tasks to queue
[2025-02-03T11:50:56.095+0000] {logging_mixin.py:150} INFO - [2025-02-03T11:50:56.095+0000] {dagbag.py:541} INFO - Filling up the DagBag from /home/vscode/.local/lib/python3.10/site-packages/airflow/example_dags/example_skip_dag.py
[2025-02-03T11:50:56.100+0000] {processor.py:836} INFO - DAG(s) dict_keys(['example_skip_dag']) retrieved from /home/vscode/.local/lib/python3.10/site-packages/airflow/example_dags/example_skip_dag.py
[2025-02-03T11:50:56.171+0000] {logging_mixin.py:150} INFO - [2025-02-03T11:50:56.170+0000] {manager.py:504} INFO - Created Permission View: can read on DAG:example_skip_dag
[2025-02-03T11:50:56.178+0000] {logging_mixin.py:150} INFO - [2025-02-03T11:50:56.178+0000] {manager.py:504} INFO - Created Permission View: can delete on DAG:example_skip_dag
[2025-02-03T11:50:56.183+0000] {logging_mixin.py:150} INFO - [2025-02-03T11:50:56.183+0000] {manager.py:504} INFO - Created Permission View: can edit on DAG:example_skip_dag
[2025-02-03T11:50:56.191+0000] {logging_mixin.py:150} INFO - [2025-02-03T11:50:56.191+0000] {dag.py:2742} INFO - Sync 1 DAGs
[2025-02-03T11:50:56.197+0000] {logging_mixin.py:150} INFO - [2025-02-03T11:50:56.197+0000] {dag.py:2763} INFO - Creating ORM DAG for example_skip_dag
[2025-02-03T11:50:56.204+0000] {logging_mixin.py:150} INFO - [2025-02-03T11:50:56.203+0000] {dag.py:3504} INFO - Setting next_dagrun for example_skip_dag to 2025-02-02T11:50:56.203772+00:00, run_after=2025-02-03T11:50:56.203772+00:00
[2025-02-03T11:50:56.219+0000] {processor.py:179} INFO - Processing /home/vscode/.local/lib/python3.10/site-packages/airflow/example_dags/example_skip_dag.py took 0.127 seconds
[2025-02-03T11:51:46.779+0000] {processor.py:157} INFO - Started process (PID=37990) to work on /home/vscode/.local/lib/python3.10/site-packages/airflow/example_dags/example_skip_dag.py
[2025-02-03T11:51:46.779+0000] {processor.py:826} INFO - Processing file /home/vscode/.local/lib/python3.10/site-packages/airflow/example_dags/example_skip_dag.py for tasks to queue
[2025-02-03T11:51:46.780+0000] {logging_mixin.py:150} INFO - [2025-02-03T11:51:46.779+0000] {dagbag.py:541} INFO - Filling up the DagBag from /home/vscode/.local/lib/python3.10/site-packages/airflow/example_dags/example_skip_dag.py
[2025-02-03T11:51:46.785+0000] {processor.py:836} INFO - DAG(s) dict_keys(['example_skip_dag']) retrieved from /home/vscode/.local/lib/python3.10/site-packages/airflow/example_dags/example_skip_dag.py
[2025-02-03T11:51:46.796+0000] {logging_mixin.py:150} INFO - [2025-02-03T11:51:46.796+0000] {dag.py:2742} INFO - Sync 1 DAGs
[2025-02-03T11:51:46.810+0000] {logging_mixin.py:150} INFO - [2025-02-03T11:51:46.810+0000] {dag.py:3504} INFO - Setting next_dagrun for example_skip_dag to 2025-02-02T11:51:46.810335+00:00, run_after=2025-02-03T11:51:46.810335+00:00
[2025-02-03T11:51:46.826+0000] {processor.py:179} INFO - Processing /home/vscode/.local/lib/python3.10/site-packages/airflow/example_dags/example_skip_dag.py took 0.049 seconds
[2025-02-03T11:52:29.280+0000] {processor.py:157} INFO - Started process (PID=38277) to work on /home/vscode/.local/lib/python3.10/site-packages/airflow/example_dags/example_skip_dag.py
[2025-02-03T11:52:29.281+0000] {processor.py:826} INFO - Processing file /home/vscode/.local/lib/python3.10/site-packages/airflow/example_dags/example_skip_dag.py for tasks to queue
[2025-02-03T11:52:29.281+0000] {logging_mixin.py:150} INFO - [2025-02-03T11:52:29.281+0000] {dagbag.py:541} INFO - Filling up the DagBag from /home/vscode/.local/lib/python3.10/site-packages/airflow/example_dags/example_skip_dag.py
[2025-02-03T11:52:29.287+0000] {processor.py:836} INFO - DAG(s) dict_keys(['example_skip_dag']) retrieved from /home/vscode/.local/lib/python3.10/site-packages/airflow/example_dags/example_skip_dag.py
[2025-02-03T11:52:29.299+0000] {logging_mixin.py:150} INFO - [2025-02-03T11:52:29.299+0000] {dag.py:2742} INFO - Sync 1 DAGs
[2025-02-03T11:52:29.313+0000] {logging_mixin.py:150} INFO - [2025-02-03T11:52:29.313+0000] {dag.py:3504} INFO - Setting next_dagrun for example_skip_dag to 2025-02-02T11:52:29.312972+00:00, run_after=2025-02-03T11:52:29.312972+00:00
[2025-02-03T11:52:29.327+0000] {processor.py:179} INFO - Processing /home/vscode/.local/lib/python3.10/site-packages/airflow/example_dags/example_skip_dag.py took 0.049 seconds
[2025-02-03T11:53:14.539+0000] {processor.py:157} INFO - Started process (PID=38574) to work on /home/vscode/.local/lib/python3.10/site-packages/airflow/example_dags/example_skip_dag.py
[2025-02-03T11:53:14.540+0000] {processor.py:826} INFO - Processing file /home/vscode/.local/lib/python3.10/site-packages/airflow/example_dags/example_skip_dag.py for tasks to queue
[2025-02-03T11:53:14.540+0000] {logging_mixin.py:150} INFO - [2025-02-03T11:53:14.540+0000] {dagbag.py:541} INFO - Filling up the DagBag from /home/vscode/.local/lib/python3.10/site-packages/airflow/example_dags/example_skip_dag.py
[2025-02-03T11:53:14.546+0000] {processor.py:836} INFO - DAG(s) dict_keys(['example_skip_dag']) retrieved from /home/vscode/.local/lib/python3.10/site-packages/airflow/example_dags/example_skip_dag.py
[2025-02-03T11:53:14.557+0000] {logging_mixin.py:150} INFO - [2025-02-03T11:53:14.557+0000] {dag.py:2742} INFO - Sync 1 DAGs
[2025-02-03T11:53:14.572+0000] {logging_mixin.py:150} INFO - [2025-02-03T11:53:14.571+0000] {dag.py:3504} INFO - Setting next_dagrun for example_skip_dag to 2025-02-02T11:53:14.571719+00:00, run_after=2025-02-03T11:53:14.571719+00:00
[2025-02-03T11:53:14.586+0000] {processor.py:179} INFO - Processing /home/vscode/.local/lib/python3.10/site-packages/airflow/example_dags/example_skip_dag.py took 0.049 seconds
[2025-02-03T11:53:57.811+0000] {processor.py:157} INFO - Started process (PID=38869) to work on /home/vscode/.local/lib/python3.10/site-packages/airflow/example_dags/example_skip_dag.py
[2025-02-03T11:53:57.812+0000] {processor.py:826} INFO - Processing file /home/vscode/.local/lib/python3.10/site-packages/airflow/example_dags/example_skip_dag.py for tasks to queue
[2025-02-03T11:53:57.812+0000] {logging_mixin.py:150} INFO - [2025-02-03T11:53:57.812+0000] {dagbag.py:541} INFO - Filling up the DagBag from /home/vscode/.local/lib/python3.10/site-packages/airflow/example_dags/example_skip_dag.py
[2025-02-03T11:53:57.817+0000] {processor.py:836} INFO - DAG(s) dict_keys(['example_skip_dag']) retrieved from /home/vscode/.local/lib/python3.10/site-packages/airflow/example_dags/example_skip_dag.py
[2025-02-03T11:53:57.829+0000] {logging_mixin.py:150} INFO - [2025-02-03T11:53:57.828+0000] {dag.py:2742} INFO - Sync 1 DAGs
[2025-02-03T11:53:57.842+0000] {logging_mixin.py:150} INFO - [2025-02-03T11:53:57.842+0000] {dag.py:3504} INFO - Setting next_dagrun for example_skip_dag to 2025-02-02T11:53:57.842265+00:00, run_after=2025-02-03T11:53:57.842265+00:00
[2025-02-03T11:53:57.857+0000] {processor.py:179} INFO - Processing /home/vscode/.local/lib/python3.10/site-packages/airflow/example_dags/example_skip_dag.py took 0.048 seconds
[2025-02-03T11:54:42.529+0000] {processor.py:157} INFO - Started process (PID=39164) to work on /home/vscode/.local/lib/python3.10/site-packages/airflow/example_dags/example_skip_dag.py
[2025-02-03T11:54:42.529+0000] {processor.py:826} INFO - Processing file /home/vscode/.local/lib/python3.10/site-packages/airflow/example_dags/example_skip_dag.py for tasks to queue
[2025-02-03T11:54:42.530+0000] {logging_mixin.py:150} INFO - [2025-02-03T11:54:42.530+0000] {dagbag.py:541} INFO - Filling up the DagBag from /home/vscode/.local/lib/python3.10/site-packages/airflow/example_dags/example_skip_dag.py
[2025-02-03T11:54:42.535+0000] {processor.py:836} INFO - DAG(s) dict_keys(['example_skip_dag']) retrieved from /home/vscode/.local/lib/python3.10/site-packages/airflow/example_dags/example_skip_dag.py
[2025-02-03T11:54:42.546+0000] {logging_mixin.py:150} INFO - [2025-02-03T11:54:42.546+0000] {dag.py:2742} INFO - Sync 1 DAGs
[2025-02-03T11:54:42.560+0000] {logging_mixin.py:150} INFO - [2025-02-03T11:54:42.560+0000] {dag.py:3504} INFO - Setting next_dagrun for example_skip_dag to 2025-02-02T11:54:42.560255+00:00, run_after=2025-02-03T11:54:42.560255+00:00
[2025-02-03T11:54:42.574+0000] {processor.py:179} INFO - Processing /home/vscode/.local/lib/python3.10/site-packages/airflow/example_dags/example_skip_dag.py took 0.048 seconds
[2025-02-03T11:55:24.235+0000] {processor.py:157} INFO - Started process (PID=39450) to work on /home/vscode/.local/lib/python3.10/site-packages/airflow/example_dags/example_skip_dag.py
[2025-02-03T11:55:24.235+0000] {processor.py:826} INFO - Processing file /home/vscode/.local/lib/python3.10/site-packages/airflow/example_dags/example_skip_dag.py for tasks to queue
[2025-02-03T11:55:24.236+0000] {logging_mixin.py:150} INFO - [2025-02-03T11:55:24.236+0000] {dagbag.py:541} INFO - Filling up the DagBag from /home/vscode/.local/lib/python3.10/site-packages/airflow/example_dags/example_skip_dag.py
[2025-02-03T11:55:24.241+0000] {processor.py:836} INFO - DAG(s) dict_keys(['example_skip_dag']) retrieved from /home/vscode/.local/lib/python3.10/site-packages/airflow/example_dags/example_skip_dag.py
[2025-02-03T11:55:24.252+0000] {logging_mixin.py:150} INFO - [2025-02-03T11:55:24.252+0000] {dag.py:2742} INFO - Sync 1 DAGs
[2025-02-03T11:55:24.265+0000] {logging_mixin.py:150} INFO - [2025-02-03T11:55:24.265+0000] {dag.py:3504} INFO - Setting next_dagrun for example_skip_dag to 2025-02-02T11:55:24.265319+00:00, run_after=2025-02-03T11:55:24.265319+00:00
[2025-02-03T11:55:24.279+0000] {processor.py:179} INFO - Processing /home/vscode/.local/lib/python3.10/site-packages/airflow/example_dags/example_skip_dag.py took 0.046 seconds
[2025-02-03T11:56:08.030+0000] {processor.py:157} INFO - Started process (PID=39743) to work on /home/vscode/.local/lib/python3.10/site-packages/airflow/example_dags/example_skip_dag.py
[2025-02-03T11:56:08.030+0000] {processor.py:826} INFO - Processing file /home/vscode/.local/lib/python3.10/site-packages/airflow/example_dags/example_skip_dag.py for tasks to queue
[2025-02-03T11:56:08.031+0000] {logging_mixin.py:150} INFO - [2025-02-03T11:56:08.031+0000] {dagbag.py:541} INFO - Filling up the DagBag from /home/vscode/.local/lib/python3.10/site-packages/airflow/example_dags/example_skip_dag.py
[2025-02-03T11:56:08.038+0000] {processor.py:836} INFO - DAG(s) dict_keys(['example_skip_dag']) retrieved from /home/vscode/.local/lib/python3.10/site-packages/airflow/example_dags/example_skip_dag.py
[2025-02-03T11:56:08.056+0000] {logging_mixin.py:150} INFO - [2025-02-03T11:56:08.056+0000] {dag.py:2742} INFO - Sync 1 DAGs
[2025-02-03T11:56:08.077+0000] {logging_mixin.py:150} INFO - [2025-02-03T11:56:08.077+0000] {dag.py:3504} INFO - Setting next_dagrun for example_skip_dag to 2025-02-02T11:56:08.077403+00:00, run_after=2025-02-03T11:56:08.077403+00:00
[2025-02-03T11:56:08.093+0000] {processor.py:179} INFO - Processing /home/vscode/.local/lib/python3.10/site-packages/airflow/example_dags/example_skip_dag.py took 0.066 seconds
[2025-02-03T11:56:58.838+0000] {processor.py:157} INFO - Started process (PID=40084) to work on /home/vscode/.local/lib/python3.10/site-packages/airflow/example_dags/example_skip_dag.py
[2025-02-03T11:56:58.839+0000] {processor.py:826} INFO - Processing file /home/vscode/.local/lib/python3.10/site-packages/airflow/example_dags/example_skip_dag.py for tasks to queue
[2025-02-03T11:56:58.839+0000] {logging_mixin.py:150} INFO - [2025-02-03T11:56:58.839+0000] {dagbag.py:541} INFO - Filling up the DagBag from /home/vscode/.local/lib/python3.10/site-packages/airflow/example_dags/example_skip_dag.py
[2025-02-03T11:56:58.845+0000] {processor.py:836} INFO - DAG(s) dict_keys(['example_skip_dag']) retrieved from /home/vscode/.local/lib/python3.10/site-packages/airflow/example_dags/example_skip_dag.py
[2025-02-03T11:56:58.856+0000] {logging_mixin.py:150} INFO - [2025-02-03T11:56:58.856+0000] {dag.py:2742} INFO - Sync 1 DAGs
[2025-02-03T11:56:58.870+0000] {logging_mixin.py:150} INFO - [2025-02-03T11:56:58.870+0000] {dag.py:3504} INFO - Setting next_dagrun for example_skip_dag to 2025-02-02T11:56:58.870204+00:00, run_after=2025-02-03T11:56:58.870204+00:00
[2025-02-03T11:56:58.884+0000] {processor.py:179} INFO - Processing /home/vscode/.local/lib/python3.10/site-packages/airflow/example_dags/example_skip_dag.py took 0.048 seconds
[2025-02-03T11:57:42.684+0000] {processor.py:157} INFO - Started process (PID=40378) to work on /home/vscode/.local/lib/python3.10/site-packages/airflow/example_dags/example_skip_dag.py
[2025-02-03T11:57:42.685+0000] {processor.py:826} INFO - Processing file /home/vscode/.local/lib/python3.10/site-packages/airflow/example_dags/example_skip_dag.py for tasks to queue
[2025-02-03T11:57:42.685+0000] {logging_mixin.py:150} INFO - [2025-02-03T11:57:42.685+0000] {dagbag.py:541} INFO - Filling up the DagBag from /home/vscode/.local/lib/python3.10/site-packages/airflow/example_dags/example_skip_dag.py
[2025-02-03T11:57:42.690+0000] {processor.py:836} INFO - DAG(s) dict_keys(['example_skip_dag']) retrieved from /home/vscode/.local/lib/python3.10/site-packages/airflow/example_dags/example_skip_dag.py
[2025-02-03T11:57:42.702+0000] {logging_mixin.py:150} INFO - [2025-02-03T11:57:42.702+0000] {dag.py:2742} INFO - Sync 1 DAGs
[2025-02-03T11:57:42.716+0000] {logging_mixin.py:150} INFO - [2025-02-03T11:57:42.715+0000] {dag.py:3504} INFO - Setting next_dagrun for example_skip_dag to 2025-02-02T11:57:42.715682+00:00, run_after=2025-02-03T11:57:42.715682+00:00
[2025-02-03T11:57:42.730+0000] {processor.py:179} INFO - Processing /home/vscode/.local/lib/python3.10/site-packages/airflow/example_dags/example_skip_dag.py took 0.048 seconds
[2025-02-03T11:58:31.177+0000] {processor.py:157} INFO - Started process (PID=40704) to work on /home/vscode/.local/lib/python3.10/site-packages/airflow/example_dags/example_skip_dag.py
[2025-02-03T11:58:31.178+0000] {processor.py:826} INFO - Processing file /home/vscode/.local/lib/python3.10/site-packages/airflow/example_dags/example_skip_dag.py for tasks to queue
[2025-02-03T11:58:31.179+0000] {logging_mixin.py:150} INFO - [2025-02-03T11:58:31.178+0000] {dagbag.py:541} INFO - Filling up the DagBag from /home/vscode/.local/lib/python3.10/site-packages/airflow/example_dags/example_skip_dag.py
[2025-02-03T11:58:31.184+0000] {processor.py:836} INFO - DAG(s) dict_keys(['example_skip_dag']) retrieved from /home/vscode/.local/lib/python3.10/site-packages/airflow/example_dags/example_skip_dag.py
[2025-02-03T11:58:31.196+0000] {logging_mixin.py:150} INFO - [2025-02-03T11:58:31.195+0000] {dag.py:2742} INFO - Sync 1 DAGs
[2025-02-03T11:58:31.210+0000] {logging_mixin.py:150} INFO - [2025-02-03T11:58:31.209+0000] {dag.py:3504} INFO - Setting next_dagrun for example_skip_dag to 2025-02-02T11:58:31.209735+00:00, run_after=2025-02-03T11:58:31.209735+00:00
[2025-02-03T11:58:31.224+0000] {processor.py:179} INFO - Processing /home/vscode/.local/lib/python3.10/site-packages/airflow/example_dags/example_skip_dag.py took 0.049 seconds
[2025-02-03T11:59:14.796+0000] {processor.py:157} INFO - Started process (PID=40993) to work on /home/vscode/.local/lib/python3.10/site-packages/airflow/example_dags/example_skip_dag.py
[2025-02-03T11:59:14.797+0000] {processor.py:826} INFO - Processing file /home/vscode/.local/lib/python3.10/site-packages/airflow/example_dags/example_skip_dag.py for tasks to queue
[2025-02-03T11:59:14.798+0000] {logging_mixin.py:150} INFO - [2025-02-03T11:59:14.797+0000] {dagbag.py:541} INFO - Filling up the DagBag from /home/vscode/.local/lib/python3.10/site-packages/airflow/example_dags/example_skip_dag.py
[2025-02-03T11:59:14.803+0000] {processor.py:836} INFO - DAG(s) dict_keys(['example_skip_dag']) retrieved from /home/vscode/.local/lib/python3.10/site-packages/airflow/example_dags/example_skip_dag.py
[2025-02-03T11:59:14.815+0000] {logging_mixin.py:150} INFO - [2025-02-03T11:59:14.814+0000] {dag.py:2742} INFO - Sync 1 DAGs
[2025-02-03T11:59:14.829+0000] {logging_mixin.py:150} INFO - [2025-02-03T11:59:14.828+0000] {dag.py:3504} INFO - Setting next_dagrun for example_skip_dag to 2025-02-02T11:59:14.828702+00:00, run_after=2025-02-03T11:59:14.828702+00:00
[2025-02-03T11:59:14.843+0000] {processor.py:179} INFO - Processing /home/vscode/.local/lib/python3.10/site-packages/airflow/example_dags/example_skip_dag.py took 0.049 seconds
[2025-02-03T11:59:58.485+0000] {processor.py:157} INFO - Started process (PID=41288) to work on /home/vscode/.local/lib/python3.10/site-packages/airflow/example_dags/example_skip_dag.py
[2025-02-03T11:59:58.486+0000] {processor.py:826} INFO - Processing file /home/vscode/.local/lib/python3.10/site-packages/airflow/example_dags/example_skip_dag.py for tasks to queue
[2025-02-03T11:59:58.486+0000] {logging_mixin.py:150} INFO - [2025-02-03T11:59:58.486+0000] {dagbag.py:541} INFO - Filling up the DagBag from /home/vscode/.local/lib/python3.10/site-packages/airflow/example_dags/example_skip_dag.py
[2025-02-03T11:59:58.491+0000] {processor.py:836} INFO - DAG(s) dict_keys(['example_skip_dag']) retrieved from /home/vscode/.local/lib/python3.10/site-packages/airflow/example_dags/example_skip_dag.py
[2025-02-03T11:59:58.503+0000] {logging_mixin.py:150} INFO - [2025-02-03T11:59:58.503+0000] {dag.py:2742} INFO - Sync 1 DAGs
[2025-02-03T11:59:58.517+0000] {logging_mixin.py:150} INFO - [2025-02-03T11:59:58.517+0000] {dag.py:3504} INFO - Setting next_dagrun for example_skip_dag to 2025-02-02T11:59:58.517219+00:00, run_after=2025-02-03T11:59:58.517219+00:00
[2025-02-03T11:59:58.531+0000] {processor.py:179} INFO - Processing /home/vscode/.local/lib/python3.10/site-packages/airflow/example_dags/example_skip_dag.py took 0.049 seconds
[2025-02-03T12:00:54.911+0000] {processor.py:157} INFO - Started process (PID=41669) to work on /home/vscode/.local/lib/python3.10/site-packages/airflow/example_dags/example_skip_dag.py
[2025-02-03T12:00:54.912+0000] {processor.py:826} INFO - Processing file /home/vscode/.local/lib/python3.10/site-packages/airflow/example_dags/example_skip_dag.py for tasks to queue
[2025-02-03T12:00:54.913+0000] {logging_mixin.py:150} INFO - [2025-02-03T12:00:54.912+0000] {dagbag.py:541} INFO - Filling up the DagBag from /home/vscode/.local/lib/python3.10/site-packages/airflow/example_dags/example_skip_dag.py
[2025-02-03T12:00:54.918+0000] {processor.py:836} INFO - DAG(s) dict_keys(['example_skip_dag']) retrieved from /home/vscode/.local/lib/python3.10/site-packages/airflow/example_dags/example_skip_dag.py
[2025-02-03T12:00:54.930+0000] {logging_mixin.py:150} INFO - [2025-02-03T12:00:54.930+0000] {dag.py:2742} INFO - Sync 1 DAGs
[2025-02-03T12:00:54.944+0000] {logging_mixin.py:150} INFO - [2025-02-03T12:00:54.944+0000] {dag.py:3504} INFO - Setting next_dagrun for example_skip_dag to 2025-02-02T12:00:54.944558+00:00, run_after=2025-02-03T12:00:54.944558+00:00
[2025-02-03T12:00:54.960+0000] {processor.py:179} INFO - Processing /home/vscode/.local/lib/python3.10/site-packages/airflow/example_dags/example_skip_dag.py took 0.051 seconds
[2025-02-03T12:01:38.881+0000] {processor.py:157} INFO - Started process (PID=41964) to work on /home/vscode/.local/lib/python3.10/site-packages/airflow/example_dags/example_skip_dag.py
[2025-02-03T12:01:38.882+0000] {processor.py:826} INFO - Processing file /home/vscode/.local/lib/python3.10/site-packages/airflow/example_dags/example_skip_dag.py for tasks to queue
[2025-02-03T12:01:38.883+0000] {logging_mixin.py:150} INFO - [2025-02-03T12:01:38.882+0000] {dagbag.py:541} INFO - Filling up the DagBag from /home/vscode/.local/lib/python3.10/site-packages/airflow/example_dags/example_skip_dag.py
[2025-02-03T12:01:38.888+0000] {processor.py:836} INFO - DAG(s) dict_keys(['example_skip_dag']) retrieved from /home/vscode/.local/lib/python3.10/site-packages/airflow/example_dags/example_skip_dag.py
[2025-02-03T12:01:38.900+0000] {logging_mixin.py:150} INFO - [2025-02-03T12:01:38.899+0000] {dag.py:2742} INFO - Sync 1 DAGs
[2025-02-03T12:01:38.913+0000] {logging_mixin.py:150} INFO - [2025-02-03T12:01:38.913+0000] {dag.py:3504} INFO - Setting next_dagrun for example_skip_dag to 2025-02-02T12:01:38.913449+00:00, run_after=2025-02-03T12:01:38.913449+00:00
[2025-02-03T12:01:38.927+0000] {processor.py:179} INFO - Processing /home/vscode/.local/lib/python3.10/site-packages/airflow/example_dags/example_skip_dag.py took 0.048 seconds
[2025-02-03T12:02:22.681+0000] {processor.py:157} INFO - Started process (PID=42258) to work on /home/vscode/.local/lib/python3.10/site-packages/airflow/example_dags/example_skip_dag.py
[2025-02-03T12:02:22.681+0000] {processor.py:826} INFO - Processing file /home/vscode/.local/lib/python3.10/site-packages/airflow/example_dags/example_skip_dag.py for tasks to queue
[2025-02-03T12:02:22.682+0000] {logging_mixin.py:150} INFO - [2025-02-03T12:02:22.681+0000] {dagbag.py:541} INFO - Filling up the DagBag from /home/vscode/.local/lib/python3.10/site-packages/airflow/example_dags/example_skip_dag.py
[2025-02-03T12:02:22.687+0000] {processor.py:836} INFO - DAG(s) dict_keys(['example_skip_dag']) retrieved from /home/vscode/.local/lib/python3.10/site-packages/airflow/example_dags/example_skip_dag.py
[2025-02-03T12:02:22.698+0000] {logging_mixin.py:150} INFO - [2025-02-03T12:02:22.698+0000] {dag.py:2742} INFO - Sync 1 DAGs
[2025-02-03T12:02:22.712+0000] {logging_mixin.py:150} INFO - [2025-02-03T12:02:22.712+0000] {dag.py:3504} INFO - Setting next_dagrun for example_skip_dag to 2025-02-02T12:02:22.712322+00:00, run_after=2025-02-03T12:02:22.712322+00:00
[2025-02-03T12:02:22.727+0000] {processor.py:179} INFO - Processing /home/vscode/.local/lib/python3.10/site-packages/airflow/example_dags/example_skip_dag.py took 0.048 seconds
[2025-02-03T12:03:03.561+0000] {processor.py:157} INFO - Started process (PID=42530) to work on /home/vscode/.local/lib/python3.10/site-packages/airflow/example_dags/example_skip_dag.py
[2025-02-03T12:03:03.562+0000] {processor.py:826} INFO - Processing file /home/vscode/.local/lib/python3.10/site-packages/airflow/example_dags/example_skip_dag.py for tasks to queue
[2025-02-03T12:03:03.562+0000] {logging_mixin.py:150} INFO - [2025-02-03T12:03:03.562+0000] {dagbag.py:541} INFO - Filling up the DagBag from /home/vscode/.local/lib/python3.10/site-packages/airflow/example_dags/example_skip_dag.py
[2025-02-03T12:03:03.567+0000] {processor.py:836} INFO - DAG(s) dict_keys(['example_skip_dag']) retrieved from /home/vscode/.local/lib/python3.10/site-packages/airflow/example_dags/example_skip_dag.py
[2025-02-03T12:03:03.579+0000] {logging_mixin.py:150} INFO - [2025-02-03T12:03:03.579+0000] {dag.py:2742} INFO - Sync 1 DAGs
[2025-02-03T12:03:03.593+0000] {logging_mixin.py:150} INFO - [2025-02-03T12:03:03.593+0000] {dag.py:3504} INFO - Setting next_dagrun for example_skip_dag to 2025-02-02T12:03:03.593295+00:00, run_after=2025-02-03T12:03:03.593295+00:00
[2025-02-03T12:03:03.609+0000] {processor.py:179} INFO - Processing /home/vscode/.local/lib/python3.10/site-packages/airflow/example_dags/example_skip_dag.py took 0.051 seconds
[2025-02-03T12:03:47.216+0000] {processor.py:157} INFO - Started process (PID=42825) to work on /home/vscode/.local/lib/python3.10/site-packages/airflow/example_dags/example_skip_dag.py
[2025-02-03T12:03:47.217+0000] {processor.py:826} INFO - Processing file /home/vscode/.local/lib/python3.10/site-packages/airflow/example_dags/example_skip_dag.py for tasks to queue
[2025-02-03T12:03:47.217+0000] {logging_mixin.py:150} INFO - [2025-02-03T12:03:47.217+0000] {dagbag.py:541} INFO - Filling up the DagBag from /home/vscode/.local/lib/python3.10/site-packages/airflow/example_dags/example_skip_dag.py
[2025-02-03T12:03:47.223+0000] {processor.py:836} INFO - DAG(s) dict_keys(['example_skip_dag']) retrieved from /home/vscode/.local/lib/python3.10/site-packages/airflow/example_dags/example_skip_dag.py
[2025-02-03T12:03:47.234+0000] {logging_mixin.py:150} INFO - [2025-02-03T12:03:47.234+0000] {dag.py:2742} INFO - Sync 1 DAGs
[2025-02-03T12:03:47.248+0000] {logging_mixin.py:150} INFO - [2025-02-03T12:03:47.248+0000] {dag.py:3504} INFO - Setting next_dagrun for example_skip_dag to 2025-02-02T12:03:47.248578+00:00, run_after=2025-02-03T12:03:47.248578+00:00
[2025-02-03T12:03:47.263+0000] {processor.py:179} INFO - Processing /home/vscode/.local/lib/python3.10/site-packages/airflow/example_dags/example_skip_dag.py took 0.049 seconds
[2025-02-03T12:04:32.100+0000] {processor.py:157} INFO - Started process (PID=43133) to work on /home/vscode/.local/lib/python3.10/site-packages/airflow/example_dags/example_skip_dag.py
[2025-02-03T12:04:32.100+0000] {processor.py:826} INFO - Processing file /home/vscode/.local/lib/python3.10/site-packages/airflow/example_dags/example_skip_dag.py for tasks to queue
[2025-02-03T12:04:32.101+0000] {logging_mixin.py:150} INFO - [2025-02-03T12:04:32.101+0000] {dagbag.py:541} INFO - Filling up the DagBag from /home/vscode/.local/lib/python3.10/site-packages/airflow/example_dags/example_skip_dag.py
[2025-02-03T12:04:32.106+0000] {processor.py:836} INFO - DAG(s) dict_keys(['example_skip_dag']) retrieved from /home/vscode/.local/lib/python3.10/site-packages/airflow/example_dags/example_skip_dag.py
[2025-02-03T12:04:32.118+0000] {logging_mixin.py:150} INFO - [2025-02-03T12:04:32.118+0000] {dag.py:2742} INFO - Sync 1 DAGs
[2025-02-03T12:04:32.132+0000] {logging_mixin.py:150} INFO - [2025-02-03T12:04:32.132+0000] {dag.py:3504} INFO - Setting next_dagrun for example_skip_dag to 2025-02-02T12:04:32.131974+00:00, run_after=2025-02-03T12:04:32.131974+00:00
[2025-02-03T12:04:32.146+0000] {processor.py:179} INFO - Processing /home/vscode/.local/lib/python3.10/site-packages/airflow/example_dags/example_skip_dag.py took 0.048 seconds
[2025-02-03T12:05:14.583+0000] {processor.py:157} INFO - Started process (PID=43419) to work on /home/vscode/.local/lib/python3.10/site-packages/airflow/example_dags/example_skip_dag.py
[2025-02-03T12:05:14.584+0000] {processor.py:826} INFO - Processing file /home/vscode/.local/lib/python3.10/site-packages/airflow/example_dags/example_skip_dag.py for tasks to queue
[2025-02-03T12:05:14.584+0000] {logging_mixin.py:150} INFO - [2025-02-03T12:05:14.584+0000] {dagbag.py:541} INFO - Filling up the DagBag from /home/vscode/.local/lib/python3.10/site-packages/airflow/example_dags/example_skip_dag.py
[2025-02-03T12:05:14.589+0000] {processor.py:836} INFO - DAG(s) dict_keys(['example_skip_dag']) retrieved from /home/vscode/.local/lib/python3.10/site-packages/airflow/example_dags/example_skip_dag.py
[2025-02-03T12:05:14.600+0000] {logging_mixin.py:150} INFO - [2025-02-03T12:05:14.600+0000] {dag.py:2742} INFO - Sync 1 DAGs
[2025-02-03T12:05:14.614+0000] {logging_mixin.py:150} INFO - [2025-02-03T12:05:14.614+0000] {dag.py:3504} INFO - Setting next_dagrun for example_skip_dag to 2025-02-02T12:05:14.614200+00:00, run_after=2025-02-03T12:05:14.614200+00:00
[2025-02-03T12:05:14.628+0000] {processor.py:179} INFO - Processing /home/vscode/.local/lib/python3.10/site-packages/airflow/example_dags/example_skip_dag.py took 0.047 seconds
[2025-02-03T12:06:02.945+0000] {processor.py:157} INFO - Started process (PID=43741) to work on /home/vscode/.local/lib/python3.10/site-packages/airflow/example_dags/example_skip_dag.py
[2025-02-03T12:06:02.945+0000] {processor.py:826} INFO - Processing file /home/vscode/.local/lib/python3.10/site-packages/airflow/example_dags/example_skip_dag.py for tasks to queue
[2025-02-03T12:06:02.946+0000] {logging_mixin.py:150} INFO - [2025-02-03T12:06:02.946+0000] {dagbag.py:541} INFO - Filling up the DagBag from /home/vscode/.local/lib/python3.10/site-packages/airflow/example_dags/example_skip_dag.py
[2025-02-03T12:06:02.951+0000] {processor.py:836} INFO - DAG(s) dict_keys(['example_skip_dag']) retrieved from /home/vscode/.local/lib/python3.10/site-packages/airflow/example_dags/example_skip_dag.py
[2025-02-03T12:06:02.963+0000] {logging_mixin.py:150} INFO - [2025-02-03T12:06:02.963+0000] {dag.py:2742} INFO - Sync 1 DAGs
[2025-02-03T12:06:02.977+0000] {logging_mixin.py:150} INFO - [2025-02-03T12:06:02.977+0000] {dag.py:3504} INFO - Setting next_dagrun for example_skip_dag to 2025-02-02T12:06:02.977328+00:00, run_after=2025-02-03T12:06:02.977328+00:00
[2025-02-03T12:06:02.992+0000] {processor.py:179} INFO - Processing /home/vscode/.local/lib/python3.10/site-packages/airflow/example_dags/example_skip_dag.py took 0.050 seconds
[2025-02-03T12:06:48.047+0000] {processor.py:157} INFO - Started process (PID=44045) to work on /home/vscode/.local/lib/python3.10/site-packages/airflow/example_dags/example_skip_dag.py
[2025-02-03T12:06:48.048+0000] {processor.py:826} INFO - Processing file /home/vscode/.local/lib/python3.10/site-packages/airflow/example_dags/example_skip_dag.py for tasks to queue
[2025-02-03T12:06:48.048+0000] {logging_mixin.py:150} INFO - [2025-02-03T12:06:48.048+0000] {dagbag.py:541} INFO - Filling up the DagBag from /home/vscode/.local/lib/python3.10/site-packages/airflow/example_dags/example_skip_dag.py
[2025-02-03T12:06:48.054+0000] {processor.py:836} INFO - DAG(s) dict_keys(['example_skip_dag']) retrieved from /home/vscode/.local/lib/python3.10/site-packages/airflow/example_dags/example_skip_dag.py
[2025-02-03T12:06:48.065+0000] {logging_mixin.py:150} INFO - [2025-02-03T12:06:48.065+0000] {dag.py:2742} INFO - Sync 1 DAGs
[2025-02-03T12:06:48.080+0000] {logging_mixin.py:150} INFO - [2025-02-03T12:06:48.080+0000] {dag.py:3504} INFO - Setting next_dagrun for example_skip_dag to 2025-02-02T12:06:48.079809+00:00, run_after=2025-02-03T12:06:48.079809+00:00
[2025-02-03T12:06:48.094+0000] {processor.py:179} INFO - Processing /home/vscode/.local/lib/python3.10/site-packages/airflow/example_dags/example_skip_dag.py took 0.049 seconds
[2025-02-03T12:07:34.210+0000] {processor.py:157} INFO - Started process (PID=44909) to work on /home/vscode/.local/lib/python3.10/site-packages/airflow/example_dags/example_skip_dag.py
[2025-02-03T12:07:34.211+0000] {processor.py:826} INFO - Processing file /home/vscode/.local/lib/python3.10/site-packages/airflow/example_dags/example_skip_dag.py for tasks to queue
[2025-02-03T12:07:34.211+0000] {logging_mixin.py:150} INFO - [2025-02-03T12:07:34.211+0000] {dagbag.py:541} INFO - Filling up the DagBag from /home/vscode/.local/lib/python3.10/site-packages/airflow/example_dags/example_skip_dag.py
[2025-02-03T12:07:34.217+0000] {processor.py:836} INFO - DAG(s) dict_keys(['example_skip_dag']) retrieved from /home/vscode/.local/lib/python3.10/site-packages/airflow/example_dags/example_skip_dag.py
[2025-02-03T12:07:34.229+0000] {logging_mixin.py:150} INFO - [2025-02-03T12:07:34.228+0000] {dag.py:2742} INFO - Sync 1 DAGs
[2025-02-03T12:07:34.243+0000] {logging_mixin.py:150} INFO - [2025-02-03T12:07:34.243+0000] {dag.py:3504} INFO - Setting next_dagrun for example_skip_dag to 2025-02-02T12:07:34.243489+00:00, run_after=2025-02-03T12:07:34.243489+00:00
[2025-02-03T12:07:34.257+0000] {processor.py:179} INFO - Processing /home/vscode/.local/lib/python3.10/site-packages/airflow/example_dags/example_skip_dag.py took 0.049 seconds
[2025-02-03T12:08:16.016+0000] {processor.py:157} INFO - Started process (PID=46306) to work on /home/vscode/.local/lib/python3.10/site-packages/airflow/example_dags/example_skip_dag.py
[2025-02-03T12:08:16.017+0000] {processor.py:826} INFO - Processing file /home/vscode/.local/lib/python3.10/site-packages/airflow/example_dags/example_skip_dag.py for tasks to queue
[2025-02-03T12:08:16.017+0000] {logging_mixin.py:150} INFO - [2025-02-03T12:08:16.017+0000] {dagbag.py:541} INFO - Filling up the DagBag from /home/vscode/.local/lib/python3.10/site-packages/airflow/example_dags/example_skip_dag.py
[2025-02-03T12:08:16.023+0000] {processor.py:836} INFO - DAG(s) dict_keys(['example_skip_dag']) retrieved from /home/vscode/.local/lib/python3.10/site-packages/airflow/example_dags/example_skip_dag.py
[2025-02-03T12:08:16.035+0000] {logging_mixin.py:150} INFO - [2025-02-03T12:08:16.035+0000] {dag.py:2742} INFO - Sync 1 DAGs
[2025-02-03T12:08:16.049+0000] {logging_mixin.py:150} INFO - [2025-02-03T12:08:16.049+0000] {dag.py:3504} INFO - Setting next_dagrun for example_skip_dag to 2025-02-02T12:08:16.049397+00:00, run_after=2025-02-03T12:08:16.049397+00:00
[2025-02-03T12:08:16.064+0000] {processor.py:179} INFO - Processing /home/vscode/.local/lib/python3.10/site-packages/airflow/example_dags/example_skip_dag.py took 0.050 seconds
[2025-02-03T12:09:03.770+0000] {processor.py:157} INFO - Started process (PID=46677) to work on /home/vscode/.local/lib/python3.10/site-packages/airflow/example_dags/example_skip_dag.py
[2025-02-03T12:09:03.771+0000] {processor.py:826} INFO - Processing file /home/vscode/.local/lib/python3.10/site-packages/airflow/example_dags/example_skip_dag.py for tasks to queue
[2025-02-03T12:09:03.771+0000] {logging_mixin.py:150} INFO - [2025-02-03T12:09:03.771+0000] {dagbag.py:541} INFO - Filling up the DagBag from /home/vscode/.local/lib/python3.10/site-packages/airflow/example_dags/example_skip_dag.py
[2025-02-03T12:09:03.777+0000] {processor.py:836} INFO - DAG(s) dict_keys(['example_skip_dag']) retrieved from /home/vscode/.local/lib/python3.10/site-packages/airflow/example_dags/example_skip_dag.py
[2025-02-03T12:09:03.788+0000] {logging_mixin.py:150} INFO - [2025-02-03T12:09:03.788+0000] {dag.py:2742} INFO - Sync 1 DAGs
[2025-02-03T12:09:03.803+0000] {logging_mixin.py:150} INFO - [2025-02-03T12:09:03.802+0000] {dag.py:3504} INFO - Setting next_dagrun for example_skip_dag to 2025-02-02T12:09:03.802815+00:00, run_after=2025-02-03T12:09:03.802815+00:00
[2025-02-03T12:09:03.817+0000] {processor.py:179} INFO - Processing /home/vscode/.local/lib/python3.10/site-packages/airflow/example_dags/example_skip_dag.py took 0.049 seconds
[2025-02-03T12:09:44.965+0000] {processor.py:157} INFO - Started process (PID=47554) to work on /home/vscode/.local/lib/python3.10/site-packages/airflow/example_dags/example_skip_dag.py
[2025-02-03T12:09:44.966+0000] {processor.py:826} INFO - Processing file /home/vscode/.local/lib/python3.10/site-packages/airflow/example_dags/example_skip_dag.py for tasks to queue
[2025-02-03T12:09:44.966+0000] {logging_mixin.py:150} INFO - [2025-02-03T12:09:44.966+0000] {dagbag.py:541} INFO - Filling up the DagBag from /home/vscode/.local/lib/python3.10/site-packages/airflow/example_dags/example_skip_dag.py
[2025-02-03T12:09:44.971+0000] {processor.py:836} INFO - DAG(s) dict_keys(['example_skip_dag']) retrieved from /home/vscode/.local/lib/python3.10/site-packages/airflow/example_dags/example_skip_dag.py
[2025-02-03T12:09:44.983+0000] {logging_mixin.py:150} INFO - [2025-02-03T12:09:44.983+0000] {dag.py:2742} INFO - Sync 1 DAGs
[2025-02-03T12:09:44.996+0000] {logging_mixin.py:150} INFO - [2025-02-03T12:09:44.996+0000] {dag.py:3504} INFO - Setting next_dagrun for example_skip_dag to 2025-02-02T12:09:44.996674+00:00, run_after=2025-02-03T12:09:44.996674+00:00
[2025-02-03T12:09:45.011+0000] {processor.py:179} INFO - Processing /home/vscode/.local/lib/python3.10/site-packages/airflow/example_dags/example_skip_dag.py took 0.048 seconds
