[2025-02-03T11:50:46.293+0000] {processor.py:157} INFO - Started process (PID=37587) to work on /home/vscode/.local/lib/python3.10/site-packages/airflow/example_dags/example_external_task_marker_dag.py
[2025-02-03T11:50:46.293+0000] {processor.py:826} INFO - Processing file /home/vscode/.local/lib/python3.10/site-packages/airflow/example_dags/example_external_task_marker_dag.py for tasks to queue
[2025-02-03T11:50:46.294+0000] {logging_mixin.py:150} INFO - [2025-02-03T11:50:46.293+0000] {dagbag.py:541} INFO - Filling up the DagBag from /home/vscode/.local/lib/python3.10/site-packages/airflow/example_dags/example_external_task_marker_dag.py
[2025-02-03T11:50:46.298+0000] {processor.py:836} INFO - DAG(s) dict_keys(['example_external_task_marker_child', 'example_external_task_marker_parent']) retrieved from /home/vscode/.local/lib/python3.10/site-packages/airflow/example_dags/example_external_task_marker_dag.py
[2025-02-03T11:50:46.446+0000] {logging_mixin.py:150} INFO - [2025-02-03T11:50:46.446+0000] {manager.py:504} INFO - Created Permission View: can read on DAG:example_external_task_marker_child
[2025-02-03T11:50:46.453+0000] {logging_mixin.py:150} INFO - [2025-02-03T11:50:46.453+0000] {manager.py:504} INFO - Created Permission View: can delete on DAG:example_external_task_marker_child
[2025-02-03T11:50:46.459+0000] {logging_mixin.py:150} INFO - [2025-02-03T11:50:46.459+0000] {manager.py:504} INFO - Created Permission View: can edit on DAG:example_external_task_marker_child
[2025-02-03T11:50:46.481+0000] {logging_mixin.py:150} INFO - [2025-02-03T11:50:46.481+0000] {manager.py:504} INFO - Created Permission View: can read on DAG:example_external_task_marker_parent
[2025-02-03T11:50:46.489+0000] {logging_mixin.py:150} INFO - [2025-02-03T11:50:46.489+0000] {manager.py:504} INFO - Created Permission View: can delete on DAG:example_external_task_marker_parent
[2025-02-03T11:50:46.498+0000] {logging_mixin.py:150} INFO - [2025-02-03T11:50:46.498+0000] {manager.py:504} INFO - Created Permission View: can edit on DAG:example_external_task_marker_parent
[2025-02-03T11:50:46.503+0000] {logging_mixin.py:150} INFO - [2025-02-03T11:50:46.503+0000] {dag.py:2742} INFO - Sync 2 DAGs
[2025-02-03T11:50:46.513+0000] {logging_mixin.py:150} INFO - [2025-02-03T11:50:46.513+0000] {dag.py:2763} INFO - Creating ORM DAG for example_external_task_marker_child
[2025-02-03T11:50:46.513+0000] {logging_mixin.py:150} INFO - [2025-02-03T11:50:46.513+0000] {dag.py:2763} INFO - Creating ORM DAG for example_external_task_marker_parent
[2025-02-03T11:50:46.521+0000] {logging_mixin.py:150} INFO - [2025-02-03T11:50:46.521+0000] {dag.py:3504} INFO - Setting next_dagrun for example_external_task_marker_child to None, run_after=None
[2025-02-03T11:50:46.521+0000] {logging_mixin.py:150} INFO - [2025-02-03T11:50:46.521+0000] {dag.py:3504} INFO - Setting next_dagrun for example_external_task_marker_parent to None, run_after=None
[2025-02-03T11:50:46.536+0000] {processor.py:179} INFO - Processing /home/vscode/.local/lib/python3.10/site-packages/airflow/example_dags/example_external_task_marker_dag.py took 0.246 seconds
[2025-02-03T11:51:32.035+0000] {processor.py:157} INFO - Started process (PID=37889) to work on /home/vscode/.local/lib/python3.10/site-packages/airflow/example_dags/example_external_task_marker_dag.py
[2025-02-03T11:51:32.036+0000] {processor.py:826} INFO - Processing file /home/vscode/.local/lib/python3.10/site-packages/airflow/example_dags/example_external_task_marker_dag.py for tasks to queue
[2025-02-03T11:51:32.037+0000] {logging_mixin.py:150} INFO - [2025-02-03T11:51:32.037+0000] {dagbag.py:541} INFO - Filling up the DagBag from /home/vscode/.local/lib/python3.10/site-packages/airflow/example_dags/example_external_task_marker_dag.py
[2025-02-03T11:51:32.041+0000] {processor.py:836} INFO - DAG(s) dict_keys(['example_external_task_marker_parent', 'example_external_task_marker_child']) retrieved from /home/vscode/.local/lib/python3.10/site-packages/airflow/example_dags/example_external_task_marker_dag.py
[2025-02-03T11:51:32.055+0000] {logging_mixin.py:150} INFO - [2025-02-03T11:51:32.055+0000] {dag.py:2742} INFO - Sync 2 DAGs
[2025-02-03T11:51:32.070+0000] {logging_mixin.py:150} INFO - [2025-02-03T11:51:32.070+0000] {dag.py:3504} INFO - Setting next_dagrun for example_external_task_marker_child to None, run_after=None
[2025-02-03T11:51:32.072+0000] {logging_mixin.py:150} INFO - [2025-02-03T11:51:32.072+0000] {dag.py:3504} INFO - Setting next_dagrun for example_external_task_marker_parent to None, run_after=None
[2025-02-03T11:51:32.085+0000] {processor.py:179} INFO - Processing /home/vscode/.local/lib/python3.10/site-packages/airflow/example_dags/example_external_task_marker_dag.py took 0.052 seconds
[2025-02-03T11:52:18.607+0000] {processor.py:157} INFO - Started process (PID=38205) to work on /home/vscode/.local/lib/python3.10/site-packages/airflow/example_dags/example_external_task_marker_dag.py
[2025-02-03T11:52:18.608+0000] {processor.py:826} INFO - Processing file /home/vscode/.local/lib/python3.10/site-packages/airflow/example_dags/example_external_task_marker_dag.py for tasks to queue
[2025-02-03T11:52:18.608+0000] {logging_mixin.py:150} INFO - [2025-02-03T11:52:18.608+0000] {dagbag.py:541} INFO - Filling up the DagBag from /home/vscode/.local/lib/python3.10/site-packages/airflow/example_dags/example_external_task_marker_dag.py
[2025-02-03T11:52:18.612+0000] {processor.py:836} INFO - DAG(s) dict_keys(['example_external_task_marker_child', 'example_external_task_marker_parent']) retrieved from /home/vscode/.local/lib/python3.10/site-packages/airflow/example_dags/example_external_task_marker_dag.py
[2025-02-03T11:52:18.626+0000] {logging_mixin.py:150} INFO - [2025-02-03T11:52:18.626+0000] {dag.py:2742} INFO - Sync 2 DAGs
[2025-02-03T11:52:18.639+0000] {logging_mixin.py:150} INFO - [2025-02-03T11:52:18.639+0000] {dag.py:3504} INFO - Setting next_dagrun for example_external_task_marker_child to None, run_after=None
[2025-02-03T11:52:18.641+0000] {logging_mixin.py:150} INFO - [2025-02-03T11:52:18.641+0000] {dag.py:3504} INFO - Setting next_dagrun for example_external_task_marker_parent to None, run_after=None
[2025-02-03T11:52:18.654+0000] {processor.py:179} INFO - Processing /home/vscode/.local/lib/python3.10/site-packages/airflow/example_dags/example_external_task_marker_dag.py took 0.049 seconds
[2025-02-03T11:53:05.415+0000] {processor.py:157} INFO - Started process (PID=38514) to work on /home/vscode/.local/lib/python3.10/site-packages/airflow/example_dags/example_external_task_marker_dag.py
[2025-02-03T11:53:05.416+0000] {processor.py:826} INFO - Processing file /home/vscode/.local/lib/python3.10/site-packages/airflow/example_dags/example_external_task_marker_dag.py for tasks to queue
[2025-02-03T11:53:05.416+0000] {logging_mixin.py:150} INFO - [2025-02-03T11:53:05.416+0000] {dagbag.py:541} INFO - Filling up the DagBag from /home/vscode/.local/lib/python3.10/site-packages/airflow/example_dags/example_external_task_marker_dag.py
[2025-02-03T11:53:05.421+0000] {processor.py:836} INFO - DAG(s) dict_keys(['example_external_task_marker_parent', 'example_external_task_marker_child']) retrieved from /home/vscode/.local/lib/python3.10/site-packages/airflow/example_dags/example_external_task_marker_dag.py
[2025-02-03T11:53:05.434+0000] {logging_mixin.py:150} INFO - [2025-02-03T11:53:05.434+0000] {dag.py:2742} INFO - Sync 2 DAGs
[2025-02-03T11:53:05.448+0000] {logging_mixin.py:150} INFO - [2025-02-03T11:53:05.448+0000] {dag.py:3504} INFO - Setting next_dagrun for example_external_task_marker_child to None, run_after=None
[2025-02-03T11:53:05.450+0000] {logging_mixin.py:150} INFO - [2025-02-03T11:53:05.450+0000] {dag.py:3504} INFO - Setting next_dagrun for example_external_task_marker_parent to None, run_after=None
[2025-02-03T11:53:05.463+0000] {processor.py:179} INFO - Processing /home/vscode/.local/lib/python3.10/site-packages/airflow/example_dags/example_external_task_marker_dag.py took 0.050 seconds
[2025-02-03T11:53:48.776+0000] {processor.py:157} INFO - Started process (PID=38809) to work on /home/vscode/.local/lib/python3.10/site-packages/airflow/example_dags/example_external_task_marker_dag.py
[2025-02-03T11:53:48.776+0000] {processor.py:826} INFO - Processing file /home/vscode/.local/lib/python3.10/site-packages/airflow/example_dags/example_external_task_marker_dag.py for tasks to queue
[2025-02-03T11:53:48.777+0000] {logging_mixin.py:150} INFO - [2025-02-03T11:53:48.777+0000] {dagbag.py:541} INFO - Filling up the DagBag from /home/vscode/.local/lib/python3.10/site-packages/airflow/example_dags/example_external_task_marker_dag.py
[2025-02-03T11:53:48.781+0000] {processor.py:836} INFO - DAG(s) dict_keys(['example_external_task_marker_child', 'example_external_task_marker_parent']) retrieved from /home/vscode/.local/lib/python3.10/site-packages/airflow/example_dags/example_external_task_marker_dag.py
[2025-02-03T11:53:48.794+0000] {logging_mixin.py:150} INFO - [2025-02-03T11:53:48.794+0000] {dag.py:2742} INFO - Sync 2 DAGs
[2025-02-03T11:53:48.808+0000] {logging_mixin.py:150} INFO - [2025-02-03T11:53:48.807+0000] {dag.py:3504} INFO - Setting next_dagrun for example_external_task_marker_child to None, run_after=None
[2025-02-03T11:53:48.810+0000] {logging_mixin.py:150} INFO - [2025-02-03T11:53:48.809+0000] {dag.py:3504} INFO - Setting next_dagrun for example_external_task_marker_parent to None, run_after=None
[2025-02-03T11:53:48.822+0000] {processor.py:179} INFO - Processing /home/vscode/.local/lib/python3.10/site-packages/airflow/example_dags/example_external_task_marker_dag.py took 0.049 seconds
[2025-02-03T11:54:32.756+0000] {processor.py:157} INFO - Started process (PID=39103) to work on /home/vscode/.local/lib/python3.10/site-packages/airflow/example_dags/example_external_task_marker_dag.py
[2025-02-03T11:54:32.757+0000] {processor.py:826} INFO - Processing file /home/vscode/.local/lib/python3.10/site-packages/airflow/example_dags/example_external_task_marker_dag.py for tasks to queue
[2025-02-03T11:54:32.757+0000] {logging_mixin.py:150} INFO - [2025-02-03T11:54:32.757+0000] {dagbag.py:541} INFO - Filling up the DagBag from /home/vscode/.local/lib/python3.10/site-packages/airflow/example_dags/example_external_task_marker_dag.py
[2025-02-03T11:54:32.761+0000] {processor.py:836} INFO - DAG(s) dict_keys(['example_external_task_marker_child', 'example_external_task_marker_parent']) retrieved from /home/vscode/.local/lib/python3.10/site-packages/airflow/example_dags/example_external_task_marker_dag.py
[2025-02-03T11:54:32.775+0000] {logging_mixin.py:150} INFO - [2025-02-03T11:54:32.774+0000] {dag.py:2742} INFO - Sync 2 DAGs
[2025-02-03T11:54:32.788+0000] {logging_mixin.py:150} INFO - [2025-02-03T11:54:32.788+0000] {dag.py:3504} INFO - Setting next_dagrun for example_external_task_marker_child to None, run_after=None
[2025-02-03T11:54:32.790+0000] {logging_mixin.py:150} INFO - [2025-02-03T11:54:32.790+0000] {dag.py:3504} INFO - Setting next_dagrun for example_external_task_marker_parent to None, run_after=None
[2025-02-03T11:54:32.803+0000] {processor.py:179} INFO - Processing /home/vscode/.local/lib/python3.10/site-packages/airflow/example_dags/example_external_task_marker_dag.py took 0.049 seconds
[2025-02-03T11:55:15.090+0000] {processor.py:157} INFO - Started process (PID=39384) to work on /home/vscode/.local/lib/python3.10/site-packages/airflow/example_dags/example_external_task_marker_dag.py
[2025-02-03T11:55:15.090+0000] {processor.py:826} INFO - Processing file /home/vscode/.local/lib/python3.10/site-packages/airflow/example_dags/example_external_task_marker_dag.py for tasks to queue
[2025-02-03T11:55:15.091+0000] {logging_mixin.py:150} INFO - [2025-02-03T11:55:15.091+0000] {dagbag.py:541} INFO - Filling up the DagBag from /home/vscode/.local/lib/python3.10/site-packages/airflow/example_dags/example_external_task_marker_dag.py
[2025-02-03T11:55:15.095+0000] {processor.py:836} INFO - DAG(s) dict_keys(['example_external_task_marker_parent', 'example_external_task_marker_child']) retrieved from /home/vscode/.local/lib/python3.10/site-packages/airflow/example_dags/example_external_task_marker_dag.py
[2025-02-03T11:55:15.108+0000] {logging_mixin.py:150} INFO - [2025-02-03T11:55:15.108+0000] {dag.py:2742} INFO - Sync 2 DAGs
[2025-02-03T11:55:15.122+0000] {logging_mixin.py:150} INFO - [2025-02-03T11:55:15.122+0000] {dag.py:3504} INFO - Setting next_dagrun for example_external_task_marker_child to None, run_after=None
[2025-02-03T11:55:15.124+0000] {logging_mixin.py:150} INFO - [2025-02-03T11:55:15.124+0000] {dag.py:3504} INFO - Setting next_dagrun for example_external_task_marker_parent to None, run_after=None
[2025-02-03T11:55:15.137+0000] {processor.py:179} INFO - Processing /home/vscode/.local/lib/python3.10/site-packages/airflow/example_dags/example_external_task_marker_dag.py took 0.049 seconds
[2025-02-03T11:55:59.904+0000] {processor.py:157} INFO - Started process (PID=39684) to work on /home/vscode/.local/lib/python3.10/site-packages/airflow/example_dags/example_external_task_marker_dag.py
[2025-02-03T11:55:59.905+0000] {processor.py:826} INFO - Processing file /home/vscode/.local/lib/python3.10/site-packages/airflow/example_dags/example_external_task_marker_dag.py for tasks to queue
[2025-02-03T11:55:59.906+0000] {logging_mixin.py:150} INFO - [2025-02-03T11:55:59.905+0000] {dagbag.py:541} INFO - Filling up the DagBag from /home/vscode/.local/lib/python3.10/site-packages/airflow/example_dags/example_external_task_marker_dag.py
[2025-02-03T11:55:59.910+0000] {processor.py:836} INFO - DAG(s) dict_keys(['example_external_task_marker_parent', 'example_external_task_marker_child']) retrieved from /home/vscode/.local/lib/python3.10/site-packages/airflow/example_dags/example_external_task_marker_dag.py
[2025-02-03T11:55:59.924+0000] {logging_mixin.py:150} INFO - [2025-02-03T11:55:59.924+0000] {dag.py:2742} INFO - Sync 2 DAGs
[2025-02-03T11:55:59.939+0000] {logging_mixin.py:150} INFO - [2025-02-03T11:55:59.939+0000] {dag.py:3504} INFO - Setting next_dagrun for example_external_task_marker_child to None, run_after=None
[2025-02-03T11:55:59.941+0000] {logging_mixin.py:150} INFO - [2025-02-03T11:55:59.941+0000] {dag.py:3504} INFO - Setting next_dagrun for example_external_task_marker_parent to None, run_after=None
[2025-02-03T11:55:59.953+0000] {processor.py:179} INFO - Processing /home/vscode/.local/lib/python3.10/site-packages/airflow/example_dags/example_external_task_marker_dag.py took 0.051 seconds
[2025-02-03T11:56:39.554+0000] {processor.py:157} INFO - Started process (PID=39960) to work on /home/vscode/.local/lib/python3.10/site-packages/airflow/example_dags/example_external_task_marker_dag.py
[2025-02-03T11:56:39.555+0000] {processor.py:826} INFO - Processing file /home/vscode/.local/lib/python3.10/site-packages/airflow/example_dags/example_external_task_marker_dag.py for tasks to queue
[2025-02-03T11:56:39.555+0000] {logging_mixin.py:150} INFO - [2025-02-03T11:56:39.555+0000] {dagbag.py:541} INFO - Filling up the DagBag from /home/vscode/.local/lib/python3.10/site-packages/airflow/example_dags/example_external_task_marker_dag.py
[2025-02-03T11:56:39.561+0000] {processor.py:836} INFO - DAG(s) dict_keys(['example_external_task_marker_parent', 'example_external_task_marker_child']) retrieved from /home/vscode/.local/lib/python3.10/site-packages/airflow/example_dags/example_external_task_marker_dag.py
[2025-02-03T11:56:39.576+0000] {logging_mixin.py:150} INFO - [2025-02-03T11:56:39.576+0000] {dag.py:2742} INFO - Sync 2 DAGs
[2025-02-03T11:56:39.590+0000] {logging_mixin.py:150} INFO - [2025-02-03T11:56:39.590+0000] {dag.py:3504} INFO - Setting next_dagrun for example_external_task_marker_child to None, run_after=None
[2025-02-03T11:56:39.592+0000] {logging_mixin.py:150} INFO - [2025-02-03T11:56:39.592+0000] {dag.py:3504} INFO - Setting next_dagrun for example_external_task_marker_parent to None, run_after=None
[2025-02-03T11:56:39.605+0000] {processor.py:179} INFO - Processing /home/vscode/.local/lib/python3.10/site-packages/airflow/example_dags/example_external_task_marker_dag.py took 0.053 seconds
[2025-02-03T11:57:24.405+0000] {processor.py:157} INFO - Started process (PID=40257) to work on /home/vscode/.local/lib/python3.10/site-packages/airflow/example_dags/example_external_task_marker_dag.py
[2025-02-03T11:57:24.406+0000] {processor.py:826} INFO - Processing file /home/vscode/.local/lib/python3.10/site-packages/airflow/example_dags/example_external_task_marker_dag.py for tasks to queue
[2025-02-03T11:57:24.407+0000] {logging_mixin.py:150} INFO - [2025-02-03T11:57:24.406+0000] {dagbag.py:541} INFO - Filling up the DagBag from /home/vscode/.local/lib/python3.10/site-packages/airflow/example_dags/example_external_task_marker_dag.py
[2025-02-03T11:57:24.411+0000] {processor.py:836} INFO - DAG(s) dict_keys(['example_external_task_marker_parent', 'example_external_task_marker_child']) retrieved from /home/vscode/.local/lib/python3.10/site-packages/airflow/example_dags/example_external_task_marker_dag.py
[2025-02-03T11:57:24.424+0000] {logging_mixin.py:150} INFO - [2025-02-03T11:57:24.424+0000] {dag.py:2742} INFO - Sync 2 DAGs
[2025-02-03T11:57:24.437+0000] {logging_mixin.py:150} INFO - [2025-02-03T11:57:24.437+0000] {dag.py:3504} INFO - Setting next_dagrun for example_external_task_marker_child to None, run_after=None
[2025-02-03T11:57:24.439+0000] {logging_mixin.py:150} INFO - [2025-02-03T11:57:24.439+0000] {dag.py:3504} INFO - Setting next_dagrun for example_external_task_marker_parent to None, run_after=None
[2025-02-03T11:57:24.451+0000] {processor.py:179} INFO - Processing /home/vscode/.local/lib/python3.10/site-packages/airflow/example_dags/example_external_task_marker_dag.py took 0.048 seconds
[2025-02-03T11:58:12.395+0000] {processor.py:157} INFO - Started process (PID=40582) to work on /home/vscode/.local/lib/python3.10/site-packages/airflow/example_dags/example_external_task_marker_dag.py
[2025-02-03T11:58:12.396+0000] {processor.py:826} INFO - Processing file /home/vscode/.local/lib/python3.10/site-packages/airflow/example_dags/example_external_task_marker_dag.py for tasks to queue
[2025-02-03T11:58:12.397+0000] {logging_mixin.py:150} INFO - [2025-02-03T11:58:12.396+0000] {dagbag.py:541} INFO - Filling up the DagBag from /home/vscode/.local/lib/python3.10/site-packages/airflow/example_dags/example_external_task_marker_dag.py
[2025-02-03T11:58:12.401+0000] {processor.py:836} INFO - DAG(s) dict_keys(['example_external_task_marker_parent', 'example_external_task_marker_child']) retrieved from /home/vscode/.local/lib/python3.10/site-packages/airflow/example_dags/example_external_task_marker_dag.py
[2025-02-03T11:58:12.414+0000] {logging_mixin.py:150} INFO - [2025-02-03T11:58:12.414+0000] {dag.py:2742} INFO - Sync 2 DAGs
[2025-02-03T11:58:12.427+0000] {logging_mixin.py:150} INFO - [2025-02-03T11:58:12.427+0000] {dag.py:3504} INFO - Setting next_dagrun for example_external_task_marker_child to None, run_after=None
[2025-02-03T11:58:12.429+0000] {logging_mixin.py:150} INFO - [2025-02-03T11:58:12.429+0000] {dag.py:3504} INFO - Setting next_dagrun for example_external_task_marker_parent to None, run_after=None
[2025-02-03T11:58:12.442+0000] {processor.py:179} INFO - Processing /home/vscode/.local/lib/python3.10/site-packages/airflow/example_dags/example_external_task_marker_dag.py took 0.049 seconds
[2025-02-03T11:58:55.738+0000] {processor.py:157} INFO - Started process (PID=40871) to work on /home/vscode/.local/lib/python3.10/site-packages/airflow/example_dags/example_external_task_marker_dag.py
[2025-02-03T11:58:55.738+0000] {processor.py:826} INFO - Processing file /home/vscode/.local/lib/python3.10/site-packages/airflow/example_dags/example_external_task_marker_dag.py for tasks to queue
[2025-02-03T11:58:55.739+0000] {logging_mixin.py:150} INFO - [2025-02-03T11:58:55.739+0000] {dagbag.py:541} INFO - Filling up the DagBag from /home/vscode/.local/lib/python3.10/site-packages/airflow/example_dags/example_external_task_marker_dag.py
[2025-02-03T11:58:55.745+0000] {processor.py:836} INFO - DAG(s) dict_keys(['example_external_task_marker_child', 'example_external_task_marker_parent']) retrieved from /home/vscode/.local/lib/python3.10/site-packages/airflow/example_dags/example_external_task_marker_dag.py
[2025-02-03T11:58:55.759+0000] {logging_mixin.py:150} INFO - [2025-02-03T11:58:55.759+0000] {dag.py:2742} INFO - Sync 2 DAGs
[2025-02-03T11:58:55.773+0000] {logging_mixin.py:150} INFO - [2025-02-03T11:58:55.772+0000] {dag.py:3504} INFO - Setting next_dagrun for example_external_task_marker_child to None, run_after=None
[2025-02-03T11:58:55.775+0000] {logging_mixin.py:150} INFO - [2025-02-03T11:58:55.774+0000] {dag.py:3504} INFO - Setting next_dagrun for example_external_task_marker_parent to None, run_after=None
[2025-02-03T11:58:55.787+0000] {processor.py:179} INFO - Processing /home/vscode/.local/lib/python3.10/site-packages/airflow/example_dags/example_external_task_marker_dag.py took 0.052 seconds
[2025-02-03T11:59:38.386+0000] {processor.py:157} INFO - Started process (PID=41156) to work on /home/vscode/.local/lib/python3.10/site-packages/airflow/example_dags/example_external_task_marker_dag.py
[2025-02-03T11:59:38.387+0000] {processor.py:826} INFO - Processing file /home/vscode/.local/lib/python3.10/site-packages/airflow/example_dags/example_external_task_marker_dag.py for tasks to queue
[2025-02-03T11:59:38.387+0000] {logging_mixin.py:150} INFO - [2025-02-03T11:59:38.387+0000] {dagbag.py:541} INFO - Filling up the DagBag from /home/vscode/.local/lib/python3.10/site-packages/airflow/example_dags/example_external_task_marker_dag.py
[2025-02-03T11:59:38.392+0000] {processor.py:836} INFO - DAG(s) dict_keys(['example_external_task_marker_child', 'example_external_task_marker_parent']) retrieved from /home/vscode/.local/lib/python3.10/site-packages/airflow/example_dags/example_external_task_marker_dag.py
[2025-02-03T11:59:38.405+0000] {logging_mixin.py:150} INFO - [2025-02-03T11:59:38.405+0000] {dag.py:2742} INFO - Sync 2 DAGs
[2025-02-03T11:59:38.418+0000] {logging_mixin.py:150} INFO - [2025-02-03T11:59:38.418+0000] {dag.py:3504} INFO - Setting next_dagrun for example_external_task_marker_child to None, run_after=None
[2025-02-03T11:59:38.420+0000] {logging_mixin.py:150} INFO - [2025-02-03T11:59:38.420+0000] {dag.py:3504} INFO - Setting next_dagrun for example_external_task_marker_parent to None, run_after=None
[2025-02-03T11:59:38.434+0000] {processor.py:179} INFO - Processing /home/vscode/.local/lib/python3.10/site-packages/airflow/example_dags/example_external_task_marker_dag.py took 0.050 seconds
[2025-02-03T12:00:21.167+0000] {processor.py:157} INFO - Started process (PID=41443) to work on /home/vscode/.local/lib/python3.10/site-packages/airflow/example_dags/example_external_task_marker_dag.py
[2025-02-03T12:00:21.168+0000] {processor.py:826} INFO - Processing file /home/vscode/.local/lib/python3.10/site-packages/airflow/example_dags/example_external_task_marker_dag.py for tasks to queue
[2025-02-03T12:00:21.168+0000] {logging_mixin.py:150} INFO - [2025-02-03T12:00:21.168+0000] {dagbag.py:541} INFO - Filling up the DagBag from /home/vscode/.local/lib/python3.10/site-packages/airflow/example_dags/example_external_task_marker_dag.py
[2025-02-03T12:00:21.173+0000] {processor.py:836} INFO - DAG(s) dict_keys(['example_external_task_marker_child', 'example_external_task_marker_parent']) retrieved from /home/vscode/.local/lib/python3.10/site-packages/airflow/example_dags/example_external_task_marker_dag.py
[2025-02-03T12:00:21.187+0000] {logging_mixin.py:150} INFO - [2025-02-03T12:00:21.187+0000] {dag.py:2742} INFO - Sync 2 DAGs
[2025-02-03T12:00:21.201+0000] {logging_mixin.py:150} INFO - [2025-02-03T12:00:21.201+0000] {dag.py:3504} INFO - Setting next_dagrun for example_external_task_marker_child to None, run_after=None
[2025-02-03T12:00:21.203+0000] {logging_mixin.py:150} INFO - [2025-02-03T12:00:21.203+0000] {dag.py:3504} INFO - Setting next_dagrun for example_external_task_marker_parent to None, run_after=None
[2025-02-03T12:00:21.216+0000] {processor.py:179} INFO - Processing /home/vscode/.local/lib/python3.10/site-packages/airflow/example_dags/example_external_task_marker_dag.py took 0.051 seconds
[2025-02-03T12:01:09.194+0000] {processor.py:157} INFO - Started process (PID=41758) to work on /home/vscode/.local/lib/python3.10/site-packages/airflow/example_dags/example_external_task_marker_dag.py
[2025-02-03T12:01:09.195+0000] {processor.py:826} INFO - Processing file /home/vscode/.local/lib/python3.10/site-packages/airflow/example_dags/example_external_task_marker_dag.py for tasks to queue
[2025-02-03T12:01:09.196+0000] {logging_mixin.py:150} INFO - [2025-02-03T12:01:09.195+0000] {dagbag.py:541} INFO - Filling up the DagBag from /home/vscode/.local/lib/python3.10/site-packages/airflow/example_dags/example_external_task_marker_dag.py
[2025-02-03T12:01:09.201+0000] {processor.py:836} INFO - DAG(s) dict_keys(['example_external_task_marker_parent', 'example_external_task_marker_child']) retrieved from /home/vscode/.local/lib/python3.10/site-packages/airflow/example_dags/example_external_task_marker_dag.py
[2025-02-03T12:01:09.218+0000] {logging_mixin.py:150} INFO - [2025-02-03T12:01:09.218+0000] {dag.py:2742} INFO - Sync 2 DAGs
[2025-02-03T12:01:09.233+0000] {logging_mixin.py:150} INFO - [2025-02-03T12:01:09.232+0000] {dag.py:3504} INFO - Setting next_dagrun for example_external_task_marker_child to None, run_after=None
[2025-02-03T12:01:09.235+0000] {logging_mixin.py:150} INFO - [2025-02-03T12:01:09.235+0000] {dag.py:3504} INFO - Setting next_dagrun for example_external_task_marker_parent to None, run_after=None
[2025-02-03T12:01:09.248+0000] {processor.py:179} INFO - Processing /home/vscode/.local/lib/python3.10/site-packages/airflow/example_dags/example_external_task_marker_dag.py took 0.056 seconds
[2025-02-03T12:01:51.147+0000] {processor.py:157} INFO - Started process (PID=42049) to work on /home/vscode/.local/lib/python3.10/site-packages/airflow/example_dags/example_external_task_marker_dag.py
[2025-02-03T12:01:51.148+0000] {processor.py:826} INFO - Processing file /home/vscode/.local/lib/python3.10/site-packages/airflow/example_dags/example_external_task_marker_dag.py for tasks to queue
[2025-02-03T12:01:51.148+0000] {logging_mixin.py:150} INFO - [2025-02-03T12:01:51.148+0000] {dagbag.py:541} INFO - Filling up the DagBag from /home/vscode/.local/lib/python3.10/site-packages/airflow/example_dags/example_external_task_marker_dag.py
[2025-02-03T12:01:51.153+0000] {processor.py:836} INFO - DAG(s) dict_keys(['example_external_task_marker_parent', 'example_external_task_marker_child']) retrieved from /home/vscode/.local/lib/python3.10/site-packages/airflow/example_dags/example_external_task_marker_dag.py
[2025-02-03T12:01:51.166+0000] {logging_mixin.py:150} INFO - [2025-02-03T12:01:51.166+0000] {dag.py:2742} INFO - Sync 2 DAGs
[2025-02-03T12:01:51.179+0000] {logging_mixin.py:150} INFO - [2025-02-03T12:01:51.179+0000] {dag.py:3504} INFO - Setting next_dagrun for example_external_task_marker_child to None, run_after=None
[2025-02-03T12:01:51.182+0000] {logging_mixin.py:150} INFO - [2025-02-03T12:01:51.181+0000] {dag.py:3504} INFO - Setting next_dagrun for example_external_task_marker_parent to None, run_after=None
[2025-02-03T12:01:51.195+0000] {processor.py:179} INFO - Processing /home/vscode/.local/lib/python3.10/site-packages/airflow/example_dags/example_external_task_marker_dag.py took 0.050 seconds
[2025-02-03T12:02:34.419+0000] {processor.py:157} INFO - Started process (PID=42337) to work on /home/vscode/.local/lib/python3.10/site-packages/airflow/example_dags/example_external_task_marker_dag.py
[2025-02-03T12:02:34.420+0000] {processor.py:826} INFO - Processing file /home/vscode/.local/lib/python3.10/site-packages/airflow/example_dags/example_external_task_marker_dag.py for tasks to queue
[2025-02-03T12:02:34.420+0000] {logging_mixin.py:150} INFO - [2025-02-03T12:02:34.420+0000] {dagbag.py:541} INFO - Filling up the DagBag from /home/vscode/.local/lib/python3.10/site-packages/airflow/example_dags/example_external_task_marker_dag.py
[2025-02-03T12:02:34.425+0000] {processor.py:836} INFO - DAG(s) dict_keys(['example_external_task_marker_parent', 'example_external_task_marker_child']) retrieved from /home/vscode/.local/lib/python3.10/site-packages/airflow/example_dags/example_external_task_marker_dag.py
[2025-02-03T12:02:34.438+0000] {logging_mixin.py:150} INFO - [2025-02-03T12:02:34.438+0000] {dag.py:2742} INFO - Sync 2 DAGs
[2025-02-03T12:02:34.452+0000] {logging_mixin.py:150} INFO - [2025-02-03T12:02:34.452+0000] {dag.py:3504} INFO - Setting next_dagrun for example_external_task_marker_child to None, run_after=None
[2025-02-03T12:02:34.454+0000] {logging_mixin.py:150} INFO - [2025-02-03T12:02:34.454+0000] {dag.py:3504} INFO - Setting next_dagrun for example_external_task_marker_parent to None, run_after=None
[2025-02-03T12:02:34.467+0000] {processor.py:179} INFO - Processing /home/vscode/.local/lib/python3.10/site-packages/airflow/example_dags/example_external_task_marker_dag.py took 0.050 seconds
[2025-02-03T12:03:17.521+0000] {processor.py:157} INFO - Started process (PID=42625) to work on /home/vscode/.local/lib/python3.10/site-packages/airflow/example_dags/example_external_task_marker_dag.py
[2025-02-03T12:03:17.522+0000] {processor.py:826} INFO - Processing file /home/vscode/.local/lib/python3.10/site-packages/airflow/example_dags/example_external_task_marker_dag.py for tasks to queue
[2025-02-03T12:03:17.522+0000] {logging_mixin.py:150} INFO - [2025-02-03T12:03:17.522+0000] {dagbag.py:541} INFO - Filling up the DagBag from /home/vscode/.local/lib/python3.10/site-packages/airflow/example_dags/example_external_task_marker_dag.py
[2025-02-03T12:03:17.527+0000] {processor.py:836} INFO - DAG(s) dict_keys(['example_external_task_marker_parent', 'example_external_task_marker_child']) retrieved from /home/vscode/.local/lib/python3.10/site-packages/airflow/example_dags/example_external_task_marker_dag.py
[2025-02-03T12:03:17.544+0000] {logging_mixin.py:150} INFO - [2025-02-03T12:03:17.544+0000] {dag.py:2742} INFO - Sync 2 DAGs
[2025-02-03T12:03:17.560+0000] {logging_mixin.py:150} INFO - [2025-02-03T12:03:17.560+0000] {dag.py:3504} INFO - Setting next_dagrun for example_external_task_marker_child to None, run_after=None
[2025-02-03T12:03:17.563+0000] {logging_mixin.py:150} INFO - [2025-02-03T12:03:17.563+0000] {dag.py:3504} INFO - Setting next_dagrun for example_external_task_marker_parent to None, run_after=None
[2025-02-03T12:03:17.584+0000] {processor.py:179} INFO - Processing /home/vscode/.local/lib/python3.10/site-packages/airflow/example_dags/example_external_task_marker_dag.py took 0.065 seconds
[2025-02-03T12:04:00.894+0000] {processor.py:157} INFO - Started process (PID=42919) to work on /home/vscode/.local/lib/python3.10/site-packages/airflow/example_dags/example_external_task_marker_dag.py
[2025-02-03T12:04:00.895+0000] {processor.py:826} INFO - Processing file /home/vscode/.local/lib/python3.10/site-packages/airflow/example_dags/example_external_task_marker_dag.py for tasks to queue
[2025-02-03T12:04:00.896+0000] {logging_mixin.py:150} INFO - [2025-02-03T12:04:00.895+0000] {dagbag.py:541} INFO - Filling up the DagBag from /home/vscode/.local/lib/python3.10/site-packages/airflow/example_dags/example_external_task_marker_dag.py
[2025-02-03T12:04:00.900+0000] {processor.py:836} INFO - DAG(s) dict_keys(['example_external_task_marker_child', 'example_external_task_marker_parent']) retrieved from /home/vscode/.local/lib/python3.10/site-packages/airflow/example_dags/example_external_task_marker_dag.py
[2025-02-03T12:04:00.914+0000] {logging_mixin.py:150} INFO - [2025-02-03T12:04:00.913+0000] {dag.py:2742} INFO - Sync 2 DAGs
[2025-02-03T12:04:00.928+0000] {logging_mixin.py:150} INFO - [2025-02-03T12:04:00.927+0000] {dag.py:3504} INFO - Setting next_dagrun for example_external_task_marker_child to None, run_after=None
[2025-02-03T12:04:00.930+0000] {logging_mixin.py:150} INFO - [2025-02-03T12:04:00.929+0000] {dag.py:3504} INFO - Setting next_dagrun for example_external_task_marker_parent to None, run_after=None
[2025-02-03T12:04:00.942+0000] {processor.py:179} INFO - Processing /home/vscode/.local/lib/python3.10/site-packages/airflow/example_dags/example_external_task_marker_dag.py took 0.050 seconds
[2025-02-03T12:04:43.656+0000] {processor.py:157} INFO - Started process (PID=43212) to work on /home/vscode/.local/lib/python3.10/site-packages/airflow/example_dags/example_external_task_marker_dag.py
[2025-02-03T12:04:43.657+0000] {processor.py:826} INFO - Processing file /home/vscode/.local/lib/python3.10/site-packages/airflow/example_dags/example_external_task_marker_dag.py for tasks to queue
[2025-02-03T12:04:43.657+0000] {logging_mixin.py:150} INFO - [2025-02-03T12:04:43.657+0000] {dagbag.py:541} INFO - Filling up the DagBag from /home/vscode/.local/lib/python3.10/site-packages/airflow/example_dags/example_external_task_marker_dag.py
[2025-02-03T12:04:43.661+0000] {processor.py:836} INFO - DAG(s) dict_keys(['example_external_task_marker_parent', 'example_external_task_marker_child']) retrieved from /home/vscode/.local/lib/python3.10/site-packages/airflow/example_dags/example_external_task_marker_dag.py
[2025-02-03T12:04:43.675+0000] {logging_mixin.py:150} INFO - [2025-02-03T12:04:43.675+0000] {dag.py:2742} INFO - Sync 2 DAGs
[2025-02-03T12:04:43.689+0000] {logging_mixin.py:150} INFO - [2025-02-03T12:04:43.689+0000] {dag.py:3504} INFO - Setting next_dagrun for example_external_task_marker_child to None, run_after=None
[2025-02-03T12:04:43.691+0000] {logging_mixin.py:150} INFO - [2025-02-03T12:04:43.691+0000] {dag.py:3504} INFO - Setting next_dagrun for example_external_task_marker_parent to None, run_after=None
[2025-02-03T12:04:43.705+0000] {processor.py:179} INFO - Processing /home/vscode/.local/lib/python3.10/site-packages/airflow/example_dags/example_external_task_marker_dag.py took 0.051 seconds
[2025-02-03T12:05:28.134+0000] {processor.py:157} INFO - Started process (PID=43500) to work on /home/vscode/.local/lib/python3.10/site-packages/airflow/example_dags/example_external_task_marker_dag.py
[2025-02-03T12:05:28.135+0000] {processor.py:826} INFO - Processing file /home/vscode/.local/lib/python3.10/site-packages/airflow/example_dags/example_external_task_marker_dag.py for tasks to queue
[2025-02-03T12:05:28.136+0000] {logging_mixin.py:150} INFO - [2025-02-03T12:05:28.136+0000] {dagbag.py:541} INFO - Filling up the DagBag from /home/vscode/.local/lib/python3.10/site-packages/airflow/example_dags/example_external_task_marker_dag.py
[2025-02-03T12:05:28.140+0000] {processor.py:836} INFO - DAG(s) dict_keys(['example_external_task_marker_child', 'example_external_task_marker_parent']) retrieved from /home/vscode/.local/lib/python3.10/site-packages/airflow/example_dags/example_external_task_marker_dag.py
[2025-02-03T12:05:28.154+0000] {logging_mixin.py:150} INFO - [2025-02-03T12:05:28.154+0000] {dag.py:2742} INFO - Sync 2 DAGs
[2025-02-03T12:05:28.168+0000] {logging_mixin.py:150} INFO - [2025-02-03T12:05:28.168+0000] {dag.py:3504} INFO - Setting next_dagrun for example_external_task_marker_child to None, run_after=None
[2025-02-03T12:05:28.170+0000] {logging_mixin.py:150} INFO - [2025-02-03T12:05:28.170+0000] {dag.py:3504} INFO - Setting next_dagrun for example_external_task_marker_parent to None, run_after=None
[2025-02-03T12:05:28.183+0000] {processor.py:179} INFO - Processing /home/vscode/.local/lib/python3.10/site-packages/airflow/example_dags/example_external_task_marker_dag.py took 0.051 seconds
[2025-02-03T12:06:15.692+0000] {processor.py:157} INFO - Started process (PID=43828) to work on /home/vscode/.local/lib/python3.10/site-packages/airflow/example_dags/example_external_task_marker_dag.py
[2025-02-03T12:06:15.693+0000] {processor.py:826} INFO - Processing file /home/vscode/.local/lib/python3.10/site-packages/airflow/example_dags/example_external_task_marker_dag.py for tasks to queue
[2025-02-03T12:06:15.693+0000] {logging_mixin.py:150} INFO - [2025-02-03T12:06:15.693+0000] {dagbag.py:541} INFO - Filling up the DagBag from /home/vscode/.local/lib/python3.10/site-packages/airflow/example_dags/example_external_task_marker_dag.py
[2025-02-03T12:06:15.698+0000] {processor.py:836} INFO - DAG(s) dict_keys(['example_external_task_marker_child', 'example_external_task_marker_parent']) retrieved from /home/vscode/.local/lib/python3.10/site-packages/airflow/example_dags/example_external_task_marker_dag.py
[2025-02-03T12:06:15.712+0000] {logging_mixin.py:150} INFO - [2025-02-03T12:06:15.712+0000] {dag.py:2742} INFO - Sync 2 DAGs
[2025-02-03T12:06:15.726+0000] {logging_mixin.py:150} INFO - [2025-02-03T12:06:15.726+0000] {dag.py:3504} INFO - Setting next_dagrun for example_external_task_marker_child to None, run_after=None
[2025-02-03T12:06:15.728+0000] {logging_mixin.py:150} INFO - [2025-02-03T12:06:15.728+0000] {dag.py:3504} INFO - Setting next_dagrun for example_external_task_marker_parent to None, run_after=None
[2025-02-03T12:06:15.742+0000] {processor.py:179} INFO - Processing /home/vscode/.local/lib/python3.10/site-packages/airflow/example_dags/example_external_task_marker_dag.py took 0.052 seconds
[2025-02-03T12:07:03.461+0000] {processor.py:157} INFO - Started process (PID=44148) to work on /home/vscode/.local/lib/python3.10/site-packages/airflow/example_dags/example_external_task_marker_dag.py
[2025-02-03T12:07:03.462+0000] {processor.py:826} INFO - Processing file /home/vscode/.local/lib/python3.10/site-packages/airflow/example_dags/example_external_task_marker_dag.py for tasks to queue
[2025-02-03T12:07:03.462+0000] {logging_mixin.py:150} INFO - [2025-02-03T12:07:03.462+0000] {dagbag.py:541} INFO - Filling up the DagBag from /home/vscode/.local/lib/python3.10/site-packages/airflow/example_dags/example_external_task_marker_dag.py
[2025-02-03T12:07:03.467+0000] {processor.py:836} INFO - DAG(s) dict_keys(['example_external_task_marker_child', 'example_external_task_marker_parent']) retrieved from /home/vscode/.local/lib/python3.10/site-packages/airflow/example_dags/example_external_task_marker_dag.py
[2025-02-03T12:07:03.481+0000] {logging_mixin.py:150} INFO - [2025-02-03T12:07:03.481+0000] {dag.py:2742} INFO - Sync 2 DAGs
[2025-02-03T12:07:03.496+0000] {logging_mixin.py:150} INFO - [2025-02-03T12:07:03.496+0000] {dag.py:3504} INFO - Setting next_dagrun for example_external_task_marker_child to None, run_after=None
[2025-02-03T12:07:03.498+0000] {logging_mixin.py:150} INFO - [2025-02-03T12:07:03.498+0000] {dag.py:3504} INFO - Setting next_dagrun for example_external_task_marker_parent to None, run_after=None
[2025-02-03T12:07:03.511+0000] {processor.py:179} INFO - Processing /home/vscode/.local/lib/python3.10/site-packages/airflow/example_dags/example_external_task_marker_dag.py took 0.053 seconds
[2025-02-03T12:07:45.616+0000] {processor.py:157} INFO - Started process (PID=44992) to work on /home/vscode/.local/lib/python3.10/site-packages/airflow/example_dags/example_external_task_marker_dag.py
[2025-02-03T12:07:45.617+0000] {processor.py:826} INFO - Processing file /home/vscode/.local/lib/python3.10/site-packages/airflow/example_dags/example_external_task_marker_dag.py for tasks to queue
[2025-02-03T12:07:45.617+0000] {logging_mixin.py:150} INFO - [2025-02-03T12:07:45.617+0000] {dagbag.py:541} INFO - Filling up the DagBag from /home/vscode/.local/lib/python3.10/site-packages/airflow/example_dags/example_external_task_marker_dag.py
[2025-02-03T12:07:45.621+0000] {processor.py:836} INFO - DAG(s) dict_keys(['example_external_task_marker_child', 'example_external_task_marker_parent']) retrieved from /home/vscode/.local/lib/python3.10/site-packages/airflow/example_dags/example_external_task_marker_dag.py
[2025-02-03T12:07:45.635+0000] {logging_mixin.py:150} INFO - [2025-02-03T12:07:45.635+0000] {dag.py:2742} INFO - Sync 2 DAGs
[2025-02-03T12:07:45.649+0000] {logging_mixin.py:150} INFO - [2025-02-03T12:07:45.649+0000] {dag.py:3504} INFO - Setting next_dagrun for example_external_task_marker_child to None, run_after=None
[2025-02-03T12:07:45.651+0000] {logging_mixin.py:150} INFO - [2025-02-03T12:07:45.651+0000] {dag.py:3504} INFO - Setting next_dagrun for example_external_task_marker_parent to None, run_after=None
[2025-02-03T12:07:45.663+0000] {processor.py:179} INFO - Processing /home/vscode/.local/lib/python3.10/site-packages/airflow/example_dags/example_external_task_marker_dag.py took 0.049 seconds
[2025-02-03T12:08:34.078+0000] {processor.py:157} INFO - Started process (PID=46426) to work on /home/vscode/.local/lib/python3.10/site-packages/airflow/example_dags/example_external_task_marker_dag.py
[2025-02-03T12:08:34.078+0000] {processor.py:826} INFO - Processing file /home/vscode/.local/lib/python3.10/site-packages/airflow/example_dags/example_external_task_marker_dag.py for tasks to queue
[2025-02-03T12:08:34.079+0000] {logging_mixin.py:150} INFO - [2025-02-03T12:08:34.079+0000] {dagbag.py:541} INFO - Filling up the DagBag from /home/vscode/.local/lib/python3.10/site-packages/airflow/example_dags/example_external_task_marker_dag.py
[2025-02-03T12:08:34.083+0000] {processor.py:836} INFO - DAG(s) dict_keys(['example_external_task_marker_parent', 'example_external_task_marker_child']) retrieved from /home/vscode/.local/lib/python3.10/site-packages/airflow/example_dags/example_external_task_marker_dag.py
[2025-02-03T12:08:34.097+0000] {logging_mixin.py:150} INFO - [2025-02-03T12:08:34.097+0000] {dag.py:2742} INFO - Sync 2 DAGs
[2025-02-03T12:08:34.110+0000] {logging_mixin.py:150} INFO - [2025-02-03T12:08:34.110+0000] {dag.py:3504} INFO - Setting next_dagrun for example_external_task_marker_child to None, run_after=None
[2025-02-03T12:08:34.112+0000] {logging_mixin.py:150} INFO - [2025-02-03T12:08:34.112+0000] {dag.py:3504} INFO - Setting next_dagrun for example_external_task_marker_parent to None, run_after=None
[2025-02-03T12:08:34.125+0000] {processor.py:179} INFO - Processing /home/vscode/.local/lib/python3.10/site-packages/airflow/example_dags/example_external_task_marker_dag.py took 0.050 seconds
[2025-02-03T12:09:15.780+0000] {processor.py:157} INFO - Started process (PID=46792) to work on /home/vscode/.local/lib/python3.10/site-packages/airflow/example_dags/example_external_task_marker_dag.py
[2025-02-03T12:09:15.781+0000] {processor.py:826} INFO - Processing file /home/vscode/.local/lib/python3.10/site-packages/airflow/example_dags/example_external_task_marker_dag.py for tasks to queue
[2025-02-03T12:09:15.782+0000] {logging_mixin.py:150} INFO - [2025-02-03T12:09:15.781+0000] {dagbag.py:541} INFO - Filling up the DagBag from /home/vscode/.local/lib/python3.10/site-packages/airflow/example_dags/example_external_task_marker_dag.py
[2025-02-03T12:09:15.786+0000] {processor.py:836} INFO - DAG(s) dict_keys(['example_external_task_marker_parent', 'example_external_task_marker_child']) retrieved from /home/vscode/.local/lib/python3.10/site-packages/airflow/example_dags/example_external_task_marker_dag.py
[2025-02-03T12:09:15.799+0000] {logging_mixin.py:150} INFO - [2025-02-03T12:09:15.799+0000] {dag.py:2742} INFO - Sync 2 DAGs
[2025-02-03T12:09:15.813+0000] {logging_mixin.py:150} INFO - [2025-02-03T12:09:15.813+0000] {dag.py:3504} INFO - Setting next_dagrun for example_external_task_marker_child to None, run_after=None
[2025-02-03T12:09:15.816+0000] {logging_mixin.py:150} INFO - [2025-02-03T12:09:15.815+0000] {dag.py:3504} INFO - Setting next_dagrun for example_external_task_marker_parent to None, run_after=None
[2025-02-03T12:09:15.829+0000] {processor.py:179} INFO - Processing /home/vscode/.local/lib/python3.10/site-packages/airflow/example_dags/example_external_task_marker_dag.py took 0.050 seconds
[2025-02-03T12:09:56.859+0000] {processor.py:157} INFO - Started process (PID=47633) to work on /home/vscode/.local/lib/python3.10/site-packages/airflow/example_dags/example_external_task_marker_dag.py
[2025-02-03T12:09:56.860+0000] {processor.py:826} INFO - Processing file /home/vscode/.local/lib/python3.10/site-packages/airflow/example_dags/example_external_task_marker_dag.py for tasks to queue
[2025-02-03T12:09:56.860+0000] {logging_mixin.py:150} INFO - [2025-02-03T12:09:56.860+0000] {dagbag.py:541} INFO - Filling up the DagBag from /home/vscode/.local/lib/python3.10/site-packages/airflow/example_dags/example_external_task_marker_dag.py
[2025-02-03T12:09:56.868+0000] {processor.py:836} INFO - DAG(s) dict_keys(['example_external_task_marker_parent', 'example_external_task_marker_child']) retrieved from /home/vscode/.local/lib/python3.10/site-packages/airflow/example_dags/example_external_task_marker_dag.py
[2025-02-03T12:09:56.887+0000] {logging_mixin.py:150} INFO - [2025-02-03T12:09:56.887+0000] {dag.py:2742} INFO - Sync 2 DAGs
[2025-02-03T12:09:56.903+0000] {logging_mixin.py:150} INFO - [2025-02-03T12:09:56.903+0000] {dag.py:3504} INFO - Setting next_dagrun for example_external_task_marker_child to None, run_after=None
[2025-02-03T12:09:56.906+0000] {logging_mixin.py:150} INFO - [2025-02-03T12:09:56.905+0000] {dag.py:3504} INFO - Setting next_dagrun for example_external_task_marker_parent to None, run_after=None
[2025-02-03T12:09:56.920+0000] {processor.py:179} INFO - Processing /home/vscode/.local/lib/python3.10/site-packages/airflow/example_dags/example_external_task_marker_dag.py took 0.063 seconds
