[2025-02-03T11:50:33.353+0000] {processor.py:157} INFO - Started process (PID=37497) to work on /home/vscode/.local/lib/python3.10/site-packages/airflow/example_dags/example_short_circuit_operator.py
[2025-02-03T11:50:33.353+0000] {processor.py:826} INFO - Processing file /home/vscode/.local/lib/python3.10/site-packages/airflow/example_dags/example_short_circuit_operator.py for tasks to queue
[2025-02-03T11:50:33.354+0000] {logging_mixin.py:150} INFO - [2025-02-03T11:50:33.354+0000] {dagbag.py:541} INFO - Filling up the DagBag from /home/vscode/.local/lib/python3.10/site-packages/airflow/example_dags/example_short_circuit_operator.py
[2025-02-03T11:50:33.360+0000] {processor.py:836} INFO - DAG(s) dict_keys(['example_short_circuit_operator']) retrieved from /home/vscode/.local/lib/python3.10/site-packages/airflow/example_dags/example_short_circuit_operator.py
[2025-02-03T11:50:33.522+0000] {logging_mixin.py:150} INFO - [2025-02-03T11:50:33.522+0000] {manager.py:504} INFO - Created Permission View: can read on DAG:example_short_circuit_operator
[2025-02-03T11:50:33.530+0000] {logging_mixin.py:150} INFO - [2025-02-03T11:50:33.530+0000] {manager.py:504} INFO - Created Permission View: can delete on DAG:example_short_circuit_operator
[2025-02-03T11:50:33.537+0000] {logging_mixin.py:150} INFO - [2025-02-03T11:50:33.537+0000] {manager.py:504} INFO - Created Permission View: can edit on DAG:example_short_circuit_operator
[2025-02-03T11:50:33.545+0000] {logging_mixin.py:150} INFO - [2025-02-03T11:50:33.545+0000] {dag.py:2742} INFO - Sync 1 DAGs
[2025-02-03T11:50:33.551+0000] {logging_mixin.py:150} INFO - [2025-02-03T11:50:33.551+0000] {dag.py:2763} INFO - Creating ORM DAG for example_short_circuit_operator
[2025-02-03T11:50:33.557+0000] {logging_mixin.py:150} INFO - [2025-02-03T11:50:33.556+0000] {dag.py:3504} INFO - Setting next_dagrun for example_short_circuit_operator to 2025-02-02T11:50:33.556808+00:00, run_after=2025-02-03T11:50:33.556808+00:00
[2025-02-03T11:50:33.570+0000] {processor.py:179} INFO - Processing /home/vscode/.local/lib/python3.10/site-packages/airflow/example_dags/example_short_circuit_operator.py took 0.220 seconds
[2025-02-03T11:51:21.902+0000] {processor.py:157} INFO - Started process (PID=37820) to work on /home/vscode/.local/lib/python3.10/site-packages/airflow/example_dags/example_short_circuit_operator.py
[2025-02-03T11:51:21.902+0000] {processor.py:826} INFO - Processing file /home/vscode/.local/lib/python3.10/site-packages/airflow/example_dags/example_short_circuit_operator.py for tasks to queue
[2025-02-03T11:51:21.903+0000] {logging_mixin.py:150} INFO - [2025-02-03T11:51:21.903+0000] {dagbag.py:541} INFO - Filling up the DagBag from /home/vscode/.local/lib/python3.10/site-packages/airflow/example_dags/example_short_circuit_operator.py
[2025-02-03T11:51:21.909+0000] {processor.py:836} INFO - DAG(s) dict_keys(['example_short_circuit_operator']) retrieved from /home/vscode/.local/lib/python3.10/site-packages/airflow/example_dags/example_short_circuit_operator.py
[2025-02-03T11:51:21.921+0000] {logging_mixin.py:150} INFO - [2025-02-03T11:51:21.921+0000] {dag.py:2742} INFO - Sync 1 DAGs
[2025-02-03T11:51:21.935+0000] {logging_mixin.py:150} INFO - [2025-02-03T11:51:21.935+0000] {dag.py:3504} INFO - Setting next_dagrun for example_short_circuit_operator to 2025-02-02T11:51:21.935304+00:00, run_after=2025-02-03T11:51:21.935304+00:00
[2025-02-03T11:51:21.950+0000] {processor.py:179} INFO - Processing /home/vscode/.local/lib/python3.10/site-packages/airflow/example_dags/example_short_circuit_operator.py took 0.050 seconds
[2025-02-03T11:52:07.207+0000] {processor.py:157} INFO - Started process (PID=38121) to work on /home/vscode/.local/lib/python3.10/site-packages/airflow/example_dags/example_short_circuit_operator.py
[2025-02-03T11:52:07.208+0000] {processor.py:826} INFO - Processing file /home/vscode/.local/lib/python3.10/site-packages/airflow/example_dags/example_short_circuit_operator.py for tasks to queue
[2025-02-03T11:52:07.208+0000] {logging_mixin.py:150} INFO - [2025-02-03T11:52:07.208+0000] {dagbag.py:541} INFO - Filling up the DagBag from /home/vscode/.local/lib/python3.10/site-packages/airflow/example_dags/example_short_circuit_operator.py
[2025-02-03T11:52:07.214+0000] {processor.py:836} INFO - DAG(s) dict_keys(['example_short_circuit_operator']) retrieved from /home/vscode/.local/lib/python3.10/site-packages/airflow/example_dags/example_short_circuit_operator.py
[2025-02-03T11:52:07.227+0000] {logging_mixin.py:150} INFO - [2025-02-03T11:52:07.227+0000] {dag.py:2742} INFO - Sync 1 DAGs
[2025-02-03T11:52:07.240+0000] {logging_mixin.py:150} INFO - [2025-02-03T11:52:07.240+0000] {dag.py:3504} INFO - Setting next_dagrun for example_short_circuit_operator to 2025-02-02T11:52:07.240446+00:00, run_after=2025-02-03T11:52:07.240446+00:00
[2025-02-03T11:52:07.255+0000] {processor.py:179} INFO - Processing /home/vscode/.local/lib/python3.10/site-packages/airflow/example_dags/example_short_circuit_operator.py took 0.049 seconds
[2025-02-03T11:52:51.142+0000] {processor.py:157} INFO - Started process (PID=38425) to work on /home/vscode/.local/lib/python3.10/site-packages/airflow/example_dags/example_short_circuit_operator.py
[2025-02-03T11:52:51.142+0000] {processor.py:826} INFO - Processing file /home/vscode/.local/lib/python3.10/site-packages/airflow/example_dags/example_short_circuit_operator.py for tasks to queue
[2025-02-03T11:52:51.143+0000] {logging_mixin.py:150} INFO - [2025-02-03T11:52:51.142+0000] {dagbag.py:541} INFO - Filling up the DagBag from /home/vscode/.local/lib/python3.10/site-packages/airflow/example_dags/example_short_circuit_operator.py
[2025-02-03T11:52:51.149+0000] {processor.py:836} INFO - DAG(s) dict_keys(['example_short_circuit_operator']) retrieved from /home/vscode/.local/lib/python3.10/site-packages/airflow/example_dags/example_short_circuit_operator.py
[2025-02-03T11:52:51.162+0000] {logging_mixin.py:150} INFO - [2025-02-03T11:52:51.161+0000] {dag.py:2742} INFO - Sync 1 DAGs
[2025-02-03T11:52:51.175+0000] {logging_mixin.py:150} INFO - [2025-02-03T11:52:51.175+0000] {dag.py:3504} INFO - Setting next_dagrun for example_short_circuit_operator to 2025-02-02T11:52:51.175515+00:00, run_after=2025-02-03T11:52:51.175515+00:00
[2025-02-03T11:52:51.190+0000] {processor.py:179} INFO - Processing /home/vscode/.local/lib/python3.10/site-packages/airflow/example_dags/example_short_circuit_operator.py took 0.051 seconds
[2025-02-03T11:53:37.366+0000] {processor.py:157} INFO - Started process (PID=38730) to work on /home/vscode/.local/lib/python3.10/site-packages/airflow/example_dags/example_short_circuit_operator.py
[2025-02-03T11:53:37.367+0000] {processor.py:826} INFO - Processing file /home/vscode/.local/lib/python3.10/site-packages/airflow/example_dags/example_short_circuit_operator.py for tasks to queue
[2025-02-03T11:53:37.367+0000] {logging_mixin.py:150} INFO - [2025-02-03T11:53:37.367+0000] {dagbag.py:541} INFO - Filling up the DagBag from /home/vscode/.local/lib/python3.10/site-packages/airflow/example_dags/example_short_circuit_operator.py
[2025-02-03T11:53:37.373+0000] {processor.py:836} INFO - DAG(s) dict_keys(['example_short_circuit_operator']) retrieved from /home/vscode/.local/lib/python3.10/site-packages/airflow/example_dags/example_short_circuit_operator.py
[2025-02-03T11:53:37.386+0000] {logging_mixin.py:150} INFO - [2025-02-03T11:53:37.386+0000] {dag.py:2742} INFO - Sync 1 DAGs
[2025-02-03T11:53:37.399+0000] {logging_mixin.py:150} INFO - [2025-02-03T11:53:37.399+0000] {dag.py:3504} INFO - Setting next_dagrun for example_short_circuit_operator to 2025-02-02T11:53:37.399560+00:00, run_after=2025-02-03T11:53:37.399560+00:00
[2025-02-03T11:53:37.413+0000] {processor.py:179} INFO - Processing /home/vscode/.local/lib/python3.10/site-packages/airflow/example_dags/example_short_circuit_operator.py took 0.049 seconds
[2025-02-03T11:54:19.614+0000] {processor.py:157} INFO - Started process (PID=39016) to work on /home/vscode/.local/lib/python3.10/site-packages/airflow/example_dags/example_short_circuit_operator.py
[2025-02-03T11:54:19.614+0000] {processor.py:826} INFO - Processing file /home/vscode/.local/lib/python3.10/site-packages/airflow/example_dags/example_short_circuit_operator.py for tasks to queue
[2025-02-03T11:54:19.615+0000] {logging_mixin.py:150} INFO - [2025-02-03T11:54:19.614+0000] {dagbag.py:541} INFO - Filling up the DagBag from /home/vscode/.local/lib/python3.10/site-packages/airflow/example_dags/example_short_circuit_operator.py
[2025-02-03T11:54:19.621+0000] {processor.py:836} INFO - DAG(s) dict_keys(['example_short_circuit_operator']) retrieved from /home/vscode/.local/lib/python3.10/site-packages/airflow/example_dags/example_short_circuit_operator.py
[2025-02-03T11:54:19.633+0000] {logging_mixin.py:150} INFO - [2025-02-03T11:54:19.633+0000] {dag.py:2742} INFO - Sync 1 DAGs
[2025-02-03T11:54:19.647+0000] {logging_mixin.py:150} INFO - [2025-02-03T11:54:19.647+0000] {dag.py:3504} INFO - Setting next_dagrun for example_short_circuit_operator to 2025-02-02T11:54:19.646946+00:00, run_after=2025-02-03T11:54:19.646946+00:00
[2025-02-03T11:54:19.661+0000] {processor.py:179} INFO - Processing /home/vscode/.local/lib/python3.10/site-packages/airflow/example_dags/example_short_circuit_operator.py took 0.050 seconds
[2025-02-03T11:55:03.685+0000] {processor.py:157} INFO - Started process (PID=39310) to work on /home/vscode/.local/lib/python3.10/site-packages/airflow/example_dags/example_short_circuit_operator.py
[2025-02-03T11:55:03.686+0000] {processor.py:826} INFO - Processing file /home/vscode/.local/lib/python3.10/site-packages/airflow/example_dags/example_short_circuit_operator.py for tasks to queue
[2025-02-03T11:55:03.687+0000] {logging_mixin.py:150} INFO - [2025-02-03T11:55:03.686+0000] {dagbag.py:541} INFO - Filling up the DagBag from /home/vscode/.local/lib/python3.10/site-packages/airflow/example_dags/example_short_circuit_operator.py
[2025-02-03T11:55:03.692+0000] {processor.py:836} INFO - DAG(s) dict_keys(['example_short_circuit_operator']) retrieved from /home/vscode/.local/lib/python3.10/site-packages/airflow/example_dags/example_short_circuit_operator.py
[2025-02-03T11:55:03.705+0000] {logging_mixin.py:150} INFO - [2025-02-03T11:55:03.705+0000] {dag.py:2742} INFO - Sync 1 DAGs
[2025-02-03T11:55:03.718+0000] {logging_mixin.py:150} INFO - [2025-02-03T11:55:03.718+0000] {dag.py:3504} INFO - Setting next_dagrun for example_short_circuit_operator to 2025-02-02T11:55:03.718518+00:00, run_after=2025-02-03T11:55:03.718518+00:00
[2025-02-03T11:55:03.732+0000] {processor.py:179} INFO - Processing /home/vscode/.local/lib/python3.10/site-packages/airflow/example_dags/example_short_circuit_operator.py took 0.049 seconds
[2025-02-03T11:55:45.492+0000] {processor.py:157} INFO - Started process (PID=39590) to work on /home/vscode/.local/lib/python3.10/site-packages/airflow/example_dags/example_short_circuit_operator.py
[2025-02-03T11:55:45.492+0000] {processor.py:826} INFO - Processing file /home/vscode/.local/lib/python3.10/site-packages/airflow/example_dags/example_short_circuit_operator.py for tasks to queue
[2025-02-03T11:55:45.493+0000] {logging_mixin.py:150} INFO - [2025-02-03T11:55:45.493+0000] {dagbag.py:541} INFO - Filling up the DagBag from /home/vscode/.local/lib/python3.10/site-packages/airflow/example_dags/example_short_circuit_operator.py
[2025-02-03T11:55:45.499+0000] {processor.py:836} INFO - DAG(s) dict_keys(['example_short_circuit_operator']) retrieved from /home/vscode/.local/lib/python3.10/site-packages/airflow/example_dags/example_short_circuit_operator.py
[2025-02-03T11:55:45.511+0000] {logging_mixin.py:150} INFO - [2025-02-03T11:55:45.511+0000] {dag.py:2742} INFO - Sync 1 DAGs
[2025-02-03T11:55:45.525+0000] {logging_mixin.py:150} INFO - [2025-02-03T11:55:45.525+0000] {dag.py:3504} INFO - Setting next_dagrun for example_short_circuit_operator to 2025-02-02T11:55:45.525481+00:00, run_after=2025-02-03T11:55:45.525481+00:00
[2025-02-03T11:55:45.539+0000] {processor.py:179} INFO - Processing /home/vscode/.local/lib/python3.10/site-packages/airflow/example_dags/example_short_circuit_operator.py took 0.050 seconds
[2025-02-03T11:56:27.159+0000] {processor.py:157} INFO - Started process (PID=39869) to work on /home/vscode/.local/lib/python3.10/site-packages/airflow/example_dags/example_short_circuit_operator.py
[2025-02-03T11:56:27.160+0000] {processor.py:826} INFO - Processing file /home/vscode/.local/lib/python3.10/site-packages/airflow/example_dags/example_short_circuit_operator.py for tasks to queue
[2025-02-03T11:56:27.160+0000] {logging_mixin.py:150} INFO - [2025-02-03T11:56:27.160+0000] {dagbag.py:541} INFO - Filling up the DagBag from /home/vscode/.local/lib/python3.10/site-packages/airflow/example_dags/example_short_circuit_operator.py
[2025-02-03T11:56:27.166+0000] {processor.py:836} INFO - DAG(s) dict_keys(['example_short_circuit_operator']) retrieved from /home/vscode/.local/lib/python3.10/site-packages/airflow/example_dags/example_short_circuit_operator.py
[2025-02-03T11:56:27.179+0000] {logging_mixin.py:150} INFO - [2025-02-03T11:56:27.179+0000] {dag.py:2742} INFO - Sync 1 DAGs
[2025-02-03T11:56:27.192+0000] {logging_mixin.py:150} INFO - [2025-02-03T11:56:27.192+0000] {dag.py:3504} INFO - Setting next_dagrun for example_short_circuit_operator to 2025-02-02T11:56:27.192549+00:00, run_after=2025-02-03T11:56:27.192549+00:00
[2025-02-03T11:56:27.206+0000] {processor.py:179} INFO - Processing /home/vscode/.local/lib/python3.10/site-packages/airflow/example_dags/example_short_circuit_operator.py took 0.049 seconds
[2025-02-03T11:57:10.123+0000] {processor.py:157} INFO - Started process (PID=40161) to work on /home/vscode/.local/lib/python3.10/site-packages/airflow/example_dags/example_short_circuit_operator.py
[2025-02-03T11:57:10.124+0000] {processor.py:826} INFO - Processing file /home/vscode/.local/lib/python3.10/site-packages/airflow/example_dags/example_short_circuit_operator.py for tasks to queue
[2025-02-03T11:57:10.125+0000] {logging_mixin.py:150} INFO - [2025-02-03T11:57:10.124+0000] {dagbag.py:541} INFO - Filling up the DagBag from /home/vscode/.local/lib/python3.10/site-packages/airflow/example_dags/example_short_circuit_operator.py
[2025-02-03T11:57:10.130+0000] {processor.py:836} INFO - DAG(s) dict_keys(['example_short_circuit_operator']) retrieved from /home/vscode/.local/lib/python3.10/site-packages/airflow/example_dags/example_short_circuit_operator.py
[2025-02-03T11:57:10.144+0000] {logging_mixin.py:150} INFO - [2025-02-03T11:57:10.143+0000] {dag.py:2742} INFO - Sync 1 DAGs
[2025-02-03T11:57:10.158+0000] {logging_mixin.py:150} INFO - [2025-02-03T11:57:10.157+0000] {dag.py:3504} INFO - Setting next_dagrun for example_short_circuit_operator to 2025-02-02T11:57:10.157740+00:00, run_after=2025-02-03T11:57:10.157740+00:00
[2025-02-03T11:57:10.172+0000] {processor.py:179} INFO - Processing /home/vscode/.local/lib/python3.10/site-packages/airflow/example_dags/example_short_circuit_operator.py took 0.051 seconds
[2025-02-03T11:57:55.236+0000] {processor.py:157} INFO - Started process (PID=40463) to work on /home/vscode/.local/lib/python3.10/site-packages/airflow/example_dags/example_short_circuit_operator.py
[2025-02-03T11:57:55.236+0000] {processor.py:826} INFO - Processing file /home/vscode/.local/lib/python3.10/site-packages/airflow/example_dags/example_short_circuit_operator.py for tasks to queue
[2025-02-03T11:57:55.237+0000] {logging_mixin.py:150} INFO - [2025-02-03T11:57:55.236+0000] {dagbag.py:541} INFO - Filling up the DagBag from /home/vscode/.local/lib/python3.10/site-packages/airflow/example_dags/example_short_circuit_operator.py
[2025-02-03T11:57:55.243+0000] {processor.py:836} INFO - DAG(s) dict_keys(['example_short_circuit_operator']) retrieved from /home/vscode/.local/lib/python3.10/site-packages/airflow/example_dags/example_short_circuit_operator.py
[2025-02-03T11:57:55.255+0000] {logging_mixin.py:150} INFO - [2025-02-03T11:57:55.255+0000] {dag.py:2742} INFO - Sync 1 DAGs
[2025-02-03T11:57:55.269+0000] {logging_mixin.py:150} INFO - [2025-02-03T11:57:55.269+0000] {dag.py:3504} INFO - Setting next_dagrun for example_short_circuit_operator to 2025-02-02T11:57:55.269210+00:00, run_after=2025-02-03T11:57:55.269210+00:00
[2025-02-03T11:57:55.283+0000] {processor.py:179} INFO - Processing /home/vscode/.local/lib/python3.10/site-packages/airflow/example_dags/example_short_circuit_operator.py took 0.050 seconds
[2025-02-03T11:58:41.450+0000] {processor.py:157} INFO - Started process (PID=40775) to work on /home/vscode/.local/lib/python3.10/site-packages/airflow/example_dags/example_short_circuit_operator.py
[2025-02-03T11:58:41.451+0000] {processor.py:826} INFO - Processing file /home/vscode/.local/lib/python3.10/site-packages/airflow/example_dags/example_short_circuit_operator.py for tasks to queue
[2025-02-03T11:58:41.452+0000] {logging_mixin.py:150} INFO - [2025-02-03T11:58:41.451+0000] {dagbag.py:541} INFO - Filling up the DagBag from /home/vscode/.local/lib/python3.10/site-packages/airflow/example_dags/example_short_circuit_operator.py
[2025-02-03T11:58:41.458+0000] {processor.py:836} INFO - DAG(s) dict_keys(['example_short_circuit_operator']) retrieved from /home/vscode/.local/lib/python3.10/site-packages/airflow/example_dags/example_short_circuit_operator.py
[2025-02-03T11:58:41.471+0000] {logging_mixin.py:150} INFO - [2025-02-03T11:58:41.471+0000] {dag.py:2742} INFO - Sync 1 DAGs
[2025-02-03T11:58:41.486+0000] {logging_mixin.py:150} INFO - [2025-02-03T11:58:41.486+0000] {dag.py:3504} INFO - Setting next_dagrun for example_short_circuit_operator to 2025-02-02T11:58:41.485837+00:00, run_after=2025-02-03T11:58:41.485837+00:00
[2025-02-03T11:58:41.500+0000] {processor.py:179} INFO - Processing /home/vscode/.local/lib/python3.10/site-packages/airflow/example_dags/example_short_circuit_operator.py took 0.052 seconds
[2025-02-03T11:59:23.671+0000] {processor.py:157} INFO - Started process (PID=41060) to work on /home/vscode/.local/lib/python3.10/site-packages/airflow/example_dags/example_short_circuit_operator.py
[2025-02-03T11:59:23.672+0000] {processor.py:826} INFO - Processing file /home/vscode/.local/lib/python3.10/site-packages/airflow/example_dags/example_short_circuit_operator.py for tasks to queue
[2025-02-03T11:59:23.672+0000] {logging_mixin.py:150} INFO - [2025-02-03T11:59:23.672+0000] {dagbag.py:541} INFO - Filling up the DagBag from /home/vscode/.local/lib/python3.10/site-packages/airflow/example_dags/example_short_circuit_operator.py
[2025-02-03T11:59:23.680+0000] {processor.py:836} INFO - DAG(s) dict_keys(['example_short_circuit_operator']) retrieved from /home/vscode/.local/lib/python3.10/site-packages/airflow/example_dags/example_short_circuit_operator.py
[2025-02-03T11:59:23.698+0000] {logging_mixin.py:150} INFO - [2025-02-03T11:59:23.698+0000] {dag.py:2742} INFO - Sync 1 DAGs
[2025-02-03T11:59:23.713+0000] {logging_mixin.py:150} INFO - [2025-02-03T11:59:23.713+0000] {dag.py:3504} INFO - Setting next_dagrun for example_short_circuit_operator to 2025-02-02T11:59:23.713166+00:00, run_after=2025-02-03T11:59:23.713166+00:00
[2025-02-03T11:59:23.727+0000] {processor.py:179} INFO - Processing /home/vscode/.local/lib/python3.10/site-packages/airflow/example_dags/example_short_circuit_operator.py took 0.058 seconds
[2025-02-03T12:00:06.492+0000] {processor.py:157} INFO - Started process (PID=41347) to work on /home/vscode/.local/lib/python3.10/site-packages/airflow/example_dags/example_short_circuit_operator.py
[2025-02-03T12:00:06.492+0000] {processor.py:826} INFO - Processing file /home/vscode/.local/lib/python3.10/site-packages/airflow/example_dags/example_short_circuit_operator.py for tasks to queue
[2025-02-03T12:00:06.493+0000] {logging_mixin.py:150} INFO - [2025-02-03T12:00:06.493+0000] {dagbag.py:541} INFO - Filling up the DagBag from /home/vscode/.local/lib/python3.10/site-packages/airflow/example_dags/example_short_circuit_operator.py
[2025-02-03T12:00:06.499+0000] {processor.py:836} INFO - DAG(s) dict_keys(['example_short_circuit_operator']) retrieved from /home/vscode/.local/lib/python3.10/site-packages/airflow/example_dags/example_short_circuit_operator.py
[2025-02-03T12:00:06.512+0000] {logging_mixin.py:150} INFO - [2025-02-03T12:00:06.512+0000] {dag.py:2742} INFO - Sync 1 DAGs
[2025-02-03T12:00:06.527+0000] {logging_mixin.py:150} INFO - [2025-02-03T12:00:06.527+0000] {dag.py:3504} INFO - Setting next_dagrun for example_short_circuit_operator to 2025-02-02T12:00:06.527431+00:00, run_after=2025-02-03T12:00:06.527431+00:00
[2025-02-03T12:00:06.542+0000] {processor.py:179} INFO - Processing /home/vscode/.local/lib/python3.10/site-packages/airflow/example_dags/example_short_circuit_operator.py took 0.052 seconds
[2025-02-03T12:00:48.640+0000] {processor.py:157} INFO - Started process (PID=41627) to work on /home/vscode/.local/lib/python3.10/site-packages/airflow/example_dags/example_short_circuit_operator.py
[2025-02-03T12:00:48.640+0000] {processor.py:826} INFO - Processing file /home/vscode/.local/lib/python3.10/site-packages/airflow/example_dags/example_short_circuit_operator.py for tasks to queue
[2025-02-03T12:00:48.641+0000] {logging_mixin.py:150} INFO - [2025-02-03T12:00:48.641+0000] {dagbag.py:541} INFO - Filling up the DagBag from /home/vscode/.local/lib/python3.10/site-packages/airflow/example_dags/example_short_circuit_operator.py
[2025-02-03T12:00:48.647+0000] {processor.py:836} INFO - DAG(s) dict_keys(['example_short_circuit_operator']) retrieved from /home/vscode/.local/lib/python3.10/site-packages/airflow/example_dags/example_short_circuit_operator.py
[2025-02-03T12:00:48.660+0000] {logging_mixin.py:150} INFO - [2025-02-03T12:00:48.660+0000] {dag.py:2742} INFO - Sync 1 DAGs
[2025-02-03T12:00:48.675+0000] {logging_mixin.py:150} INFO - [2025-02-03T12:00:48.674+0000] {dag.py:3504} INFO - Setting next_dagrun for example_short_circuit_operator to 2025-02-02T12:00:48.674781+00:00, run_after=2025-02-03T12:00:48.674781+00:00
[2025-02-03T12:00:48.689+0000] {processor.py:179} INFO - Processing /home/vscode/.local/lib/python3.10/site-packages/airflow/example_dags/example_short_circuit_operator.py took 0.052 seconds
[2025-02-03T12:01:32.746+0000] {processor.py:157} INFO - Started process (PID=41927) to work on /home/vscode/.local/lib/python3.10/site-packages/airflow/example_dags/example_short_circuit_operator.py
[2025-02-03T12:01:32.747+0000] {processor.py:826} INFO - Processing file /home/vscode/.local/lib/python3.10/site-packages/airflow/example_dags/example_short_circuit_operator.py for tasks to queue
[2025-02-03T12:01:32.747+0000] {logging_mixin.py:150} INFO - [2025-02-03T12:01:32.747+0000] {dagbag.py:541} INFO - Filling up the DagBag from /home/vscode/.local/lib/python3.10/site-packages/airflow/example_dags/example_short_circuit_operator.py
[2025-02-03T12:01:32.753+0000] {processor.py:836} INFO - DAG(s) dict_keys(['example_short_circuit_operator']) retrieved from /home/vscode/.local/lib/python3.10/site-packages/airflow/example_dags/example_short_circuit_operator.py
[2025-02-03T12:01:32.767+0000] {logging_mixin.py:150} INFO - [2025-02-03T12:01:32.766+0000] {dag.py:2742} INFO - Sync 1 DAGs
[2025-02-03T12:01:32.781+0000] {logging_mixin.py:150} INFO - [2025-02-03T12:01:32.781+0000] {dag.py:3504} INFO - Setting next_dagrun for example_short_circuit_operator to 2025-02-02T12:01:32.780920+00:00, run_after=2025-02-03T12:01:32.780920+00:00
[2025-02-03T12:01:32.795+0000] {processor.py:179} INFO - Processing /home/vscode/.local/lib/python3.10/site-packages/airflow/example_dags/example_short_circuit_operator.py took 0.051 seconds
[2025-02-03T12:02:17.016+0000] {processor.py:157} INFO - Started process (PID=42223) to work on /home/vscode/.local/lib/python3.10/site-packages/airflow/example_dags/example_short_circuit_operator.py
[2025-02-03T12:02:17.017+0000] {processor.py:826} INFO - Processing file /home/vscode/.local/lib/python3.10/site-packages/airflow/example_dags/example_short_circuit_operator.py for tasks to queue
[2025-02-03T12:02:17.017+0000] {logging_mixin.py:150} INFO - [2025-02-03T12:02:17.017+0000] {dagbag.py:541} INFO - Filling up the DagBag from /home/vscode/.local/lib/python3.10/site-packages/airflow/example_dags/example_short_circuit_operator.py
[2025-02-03T12:02:17.023+0000] {processor.py:836} INFO - DAG(s) dict_keys(['example_short_circuit_operator']) retrieved from /home/vscode/.local/lib/python3.10/site-packages/airflow/example_dags/example_short_circuit_operator.py
[2025-02-03T12:02:17.036+0000] {logging_mixin.py:150} INFO - [2025-02-03T12:02:17.036+0000] {dag.py:2742} INFO - Sync 1 DAGs
[2025-02-03T12:02:17.050+0000] {logging_mixin.py:150} INFO - [2025-02-03T12:02:17.050+0000] {dag.py:3504} INFO - Setting next_dagrun for example_short_circuit_operator to 2025-02-02T12:02:17.049910+00:00, run_after=2025-02-03T12:02:17.049910+00:00
[2025-02-03T12:02:17.064+0000] {processor.py:179} INFO - Processing /home/vscode/.local/lib/python3.10/site-packages/airflow/example_dags/example_short_circuit_operator.py took 0.050 seconds
[2025-02-03T12:02:59.231+0000] {processor.py:157} INFO - Started process (PID=42502) to work on /home/vscode/.local/lib/python3.10/site-packages/airflow/example_dags/example_short_circuit_operator.py
[2025-02-03T12:02:59.231+0000] {processor.py:826} INFO - Processing file /home/vscode/.local/lib/python3.10/site-packages/airflow/example_dags/example_short_circuit_operator.py for tasks to queue
[2025-02-03T12:02:59.232+0000] {logging_mixin.py:150} INFO - [2025-02-03T12:02:59.232+0000] {dagbag.py:541} INFO - Filling up the DagBag from /home/vscode/.local/lib/python3.10/site-packages/airflow/example_dags/example_short_circuit_operator.py
[2025-02-03T12:02:59.238+0000] {processor.py:836} INFO - DAG(s) dict_keys(['example_short_circuit_operator']) retrieved from /home/vscode/.local/lib/python3.10/site-packages/airflow/example_dags/example_short_circuit_operator.py
[2025-02-03T12:02:59.251+0000] {logging_mixin.py:150} INFO - [2025-02-03T12:02:59.251+0000] {dag.py:2742} INFO - Sync 1 DAGs
[2025-02-03T12:02:59.265+0000] {logging_mixin.py:150} INFO - [2025-02-03T12:02:59.264+0000] {dag.py:3504} INFO - Setting next_dagrun for example_short_circuit_operator to 2025-02-02T12:02:59.264776+00:00, run_after=2025-02-03T12:02:59.264776+00:00
[2025-02-03T12:02:59.279+0000] {processor.py:179} INFO - Processing /home/vscode/.local/lib/python3.10/site-packages/airflow/example_dags/example_short_circuit_operator.py took 0.051 seconds
[2025-02-03T12:03:41.430+0000] {processor.py:157} INFO - Started process (PID=42789) to work on /home/vscode/.local/lib/python3.10/site-packages/airflow/example_dags/example_short_circuit_operator.py
[2025-02-03T12:03:41.431+0000] {processor.py:826} INFO - Processing file /home/vscode/.local/lib/python3.10/site-packages/airflow/example_dags/example_short_circuit_operator.py for tasks to queue
[2025-02-03T12:03:41.431+0000] {logging_mixin.py:150} INFO - [2025-02-03T12:03:41.431+0000] {dagbag.py:541} INFO - Filling up the DagBag from /home/vscode/.local/lib/python3.10/site-packages/airflow/example_dags/example_short_circuit_operator.py
[2025-02-03T12:03:41.437+0000] {processor.py:836} INFO - DAG(s) dict_keys(['example_short_circuit_operator']) retrieved from /home/vscode/.local/lib/python3.10/site-packages/airflow/example_dags/example_short_circuit_operator.py
[2025-02-03T12:03:41.450+0000] {logging_mixin.py:150} INFO - [2025-02-03T12:03:41.450+0000] {dag.py:2742} INFO - Sync 1 DAGs
[2025-02-03T12:03:41.464+0000] {logging_mixin.py:150} INFO - [2025-02-03T12:03:41.464+0000] {dag.py:3504} INFO - Setting next_dagrun for example_short_circuit_operator to 2025-02-02T12:03:41.464429+00:00, run_after=2025-02-03T12:03:41.464429+00:00
[2025-02-03T12:03:41.479+0000] {processor.py:179} INFO - Processing /home/vscode/.local/lib/python3.10/site-packages/airflow/example_dags/example_short_circuit_operator.py took 0.051 seconds
[2025-02-03T12:04:26.504+0000] {processor.py:157} INFO - Started process (PID=43091) to work on /home/vscode/.local/lib/python3.10/site-packages/airflow/example_dags/example_short_circuit_operator.py
[2025-02-03T12:04:26.504+0000] {processor.py:826} INFO - Processing file /home/vscode/.local/lib/python3.10/site-packages/airflow/example_dags/example_short_circuit_operator.py for tasks to queue
[2025-02-03T12:04:26.505+0000] {logging_mixin.py:150} INFO - [2025-02-03T12:04:26.505+0000] {dagbag.py:541} INFO - Filling up the DagBag from /home/vscode/.local/lib/python3.10/site-packages/airflow/example_dags/example_short_circuit_operator.py
[2025-02-03T12:04:26.511+0000] {processor.py:836} INFO - DAG(s) dict_keys(['example_short_circuit_operator']) retrieved from /home/vscode/.local/lib/python3.10/site-packages/airflow/example_dags/example_short_circuit_operator.py
[2025-02-03T12:04:26.525+0000] {logging_mixin.py:150} INFO - [2025-02-03T12:04:26.524+0000] {dag.py:2742} INFO - Sync 1 DAGs
[2025-02-03T12:04:26.538+0000] {logging_mixin.py:150} INFO - [2025-02-03T12:04:26.538+0000] {dag.py:3504} INFO - Setting next_dagrun for example_short_circuit_operator to 2025-02-02T12:04:26.538450+00:00, run_after=2025-02-03T12:04:26.538450+00:00
[2025-02-03T12:04:26.552+0000] {processor.py:179} INFO - Processing /home/vscode/.local/lib/python3.10/site-packages/airflow/example_dags/example_short_circuit_operator.py took 0.051 seconds
[2025-02-03T12:05:09.446+0000] {processor.py:157} INFO - Started process (PID=43378) to work on /home/vscode/.local/lib/python3.10/site-packages/airflow/example_dags/example_short_circuit_operator.py
[2025-02-03T12:05:09.447+0000] {processor.py:826} INFO - Processing file /home/vscode/.local/lib/python3.10/site-packages/airflow/example_dags/example_short_circuit_operator.py for tasks to queue
[2025-02-03T12:05:09.448+0000] {logging_mixin.py:150} INFO - [2025-02-03T12:05:09.448+0000] {dagbag.py:541} INFO - Filling up the DagBag from /home/vscode/.local/lib/python3.10/site-packages/airflow/example_dags/example_short_circuit_operator.py
[2025-02-03T12:05:09.455+0000] {processor.py:836} INFO - DAG(s) dict_keys(['example_short_circuit_operator']) retrieved from /home/vscode/.local/lib/python3.10/site-packages/airflow/example_dags/example_short_circuit_operator.py
[2025-02-03T12:05:09.473+0000] {logging_mixin.py:150} INFO - [2025-02-03T12:05:09.473+0000] {dag.py:2742} INFO - Sync 1 DAGs
[2025-02-03T12:05:09.488+0000] {logging_mixin.py:150} INFO - [2025-02-03T12:05:09.488+0000] {dag.py:3504} INFO - Setting next_dagrun for example_short_circuit_operator to 2025-02-02T12:05:09.488076+00:00, run_after=2025-02-03T12:05:09.488076+00:00
[2025-02-03T12:05:09.504+0000] {processor.py:179} INFO - Processing /home/vscode/.local/lib/python3.10/site-packages/airflow/example_dags/example_short_circuit_operator.py took 0.060 seconds
[2025-02-03T12:05:56.674+0000] {processor.py:157} INFO - Started process (PID=43693) to work on /home/vscode/.local/lib/python3.10/site-packages/airflow/example_dags/example_short_circuit_operator.py
[2025-02-03T12:05:56.674+0000] {processor.py:826} INFO - Processing file /home/vscode/.local/lib/python3.10/site-packages/airflow/example_dags/example_short_circuit_operator.py for tasks to queue
[2025-02-03T12:05:56.675+0000] {logging_mixin.py:150} INFO - [2025-02-03T12:05:56.675+0000] {dagbag.py:541} INFO - Filling up the DagBag from /home/vscode/.local/lib/python3.10/site-packages/airflow/example_dags/example_short_circuit_operator.py
[2025-02-03T12:05:56.681+0000] {processor.py:836} INFO - DAG(s) dict_keys(['example_short_circuit_operator']) retrieved from /home/vscode/.local/lib/python3.10/site-packages/airflow/example_dags/example_short_circuit_operator.py
[2025-02-03T12:05:56.694+0000] {logging_mixin.py:150} INFO - [2025-02-03T12:05:56.694+0000] {dag.py:2742} INFO - Sync 1 DAGs
[2025-02-03T12:05:56.708+0000] {logging_mixin.py:150} INFO - [2025-02-03T12:05:56.707+0000] {dag.py:3504} INFO - Setting next_dagrun for example_short_circuit_operator to 2025-02-02T12:05:56.707728+00:00, run_after=2025-02-03T12:05:56.707728+00:00
[2025-02-03T12:05:56.724+0000] {processor.py:179} INFO - Processing /home/vscode/.local/lib/python3.10/site-packages/airflow/example_dags/example_short_circuit_operator.py took 0.052 seconds
[2025-02-03T12:06:41.772+0000] {processor.py:157} INFO - Started process (PID=44003) to work on /home/vscode/.local/lib/python3.10/site-packages/airflow/example_dags/example_short_circuit_operator.py
[2025-02-03T12:06:41.772+0000] {processor.py:826} INFO - Processing file /home/vscode/.local/lib/python3.10/site-packages/airflow/example_dags/example_short_circuit_operator.py for tasks to queue
[2025-02-03T12:06:41.773+0000] {logging_mixin.py:150} INFO - [2025-02-03T12:06:41.773+0000] {dagbag.py:541} INFO - Filling up the DagBag from /home/vscode/.local/lib/python3.10/site-packages/airflow/example_dags/example_short_circuit_operator.py
[2025-02-03T12:06:41.779+0000] {processor.py:836} INFO - DAG(s) dict_keys(['example_short_circuit_operator']) retrieved from /home/vscode/.local/lib/python3.10/site-packages/airflow/example_dags/example_short_circuit_operator.py
[2025-02-03T12:06:41.792+0000] {logging_mixin.py:150} INFO - [2025-02-03T12:06:41.792+0000] {dag.py:2742} INFO - Sync 1 DAGs
[2025-02-03T12:06:41.806+0000] {logging_mixin.py:150} INFO - [2025-02-03T12:06:41.806+0000] {dag.py:3504} INFO - Setting next_dagrun for example_short_circuit_operator to 2025-02-02T12:06:41.806245+00:00, run_after=2025-02-03T12:06:41.806245+00:00
[2025-02-03T12:06:41.820+0000] {processor.py:179} INFO - Processing /home/vscode/.local/lib/python3.10/site-packages/airflow/example_dags/example_short_circuit_operator.py took 0.051 seconds
[2025-02-03T12:07:27.936+0000] {processor.py:157} INFO - Started process (PID=44849) to work on /home/vscode/.local/lib/python3.10/site-packages/airflow/example_dags/example_short_circuit_operator.py
[2025-02-03T12:07:27.937+0000] {processor.py:826} INFO - Processing file /home/vscode/.local/lib/python3.10/site-packages/airflow/example_dags/example_short_circuit_operator.py for tasks to queue
[2025-02-03T12:07:27.938+0000] {logging_mixin.py:150} INFO - [2025-02-03T12:07:27.937+0000] {dagbag.py:541} INFO - Filling up the DagBag from /home/vscode/.local/lib/python3.10/site-packages/airflow/example_dags/example_short_circuit_operator.py
[2025-02-03T12:07:27.944+0000] {processor.py:836} INFO - DAG(s) dict_keys(['example_short_circuit_operator']) retrieved from /home/vscode/.local/lib/python3.10/site-packages/airflow/example_dags/example_short_circuit_operator.py
[2025-02-03T12:07:27.956+0000] {logging_mixin.py:150} INFO - [2025-02-03T12:07:27.956+0000] {dag.py:2742} INFO - Sync 1 DAGs
[2025-02-03T12:07:27.970+0000] {logging_mixin.py:150} INFO - [2025-02-03T12:07:27.970+0000] {dag.py:3504} INFO - Setting next_dagrun for example_short_circuit_operator to 2025-02-02T12:07:27.970689+00:00, run_after=2025-02-03T12:07:27.970689+00:00
[2025-02-03T12:07:27.985+0000] {processor.py:179} INFO - Processing /home/vscode/.local/lib/python3.10/site-packages/airflow/example_dags/example_short_circuit_operator.py took 0.051 seconds
[2025-02-03T12:08:11.288+0000] {processor.py:157} INFO - Started process (PID=46262) to work on /home/vscode/.local/lib/python3.10/site-packages/airflow/example_dags/example_short_circuit_operator.py
[2025-02-03T12:08:11.289+0000] {processor.py:826} INFO - Processing file /home/vscode/.local/lib/python3.10/site-packages/airflow/example_dags/example_short_circuit_operator.py for tasks to queue
[2025-02-03T12:08:11.289+0000] {logging_mixin.py:150} INFO - [2025-02-03T12:08:11.289+0000] {dagbag.py:541} INFO - Filling up the DagBag from /home/vscode/.local/lib/python3.10/site-packages/airflow/example_dags/example_short_circuit_operator.py
[2025-02-03T12:08:11.295+0000] {processor.py:836} INFO - DAG(s) dict_keys(['example_short_circuit_operator']) retrieved from /home/vscode/.local/lib/python3.10/site-packages/airflow/example_dags/example_short_circuit_operator.py
[2025-02-03T12:08:11.308+0000] {logging_mixin.py:150} INFO - [2025-02-03T12:08:11.308+0000] {dag.py:2742} INFO - Sync 1 DAGs
[2025-02-03T12:08:11.324+0000] {logging_mixin.py:150} INFO - [2025-02-03T12:08:11.324+0000] {dag.py:3504} INFO - Setting next_dagrun for example_short_circuit_operator to 2025-02-02T12:08:11.324045+00:00, run_after=2025-02-03T12:08:11.324045+00:00
[2025-02-03T12:08:11.343+0000] {processor.py:179} INFO - Processing /home/vscode/.local/lib/python3.10/site-packages/airflow/example_dags/example_short_circuit_operator.py took 0.057 seconds
[2025-02-03T12:08:57.505+0000] {processor.py:157} INFO - Started process (PID=46611) to work on /home/vscode/.local/lib/python3.10/site-packages/airflow/example_dags/example_short_circuit_operator.py
[2025-02-03T12:08:57.505+0000] {processor.py:826} INFO - Processing file /home/vscode/.local/lib/python3.10/site-packages/airflow/example_dags/example_short_circuit_operator.py for tasks to queue
[2025-02-03T12:08:57.506+0000] {logging_mixin.py:150} INFO - [2025-02-03T12:08:57.506+0000] {dagbag.py:541} INFO - Filling up the DagBag from /home/vscode/.local/lib/python3.10/site-packages/airflow/example_dags/example_short_circuit_operator.py
[2025-02-03T12:08:57.513+0000] {processor.py:836} INFO - DAG(s) dict_keys(['example_short_circuit_operator']) retrieved from /home/vscode/.local/lib/python3.10/site-packages/airflow/example_dags/example_short_circuit_operator.py
[2025-02-03T12:08:57.526+0000] {logging_mixin.py:150} INFO - [2025-02-03T12:08:57.526+0000] {dag.py:2742} INFO - Sync 1 DAGs
[2025-02-03T12:08:57.540+0000] {logging_mixin.py:150} INFO - [2025-02-03T12:08:57.540+0000] {dag.py:3504} INFO - Setting next_dagrun for example_short_circuit_operator to 2025-02-02T12:08:57.540175+00:00, run_after=2025-02-03T12:08:57.540175+00:00
[2025-02-03T12:08:57.554+0000] {processor.py:179} INFO - Processing /home/vscode/.local/lib/python3.10/site-packages/airflow/example_dags/example_short_circuit_operator.py took 0.052 seconds
[2025-02-03T12:09:38.696+0000] {processor.py:157} INFO - Started process (PID=47506) to work on /home/vscode/.local/lib/python3.10/site-packages/airflow/example_dags/example_short_circuit_operator.py
[2025-02-03T12:09:38.696+0000] {processor.py:826} INFO - Processing file /home/vscode/.local/lib/python3.10/site-packages/airflow/example_dags/example_short_circuit_operator.py for tasks to queue
[2025-02-03T12:09:38.697+0000] {logging_mixin.py:150} INFO - [2025-02-03T12:09:38.697+0000] {dagbag.py:541} INFO - Filling up the DagBag from /home/vscode/.local/lib/python3.10/site-packages/airflow/example_dags/example_short_circuit_operator.py
[2025-02-03T12:09:38.703+0000] {processor.py:836} INFO - DAG(s) dict_keys(['example_short_circuit_operator']) retrieved from /home/vscode/.local/lib/python3.10/site-packages/airflow/example_dags/example_short_circuit_operator.py
[2025-02-03T12:09:38.715+0000] {logging_mixin.py:150} INFO - [2025-02-03T12:09:38.715+0000] {dag.py:2742} INFO - Sync 1 DAGs
[2025-02-03T12:09:38.729+0000] {logging_mixin.py:150} INFO - [2025-02-03T12:09:38.729+0000] {dag.py:3504} INFO - Setting next_dagrun for example_short_circuit_operator to 2025-02-02T12:09:38.729275+00:00, run_after=2025-02-03T12:09:38.729275+00:00
[2025-02-03T12:09:38.743+0000] {processor.py:179} INFO - Processing /home/vscode/.local/lib/python3.10/site-packages/airflow/example_dags/example_short_circuit_operator.py took 0.050 seconds
