[2025-02-03T11:50:39.728+0000] {processor.py:157} INFO - Started process (PID=37539) to work on /home/vscode/.local/lib/python3.10/site-packages/airflow/example_dags/example_params_ui_tutorial.py
[2025-02-03T11:50:39.728+0000] {processor.py:826} INFO - Processing file /home/vscode/.local/lib/python3.10/site-packages/airflow/example_dags/example_params_ui_tutorial.py for tasks to queue
[2025-02-03T11:50:39.729+0000] {logging_mixin.py:150} INFO - [2025-02-03T11:50:39.729+0000] {dagbag.py:541} INFO - Filling up the DagBag from /home/vscode/.local/lib/python3.10/site-packages/airflow/example_dags/example_params_ui_tutorial.py
[2025-02-03T11:50:39.745+0000] {processor.py:836} INFO - DAG(s) dict_keys(['example_params_ui_tutorial']) retrieved from /home/vscode/.local/lib/python3.10/site-packages/airflow/example_dags/example_params_ui_tutorial.py
[2025-02-03T11:50:39.903+0000] {logging_mixin.py:150} INFO - [2025-02-03T11:50:39.903+0000] {manager.py:504} INFO - Created Permission View: can read on DAG:example_params_ui_tutorial
[2025-02-03T11:50:39.910+0000] {logging_mixin.py:150} INFO - [2025-02-03T11:50:39.910+0000] {manager.py:504} INFO - Created Permission View: can delete on DAG:example_params_ui_tutorial
[2025-02-03T11:50:39.915+0000] {logging_mixin.py:150} INFO - [2025-02-03T11:50:39.915+0000] {manager.py:504} INFO - Created Permission View: can edit on DAG:example_params_ui_tutorial
[2025-02-03T11:50:39.922+0000] {logging_mixin.py:150} INFO - [2025-02-03T11:50:39.922+0000] {dag.py:2742} INFO - Sync 1 DAGs
[2025-02-03T11:50:39.929+0000] {logging_mixin.py:150} INFO - [2025-02-03T11:50:39.928+0000] {dag.py:2763} INFO - Creating ORM DAG for example_params_ui_tutorial
[2025-02-03T11:50:39.934+0000] {logging_mixin.py:150} INFO - [2025-02-03T11:50:39.934+0000] {dag.py:3504} INFO - Setting next_dagrun for example_params_ui_tutorial to None, run_after=None
[2025-02-03T11:50:39.948+0000] {processor.py:179} INFO - Processing /home/vscode/.local/lib/python3.10/site-packages/airflow/example_dags/example_params_ui_tutorial.py took 0.222 seconds
[2025-02-03T11:51:26.467+0000] {processor.py:157} INFO - Started process (PID=37853) to work on /home/vscode/.local/lib/python3.10/site-packages/airflow/example_dags/example_params_ui_tutorial.py
[2025-02-03T11:51:26.467+0000] {processor.py:826} INFO - Processing file /home/vscode/.local/lib/python3.10/site-packages/airflow/example_dags/example_params_ui_tutorial.py for tasks to queue
[2025-02-03T11:51:26.468+0000] {logging_mixin.py:150} INFO - [2025-02-03T11:51:26.468+0000] {dagbag.py:541} INFO - Filling up the DagBag from /home/vscode/.local/lib/python3.10/site-packages/airflow/example_dags/example_params_ui_tutorial.py
[2025-02-03T11:51:26.485+0000] {processor.py:836} INFO - DAG(s) dict_keys(['example_params_ui_tutorial']) retrieved from /home/vscode/.local/lib/python3.10/site-packages/airflow/example_dags/example_params_ui_tutorial.py
[2025-02-03T11:51:26.510+0000] {logging_mixin.py:150} INFO - [2025-02-03T11:51:26.510+0000] {dag.py:2742} INFO - Sync 1 DAGs
[2025-02-03T11:51:26.525+0000] {logging_mixin.py:150} INFO - [2025-02-03T11:51:26.525+0000] {dag.py:3504} INFO - Setting next_dagrun for example_params_ui_tutorial to None, run_after=None
[2025-02-03T11:51:26.540+0000] {processor.py:179} INFO - Processing /home/vscode/.local/lib/python3.10/site-packages/airflow/example_dags/example_params_ui_tutorial.py took 0.075 seconds
[2025-02-03T11:52:12.670+0000] {processor.py:157} INFO - Started process (PID=38157) to work on /home/vscode/.local/lib/python3.10/site-packages/airflow/example_dags/example_params_ui_tutorial.py
[2025-02-03T11:52:12.671+0000] {processor.py:826} INFO - Processing file /home/vscode/.local/lib/python3.10/site-packages/airflow/example_dags/example_params_ui_tutorial.py for tasks to queue
[2025-02-03T11:52:12.671+0000] {logging_mixin.py:150} INFO - [2025-02-03T11:52:12.671+0000] {dagbag.py:541} INFO - Filling up the DagBag from /home/vscode/.local/lib/python3.10/site-packages/airflow/example_dags/example_params_ui_tutorial.py
[2025-02-03T11:52:12.688+0000] {processor.py:836} INFO - DAG(s) dict_keys(['example_params_ui_tutorial']) retrieved from /home/vscode/.local/lib/python3.10/site-packages/airflow/example_dags/example_params_ui_tutorial.py
[2025-02-03T11:52:12.712+0000] {logging_mixin.py:150} INFO - [2025-02-03T11:52:12.712+0000] {dag.py:2742} INFO - Sync 1 DAGs
[2025-02-03T11:52:12.725+0000] {logging_mixin.py:150} INFO - [2025-02-03T11:52:12.725+0000] {dag.py:3504} INFO - Setting next_dagrun for example_params_ui_tutorial to None, run_after=None
[2025-02-03T11:52:12.740+0000] {processor.py:179} INFO - Processing /home/vscode/.local/lib/python3.10/site-packages/airflow/example_dags/example_params_ui_tutorial.py took 0.072 seconds
[2025-02-03T11:52:56.278+0000] {processor.py:157} INFO - Started process (PID=38447) to work on /home/vscode/.local/lib/python3.10/site-packages/airflow/example_dags/example_params_ui_tutorial.py
[2025-02-03T11:52:56.279+0000] {processor.py:826} INFO - Processing file /home/vscode/.local/lib/python3.10/site-packages/airflow/example_dags/example_params_ui_tutorial.py for tasks to queue
[2025-02-03T11:52:56.280+0000] {logging_mixin.py:150} INFO - [2025-02-03T11:52:56.279+0000] {dagbag.py:541} INFO - Filling up the DagBag from /home/vscode/.local/lib/python3.10/site-packages/airflow/example_dags/example_params_ui_tutorial.py
[2025-02-03T11:52:56.296+0000] {processor.py:836} INFO - DAG(s) dict_keys(['example_params_ui_tutorial']) retrieved from /home/vscode/.local/lib/python3.10/site-packages/airflow/example_dags/example_params_ui_tutorial.py
[2025-02-03T11:52:56.321+0000] {logging_mixin.py:150} INFO - [2025-02-03T11:52:56.320+0000] {dag.py:2742} INFO - Sync 1 DAGs
[2025-02-03T11:52:56.336+0000] {logging_mixin.py:150} INFO - [2025-02-03T11:52:56.336+0000] {dag.py:3504} INFO - Setting next_dagrun for example_params_ui_tutorial to None, run_after=None
[2025-02-03T11:52:56.352+0000] {processor.py:179} INFO - Processing /home/vscode/.local/lib/python3.10/site-packages/airflow/example_dags/example_params_ui_tutorial.py took 0.076 seconds
[2025-02-03T11:53:42.506+0000] {processor.py:157} INFO - Started process (PID=38765) to work on /home/vscode/.local/lib/python3.10/site-packages/airflow/example_dags/example_params_ui_tutorial.py
[2025-02-03T11:53:42.506+0000] {processor.py:826} INFO - Processing file /home/vscode/.local/lib/python3.10/site-packages/airflow/example_dags/example_params_ui_tutorial.py for tasks to queue
[2025-02-03T11:53:42.507+0000] {logging_mixin.py:150} INFO - [2025-02-03T11:53:42.507+0000] {dagbag.py:541} INFO - Filling up the DagBag from /home/vscode/.local/lib/python3.10/site-packages/airflow/example_dags/example_params_ui_tutorial.py
[2025-02-03T11:53:42.523+0000] {processor.py:836} INFO - DAG(s) dict_keys(['example_params_ui_tutorial']) retrieved from /home/vscode/.local/lib/python3.10/site-packages/airflow/example_dags/example_params_ui_tutorial.py
[2025-02-03T11:53:42.548+0000] {logging_mixin.py:150} INFO - [2025-02-03T11:53:42.548+0000] {dag.py:2742} INFO - Sync 1 DAGs
[2025-02-03T11:53:42.562+0000] {logging_mixin.py:150} INFO - [2025-02-03T11:53:42.562+0000] {dag.py:3504} INFO - Setting next_dagrun for example_params_ui_tutorial to None, run_after=None
[2025-02-03T11:53:42.576+0000] {processor.py:179} INFO - Processing /home/vscode/.local/lib/python3.10/site-packages/airflow/example_dags/example_params_ui_tutorial.py took 0.073 seconds
[2025-02-03T11:54:24.420+0000] {processor.py:157} INFO - Started process (PID=39050) to work on /home/vscode/.local/lib/python3.10/site-packages/airflow/example_dags/example_params_ui_tutorial.py
[2025-02-03T11:54:24.420+0000] {processor.py:826} INFO - Processing file /home/vscode/.local/lib/python3.10/site-packages/airflow/example_dags/example_params_ui_tutorial.py for tasks to queue
[2025-02-03T11:54:24.421+0000] {logging_mixin.py:150} INFO - [2025-02-03T11:54:24.421+0000] {dagbag.py:541} INFO - Filling up the DagBag from /home/vscode/.local/lib/python3.10/site-packages/airflow/example_dags/example_params_ui_tutorial.py
[2025-02-03T11:54:24.438+0000] {processor.py:836} INFO - DAG(s) dict_keys(['example_params_ui_tutorial']) retrieved from /home/vscode/.local/lib/python3.10/site-packages/airflow/example_dags/example_params_ui_tutorial.py
[2025-02-03T11:54:24.463+0000] {logging_mixin.py:150} INFO - [2025-02-03T11:54:24.463+0000] {dag.py:2742} INFO - Sync 1 DAGs
[2025-02-03T11:54:24.477+0000] {logging_mixin.py:150} INFO - [2025-02-03T11:54:24.477+0000] {dag.py:3504} INFO - Setting next_dagrun for example_params_ui_tutorial to None, run_after=None
[2025-02-03T11:54:24.492+0000] {processor.py:179} INFO - Processing /home/vscode/.local/lib/python3.10/site-packages/airflow/example_dags/example_params_ui_tutorial.py took 0.074 seconds
[2025-02-03T11:55:08.361+0000] {processor.py:157} INFO - Started process (PID=39344) to work on /home/vscode/.local/lib/python3.10/site-packages/airflow/example_dags/example_params_ui_tutorial.py
[2025-02-03T11:55:08.361+0000] {processor.py:826} INFO - Processing file /home/vscode/.local/lib/python3.10/site-packages/airflow/example_dags/example_params_ui_tutorial.py for tasks to queue
[2025-02-03T11:55:08.362+0000] {logging_mixin.py:150} INFO - [2025-02-03T11:55:08.362+0000] {dagbag.py:541} INFO - Filling up the DagBag from /home/vscode/.local/lib/python3.10/site-packages/airflow/example_dags/example_params_ui_tutorial.py
[2025-02-03T11:55:08.378+0000] {processor.py:836} INFO - DAG(s) dict_keys(['example_params_ui_tutorial']) retrieved from /home/vscode/.local/lib/python3.10/site-packages/airflow/example_dags/example_params_ui_tutorial.py
[2025-02-03T11:55:08.403+0000] {logging_mixin.py:150} INFO - [2025-02-03T11:55:08.403+0000] {dag.py:2742} INFO - Sync 1 DAGs
[2025-02-03T11:55:08.417+0000] {logging_mixin.py:150} INFO - [2025-02-03T11:55:08.417+0000] {dag.py:3504} INFO - Setting next_dagrun for example_params_ui_tutorial to None, run_after=None
[2025-02-03T11:55:08.431+0000] {processor.py:179} INFO - Processing /home/vscode/.local/lib/python3.10/site-packages/airflow/example_dags/example_params_ui_tutorial.py took 0.073 seconds
[2025-02-03T11:55:51.047+0000] {processor.py:157} INFO - Started process (PID=39630) to work on /home/vscode/.local/lib/python3.10/site-packages/airflow/example_dags/example_params_ui_tutorial.py
[2025-02-03T11:55:51.048+0000] {processor.py:826} INFO - Processing file /home/vscode/.local/lib/python3.10/site-packages/airflow/example_dags/example_params_ui_tutorial.py for tasks to queue
[2025-02-03T11:55:51.048+0000] {logging_mixin.py:150} INFO - [2025-02-03T11:55:51.048+0000] {dagbag.py:541} INFO - Filling up the DagBag from /home/vscode/.local/lib/python3.10/site-packages/airflow/example_dags/example_params_ui_tutorial.py
[2025-02-03T11:55:51.065+0000] {processor.py:836} INFO - DAG(s) dict_keys(['example_params_ui_tutorial']) retrieved from /home/vscode/.local/lib/python3.10/site-packages/airflow/example_dags/example_params_ui_tutorial.py
[2025-02-03T11:55:51.089+0000] {logging_mixin.py:150} INFO - [2025-02-03T11:55:51.089+0000] {dag.py:2742} INFO - Sync 1 DAGs
[2025-02-03T11:55:51.103+0000] {logging_mixin.py:150} INFO - [2025-02-03T11:55:51.103+0000] {dag.py:3504} INFO - Setting next_dagrun for example_params_ui_tutorial to None, run_after=None
[2025-02-03T11:55:51.117+0000] {processor.py:179} INFO - Processing /home/vscode/.local/lib/python3.10/site-packages/airflow/example_dags/example_params_ui_tutorial.py took 0.072 seconds
[2025-02-03T11:56:32.150+0000] {processor.py:157} INFO - Started process (PID=39903) to work on /home/vscode/.local/lib/python3.10/site-packages/airflow/example_dags/example_params_ui_tutorial.py
[2025-02-03T11:56:32.150+0000] {processor.py:826} INFO - Processing file /home/vscode/.local/lib/python3.10/site-packages/airflow/example_dags/example_params_ui_tutorial.py for tasks to queue
[2025-02-03T11:56:32.151+0000] {logging_mixin.py:150} INFO - [2025-02-03T11:56:32.151+0000] {dagbag.py:541} INFO - Filling up the DagBag from /home/vscode/.local/lib/python3.10/site-packages/airflow/example_dags/example_params_ui_tutorial.py
[2025-02-03T11:56:32.167+0000] {processor.py:836} INFO - DAG(s) dict_keys(['example_params_ui_tutorial']) retrieved from /home/vscode/.local/lib/python3.10/site-packages/airflow/example_dags/example_params_ui_tutorial.py
[2025-02-03T11:56:32.191+0000] {logging_mixin.py:150} INFO - [2025-02-03T11:56:32.191+0000] {dag.py:2742} INFO - Sync 1 DAGs
[2025-02-03T11:56:32.205+0000] {logging_mixin.py:150} INFO - [2025-02-03T11:56:32.205+0000] {dag.py:3504} INFO - Setting next_dagrun for example_params_ui_tutorial to None, run_after=None
[2025-02-03T11:56:32.219+0000] {processor.py:179} INFO - Processing /home/vscode/.local/lib/python3.10/site-packages/airflow/example_dags/example_params_ui_tutorial.py took 0.071 seconds
[2025-02-03T11:57:18.134+0000] {processor.py:157} INFO - Started process (PID=40214) to work on /home/vscode/.local/lib/python3.10/site-packages/airflow/example_dags/example_params_ui_tutorial.py
[2025-02-03T11:57:18.134+0000] {processor.py:826} INFO - Processing file /home/vscode/.local/lib/python3.10/site-packages/airflow/example_dags/example_params_ui_tutorial.py for tasks to queue
[2025-02-03T11:57:18.135+0000] {logging_mixin.py:150} INFO - [2025-02-03T11:57:18.135+0000] {dagbag.py:541} INFO - Filling up the DagBag from /home/vscode/.local/lib/python3.10/site-packages/airflow/example_dags/example_params_ui_tutorial.py
[2025-02-03T11:57:18.151+0000] {processor.py:836} INFO - DAG(s) dict_keys(['example_params_ui_tutorial']) retrieved from /home/vscode/.local/lib/python3.10/site-packages/airflow/example_dags/example_params_ui_tutorial.py
[2025-02-03T11:57:18.175+0000] {logging_mixin.py:150} INFO - [2025-02-03T11:57:18.175+0000] {dag.py:2742} INFO - Sync 1 DAGs
[2025-02-03T11:57:18.188+0000] {logging_mixin.py:150} INFO - [2025-02-03T11:57:18.188+0000] {dag.py:3504} INFO - Setting next_dagrun for example_params_ui_tutorial to None, run_after=None
[2025-02-03T11:57:18.204+0000] {processor.py:179} INFO - Processing /home/vscode/.local/lib/python3.10/site-packages/airflow/example_dags/example_params_ui_tutorial.py took 0.072 seconds
[2025-02-03T11:58:06.616+0000] {processor.py:157} INFO - Started process (PID=40540) to work on /home/vscode/.local/lib/python3.10/site-packages/airflow/example_dags/example_params_ui_tutorial.py
[2025-02-03T11:58:06.617+0000] {processor.py:826} INFO - Processing file /home/vscode/.local/lib/python3.10/site-packages/airflow/example_dags/example_params_ui_tutorial.py for tasks to queue
[2025-02-03T11:58:06.617+0000] {logging_mixin.py:150} INFO - [2025-02-03T11:58:06.617+0000] {dagbag.py:541} INFO - Filling up the DagBag from /home/vscode/.local/lib/python3.10/site-packages/airflow/example_dags/example_params_ui_tutorial.py
[2025-02-03T11:58:06.634+0000] {processor.py:836} INFO - DAG(s) dict_keys(['example_params_ui_tutorial']) retrieved from /home/vscode/.local/lib/python3.10/site-packages/airflow/example_dags/example_params_ui_tutorial.py
[2025-02-03T11:58:06.659+0000] {logging_mixin.py:150} INFO - [2025-02-03T11:58:06.659+0000] {dag.py:2742} INFO - Sync 1 DAGs
[2025-02-03T11:58:06.672+0000] {logging_mixin.py:150} INFO - [2025-02-03T11:58:06.672+0000] {dag.py:3504} INFO - Setting next_dagrun for example_params_ui_tutorial to None, run_after=None
[2025-02-03T11:58:06.687+0000] {processor.py:179} INFO - Processing /home/vscode/.local/lib/python3.10/site-packages/airflow/example_dags/example_params_ui_tutorial.py took 0.073 seconds
[2025-02-03T11:58:49.457+0000] {processor.py:157} INFO - Started process (PID=40835) to work on /home/vscode/.local/lib/python3.10/site-packages/airflow/example_dags/example_params_ui_tutorial.py
[2025-02-03T11:58:49.458+0000] {processor.py:826} INFO - Processing file /home/vscode/.local/lib/python3.10/site-packages/airflow/example_dags/example_params_ui_tutorial.py for tasks to queue
[2025-02-03T11:58:49.459+0000] {logging_mixin.py:150} INFO - [2025-02-03T11:58:49.458+0000] {dagbag.py:541} INFO - Filling up the DagBag from /home/vscode/.local/lib/python3.10/site-packages/airflow/example_dags/example_params_ui_tutorial.py
[2025-02-03T11:58:49.477+0000] {processor.py:836} INFO - DAG(s) dict_keys(['example_params_ui_tutorial']) retrieved from /home/vscode/.local/lib/python3.10/site-packages/airflow/example_dags/example_params_ui_tutorial.py
[2025-02-03T11:58:49.517+0000] {logging_mixin.py:150} INFO - [2025-02-03T11:58:49.517+0000] {dag.py:2742} INFO - Sync 1 DAGs
[2025-02-03T11:58:49.532+0000] {logging_mixin.py:150} INFO - [2025-02-03T11:58:49.532+0000] {dag.py:3504} INFO - Setting next_dagrun for example_params_ui_tutorial to None, run_after=None
[2025-02-03T11:58:49.546+0000] {processor.py:179} INFO - Processing /home/vscode/.local/lib/python3.10/site-packages/airflow/example_dags/example_params_ui_tutorial.py took 0.091 seconds
[2025-02-03T11:59:32.796+0000] {processor.py:157} INFO - Started process (PID=41121) to work on /home/vscode/.local/lib/python3.10/site-packages/airflow/example_dags/example_params_ui_tutorial.py
[2025-02-03T11:59:32.797+0000] {processor.py:826} INFO - Processing file /home/vscode/.local/lib/python3.10/site-packages/airflow/example_dags/example_params_ui_tutorial.py for tasks to queue
[2025-02-03T11:59:32.797+0000] {logging_mixin.py:150} INFO - [2025-02-03T11:59:32.797+0000] {dagbag.py:541} INFO - Filling up the DagBag from /home/vscode/.local/lib/python3.10/site-packages/airflow/example_dags/example_params_ui_tutorial.py
[2025-02-03T11:59:32.814+0000] {processor.py:836} INFO - DAG(s) dict_keys(['example_params_ui_tutorial']) retrieved from /home/vscode/.local/lib/python3.10/site-packages/airflow/example_dags/example_params_ui_tutorial.py
[2025-02-03T11:59:32.839+0000] {logging_mixin.py:150} INFO - [2025-02-03T11:59:32.839+0000] {dag.py:2742} INFO - Sync 1 DAGs
[2025-02-03T11:59:32.852+0000] {logging_mixin.py:150} INFO - [2025-02-03T11:59:32.852+0000] {dag.py:3504} INFO - Setting next_dagrun for example_params_ui_tutorial to None, run_after=None
[2025-02-03T11:59:32.867+0000] {processor.py:179} INFO - Processing /home/vscode/.local/lib/python3.10/site-packages/airflow/example_dags/example_params_ui_tutorial.py took 0.073 seconds
[2025-02-03T12:00:14.939+0000] {processor.py:157} INFO - Started process (PID=41401) to work on /home/vscode/.local/lib/python3.10/site-packages/airflow/example_dags/example_params_ui_tutorial.py
[2025-02-03T12:00:14.940+0000] {processor.py:826} INFO - Processing file /home/vscode/.local/lib/python3.10/site-packages/airflow/example_dags/example_params_ui_tutorial.py for tasks to queue
[2025-02-03T12:00:14.940+0000] {logging_mixin.py:150} INFO - [2025-02-03T12:00:14.940+0000] {dagbag.py:541} INFO - Filling up the DagBag from /home/vscode/.local/lib/python3.10/site-packages/airflow/example_dags/example_params_ui_tutorial.py
[2025-02-03T12:00:14.957+0000] {processor.py:836} INFO - DAG(s) dict_keys(['example_params_ui_tutorial']) retrieved from /home/vscode/.local/lib/python3.10/site-packages/airflow/example_dags/example_params_ui_tutorial.py
[2025-02-03T12:00:14.981+0000] {logging_mixin.py:150} INFO - [2025-02-03T12:00:14.981+0000] {dag.py:2742} INFO - Sync 1 DAGs
[2025-02-03T12:00:14.994+0000] {logging_mixin.py:150} INFO - [2025-02-03T12:00:14.994+0000] {dag.py:3504} INFO - Setting next_dagrun for example_params_ui_tutorial to None, run_after=None
[2025-02-03T12:00:15.008+0000] {processor.py:179} INFO - Processing /home/vscode/.local/lib/python3.10/site-packages/airflow/example_dags/example_params_ui_tutorial.py took 0.071 seconds
[2025-02-03T12:01:02.917+0000] {processor.py:157} INFO - Started process (PID=41722) to work on /home/vscode/.local/lib/python3.10/site-packages/airflow/example_dags/example_params_ui_tutorial.py
[2025-02-03T12:01:02.917+0000] {processor.py:826} INFO - Processing file /home/vscode/.local/lib/python3.10/site-packages/airflow/example_dags/example_params_ui_tutorial.py for tasks to queue
[2025-02-03T12:01:02.918+0000] {logging_mixin.py:150} INFO - [2025-02-03T12:01:02.918+0000] {dagbag.py:541} INFO - Filling up the DagBag from /home/vscode/.local/lib/python3.10/site-packages/airflow/example_dags/example_params_ui_tutorial.py
[2025-02-03T12:01:02.939+0000] {processor.py:836} INFO - DAG(s) dict_keys(['example_params_ui_tutorial']) retrieved from /home/vscode/.local/lib/python3.10/site-packages/airflow/example_dags/example_params_ui_tutorial.py
[2025-02-03T12:01:02.964+0000] {logging_mixin.py:150} INFO - [2025-02-03T12:01:02.964+0000] {dag.py:2742} INFO - Sync 1 DAGs
[2025-02-03T12:01:02.979+0000] {logging_mixin.py:150} INFO - [2025-02-03T12:01:02.979+0000] {dag.py:3504} INFO - Setting next_dagrun for example_params_ui_tutorial to None, run_after=None
[2025-02-03T12:01:02.993+0000] {processor.py:179} INFO - Processing /home/vscode/.local/lib/python3.10/site-packages/airflow/example_dags/example_params_ui_tutorial.py took 0.078 seconds
[2025-02-03T12:01:46.294+0000] {processor.py:157} INFO - Started process (PID=42014) to work on /home/vscode/.local/lib/python3.10/site-packages/airflow/example_dags/example_params_ui_tutorial.py
[2025-02-03T12:01:46.294+0000] {processor.py:826} INFO - Processing file /home/vscode/.local/lib/python3.10/site-packages/airflow/example_dags/example_params_ui_tutorial.py for tasks to queue
[2025-02-03T12:01:46.295+0000] {logging_mixin.py:150} INFO - [2025-02-03T12:01:46.295+0000] {dagbag.py:541} INFO - Filling up the DagBag from /home/vscode/.local/lib/python3.10/site-packages/airflow/example_dags/example_params_ui_tutorial.py
[2025-02-03T12:01:46.312+0000] {processor.py:836} INFO - DAG(s) dict_keys(['example_params_ui_tutorial']) retrieved from /home/vscode/.local/lib/python3.10/site-packages/airflow/example_dags/example_params_ui_tutorial.py
[2025-02-03T12:01:46.338+0000] {logging_mixin.py:150} INFO - [2025-02-03T12:01:46.337+0000] {dag.py:2742} INFO - Sync 1 DAGs
[2025-02-03T12:01:46.351+0000] {logging_mixin.py:150} INFO - [2025-02-03T12:01:46.351+0000] {dag.py:3504} INFO - Setting next_dagrun for example_params_ui_tutorial to None, run_after=None
[2025-02-03T12:01:46.365+0000] {processor.py:179} INFO - Processing /home/vscode/.local/lib/python3.10/site-packages/airflow/example_dags/example_params_ui_tutorial.py took 0.074 seconds
[2025-02-03T12:02:29.665+0000] {processor.py:157} INFO - Started process (PID=42302) to work on /home/vscode/.local/lib/python3.10/site-packages/airflow/example_dags/example_params_ui_tutorial.py
[2025-02-03T12:02:29.666+0000] {processor.py:826} INFO - Processing file /home/vscode/.local/lib/python3.10/site-packages/airflow/example_dags/example_params_ui_tutorial.py for tasks to queue
[2025-02-03T12:02:29.667+0000] {logging_mixin.py:150} INFO - [2025-02-03T12:02:29.666+0000] {dagbag.py:541} INFO - Filling up the DagBag from /home/vscode/.local/lib/python3.10/site-packages/airflow/example_dags/example_params_ui_tutorial.py
[2025-02-03T12:02:29.683+0000] {processor.py:836} INFO - DAG(s) dict_keys(['example_params_ui_tutorial']) retrieved from /home/vscode/.local/lib/python3.10/site-packages/airflow/example_dags/example_params_ui_tutorial.py
[2025-02-03T12:02:29.708+0000] {logging_mixin.py:150} INFO - [2025-02-03T12:02:29.707+0000] {dag.py:2742} INFO - Sync 1 DAGs
[2025-02-03T12:02:29.722+0000] {logging_mixin.py:150} INFO - [2025-02-03T12:02:29.721+0000] {dag.py:3504} INFO - Setting next_dagrun for example_params_ui_tutorial to None, run_after=None
[2025-02-03T12:02:29.735+0000] {processor.py:179} INFO - Processing /home/vscode/.local/lib/python3.10/site-packages/airflow/example_dags/example_params_ui_tutorial.py took 0.072 seconds
[2025-02-03T12:03:11.243+0000] {processor.py:157} INFO - Started process (PID=42589) to work on /home/vscode/.local/lib/python3.10/site-packages/airflow/example_dags/example_params_ui_tutorial.py
[2025-02-03T12:03:11.244+0000] {processor.py:826} INFO - Processing file /home/vscode/.local/lib/python3.10/site-packages/airflow/example_dags/example_params_ui_tutorial.py for tasks to queue
[2025-02-03T12:03:11.245+0000] {logging_mixin.py:150} INFO - [2025-02-03T12:03:11.244+0000] {dagbag.py:541} INFO - Filling up the DagBag from /home/vscode/.local/lib/python3.10/site-packages/airflow/example_dags/example_params_ui_tutorial.py
[2025-02-03T12:03:11.262+0000] {processor.py:836} INFO - DAG(s) dict_keys(['example_params_ui_tutorial']) retrieved from /home/vscode/.local/lib/python3.10/site-packages/airflow/example_dags/example_params_ui_tutorial.py
[2025-02-03T12:03:11.287+0000] {logging_mixin.py:150} INFO - [2025-02-03T12:03:11.286+0000] {dag.py:2742} INFO - Sync 1 DAGs
[2025-02-03T12:03:11.300+0000] {logging_mixin.py:150} INFO - [2025-02-03T12:03:11.300+0000] {dag.py:3504} INFO - Setting next_dagrun for example_params_ui_tutorial to None, run_after=None
[2025-02-03T12:03:11.314+0000] {processor.py:179} INFO - Processing /home/vscode/.local/lib/python3.10/site-packages/airflow/example_dags/example_params_ui_tutorial.py took 0.073 seconds
[2025-02-03T12:03:54.627+0000] {processor.py:157} INFO - Started process (PID=42882) to work on /home/vscode/.local/lib/python3.10/site-packages/airflow/example_dags/example_params_ui_tutorial.py
[2025-02-03T12:03:54.627+0000] {processor.py:826} INFO - Processing file /home/vscode/.local/lib/python3.10/site-packages/airflow/example_dags/example_params_ui_tutorial.py for tasks to queue
[2025-02-03T12:03:54.628+0000] {logging_mixin.py:150} INFO - [2025-02-03T12:03:54.628+0000] {dagbag.py:541} INFO - Filling up the DagBag from /home/vscode/.local/lib/python3.10/site-packages/airflow/example_dags/example_params_ui_tutorial.py
[2025-02-03T12:03:54.645+0000] {processor.py:836} INFO - DAG(s) dict_keys(['example_params_ui_tutorial']) retrieved from /home/vscode/.local/lib/python3.10/site-packages/airflow/example_dags/example_params_ui_tutorial.py
[2025-02-03T12:03:54.670+0000] {logging_mixin.py:150} INFO - [2025-02-03T12:03:54.669+0000] {dag.py:2742} INFO - Sync 1 DAGs
[2025-02-03T12:03:54.684+0000] {logging_mixin.py:150} INFO - [2025-02-03T12:03:54.684+0000] {dag.py:3504} INFO - Setting next_dagrun for example_params_ui_tutorial to None, run_after=None
[2025-02-03T12:03:54.697+0000] {processor.py:179} INFO - Processing /home/vscode/.local/lib/python3.10/site-packages/airflow/example_dags/example_params_ui_tutorial.py took 0.073 seconds
[2025-02-03T12:04:38.519+0000] {processor.py:157} INFO - Started process (PID=43170) to work on /home/vscode/.local/lib/python3.10/site-packages/airflow/example_dags/example_params_ui_tutorial.py
[2025-02-03T12:04:38.520+0000] {processor.py:826} INFO - Processing file /home/vscode/.local/lib/python3.10/site-packages/airflow/example_dags/example_params_ui_tutorial.py for tasks to queue
[2025-02-03T12:04:38.520+0000] {logging_mixin.py:150} INFO - [2025-02-03T12:04:38.520+0000] {dagbag.py:541} INFO - Filling up the DagBag from /home/vscode/.local/lib/python3.10/site-packages/airflow/example_dags/example_params_ui_tutorial.py
[2025-02-03T12:04:38.538+0000] {processor.py:836} INFO - DAG(s) dict_keys(['example_params_ui_tutorial']) retrieved from /home/vscode/.local/lib/python3.10/site-packages/airflow/example_dags/example_params_ui_tutorial.py
[2025-02-03T12:04:38.568+0000] {logging_mixin.py:150} INFO - [2025-02-03T12:04:38.568+0000] {dag.py:2742} INFO - Sync 1 DAGs
[2025-02-03T12:04:38.582+0000] {logging_mixin.py:150} INFO - [2025-02-03T12:04:38.582+0000] {dag.py:3504} INFO - Setting next_dagrun for example_params_ui_tutorial to None, run_after=None
[2025-02-03T12:04:38.597+0000] {processor.py:179} INFO - Processing /home/vscode/.local/lib/python3.10/site-packages/airflow/example_dags/example_params_ui_tutorial.py took 0.080 seconds
[2025-02-03T12:05:21.865+0000] {processor.py:157} INFO - Started process (PID=43457) to work on /home/vscode/.local/lib/python3.10/site-packages/airflow/example_dags/example_params_ui_tutorial.py
[2025-02-03T12:05:21.866+0000] {processor.py:826} INFO - Processing file /home/vscode/.local/lib/python3.10/site-packages/airflow/example_dags/example_params_ui_tutorial.py for tasks to queue
[2025-02-03T12:05:21.867+0000] {logging_mixin.py:150} INFO - [2025-02-03T12:05:21.866+0000] {dagbag.py:541} INFO - Filling up the DagBag from /home/vscode/.local/lib/python3.10/site-packages/airflow/example_dags/example_params_ui_tutorial.py
[2025-02-03T12:05:21.883+0000] {processor.py:836} INFO - DAG(s) dict_keys(['example_params_ui_tutorial']) retrieved from /home/vscode/.local/lib/python3.10/site-packages/airflow/example_dags/example_params_ui_tutorial.py
[2025-02-03T12:05:21.908+0000] {logging_mixin.py:150} INFO - [2025-02-03T12:05:21.908+0000] {dag.py:2742} INFO - Sync 1 DAGs
[2025-02-03T12:05:21.921+0000] {logging_mixin.py:150} INFO - [2025-02-03T12:05:21.921+0000] {dag.py:3504} INFO - Setting next_dagrun for example_params_ui_tutorial to None, run_after=None
[2025-02-03T12:05:21.939+0000] {processor.py:179} INFO - Processing /home/vscode/.local/lib/python3.10/site-packages/airflow/example_dags/example_params_ui_tutorial.py took 0.075 seconds
[2025-02-03T12:06:10.348+0000] {processor.py:157} INFO - Started process (PID=43787) to work on /home/vscode/.local/lib/python3.10/site-packages/airflow/example_dags/example_params_ui_tutorial.py
[2025-02-03T12:06:10.348+0000] {processor.py:826} INFO - Processing file /home/vscode/.local/lib/python3.10/site-packages/airflow/example_dags/example_params_ui_tutorial.py for tasks to queue
[2025-02-03T12:06:10.349+0000] {logging_mixin.py:150} INFO - [2025-02-03T12:06:10.349+0000] {dagbag.py:541} INFO - Filling up the DagBag from /home/vscode/.local/lib/python3.10/site-packages/airflow/example_dags/example_params_ui_tutorial.py
[2025-02-03T12:06:10.366+0000] {processor.py:836} INFO - DAG(s) dict_keys(['example_params_ui_tutorial']) retrieved from /home/vscode/.local/lib/python3.10/site-packages/airflow/example_dags/example_params_ui_tutorial.py
[2025-02-03T12:06:10.392+0000] {logging_mixin.py:150} INFO - [2025-02-03T12:06:10.391+0000] {dag.py:2742} INFO - Sync 1 DAGs
[2025-02-03T12:06:10.407+0000] {logging_mixin.py:150} INFO - [2025-02-03T12:06:10.406+0000] {dag.py:3504} INFO - Setting next_dagrun for example_params_ui_tutorial to None, run_after=None
[2025-02-03T12:06:10.421+0000] {processor.py:179} INFO - Processing /home/vscode/.local/lib/python3.10/site-packages/airflow/example_dags/example_params_ui_tutorial.py took 0.076 seconds
[2025-02-03T12:06:57.184+0000] {processor.py:157} INFO - Started process (PID=44100) to work on /home/vscode/.local/lib/python3.10/site-packages/airflow/example_dags/example_params_ui_tutorial.py
[2025-02-03T12:06:57.185+0000] {processor.py:826} INFO - Processing file /home/vscode/.local/lib/python3.10/site-packages/airflow/example_dags/example_params_ui_tutorial.py for tasks to queue
[2025-02-03T12:06:57.185+0000] {logging_mixin.py:150} INFO - [2025-02-03T12:06:57.185+0000] {dagbag.py:541} INFO - Filling up the DagBag from /home/vscode/.local/lib/python3.10/site-packages/airflow/example_dags/example_params_ui_tutorial.py
[2025-02-03T12:06:57.202+0000] {processor.py:836} INFO - DAG(s) dict_keys(['example_params_ui_tutorial']) retrieved from /home/vscode/.local/lib/python3.10/site-packages/airflow/example_dags/example_params_ui_tutorial.py
[2025-02-03T12:06:57.228+0000] {logging_mixin.py:150} INFO - [2025-02-03T12:06:57.227+0000] {dag.py:2742} INFO - Sync 1 DAGs
[2025-02-03T12:06:57.241+0000] {logging_mixin.py:150} INFO - [2025-02-03T12:06:57.241+0000] {dag.py:3504} INFO - Setting next_dagrun for example_params_ui_tutorial to None, run_after=None
[2025-02-03T12:06:57.256+0000] {processor.py:179} INFO - Processing /home/vscode/.local/lib/python3.10/site-packages/airflow/example_dags/example_params_ui_tutorial.py took 0.074 seconds
[2025-02-03T12:07:39.347+0000] {processor.py:157} INFO - Started process (PID=44945) to work on /home/vscode/.local/lib/python3.10/site-packages/airflow/example_dags/example_params_ui_tutorial.py
[2025-02-03T12:07:39.347+0000] {processor.py:826} INFO - Processing file /home/vscode/.local/lib/python3.10/site-packages/airflow/example_dags/example_params_ui_tutorial.py for tasks to queue
[2025-02-03T12:07:39.348+0000] {logging_mixin.py:150} INFO - [2025-02-03T12:07:39.348+0000] {dagbag.py:541} INFO - Filling up the DagBag from /home/vscode/.local/lib/python3.10/site-packages/airflow/example_dags/example_params_ui_tutorial.py
[2025-02-03T12:07:39.365+0000] {processor.py:836} INFO - DAG(s) dict_keys(['example_params_ui_tutorial']) retrieved from /home/vscode/.local/lib/python3.10/site-packages/airflow/example_dags/example_params_ui_tutorial.py
[2025-02-03T12:07:39.390+0000] {logging_mixin.py:150} INFO - [2025-02-03T12:07:39.389+0000] {dag.py:2742} INFO - Sync 1 DAGs
[2025-02-03T12:07:39.403+0000] {logging_mixin.py:150} INFO - [2025-02-03T12:07:39.403+0000] {dag.py:3504} INFO - Setting next_dagrun for example_params_ui_tutorial to None, run_after=None
[2025-02-03T12:07:39.424+0000] {processor.py:179} INFO - Processing /home/vscode/.local/lib/python3.10/site-packages/airflow/example_dags/example_params_ui_tutorial.py took 0.079 seconds
[2025-02-03T12:08:27.282+0000] {processor.py:157} INFO - Started process (PID=46378) to work on /home/vscode/.local/lib/python3.10/site-packages/airflow/example_dags/example_params_ui_tutorial.py
[2025-02-03T12:08:27.283+0000] {processor.py:826} INFO - Processing file /home/vscode/.local/lib/python3.10/site-packages/airflow/example_dags/example_params_ui_tutorial.py for tasks to queue
[2025-02-03T12:08:27.283+0000] {logging_mixin.py:150} INFO - [2025-02-03T12:08:27.283+0000] {dagbag.py:541} INFO - Filling up the DagBag from /home/vscode/.local/lib/python3.10/site-packages/airflow/example_dags/example_params_ui_tutorial.py
[2025-02-03T12:08:27.300+0000] {processor.py:836} INFO - DAG(s) dict_keys(['example_params_ui_tutorial']) retrieved from /home/vscode/.local/lib/python3.10/site-packages/airflow/example_dags/example_params_ui_tutorial.py
[2025-02-03T12:08:27.325+0000] {logging_mixin.py:150} INFO - [2025-02-03T12:08:27.325+0000] {dag.py:2742} INFO - Sync 1 DAGs
[2025-02-03T12:08:27.339+0000] {logging_mixin.py:150} INFO - [2025-02-03T12:08:27.339+0000] {dag.py:3504} INFO - Setting next_dagrun for example_params_ui_tutorial to None, run_after=None
[2025-02-03T12:08:27.354+0000] {processor.py:179} INFO - Processing /home/vscode/.local/lib/python3.10/site-packages/airflow/example_dags/example_params_ui_tutorial.py took 0.074 seconds
[2025-02-03T12:09:10.640+0000] {processor.py:157} INFO - Started process (PID=46737) to work on /home/vscode/.local/lib/python3.10/site-packages/airflow/example_dags/example_params_ui_tutorial.py
[2025-02-03T12:09:10.641+0000] {processor.py:826} INFO - Processing file /home/vscode/.local/lib/python3.10/site-packages/airflow/example_dags/example_params_ui_tutorial.py for tasks to queue
[2025-02-03T12:09:10.642+0000] {logging_mixin.py:150} INFO - [2025-02-03T12:09:10.641+0000] {dagbag.py:541} INFO - Filling up the DagBag from /home/vscode/.local/lib/python3.10/site-packages/airflow/example_dags/example_params_ui_tutorial.py
[2025-02-03T12:09:10.658+0000] {processor.py:836} INFO - DAG(s) dict_keys(['example_params_ui_tutorial']) retrieved from /home/vscode/.local/lib/python3.10/site-packages/airflow/example_dags/example_params_ui_tutorial.py
[2025-02-03T12:09:10.683+0000] {logging_mixin.py:150} INFO - [2025-02-03T12:09:10.683+0000] {dag.py:2742} INFO - Sync 1 DAGs
[2025-02-03T12:09:10.697+0000] {logging_mixin.py:150} INFO - [2025-02-03T12:09:10.697+0000] {dag.py:3504} INFO - Setting next_dagrun for example_params_ui_tutorial to None, run_after=None
[2025-02-03T12:09:10.713+0000] {processor.py:179} INFO - Processing /home/vscode/.local/lib/python3.10/site-packages/airflow/example_dags/example_params_ui_tutorial.py took 0.075 seconds
[2025-02-03T12:09:50.586+0000] {processor.py:157} INFO - Started process (PID=47584) to work on /home/vscode/.local/lib/python3.10/site-packages/airflow/example_dags/example_params_ui_tutorial.py
[2025-02-03T12:09:50.586+0000] {processor.py:826} INFO - Processing file /home/vscode/.local/lib/python3.10/site-packages/airflow/example_dags/example_params_ui_tutorial.py for tasks to queue
[2025-02-03T12:09:50.587+0000] {logging_mixin.py:150} INFO - [2025-02-03T12:09:50.586+0000] {dagbag.py:541} INFO - Filling up the DagBag from /home/vscode/.local/lib/python3.10/site-packages/airflow/example_dags/example_params_ui_tutorial.py
[2025-02-03T12:09:50.604+0000] {processor.py:836} INFO - DAG(s) dict_keys(['example_params_ui_tutorial']) retrieved from /home/vscode/.local/lib/python3.10/site-packages/airflow/example_dags/example_params_ui_tutorial.py
[2025-02-03T12:09:50.628+0000] {logging_mixin.py:150} INFO - [2025-02-03T12:09:50.628+0000] {dag.py:2742} INFO - Sync 1 DAGs
[2025-02-03T12:09:50.642+0000] {logging_mixin.py:150} INFO - [2025-02-03T12:09:50.642+0000] {dag.py:3504} INFO - Setting next_dagrun for example_params_ui_tutorial to None, run_after=None
[2025-02-03T12:09:50.657+0000] {processor.py:179} INFO - Processing /home/vscode/.local/lib/python3.10/site-packages/airflow/example_dags/example_params_ui_tutorial.py took 0.073 seconds
