[2025-02-03T11:50:41.155+0000] {processor.py:157} INFO - Started process (PID=37554) to work on /home/vscode/.local/lib/python3.10/site-packages/airflow/example_dags/example_branch_operator.py
[2025-02-03T11:50:41.155+0000] {processor.py:826} INFO - Processing file /home/vscode/.local/lib/python3.10/site-packages/airflow/example_dags/example_branch_operator.py for tasks to queue
[2025-02-03T11:50:41.156+0000] {logging_mixin.py:150} INFO - [2025-02-03T11:50:41.156+0000] {dagbag.py:541} INFO - Filling up the DagBag from /home/vscode/.local/lib/python3.10/site-packages/airflow/example_dags/example_branch_operator.py
[2025-02-03T11:50:41.163+0000] {processor.py:836} INFO - DAG(s) dict_keys(['example_branch_operator']) retrieved from /home/vscode/.local/lib/python3.10/site-packages/airflow/example_dags/example_branch_operator.py
[2025-02-03T11:50:41.322+0000] {logging_mixin.py:150} INFO - [2025-02-03T11:50:41.321+0000] {manager.py:504} INFO - Created Permission View: can read on DAG:example_branch_operator
[2025-02-03T11:50:41.329+0000] {logging_mixin.py:150} INFO - [2025-02-03T11:50:41.329+0000] {manager.py:504} INFO - Created Permission View: can delete on DAG:example_branch_operator
[2025-02-03T11:50:41.334+0000] {logging_mixin.py:150} INFO - [2025-02-03T11:50:41.334+0000] {manager.py:504} INFO - Created Permission View: can edit on DAG:example_branch_operator
[2025-02-03T11:50:41.342+0000] {logging_mixin.py:150} INFO - [2025-02-03T11:50:41.342+0000] {dag.py:2742} INFO - Sync 1 DAGs
[2025-02-03T11:50:41.348+0000] {logging_mixin.py:150} INFO - [2025-02-03T11:50:41.348+0000] {dag.py:2763} INFO - Creating ORM DAG for example_branch_operator
[2025-02-03T11:50:41.356+0000] {logging_mixin.py:150} INFO - [2025-02-03T11:50:41.356+0000] {dag.py:3504} INFO - Setting next_dagrun for example_branch_operator to 2025-02-02T00:00:00+00:00, run_after=2025-02-03T00:00:00+00:00
[2025-02-03T11:50:41.370+0000] {processor.py:179} INFO - Processing /home/vscode/.local/lib/python3.10/site-packages/airflow/example_dags/example_branch_operator.py took 0.217 seconds
[2025-02-03T11:51:27.974+0000] {processor.py:157} INFO - Started process (PID=37863) to work on /home/vscode/.local/lib/python3.10/site-packages/airflow/example_dags/example_branch_operator.py
[2025-02-03T11:51:27.974+0000] {processor.py:826} INFO - Processing file /home/vscode/.local/lib/python3.10/site-packages/airflow/example_dags/example_branch_operator.py for tasks to queue
[2025-02-03T11:51:27.975+0000] {logging_mixin.py:150} INFO - [2025-02-03T11:51:27.975+0000] {dagbag.py:541} INFO - Filling up the DagBag from /home/vscode/.local/lib/python3.10/site-packages/airflow/example_dags/example_branch_operator.py
[2025-02-03T11:51:27.982+0000] {processor.py:836} INFO - DAG(s) dict_keys(['example_branch_operator']) retrieved from /home/vscode/.local/lib/python3.10/site-packages/airflow/example_dags/example_branch_operator.py
[2025-02-03T11:51:27.995+0000] {logging_mixin.py:150} INFO - [2025-02-03T11:51:27.995+0000] {dag.py:2742} INFO - Sync 1 DAGs
[2025-02-03T11:51:28.010+0000] {logging_mixin.py:150} INFO - [2025-02-03T11:51:28.010+0000] {dag.py:3504} INFO - Setting next_dagrun for example_branch_operator to 2025-02-02T00:00:00+00:00, run_after=2025-02-03T00:00:00+00:00
[2025-02-03T11:51:28.025+0000] {processor.py:179} INFO - Processing /home/vscode/.local/lib/python3.10/site-packages/airflow/example_dags/example_branch_operator.py took 0.053 seconds
[2025-02-03T11:52:14.073+0000] {processor.py:157} INFO - Started process (PID=38173) to work on /home/vscode/.local/lib/python3.10/site-packages/airflow/example_dags/example_branch_operator.py
[2025-02-03T11:52:14.073+0000] {processor.py:826} INFO - Processing file /home/vscode/.local/lib/python3.10/site-packages/airflow/example_dags/example_branch_operator.py for tasks to queue
[2025-02-03T11:52:14.074+0000] {logging_mixin.py:150} INFO - [2025-02-03T11:52:14.074+0000] {dagbag.py:541} INFO - Filling up the DagBag from /home/vscode/.local/lib/python3.10/site-packages/airflow/example_dags/example_branch_operator.py
[2025-02-03T11:52:14.081+0000] {processor.py:836} INFO - DAG(s) dict_keys(['example_branch_operator']) retrieved from /home/vscode/.local/lib/python3.10/site-packages/airflow/example_dags/example_branch_operator.py
[2025-02-03T11:52:14.094+0000] {logging_mixin.py:150} INFO - [2025-02-03T11:52:14.094+0000] {dag.py:2742} INFO - Sync 1 DAGs
[2025-02-03T11:52:14.109+0000] {logging_mixin.py:150} INFO - [2025-02-03T11:52:14.108+0000] {dag.py:3504} INFO - Setting next_dagrun for example_branch_operator to 2025-02-02T00:00:00+00:00, run_after=2025-02-03T00:00:00+00:00
[2025-02-03T11:52:14.123+0000] {processor.py:179} INFO - Processing /home/vscode/.local/lib/python3.10/site-packages/airflow/example_dags/example_branch_operator.py took 0.052 seconds
[2025-02-03T11:52:58.408+0000] {processor.py:157} INFO - Started process (PID=38470) to work on /home/vscode/.local/lib/python3.10/site-packages/airflow/example_dags/example_branch_operator.py
[2025-02-03T11:52:58.409+0000] {processor.py:826} INFO - Processing file /home/vscode/.local/lib/python3.10/site-packages/airflow/example_dags/example_branch_operator.py for tasks to queue
[2025-02-03T11:52:58.409+0000] {logging_mixin.py:150} INFO - [2025-02-03T11:52:58.409+0000] {dagbag.py:541} INFO - Filling up the DagBag from /home/vscode/.local/lib/python3.10/site-packages/airflow/example_dags/example_branch_operator.py
[2025-02-03T11:52:58.416+0000] {processor.py:836} INFO - DAG(s) dict_keys(['example_branch_operator']) retrieved from /home/vscode/.local/lib/python3.10/site-packages/airflow/example_dags/example_branch_operator.py
[2025-02-03T11:52:58.429+0000] {logging_mixin.py:150} INFO - [2025-02-03T11:52:58.429+0000] {dag.py:2742} INFO - Sync 1 DAGs
[2025-02-03T11:52:58.444+0000] {logging_mixin.py:150} INFO - [2025-02-03T11:52:58.444+0000] {dag.py:3504} INFO - Setting next_dagrun for example_branch_operator to 2025-02-02T00:00:00+00:00, run_after=2025-02-03T00:00:00+00:00
[2025-02-03T11:52:58.457+0000] {processor.py:179} INFO - Processing /home/vscode/.local/lib/python3.10/site-packages/airflow/example_dags/example_branch_operator.py took 0.051 seconds
[2025-02-03T11:53:43.807+0000] {processor.py:157} INFO - Started process (PID=38774) to work on /home/vscode/.local/lib/python3.10/site-packages/airflow/example_dags/example_branch_operator.py
[2025-02-03T11:53:43.808+0000] {processor.py:826} INFO - Processing file /home/vscode/.local/lib/python3.10/site-packages/airflow/example_dags/example_branch_operator.py for tasks to queue
[2025-02-03T11:53:43.808+0000] {logging_mixin.py:150} INFO - [2025-02-03T11:53:43.808+0000] {dagbag.py:541} INFO - Filling up the DagBag from /home/vscode/.local/lib/python3.10/site-packages/airflow/example_dags/example_branch_operator.py
[2025-02-03T11:53:43.815+0000] {processor.py:836} INFO - DAG(s) dict_keys(['example_branch_operator']) retrieved from /home/vscode/.local/lib/python3.10/site-packages/airflow/example_dags/example_branch_operator.py
[2025-02-03T11:53:43.828+0000] {logging_mixin.py:150} INFO - [2025-02-03T11:53:43.827+0000] {dag.py:2742} INFO - Sync 1 DAGs
[2025-02-03T11:53:43.842+0000] {logging_mixin.py:150} INFO - [2025-02-03T11:53:43.842+0000] {dag.py:3504} INFO - Setting next_dagrun for example_branch_operator to 2025-02-02T00:00:00+00:00, run_after=2025-02-03T00:00:00+00:00
[2025-02-03T11:53:43.855+0000] {processor.py:179} INFO - Processing /home/vscode/.local/lib/python3.10/site-packages/airflow/example_dags/example_branch_operator.py took 0.050 seconds
[2025-02-03T11:54:26.686+0000] {processor.py:157} INFO - Started process (PID=39060) to work on /home/vscode/.local/lib/python3.10/site-packages/airflow/example_dags/example_branch_operator.py
[2025-02-03T11:54:26.686+0000] {processor.py:826} INFO - Processing file /home/vscode/.local/lib/python3.10/site-packages/airflow/example_dags/example_branch_operator.py for tasks to queue
[2025-02-03T11:54:26.687+0000] {logging_mixin.py:150} INFO - [2025-02-03T11:54:26.687+0000] {dagbag.py:541} INFO - Filling up the DagBag from /home/vscode/.local/lib/python3.10/site-packages/airflow/example_dags/example_branch_operator.py
[2025-02-03T11:54:26.693+0000] {processor.py:836} INFO - DAG(s) dict_keys(['example_branch_operator']) retrieved from /home/vscode/.local/lib/python3.10/site-packages/airflow/example_dags/example_branch_operator.py
[2025-02-03T11:54:26.706+0000] {logging_mixin.py:150} INFO - [2025-02-03T11:54:26.706+0000] {dag.py:2742} INFO - Sync 1 DAGs
[2025-02-03T11:54:26.721+0000] {logging_mixin.py:150} INFO - [2025-02-03T11:54:26.721+0000] {dag.py:3504} INFO - Setting next_dagrun for example_branch_operator to 2025-02-02T00:00:00+00:00, run_after=2025-02-03T00:00:00+00:00
[2025-02-03T11:54:26.735+0000] {processor.py:179} INFO - Processing /home/vscode/.local/lib/python3.10/site-packages/airflow/example_dags/example_branch_operator.py took 0.051 seconds
[2025-02-03T11:55:09.961+0000] {processor.py:157} INFO - Started process (PID=39353) to work on /home/vscode/.local/lib/python3.10/site-packages/airflow/example_dags/example_branch_operator.py
[2025-02-03T11:55:09.961+0000] {processor.py:826} INFO - Processing file /home/vscode/.local/lib/python3.10/site-packages/airflow/example_dags/example_branch_operator.py for tasks to queue
[2025-02-03T11:55:09.962+0000] {logging_mixin.py:150} INFO - [2025-02-03T11:55:09.962+0000] {dagbag.py:541} INFO - Filling up the DagBag from /home/vscode/.local/lib/python3.10/site-packages/airflow/example_dags/example_branch_operator.py
[2025-02-03T11:55:09.968+0000] {processor.py:836} INFO - DAG(s) dict_keys(['example_branch_operator']) retrieved from /home/vscode/.local/lib/python3.10/site-packages/airflow/example_dags/example_branch_operator.py
[2025-02-03T11:55:09.981+0000] {logging_mixin.py:150} INFO - [2025-02-03T11:55:09.981+0000] {dag.py:2742} INFO - Sync 1 DAGs
[2025-02-03T11:55:09.996+0000] {logging_mixin.py:150} INFO - [2025-02-03T11:55:09.996+0000] {dag.py:3504} INFO - Setting next_dagrun for example_branch_operator to 2025-02-02T00:00:00+00:00, run_after=2025-02-03T00:00:00+00:00
[2025-02-03T11:55:10.010+0000] {processor.py:179} INFO - Processing /home/vscode/.local/lib/python3.10/site-packages/airflow/example_dags/example_branch_operator.py took 0.051 seconds
[2025-02-03T11:55:55.625+0000] {processor.py:157} INFO - Started process (PID=39658) to work on /home/vscode/.local/lib/python3.10/site-packages/airflow/example_dags/example_branch_operator.py
[2025-02-03T11:55:55.625+0000] {processor.py:826} INFO - Processing file /home/vscode/.local/lib/python3.10/site-packages/airflow/example_dags/example_branch_operator.py for tasks to queue
[2025-02-03T11:55:55.626+0000] {logging_mixin.py:150} INFO - [2025-02-03T11:55:55.626+0000] {dagbag.py:541} INFO - Filling up the DagBag from /home/vscode/.local/lib/python3.10/site-packages/airflow/example_dags/example_branch_operator.py
[2025-02-03T11:55:55.635+0000] {processor.py:836} INFO - DAG(s) dict_keys(['example_branch_operator']) retrieved from /home/vscode/.local/lib/python3.10/site-packages/airflow/example_dags/example_branch_operator.py
[2025-02-03T11:55:55.648+0000] {logging_mixin.py:150} INFO - [2025-02-03T11:55:55.648+0000] {dag.py:2742} INFO - Sync 1 DAGs
[2025-02-03T11:55:55.663+0000] {logging_mixin.py:150} INFO - [2025-02-03T11:55:55.663+0000] {dag.py:3504} INFO - Setting next_dagrun for example_branch_operator to 2025-02-02T00:00:00+00:00, run_after=2025-02-03T00:00:00+00:00
[2025-02-03T11:55:55.676+0000] {processor.py:179} INFO - Processing /home/vscode/.local/lib/python3.10/site-packages/airflow/example_dags/example_branch_operator.py took 0.054 seconds
[2025-02-03T11:56:35.547+0000] {processor.py:157} INFO - Started process (PID=39928) to work on /home/vscode/.local/lib/python3.10/site-packages/airflow/example_dags/example_branch_operator.py
[2025-02-03T11:56:35.548+0000] {processor.py:826} INFO - Processing file /home/vscode/.local/lib/python3.10/site-packages/airflow/example_dags/example_branch_operator.py for tasks to queue
[2025-02-03T11:56:35.549+0000] {logging_mixin.py:150} INFO - [2025-02-03T11:56:35.548+0000] {dagbag.py:541} INFO - Filling up the DagBag from /home/vscode/.local/lib/python3.10/site-packages/airflow/example_dags/example_branch_operator.py
[2025-02-03T11:56:35.555+0000] {processor.py:836} INFO - DAG(s) dict_keys(['example_branch_operator']) retrieved from /home/vscode/.local/lib/python3.10/site-packages/airflow/example_dags/example_branch_operator.py
[2025-02-03T11:56:35.569+0000] {logging_mixin.py:150} INFO - [2025-02-03T11:56:35.568+0000] {dag.py:2742} INFO - Sync 1 DAGs
[2025-02-03T11:56:35.583+0000] {logging_mixin.py:150} INFO - [2025-02-03T11:56:35.583+0000] {dag.py:3504} INFO - Setting next_dagrun for example_branch_operator to 2025-02-02T00:00:00+00:00, run_after=2025-02-03T00:00:00+00:00
[2025-02-03T11:56:35.597+0000] {processor.py:179} INFO - Processing /home/vscode/.local/lib/python3.10/site-packages/airflow/example_dags/example_branch_operator.py took 0.052 seconds
[2025-02-03T11:57:20.397+0000] {processor.py:157} INFO - Started process (PID=40231) to work on /home/vscode/.local/lib/python3.10/site-packages/airflow/example_dags/example_branch_operator.py
[2025-02-03T11:57:20.398+0000] {processor.py:826} INFO - Processing file /home/vscode/.local/lib/python3.10/site-packages/airflow/example_dags/example_branch_operator.py for tasks to queue
[2025-02-03T11:57:20.399+0000] {logging_mixin.py:150} INFO - [2025-02-03T11:57:20.398+0000] {dagbag.py:541} INFO - Filling up the DagBag from /home/vscode/.local/lib/python3.10/site-packages/airflow/example_dags/example_branch_operator.py
[2025-02-03T11:57:20.405+0000] {processor.py:836} INFO - DAG(s) dict_keys(['example_branch_operator']) retrieved from /home/vscode/.local/lib/python3.10/site-packages/airflow/example_dags/example_branch_operator.py
[2025-02-03T11:57:20.417+0000] {logging_mixin.py:150} INFO - [2025-02-03T11:57:20.417+0000] {dag.py:2742} INFO - Sync 1 DAGs
[2025-02-03T11:57:20.432+0000] {logging_mixin.py:150} INFO - [2025-02-03T11:57:20.432+0000] {dag.py:3504} INFO - Setting next_dagrun for example_branch_operator to 2025-02-02T00:00:00+00:00, run_after=2025-02-03T00:00:00+00:00
[2025-02-03T11:57:20.446+0000] {processor.py:179} INFO - Processing /home/vscode/.local/lib/python3.10/site-packages/airflow/example_dags/example_branch_operator.py took 0.050 seconds
[2025-02-03T11:58:08.348+0000] {processor.py:157} INFO - Started process (PID=40550) to work on /home/vscode/.local/lib/python3.10/site-packages/airflow/example_dags/example_branch_operator.py
[2025-02-03T11:58:08.349+0000] {processor.py:826} INFO - Processing file /home/vscode/.local/lib/python3.10/site-packages/airflow/example_dags/example_branch_operator.py for tasks to queue
[2025-02-03T11:58:08.349+0000] {logging_mixin.py:150} INFO - [2025-02-03T11:58:08.349+0000] {dagbag.py:541} INFO - Filling up the DagBag from /home/vscode/.local/lib/python3.10/site-packages/airflow/example_dags/example_branch_operator.py
[2025-02-03T11:58:08.356+0000] {processor.py:836} INFO - DAG(s) dict_keys(['example_branch_operator']) retrieved from /home/vscode/.local/lib/python3.10/site-packages/airflow/example_dags/example_branch_operator.py
[2025-02-03T11:58:08.369+0000] {logging_mixin.py:150} INFO - [2025-02-03T11:58:08.369+0000] {dag.py:2742} INFO - Sync 1 DAGs
[2025-02-03T11:58:08.383+0000] {logging_mixin.py:150} INFO - [2025-02-03T11:58:08.383+0000] {dag.py:3504} INFO - Setting next_dagrun for example_branch_operator to 2025-02-02T00:00:00+00:00, run_after=2025-02-03T00:00:00+00:00
[2025-02-03T11:58:08.397+0000] {processor.py:179} INFO - Processing /home/vscode/.local/lib/python3.10/site-packages/airflow/example_dags/example_branch_operator.py took 0.051 seconds
[2025-02-03T11:58:51.727+0000] {processor.py:157} INFO - Started process (PID=40845) to work on /home/vscode/.local/lib/python3.10/site-packages/airflow/example_dags/example_branch_operator.py
[2025-02-03T11:58:51.728+0000] {processor.py:826} INFO - Processing file /home/vscode/.local/lib/python3.10/site-packages/airflow/example_dags/example_branch_operator.py for tasks to queue
[2025-02-03T11:58:51.729+0000] {logging_mixin.py:150} INFO - [2025-02-03T11:58:51.728+0000] {dagbag.py:541} INFO - Filling up the DagBag from /home/vscode/.local/lib/python3.10/site-packages/airflow/example_dags/example_branch_operator.py
[2025-02-03T11:58:51.735+0000] {processor.py:836} INFO - DAG(s) dict_keys(['example_branch_operator']) retrieved from /home/vscode/.local/lib/python3.10/site-packages/airflow/example_dags/example_branch_operator.py
[2025-02-03T11:58:51.748+0000] {logging_mixin.py:150} INFO - [2025-02-03T11:58:51.748+0000] {dag.py:2742} INFO - Sync 1 DAGs
[2025-02-03T11:58:51.763+0000] {logging_mixin.py:150} INFO - [2025-02-03T11:58:51.763+0000] {dag.py:3504} INFO - Setting next_dagrun for example_branch_operator to 2025-02-02T00:00:00+00:00, run_after=2025-02-03T00:00:00+00:00
[2025-02-03T11:58:51.776+0000] {processor.py:179} INFO - Processing /home/vscode/.local/lib/python3.10/site-packages/airflow/example_dags/example_branch_operator.py took 0.051 seconds
[2025-02-03T11:59:35.066+0000] {processor.py:157} INFO - Started process (PID=41131) to work on /home/vscode/.local/lib/python3.10/site-packages/airflow/example_dags/example_branch_operator.py
[2025-02-03T11:59:35.066+0000] {processor.py:826} INFO - Processing file /home/vscode/.local/lib/python3.10/site-packages/airflow/example_dags/example_branch_operator.py for tasks to queue
[2025-02-03T11:59:35.067+0000] {logging_mixin.py:150} INFO - [2025-02-03T11:59:35.067+0000] {dagbag.py:541} INFO - Filling up the DagBag from /home/vscode/.local/lib/python3.10/site-packages/airflow/example_dags/example_branch_operator.py
[2025-02-03T11:59:35.074+0000] {processor.py:836} INFO - DAG(s) dict_keys(['example_branch_operator']) retrieved from /home/vscode/.local/lib/python3.10/site-packages/airflow/example_dags/example_branch_operator.py
[2025-02-03T11:59:35.088+0000] {logging_mixin.py:150} INFO - [2025-02-03T11:59:35.088+0000] {dag.py:2742} INFO - Sync 1 DAGs
[2025-02-03T11:59:35.103+0000] {logging_mixin.py:150} INFO - [2025-02-03T11:59:35.103+0000] {dag.py:3504} INFO - Setting next_dagrun for example_branch_operator to 2025-02-02T00:00:00+00:00, run_after=2025-02-03T00:00:00+00:00
[2025-02-03T11:59:35.117+0000] {processor.py:179} INFO - Processing /home/vscode/.local/lib/python3.10/site-packages/airflow/example_dags/example_branch_operator.py took 0.054 seconds
[2025-02-03T12:00:16.671+0000] {processor.py:157} INFO - Started process (PID=41417) to work on /home/vscode/.local/lib/python3.10/site-packages/airflow/example_dags/example_branch_operator.py
[2025-02-03T12:00:16.672+0000] {processor.py:826} INFO - Processing file /home/vscode/.local/lib/python3.10/site-packages/airflow/example_dags/example_branch_operator.py for tasks to queue
[2025-02-03T12:00:16.672+0000] {logging_mixin.py:150} INFO - [2025-02-03T12:00:16.672+0000] {dagbag.py:541} INFO - Filling up the DagBag from /home/vscode/.local/lib/python3.10/site-packages/airflow/example_dags/example_branch_operator.py
[2025-02-03T12:00:16.679+0000] {processor.py:836} INFO - DAG(s) dict_keys(['example_branch_operator']) retrieved from /home/vscode/.local/lib/python3.10/site-packages/airflow/example_dags/example_branch_operator.py
[2025-02-03T12:00:16.692+0000] {logging_mixin.py:150} INFO - [2025-02-03T12:00:16.692+0000] {dag.py:2742} INFO - Sync 1 DAGs
[2025-02-03T12:00:16.708+0000] {logging_mixin.py:150} INFO - [2025-02-03T12:00:16.707+0000] {dag.py:3504} INFO - Setting next_dagrun for example_branch_operator to 2025-02-02T00:00:00+00:00, run_after=2025-02-03T00:00:00+00:00
[2025-02-03T12:00:16.723+0000] {processor.py:179} INFO - Processing /home/vscode/.local/lib/python3.10/site-packages/airflow/example_dags/example_branch_operator.py took 0.054 seconds
[2025-02-03T12:01:05.187+0000] {processor.py:157} INFO - Started process (PID=41738) to work on /home/vscode/.local/lib/python3.10/site-packages/airflow/example_dags/example_branch_operator.py
[2025-02-03T12:01:05.188+0000] {processor.py:826} INFO - Processing file /home/vscode/.local/lib/python3.10/site-packages/airflow/example_dags/example_branch_operator.py for tasks to queue
[2025-02-03T12:01:05.189+0000] {logging_mixin.py:150} INFO - [2025-02-03T12:01:05.189+0000] {dagbag.py:541} INFO - Filling up the DagBag from /home/vscode/.local/lib/python3.10/site-packages/airflow/example_dags/example_branch_operator.py
[2025-02-03T12:01:05.198+0000] {processor.py:836} INFO - DAG(s) dict_keys(['example_branch_operator']) retrieved from /home/vscode/.local/lib/python3.10/site-packages/airflow/example_dags/example_branch_operator.py
[2025-02-03T12:01:05.214+0000] {logging_mixin.py:150} INFO - [2025-02-03T12:01:05.214+0000] {dag.py:2742} INFO - Sync 1 DAGs
[2025-02-03T12:01:05.229+0000] {logging_mixin.py:150} INFO - [2025-02-03T12:01:05.229+0000] {dag.py:3504} INFO - Setting next_dagrun for example_branch_operator to 2025-02-02T00:00:00+00:00, run_after=2025-02-03T00:00:00+00:00
[2025-02-03T12:01:05.243+0000] {processor.py:179} INFO - Processing /home/vscode/.local/lib/python3.10/site-packages/airflow/example_dags/example_branch_operator.py took 0.059 seconds
[2025-02-03T12:01:47.882+0000] {processor.py:157} INFO - Started process (PID=42018) to work on /home/vscode/.local/lib/python3.10/site-packages/airflow/example_dags/example_branch_operator.py
[2025-02-03T12:01:47.883+0000] {processor.py:826} INFO - Processing file /home/vscode/.local/lib/python3.10/site-packages/airflow/example_dags/example_branch_operator.py for tasks to queue
[2025-02-03T12:01:47.884+0000] {logging_mixin.py:150} INFO - [2025-02-03T12:01:47.883+0000] {dagbag.py:541} INFO - Filling up the DagBag from /home/vscode/.local/lib/python3.10/site-packages/airflow/example_dags/example_branch_operator.py
[2025-02-03T12:01:47.891+0000] {processor.py:836} INFO - DAG(s) dict_keys(['example_branch_operator']) retrieved from /home/vscode/.local/lib/python3.10/site-packages/airflow/example_dags/example_branch_operator.py
[2025-02-03T12:01:47.904+0000] {logging_mixin.py:150} INFO - [2025-02-03T12:01:47.904+0000] {dag.py:2742} INFO - Sync 1 DAGs
[2025-02-03T12:01:47.919+0000] {logging_mixin.py:150} INFO - [2025-02-03T12:01:47.919+0000] {dag.py:3504} INFO - Setting next_dagrun for example_branch_operator to 2025-02-02T00:00:00+00:00, run_after=2025-02-03T00:00:00+00:00
[2025-02-03T12:01:47.933+0000] {processor.py:179} INFO - Processing /home/vscode/.local/lib/python3.10/site-packages/airflow/example_dags/example_branch_operator.py took 0.053 seconds
[2025-02-03T12:02:30.547+0000] {processor.py:157} INFO - Started process (PID=42305) to work on /home/vscode/.local/lib/python3.10/site-packages/airflow/example_dags/example_branch_operator.py
[2025-02-03T12:02:30.548+0000] {processor.py:826} INFO - Processing file /home/vscode/.local/lib/python3.10/site-packages/airflow/example_dags/example_branch_operator.py for tasks to queue
[2025-02-03T12:02:30.548+0000] {logging_mixin.py:150} INFO - [2025-02-03T12:02:30.548+0000] {dagbag.py:541} INFO - Filling up the DagBag from /home/vscode/.local/lib/python3.10/site-packages/airflow/example_dags/example_branch_operator.py
[2025-02-03T12:02:30.555+0000] {processor.py:836} INFO - DAG(s) dict_keys(['example_branch_operator']) retrieved from /home/vscode/.local/lib/python3.10/site-packages/airflow/example_dags/example_branch_operator.py
[2025-02-03T12:02:30.568+0000] {logging_mixin.py:150} INFO - [2025-02-03T12:02:30.568+0000] {dag.py:2742} INFO - Sync 1 DAGs
[2025-02-03T12:02:30.583+0000] {logging_mixin.py:150} INFO - [2025-02-03T12:02:30.583+0000] {dag.py:3504} INFO - Setting next_dagrun for example_branch_operator to 2025-02-02T00:00:00+00:00, run_after=2025-02-03T00:00:00+00:00
[2025-02-03T12:02:30.596+0000] {processor.py:179} INFO - Processing /home/vscode/.local/lib/python3.10/site-packages/airflow/example_dags/example_branch_operator.py took 0.051 seconds
[2025-02-03T12:03:13.073+0000] {processor.py:157} INFO - Started process (PID=42599) to work on /home/vscode/.local/lib/python3.10/site-packages/airflow/example_dags/example_branch_operator.py
[2025-02-03T12:03:13.074+0000] {processor.py:826} INFO - Processing file /home/vscode/.local/lib/python3.10/site-packages/airflow/example_dags/example_branch_operator.py for tasks to queue
[2025-02-03T12:03:13.075+0000] {logging_mixin.py:150} INFO - [2025-02-03T12:03:13.074+0000] {dagbag.py:541} INFO - Filling up the DagBag from /home/vscode/.local/lib/python3.10/site-packages/airflow/example_dags/example_branch_operator.py
[2025-02-03T12:03:13.081+0000] {processor.py:836} INFO - DAG(s) dict_keys(['example_branch_operator']) retrieved from /home/vscode/.local/lib/python3.10/site-packages/airflow/example_dags/example_branch_operator.py
[2025-02-03T12:03:13.094+0000] {logging_mixin.py:150} INFO - [2025-02-03T12:03:13.094+0000] {dag.py:2742} INFO - Sync 1 DAGs
[2025-02-03T12:03:13.109+0000] {logging_mixin.py:150} INFO - [2025-02-03T12:03:13.109+0000] {dag.py:3504} INFO - Setting next_dagrun for example_branch_operator to 2025-02-02T00:00:00+00:00, run_after=2025-02-03T00:00:00+00:00
[2025-02-03T12:03:13.123+0000] {processor.py:179} INFO - Processing /home/vscode/.local/lib/python3.10/site-packages/airflow/example_dags/example_branch_operator.py took 0.051 seconds
[2025-02-03T12:03:56.891+0000] {processor.py:157} INFO - Started process (PID=42893) to work on /home/vscode/.local/lib/python3.10/site-packages/airflow/example_dags/example_branch_operator.py
[2025-02-03T12:03:56.891+0000] {processor.py:826} INFO - Processing file /home/vscode/.local/lib/python3.10/site-packages/airflow/example_dags/example_branch_operator.py for tasks to queue
[2025-02-03T12:03:56.892+0000] {logging_mixin.py:150} INFO - [2025-02-03T12:03:56.892+0000] {dagbag.py:541} INFO - Filling up the DagBag from /home/vscode/.local/lib/python3.10/site-packages/airflow/example_dags/example_branch_operator.py
[2025-02-03T12:03:56.899+0000] {processor.py:836} INFO - DAG(s) dict_keys(['example_branch_operator']) retrieved from /home/vscode/.local/lib/python3.10/site-packages/airflow/example_dags/example_branch_operator.py
[2025-02-03T12:03:56.912+0000] {logging_mixin.py:150} INFO - [2025-02-03T12:03:56.912+0000] {dag.py:2742} INFO - Sync 1 DAGs
[2025-02-03T12:03:56.927+0000] {logging_mixin.py:150} INFO - [2025-02-03T12:03:56.926+0000] {dag.py:3504} INFO - Setting next_dagrun for example_branch_operator to 2025-02-02T00:00:00+00:00, run_after=2025-02-03T00:00:00+00:00
[2025-02-03T12:03:56.940+0000] {processor.py:179} INFO - Processing /home/vscode/.local/lib/python3.10/site-packages/airflow/example_dags/example_branch_operator.py took 0.051 seconds
[2025-02-03T12:04:40.789+0000] {processor.py:157} INFO - Started process (PID=43180) to work on /home/vscode/.local/lib/python3.10/site-packages/airflow/example_dags/example_branch_operator.py
[2025-02-03T12:04:40.789+0000] {processor.py:826} INFO - Processing file /home/vscode/.local/lib/python3.10/site-packages/airflow/example_dags/example_branch_operator.py for tasks to queue
[2025-02-03T12:04:40.790+0000] {logging_mixin.py:150} INFO - [2025-02-03T12:04:40.790+0000] {dagbag.py:541} INFO - Filling up the DagBag from /home/vscode/.local/lib/python3.10/site-packages/airflow/example_dags/example_branch_operator.py
[2025-02-03T12:04:40.797+0000] {processor.py:836} INFO - DAG(s) dict_keys(['example_branch_operator']) retrieved from /home/vscode/.local/lib/python3.10/site-packages/airflow/example_dags/example_branch_operator.py
[2025-02-03T12:04:40.810+0000] {logging_mixin.py:150} INFO - [2025-02-03T12:04:40.810+0000] {dag.py:2742} INFO - Sync 1 DAGs
[2025-02-03T12:04:40.825+0000] {logging_mixin.py:150} INFO - [2025-02-03T12:04:40.825+0000] {dag.py:3504} INFO - Setting next_dagrun for example_branch_operator to 2025-02-02T00:00:00+00:00, run_after=2025-02-03T00:00:00+00:00
[2025-02-03T12:04:40.839+0000] {processor.py:179} INFO - Processing /home/vscode/.local/lib/python3.10/site-packages/airflow/example_dags/example_branch_operator.py took 0.053 seconds
[2025-02-03T12:05:23.901+0000] {processor.py:157} INFO - Started process (PID=43473) to work on /home/vscode/.local/lib/python3.10/site-packages/airflow/example_dags/example_branch_operator.py
[2025-02-03T12:05:23.901+0000] {processor.py:826} INFO - Processing file /home/vscode/.local/lib/python3.10/site-packages/airflow/example_dags/example_branch_operator.py for tasks to queue
[2025-02-03T12:05:23.902+0000] {logging_mixin.py:150} INFO - [2025-02-03T12:05:23.902+0000] {dagbag.py:541} INFO - Filling up the DagBag from /home/vscode/.local/lib/python3.10/site-packages/airflow/example_dags/example_branch_operator.py
[2025-02-03T12:05:23.911+0000] {processor.py:836} INFO - DAG(s) dict_keys(['example_branch_operator']) retrieved from /home/vscode/.local/lib/python3.10/site-packages/airflow/example_dags/example_branch_operator.py
[2025-02-03T12:05:23.926+0000] {logging_mixin.py:150} INFO - [2025-02-03T12:05:23.925+0000] {dag.py:2742} INFO - Sync 1 DAGs
[2025-02-03T12:05:23.944+0000] {logging_mixin.py:150} INFO - [2025-02-03T12:05:23.943+0000] {dag.py:3504} INFO - Setting next_dagrun for example_branch_operator to 2025-02-02T00:00:00+00:00, run_after=2025-02-03T00:00:00+00:00
[2025-02-03T12:05:23.962+0000] {processor.py:179} INFO - Processing /home/vscode/.local/lib/python3.10/site-packages/airflow/example_dags/example_branch_operator.py took 0.063 seconds
[2025-02-03T12:06:11.154+0000] {processor.py:157} INFO - Started process (PID=43796) to work on /home/vscode/.local/lib/python3.10/site-packages/airflow/example_dags/example_branch_operator.py
[2025-02-03T12:06:11.155+0000] {processor.py:826} INFO - Processing file /home/vscode/.local/lib/python3.10/site-packages/airflow/example_dags/example_branch_operator.py for tasks to queue
[2025-02-03T12:06:11.156+0000] {logging_mixin.py:150} INFO - [2025-02-03T12:06:11.155+0000] {dagbag.py:541} INFO - Filling up the DagBag from /home/vscode/.local/lib/python3.10/site-packages/airflow/example_dags/example_branch_operator.py
[2025-02-03T12:06:11.162+0000] {processor.py:836} INFO - DAG(s) dict_keys(['example_branch_operator']) retrieved from /home/vscode/.local/lib/python3.10/site-packages/airflow/example_dags/example_branch_operator.py
[2025-02-03T12:06:11.176+0000] {logging_mixin.py:150} INFO - [2025-02-03T12:06:11.176+0000] {dag.py:2742} INFO - Sync 1 DAGs
[2025-02-03T12:06:11.191+0000] {logging_mixin.py:150} INFO - [2025-02-03T12:06:11.191+0000] {dag.py:3504} INFO - Setting next_dagrun for example_branch_operator to 2025-02-02T00:00:00+00:00, run_after=2025-02-03T00:00:00+00:00
[2025-02-03T12:06:11.205+0000] {processor.py:179} INFO - Processing /home/vscode/.local/lib/python3.10/site-packages/airflow/example_dags/example_branch_operator.py took 0.053 seconds
[2025-02-03T12:06:59.453+0000] {processor.py:157} INFO - Started process (PID=44116) to work on /home/vscode/.local/lib/python3.10/site-packages/airflow/example_dags/example_branch_operator.py
[2025-02-03T12:06:59.454+0000] {processor.py:826} INFO - Processing file /home/vscode/.local/lib/python3.10/site-packages/airflow/example_dags/example_branch_operator.py for tasks to queue
[2025-02-03T12:06:59.455+0000] {logging_mixin.py:150} INFO - [2025-02-03T12:06:59.454+0000] {dagbag.py:541} INFO - Filling up the DagBag from /home/vscode/.local/lib/python3.10/site-packages/airflow/example_dags/example_branch_operator.py
[2025-02-03T12:06:59.462+0000] {processor.py:836} INFO - DAG(s) dict_keys(['example_branch_operator']) retrieved from /home/vscode/.local/lib/python3.10/site-packages/airflow/example_dags/example_branch_operator.py
[2025-02-03T12:06:59.476+0000] {logging_mixin.py:150} INFO - [2025-02-03T12:06:59.476+0000] {dag.py:2742} INFO - Sync 1 DAGs
[2025-02-03T12:06:59.492+0000] {logging_mixin.py:150} INFO - [2025-02-03T12:06:59.491+0000] {dag.py:3504} INFO - Setting next_dagrun for example_branch_operator to 2025-02-02T00:00:00+00:00, run_after=2025-02-03T00:00:00+00:00
[2025-02-03T12:06:59.506+0000] {processor.py:179} INFO - Processing /home/vscode/.local/lib/python3.10/site-packages/airflow/example_dags/example_branch_operator.py took 0.055 seconds
[2025-02-03T12:07:41.610+0000] {processor.py:157} INFO - Started process (PID=44961) to work on /home/vscode/.local/lib/python3.10/site-packages/airflow/example_dags/example_branch_operator.py
[2025-02-03T12:07:41.611+0000] {processor.py:826} INFO - Processing file /home/vscode/.local/lib/python3.10/site-packages/airflow/example_dags/example_branch_operator.py for tasks to queue
[2025-02-03T12:07:41.611+0000] {logging_mixin.py:150} INFO - [2025-02-03T12:07:41.611+0000] {dagbag.py:541} INFO - Filling up the DagBag from /home/vscode/.local/lib/python3.10/site-packages/airflow/example_dags/example_branch_operator.py
[2025-02-03T12:07:41.618+0000] {processor.py:836} INFO - DAG(s) dict_keys(['example_branch_operator']) retrieved from /home/vscode/.local/lib/python3.10/site-packages/airflow/example_dags/example_branch_operator.py
[2025-02-03T12:07:41.631+0000] {logging_mixin.py:150} INFO - [2025-02-03T12:07:41.631+0000] {dag.py:2742} INFO - Sync 1 DAGs
[2025-02-03T12:07:41.646+0000] {logging_mixin.py:150} INFO - [2025-02-03T12:07:41.646+0000] {dag.py:3504} INFO - Setting next_dagrun for example_branch_operator to 2025-02-02T00:00:00+00:00, run_after=2025-02-03T00:00:00+00:00
[2025-02-03T12:07:41.660+0000] {processor.py:179} INFO - Processing /home/vscode/.local/lib/python3.10/site-packages/airflow/example_dags/example_branch_operator.py took 0.052 seconds
[2025-02-03T12:08:29.545+0000] {processor.py:157} INFO - Started process (PID=46394) to work on /home/vscode/.local/lib/python3.10/site-packages/airflow/example_dags/example_branch_operator.py
[2025-02-03T12:08:29.546+0000] {processor.py:826} INFO - Processing file /home/vscode/.local/lib/python3.10/site-packages/airflow/example_dags/example_branch_operator.py for tasks to queue
[2025-02-03T12:08:29.546+0000] {logging_mixin.py:150} INFO - [2025-02-03T12:08:29.546+0000] {dagbag.py:541} INFO - Filling up the DagBag from /home/vscode/.local/lib/python3.10/site-packages/airflow/example_dags/example_branch_operator.py
[2025-02-03T12:08:29.553+0000] {processor.py:836} INFO - DAG(s) dict_keys(['example_branch_operator']) retrieved from /home/vscode/.local/lib/python3.10/site-packages/airflow/example_dags/example_branch_operator.py
[2025-02-03T12:08:29.567+0000] {logging_mixin.py:150} INFO - [2025-02-03T12:08:29.567+0000] {dag.py:2742} INFO - Sync 1 DAGs
[2025-02-03T12:08:29.584+0000] {logging_mixin.py:150} INFO - [2025-02-03T12:08:29.584+0000] {dag.py:3504} INFO - Setting next_dagrun for example_branch_operator to 2025-02-02T00:00:00+00:00, run_after=2025-02-03T00:00:00+00:00
[2025-02-03T12:08:29.599+0000] {processor.py:179} INFO - Processing /home/vscode/.local/lib/python3.10/site-packages/airflow/example_dags/example_branch_operator.py took 0.056 seconds
[2025-02-03T12:09:12.688+0000] {processor.py:157} INFO - Started process (PID=46755) to work on /home/vscode/.local/lib/python3.10/site-packages/airflow/example_dags/example_branch_operator.py
[2025-02-03T12:09:12.689+0000] {processor.py:826} INFO - Processing file /home/vscode/.local/lib/python3.10/site-packages/airflow/example_dags/example_branch_operator.py for tasks to queue
[2025-02-03T12:09:12.689+0000] {logging_mixin.py:150} INFO - [2025-02-03T12:09:12.689+0000] {dagbag.py:541} INFO - Filling up the DagBag from /home/vscode/.local/lib/python3.10/site-packages/airflow/example_dags/example_branch_operator.py
[2025-02-03T12:09:12.696+0000] {processor.py:836} INFO - DAG(s) dict_keys(['example_branch_operator']) retrieved from /home/vscode/.local/lib/python3.10/site-packages/airflow/example_dags/example_branch_operator.py
[2025-02-03T12:09:12.710+0000] {logging_mixin.py:150} INFO - [2025-02-03T12:09:12.709+0000] {dag.py:2742} INFO - Sync 1 DAGs
[2025-02-03T12:09:12.725+0000] {logging_mixin.py:150} INFO - [2025-02-03T12:09:12.725+0000] {dag.py:3504} INFO - Setting next_dagrun for example_branch_operator to 2025-02-02T00:00:00+00:00, run_after=2025-02-03T00:00:00+00:00
[2025-02-03T12:09:12.739+0000] {processor.py:179} INFO - Processing /home/vscode/.local/lib/python3.10/site-packages/airflow/example_dags/example_branch_operator.py took 0.053 seconds
[2025-02-03T12:09:52.859+0000] {processor.py:157} INFO - Started process (PID=47600) to work on /home/vscode/.local/lib/python3.10/site-packages/airflow/example_dags/example_branch_operator.py
[2025-02-03T12:09:52.860+0000] {processor.py:826} INFO - Processing file /home/vscode/.local/lib/python3.10/site-packages/airflow/example_dags/example_branch_operator.py for tasks to queue
[2025-02-03T12:09:52.860+0000] {logging_mixin.py:150} INFO - [2025-02-03T12:09:52.860+0000] {dagbag.py:541} INFO - Filling up the DagBag from /home/vscode/.local/lib/python3.10/site-packages/airflow/example_dags/example_branch_operator.py
[2025-02-03T12:09:52.867+0000] {processor.py:836} INFO - DAG(s) dict_keys(['example_branch_operator']) retrieved from /home/vscode/.local/lib/python3.10/site-packages/airflow/example_dags/example_branch_operator.py
[2025-02-03T12:09:52.880+0000] {logging_mixin.py:150} INFO - [2025-02-03T12:09:52.880+0000] {dag.py:2742} INFO - Sync 1 DAGs
[2025-02-03T12:09:52.895+0000] {logging_mixin.py:150} INFO - [2025-02-03T12:09:52.895+0000] {dag.py:3504} INFO - Setting next_dagrun for example_branch_operator to 2025-02-02T00:00:00+00:00, run_after=2025-02-03T00:00:00+00:00
[2025-02-03T12:09:52.910+0000] {processor.py:179} INFO - Processing /home/vscode/.local/lib/python3.10/site-packages/airflow/example_dags/example_branch_operator.py took 0.053 seconds
