[2025-02-03T11:50:22.924+0000] {processor.py:157} INFO - Started process (PID=37426) to work on /home/vscode/.local/lib/python3.10/site-packages/airflow/example_dags/example_task_group_decorator.py
[2025-02-03T11:50:22.925+0000] {processor.py:826} INFO - Processing file /home/vscode/.local/lib/python3.10/site-packages/airflow/example_dags/example_task_group_decorator.py for tasks to queue
[2025-02-03T11:50:22.926+0000] {logging_mixin.py:150} INFO - [2025-02-03T11:50:22.925+0000] {dagbag.py:541} INFO - Filling up the DagBag from /home/vscode/.local/lib/python3.10/site-packages/airflow/example_dags/example_task_group_decorator.py
[2025-02-03T11:50:22.936+0000] {processor.py:836} INFO - DAG(s) dict_keys(['example_task_group_decorator']) retrieved from /home/vscode/.local/lib/python3.10/site-packages/airflow/example_dags/example_task_group_decorator.py
[2025-02-03T11:50:23.082+0000] {logging_mixin.py:150} INFO - [2025-02-03T11:50:23.082+0000] {manager.py:504} INFO - Created Permission View: can read on DAG:example_task_group_decorator
[2025-02-03T11:50:23.089+0000] {logging_mixin.py:150} INFO - [2025-02-03T11:50:23.089+0000] {manager.py:504} INFO - Created Permission View: can delete on DAG:example_task_group_decorator
[2025-02-03T11:50:23.095+0000] {logging_mixin.py:150} INFO - [2025-02-03T11:50:23.095+0000] {manager.py:504} INFO - Created Permission View: can edit on DAG:example_task_group_decorator
[2025-02-03T11:50:23.103+0000] {logging_mixin.py:150} INFO - [2025-02-03T11:50:23.103+0000] {dag.py:2742} INFO - Sync 1 DAGs
[2025-02-03T11:50:23.109+0000] {logging_mixin.py:150} INFO - [2025-02-03T11:50:23.109+0000] {dag.py:2763} INFO - Creating ORM DAG for example_task_group_decorator
[2025-02-03T11:50:23.115+0000] {logging_mixin.py:150} INFO - [2025-02-03T11:50:23.115+0000] {dag.py:3504} INFO - Setting next_dagrun for example_task_group_decorator to 2025-02-02T11:50:23.115015+00:00, run_after=2025-02-03T11:50:23.115015+00:00
[2025-02-03T11:50:23.128+0000] {processor.py:179} INFO - Processing /home/vscode/.local/lib/python3.10/site-packages/airflow/example_dags/example_task_group_decorator.py took 0.206 seconds
[2025-02-03T11:51:12.573+0000] {processor.py:157} INFO - Started process (PID=37753) to work on /home/vscode/.local/lib/python3.10/site-packages/airflow/example_dags/example_task_group_decorator.py
[2025-02-03T11:51:12.574+0000] {processor.py:826} INFO - Processing file /home/vscode/.local/lib/python3.10/site-packages/airflow/example_dags/example_task_group_decorator.py for tasks to queue
[2025-02-03T11:51:12.575+0000] {logging_mixin.py:150} INFO - [2025-02-03T11:51:12.574+0000] {dagbag.py:541} INFO - Filling up the DagBag from /home/vscode/.local/lib/python3.10/site-packages/airflow/example_dags/example_task_group_decorator.py
[2025-02-03T11:51:12.585+0000] {processor.py:836} INFO - DAG(s) dict_keys(['example_task_group_decorator']) retrieved from /home/vscode/.local/lib/python3.10/site-packages/airflow/example_dags/example_task_group_decorator.py
[2025-02-03T11:51:12.599+0000] {logging_mixin.py:150} INFO - [2025-02-03T11:51:12.598+0000] {dag.py:2742} INFO - Sync 1 DAGs
[2025-02-03T11:51:12.612+0000] {logging_mixin.py:150} INFO - [2025-02-03T11:51:12.612+0000] {dag.py:3504} INFO - Setting next_dagrun for example_task_group_decorator to 2025-02-02T11:51:12.612371+00:00, run_after=2025-02-03T11:51:12.612371+00:00
[2025-02-03T11:51:12.627+0000] {processor.py:179} INFO - Processing /home/vscode/.local/lib/python3.10/site-packages/airflow/example_dags/example_task_group_decorator.py took 0.056 seconds
[2025-02-03T11:51:58.671+0000] {processor.py:157} INFO - Started process (PID=38067) to work on /home/vscode/.local/lib/python3.10/site-packages/airflow/example_dags/example_task_group_decorator.py
[2025-02-03T11:51:58.672+0000] {processor.py:826} INFO - Processing file /home/vscode/.local/lib/python3.10/site-packages/airflow/example_dags/example_task_group_decorator.py for tasks to queue
[2025-02-03T11:51:58.672+0000] {logging_mixin.py:150} INFO - [2025-02-03T11:51:58.672+0000] {dagbag.py:541} INFO - Filling up the DagBag from /home/vscode/.local/lib/python3.10/site-packages/airflow/example_dags/example_task_group_decorator.py
[2025-02-03T11:51:58.683+0000] {processor.py:836} INFO - DAG(s) dict_keys(['example_task_group_decorator']) retrieved from /home/vscode/.local/lib/python3.10/site-packages/airflow/example_dags/example_task_group_decorator.py
[2025-02-03T11:51:58.697+0000] {logging_mixin.py:150} INFO - [2025-02-03T11:51:58.696+0000] {dag.py:2742} INFO - Sync 1 DAGs
[2025-02-03T11:51:58.710+0000] {logging_mixin.py:150} INFO - [2025-02-03T11:51:58.710+0000] {dag.py:3504} INFO - Setting next_dagrun for example_task_group_decorator to 2025-02-02T11:51:58.710168+00:00, run_after=2025-02-03T11:51:58.710168+00:00
[2025-02-03T11:51:58.723+0000] {processor.py:179} INFO - Processing /home/vscode/.local/lib/python3.10/site-packages/airflow/example_dags/example_task_group_decorator.py took 0.055 seconds
[2025-02-03T11:52:40.873+0000] {processor.py:157} INFO - Started process (PID=38355) to work on /home/vscode/.local/lib/python3.10/site-packages/airflow/example_dags/example_task_group_decorator.py
[2025-02-03T11:52:40.874+0000] {processor.py:826} INFO - Processing file /home/vscode/.local/lib/python3.10/site-packages/airflow/example_dags/example_task_group_decorator.py for tasks to queue
[2025-02-03T11:52:40.874+0000] {logging_mixin.py:150} INFO - [2025-02-03T11:52:40.874+0000] {dagbag.py:541} INFO - Filling up the DagBag from /home/vscode/.local/lib/python3.10/site-packages/airflow/example_dags/example_task_group_decorator.py
[2025-02-03T11:52:40.885+0000] {processor.py:836} INFO - DAG(s) dict_keys(['example_task_group_decorator']) retrieved from /home/vscode/.local/lib/python3.10/site-packages/airflow/example_dags/example_task_group_decorator.py
[2025-02-03T11:52:40.899+0000] {logging_mixin.py:150} INFO - [2025-02-03T11:52:40.898+0000] {dag.py:2742} INFO - Sync 1 DAGs
[2025-02-03T11:52:40.912+0000] {logging_mixin.py:150} INFO - [2025-02-03T11:52:40.912+0000] {dag.py:3504} INFO - Setting next_dagrun for example_task_group_decorator to 2025-02-02T11:52:40.912260+00:00, run_after=2025-02-03T11:52:40.912260+00:00
[2025-02-03T11:52:40.927+0000] {processor.py:179} INFO - Processing /home/vscode/.local/lib/python3.10/site-packages/airflow/example_dags/example_task_group_decorator.py took 0.056 seconds
[2025-02-03T11:53:24.673+0000] {processor.py:157} INFO - Started process (PID=38642) to work on /home/vscode/.local/lib/python3.10/site-packages/airflow/example_dags/example_task_group_decorator.py
[2025-02-03T11:53:24.674+0000] {processor.py:826} INFO - Processing file /home/vscode/.local/lib/python3.10/site-packages/airflow/example_dags/example_task_group_decorator.py for tasks to queue
[2025-02-03T11:53:24.674+0000] {logging_mixin.py:150} INFO - [2025-02-03T11:53:24.674+0000] {dagbag.py:541} INFO - Filling up the DagBag from /home/vscode/.local/lib/python3.10/site-packages/airflow/example_dags/example_task_group_decorator.py
[2025-02-03T11:53:24.685+0000] {processor.py:836} INFO - DAG(s) dict_keys(['example_task_group_decorator']) retrieved from /home/vscode/.local/lib/python3.10/site-packages/airflow/example_dags/example_task_group_decorator.py
[2025-02-03T11:53:24.699+0000] {logging_mixin.py:150} INFO - [2025-02-03T11:53:24.699+0000] {dag.py:2742} INFO - Sync 1 DAGs
[2025-02-03T11:53:24.713+0000] {logging_mixin.py:150} INFO - [2025-02-03T11:53:24.713+0000] {dag.py:3504} INFO - Setting next_dagrun for example_task_group_decorator to 2025-02-02T11:53:24.713041+00:00, run_after=2025-02-03T11:53:24.713041+00:00
[2025-02-03T11:53:24.727+0000] {processor.py:179} INFO - Processing /home/vscode/.local/lib/python3.10/site-packages/airflow/example_dags/example_task_group_decorator.py took 0.056 seconds
[2025-02-03T11:54:07.064+0000] {processor.py:157} INFO - Started process (PID=38930) to work on /home/vscode/.local/lib/python3.10/site-packages/airflow/example_dags/example_task_group_decorator.py
[2025-02-03T11:54:07.065+0000] {processor.py:826} INFO - Processing file /home/vscode/.local/lib/python3.10/site-packages/airflow/example_dags/example_task_group_decorator.py for tasks to queue
[2025-02-03T11:54:07.066+0000] {logging_mixin.py:150} INFO - [2025-02-03T11:54:07.066+0000] {dagbag.py:541} INFO - Filling up the DagBag from /home/vscode/.local/lib/python3.10/site-packages/airflow/example_dags/example_task_group_decorator.py
[2025-02-03T11:54:07.077+0000] {processor.py:836} INFO - DAG(s) dict_keys(['example_task_group_decorator']) retrieved from /home/vscode/.local/lib/python3.10/site-packages/airflow/example_dags/example_task_group_decorator.py
[2025-02-03T11:54:07.093+0000] {logging_mixin.py:150} INFO - [2025-02-03T11:54:07.093+0000] {dag.py:2742} INFO - Sync 1 DAGs
[2025-02-03T11:54:07.110+0000] {logging_mixin.py:150} INFO - [2025-02-03T11:54:07.110+0000] {dag.py:3504} INFO - Setting next_dagrun for example_task_group_decorator to 2025-02-02T11:54:07.110119+00:00, run_after=2025-02-03T11:54:07.110119+00:00
[2025-02-03T11:54:07.126+0000] {processor.py:179} INFO - Processing /home/vscode/.local/lib/python3.10/site-packages/airflow/example_dags/example_task_group_decorator.py took 0.064 seconds
[2025-02-03T11:54:50.543+0000] {processor.py:157} INFO - Started process (PID=39223) to work on /home/vscode/.local/lib/python3.10/site-packages/airflow/example_dags/example_task_group_decorator.py
[2025-02-03T11:54:50.544+0000] {processor.py:826} INFO - Processing file /home/vscode/.local/lib/python3.10/site-packages/airflow/example_dags/example_task_group_decorator.py for tasks to queue
[2025-02-03T11:54:50.544+0000] {logging_mixin.py:150} INFO - [2025-02-03T11:54:50.544+0000] {dagbag.py:541} INFO - Filling up the DagBag from /home/vscode/.local/lib/python3.10/site-packages/airflow/example_dags/example_task_group_decorator.py
[2025-02-03T11:54:50.555+0000] {processor.py:836} INFO - DAG(s) dict_keys(['example_task_group_decorator']) retrieved from /home/vscode/.local/lib/python3.10/site-packages/airflow/example_dags/example_task_group_decorator.py
[2025-02-03T11:54:50.569+0000] {logging_mixin.py:150} INFO - [2025-02-03T11:54:50.569+0000] {dag.py:2742} INFO - Sync 1 DAGs
[2025-02-03T11:54:50.583+0000] {logging_mixin.py:150} INFO - [2025-02-03T11:54:50.582+0000] {dag.py:3504} INFO - Setting next_dagrun for example_task_group_decorator to 2025-02-02T11:54:50.582804+00:00, run_after=2025-02-03T11:54:50.582804+00:00
[2025-02-03T11:54:50.597+0000] {processor.py:179} INFO - Processing /home/vscode/.local/lib/python3.10/site-packages/airflow/example_dags/example_task_group_decorator.py took 0.056 seconds
[2025-02-03T11:55:31.645+0000] {processor.py:157} INFO - Started process (PID=39500) to work on /home/vscode/.local/lib/python3.10/site-packages/airflow/example_dags/example_task_group_decorator.py
[2025-02-03T11:55:31.646+0000] {processor.py:826} INFO - Processing file /home/vscode/.local/lib/python3.10/site-packages/airflow/example_dags/example_task_group_decorator.py for tasks to queue
[2025-02-03T11:55:31.647+0000] {logging_mixin.py:150} INFO - [2025-02-03T11:55:31.646+0000] {dagbag.py:541} INFO - Filling up the DagBag from /home/vscode/.local/lib/python3.10/site-packages/airflow/example_dags/example_task_group_decorator.py
[2025-02-03T11:55:31.657+0000] {processor.py:836} INFO - DAG(s) dict_keys(['example_task_group_decorator']) retrieved from /home/vscode/.local/lib/python3.10/site-packages/airflow/example_dags/example_task_group_decorator.py
[2025-02-03T11:55:31.671+0000] {logging_mixin.py:150} INFO - [2025-02-03T11:55:31.670+0000] {dag.py:2742} INFO - Sync 1 DAGs
[2025-02-03T11:55:31.684+0000] {logging_mixin.py:150} INFO - [2025-02-03T11:55:31.684+0000] {dag.py:3504} INFO - Setting next_dagrun for example_task_group_decorator to 2025-02-02T11:55:31.684414+00:00, run_after=2025-02-03T11:55:31.684414+00:00
[2025-02-03T11:55:31.699+0000] {processor.py:179} INFO - Processing /home/vscode/.local/lib/python3.10/site-packages/airflow/example_dags/example_task_group_decorator.py took 0.055 seconds
[2025-02-03T11:56:15.598+0000] {processor.py:157} INFO - Started process (PID=39791) to work on /home/vscode/.local/lib/python3.10/site-packages/airflow/example_dags/example_task_group_decorator.py
[2025-02-03T11:56:15.598+0000] {processor.py:826} INFO - Processing file /home/vscode/.local/lib/python3.10/site-packages/airflow/example_dags/example_task_group_decorator.py for tasks to queue
[2025-02-03T11:56:15.599+0000] {logging_mixin.py:150} INFO - [2025-02-03T11:56:15.599+0000] {dagbag.py:541} INFO - Filling up the DagBag from /home/vscode/.local/lib/python3.10/site-packages/airflow/example_dags/example_task_group_decorator.py
[2025-02-03T11:56:15.610+0000] {processor.py:836} INFO - DAG(s) dict_keys(['example_task_group_decorator']) retrieved from /home/vscode/.local/lib/python3.10/site-packages/airflow/example_dags/example_task_group_decorator.py
[2025-02-03T11:56:15.623+0000] {logging_mixin.py:150} INFO - [2025-02-03T11:56:15.623+0000] {dag.py:2742} INFO - Sync 1 DAGs
[2025-02-03T11:56:15.637+0000] {logging_mixin.py:150} INFO - [2025-02-03T11:56:15.636+0000] {dag.py:3504} INFO - Setting next_dagrun for example_task_group_decorator to 2025-02-02T11:56:15.636813+00:00, run_after=2025-02-03T11:56:15.636813+00:00
[2025-02-03T11:56:15.651+0000] {processor.py:179} INFO - Processing /home/vscode/.local/lib/python3.10/site-packages/airflow/example_dags/example_task_group_decorator.py took 0.055 seconds
[2025-02-03T11:56:53.700+0000] {processor.py:157} INFO - Started process (PID=40049) to work on /home/vscode/.local/lib/python3.10/site-packages/airflow/example_dags/example_task_group_decorator.py
[2025-02-03T11:56:53.701+0000] {processor.py:826} INFO - Processing file /home/vscode/.local/lib/python3.10/site-packages/airflow/example_dags/example_task_group_decorator.py for tasks to queue
[2025-02-03T11:56:53.701+0000] {logging_mixin.py:150} INFO - [2025-02-03T11:56:53.701+0000] {dagbag.py:541} INFO - Filling up the DagBag from /home/vscode/.local/lib/python3.10/site-packages/airflow/example_dags/example_task_group_decorator.py
[2025-02-03T11:56:53.713+0000] {processor.py:836} INFO - DAG(s) dict_keys(['example_task_group_decorator']) retrieved from /home/vscode/.local/lib/python3.10/site-packages/airflow/example_dags/example_task_group_decorator.py
[2025-02-03T11:56:53.728+0000] {logging_mixin.py:150} INFO - [2025-02-03T11:56:53.728+0000] {dag.py:2742} INFO - Sync 1 DAGs
[2025-02-03T11:56:53.742+0000] {logging_mixin.py:150} INFO - [2025-02-03T11:56:53.742+0000] {dag.py:3504} INFO - Setting next_dagrun for example_task_group_decorator to 2025-02-02T11:56:53.742460+00:00, run_after=2025-02-03T11:56:53.742460+00:00
[2025-02-03T11:56:53.757+0000] {processor.py:179} INFO - Processing /home/vscode/.local/lib/python3.10/site-packages/airflow/example_dags/example_task_group_decorator.py took 0.059 seconds
[2025-02-03T11:57:36.944+0000] {processor.py:157} INFO - Started process (PID=40336) to work on /home/vscode/.local/lib/python3.10/site-packages/airflow/example_dags/example_task_group_decorator.py
[2025-02-03T11:57:36.945+0000] {processor.py:826} INFO - Processing file /home/vscode/.local/lib/python3.10/site-packages/airflow/example_dags/example_task_group_decorator.py for tasks to queue
[2025-02-03T11:57:36.945+0000] {logging_mixin.py:150} INFO - [2025-02-03T11:57:36.945+0000] {dagbag.py:541} INFO - Filling up the DagBag from /home/vscode/.local/lib/python3.10/site-packages/airflow/example_dags/example_task_group_decorator.py
[2025-02-03T11:57:36.956+0000] {processor.py:836} INFO - DAG(s) dict_keys(['example_task_group_decorator']) retrieved from /home/vscode/.local/lib/python3.10/site-packages/airflow/example_dags/example_task_group_decorator.py
[2025-02-03T11:57:36.969+0000] {logging_mixin.py:150} INFO - [2025-02-03T11:57:36.969+0000] {dag.py:2742} INFO - Sync 1 DAGs
[2025-02-03T11:57:36.983+0000] {logging_mixin.py:150} INFO - [2025-02-03T11:57:36.982+0000] {dag.py:3504} INFO - Setting next_dagrun for example_task_group_decorator to 2025-02-02T11:57:36.982810+00:00, run_after=2025-02-03T11:57:36.982810+00:00
[2025-02-03T11:57:36.999+0000] {processor.py:179} INFO - Processing /home/vscode/.local/lib/python3.10/site-packages/airflow/example_dags/example_task_group_decorator.py took 0.057 seconds
[2025-02-03T11:58:24.901+0000] {processor.py:157} INFO - Started process (PID=40661) to work on /home/vscode/.local/lib/python3.10/site-packages/airflow/example_dags/example_task_group_decorator.py
[2025-02-03T11:58:24.901+0000] {processor.py:826} INFO - Processing file /home/vscode/.local/lib/python3.10/site-packages/airflow/example_dags/example_task_group_decorator.py for tasks to queue
[2025-02-03T11:58:24.902+0000] {logging_mixin.py:150} INFO - [2025-02-03T11:58:24.902+0000] {dagbag.py:541} INFO - Filling up the DagBag from /home/vscode/.local/lib/python3.10/site-packages/airflow/example_dags/example_task_group_decorator.py
[2025-02-03T11:58:24.913+0000] {processor.py:836} INFO - DAG(s) dict_keys(['example_task_group_decorator']) retrieved from /home/vscode/.local/lib/python3.10/site-packages/airflow/example_dags/example_task_group_decorator.py
[2025-02-03T11:58:24.926+0000] {logging_mixin.py:150} INFO - [2025-02-03T11:58:24.926+0000] {dag.py:2742} INFO - Sync 1 DAGs
[2025-02-03T11:58:24.940+0000] {logging_mixin.py:150} INFO - [2025-02-03T11:58:24.940+0000] {dag.py:3504} INFO - Setting next_dagrun for example_task_group_decorator to 2025-02-02T11:58:24.940219+00:00, run_after=2025-02-03T11:58:24.940219+00:00
[2025-02-03T11:58:24.954+0000] {processor.py:179} INFO - Processing /home/vscode/.local/lib/python3.10/site-packages/airflow/example_dags/example_task_group_decorator.py took 0.055 seconds
[2025-02-03T11:59:07.985+0000] {processor.py:157} INFO - Started process (PID=40949) to work on /home/vscode/.local/lib/python3.10/site-packages/airflow/example_dags/example_task_group_decorator.py
[2025-02-03T11:59:07.986+0000] {processor.py:826} INFO - Processing file /home/vscode/.local/lib/python3.10/site-packages/airflow/example_dags/example_task_group_decorator.py for tasks to queue
[2025-02-03T11:59:07.986+0000] {logging_mixin.py:150} INFO - [2025-02-03T11:59:07.986+0000] {dagbag.py:541} INFO - Filling up the DagBag from /home/vscode/.local/lib/python3.10/site-packages/airflow/example_dags/example_task_group_decorator.py
[2025-02-03T11:59:07.997+0000] {processor.py:836} INFO - DAG(s) dict_keys(['example_task_group_decorator']) retrieved from /home/vscode/.local/lib/python3.10/site-packages/airflow/example_dags/example_task_group_decorator.py
[2025-02-03T11:59:08.011+0000] {logging_mixin.py:150} INFO - [2025-02-03T11:59:08.010+0000] {dag.py:2742} INFO - Sync 1 DAGs
[2025-02-03T11:59:08.024+0000] {logging_mixin.py:150} INFO - [2025-02-03T11:59:08.024+0000] {dag.py:3504} INFO - Setting next_dagrun for example_task_group_decorator to 2025-02-02T11:59:08.024251+00:00, run_after=2025-02-03T11:59:08.024251+00:00
[2025-02-03T11:59:08.038+0000] {processor.py:179} INFO - Processing /home/vscode/.local/lib/python3.10/site-packages/airflow/example_dags/example_task_group_decorator.py took 0.055 seconds
[2025-02-03T11:59:51.073+0000] {processor.py:157} INFO - Started process (PID=41244) to work on /home/vscode/.local/lib/python3.10/site-packages/airflow/example_dags/example_task_group_decorator.py
[2025-02-03T11:59:51.074+0000] {processor.py:826} INFO - Processing file /home/vscode/.local/lib/python3.10/site-packages/airflow/example_dags/example_task_group_decorator.py for tasks to queue
[2025-02-03T11:59:51.074+0000] {logging_mixin.py:150} INFO - [2025-02-03T11:59:51.074+0000] {dagbag.py:541} INFO - Filling up the DagBag from /home/vscode/.local/lib/python3.10/site-packages/airflow/example_dags/example_task_group_decorator.py
[2025-02-03T11:59:51.085+0000] {processor.py:836} INFO - DAG(s) dict_keys(['example_task_group_decorator']) retrieved from /home/vscode/.local/lib/python3.10/site-packages/airflow/example_dags/example_task_group_decorator.py
[2025-02-03T11:59:51.099+0000] {logging_mixin.py:150} INFO - [2025-02-03T11:59:51.099+0000] {dag.py:2742} INFO - Sync 1 DAGs
[2025-02-03T11:59:51.113+0000] {logging_mixin.py:150} INFO - [2025-02-03T11:59:51.113+0000] {dag.py:3504} INFO - Setting next_dagrun for example_task_group_decorator to 2025-02-02T11:59:51.113264+00:00, run_after=2025-02-03T11:59:51.113264+00:00
[2025-02-03T11:59:51.128+0000] {processor.py:179} INFO - Processing /home/vscode/.local/lib/python3.10/site-packages/airflow/example_dags/example_task_group_decorator.py took 0.058 seconds
[2025-02-03T12:00:33.228+0000] {processor.py:157} INFO - Started process (PID=41528) to work on /home/vscode/.local/lib/python3.10/site-packages/airflow/example_dags/example_task_group_decorator.py
[2025-02-03T12:00:33.228+0000] {processor.py:826} INFO - Processing file /home/vscode/.local/lib/python3.10/site-packages/airflow/example_dags/example_task_group_decorator.py for tasks to queue
[2025-02-03T12:00:33.229+0000] {logging_mixin.py:150} INFO - [2025-02-03T12:00:33.229+0000] {dagbag.py:541} INFO - Filling up the DagBag from /home/vscode/.local/lib/python3.10/site-packages/airflow/example_dags/example_task_group_decorator.py
[2025-02-03T12:00:33.240+0000] {processor.py:836} INFO - DAG(s) dict_keys(['example_task_group_decorator']) retrieved from /home/vscode/.local/lib/python3.10/site-packages/airflow/example_dags/example_task_group_decorator.py
[2025-02-03T12:00:33.253+0000] {logging_mixin.py:150} INFO - [2025-02-03T12:00:33.253+0000] {dag.py:2742} INFO - Sync 1 DAGs
[2025-02-03T12:00:33.267+0000] {logging_mixin.py:150} INFO - [2025-02-03T12:00:33.267+0000] {dag.py:3504} INFO - Setting next_dagrun for example_task_group_decorator to 2025-02-02T12:00:33.267385+00:00, run_after=2025-02-03T12:00:33.267385+00:00
[2025-02-03T12:00:33.282+0000] {processor.py:179} INFO - Processing /home/vscode/.local/lib/python3.10/site-packages/airflow/example_dags/example_task_group_decorator.py took 0.056 seconds
[2025-02-03T12:01:18.331+0000] {processor.py:157} INFO - Started process (PID=41825) to work on /home/vscode/.local/lib/python3.10/site-packages/airflow/example_dags/example_task_group_decorator.py
[2025-02-03T12:01:18.332+0000] {processor.py:826} INFO - Processing file /home/vscode/.local/lib/python3.10/site-packages/airflow/example_dags/example_task_group_decorator.py for tasks to queue
[2025-02-03T12:01:18.332+0000] {logging_mixin.py:150} INFO - [2025-02-03T12:01:18.332+0000] {dagbag.py:541} INFO - Filling up the DagBag from /home/vscode/.local/lib/python3.10/site-packages/airflow/example_dags/example_task_group_decorator.py
[2025-02-03T12:01:18.343+0000] {processor.py:836} INFO - DAG(s) dict_keys(['example_task_group_decorator']) retrieved from /home/vscode/.local/lib/python3.10/site-packages/airflow/example_dags/example_task_group_decorator.py
[2025-02-03T12:01:18.357+0000] {logging_mixin.py:150} INFO - [2025-02-03T12:01:18.357+0000] {dag.py:2742} INFO - Sync 1 DAGs
[2025-02-03T12:01:18.371+0000] {logging_mixin.py:150} INFO - [2025-02-03T12:01:18.371+0000] {dag.py:3504} INFO - Setting next_dagrun for example_task_group_decorator to 2025-02-02T12:01:18.371180+00:00, run_after=2025-02-03T12:01:18.371180+00:00
[2025-02-03T12:01:18.388+0000] {processor.py:179} INFO - Processing /home/vscode/.local/lib/python3.10/site-packages/airflow/example_dags/example_task_group_decorator.py took 0.059 seconds
[2025-02-03T12:02:01.281+0000] {processor.py:157} INFO - Started process (PID=42117) to work on /home/vscode/.local/lib/python3.10/site-packages/airflow/example_dags/example_task_group_decorator.py
[2025-02-03T12:02:01.282+0000] {processor.py:826} INFO - Processing file /home/vscode/.local/lib/python3.10/site-packages/airflow/example_dags/example_task_group_decorator.py for tasks to queue
[2025-02-03T12:02:01.282+0000] {logging_mixin.py:150} INFO - [2025-02-03T12:02:01.282+0000] {dagbag.py:541} INFO - Filling up the DagBag from /home/vscode/.local/lib/python3.10/site-packages/airflow/example_dags/example_task_group_decorator.py
[2025-02-03T12:02:01.294+0000] {processor.py:836} INFO - DAG(s) dict_keys(['example_task_group_decorator']) retrieved from /home/vscode/.local/lib/python3.10/site-packages/airflow/example_dags/example_task_group_decorator.py
[2025-02-03T12:02:01.308+0000] {logging_mixin.py:150} INFO - [2025-02-03T12:02:01.308+0000] {dag.py:2742} INFO - Sync 1 DAGs
[2025-02-03T12:02:01.322+0000] {logging_mixin.py:150} INFO - [2025-02-03T12:02:01.321+0000] {dag.py:3504} INFO - Setting next_dagrun for example_task_group_decorator to 2025-02-02T12:02:01.321767+00:00, run_after=2025-02-03T12:02:01.321767+00:00
[2025-02-03T12:02:01.336+0000] {processor.py:179} INFO - Processing /home/vscode/.local/lib/python3.10/site-packages/airflow/example_dags/example_task_group_decorator.py took 0.057 seconds
[2025-02-03T12:02:43.953+0000] {processor.py:157} INFO - Started process (PID=42404) to work on /home/vscode/.local/lib/python3.10/site-packages/airflow/example_dags/example_task_group_decorator.py
[2025-02-03T12:02:43.953+0000] {processor.py:826} INFO - Processing file /home/vscode/.local/lib/python3.10/site-packages/airflow/example_dags/example_task_group_decorator.py for tasks to queue
[2025-02-03T12:02:43.954+0000] {logging_mixin.py:150} INFO - [2025-02-03T12:02:43.954+0000] {dagbag.py:541} INFO - Filling up the DagBag from /home/vscode/.local/lib/python3.10/site-packages/airflow/example_dags/example_task_group_decorator.py
[2025-02-03T12:02:43.965+0000] {processor.py:836} INFO - DAG(s) dict_keys(['example_task_group_decorator']) retrieved from /home/vscode/.local/lib/python3.10/site-packages/airflow/example_dags/example_task_group_decorator.py
[2025-02-03T12:02:43.978+0000] {logging_mixin.py:150} INFO - [2025-02-03T12:02:43.978+0000] {dag.py:2742} INFO - Sync 1 DAGs
[2025-02-03T12:02:43.991+0000] {logging_mixin.py:150} INFO - [2025-02-03T12:02:43.991+0000] {dag.py:3504} INFO - Setting next_dagrun for example_task_group_decorator to 2025-02-02T12:02:43.991580+00:00, run_after=2025-02-03T12:02:43.991580+00:00
[2025-02-03T12:02:44.006+0000] {processor.py:179} INFO - Processing /home/vscode/.local/lib/python3.10/site-packages/airflow/example_dags/example_task_group_decorator.py took 0.055 seconds
[2025-02-03T12:03:26.052+0000] {processor.py:157} INFO - Started process (PID=42692) to work on /home/vscode/.local/lib/python3.10/site-packages/airflow/example_dags/example_task_group_decorator.py
[2025-02-03T12:03:26.053+0000] {processor.py:826} INFO - Processing file /home/vscode/.local/lib/python3.10/site-packages/airflow/example_dags/example_task_group_decorator.py for tasks to queue
[2025-02-03T12:03:26.054+0000] {logging_mixin.py:150} INFO - [2025-02-03T12:03:26.053+0000] {dagbag.py:541} INFO - Filling up the DagBag from /home/vscode/.local/lib/python3.10/site-packages/airflow/example_dags/example_task_group_decorator.py
[2025-02-03T12:03:26.065+0000] {processor.py:836} INFO - DAG(s) dict_keys(['example_task_group_decorator']) retrieved from /home/vscode/.local/lib/python3.10/site-packages/airflow/example_dags/example_task_group_decorator.py
[2025-02-03T12:03:26.078+0000] {logging_mixin.py:150} INFO - [2025-02-03T12:03:26.078+0000] {dag.py:2742} INFO - Sync 1 DAGs
[2025-02-03T12:03:26.092+0000] {logging_mixin.py:150} INFO - [2025-02-03T12:03:26.092+0000] {dag.py:3504} INFO - Setting next_dagrun for example_task_group_decorator to 2025-02-02T12:03:26.092202+00:00, run_after=2025-02-03T12:03:26.092202+00:00
[2025-02-03T12:03:26.107+0000] {processor.py:179} INFO - Processing /home/vscode/.local/lib/python3.10/site-packages/airflow/example_dags/example_task_group_decorator.py took 0.056 seconds
[2025-02-03T12:04:10.036+0000] {processor.py:157} INFO - Started process (PID=42980) to work on /home/vscode/.local/lib/python3.10/site-packages/airflow/example_dags/example_task_group_decorator.py
[2025-02-03T12:04:10.036+0000] {processor.py:826} INFO - Processing file /home/vscode/.local/lib/python3.10/site-packages/airflow/example_dags/example_task_group_decorator.py for tasks to queue
[2025-02-03T12:04:10.037+0000] {logging_mixin.py:150} INFO - [2025-02-03T12:04:10.037+0000] {dagbag.py:541} INFO - Filling up the DagBag from /home/vscode/.local/lib/python3.10/site-packages/airflow/example_dags/example_task_group_decorator.py
[2025-02-03T12:04:10.048+0000] {processor.py:836} INFO - DAG(s) dict_keys(['example_task_group_decorator']) retrieved from /home/vscode/.local/lib/python3.10/site-packages/airflow/example_dags/example_task_group_decorator.py
[2025-02-03T12:04:10.062+0000] {logging_mixin.py:150} INFO - [2025-02-03T12:04:10.062+0000] {dag.py:2742} INFO - Sync 1 DAGs
[2025-02-03T12:04:10.076+0000] {logging_mixin.py:150} INFO - [2025-02-03T12:04:10.076+0000] {dag.py:3504} INFO - Setting next_dagrun for example_task_group_decorator to 2025-02-02T12:04:10.076364+00:00, run_after=2025-02-03T12:04:10.076364+00:00
[2025-02-03T12:04:10.091+0000] {processor.py:179} INFO - Processing /home/vscode/.local/lib/python3.10/site-packages/airflow/example_dags/example_task_group_decorator.py took 0.057 seconds
[2025-02-03T12:04:53.500+0000] {processor.py:157} INFO - Started process (PID=43274) to work on /home/vscode/.local/lib/python3.10/site-packages/airflow/example_dags/example_task_group_decorator.py
[2025-02-03T12:04:53.501+0000] {processor.py:826} INFO - Processing file /home/vscode/.local/lib/python3.10/site-packages/airflow/example_dags/example_task_group_decorator.py for tasks to queue
[2025-02-03T12:04:53.502+0000] {logging_mixin.py:150} INFO - [2025-02-03T12:04:53.501+0000] {dagbag.py:541} INFO - Filling up the DagBag from /home/vscode/.local/lib/python3.10/site-packages/airflow/example_dags/example_task_group_decorator.py
[2025-02-03T12:04:53.513+0000] {processor.py:836} INFO - DAG(s) dict_keys(['example_task_group_decorator']) retrieved from /home/vscode/.local/lib/python3.10/site-packages/airflow/example_dags/example_task_group_decorator.py
[2025-02-03T12:04:53.527+0000] {logging_mixin.py:150} INFO - [2025-02-03T12:04:53.527+0000] {dag.py:2742} INFO - Sync 1 DAGs
[2025-02-03T12:04:53.542+0000] {logging_mixin.py:150} INFO - [2025-02-03T12:04:53.541+0000] {dag.py:3504} INFO - Setting next_dagrun for example_task_group_decorator to 2025-02-02T12:04:53.541716+00:00, run_after=2025-02-03T12:04:53.541716+00:00
[2025-02-03T12:04:53.556+0000] {processor.py:179} INFO - Processing /home/vscode/.local/lib/python3.10/site-packages/airflow/example_dags/example_task_group_decorator.py took 0.058 seconds
[2025-02-03T12:05:37.280+0000] {processor.py:157} INFO - Started process (PID=43570) to work on /home/vscode/.local/lib/python3.10/site-packages/airflow/example_dags/example_task_group_decorator.py
[2025-02-03T12:05:37.281+0000] {processor.py:826} INFO - Processing file /home/vscode/.local/lib/python3.10/site-packages/airflow/example_dags/example_task_group_decorator.py for tasks to queue
[2025-02-03T12:05:37.282+0000] {logging_mixin.py:150} INFO - [2025-02-03T12:05:37.281+0000] {dagbag.py:541} INFO - Filling up the DagBag from /home/vscode/.local/lib/python3.10/site-packages/airflow/example_dags/example_task_group_decorator.py
[2025-02-03T12:05:37.292+0000] {processor.py:836} INFO - DAG(s) dict_keys(['example_task_group_decorator']) retrieved from /home/vscode/.local/lib/python3.10/site-packages/airflow/example_dags/example_task_group_decorator.py
[2025-02-03T12:05:37.306+0000] {logging_mixin.py:150} INFO - [2025-02-03T12:05:37.306+0000] {dag.py:2742} INFO - Sync 1 DAGs
[2025-02-03T12:05:37.319+0000] {logging_mixin.py:150} INFO - [2025-02-03T12:05:37.319+0000] {dag.py:3504} INFO - Setting next_dagrun for example_task_group_decorator to 2025-02-02T12:05:37.319417+00:00, run_after=2025-02-03T12:05:37.319417+00:00
[2025-02-03T12:05:37.333+0000] {processor.py:179} INFO - Processing /home/vscode/.local/lib/python3.10/site-packages/airflow/example_dags/example_task_group_decorator.py took 0.055 seconds
[2025-02-03T12:06:24.627+0000] {processor.py:157} INFO - Started process (PID=43882) to work on /home/vscode/.local/lib/python3.10/site-packages/airflow/example_dags/example_task_group_decorator.py
[2025-02-03T12:06:24.628+0000] {processor.py:826} INFO - Processing file /home/vscode/.local/lib/python3.10/site-packages/airflow/example_dags/example_task_group_decorator.py for tasks to queue
[2025-02-03T12:06:24.628+0000] {logging_mixin.py:150} INFO - [2025-02-03T12:06:24.628+0000] {dagbag.py:541} INFO - Filling up the DagBag from /home/vscode/.local/lib/python3.10/site-packages/airflow/example_dags/example_task_group_decorator.py
[2025-02-03T12:06:24.640+0000] {processor.py:836} INFO - DAG(s) dict_keys(['example_task_group_decorator']) retrieved from /home/vscode/.local/lib/python3.10/site-packages/airflow/example_dags/example_task_group_decorator.py
[2025-02-03T12:06:24.654+0000] {logging_mixin.py:150} INFO - [2025-02-03T12:06:24.654+0000] {dag.py:2742} INFO - Sync 1 DAGs
[2025-02-03T12:06:24.668+0000] {logging_mixin.py:150} INFO - [2025-02-03T12:06:24.668+0000] {dag.py:3504} INFO - Setting next_dagrun for example_task_group_decorator to 2025-02-02T12:06:24.668452+00:00, run_after=2025-02-03T12:06:24.668452+00:00
[2025-02-03T12:06:24.683+0000] {processor.py:179} INFO - Processing /home/vscode/.local/lib/python3.10/site-packages/airflow/example_dags/example_task_group_decorator.py took 0.058 seconds
[2025-02-03T12:07:11.995+0000] {processor.py:157} INFO - Started process (PID=44209) to work on /home/vscode/.local/lib/python3.10/site-packages/airflow/example_dags/example_task_group_decorator.py
[2025-02-03T12:07:11.996+0000] {processor.py:826} INFO - Processing file /home/vscode/.local/lib/python3.10/site-packages/airflow/example_dags/example_task_group_decorator.py for tasks to queue
[2025-02-03T12:07:11.996+0000] {logging_mixin.py:150} INFO - [2025-02-03T12:07:11.996+0000] {dagbag.py:541} INFO - Filling up the DagBag from /home/vscode/.local/lib/python3.10/site-packages/airflow/example_dags/example_task_group_decorator.py
[2025-02-03T12:07:12.007+0000] {processor.py:836} INFO - DAG(s) dict_keys(['example_task_group_decorator']) retrieved from /home/vscode/.local/lib/python3.10/site-packages/airflow/example_dags/example_task_group_decorator.py
[2025-02-03T12:07:12.021+0000] {logging_mixin.py:150} INFO - [2025-02-03T12:07:12.021+0000] {dag.py:2742} INFO - Sync 1 DAGs
[2025-02-03T12:07:12.035+0000] {logging_mixin.py:150} INFO - [2025-02-03T12:07:12.035+0000] {dag.py:3504} INFO - Setting next_dagrun for example_task_group_decorator to 2025-02-02T12:07:12.034898+00:00, run_after=2025-02-03T12:07:12.034898+00:00
[2025-02-03T12:07:12.050+0000] {processor.py:179} INFO - Processing /home/vscode/.local/lib/python3.10/site-packages/airflow/example_dags/example_task_group_decorator.py took 0.057 seconds
[2025-02-03T12:07:53.619+0000] {processor.py:157} INFO - Started process (PID=45084) to work on /home/vscode/.local/lib/python3.10/site-packages/airflow/example_dags/example_task_group_decorator.py
[2025-02-03T12:07:53.619+0000] {processor.py:826} INFO - Processing file /home/vscode/.local/lib/python3.10/site-packages/airflow/example_dags/example_task_group_decorator.py for tasks to queue
[2025-02-03T12:07:53.620+0000] {logging_mixin.py:150} INFO - [2025-02-03T12:07:53.620+0000] {dagbag.py:541} INFO - Filling up the DagBag from /home/vscode/.local/lib/python3.10/site-packages/airflow/example_dags/example_task_group_decorator.py
[2025-02-03T12:07:53.631+0000] {processor.py:836} INFO - DAG(s) dict_keys(['example_task_group_decorator']) retrieved from /home/vscode/.local/lib/python3.10/site-packages/airflow/example_dags/example_task_group_decorator.py
[2025-02-03T12:07:53.645+0000] {logging_mixin.py:150} INFO - [2025-02-03T12:07:53.645+0000] {dag.py:2742} INFO - Sync 1 DAGs
[2025-02-03T12:07:53.658+0000] {logging_mixin.py:150} INFO - [2025-02-03T12:07:53.658+0000] {dag.py:3504} INFO - Setting next_dagrun for example_task_group_decorator to 2025-02-02T12:07:53.658476+00:00, run_after=2025-02-03T12:07:53.658476+00:00
[2025-02-03T12:07:53.672+0000] {processor.py:179} INFO - Processing /home/vscode/.local/lib/python3.10/site-packages/airflow/example_dags/example_task_group_decorator.py took 0.056 seconds
[2025-02-03T12:08:40.956+0000] {processor.py:157} INFO - Started process (PID=46472) to work on /home/vscode/.local/lib/python3.10/site-packages/airflow/example_dags/example_task_group_decorator.py
[2025-02-03T12:08:40.956+0000] {processor.py:826} INFO - Processing file /home/vscode/.local/lib/python3.10/site-packages/airflow/example_dags/example_task_group_decorator.py for tasks to queue
[2025-02-03T12:08:40.957+0000] {logging_mixin.py:150} INFO - [2025-02-03T12:08:40.957+0000] {dagbag.py:541} INFO - Filling up the DagBag from /home/vscode/.local/lib/python3.10/site-packages/airflow/example_dags/example_task_group_decorator.py
[2025-02-03T12:08:40.970+0000] {processor.py:836} INFO - DAG(s) dict_keys(['example_task_group_decorator']) retrieved from /home/vscode/.local/lib/python3.10/site-packages/airflow/example_dags/example_task_group_decorator.py
[2025-02-03T12:08:40.987+0000] {logging_mixin.py:150} INFO - [2025-02-03T12:08:40.987+0000] {dag.py:2742} INFO - Sync 1 DAGs
[2025-02-03T12:08:41.008+0000] {logging_mixin.py:150} INFO - [2025-02-03T12:08:41.008+0000] {dag.py:3504} INFO - Setting next_dagrun for example_task_group_decorator to 2025-02-02T12:08:41.008351+00:00, run_after=2025-02-03T12:08:41.008351+00:00
[2025-02-03T12:08:41.027+0000] {processor.py:179} INFO - Processing /home/vscode/.local/lib/python3.10/site-packages/airflow/example_dags/example_task_group_decorator.py took 0.074 seconds
[2025-02-03T12:09:24.317+0000] {processor.py:157} INFO - Started process (PID=47392) to work on /home/vscode/.local/lib/python3.10/site-packages/airflow/example_dags/example_task_group_decorator.py
[2025-02-03T12:09:24.318+0000] {processor.py:826} INFO - Processing file /home/vscode/.local/lib/python3.10/site-packages/airflow/example_dags/example_task_group_decorator.py for tasks to queue
[2025-02-03T12:09:24.319+0000] {logging_mixin.py:150} INFO - [2025-02-03T12:09:24.318+0000] {dagbag.py:541} INFO - Filling up the DagBag from /home/vscode/.local/lib/python3.10/site-packages/airflow/example_dags/example_task_group_decorator.py
[2025-02-03T12:09:24.329+0000] {processor.py:836} INFO - DAG(s) dict_keys(['example_task_group_decorator']) retrieved from /home/vscode/.local/lib/python3.10/site-packages/airflow/example_dags/example_task_group_decorator.py
[2025-02-03T12:09:24.343+0000] {logging_mixin.py:150} INFO - [2025-02-03T12:09:24.343+0000] {dag.py:2742} INFO - Sync 1 DAGs
[2025-02-03T12:09:24.356+0000] {logging_mixin.py:150} INFO - [2025-02-03T12:09:24.356+0000] {dag.py:3504} INFO - Setting next_dagrun for example_task_group_decorator to 2025-02-02T12:09:24.356329+00:00, run_after=2025-02-03T12:09:24.356329+00:00
[2025-02-03T12:09:24.370+0000] {processor.py:179} INFO - Processing /home/vscode/.local/lib/python3.10/site-packages/airflow/example_dags/example_task_group_decorator.py took 0.054 seconds
