[2025-02-03T11:50:25.344+0000] {processor.py:157} INFO - Started process (PID=37446) to work on /home/vscode/.local/lib/python3.10/site-packages/airflow/example_dags/example_task_group.py
[2025-02-03T11:50:25.344+0000] {processor.py:826} INFO - Processing file /home/vscode/.local/lib/python3.10/site-packages/airflow/example_dags/example_task_group.py for tasks to queue
[2025-02-03T11:50:25.345+0000] {logging_mixin.py:150} INFO - [2025-02-03T11:50:25.345+0000] {dagbag.py:541} INFO - Filling up the DagBag from /home/vscode/.local/lib/python3.10/site-packages/airflow/example_dags/example_task_group.py
[2025-02-03T11:50:25.350+0000] {processor.py:836} INFO - DAG(s) dict_keys(['example_task_group']) retrieved from /home/vscode/.local/lib/python3.10/site-packages/airflow/example_dags/example_task_group.py
[2025-02-03T11:50:25.514+0000] {logging_mixin.py:150} INFO - [2025-02-03T11:50:25.514+0000] {manager.py:504} INFO - Created Permission View: can read on DAG:example_task_group
[2025-02-03T11:50:25.521+0000] {logging_mixin.py:150} INFO - [2025-02-03T11:50:25.521+0000] {manager.py:504} INFO - Created Permission View: can delete on DAG:example_task_group
[2025-02-03T11:50:25.527+0000] {logging_mixin.py:150} INFO - [2025-02-03T11:50:25.526+0000] {manager.py:504} INFO - Created Permission View: can edit on DAG:example_task_group
[2025-02-03T11:50:25.535+0000] {logging_mixin.py:150} INFO - [2025-02-03T11:50:25.535+0000] {dag.py:2742} INFO - Sync 1 DAGs
[2025-02-03T11:50:25.541+0000] {logging_mixin.py:150} INFO - [2025-02-03T11:50:25.541+0000] {dag.py:2763} INFO - Creating ORM DAG for example_task_group
[2025-02-03T11:50:25.547+0000] {logging_mixin.py:150} INFO - [2025-02-03T11:50:25.547+0000] {dag.py:3504} INFO - Setting next_dagrun for example_task_group to 2025-02-02T11:50:25.546886+00:00, run_after=2025-02-03T11:50:25.546886+00:00
[2025-02-03T11:50:25.560+0000] {processor.py:179} INFO - Processing /home/vscode/.local/lib/python3.10/site-packages/airflow/example_dags/example_task_group.py took 0.218 seconds
[2025-02-03T11:51:14.839+0000] {processor.py:157} INFO - Started process (PID=37770) to work on /home/vscode/.local/lib/python3.10/site-packages/airflow/example_dags/example_task_group.py
[2025-02-03T11:51:14.840+0000] {processor.py:826} INFO - Processing file /home/vscode/.local/lib/python3.10/site-packages/airflow/example_dags/example_task_group.py for tasks to queue
[2025-02-03T11:51:14.840+0000] {logging_mixin.py:150} INFO - [2025-02-03T11:51:14.840+0000] {dagbag.py:541} INFO - Filling up the DagBag from /home/vscode/.local/lib/python3.10/site-packages/airflow/example_dags/example_task_group.py
[2025-02-03T11:51:14.846+0000] {processor.py:836} INFO - DAG(s) dict_keys(['example_task_group']) retrieved from /home/vscode/.local/lib/python3.10/site-packages/airflow/example_dags/example_task_group.py
[2025-02-03T11:51:14.861+0000] {logging_mixin.py:150} INFO - [2025-02-03T11:51:14.861+0000] {dag.py:2742} INFO - Sync 1 DAGs
[2025-02-03T11:51:14.877+0000] {logging_mixin.py:150} INFO - [2025-02-03T11:51:14.876+0000] {dag.py:3504} INFO - Setting next_dagrun for example_task_group to 2025-02-02T11:51:14.876701+00:00, run_after=2025-02-03T11:51:14.876701+00:00
[2025-02-03T11:51:14.895+0000] {processor.py:179} INFO - Processing /home/vscode/.local/lib/python3.10/site-packages/airflow/example_dags/example_task_group.py took 0.058 seconds
[2025-02-03T11:52:00.938+0000] {processor.py:157} INFO - Started process (PID=38078) to work on /home/vscode/.local/lib/python3.10/site-packages/airflow/example_dags/example_task_group.py
[2025-02-03T11:52:00.938+0000] {processor.py:826} INFO - Processing file /home/vscode/.local/lib/python3.10/site-packages/airflow/example_dags/example_task_group.py for tasks to queue
[2025-02-03T11:52:00.939+0000] {logging_mixin.py:150} INFO - [2025-02-03T11:52:00.938+0000] {dagbag.py:541} INFO - Filling up the DagBag from /home/vscode/.local/lib/python3.10/site-packages/airflow/example_dags/example_task_group.py
[2025-02-03T11:52:00.945+0000] {processor.py:836} INFO - DAG(s) dict_keys(['example_task_group']) retrieved from /home/vscode/.local/lib/python3.10/site-packages/airflow/example_dags/example_task_group.py
[2025-02-03T11:52:00.957+0000] {logging_mixin.py:150} INFO - [2025-02-03T11:52:00.956+0000] {dag.py:2742} INFO - Sync 1 DAGs
[2025-02-03T11:52:00.970+0000] {logging_mixin.py:150} INFO - [2025-02-03T11:52:00.970+0000] {dag.py:3504} INFO - Setting next_dagrun for example_task_group to 2025-02-02T11:52:00.970540+00:00, run_after=2025-02-03T11:52:00.970540+00:00
[2025-02-03T11:52:00.985+0000] {processor.py:179} INFO - Processing /home/vscode/.local/lib/python3.10/site-packages/airflow/example_dags/example_task_group.py took 0.049 seconds
[2025-02-03T11:52:42.141+0000] {processor.py:157} INFO - Started process (PID=38358) to work on /home/vscode/.local/lib/python3.10/site-packages/airflow/example_dags/example_task_group.py
[2025-02-03T11:52:42.141+0000] {processor.py:826} INFO - Processing file /home/vscode/.local/lib/python3.10/site-packages/airflow/example_dags/example_task_group.py for tasks to queue
[2025-02-03T11:52:42.142+0000] {logging_mixin.py:150} INFO - [2025-02-03T11:52:42.142+0000] {dagbag.py:541} INFO - Filling up the DagBag from /home/vscode/.local/lib/python3.10/site-packages/airflow/example_dags/example_task_group.py
[2025-02-03T11:52:42.148+0000] {processor.py:836} INFO - DAG(s) dict_keys(['example_task_group']) retrieved from /home/vscode/.local/lib/python3.10/site-packages/airflow/example_dags/example_task_group.py
[2025-02-03T11:52:42.159+0000] {logging_mixin.py:150} INFO - [2025-02-03T11:52:42.159+0000] {dag.py:2742} INFO - Sync 1 DAGs
[2025-02-03T11:52:42.173+0000] {logging_mixin.py:150} INFO - [2025-02-03T11:52:42.173+0000] {dag.py:3504} INFO - Setting next_dagrun for example_task_group to 2025-02-02T11:52:42.173192+00:00, run_after=2025-02-03T11:52:42.173192+00:00
[2025-02-03T11:52:42.188+0000] {processor.py:179} INFO - Processing /home/vscode/.local/lib/python3.10/site-packages/airflow/example_dags/example_task_group.py took 0.049 seconds
[2025-02-03T11:53:25.946+0000] {processor.py:157} INFO - Started process (PID=38652) to work on /home/vscode/.local/lib/python3.10/site-packages/airflow/example_dags/example_task_group.py
[2025-02-03T11:53:25.946+0000] {processor.py:826} INFO - Processing file /home/vscode/.local/lib/python3.10/site-packages/airflow/example_dags/example_task_group.py for tasks to queue
[2025-02-03T11:53:25.947+0000] {logging_mixin.py:150} INFO - [2025-02-03T11:53:25.947+0000] {dagbag.py:541} INFO - Filling up the DagBag from /home/vscode/.local/lib/python3.10/site-packages/airflow/example_dags/example_task_group.py
[2025-02-03T11:53:25.953+0000] {processor.py:836} INFO - DAG(s) dict_keys(['example_task_group']) retrieved from /home/vscode/.local/lib/python3.10/site-packages/airflow/example_dags/example_task_group.py
[2025-02-03T11:53:25.965+0000] {logging_mixin.py:150} INFO - [2025-02-03T11:53:25.965+0000] {dag.py:2742} INFO - Sync 1 DAGs
[2025-02-03T11:53:25.979+0000] {logging_mixin.py:150} INFO - [2025-02-03T11:53:25.978+0000] {dag.py:3504} INFO - Setting next_dagrun for example_task_group to 2025-02-02T11:53:25.978766+00:00, run_after=2025-02-03T11:53:25.978766+00:00
[2025-02-03T11:53:25.995+0000] {processor.py:179} INFO - Processing /home/vscode/.local/lib/python3.10/site-packages/airflow/example_dags/example_task_group.py took 0.051 seconds
[2025-02-03T11:54:09.334+0000] {processor.py:157} INFO - Started process (PID=38946) to work on /home/vscode/.local/lib/python3.10/site-packages/airflow/example_dags/example_task_group.py
[2025-02-03T11:54:09.335+0000] {processor.py:826} INFO - Processing file /home/vscode/.local/lib/python3.10/site-packages/airflow/example_dags/example_task_group.py for tasks to queue
[2025-02-03T11:54:09.335+0000] {logging_mixin.py:150} INFO - [2025-02-03T11:54:09.335+0000] {dagbag.py:541} INFO - Filling up the DagBag from /home/vscode/.local/lib/python3.10/site-packages/airflow/example_dags/example_task_group.py
[2025-02-03T11:54:09.342+0000] {processor.py:836} INFO - DAG(s) dict_keys(['example_task_group']) retrieved from /home/vscode/.local/lib/python3.10/site-packages/airflow/example_dags/example_task_group.py
[2025-02-03T11:54:09.353+0000] {logging_mixin.py:150} INFO - [2025-02-03T11:54:09.353+0000] {dag.py:2742} INFO - Sync 1 DAGs
[2025-02-03T11:54:09.368+0000] {logging_mixin.py:150} INFO - [2025-02-03T11:54:09.368+0000] {dag.py:3504} INFO - Setting next_dagrun for example_task_group to 2025-02-02T11:54:09.368707+00:00, run_after=2025-02-03T11:54:09.368707+00:00
[2025-02-03T11:54:09.383+0000] {processor.py:179} INFO - Processing /home/vscode/.local/lib/python3.10/site-packages/airflow/example_dags/example_task_group.py took 0.051 seconds
[2025-02-03T11:54:52.808+0000] {processor.py:157} INFO - Started process (PID=39233) to work on /home/vscode/.local/lib/python3.10/site-packages/airflow/example_dags/example_task_group.py
[2025-02-03T11:54:52.809+0000] {processor.py:826} INFO - Processing file /home/vscode/.local/lib/python3.10/site-packages/airflow/example_dags/example_task_group.py for tasks to queue
[2025-02-03T11:54:52.809+0000] {logging_mixin.py:150} INFO - [2025-02-03T11:54:52.809+0000] {dagbag.py:541} INFO - Filling up the DagBag from /home/vscode/.local/lib/python3.10/site-packages/airflow/example_dags/example_task_group.py
[2025-02-03T11:54:52.816+0000] {processor.py:836} INFO - DAG(s) dict_keys(['example_task_group']) retrieved from /home/vscode/.local/lib/python3.10/site-packages/airflow/example_dags/example_task_group.py
[2025-02-03T11:54:52.831+0000] {logging_mixin.py:150} INFO - [2025-02-03T11:54:52.831+0000] {dag.py:2742} INFO - Sync 1 DAGs
[2025-02-03T11:54:52.849+0000] {logging_mixin.py:150} INFO - [2025-02-03T11:54:52.848+0000] {dag.py:3504} INFO - Setting next_dagrun for example_task_group to 2025-02-02T11:54:52.848719+00:00, run_after=2025-02-03T11:54:52.848719+00:00
[2025-02-03T11:54:52.863+0000] {processor.py:179} INFO - Processing /home/vscode/.local/lib/python3.10/site-packages/airflow/example_dags/example_task_group.py took 0.057 seconds
[2025-02-03T11:55:33.910+0000] {processor.py:157} INFO - Started process (PID=39517) to work on /home/vscode/.local/lib/python3.10/site-packages/airflow/example_dags/example_task_group.py
[2025-02-03T11:55:33.910+0000] {processor.py:826} INFO - Processing file /home/vscode/.local/lib/python3.10/site-packages/airflow/example_dags/example_task_group.py for tasks to queue
[2025-02-03T11:55:33.911+0000] {logging_mixin.py:150} INFO - [2025-02-03T11:55:33.911+0000] {dagbag.py:541} INFO - Filling up the DagBag from /home/vscode/.local/lib/python3.10/site-packages/airflow/example_dags/example_task_group.py
[2025-02-03T11:55:33.917+0000] {processor.py:836} INFO - DAG(s) dict_keys(['example_task_group']) retrieved from /home/vscode/.local/lib/python3.10/site-packages/airflow/example_dags/example_task_group.py
[2025-02-03T11:55:33.930+0000] {logging_mixin.py:150} INFO - [2025-02-03T11:55:33.929+0000] {dag.py:2742} INFO - Sync 1 DAGs
[2025-02-03T11:55:33.945+0000] {logging_mixin.py:150} INFO - [2025-02-03T11:55:33.945+0000] {dag.py:3504} INFO - Setting next_dagrun for example_task_group to 2025-02-02T11:55:33.945069+00:00, run_after=2025-02-03T11:55:33.945069+00:00
[2025-02-03T11:55:33.960+0000] {processor.py:179} INFO - Processing /home/vscode/.local/lib/python3.10/site-packages/airflow/example_dags/example_task_group.py took 0.052 seconds
[2025-02-03T11:56:17.026+0000] {processor.py:157} INFO - Started process (PID=39800) to work on /home/vscode/.local/lib/python3.10/site-packages/airflow/example_dags/example_task_group.py
[2025-02-03T11:56:17.027+0000] {processor.py:826} INFO - Processing file /home/vscode/.local/lib/python3.10/site-packages/airflow/example_dags/example_task_group.py for tasks to queue
[2025-02-03T11:56:17.028+0000] {logging_mixin.py:150} INFO - [2025-02-03T11:56:17.027+0000] {dagbag.py:541} INFO - Filling up the DagBag from /home/vscode/.local/lib/python3.10/site-packages/airflow/example_dags/example_task_group.py
[2025-02-03T11:56:17.033+0000] {processor.py:836} INFO - DAG(s) dict_keys(['example_task_group']) retrieved from /home/vscode/.local/lib/python3.10/site-packages/airflow/example_dags/example_task_group.py
[2025-02-03T11:56:17.046+0000] {logging_mixin.py:150} INFO - [2025-02-03T11:56:17.045+0000] {dag.py:2742} INFO - Sync 1 DAGs
[2025-02-03T11:56:17.059+0000] {logging_mixin.py:150} INFO - [2025-02-03T11:56:17.059+0000] {dag.py:3504} INFO - Setting next_dagrun for example_task_group to 2025-02-02T11:56:17.059591+00:00, run_after=2025-02-03T11:56:17.059591+00:00
[2025-02-03T11:56:17.074+0000] {processor.py:179} INFO - Processing /home/vscode/.local/lib/python3.10/site-packages/airflow/example_dags/example_task_group.py took 0.050 seconds
[2025-02-03T11:57:03.852+0000] {processor.py:157} INFO - Started process (PID=40118) to work on /home/vscode/.local/lib/python3.10/site-packages/airflow/example_dags/example_task_group.py
[2025-02-03T11:57:03.853+0000] {processor.py:826} INFO - Processing file /home/vscode/.local/lib/python3.10/site-packages/airflow/example_dags/example_task_group.py for tasks to queue
[2025-02-03T11:57:03.853+0000] {logging_mixin.py:150} INFO - [2025-02-03T11:57:03.853+0000] {dagbag.py:541} INFO - Filling up the DagBag from /home/vscode/.local/lib/python3.10/site-packages/airflow/example_dags/example_task_group.py
[2025-02-03T11:57:03.859+0000] {processor.py:836} INFO - DAG(s) dict_keys(['example_task_group']) retrieved from /home/vscode/.local/lib/python3.10/site-packages/airflow/example_dags/example_task_group.py
[2025-02-03T11:57:03.870+0000] {logging_mixin.py:150} INFO - [2025-02-03T11:57:03.870+0000] {dag.py:2742} INFO - Sync 1 DAGs
[2025-02-03T11:57:03.885+0000] {logging_mixin.py:150} INFO - [2025-02-03T11:57:03.885+0000] {dag.py:3504} INFO - Setting next_dagrun for example_task_group to 2025-02-02T11:57:03.884917+00:00, run_after=2025-02-03T11:57:03.884917+00:00
[2025-02-03T11:57:03.899+0000] {processor.py:179} INFO - Processing /home/vscode/.local/lib/python3.10/site-packages/airflow/example_dags/example_task_group.py took 0.049 seconds
[2025-02-03T11:57:47.821+0000] {processor.py:157} INFO - Started process (PID=40406) to work on /home/vscode/.local/lib/python3.10/site-packages/airflow/example_dags/example_task_group.py
[2025-02-03T11:57:47.822+0000] {processor.py:826} INFO - Processing file /home/vscode/.local/lib/python3.10/site-packages/airflow/example_dags/example_task_group.py for tasks to queue
[2025-02-03T11:57:47.823+0000] {logging_mixin.py:150} INFO - [2025-02-03T11:57:47.822+0000] {dagbag.py:541} INFO - Filling up the DagBag from /home/vscode/.local/lib/python3.10/site-packages/airflow/example_dags/example_task_group.py
[2025-02-03T11:57:47.828+0000] {processor.py:836} INFO - DAG(s) dict_keys(['example_task_group']) retrieved from /home/vscode/.local/lib/python3.10/site-packages/airflow/example_dags/example_task_group.py
[2025-02-03T11:57:47.840+0000] {logging_mixin.py:150} INFO - [2025-02-03T11:57:47.840+0000] {dag.py:2742} INFO - Sync 1 DAGs
[2025-02-03T11:57:47.853+0000] {logging_mixin.py:150} INFO - [2025-02-03T11:57:47.853+0000] {dag.py:3504} INFO - Setting next_dagrun for example_task_group to 2025-02-02T11:57:47.853273+00:00, run_after=2025-02-03T11:57:47.853273+00:00
[2025-02-03T11:57:47.867+0000] {processor.py:179} INFO - Processing /home/vscode/.local/lib/python3.10/site-packages/airflow/example_dags/example_task_group.py took 0.048 seconds
[2025-02-03T11:58:27.164+0000] {processor.py:157} INFO - Started process (PID=40671) to work on /home/vscode/.local/lib/python3.10/site-packages/airflow/example_dags/example_task_group.py
[2025-02-03T11:58:27.165+0000] {processor.py:826} INFO - Processing file /home/vscode/.local/lib/python3.10/site-packages/airflow/example_dags/example_task_group.py for tasks to queue
[2025-02-03T11:58:27.165+0000] {logging_mixin.py:150} INFO - [2025-02-03T11:58:27.165+0000] {dagbag.py:541} INFO - Filling up the DagBag from /home/vscode/.local/lib/python3.10/site-packages/airflow/example_dags/example_task_group.py
[2025-02-03T11:58:27.171+0000] {processor.py:836} INFO - DAG(s) dict_keys(['example_task_group']) retrieved from /home/vscode/.local/lib/python3.10/site-packages/airflow/example_dags/example_task_group.py
[2025-02-03T11:58:27.183+0000] {logging_mixin.py:150} INFO - [2025-02-03T11:58:27.183+0000] {dag.py:2742} INFO - Sync 1 DAGs
[2025-02-03T11:58:27.197+0000] {logging_mixin.py:150} INFO - [2025-02-03T11:58:27.197+0000] {dag.py:3504} INFO - Setting next_dagrun for example_task_group to 2025-02-02T11:58:27.196848+00:00, run_after=2025-02-03T11:58:27.196848+00:00
[2025-02-03T11:58:27.211+0000] {processor.py:179} INFO - Processing /home/vscode/.local/lib/python3.10/site-packages/airflow/example_dags/example_task_group.py took 0.048 seconds
[2025-02-03T11:59:09.990+0000] {processor.py:157} INFO - Started process (PID=40965) to work on /home/vscode/.local/lib/python3.10/site-packages/airflow/example_dags/example_task_group.py
[2025-02-03T11:59:09.990+0000] {processor.py:826} INFO - Processing file /home/vscode/.local/lib/python3.10/site-packages/airflow/example_dags/example_task_group.py for tasks to queue
[2025-02-03T11:59:09.991+0000] {logging_mixin.py:150} INFO - [2025-02-03T11:59:09.991+0000] {dagbag.py:541} INFO - Filling up the DagBag from /home/vscode/.local/lib/python3.10/site-packages/airflow/example_dags/example_task_group.py
[2025-02-03T11:59:09.997+0000] {processor.py:836} INFO - DAG(s) dict_keys(['example_task_group']) retrieved from /home/vscode/.local/lib/python3.10/site-packages/airflow/example_dags/example_task_group.py
[2025-02-03T11:59:10.015+0000] {logging_mixin.py:150} INFO - [2025-02-03T11:59:10.015+0000] {dag.py:2742} INFO - Sync 1 DAGs
[2025-02-03T11:59:10.035+0000] {logging_mixin.py:150} INFO - [2025-02-03T11:59:10.035+0000] {dag.py:3504} INFO - Setting next_dagrun for example_task_group to 2025-02-02T11:59:10.035401+00:00, run_after=2025-02-03T11:59:10.035401+00:00
[2025-02-03T11:59:10.050+0000] {processor.py:179} INFO - Processing /home/vscode/.local/lib/python3.10/site-packages/airflow/example_dags/example_task_group.py took 0.062 seconds
[2025-02-03T11:59:53.344+0000] {processor.py:157} INFO - Started process (PID=41254) to work on /home/vscode/.local/lib/python3.10/site-packages/airflow/example_dags/example_task_group.py
[2025-02-03T11:59:53.345+0000] {processor.py:826} INFO - Processing file /home/vscode/.local/lib/python3.10/site-packages/airflow/example_dags/example_task_group.py for tasks to queue
[2025-02-03T11:59:53.345+0000] {logging_mixin.py:150} INFO - [2025-02-03T11:59:53.345+0000] {dagbag.py:541} INFO - Filling up the DagBag from /home/vscode/.local/lib/python3.10/site-packages/airflow/example_dags/example_task_group.py
[2025-02-03T11:59:53.352+0000] {processor.py:836} INFO - DAG(s) dict_keys(['example_task_group']) retrieved from /home/vscode/.local/lib/python3.10/site-packages/airflow/example_dags/example_task_group.py
[2025-02-03T11:59:53.364+0000] {logging_mixin.py:150} INFO - [2025-02-03T11:59:53.364+0000] {dag.py:2742} INFO - Sync 1 DAGs
[2025-02-03T11:59:53.379+0000] {logging_mixin.py:150} INFO - [2025-02-03T11:59:53.378+0000] {dag.py:3504} INFO - Setting next_dagrun for example_task_group to 2025-02-02T11:59:53.378721+00:00, run_after=2025-02-03T11:59:53.378721+00:00
[2025-02-03T11:59:53.393+0000] {processor.py:179} INFO - Processing /home/vscode/.local/lib/python3.10/site-packages/airflow/example_dags/example_task_group.py took 0.051 seconds
[2025-02-03T12:00:35.492+0000] {processor.py:157} INFO - Started process (PID=41538) to work on /home/vscode/.local/lib/python3.10/site-packages/airflow/example_dags/example_task_group.py
[2025-02-03T12:00:35.493+0000] {processor.py:826} INFO - Processing file /home/vscode/.local/lib/python3.10/site-packages/airflow/example_dags/example_task_group.py for tasks to queue
[2025-02-03T12:00:35.493+0000] {logging_mixin.py:150} INFO - [2025-02-03T12:00:35.493+0000] {dagbag.py:541} INFO - Filling up the DagBag from /home/vscode/.local/lib/python3.10/site-packages/airflow/example_dags/example_task_group.py
[2025-02-03T12:00:35.499+0000] {processor.py:836} INFO - DAG(s) dict_keys(['example_task_group']) retrieved from /home/vscode/.local/lib/python3.10/site-packages/airflow/example_dags/example_task_group.py
[2025-02-03T12:00:35.512+0000] {logging_mixin.py:150} INFO - [2025-02-03T12:00:35.512+0000] {dag.py:2742} INFO - Sync 1 DAGs
[2025-02-03T12:00:35.527+0000] {logging_mixin.py:150} INFO - [2025-02-03T12:00:35.527+0000] {dag.py:3504} INFO - Setting next_dagrun for example_task_group to 2025-02-02T12:00:35.526871+00:00, run_after=2025-02-03T12:00:35.526871+00:00
[2025-02-03T12:00:35.541+0000] {processor.py:179} INFO - Processing /home/vscode/.local/lib/python3.10/site-packages/airflow/example_dags/example_task_group.py took 0.052 seconds
[2025-02-03T12:01:19.708+0000] {processor.py:157} INFO - Started process (PID=41835) to work on /home/vscode/.local/lib/python3.10/site-packages/airflow/example_dags/example_task_group.py
[2025-02-03T12:01:19.708+0000] {processor.py:826} INFO - Processing file /home/vscode/.local/lib/python3.10/site-packages/airflow/example_dags/example_task_group.py for tasks to queue
[2025-02-03T12:01:19.709+0000] {logging_mixin.py:150} INFO - [2025-02-03T12:01:19.709+0000] {dagbag.py:541} INFO - Filling up the DagBag from /home/vscode/.local/lib/python3.10/site-packages/airflow/example_dags/example_task_group.py
[2025-02-03T12:01:19.715+0000] {processor.py:836} INFO - DAG(s) dict_keys(['example_task_group']) retrieved from /home/vscode/.local/lib/python3.10/site-packages/airflow/example_dags/example_task_group.py
[2025-02-03T12:01:19.727+0000] {logging_mixin.py:150} INFO - [2025-02-03T12:01:19.727+0000] {dag.py:2742} INFO - Sync 1 DAGs
[2025-02-03T12:01:19.741+0000] {logging_mixin.py:150} INFO - [2025-02-03T12:01:19.741+0000] {dag.py:3504} INFO - Setting next_dagrun for example_task_group to 2025-02-02T12:01:19.741551+00:00, run_after=2025-02-03T12:01:19.741551+00:00
[2025-02-03T12:01:19.755+0000] {processor.py:179} INFO - Processing /home/vscode/.local/lib/python3.10/site-packages/airflow/example_dags/example_task_group.py took 0.051 seconds
[2025-02-03T12:02:03.017+0000] {processor.py:157} INFO - Started process (PID=42127) to work on /home/vscode/.local/lib/python3.10/site-packages/airflow/example_dags/example_task_group.py
[2025-02-03T12:02:03.017+0000] {processor.py:826} INFO - Processing file /home/vscode/.local/lib/python3.10/site-packages/airflow/example_dags/example_task_group.py for tasks to queue
[2025-02-03T12:02:03.018+0000] {logging_mixin.py:150} INFO - [2025-02-03T12:02:03.018+0000] {dagbag.py:541} INFO - Filling up the DagBag from /home/vscode/.local/lib/python3.10/site-packages/airflow/example_dags/example_task_group.py
[2025-02-03T12:02:03.024+0000] {processor.py:836} INFO - DAG(s) dict_keys(['example_task_group']) retrieved from /home/vscode/.local/lib/python3.10/site-packages/airflow/example_dags/example_task_group.py
[2025-02-03T12:02:03.036+0000] {logging_mixin.py:150} INFO - [2025-02-03T12:02:03.036+0000] {dag.py:2742} INFO - Sync 1 DAGs
[2025-02-03T12:02:03.050+0000] {logging_mixin.py:150} INFO - [2025-02-03T12:02:03.050+0000] {dag.py:3504} INFO - Setting next_dagrun for example_task_group to 2025-02-02T12:02:03.050355+00:00, run_after=2025-02-03T12:02:03.050355+00:00
[2025-02-03T12:02:03.064+0000] {processor.py:179} INFO - Processing /home/vscode/.local/lib/python3.10/site-packages/airflow/example_dags/example_task_group.py took 0.050 seconds
[2025-02-03T12:02:45.682+0000] {processor.py:157} INFO - Started process (PID=42413) to work on /home/vscode/.local/lib/python3.10/site-packages/airflow/example_dags/example_task_group.py
[2025-02-03T12:02:45.683+0000] {processor.py:826} INFO - Processing file /home/vscode/.local/lib/python3.10/site-packages/airflow/example_dags/example_task_group.py for tasks to queue
[2025-02-03T12:02:45.683+0000] {logging_mixin.py:150} INFO - [2025-02-03T12:02:45.683+0000] {dagbag.py:541} INFO - Filling up the DagBag from /home/vscode/.local/lib/python3.10/site-packages/airflow/example_dags/example_task_group.py
[2025-02-03T12:02:45.689+0000] {processor.py:836} INFO - DAG(s) dict_keys(['example_task_group']) retrieved from /home/vscode/.local/lib/python3.10/site-packages/airflow/example_dags/example_task_group.py
[2025-02-03T12:02:45.701+0000] {logging_mixin.py:150} INFO - [2025-02-03T12:02:45.700+0000] {dag.py:2742} INFO - Sync 1 DAGs
[2025-02-03T12:02:45.714+0000] {logging_mixin.py:150} INFO - [2025-02-03T12:02:45.714+0000] {dag.py:3504} INFO - Setting next_dagrun for example_task_group to 2025-02-02T12:02:45.714315+00:00, run_after=2025-02-03T12:02:45.714315+00:00
[2025-02-03T12:02:45.729+0000] {processor.py:179} INFO - Processing /home/vscode/.local/lib/python3.10/site-packages/airflow/example_dags/example_task_group.py took 0.049 seconds
[2025-02-03T12:03:27.795+0000] {processor.py:157} INFO - Started process (PID=42695) to work on /home/vscode/.local/lib/python3.10/site-packages/airflow/example_dags/example_task_group.py
[2025-02-03T12:03:27.796+0000] {processor.py:826} INFO - Processing file /home/vscode/.local/lib/python3.10/site-packages/airflow/example_dags/example_task_group.py for tasks to queue
[2025-02-03T12:03:27.797+0000] {logging_mixin.py:150} INFO - [2025-02-03T12:03:27.796+0000] {dagbag.py:541} INFO - Filling up the DagBag from /home/vscode/.local/lib/python3.10/site-packages/airflow/example_dags/example_task_group.py
[2025-02-03T12:03:27.803+0000] {processor.py:836} INFO - DAG(s) dict_keys(['example_task_group']) retrieved from /home/vscode/.local/lib/python3.10/site-packages/airflow/example_dags/example_task_group.py
[2025-02-03T12:03:27.815+0000] {logging_mixin.py:150} INFO - [2025-02-03T12:03:27.814+0000] {dag.py:2742} INFO - Sync 1 DAGs
[2025-02-03T12:03:27.829+0000] {logging_mixin.py:150} INFO - [2025-02-03T12:03:27.829+0000] {dag.py:3504} INFO - Setting next_dagrun for example_task_group to 2025-02-02T12:03:27.828836+00:00, run_after=2025-02-03T12:03:27.828836+00:00
[2025-02-03T12:03:27.844+0000] {processor.py:179} INFO - Processing /home/vscode/.local/lib/python3.10/site-packages/airflow/example_dags/example_task_group.py took 0.051 seconds
[2025-02-03T12:04:11.834+0000] {processor.py:157} INFO - Started process (PID=42995) to work on /home/vscode/.local/lib/python3.10/site-packages/airflow/example_dags/example_task_group.py
[2025-02-03T12:04:11.835+0000] {processor.py:826} INFO - Processing file /home/vscode/.local/lib/python3.10/site-packages/airflow/example_dags/example_task_group.py for tasks to queue
[2025-02-03T12:04:11.836+0000] {logging_mixin.py:150} INFO - [2025-02-03T12:04:11.835+0000] {dagbag.py:541} INFO - Filling up the DagBag from /home/vscode/.local/lib/python3.10/site-packages/airflow/example_dags/example_task_group.py
[2025-02-03T12:04:11.843+0000] {processor.py:836} INFO - DAG(s) dict_keys(['example_task_group']) retrieved from /home/vscode/.local/lib/python3.10/site-packages/airflow/example_dags/example_task_group.py
[2025-02-03T12:04:11.858+0000] {logging_mixin.py:150} INFO - [2025-02-03T12:04:11.858+0000] {dag.py:2742} INFO - Sync 1 DAGs
[2025-02-03T12:04:11.874+0000] {logging_mixin.py:150} INFO - [2025-02-03T12:04:11.874+0000] {dag.py:3504} INFO - Setting next_dagrun for example_task_group to 2025-02-02T12:04:11.874153+00:00, run_after=2025-02-03T12:04:11.874153+00:00
[2025-02-03T12:04:11.889+0000] {processor.py:179} INFO - Processing /home/vscode/.local/lib/python3.10/site-packages/airflow/example_dags/example_task_group.py took 0.058 seconds
[2025-02-03T12:04:55.068+0000] {processor.py:157} INFO - Started process (PID=43284) to work on /home/vscode/.local/lib/python3.10/site-packages/airflow/example_dags/example_task_group.py
[2025-02-03T12:04:55.069+0000] {processor.py:826} INFO - Processing file /home/vscode/.local/lib/python3.10/site-packages/airflow/example_dags/example_task_group.py for tasks to queue
[2025-02-03T12:04:55.069+0000] {logging_mixin.py:150} INFO - [2025-02-03T12:04:55.069+0000] {dagbag.py:541} INFO - Filling up the DagBag from /home/vscode/.local/lib/python3.10/site-packages/airflow/example_dags/example_task_group.py
[2025-02-03T12:04:55.075+0000] {processor.py:836} INFO - DAG(s) dict_keys(['example_task_group']) retrieved from /home/vscode/.local/lib/python3.10/site-packages/airflow/example_dags/example_task_group.py
[2025-02-03T12:04:55.087+0000] {logging_mixin.py:150} INFO - [2025-02-03T12:04:55.087+0000] {dag.py:2742} INFO - Sync 1 DAGs
[2025-02-03T12:04:55.101+0000] {logging_mixin.py:150} INFO - [2025-02-03T12:04:55.101+0000] {dag.py:3504} INFO - Setting next_dagrun for example_task_group to 2025-02-02T12:04:55.101396+00:00, run_after=2025-02-03T12:04:55.101396+00:00
[2025-02-03T12:04:55.115+0000] {processor.py:179} INFO - Processing /home/vscode/.local/lib/python3.10/site-packages/airflow/example_dags/example_task_group.py took 0.049 seconds
[2025-02-03T12:05:39.546+0000] {processor.py:157} INFO - Started process (PID=43580) to work on /home/vscode/.local/lib/python3.10/site-packages/airflow/example_dags/example_task_group.py
[2025-02-03T12:05:39.546+0000] {processor.py:826} INFO - Processing file /home/vscode/.local/lib/python3.10/site-packages/airflow/example_dags/example_task_group.py for tasks to queue
[2025-02-03T12:05:39.547+0000] {logging_mixin.py:150} INFO - [2025-02-03T12:05:39.547+0000] {dagbag.py:541} INFO - Filling up the DagBag from /home/vscode/.local/lib/python3.10/site-packages/airflow/example_dags/example_task_group.py
[2025-02-03T12:05:39.553+0000] {processor.py:836} INFO - DAG(s) dict_keys(['example_task_group']) retrieved from /home/vscode/.local/lib/python3.10/site-packages/airflow/example_dags/example_task_group.py
[2025-02-03T12:05:39.564+0000] {logging_mixin.py:150} INFO - [2025-02-03T12:05:39.564+0000] {dag.py:2742} INFO - Sync 1 DAGs
[2025-02-03T12:05:39.578+0000] {logging_mixin.py:150} INFO - [2025-02-03T12:05:39.578+0000] {dag.py:3504} INFO - Setting next_dagrun for example_task_group to 2025-02-02T12:05:39.578358+00:00, run_after=2025-02-03T12:05:39.578358+00:00
[2025-02-03T12:05:39.592+0000] {processor.py:179} INFO - Processing /home/vscode/.local/lib/python3.10/site-packages/airflow/example_dags/example_task_group.py took 0.049 seconds
[2025-02-03T12:06:26.362+0000] {processor.py:157} INFO - Started process (PID=43898) to work on /home/vscode/.local/lib/python3.10/site-packages/airflow/example_dags/example_task_group.py
[2025-02-03T12:06:26.363+0000] {processor.py:826} INFO - Processing file /home/vscode/.local/lib/python3.10/site-packages/airflow/example_dags/example_task_group.py for tasks to queue
[2025-02-03T12:06:26.364+0000] {logging_mixin.py:150} INFO - [2025-02-03T12:06:26.363+0000] {dagbag.py:541} INFO - Filling up the DagBag from /home/vscode/.local/lib/python3.10/site-packages/airflow/example_dags/example_task_group.py
[2025-02-03T12:06:26.369+0000] {processor.py:836} INFO - DAG(s) dict_keys(['example_task_group']) retrieved from /home/vscode/.local/lib/python3.10/site-packages/airflow/example_dags/example_task_group.py
[2025-02-03T12:06:26.381+0000] {logging_mixin.py:150} INFO - [2025-02-03T12:06:26.381+0000] {dag.py:2742} INFO - Sync 1 DAGs
[2025-02-03T12:06:26.395+0000] {logging_mixin.py:150} INFO - [2025-02-03T12:06:26.395+0000] {dag.py:3504} INFO - Setting next_dagrun for example_task_group to 2025-02-02T12:06:26.395415+00:00, run_after=2025-02-03T12:06:26.395415+00:00
[2025-02-03T12:06:26.410+0000] {processor.py:179} INFO - Processing /home/vscode/.local/lib/python3.10/site-packages/airflow/example_dags/example_task_group.py took 0.050 seconds
[2025-02-03T12:07:12.597+0000] {processor.py:157} INFO - Started process (PID=44223) to work on /home/vscode/.local/lib/python3.10/site-packages/airflow/example_dags/example_task_group.py
[2025-02-03T12:07:12.597+0000] {processor.py:826} INFO - Processing file /home/vscode/.local/lib/python3.10/site-packages/airflow/example_dags/example_task_group.py for tasks to queue
[2025-02-03T12:07:12.598+0000] {logging_mixin.py:150} INFO - [2025-02-03T12:07:12.598+0000] {dagbag.py:541} INFO - Filling up the DagBag from /home/vscode/.local/lib/python3.10/site-packages/airflow/example_dags/example_task_group.py
[2025-02-03T12:07:12.604+0000] {processor.py:836} INFO - DAG(s) dict_keys(['example_task_group']) retrieved from /home/vscode/.local/lib/python3.10/site-packages/airflow/example_dags/example_task_group.py
[2025-02-03T12:07:12.616+0000] {logging_mixin.py:150} INFO - [2025-02-03T12:07:12.616+0000] {dag.py:2742} INFO - Sync 1 DAGs
[2025-02-03T12:07:12.629+0000] {logging_mixin.py:150} INFO - [2025-02-03T12:07:12.629+0000] {dag.py:3504} INFO - Setting next_dagrun for example_task_group to 2025-02-02T12:07:12.629352+00:00, run_after=2025-02-03T12:07:12.629352+00:00
[2025-02-03T12:07:12.644+0000] {processor.py:179} INFO - Processing /home/vscode/.local/lib/python3.10/site-packages/airflow/example_dags/example_task_group.py took 0.049 seconds
[2025-02-03T12:07:55.750+0000] {processor.py:157} INFO - Started process (PID=45094) to work on /home/vscode/.local/lib/python3.10/site-packages/airflow/example_dags/example_task_group.py
[2025-02-03T12:07:55.750+0000] {processor.py:826} INFO - Processing file /home/vscode/.local/lib/python3.10/site-packages/airflow/example_dags/example_task_group.py for tasks to queue
[2025-02-03T12:07:55.751+0000] {logging_mixin.py:150} INFO - [2025-02-03T12:07:55.751+0000] {dagbag.py:541} INFO - Filling up the DagBag from /home/vscode/.local/lib/python3.10/site-packages/airflow/example_dags/example_task_group.py
[2025-02-03T12:07:55.757+0000] {processor.py:836} INFO - DAG(s) dict_keys(['example_task_group']) retrieved from /home/vscode/.local/lib/python3.10/site-packages/airflow/example_dags/example_task_group.py
[2025-02-03T12:07:55.769+0000] {logging_mixin.py:150} INFO - [2025-02-03T12:07:55.768+0000] {dag.py:2742} INFO - Sync 1 DAGs
[2025-02-03T12:07:55.782+0000] {logging_mixin.py:150} INFO - [2025-02-03T12:07:55.782+0000] {dag.py:3504} INFO - Setting next_dagrun for example_task_group to 2025-02-02T12:07:55.782310+00:00, run_after=2025-02-03T12:07:55.782310+00:00
[2025-02-03T12:07:55.796+0000] {processor.py:179} INFO - Processing /home/vscode/.local/lib/python3.10/site-packages/airflow/example_dags/example_task_group.py took 0.049 seconds
[2025-02-03T12:08:43.219+0000] {processor.py:157} INFO - Started process (PID=46482) to work on /home/vscode/.local/lib/python3.10/site-packages/airflow/example_dags/example_task_group.py
[2025-02-03T12:08:43.220+0000] {processor.py:826} INFO - Processing file /home/vscode/.local/lib/python3.10/site-packages/airflow/example_dags/example_task_group.py for tasks to queue
[2025-02-03T12:08:43.220+0000] {logging_mixin.py:150} INFO - [2025-02-03T12:08:43.220+0000] {dagbag.py:541} INFO - Filling up the DagBag from /home/vscode/.local/lib/python3.10/site-packages/airflow/example_dags/example_task_group.py
[2025-02-03T12:08:43.226+0000] {processor.py:836} INFO - DAG(s) dict_keys(['example_task_group']) retrieved from /home/vscode/.local/lib/python3.10/site-packages/airflow/example_dags/example_task_group.py
[2025-02-03T12:08:43.238+0000] {logging_mixin.py:150} INFO - [2025-02-03T12:08:43.238+0000] {dag.py:2742} INFO - Sync 1 DAGs
[2025-02-03T12:08:43.253+0000] {logging_mixin.py:150} INFO - [2025-02-03T12:08:43.253+0000] {dag.py:3504} INFO - Setting next_dagrun for example_task_group to 2025-02-02T12:08:43.253113+00:00, run_after=2025-02-03T12:08:43.253113+00:00
[2025-02-03T12:08:43.267+0000] {processor.py:179} INFO - Processing /home/vscode/.local/lib/python3.10/site-packages/airflow/example_dags/example_task_group.py took 0.050 seconds
[2025-02-03T12:09:25.636+0000] {processor.py:157} INFO - Started process (PID=47411) to work on /home/vscode/.local/lib/python3.10/site-packages/airflow/example_dags/example_task_group.py
[2025-02-03T12:09:25.636+0000] {processor.py:826} INFO - Processing file /home/vscode/.local/lib/python3.10/site-packages/airflow/example_dags/example_task_group.py for tasks to queue
[2025-02-03T12:09:25.637+0000] {logging_mixin.py:150} INFO - [2025-02-03T12:09:25.637+0000] {dagbag.py:541} INFO - Filling up the DagBag from /home/vscode/.local/lib/python3.10/site-packages/airflow/example_dags/example_task_group.py
[2025-02-03T12:09:25.643+0000] {processor.py:836} INFO - DAG(s) dict_keys(['example_task_group']) retrieved from /home/vscode/.local/lib/python3.10/site-packages/airflow/example_dags/example_task_group.py
[2025-02-03T12:09:25.655+0000] {logging_mixin.py:150} INFO - [2025-02-03T12:09:25.655+0000] {dag.py:2742} INFO - Sync 1 DAGs
[2025-02-03T12:09:25.669+0000] {logging_mixin.py:150} INFO - [2025-02-03T12:09:25.669+0000] {dag.py:3504} INFO - Setting next_dagrun for example_task_group to 2025-02-02T12:09:25.668883+00:00, run_after=2025-02-03T12:09:25.668883+00:00
[2025-02-03T12:09:25.682+0000] {processor.py:179} INFO - Processing /home/vscode/.local/lib/python3.10/site-packages/airflow/example_dags/example_task_group.py took 0.049 seconds
