[2025-02-03T11:50:51.095+0000] {processor.py:157} INFO - Started process (PID=37614) to work on /home/vscode/.local/lib/python3.10/site-packages/airflow/example_dags/example_datasets.py
[2025-02-03T11:50:51.096+0000] {processor.py:826} INFO - Processing file /home/vscode/.local/lib/python3.10/site-packages/airflow/example_dags/example_datasets.py for tasks to queue
[2025-02-03T11:50:51.096+0000] {logging_mixin.py:150} INFO - [2025-02-03T11:50:51.096+0000] {dagbag.py:541} INFO - Filling up the DagBag from /home/vscode/.local/lib/python3.10/site-packages/airflow/example_dags/example_datasets.py
[2025-02-03T11:50:51.179+0000] {processor.py:836} INFO - DAG(s) dict_keys(['dataset_consumes_1_never_scheduled', 'dataset_consumes_1_and_2', 'dataset_produces_1', 'dataset_consumes_unknown_never_scheduled', 'dataset_consumes_1', 'dataset_produces_2']) retrieved from /home/vscode/.local/lib/python3.10/site-packages/airflow/example_dags/example_datasets.py
[2025-02-03T11:50:51.245+0000] {logging_mixin.py:150} INFO - [2025-02-03T11:50:51.245+0000] {manager.py:504} INFO - Created Permission View: can read on DAG:dataset_consumes_1_never_scheduled
[2025-02-03T11:50:51.253+0000] {logging_mixin.py:150} INFO - [2025-02-03T11:50:51.253+0000] {manager.py:504} INFO - Created Permission View: can delete on DAG:dataset_consumes_1_never_scheduled
[2025-02-03T11:50:51.258+0000] {logging_mixin.py:150} INFO - [2025-02-03T11:50:51.258+0000] {manager.py:504} INFO - Created Permission View: can edit on DAG:dataset_consumes_1_never_scheduled
[2025-02-03T11:50:51.276+0000] {logging_mixin.py:150} INFO - [2025-02-03T11:50:51.276+0000] {manager.py:504} INFO - Created Permission View: can read on DAG:dataset_consumes_1_and_2
[2025-02-03T11:50:51.282+0000] {logging_mixin.py:150} INFO - [2025-02-03T11:50:51.282+0000] {manager.py:504} INFO - Created Permission View: can delete on DAG:dataset_consumes_1_and_2
[2025-02-03T11:50:51.287+0000] {logging_mixin.py:150} INFO - [2025-02-03T11:50:51.287+0000] {manager.py:504} INFO - Created Permission View: can edit on DAG:dataset_consumes_1_and_2
[2025-02-03T11:50:51.300+0000] {logging_mixin.py:150} INFO - [2025-02-03T11:50:51.300+0000] {manager.py:504} INFO - Created Permission View: can read on DAG:dataset_produces_1
[2025-02-03T11:50:51.305+0000] {logging_mixin.py:150} INFO - [2025-02-03T11:50:51.305+0000] {manager.py:504} INFO - Created Permission View: can delete on DAG:dataset_produces_1
[2025-02-03T11:50:51.311+0000] {logging_mixin.py:150} INFO - [2025-02-03T11:50:51.310+0000] {manager.py:504} INFO - Created Permission View: can edit on DAG:dataset_produces_1
[2025-02-03T11:50:51.325+0000] {logging_mixin.py:150} INFO - [2025-02-03T11:50:51.325+0000] {manager.py:504} INFO - Created Permission View: can read on DAG:dataset_consumes_unknown_never_scheduled
[2025-02-03T11:50:51.330+0000] {logging_mixin.py:150} INFO - [2025-02-03T11:50:51.330+0000] {manager.py:504} INFO - Created Permission View: can delete on DAG:dataset_consumes_unknown_never_scheduled
[2025-02-03T11:50:51.335+0000] {logging_mixin.py:150} INFO - [2025-02-03T11:50:51.335+0000] {manager.py:504} INFO - Created Permission View: can edit on DAG:dataset_consumes_unknown_never_scheduled
[2025-02-03T11:50:51.349+0000] {logging_mixin.py:150} INFO - [2025-02-03T11:50:51.349+0000] {manager.py:504} INFO - Created Permission View: can read on DAG:dataset_consumes_1
[2025-02-03T11:50:51.354+0000] {logging_mixin.py:150} INFO - [2025-02-03T11:50:51.354+0000] {manager.py:504} INFO - Created Permission View: can delete on DAG:dataset_consumes_1
[2025-02-03T11:50:51.359+0000] {logging_mixin.py:150} INFO - [2025-02-03T11:50:51.359+0000] {manager.py:504} INFO - Created Permission View: can edit on DAG:dataset_consumes_1
[2025-02-03T11:50:51.372+0000] {logging_mixin.py:150} INFO - [2025-02-03T11:50:51.372+0000] {manager.py:504} INFO - Created Permission View: can read on DAG:dataset_produces_2
[2025-02-03T11:50:51.377+0000] {logging_mixin.py:150} INFO - [2025-02-03T11:50:51.377+0000] {manager.py:504} INFO - Created Permission View: can delete on DAG:dataset_produces_2
[2025-02-03T11:50:51.383+0000] {logging_mixin.py:150} INFO - [2025-02-03T11:50:51.382+0000] {manager.py:504} INFO - Created Permission View: can edit on DAG:dataset_produces_2
[2025-02-03T11:50:51.386+0000] {logging_mixin.py:150} INFO - [2025-02-03T11:50:51.386+0000] {dag.py:2742} INFO - Sync 6 DAGs
[2025-02-03T11:50:51.392+0000] {logging_mixin.py:150} INFO - [2025-02-03T11:50:51.392+0000] {dag.py:2763} INFO - Creating ORM DAG for dataset_consumes_1
[2025-02-03T11:50:51.392+0000] {logging_mixin.py:150} INFO - [2025-02-03T11:50:51.392+0000] {dag.py:2763} INFO - Creating ORM DAG for dataset_consumes_unknown_never_scheduled
[2025-02-03T11:50:51.393+0000] {logging_mixin.py:150} INFO - [2025-02-03T11:50:51.393+0000] {dag.py:2763} INFO - Creating ORM DAG for dataset_produces_2
[2025-02-03T11:50:51.393+0000] {logging_mixin.py:150} INFO - [2025-02-03T11:50:51.393+0000] {dag.py:2763} INFO - Creating ORM DAG for dataset_consumes_1_and_2
[2025-02-03T11:50:51.393+0000] {logging_mixin.py:150} INFO - [2025-02-03T11:50:51.393+0000] {dag.py:2763} INFO - Creating ORM DAG for dataset_produces_1
[2025-02-03T11:50:51.394+0000] {logging_mixin.py:150} INFO - [2025-02-03T11:50:51.394+0000] {dag.py:2763} INFO - Creating ORM DAG for dataset_consumes_1_never_scheduled
[2025-02-03T11:50:51.399+0000] {logging_mixin.py:150} INFO - [2025-02-03T11:50:51.399+0000] {dag.py:3504} INFO - Setting next_dagrun for dataset_consumes_1 to None, run_after=None
[2025-02-03T11:50:51.400+0000] {logging_mixin.py:150} INFO - [2025-02-03T11:50:51.400+0000] {dag.py:3504} INFO - Setting next_dagrun for dataset_consumes_1_and_2 to None, run_after=None
[2025-02-03T11:50:51.400+0000] {logging_mixin.py:150} INFO - [2025-02-03T11:50:51.400+0000] {dag.py:3504} INFO - Setting next_dagrun for dataset_consumes_1_never_scheduled to None, run_after=None
[2025-02-03T11:50:51.400+0000] {logging_mixin.py:150} INFO - [2025-02-03T11:50:51.400+0000] {dag.py:3504} INFO - Setting next_dagrun for dataset_consumes_unknown_never_scheduled to None, run_after=None
[2025-02-03T11:50:51.402+0000] {logging_mixin.py:150} INFO - [2025-02-03T11:50:51.402+0000] {dag.py:3504} INFO - Setting next_dagrun for dataset_produces_1 to 2025-02-02T00:00:00+00:00, run_after=2025-02-03T00:00:00+00:00
[2025-02-03T11:50:51.402+0000] {logging_mixin.py:150} INFO - [2025-02-03T11:50:51.402+0000] {dag.py:3504} INFO - Setting next_dagrun for dataset_produces_2 to None, run_after=None
[2025-02-03T11:50:51.426+0000] {processor.py:179} INFO - Processing /home/vscode/.local/lib/python3.10/site-packages/airflow/example_dags/example_datasets.py took 0.333 seconds
[2025-02-03T11:51:36.513+0000] {processor.py:157} INFO - Started process (PID=37921) to work on /home/vscode/.local/lib/python3.10/site-packages/airflow/example_dags/example_datasets.py
[2025-02-03T11:51:36.514+0000] {processor.py:826} INFO - Processing file /home/vscode/.local/lib/python3.10/site-packages/airflow/example_dags/example_datasets.py for tasks to queue
[2025-02-03T11:51:36.515+0000] {logging_mixin.py:150} INFO - [2025-02-03T11:51:36.514+0000] {dagbag.py:541} INFO - Filling up the DagBag from /home/vscode/.local/lib/python3.10/site-packages/airflow/example_dags/example_datasets.py
[2025-02-03T11:51:36.521+0000] {processor.py:836} INFO - DAG(s) dict_keys(['dataset_produces_2', 'dataset_consumes_unknown_never_scheduled', 'dataset_produces_1', 'dataset_consumes_1_never_scheduled', 'dataset_consumes_1', 'dataset_consumes_1_and_2']) retrieved from /home/vscode/.local/lib/python3.10/site-packages/airflow/example_dags/example_datasets.py
[2025-02-03T11:51:36.541+0000] {logging_mixin.py:150} INFO - [2025-02-03T11:51:36.541+0000] {dag.py:2742} INFO - Sync 6 DAGs
[2025-02-03T11:51:36.556+0000] {logging_mixin.py:150} INFO - [2025-02-03T11:51:36.556+0000] {dag.py:3504} INFO - Setting next_dagrun for dataset_consumes_1 to None, run_after=None
[2025-02-03T11:51:36.558+0000] {logging_mixin.py:150} INFO - [2025-02-03T11:51:36.558+0000] {dag.py:3504} INFO - Setting next_dagrun for dataset_consumes_1_and_2 to None, run_after=None
[2025-02-03T11:51:36.559+0000] {logging_mixin.py:150} INFO - [2025-02-03T11:51:36.559+0000] {dag.py:3504} INFO - Setting next_dagrun for dataset_consumes_1_never_scheduled to None, run_after=None
[2025-02-03T11:51:36.559+0000] {logging_mixin.py:150} INFO - [2025-02-03T11:51:36.559+0000] {dag.py:3504} INFO - Setting next_dagrun for dataset_consumes_unknown_never_scheduled to None, run_after=None
[2025-02-03T11:51:36.561+0000] {logging_mixin.py:150} INFO - [2025-02-03T11:51:36.561+0000] {dag.py:3504} INFO - Setting next_dagrun for dataset_produces_1 to 2025-02-02T00:00:00+00:00, run_after=2025-02-03T00:00:00+00:00
[2025-02-03T11:51:36.562+0000] {logging_mixin.py:150} INFO - [2025-02-03T11:51:36.562+0000] {dag.py:3504} INFO - Setting next_dagrun for dataset_produces_2 to None, run_after=None
[2025-02-03T11:51:36.583+0000] {processor.py:179} INFO - Processing /home/vscode/.local/lib/python3.10/site-packages/airflow/example_dags/example_datasets.py took 0.072 seconds
[2025-02-03T11:52:22.608+0000] {processor.py:157} INFO - Started process (PID=38225) to work on /home/vscode/.local/lib/python3.10/site-packages/airflow/example_dags/example_datasets.py
[2025-02-03T11:52:22.608+0000] {processor.py:826} INFO - Processing file /home/vscode/.local/lib/python3.10/site-packages/airflow/example_dags/example_datasets.py for tasks to queue
[2025-02-03T11:52:22.609+0000] {logging_mixin.py:150} INFO - [2025-02-03T11:52:22.608+0000] {dagbag.py:541} INFO - Filling up the DagBag from /home/vscode/.local/lib/python3.10/site-packages/airflow/example_dags/example_datasets.py
[2025-02-03T11:52:22.615+0000] {processor.py:836} INFO - DAG(s) dict_keys(['dataset_consumes_1_never_scheduled', 'dataset_produces_1', 'dataset_consumes_1_and_2', 'dataset_consumes_unknown_never_scheduled', 'dataset_consumes_1', 'dataset_produces_2']) retrieved from /home/vscode/.local/lib/python3.10/site-packages/airflow/example_dags/example_datasets.py
[2025-02-03T11:52:22.634+0000] {logging_mixin.py:150} INFO - [2025-02-03T11:52:22.634+0000] {dag.py:2742} INFO - Sync 6 DAGs
[2025-02-03T11:52:22.649+0000] {logging_mixin.py:150} INFO - [2025-02-03T11:52:22.648+0000] {dag.py:3504} INFO - Setting next_dagrun for dataset_consumes_1 to None, run_after=None
[2025-02-03T11:52:22.651+0000] {logging_mixin.py:150} INFO - [2025-02-03T11:52:22.650+0000] {dag.py:3504} INFO - Setting next_dagrun for dataset_consumes_1_and_2 to None, run_after=None
[2025-02-03T11:52:22.651+0000] {logging_mixin.py:150} INFO - [2025-02-03T11:52:22.651+0000] {dag.py:3504} INFO - Setting next_dagrun for dataset_consumes_1_never_scheduled to None, run_after=None
[2025-02-03T11:52:22.652+0000] {logging_mixin.py:150} INFO - [2025-02-03T11:52:22.652+0000] {dag.py:3504} INFO - Setting next_dagrun for dataset_consumes_unknown_never_scheduled to None, run_after=None
[2025-02-03T11:52:22.654+0000] {logging_mixin.py:150} INFO - [2025-02-03T11:52:22.653+0000] {dag.py:3504} INFO - Setting next_dagrun for dataset_produces_1 to 2025-02-02T00:00:00+00:00, run_after=2025-02-03T00:00:00+00:00
[2025-02-03T11:52:22.654+0000] {logging_mixin.py:150} INFO - [2025-02-03T11:52:22.654+0000] {dag.py:3504} INFO - Setting next_dagrun for dataset_produces_2 to None, run_after=None
[2025-02-03T11:52:22.675+0000] {processor.py:179} INFO - Processing /home/vscode/.local/lib/python3.10/site-packages/airflow/example_dags/example_datasets.py took 0.069 seconds
[2025-02-03T11:53:09.955+0000] {processor.py:157} INFO - Started process (PID=38547) to work on /home/vscode/.local/lib/python3.10/site-packages/airflow/example_dags/example_datasets.py
[2025-02-03T11:53:09.955+0000] {processor.py:826} INFO - Processing file /home/vscode/.local/lib/python3.10/site-packages/airflow/example_dags/example_datasets.py for tasks to queue
[2025-02-03T11:53:09.956+0000] {logging_mixin.py:150} INFO - [2025-02-03T11:53:09.956+0000] {dagbag.py:541} INFO - Filling up the DagBag from /home/vscode/.local/lib/python3.10/site-packages/airflow/example_dags/example_datasets.py
[2025-02-03T11:53:09.962+0000] {processor.py:836} INFO - DAG(s) dict_keys(['dataset_consumes_1_never_scheduled', 'dataset_consumes_1', 'dataset_consumes_unknown_never_scheduled', 'dataset_produces_2', 'dataset_produces_1', 'dataset_consumes_1_and_2']) retrieved from /home/vscode/.local/lib/python3.10/site-packages/airflow/example_dags/example_datasets.py
[2025-02-03T11:53:09.982+0000] {logging_mixin.py:150} INFO - [2025-02-03T11:53:09.982+0000] {dag.py:2742} INFO - Sync 6 DAGs
[2025-02-03T11:53:09.996+0000] {logging_mixin.py:150} INFO - [2025-02-03T11:53:09.996+0000] {dag.py:3504} INFO - Setting next_dagrun for dataset_consumes_1 to None, run_after=None
[2025-02-03T11:53:09.999+0000] {logging_mixin.py:150} INFO - [2025-02-03T11:53:09.998+0000] {dag.py:3504} INFO - Setting next_dagrun for dataset_consumes_1_and_2 to None, run_after=None
[2025-02-03T11:53:09.999+0000] {logging_mixin.py:150} INFO - [2025-02-03T11:53:09.999+0000] {dag.py:3504} INFO - Setting next_dagrun for dataset_consumes_1_never_scheduled to None, run_after=None
[2025-02-03T11:53:10.000+0000] {logging_mixin.py:150} INFO - [2025-02-03T11:53:10.000+0000] {dag.py:3504} INFO - Setting next_dagrun for dataset_consumes_unknown_never_scheduled to None, run_after=None
[2025-02-03T11:53:10.002+0000] {logging_mixin.py:150} INFO - [2025-02-03T11:53:10.002+0000] {dag.py:3504} INFO - Setting next_dagrun for dataset_produces_1 to 2025-02-02T00:00:00+00:00, run_after=2025-02-03T00:00:00+00:00
[2025-02-03T11:53:10.002+0000] {logging_mixin.py:150} INFO - [2025-02-03T11:53:10.002+0000] {dag.py:3504} INFO - Setting next_dagrun for dataset_produces_2 to None, run_after=None
[2025-02-03T11:53:10.022+0000] {processor.py:179} INFO - Processing /home/vscode/.local/lib/python3.10/site-packages/airflow/example_dags/example_datasets.py took 0.070 seconds
[2025-02-03T11:53:52.785+0000] {processor.py:157} INFO - Started process (PID=38835) to work on /home/vscode/.local/lib/python3.10/site-packages/airflow/example_dags/example_datasets.py
[2025-02-03T11:53:52.786+0000] {processor.py:826} INFO - Processing file /home/vscode/.local/lib/python3.10/site-packages/airflow/example_dags/example_datasets.py for tasks to queue
[2025-02-03T11:53:52.786+0000] {logging_mixin.py:150} INFO - [2025-02-03T11:53:52.786+0000] {dagbag.py:541} INFO - Filling up the DagBag from /home/vscode/.local/lib/python3.10/site-packages/airflow/example_dags/example_datasets.py
[2025-02-03T11:53:52.793+0000] {processor.py:836} INFO - DAG(s) dict_keys(['dataset_consumes_1', 'dataset_consumes_1_and_2', 'dataset_consumes_1_never_scheduled', 'dataset_produces_1', 'dataset_produces_2', 'dataset_consumes_unknown_never_scheduled']) retrieved from /home/vscode/.local/lib/python3.10/site-packages/airflow/example_dags/example_datasets.py
[2025-02-03T11:53:52.812+0000] {logging_mixin.py:150} INFO - [2025-02-03T11:53:52.812+0000] {dag.py:2742} INFO - Sync 6 DAGs
[2025-02-03T11:53:52.827+0000] {logging_mixin.py:150} INFO - [2025-02-03T11:53:52.826+0000] {dag.py:3504} INFO - Setting next_dagrun for dataset_consumes_1 to None, run_after=None
[2025-02-03T11:53:52.829+0000] {logging_mixin.py:150} INFO - [2025-02-03T11:53:52.829+0000] {dag.py:3504} INFO - Setting next_dagrun for dataset_consumes_1_and_2 to None, run_after=None
[2025-02-03T11:53:52.829+0000] {logging_mixin.py:150} INFO - [2025-02-03T11:53:52.829+0000] {dag.py:3504} INFO - Setting next_dagrun for dataset_consumes_1_never_scheduled to None, run_after=None
[2025-02-03T11:53:52.830+0000] {logging_mixin.py:150} INFO - [2025-02-03T11:53:52.830+0000] {dag.py:3504} INFO - Setting next_dagrun for dataset_consumes_unknown_never_scheduled to None, run_after=None
[2025-02-03T11:53:52.832+0000] {logging_mixin.py:150} INFO - [2025-02-03T11:53:52.832+0000] {dag.py:3504} INFO - Setting next_dagrun for dataset_produces_1 to 2025-02-02T00:00:00+00:00, run_after=2025-02-03T00:00:00+00:00
[2025-02-03T11:53:52.832+0000] {logging_mixin.py:150} INFO - [2025-02-03T11:53:52.832+0000] {dag.py:3504} INFO - Setting next_dagrun for dataset_produces_2 to None, run_after=None
[2025-02-03T11:53:52.853+0000] {processor.py:179} INFO - Processing /home/vscode/.local/lib/python3.10/site-packages/airflow/example_dags/example_datasets.py took 0.070 seconds
[2025-02-03T11:54:36.820+0000] {processor.py:157} INFO - Started process (PID=39129) to work on /home/vscode/.local/lib/python3.10/site-packages/airflow/example_dags/example_datasets.py
[2025-02-03T11:54:36.821+0000] {processor.py:826} INFO - Processing file /home/vscode/.local/lib/python3.10/site-packages/airflow/example_dags/example_datasets.py for tasks to queue
[2025-02-03T11:54:36.822+0000] {logging_mixin.py:150} INFO - [2025-02-03T11:54:36.821+0000] {dagbag.py:541} INFO - Filling up the DagBag from /home/vscode/.local/lib/python3.10/site-packages/airflow/example_dags/example_datasets.py
[2025-02-03T11:54:36.828+0000] {processor.py:836} INFO - DAG(s) dict_keys(['dataset_produces_1', 'dataset_consumes_1_and_2', 'dataset_consumes_1_never_scheduled', 'dataset_consumes_unknown_never_scheduled', 'dataset_produces_2', 'dataset_consumes_1']) retrieved from /home/vscode/.local/lib/python3.10/site-packages/airflow/example_dags/example_datasets.py
[2025-02-03T11:54:36.848+0000] {logging_mixin.py:150} INFO - [2025-02-03T11:54:36.848+0000] {dag.py:2742} INFO - Sync 6 DAGs
[2025-02-03T11:54:36.862+0000] {logging_mixin.py:150} INFO - [2025-02-03T11:54:36.862+0000] {dag.py:3504} INFO - Setting next_dagrun for dataset_consumes_1 to None, run_after=None
[2025-02-03T11:54:36.864+0000] {logging_mixin.py:150} INFO - [2025-02-03T11:54:36.864+0000] {dag.py:3504} INFO - Setting next_dagrun for dataset_consumes_1_and_2 to None, run_after=None
[2025-02-03T11:54:36.865+0000] {logging_mixin.py:150} INFO - [2025-02-03T11:54:36.865+0000] {dag.py:3504} INFO - Setting next_dagrun for dataset_consumes_1_never_scheduled to None, run_after=None
[2025-02-03T11:54:36.865+0000] {logging_mixin.py:150} INFO - [2025-02-03T11:54:36.865+0000] {dag.py:3504} INFO - Setting next_dagrun for dataset_consumes_unknown_never_scheduled to None, run_after=None
[2025-02-03T11:54:36.867+0000] {logging_mixin.py:150} INFO - [2025-02-03T11:54:36.867+0000] {dag.py:3504} INFO - Setting next_dagrun for dataset_produces_1 to 2025-02-02T00:00:00+00:00, run_after=2025-02-03T00:00:00+00:00
[2025-02-03T11:54:36.868+0000] {logging_mixin.py:150} INFO - [2025-02-03T11:54:36.868+0000] {dag.py:3504} INFO - Setting next_dagrun for dataset_produces_2 to None, run_after=None
[2025-02-03T11:54:36.888+0000] {processor.py:179} INFO - Processing /home/vscode/.local/lib/python3.10/site-packages/airflow/example_dags/example_datasets.py took 0.070 seconds
[2025-02-03T11:55:19.098+0000] {processor.py:157} INFO - Started process (PID=39416) to work on /home/vscode/.local/lib/python3.10/site-packages/airflow/example_dags/example_datasets.py
[2025-02-03T11:55:19.099+0000] {processor.py:826} INFO - Processing file /home/vscode/.local/lib/python3.10/site-packages/airflow/example_dags/example_datasets.py for tasks to queue
[2025-02-03T11:55:19.099+0000] {logging_mixin.py:150} INFO - [2025-02-03T11:55:19.099+0000] {dagbag.py:541} INFO - Filling up the DagBag from /home/vscode/.local/lib/python3.10/site-packages/airflow/example_dags/example_datasets.py
[2025-02-03T11:55:19.106+0000] {processor.py:836} INFO - DAG(s) dict_keys(['dataset_consumes_1_and_2', 'dataset_consumes_unknown_never_scheduled', 'dataset_produces_1', 'dataset_consumes_1_never_scheduled', 'dataset_consumes_1', 'dataset_produces_2']) retrieved from /home/vscode/.local/lib/python3.10/site-packages/airflow/example_dags/example_datasets.py
[2025-02-03T11:55:19.125+0000] {logging_mixin.py:150} INFO - [2025-02-03T11:55:19.125+0000] {dag.py:2742} INFO - Sync 6 DAGs
[2025-02-03T11:55:19.139+0000] {logging_mixin.py:150} INFO - [2025-02-03T11:55:19.139+0000] {dag.py:3504} INFO - Setting next_dagrun for dataset_consumes_1 to None, run_after=None
[2025-02-03T11:55:19.141+0000] {logging_mixin.py:150} INFO - [2025-02-03T11:55:19.141+0000] {dag.py:3504} INFO - Setting next_dagrun for dataset_consumes_1_and_2 to None, run_after=None
[2025-02-03T11:55:19.142+0000] {logging_mixin.py:150} INFO - [2025-02-03T11:55:19.141+0000] {dag.py:3504} INFO - Setting next_dagrun for dataset_consumes_1_never_scheduled to None, run_after=None
[2025-02-03T11:55:19.142+0000] {logging_mixin.py:150} INFO - [2025-02-03T11:55:19.142+0000] {dag.py:3504} INFO - Setting next_dagrun for dataset_consumes_unknown_never_scheduled to None, run_after=None
[2025-02-03T11:55:19.144+0000] {logging_mixin.py:150} INFO - [2025-02-03T11:55:19.144+0000] {dag.py:3504} INFO - Setting next_dagrun for dataset_produces_1 to 2025-02-02T00:00:00+00:00, run_after=2025-02-03T00:00:00+00:00
[2025-02-03T11:55:19.145+0000] {logging_mixin.py:150} INFO - [2025-02-03T11:55:19.144+0000] {dag.py:3504} INFO - Setting next_dagrun for dataset_produces_2 to None, run_after=None
[2025-02-03T11:55:19.165+0000] {processor.py:179} INFO - Processing /home/vscode/.local/lib/python3.10/site-packages/airflow/example_dags/example_datasets.py took 0.069 seconds
[2025-02-03T11:56:03.589+0000] {processor.py:157} INFO - Started process (PID=39710) to work on /home/vscode/.local/lib/python3.10/site-packages/airflow/example_dags/example_datasets.py
[2025-02-03T11:56:03.589+0000] {processor.py:826} INFO - Processing file /home/vscode/.local/lib/python3.10/site-packages/airflow/example_dags/example_datasets.py for tasks to queue
[2025-02-03T11:56:03.590+0000] {logging_mixin.py:150} INFO - [2025-02-03T11:56:03.589+0000] {dagbag.py:541} INFO - Filling up the DagBag from /home/vscode/.local/lib/python3.10/site-packages/airflow/example_dags/example_datasets.py
[2025-02-03T11:56:03.596+0000] {processor.py:836} INFO - DAG(s) dict_keys(['dataset_consumes_unknown_never_scheduled', 'dataset_produces_2', 'dataset_produces_1', 'dataset_consumes_1_and_2', 'dataset_consumes_1', 'dataset_consumes_1_never_scheduled']) retrieved from /home/vscode/.local/lib/python3.10/site-packages/airflow/example_dags/example_datasets.py
[2025-02-03T11:56:03.618+0000] {logging_mixin.py:150} INFO - [2025-02-03T11:56:03.617+0000] {dag.py:2742} INFO - Sync 6 DAGs
[2025-02-03T11:56:03.632+0000] {logging_mixin.py:150} INFO - [2025-02-03T11:56:03.632+0000] {dag.py:3504} INFO - Setting next_dagrun for dataset_consumes_1 to None, run_after=None
[2025-02-03T11:56:03.634+0000] {logging_mixin.py:150} INFO - [2025-02-03T11:56:03.634+0000] {dag.py:3504} INFO - Setting next_dagrun for dataset_consumes_1_and_2 to None, run_after=None
[2025-02-03T11:56:03.634+0000] {logging_mixin.py:150} INFO - [2025-02-03T11:56:03.634+0000] {dag.py:3504} INFO - Setting next_dagrun for dataset_consumes_1_never_scheduled to None, run_after=None
[2025-02-03T11:56:03.635+0000] {logging_mixin.py:150} INFO - [2025-02-03T11:56:03.635+0000] {dag.py:3504} INFO - Setting next_dagrun for dataset_consumes_unknown_never_scheduled to None, run_after=None
[2025-02-03T11:56:03.637+0000] {logging_mixin.py:150} INFO - [2025-02-03T11:56:03.637+0000] {dag.py:3504} INFO - Setting next_dagrun for dataset_produces_1 to 2025-02-02T00:00:00+00:00, run_after=2025-02-03T00:00:00+00:00
[2025-02-03T11:56:03.637+0000] {logging_mixin.py:150} INFO - [2025-02-03T11:56:03.637+0000] {dag.py:3504} INFO - Setting next_dagrun for dataset_produces_2 to None, run_after=None
[2025-02-03T11:56:03.657+0000] {processor.py:179} INFO - Processing /home/vscode/.local/lib/python3.10/site-packages/airflow/example_dags/example_datasets.py took 0.071 seconds
[2025-02-03T11:56:43.558+0000] {processor.py:157} INFO - Started process (PID=39980) to work on /home/vscode/.local/lib/python3.10/site-packages/airflow/example_dags/example_datasets.py
[2025-02-03T11:56:43.559+0000] {processor.py:826} INFO - Processing file /home/vscode/.local/lib/python3.10/site-packages/airflow/example_dags/example_datasets.py for tasks to queue
[2025-02-03T11:56:43.560+0000] {logging_mixin.py:150} INFO - [2025-02-03T11:56:43.559+0000] {dagbag.py:541} INFO - Filling up the DagBag from /home/vscode/.local/lib/python3.10/site-packages/airflow/example_dags/example_datasets.py
[2025-02-03T11:56:43.567+0000] {processor.py:836} INFO - DAG(s) dict_keys(['dataset_consumes_1', 'dataset_produces_1', 'dataset_produces_2', 'dataset_consumes_unknown_never_scheduled', 'dataset_consumes_1_never_scheduled', 'dataset_consumes_1_and_2']) retrieved from /home/vscode/.local/lib/python3.10/site-packages/airflow/example_dags/example_datasets.py
[2025-02-03T11:56:43.586+0000] {logging_mixin.py:150} INFO - [2025-02-03T11:56:43.586+0000] {dag.py:2742} INFO - Sync 6 DAGs
[2025-02-03T11:56:43.601+0000] {logging_mixin.py:150} INFO - [2025-02-03T11:56:43.601+0000] {dag.py:3504} INFO - Setting next_dagrun for dataset_consumes_1 to None, run_after=None
[2025-02-03T11:56:43.603+0000] {logging_mixin.py:150} INFO - [2025-02-03T11:56:43.603+0000] {dag.py:3504} INFO - Setting next_dagrun for dataset_consumes_1_and_2 to None, run_after=None
[2025-02-03T11:56:43.604+0000] {logging_mixin.py:150} INFO - [2025-02-03T11:56:43.604+0000] {dag.py:3504} INFO - Setting next_dagrun for dataset_consumes_1_never_scheduled to None, run_after=None
[2025-02-03T11:56:43.605+0000] {logging_mixin.py:150} INFO - [2025-02-03T11:56:43.605+0000] {dag.py:3504} INFO - Setting next_dagrun for dataset_consumes_unknown_never_scheduled to None, run_after=None
[2025-02-03T11:56:43.606+0000] {logging_mixin.py:150} INFO - [2025-02-03T11:56:43.606+0000] {dag.py:3504} INFO - Setting next_dagrun for dataset_produces_1 to 2025-02-02T00:00:00+00:00, run_after=2025-02-03T00:00:00+00:00
[2025-02-03T11:56:43.607+0000] {logging_mixin.py:150} INFO - [2025-02-03T11:56:43.607+0000] {dag.py:3504} INFO - Setting next_dagrun for dataset_produces_2 to None, run_after=None
[2025-02-03T11:56:43.629+0000] {processor.py:179} INFO - Processing /home/vscode/.local/lib/python3.10/site-packages/airflow/example_dags/example_datasets.py took 0.072 seconds
[2025-02-03T11:57:27.272+0000] {processor.py:157} INFO - Started process (PID=40270) to work on /home/vscode/.local/lib/python3.10/site-packages/airflow/example_dags/example_datasets.py
[2025-02-03T11:57:27.272+0000] {processor.py:826} INFO - Processing file /home/vscode/.local/lib/python3.10/site-packages/airflow/example_dags/example_datasets.py for tasks to queue
[2025-02-03T11:57:27.273+0000] {logging_mixin.py:150} INFO - [2025-02-03T11:57:27.273+0000] {dagbag.py:541} INFO - Filling up the DagBag from /home/vscode/.local/lib/python3.10/site-packages/airflow/example_dags/example_datasets.py
[2025-02-03T11:57:27.280+0000] {processor.py:836} INFO - DAG(s) dict_keys(['dataset_consumes_1_and_2', 'dataset_produces_1', 'dataset_produces_2', 'dataset_consumes_1', 'dataset_consumes_unknown_never_scheduled', 'dataset_consumes_1_never_scheduled']) retrieved from /home/vscode/.local/lib/python3.10/site-packages/airflow/example_dags/example_datasets.py
[2025-02-03T11:57:27.299+0000] {logging_mixin.py:150} INFO - [2025-02-03T11:57:27.299+0000] {dag.py:2742} INFO - Sync 6 DAGs
[2025-02-03T11:57:27.314+0000] {logging_mixin.py:150} INFO - [2025-02-03T11:57:27.314+0000] {dag.py:3504} INFO - Setting next_dagrun for dataset_consumes_1 to None, run_after=None
[2025-02-03T11:57:27.316+0000] {logging_mixin.py:150} INFO - [2025-02-03T11:57:27.316+0000] {dag.py:3504} INFO - Setting next_dagrun for dataset_consumes_1_and_2 to None, run_after=None
[2025-02-03T11:57:27.316+0000] {logging_mixin.py:150} INFO - [2025-02-03T11:57:27.316+0000] {dag.py:3504} INFO - Setting next_dagrun for dataset_consumes_1_never_scheduled to None, run_after=None
[2025-02-03T11:57:27.317+0000] {logging_mixin.py:150} INFO - [2025-02-03T11:57:27.317+0000] {dag.py:3504} INFO - Setting next_dagrun for dataset_consumes_unknown_never_scheduled to None, run_after=None
[2025-02-03T11:57:27.319+0000] {logging_mixin.py:150} INFO - [2025-02-03T11:57:27.319+0000] {dag.py:3504} INFO - Setting next_dagrun for dataset_produces_1 to 2025-02-02T00:00:00+00:00, run_after=2025-02-03T00:00:00+00:00
[2025-02-03T11:57:27.319+0000] {logging_mixin.py:150} INFO - [2025-02-03T11:57:27.319+0000] {dag.py:3504} INFO - Setting next_dagrun for dataset_produces_2 to None, run_after=None
[2025-02-03T11:57:27.340+0000] {processor.py:179} INFO - Processing /home/vscode/.local/lib/python3.10/site-packages/airflow/example_dags/example_datasets.py took 0.070 seconds
[2025-02-03T11:58:16.084+0000] {processor.py:157} INFO - Started process (PID=40595) to work on /home/vscode/.local/lib/python3.10/site-packages/airflow/example_dags/example_datasets.py
[2025-02-03T11:58:16.085+0000] {processor.py:826} INFO - Processing file /home/vscode/.local/lib/python3.10/site-packages/airflow/example_dags/example_datasets.py for tasks to queue
[2025-02-03T11:58:16.086+0000] {logging_mixin.py:150} INFO - [2025-02-03T11:58:16.085+0000] {dagbag.py:541} INFO - Filling up the DagBag from /home/vscode/.local/lib/python3.10/site-packages/airflow/example_dags/example_datasets.py
[2025-02-03T11:58:16.092+0000] {processor.py:836} INFO - DAG(s) dict_keys(['dataset_consumes_1_and_2', 'dataset_consumes_1', 'dataset_produces_2', 'dataset_consumes_unknown_never_scheduled', 'dataset_produces_1', 'dataset_consumes_1_never_scheduled']) retrieved from /home/vscode/.local/lib/python3.10/site-packages/airflow/example_dags/example_datasets.py
[2025-02-03T11:58:16.112+0000] {logging_mixin.py:150} INFO - [2025-02-03T11:58:16.111+0000] {dag.py:2742} INFO - Sync 6 DAGs
[2025-02-03T11:58:16.126+0000] {logging_mixin.py:150} INFO - [2025-02-03T11:58:16.126+0000] {dag.py:3504} INFO - Setting next_dagrun for dataset_consumes_1 to None, run_after=None
[2025-02-03T11:58:16.128+0000] {logging_mixin.py:150} INFO - [2025-02-03T11:58:16.128+0000] {dag.py:3504} INFO - Setting next_dagrun for dataset_consumes_1_and_2 to None, run_after=None
[2025-02-03T11:58:16.129+0000] {logging_mixin.py:150} INFO - [2025-02-03T11:58:16.128+0000] {dag.py:3504} INFO - Setting next_dagrun for dataset_consumes_1_never_scheduled to None, run_after=None
[2025-02-03T11:58:16.129+0000] {logging_mixin.py:150} INFO - [2025-02-03T11:58:16.129+0000] {dag.py:3504} INFO - Setting next_dagrun for dataset_consumes_unknown_never_scheduled to None, run_after=None
[2025-02-03T11:58:16.131+0000] {logging_mixin.py:150} INFO - [2025-02-03T11:58:16.131+0000] {dag.py:3504} INFO - Setting next_dagrun for dataset_produces_1 to 2025-02-02T00:00:00+00:00, run_after=2025-02-03T00:00:00+00:00
[2025-02-03T11:58:16.131+0000] {logging_mixin.py:150} INFO - [2025-02-03T11:58:16.131+0000] {dag.py:3504} INFO - Setting next_dagrun for dataset_produces_2 to None, run_after=None
[2025-02-03T11:58:16.152+0000] {processor.py:179} INFO - Processing /home/vscode/.local/lib/python3.10/site-packages/airflow/example_dags/example_datasets.py took 0.069 seconds
[2025-02-03T11:58:59.737+0000] {processor.py:157} INFO - Started process (PID=40897) to work on /home/vscode/.local/lib/python3.10/site-packages/airflow/example_dags/example_datasets.py
[2025-02-03T11:58:59.738+0000] {processor.py:826} INFO - Processing file /home/vscode/.local/lib/python3.10/site-packages/airflow/example_dags/example_datasets.py for tasks to queue
[2025-02-03T11:58:59.739+0000] {logging_mixin.py:150} INFO - [2025-02-03T11:58:59.738+0000] {dagbag.py:541} INFO - Filling up the DagBag from /home/vscode/.local/lib/python3.10/site-packages/airflow/example_dags/example_datasets.py
[2025-02-03T11:58:59.745+0000] {processor.py:836} INFO - DAG(s) dict_keys(['dataset_consumes_unknown_never_scheduled', 'dataset_consumes_1_never_scheduled', 'dataset_consumes_1', 'dataset_consumes_1_and_2', 'dataset_produces_1', 'dataset_produces_2']) retrieved from /home/vscode/.local/lib/python3.10/site-packages/airflow/example_dags/example_datasets.py
[2025-02-03T11:58:59.765+0000] {logging_mixin.py:150} INFO - [2025-02-03T11:58:59.765+0000] {dag.py:2742} INFO - Sync 6 DAGs
[2025-02-03T11:58:59.780+0000] {logging_mixin.py:150} INFO - [2025-02-03T11:58:59.780+0000] {dag.py:3504} INFO - Setting next_dagrun for dataset_consumes_1 to None, run_after=None
[2025-02-03T11:58:59.783+0000] {logging_mixin.py:150} INFO - [2025-02-03T11:58:59.783+0000] {dag.py:3504} INFO - Setting next_dagrun for dataset_consumes_1_and_2 to None, run_after=None
[2025-02-03T11:58:59.784+0000] {logging_mixin.py:150} INFO - [2025-02-03T11:58:59.784+0000] {dag.py:3504} INFO - Setting next_dagrun for dataset_consumes_1_never_scheduled to None, run_after=None
[2025-02-03T11:58:59.785+0000] {logging_mixin.py:150} INFO - [2025-02-03T11:58:59.784+0000] {dag.py:3504} INFO - Setting next_dagrun for dataset_consumes_unknown_never_scheduled to None, run_after=None
[2025-02-03T11:58:59.787+0000] {logging_mixin.py:150} INFO - [2025-02-03T11:58:59.787+0000] {dag.py:3504} INFO - Setting next_dagrun for dataset_produces_1 to 2025-02-02T00:00:00+00:00, run_after=2025-02-03T00:00:00+00:00
[2025-02-03T11:58:59.788+0000] {logging_mixin.py:150} INFO - [2025-02-03T11:58:59.788+0000] {dag.py:3504} INFO - Setting next_dagrun for dataset_produces_2 to None, run_after=None
[2025-02-03T11:58:59.812+0000] {processor.py:179} INFO - Processing /home/vscode/.local/lib/python3.10/site-packages/airflow/example_dags/example_datasets.py took 0.077 seconds
[2025-02-03T11:59:41.934+0000] {processor.py:157} INFO - Started process (PID=41176) to work on /home/vscode/.local/lib/python3.10/site-packages/airflow/example_dags/example_datasets.py
[2025-02-03T11:59:41.935+0000] {processor.py:826} INFO - Processing file /home/vscode/.local/lib/python3.10/site-packages/airflow/example_dags/example_datasets.py for tasks to queue
[2025-02-03T11:59:41.935+0000] {logging_mixin.py:150} INFO - [2025-02-03T11:59:41.935+0000] {dagbag.py:541} INFO - Filling up the DagBag from /home/vscode/.local/lib/python3.10/site-packages/airflow/example_dags/example_datasets.py
[2025-02-03T11:59:41.943+0000] {processor.py:836} INFO - DAG(s) dict_keys(['dataset_consumes_unknown_never_scheduled', 'dataset_produces_1', 'dataset_consumes_1', 'dataset_produces_2', 'dataset_consumes_1_never_scheduled', 'dataset_consumes_1_and_2']) retrieved from /home/vscode/.local/lib/python3.10/site-packages/airflow/example_dags/example_datasets.py
[2025-02-03T11:59:41.963+0000] {logging_mixin.py:150} INFO - [2025-02-03T11:59:41.963+0000] {dag.py:2742} INFO - Sync 6 DAGs
[2025-02-03T11:59:41.979+0000] {logging_mixin.py:150} INFO - [2025-02-03T11:59:41.979+0000] {dag.py:3504} INFO - Setting next_dagrun for dataset_consumes_1 to None, run_after=None
[2025-02-03T11:59:41.981+0000] {logging_mixin.py:150} INFO - [2025-02-03T11:59:41.981+0000] {dag.py:3504} INFO - Setting next_dagrun for dataset_consumes_1_and_2 to None, run_after=None
[2025-02-03T11:59:41.982+0000] {logging_mixin.py:150} INFO - [2025-02-03T11:59:41.982+0000] {dag.py:3504} INFO - Setting next_dagrun for dataset_consumes_1_never_scheduled to None, run_after=None
[2025-02-03T11:59:41.982+0000] {logging_mixin.py:150} INFO - [2025-02-03T11:59:41.982+0000] {dag.py:3504} INFO - Setting next_dagrun for dataset_consumes_unknown_never_scheduled to None, run_after=None
[2025-02-03T11:59:41.984+0000] {logging_mixin.py:150} INFO - [2025-02-03T11:59:41.984+0000] {dag.py:3504} INFO - Setting next_dagrun for dataset_produces_1 to 2025-02-02T00:00:00+00:00, run_after=2025-02-03T00:00:00+00:00
[2025-02-03T11:59:41.985+0000] {logging_mixin.py:150} INFO - [2025-02-03T11:59:41.985+0000] {dag.py:3504} INFO - Setting next_dagrun for dataset_produces_2 to None, run_after=None
[2025-02-03T11:59:42.004+0000] {processor.py:179} INFO - Processing /home/vscode/.local/lib/python3.10/site-packages/airflow/example_dags/example_datasets.py took 0.072 seconds
[2025-02-03T12:00:25.216+0000] {processor.py:157} INFO - Started process (PID=41470) to work on /home/vscode/.local/lib/python3.10/site-packages/airflow/example_dags/example_datasets.py
[2025-02-03T12:00:25.217+0000] {processor.py:826} INFO - Processing file /home/vscode/.local/lib/python3.10/site-packages/airflow/example_dags/example_datasets.py for tasks to queue
[2025-02-03T12:00:25.217+0000] {logging_mixin.py:150} INFO - [2025-02-03T12:00:25.217+0000] {dagbag.py:541} INFO - Filling up the DagBag from /home/vscode/.local/lib/python3.10/site-packages/airflow/example_dags/example_datasets.py
[2025-02-03T12:00:25.224+0000] {processor.py:836} INFO - DAG(s) dict_keys(['dataset_consumes_1_never_scheduled', 'dataset_consumes_unknown_never_scheduled', 'dataset_produces_2', 'dataset_consumes_1_and_2', 'dataset_produces_1', 'dataset_consumes_1']) retrieved from /home/vscode/.local/lib/python3.10/site-packages/airflow/example_dags/example_datasets.py
[2025-02-03T12:00:25.245+0000] {logging_mixin.py:150} INFO - [2025-02-03T12:00:25.245+0000] {dag.py:2742} INFO - Sync 6 DAGs
[2025-02-03T12:00:25.260+0000] {logging_mixin.py:150} INFO - [2025-02-03T12:00:25.259+0000] {dag.py:3504} INFO - Setting next_dagrun for dataset_consumes_1 to None, run_after=None
[2025-02-03T12:00:25.262+0000] {logging_mixin.py:150} INFO - [2025-02-03T12:00:25.262+0000] {dag.py:3504} INFO - Setting next_dagrun for dataset_consumes_1_and_2 to None, run_after=None
[2025-02-03T12:00:25.262+0000] {logging_mixin.py:150} INFO - [2025-02-03T12:00:25.262+0000] {dag.py:3504} INFO - Setting next_dagrun for dataset_consumes_1_never_scheduled to None, run_after=None
[2025-02-03T12:00:25.263+0000] {logging_mixin.py:150} INFO - [2025-02-03T12:00:25.263+0000] {dag.py:3504} INFO - Setting next_dagrun for dataset_consumes_unknown_never_scheduled to None, run_after=None
[2025-02-03T12:00:25.265+0000] {logging_mixin.py:150} INFO - [2025-02-03T12:00:25.265+0000] {dag.py:3504} INFO - Setting next_dagrun for dataset_produces_1 to 2025-02-02T00:00:00+00:00, run_after=2025-02-03T00:00:00+00:00
[2025-02-03T12:00:25.266+0000] {logging_mixin.py:150} INFO - [2025-02-03T12:00:25.265+0000] {dag.py:3504} INFO - Setting next_dagrun for dataset_produces_2 to None, run_after=None
[2025-02-03T12:00:25.286+0000] {processor.py:179} INFO - Processing /home/vscode/.local/lib/python3.10/site-packages/airflow/example_dags/example_datasets.py took 0.072 seconds
[2025-02-03T12:01:12.805+0000] {processor.py:157} INFO - Started process (PID=41790) to work on /home/vscode/.local/lib/python3.10/site-packages/airflow/example_dags/example_datasets.py
[2025-02-03T12:01:12.806+0000] {processor.py:826} INFO - Processing file /home/vscode/.local/lib/python3.10/site-packages/airflow/example_dags/example_datasets.py for tasks to queue
[2025-02-03T12:01:12.806+0000] {logging_mixin.py:150} INFO - [2025-02-03T12:01:12.806+0000] {dagbag.py:541} INFO - Filling up the DagBag from /home/vscode/.local/lib/python3.10/site-packages/airflow/example_dags/example_datasets.py
[2025-02-03T12:01:12.815+0000] {processor.py:836} INFO - DAG(s) dict_keys(['dataset_produces_1', 'dataset_consumes_1', 'dataset_consumes_1_never_scheduled', 'dataset_consumes_1_and_2', 'dataset_consumes_unknown_never_scheduled', 'dataset_produces_2']) retrieved from /home/vscode/.local/lib/python3.10/site-packages/airflow/example_dags/example_datasets.py
[2025-02-03T12:01:12.838+0000] {logging_mixin.py:150} INFO - [2025-02-03T12:01:12.838+0000] {dag.py:2742} INFO - Sync 6 DAGs
[2025-02-03T12:01:12.854+0000] {logging_mixin.py:150} INFO - [2025-02-03T12:01:12.854+0000] {dag.py:3504} INFO - Setting next_dagrun for dataset_consumes_1 to None, run_after=None
[2025-02-03T12:01:12.857+0000] {logging_mixin.py:150} INFO - [2025-02-03T12:01:12.857+0000] {dag.py:3504} INFO - Setting next_dagrun for dataset_consumes_1_and_2 to None, run_after=None
[2025-02-03T12:01:12.857+0000] {logging_mixin.py:150} INFO - [2025-02-03T12:01:12.857+0000] {dag.py:3504} INFO - Setting next_dagrun for dataset_consumes_1_never_scheduled to None, run_after=None
[2025-02-03T12:01:12.858+0000] {logging_mixin.py:150} INFO - [2025-02-03T12:01:12.858+0000] {dag.py:3504} INFO - Setting next_dagrun for dataset_consumes_unknown_never_scheduled to None, run_after=None
[2025-02-03T12:01:12.860+0000] {logging_mixin.py:150} INFO - [2025-02-03T12:01:12.860+0000] {dag.py:3504} INFO - Setting next_dagrun for dataset_produces_1 to 2025-02-02T00:00:00+00:00, run_after=2025-02-03T00:00:00+00:00
[2025-02-03T12:01:12.860+0000] {logging_mixin.py:150} INFO - [2025-02-03T12:01:12.860+0000] {dag.py:3504} INFO - Setting next_dagrun for dataset_produces_2 to None, run_after=None
[2025-02-03T12:01:12.882+0000] {processor.py:179} INFO - Processing /home/vscode/.local/lib/python3.10/site-packages/airflow/example_dags/example_datasets.py took 0.080 seconds
[2025-02-03T12:02:04.576+0000] {processor.py:157} INFO - Started process (PID=42142) to work on /home/vscode/.local/lib/python3.10/site-packages/airflow/example_dags/example_datasets.py
[2025-02-03T12:02:04.576+0000] {processor.py:826} INFO - Processing file /home/vscode/.local/lib/python3.10/site-packages/airflow/example_dags/example_datasets.py for tasks to queue
[2025-02-03T12:02:04.577+0000] {logging_mixin.py:150} INFO - [2025-02-03T12:02:04.576+0000] {dagbag.py:541} INFO - Filling up the DagBag from /home/vscode/.local/lib/python3.10/site-packages/airflow/example_dags/example_datasets.py
[2025-02-03T12:02:04.583+0000] {processor.py:836} INFO - DAG(s) dict_keys(['dataset_consumes_unknown_never_scheduled', 'dataset_consumes_1_and_2', 'dataset_produces_2', 'dataset_consumes_1', 'dataset_consumes_1_never_scheduled', 'dataset_produces_1']) retrieved from /home/vscode/.local/lib/python3.10/site-packages/airflow/example_dags/example_datasets.py
[2025-02-03T12:02:04.604+0000] {logging_mixin.py:150} INFO - [2025-02-03T12:02:04.604+0000] {dag.py:2742} INFO - Sync 6 DAGs
[2025-02-03T12:02:04.619+0000] {logging_mixin.py:150} INFO - [2025-02-03T12:02:04.619+0000] {dag.py:3504} INFO - Setting next_dagrun for dataset_consumes_1 to None, run_after=None
[2025-02-03T12:02:04.621+0000] {logging_mixin.py:150} INFO - [2025-02-03T12:02:04.621+0000] {dag.py:3504} INFO - Setting next_dagrun for dataset_consumes_1_and_2 to None, run_after=None
[2025-02-03T12:02:04.622+0000] {logging_mixin.py:150} INFO - [2025-02-03T12:02:04.622+0000] {dag.py:3504} INFO - Setting next_dagrun for dataset_consumes_1_never_scheduled to None, run_after=None
[2025-02-03T12:02:04.623+0000] {logging_mixin.py:150} INFO - [2025-02-03T12:02:04.623+0000] {dag.py:3504} INFO - Setting next_dagrun for dataset_consumes_unknown_never_scheduled to None, run_after=None
[2025-02-03T12:02:04.625+0000] {logging_mixin.py:150} INFO - [2025-02-03T12:02:04.624+0000] {dag.py:3504} INFO - Setting next_dagrun for dataset_produces_1 to 2025-02-02T00:00:00+00:00, run_after=2025-02-03T00:00:00+00:00
[2025-02-03T12:02:04.625+0000] {logging_mixin.py:150} INFO - [2025-02-03T12:02:04.625+0000] {dag.py:3504} INFO - Setting next_dagrun for dataset_produces_2 to None, run_after=None
[2025-02-03T12:02:04.648+0000] {processor.py:179} INFO - Processing /home/vscode/.local/lib/python3.10/site-packages/airflow/example_dags/example_datasets.py took 0.074 seconds
[2025-02-03T12:02:47.288+0000] {processor.py:157} INFO - Started process (PID=42417) to work on /home/vscode/.local/lib/python3.10/site-packages/airflow/example_dags/example_datasets.py
[2025-02-03T12:02:47.288+0000] {processor.py:826} INFO - Processing file /home/vscode/.local/lib/python3.10/site-packages/airflow/example_dags/example_datasets.py for tasks to queue
[2025-02-03T12:02:47.289+0000] {logging_mixin.py:150} INFO - [2025-02-03T12:02:47.289+0000] {dagbag.py:541} INFO - Filling up the DagBag from /home/vscode/.local/lib/python3.10/site-packages/airflow/example_dags/example_datasets.py
[2025-02-03T12:02:47.296+0000] {processor.py:836} INFO - DAG(s) dict_keys(['dataset_produces_1', 'dataset_consumes_1_never_scheduled', 'dataset_consumes_1_and_2', 'dataset_consumes_1', 'dataset_produces_2', 'dataset_consumes_unknown_never_scheduled']) retrieved from /home/vscode/.local/lib/python3.10/site-packages/airflow/example_dags/example_datasets.py
[2025-02-03T12:02:47.322+0000] {logging_mixin.py:150} INFO - [2025-02-03T12:02:47.322+0000] {dag.py:2742} INFO - Sync 6 DAGs
[2025-02-03T12:02:47.338+0000] {logging_mixin.py:150} INFO - [2025-02-03T12:02:47.338+0000] {dag.py:3504} INFO - Setting next_dagrun for dataset_consumes_1 to None, run_after=None
[2025-02-03T12:02:47.340+0000] {logging_mixin.py:150} INFO - [2025-02-03T12:02:47.340+0000] {dag.py:3504} INFO - Setting next_dagrun for dataset_consumes_1_and_2 to None, run_after=None
[2025-02-03T12:02:47.340+0000] {logging_mixin.py:150} INFO - [2025-02-03T12:02:47.340+0000] {dag.py:3504} INFO - Setting next_dagrun for dataset_consumes_1_never_scheduled to None, run_after=None
[2025-02-03T12:02:47.341+0000] {logging_mixin.py:150} INFO - [2025-02-03T12:02:47.341+0000] {dag.py:3504} INFO - Setting next_dagrun for dataset_consumes_unknown_never_scheduled to None, run_after=None
[2025-02-03T12:02:47.343+0000] {logging_mixin.py:150} INFO - [2025-02-03T12:02:47.343+0000] {dag.py:3504} INFO - Setting next_dagrun for dataset_produces_1 to 2025-02-02T00:00:00+00:00, run_after=2025-02-03T00:00:00+00:00
[2025-02-03T12:02:47.343+0000] {logging_mixin.py:150} INFO - [2025-02-03T12:02:47.343+0000] {dag.py:3504} INFO - Setting next_dagrun for dataset_produces_2 to None, run_after=None
[2025-02-03T12:02:47.364+0000] {processor.py:179} INFO - Processing /home/vscode/.local/lib/python3.10/site-packages/airflow/example_dags/example_datasets.py took 0.078 seconds
[2025-02-03T12:03:30.060+0000] {processor.py:157} INFO - Started process (PID=42706) to work on /home/vscode/.local/lib/python3.10/site-packages/airflow/example_dags/example_datasets.py
[2025-02-03T12:03:30.060+0000] {processor.py:826} INFO - Processing file /home/vscode/.local/lib/python3.10/site-packages/airflow/example_dags/example_datasets.py for tasks to queue
[2025-02-03T12:03:30.061+0000] {logging_mixin.py:150} INFO - [2025-02-03T12:03:30.061+0000] {dagbag.py:541} INFO - Filling up the DagBag from /home/vscode/.local/lib/python3.10/site-packages/airflow/example_dags/example_datasets.py
[2025-02-03T12:03:30.068+0000] {processor.py:836} INFO - DAG(s) dict_keys(['dataset_consumes_1', 'dataset_produces_2', 'dataset_consumes_1_and_2', 'dataset_produces_1', 'dataset_consumes_1_never_scheduled', 'dataset_consumes_unknown_never_scheduled']) retrieved from /home/vscode/.local/lib/python3.10/site-packages/airflow/example_dags/example_datasets.py
[2025-02-03T12:03:30.090+0000] {logging_mixin.py:150} INFO - [2025-02-03T12:03:30.090+0000] {dag.py:2742} INFO - Sync 6 DAGs
[2025-02-03T12:03:30.107+0000] {logging_mixin.py:150} INFO - [2025-02-03T12:03:30.107+0000] {dag.py:3504} INFO - Setting next_dagrun for dataset_consumes_1 to None, run_after=None
[2025-02-03T12:03:30.110+0000] {logging_mixin.py:150} INFO - [2025-02-03T12:03:30.110+0000] {dag.py:3504} INFO - Setting next_dagrun for dataset_consumes_1_and_2 to None, run_after=None
[2025-02-03T12:03:30.111+0000] {logging_mixin.py:150} INFO - [2025-02-03T12:03:30.111+0000] {dag.py:3504} INFO - Setting next_dagrun for dataset_consumes_1_never_scheduled to None, run_after=None
[2025-02-03T12:03:30.112+0000] {logging_mixin.py:150} INFO - [2025-02-03T12:03:30.111+0000] {dag.py:3504} INFO - Setting next_dagrun for dataset_consumes_unknown_never_scheduled to None, run_after=None
[2025-02-03T12:03:30.113+0000] {logging_mixin.py:150} INFO - [2025-02-03T12:03:30.113+0000] {dag.py:3504} INFO - Setting next_dagrun for dataset_produces_1 to 2025-02-02T00:00:00+00:00, run_after=2025-02-03T00:00:00+00:00
[2025-02-03T12:03:30.114+0000] {logging_mixin.py:150} INFO - [2025-02-03T12:03:30.114+0000] {dag.py:3504} INFO - Setting next_dagrun for dataset_produces_2 to None, run_after=None
[2025-02-03T12:03:30.134+0000] {processor.py:179} INFO - Processing /home/vscode/.local/lib/python3.10/site-packages/airflow/example_dags/example_datasets.py took 0.076 seconds
[2025-02-03T12:04:14.043+0000] {processor.py:157} INFO - Started process (PID=43007) to work on /home/vscode/.local/lib/python3.10/site-packages/airflow/example_dags/example_datasets.py
[2025-02-03T12:04:14.044+0000] {processor.py:826} INFO - Processing file /home/vscode/.local/lib/python3.10/site-packages/airflow/example_dags/example_datasets.py for tasks to queue
[2025-02-03T12:04:14.044+0000] {logging_mixin.py:150} INFO - [2025-02-03T12:04:14.044+0000] {dagbag.py:541} INFO - Filling up the DagBag from /home/vscode/.local/lib/python3.10/site-packages/airflow/example_dags/example_datasets.py
[2025-02-03T12:04:14.051+0000] {processor.py:836} INFO - DAG(s) dict_keys(['dataset_produces_2', 'dataset_consumes_unknown_never_scheduled', 'dataset_consumes_1_never_scheduled', 'dataset_produces_1', 'dataset_consumes_1', 'dataset_consumes_1_and_2']) retrieved from /home/vscode/.local/lib/python3.10/site-packages/airflow/example_dags/example_datasets.py
[2025-02-03T12:04:14.071+0000] {logging_mixin.py:150} INFO - [2025-02-03T12:04:14.071+0000] {dag.py:2742} INFO - Sync 6 DAGs
[2025-02-03T12:04:14.086+0000] {logging_mixin.py:150} INFO - [2025-02-03T12:04:14.085+0000] {dag.py:3504} INFO - Setting next_dagrun for dataset_consumes_1 to None, run_after=None
[2025-02-03T12:04:14.088+0000] {logging_mixin.py:150} INFO - [2025-02-03T12:04:14.088+0000] {dag.py:3504} INFO - Setting next_dagrun for dataset_consumes_1_and_2 to None, run_after=None
[2025-02-03T12:04:14.088+0000] {logging_mixin.py:150} INFO - [2025-02-03T12:04:14.088+0000] {dag.py:3504} INFO - Setting next_dagrun for dataset_consumes_1_never_scheduled to None, run_after=None
[2025-02-03T12:04:14.089+0000] {logging_mixin.py:150} INFO - [2025-02-03T12:04:14.089+0000] {dag.py:3504} INFO - Setting next_dagrun for dataset_consumes_unknown_never_scheduled to None, run_after=None
[2025-02-03T12:04:14.091+0000] {logging_mixin.py:150} INFO - [2025-02-03T12:04:14.091+0000] {dag.py:3504} INFO - Setting next_dagrun for dataset_produces_1 to 2025-02-02T00:00:00+00:00, run_after=2025-02-03T00:00:00+00:00
[2025-02-03T12:04:14.091+0000] {logging_mixin.py:150} INFO - [2025-02-03T12:04:14.091+0000] {dag.py:3504} INFO - Setting next_dagrun for dataset_produces_2 to None, run_after=None
[2025-02-03T12:04:14.112+0000] {processor.py:179} INFO - Processing /home/vscode/.local/lib/python3.10/site-packages/airflow/example_dags/example_datasets.py took 0.071 seconds
[2025-02-03T12:04:58.464+0000] {processor.py:157} INFO - Started process (PID=43308) to work on /home/vscode/.local/lib/python3.10/site-packages/airflow/example_dags/example_datasets.py
[2025-02-03T12:04:58.465+0000] {processor.py:826} INFO - Processing file /home/vscode/.local/lib/python3.10/site-packages/airflow/example_dags/example_datasets.py for tasks to queue
[2025-02-03T12:04:58.465+0000] {logging_mixin.py:150} INFO - [2025-02-03T12:04:58.465+0000] {dagbag.py:541} INFO - Filling up the DagBag from /home/vscode/.local/lib/python3.10/site-packages/airflow/example_dags/example_datasets.py
[2025-02-03T12:04:58.472+0000] {processor.py:836} INFO - DAG(s) dict_keys(['dataset_consumes_1', 'dataset_produces_2', 'dataset_consumes_unknown_never_scheduled', 'dataset_produces_1', 'dataset_consumes_1_and_2', 'dataset_consumes_1_never_scheduled']) retrieved from /home/vscode/.local/lib/python3.10/site-packages/airflow/example_dags/example_datasets.py
[2025-02-03T12:04:58.491+0000] {logging_mixin.py:150} INFO - [2025-02-03T12:04:58.491+0000] {dag.py:2742} INFO - Sync 6 DAGs
[2025-02-03T12:04:58.507+0000] {logging_mixin.py:150} INFO - [2025-02-03T12:04:58.507+0000] {dag.py:3504} INFO - Setting next_dagrun for dataset_consumes_1 to None, run_after=None
[2025-02-03T12:04:58.509+0000] {logging_mixin.py:150} INFO - [2025-02-03T12:04:58.509+0000] {dag.py:3504} INFO - Setting next_dagrun for dataset_consumes_1_and_2 to None, run_after=None
[2025-02-03T12:04:58.510+0000] {logging_mixin.py:150} INFO - [2025-02-03T12:04:58.510+0000] {dag.py:3504} INFO - Setting next_dagrun for dataset_consumes_1_never_scheduled to None, run_after=None
[2025-02-03T12:04:58.510+0000] {logging_mixin.py:150} INFO - [2025-02-03T12:04:58.510+0000] {dag.py:3504} INFO - Setting next_dagrun for dataset_consumes_unknown_never_scheduled to None, run_after=None
[2025-02-03T12:04:58.512+0000] {logging_mixin.py:150} INFO - [2025-02-03T12:04:58.512+0000] {dag.py:3504} INFO - Setting next_dagrun for dataset_produces_1 to 2025-02-02T00:00:00+00:00, run_after=2025-02-03T00:00:00+00:00
[2025-02-03T12:04:58.513+0000] {logging_mixin.py:150} INFO - [2025-02-03T12:04:58.513+0000] {dag.py:3504} INFO - Setting next_dagrun for dataset_produces_2 to None, run_after=None
[2025-02-03T12:04:58.533+0000] {processor.py:179} INFO - Processing /home/vscode/.local/lib/python3.10/site-packages/airflow/example_dags/example_datasets.py took 0.072 seconds
[2025-02-03T12:05:42.413+0000] {processor.py:157} INFO - Started process (PID=43605) to work on /home/vscode/.local/lib/python3.10/site-packages/airflow/example_dags/example_datasets.py
[2025-02-03T12:05:42.413+0000] {processor.py:826} INFO - Processing file /home/vscode/.local/lib/python3.10/site-packages/airflow/example_dags/example_datasets.py for tasks to queue
[2025-02-03T12:05:42.414+0000] {logging_mixin.py:150} INFO - [2025-02-03T12:05:42.414+0000] {dagbag.py:541} INFO - Filling up the DagBag from /home/vscode/.local/lib/python3.10/site-packages/airflow/example_dags/example_datasets.py
[2025-02-03T12:05:42.421+0000] {processor.py:836} INFO - DAG(s) dict_keys(['dataset_produces_2', 'dataset_produces_1', 'dataset_consumes_1_never_scheduled', 'dataset_consumes_unknown_never_scheduled', 'dataset_consumes_1', 'dataset_consumes_1_and_2']) retrieved from /home/vscode/.local/lib/python3.10/site-packages/airflow/example_dags/example_datasets.py
[2025-02-03T12:05:42.440+0000] {logging_mixin.py:150} INFO - [2025-02-03T12:05:42.440+0000] {dag.py:2742} INFO - Sync 6 DAGs
[2025-02-03T12:05:42.456+0000] {logging_mixin.py:150} INFO - [2025-02-03T12:05:42.456+0000] {dag.py:3504} INFO - Setting next_dagrun for dataset_consumes_1 to None, run_after=None
[2025-02-03T12:05:42.458+0000] {logging_mixin.py:150} INFO - [2025-02-03T12:05:42.458+0000] {dag.py:3504} INFO - Setting next_dagrun for dataset_consumes_1_and_2 to None, run_after=None
[2025-02-03T12:05:42.459+0000] {logging_mixin.py:150} INFO - [2025-02-03T12:05:42.459+0000] {dag.py:3504} INFO - Setting next_dagrun for dataset_consumes_1_never_scheduled to None, run_after=None
[2025-02-03T12:05:42.460+0000] {logging_mixin.py:150} INFO - [2025-02-03T12:05:42.459+0000] {dag.py:3504} INFO - Setting next_dagrun for dataset_consumes_unknown_never_scheduled to None, run_after=None
[2025-02-03T12:05:42.461+0000] {logging_mixin.py:150} INFO - [2025-02-03T12:05:42.461+0000] {dag.py:3504} INFO - Setting next_dagrun for dataset_produces_1 to 2025-02-02T00:00:00+00:00, run_after=2025-02-03T00:00:00+00:00
[2025-02-03T12:05:42.462+0000] {logging_mixin.py:150} INFO - [2025-02-03T12:05:42.462+0000] {dag.py:3504} INFO - Setting next_dagrun for dataset_produces_2 to None, run_after=None
[2025-02-03T12:05:42.485+0000] {processor.py:179} INFO - Processing /home/vscode/.local/lib/python3.10/site-packages/airflow/example_dags/example_datasets.py took 0.075 seconds
[2025-02-03T12:06:29.762+0000] {processor.py:157} INFO - Started process (PID=43916) to work on /home/vscode/.local/lib/python3.10/site-packages/airflow/example_dags/example_datasets.py
[2025-02-03T12:06:29.762+0000] {processor.py:826} INFO - Processing file /home/vscode/.local/lib/python3.10/site-packages/airflow/example_dags/example_datasets.py for tasks to queue
[2025-02-03T12:06:29.763+0000] {logging_mixin.py:150} INFO - [2025-02-03T12:06:29.763+0000] {dagbag.py:541} INFO - Filling up the DagBag from /home/vscode/.local/lib/python3.10/site-packages/airflow/example_dags/example_datasets.py
[2025-02-03T12:06:29.770+0000] {processor.py:836} INFO - DAG(s) dict_keys(['dataset_consumes_1', 'dataset_produces_2', 'dataset_consumes_1_and_2', 'dataset_consumes_1_never_scheduled', 'dataset_produces_1', 'dataset_consumes_unknown_never_scheduled']) retrieved from /home/vscode/.local/lib/python3.10/site-packages/airflow/example_dags/example_datasets.py
[2025-02-03T12:06:29.790+0000] {logging_mixin.py:150} INFO - [2025-02-03T12:06:29.790+0000] {dag.py:2742} INFO - Sync 6 DAGs
[2025-02-03T12:06:29.804+0000] {logging_mixin.py:150} INFO - [2025-02-03T12:06:29.804+0000] {dag.py:3504} INFO - Setting next_dagrun for dataset_consumes_1 to None, run_after=None
[2025-02-03T12:06:29.806+0000] {logging_mixin.py:150} INFO - [2025-02-03T12:06:29.806+0000] {dag.py:3504} INFO - Setting next_dagrun for dataset_consumes_1_and_2 to None, run_after=None
[2025-02-03T12:06:29.807+0000] {logging_mixin.py:150} INFO - [2025-02-03T12:06:29.807+0000] {dag.py:3504} INFO - Setting next_dagrun for dataset_consumes_1_never_scheduled to None, run_after=None
[2025-02-03T12:06:29.807+0000] {logging_mixin.py:150} INFO - [2025-02-03T12:06:29.807+0000] {dag.py:3504} INFO - Setting next_dagrun for dataset_consumes_unknown_never_scheduled to None, run_after=None
[2025-02-03T12:06:29.809+0000] {logging_mixin.py:150} INFO - [2025-02-03T12:06:29.809+0000] {dag.py:3504} INFO - Setting next_dagrun for dataset_produces_1 to 2025-02-02T00:00:00+00:00, run_after=2025-02-03T00:00:00+00:00
[2025-02-03T12:06:29.810+0000] {logging_mixin.py:150} INFO - [2025-02-03T12:06:29.810+0000] {dag.py:3504} INFO - Setting next_dagrun for dataset_produces_2 to None, run_after=None
[2025-02-03T12:06:29.830+0000] {processor.py:179} INFO - Processing /home/vscode/.local/lib/python3.10/site-packages/airflow/example_dags/example_datasets.py took 0.071 seconds
[2025-02-03T12:07:16.426+0000] {processor.py:157} INFO - Started process (PID=44263) to work on /home/vscode/.local/lib/python3.10/site-packages/airflow/example_dags/example_datasets.py
[2025-02-03T12:07:16.427+0000] {processor.py:826} INFO - Processing file /home/vscode/.local/lib/python3.10/site-packages/airflow/example_dags/example_datasets.py for tasks to queue
[2025-02-03T12:07:16.428+0000] {logging_mixin.py:150} INFO - [2025-02-03T12:07:16.427+0000] {dagbag.py:541} INFO - Filling up the DagBag from /home/vscode/.local/lib/python3.10/site-packages/airflow/example_dags/example_datasets.py
[2025-02-03T12:07:16.434+0000] {processor.py:836} INFO - DAG(s) dict_keys(['dataset_produces_1', 'dataset_consumes_1_never_scheduled', 'dataset_consumes_1', 'dataset_consumes_1_and_2', 'dataset_consumes_unknown_never_scheduled', 'dataset_produces_2']) retrieved from /home/vscode/.local/lib/python3.10/site-packages/airflow/example_dags/example_datasets.py
[2025-02-03T12:07:16.454+0000] {logging_mixin.py:150} INFO - [2025-02-03T12:07:16.454+0000] {dag.py:2742} INFO - Sync 6 DAGs
[2025-02-03T12:07:16.469+0000] {logging_mixin.py:150} INFO - [2025-02-03T12:07:16.469+0000] {dag.py:3504} INFO - Setting next_dagrun for dataset_consumes_1 to None, run_after=None
[2025-02-03T12:07:16.472+0000] {logging_mixin.py:150} INFO - [2025-02-03T12:07:16.472+0000] {dag.py:3504} INFO - Setting next_dagrun for dataset_consumes_1_and_2 to None, run_after=None
[2025-02-03T12:07:16.473+0000] {logging_mixin.py:150} INFO - [2025-02-03T12:07:16.472+0000] {dag.py:3504} INFO - Setting next_dagrun for dataset_consumes_1_never_scheduled to None, run_after=None
[2025-02-03T12:07:16.473+0000] {logging_mixin.py:150} INFO - [2025-02-03T12:07:16.473+0000] {dag.py:3504} INFO - Setting next_dagrun for dataset_consumes_unknown_never_scheduled to None, run_after=None
[2025-02-03T12:07:16.475+0000] {logging_mixin.py:150} INFO - [2025-02-03T12:07:16.475+0000] {dag.py:3504} INFO - Setting next_dagrun for dataset_produces_1 to 2025-02-02T00:00:00+00:00, run_after=2025-02-03T00:00:00+00:00
[2025-02-03T12:07:16.476+0000] {logging_mixin.py:150} INFO - [2025-02-03T12:07:16.475+0000] {dag.py:3504} INFO - Setting next_dagrun for dataset_produces_2 to None, run_after=None
[2025-02-03T12:07:16.496+0000] {processor.py:179} INFO - Processing /home/vscode/.local/lib/python3.10/site-packages/airflow/example_dags/example_datasets.py took 0.072 seconds
[2025-02-03T12:07:59.893+0000] {processor.py:157} INFO - Started process (PID=45652) to work on /home/vscode/.local/lib/python3.10/site-packages/airflow/example_dags/example_datasets.py
[2025-02-03T12:07:59.894+0000] {processor.py:826} INFO - Processing file /home/vscode/.local/lib/python3.10/site-packages/airflow/example_dags/example_datasets.py for tasks to queue
[2025-02-03T12:07:59.894+0000] {logging_mixin.py:150} INFO - [2025-02-03T12:07:59.894+0000] {dagbag.py:541} INFO - Filling up the DagBag from /home/vscode/.local/lib/python3.10/site-packages/airflow/example_dags/example_datasets.py
[2025-02-03T12:07:59.901+0000] {processor.py:836} INFO - DAG(s) dict_keys(['dataset_consumes_1_never_scheduled', 'dataset_consumes_1', 'dataset_produces_2', 'dataset_consumes_1_and_2', 'dataset_consumes_unknown_never_scheduled', 'dataset_produces_1']) retrieved from /home/vscode/.local/lib/python3.10/site-packages/airflow/example_dags/example_datasets.py
[2025-02-03T12:07:59.921+0000] {logging_mixin.py:150} INFO - [2025-02-03T12:07:59.920+0000] {dag.py:2742} INFO - Sync 6 DAGs
[2025-02-03T12:07:59.935+0000] {logging_mixin.py:150} INFO - [2025-02-03T12:07:59.935+0000] {dag.py:3504} INFO - Setting next_dagrun for dataset_consumes_1 to None, run_after=None
[2025-02-03T12:07:59.937+0000] {logging_mixin.py:150} INFO - [2025-02-03T12:07:59.937+0000] {dag.py:3504} INFO - Setting next_dagrun for dataset_consumes_1_and_2 to None, run_after=None
[2025-02-03T12:07:59.937+0000] {logging_mixin.py:150} INFO - [2025-02-03T12:07:59.937+0000] {dag.py:3504} INFO - Setting next_dagrun for dataset_consumes_1_never_scheduled to None, run_after=None
[2025-02-03T12:07:59.938+0000] {logging_mixin.py:150} INFO - [2025-02-03T12:07:59.938+0000] {dag.py:3504} INFO - Setting next_dagrun for dataset_consumes_unknown_never_scheduled to None, run_after=None
[2025-02-03T12:07:59.940+0000] {logging_mixin.py:150} INFO - [2025-02-03T12:07:59.940+0000] {dag.py:3504} INFO - Setting next_dagrun for dataset_produces_1 to 2025-02-02T00:00:00+00:00, run_after=2025-02-03T00:00:00+00:00
[2025-02-03T12:07:59.940+0000] {logging_mixin.py:150} INFO - [2025-02-03T12:07:59.940+0000] {dag.py:3504} INFO - Setting next_dagrun for dataset_produces_2 to None, run_after=None
[2025-02-03T12:07:59.960+0000] {processor.py:179} INFO - Processing /home/vscode/.local/lib/python3.10/site-packages/airflow/example_dags/example_datasets.py took 0.069 seconds
[2025-02-03T12:08:47.420+0000] {processor.py:157} INFO - Started process (PID=46530) to work on /home/vscode/.local/lib/python3.10/site-packages/airflow/example_dags/example_datasets.py
[2025-02-03T12:08:47.421+0000] {processor.py:826} INFO - Processing file /home/vscode/.local/lib/python3.10/site-packages/airflow/example_dags/example_datasets.py for tasks to queue
[2025-02-03T12:08:47.421+0000] {logging_mixin.py:150} INFO - [2025-02-03T12:08:47.421+0000] {dagbag.py:541} INFO - Filling up the DagBag from /home/vscode/.local/lib/python3.10/site-packages/airflow/example_dags/example_datasets.py
[2025-02-03T12:08:47.428+0000] {processor.py:836} INFO - DAG(s) dict_keys(['dataset_consumes_1', 'dataset_consumes_1_and_2', 'dataset_produces_1', 'dataset_consumes_unknown_never_scheduled', 'dataset_produces_2', 'dataset_consumes_1_never_scheduled']) retrieved from /home/vscode/.local/lib/python3.10/site-packages/airflow/example_dags/example_datasets.py
[2025-02-03T12:08:47.448+0000] {logging_mixin.py:150} INFO - [2025-02-03T12:08:47.447+0000] {dag.py:2742} INFO - Sync 6 DAGs
[2025-02-03T12:08:47.462+0000] {logging_mixin.py:150} INFO - [2025-02-03T12:08:47.462+0000] {dag.py:3504} INFO - Setting next_dagrun for dataset_consumes_1 to None, run_after=None
[2025-02-03T12:08:47.464+0000] {logging_mixin.py:150} INFO - [2025-02-03T12:08:47.464+0000] {dag.py:3504} INFO - Setting next_dagrun for dataset_consumes_1_and_2 to None, run_after=None
[2025-02-03T12:08:47.465+0000] {logging_mixin.py:150} INFO - [2025-02-03T12:08:47.465+0000] {dag.py:3504} INFO - Setting next_dagrun for dataset_consumes_1_never_scheduled to None, run_after=None
[2025-02-03T12:08:47.466+0000] {logging_mixin.py:150} INFO - [2025-02-03T12:08:47.466+0000] {dag.py:3504} INFO - Setting next_dagrun for dataset_consumes_unknown_never_scheduled to None, run_after=None
[2025-02-03T12:08:47.467+0000] {logging_mixin.py:150} INFO - [2025-02-03T12:08:47.467+0000] {dag.py:3504} INFO - Setting next_dagrun for dataset_produces_1 to 2025-02-02T00:00:00+00:00, run_after=2025-02-03T00:00:00+00:00
[2025-02-03T12:08:47.468+0000] {logging_mixin.py:150} INFO - [2025-02-03T12:08:47.468+0000] {dag.py:3504} INFO - Setting next_dagrun for dataset_produces_2 to None, run_after=None
[2025-02-03T12:08:47.489+0000] {processor.py:179} INFO - Processing /home/vscode/.local/lib/python3.10/site-packages/airflow/example_dags/example_datasets.py took 0.071 seconds
[2025-02-03T12:09:30.585+0000] {processor.py:157} INFO - Started process (PID=47452) to work on /home/vscode/.local/lib/python3.10/site-packages/airflow/example_dags/example_datasets.py
[2025-02-03T12:09:30.585+0000] {processor.py:826} INFO - Processing file /home/vscode/.local/lib/python3.10/site-packages/airflow/example_dags/example_datasets.py for tasks to queue
[2025-02-03T12:09:30.586+0000] {logging_mixin.py:150} INFO - [2025-02-03T12:09:30.586+0000] {dagbag.py:541} INFO - Filling up the DagBag from /home/vscode/.local/lib/python3.10/site-packages/airflow/example_dags/example_datasets.py
[2025-02-03T12:09:30.593+0000] {processor.py:836} INFO - DAG(s) dict_keys(['dataset_consumes_1', 'dataset_consumes_1_never_scheduled', 'dataset_consumes_1_and_2', 'dataset_consumes_unknown_never_scheduled', 'dataset_produces_2', 'dataset_produces_1']) retrieved from /home/vscode/.local/lib/python3.10/site-packages/airflow/example_dags/example_datasets.py
[2025-02-03T12:09:30.612+0000] {logging_mixin.py:150} INFO - [2025-02-03T12:09:30.612+0000] {dag.py:2742} INFO - Sync 6 DAGs
[2025-02-03T12:09:30.626+0000] {logging_mixin.py:150} INFO - [2025-02-03T12:09:30.626+0000] {dag.py:3504} INFO - Setting next_dagrun for dataset_consumes_1 to None, run_after=None
[2025-02-03T12:09:30.629+0000] {logging_mixin.py:150} INFO - [2025-02-03T12:09:30.629+0000] {dag.py:3504} INFO - Setting next_dagrun for dataset_consumes_1_and_2 to None, run_after=None
[2025-02-03T12:09:30.629+0000] {logging_mixin.py:150} INFO - [2025-02-03T12:09:30.629+0000] {dag.py:3504} INFO - Setting next_dagrun for dataset_consumes_1_never_scheduled to None, run_after=None
[2025-02-03T12:09:30.630+0000] {logging_mixin.py:150} INFO - [2025-02-03T12:09:30.630+0000] {dag.py:3504} INFO - Setting next_dagrun for dataset_consumes_unknown_never_scheduled to None, run_after=None
[2025-02-03T12:09:30.632+0000] {logging_mixin.py:150} INFO - [2025-02-03T12:09:30.632+0000] {dag.py:3504} INFO - Setting next_dagrun for dataset_produces_1 to 2025-02-02T00:00:00+00:00, run_after=2025-02-03T00:00:00+00:00
[2025-02-03T12:09:30.632+0000] {logging_mixin.py:150} INFO - [2025-02-03T12:09:30.632+0000] {dag.py:3504} INFO - Setting next_dagrun for dataset_produces_2 to None, run_after=None
[2025-02-03T12:09:30.655+0000] {processor.py:179} INFO - Processing /home/vscode/.local/lib/python3.10/site-packages/airflow/example_dags/example_datasets.py took 0.072 seconds
