[2025-02-03T11:50:15.343+0000] {processor.py:157} INFO - Started process (PID=37364) to work on /home/vscode/.local/lib/python3.10/site-packages/airflow/example_dags/example_xcomargs.py
[2025-02-03T11:50:15.344+0000] {processor.py:826} INFO - Processing file /home/vscode/.local/lib/python3.10/site-packages/airflow/example_dags/example_xcomargs.py for tasks to queue
[2025-02-03T11:50:15.344+0000] {logging_mixin.py:150} INFO - [2025-02-03T11:50:15.344+0000] {dagbag.py:541} INFO - Filling up the DagBag from /home/vscode/.local/lib/python3.10/site-packages/airflow/example_dags/example_xcomargs.py
[2025-02-03T11:50:15.353+0000] {processor.py:836} INFO - DAG(s) dict_keys(['example_xcom_args', 'example_xcom_args_with_operators']) retrieved from /home/vscode/.local/lib/python3.10/site-packages/airflow/example_dags/example_xcomargs.py
[2025-02-03T11:50:15.510+0000] {logging_mixin.py:150} INFO - [2025-02-03T11:50:15.510+0000] {manager.py:504} INFO - Created Permission View: can read on DAG:example_xcom_args
[2025-02-03T11:50:15.518+0000] {logging_mixin.py:150} INFO - [2025-02-03T11:50:15.517+0000] {manager.py:504} INFO - Created Permission View: can delete on DAG:example_xcom_args
[2025-02-03T11:50:15.523+0000] {logging_mixin.py:150} INFO - [2025-02-03T11:50:15.523+0000] {manager.py:504} INFO - Created Permission View: can edit on DAG:example_xcom_args
[2025-02-03T11:50:15.541+0000] {logging_mixin.py:150} INFO - [2025-02-03T11:50:15.541+0000] {manager.py:504} INFO - Created Permission View: can read on DAG:example_xcom_args_with_operators
[2025-02-03T11:50:15.547+0000] {logging_mixin.py:150} INFO - [2025-02-03T11:50:15.547+0000] {manager.py:504} INFO - Created Permission View: can delete on DAG:example_xcom_args_with_operators
[2025-02-03T11:50:15.552+0000] {logging_mixin.py:150} INFO - [2025-02-03T11:50:15.552+0000] {manager.py:504} INFO - Created Permission View: can edit on DAG:example_xcom_args_with_operators
[2025-02-03T11:50:15.556+0000] {logging_mixin.py:150} INFO - [2025-02-03T11:50:15.555+0000] {dag.py:2742} INFO - Sync 2 DAGs
[2025-02-03T11:50:15.563+0000] {logging_mixin.py:150} INFO - [2025-02-03T11:50:15.563+0000] {dag.py:2763} INFO - Creating ORM DAG for example_xcom_args
[2025-02-03T11:50:15.563+0000] {logging_mixin.py:150} INFO - [2025-02-03T11:50:15.563+0000] {dag.py:2763} INFO - Creating ORM DAG for example_xcom_args_with_operators
[2025-02-03T11:50:15.569+0000] {logging_mixin.py:150} INFO - [2025-02-03T11:50:15.569+0000] {dag.py:3504} INFO - Setting next_dagrun for example_xcom_args to None, run_after=None
[2025-02-03T11:50:15.569+0000] {logging_mixin.py:150} INFO - [2025-02-03T11:50:15.569+0000] {dag.py:3504} INFO - Setting next_dagrun for example_xcom_args_with_operators to None, run_after=None
[2025-02-03T11:50:15.583+0000] {processor.py:179} INFO - Processing /home/vscode/.local/lib/python3.10/site-packages/airflow/example_dags/example_xcomargs.py took 0.242 seconds
[2025-02-03T11:51:07.440+0000] {processor.py:157} INFO - Started process (PID=37724) to work on /home/vscode/.local/lib/python3.10/site-packages/airflow/example_dags/example_xcomargs.py
[2025-02-03T11:51:07.441+0000] {processor.py:826} INFO - Processing file /home/vscode/.local/lib/python3.10/site-packages/airflow/example_dags/example_xcomargs.py for tasks to queue
[2025-02-03T11:51:07.442+0000] {logging_mixin.py:150} INFO - [2025-02-03T11:51:07.441+0000] {dagbag.py:541} INFO - Filling up the DagBag from /home/vscode/.local/lib/python3.10/site-packages/airflow/example_dags/example_xcomargs.py
[2025-02-03T11:51:07.447+0000] {processor.py:836} INFO - DAG(s) dict_keys(['example_xcom_args', 'example_xcom_args_with_operators']) retrieved from /home/vscode/.local/lib/python3.10/site-packages/airflow/example_dags/example_xcomargs.py
[2025-02-03T11:51:07.460+0000] {logging_mixin.py:150} INFO - [2025-02-03T11:51:07.460+0000] {dag.py:2742} INFO - Sync 2 DAGs
[2025-02-03T11:51:07.474+0000] {logging_mixin.py:150} INFO - [2025-02-03T11:51:07.474+0000] {dag.py:3504} INFO - Setting next_dagrun for example_xcom_args to None, run_after=None
[2025-02-03T11:51:07.476+0000] {logging_mixin.py:150} INFO - [2025-02-03T11:51:07.476+0000] {dag.py:3504} INFO - Setting next_dagrun for example_xcom_args_with_operators to None, run_after=None
[2025-02-03T11:51:07.490+0000] {processor.py:179} INFO - Processing /home/vscode/.local/lib/python3.10/site-packages/airflow/example_dags/example_xcomargs.py took 0.052 seconds
[2025-02-03T11:51:41.602+0000] {processor.py:157} INFO - Started process (PID=37955) to work on /home/vscode/.local/lib/python3.10/site-packages/airflow/example_dags/example_xcomargs.py
[2025-02-03T11:51:41.602+0000] {processor.py:826} INFO - Processing file /home/vscode/.local/lib/python3.10/site-packages/airflow/example_dags/example_xcomargs.py for tasks to queue
[2025-02-03T11:51:41.603+0000] {logging_mixin.py:150} INFO - [2025-02-03T11:51:41.603+0000] {dagbag.py:541} INFO - Filling up the DagBag from /home/vscode/.local/lib/python3.10/site-packages/airflow/example_dags/example_xcomargs.py
[2025-02-03T11:51:41.609+0000] {processor.py:836} INFO - DAG(s) dict_keys(['example_xcom_args', 'example_xcom_args_with_operators']) retrieved from /home/vscode/.local/lib/python3.10/site-packages/airflow/example_dags/example_xcomargs.py
[2025-02-03T11:51:41.622+0000] {logging_mixin.py:150} INFO - [2025-02-03T11:51:41.622+0000] {dag.py:2742} INFO - Sync 2 DAGs
[2025-02-03T11:51:41.637+0000] {logging_mixin.py:150} INFO - [2025-02-03T11:51:41.636+0000] {dag.py:3504} INFO - Setting next_dagrun for example_xcom_args to None, run_after=None
[2025-02-03T11:51:41.639+0000] {logging_mixin.py:150} INFO - [2025-02-03T11:51:41.638+0000] {dag.py:3504} INFO - Setting next_dagrun for example_xcom_args_with_operators to None, run_after=None
[2025-02-03T11:51:41.652+0000] {processor.py:179} INFO - Processing /home/vscode/.local/lib/python3.10/site-packages/airflow/example_dags/example_xcomargs.py took 0.052 seconds
[2025-02-03T11:52:24.339+0000] {processor.py:157} INFO - Started process (PID=38243) to work on /home/vscode/.local/lib/python3.10/site-packages/airflow/example_dags/example_xcomargs.py
[2025-02-03T11:52:24.339+0000] {processor.py:826} INFO - Processing file /home/vscode/.local/lib/python3.10/site-packages/airflow/example_dags/example_xcomargs.py for tasks to queue
[2025-02-03T11:52:24.340+0000] {logging_mixin.py:150} INFO - [2025-02-03T11:52:24.340+0000] {dagbag.py:541} INFO - Filling up the DagBag from /home/vscode/.local/lib/python3.10/site-packages/airflow/example_dags/example_xcomargs.py
[2025-02-03T11:52:24.346+0000] {processor.py:836} INFO - DAG(s) dict_keys(['example_xcom_args_with_operators', 'example_xcom_args']) retrieved from /home/vscode/.local/lib/python3.10/site-packages/airflow/example_dags/example_xcomargs.py
[2025-02-03T11:52:24.359+0000] {logging_mixin.py:150} INFO - [2025-02-03T11:52:24.359+0000] {dag.py:2742} INFO - Sync 2 DAGs
[2025-02-03T11:52:24.372+0000] {logging_mixin.py:150} INFO - [2025-02-03T11:52:24.372+0000] {dag.py:3504} INFO - Setting next_dagrun for example_xcom_args to None, run_after=None
[2025-02-03T11:52:24.374+0000] {logging_mixin.py:150} INFO - [2025-02-03T11:52:24.374+0000] {dag.py:3504} INFO - Setting next_dagrun for example_xcom_args_with_operators to None, run_after=None
[2025-02-03T11:52:24.387+0000] {processor.py:179} INFO - Processing /home/vscode/.local/lib/python3.10/site-packages/airflow/example_dags/example_xcomargs.py took 0.050 seconds
[2025-02-03T11:53:04.406+0000] {processor.py:157} INFO - Started process (PID=38506) to work on /home/vscode/.local/lib/python3.10/site-packages/airflow/example_dags/example_xcomargs.py
[2025-02-03T11:53:04.406+0000] {processor.py:826} INFO - Processing file /home/vscode/.local/lib/python3.10/site-packages/airflow/example_dags/example_xcomargs.py for tasks to queue
[2025-02-03T11:53:04.407+0000] {logging_mixin.py:150} INFO - [2025-02-03T11:53:04.407+0000] {dagbag.py:541} INFO - Filling up the DagBag from /home/vscode/.local/lib/python3.10/site-packages/airflow/example_dags/example_xcomargs.py
[2025-02-03T11:53:04.413+0000] {processor.py:836} INFO - DAG(s) dict_keys(['example_xcom_args', 'example_xcom_args_with_operators']) retrieved from /home/vscode/.local/lib/python3.10/site-packages/airflow/example_dags/example_xcomargs.py
[2025-02-03T11:53:04.426+0000] {logging_mixin.py:150} INFO - [2025-02-03T11:53:04.426+0000] {dag.py:2742} INFO - Sync 2 DAGs
[2025-02-03T11:53:04.440+0000] {logging_mixin.py:150} INFO - [2025-02-03T11:53:04.440+0000] {dag.py:3504} INFO - Setting next_dagrun for example_xcom_args to None, run_after=None
[2025-02-03T11:53:04.442+0000] {logging_mixin.py:150} INFO - [2025-02-03T11:53:04.442+0000] {dag.py:3504} INFO - Setting next_dagrun for example_xcom_args_with_operators to None, run_after=None
[2025-02-03T11:53:04.455+0000] {processor.py:179} INFO - Processing /home/vscode/.local/lib/python3.10/site-packages/airflow/example_dags/example_xcomargs.py took 0.051 seconds
[2025-02-03T11:53:47.644+0000] {processor.py:157} INFO - Started process (PID=38801) to work on /home/vscode/.local/lib/python3.10/site-packages/airflow/example_dags/example_xcomargs.py
[2025-02-03T11:53:47.644+0000] {processor.py:826} INFO - Processing file /home/vscode/.local/lib/python3.10/site-packages/airflow/example_dags/example_xcomargs.py for tasks to queue
[2025-02-03T11:53:47.645+0000] {logging_mixin.py:150} INFO - [2025-02-03T11:53:47.645+0000] {dagbag.py:541} INFO - Filling up the DagBag from /home/vscode/.local/lib/python3.10/site-packages/airflow/example_dags/example_xcomargs.py
[2025-02-03T11:53:47.651+0000] {processor.py:836} INFO - DAG(s) dict_keys(['example_xcom_args', 'example_xcom_args_with_operators']) retrieved from /home/vscode/.local/lib/python3.10/site-packages/airflow/example_dags/example_xcomargs.py
[2025-02-03T11:53:47.664+0000] {logging_mixin.py:150} INFO - [2025-02-03T11:53:47.664+0000] {dag.py:2742} INFO - Sync 2 DAGs
[2025-02-03T11:53:47.679+0000] {logging_mixin.py:150} INFO - [2025-02-03T11:53:47.679+0000] {dag.py:3504} INFO - Setting next_dagrun for example_xcom_args to None, run_after=None
[2025-02-03T11:53:47.681+0000] {logging_mixin.py:150} INFO - [2025-02-03T11:53:47.681+0000] {dag.py:3504} INFO - Setting next_dagrun for example_xcom_args_with_operators to None, run_after=None
[2025-02-03T11:53:47.696+0000] {processor.py:179} INFO - Processing /home/vscode/.local/lib/python3.10/site-packages/airflow/example_dags/example_xcomargs.py took 0.055 seconds
[2025-02-03T11:54:30.348+0000] {processor.py:157} INFO - Started process (PID=39086) to work on /home/vscode/.local/lib/python3.10/site-packages/airflow/example_dags/example_xcomargs.py
[2025-02-03T11:54:30.348+0000] {processor.py:826} INFO - Processing file /home/vscode/.local/lib/python3.10/site-packages/airflow/example_dags/example_xcomargs.py for tasks to queue
[2025-02-03T11:54:30.349+0000] {logging_mixin.py:150} INFO - [2025-02-03T11:54:30.349+0000] {dagbag.py:541} INFO - Filling up the DagBag from /home/vscode/.local/lib/python3.10/site-packages/airflow/example_dags/example_xcomargs.py
[2025-02-03T11:54:30.355+0000] {processor.py:836} INFO - DAG(s) dict_keys(['example_xcom_args', 'example_xcom_args_with_operators']) retrieved from /home/vscode/.local/lib/python3.10/site-packages/airflow/example_dags/example_xcomargs.py
[2025-02-03T11:54:30.368+0000] {logging_mixin.py:150} INFO - [2025-02-03T11:54:30.368+0000] {dag.py:2742} INFO - Sync 2 DAGs
[2025-02-03T11:54:30.382+0000] {logging_mixin.py:150} INFO - [2025-02-03T11:54:30.381+0000] {dag.py:3504} INFO - Setting next_dagrun for example_xcom_args to None, run_after=None
[2025-02-03T11:54:30.383+0000] {logging_mixin.py:150} INFO - [2025-02-03T11:54:30.383+0000] {dag.py:3504} INFO - Setting next_dagrun for example_xcom_args_with_operators to None, run_after=None
[2025-02-03T11:54:30.396+0000] {processor.py:179} INFO - Processing /home/vscode/.local/lib/python3.10/site-packages/airflow/example_dags/example_xcomargs.py took 0.050 seconds
[2025-02-03T11:55:13.130+0000] {processor.py:157} INFO - Started process (PID=39373) to work on /home/vscode/.local/lib/python3.10/site-packages/airflow/example_dags/example_xcomargs.py
[2025-02-03T11:55:13.130+0000] {processor.py:826} INFO - Processing file /home/vscode/.local/lib/python3.10/site-packages/airflow/example_dags/example_xcomargs.py for tasks to queue
[2025-02-03T11:55:13.131+0000] {logging_mixin.py:150} INFO - [2025-02-03T11:55:13.131+0000] {dagbag.py:541} INFO - Filling up the DagBag from /home/vscode/.local/lib/python3.10/site-packages/airflow/example_dags/example_xcomargs.py
[2025-02-03T11:55:13.137+0000] {processor.py:836} INFO - DAG(s) dict_keys(['example_xcom_args_with_operators', 'example_xcom_args']) retrieved from /home/vscode/.local/lib/python3.10/site-packages/airflow/example_dags/example_xcomargs.py
[2025-02-03T11:55:13.149+0000] {logging_mixin.py:150} INFO - [2025-02-03T11:55:13.149+0000] {dag.py:2742} INFO - Sync 2 DAGs
[2025-02-03T11:55:13.163+0000] {logging_mixin.py:150} INFO - [2025-02-03T11:55:13.163+0000] {dag.py:3504} INFO - Setting next_dagrun for example_xcom_args to None, run_after=None
[2025-02-03T11:55:13.165+0000] {logging_mixin.py:150} INFO - [2025-02-03T11:55:13.164+0000] {dag.py:3504} INFO - Setting next_dagrun for example_xcom_args_with_operators to None, run_after=None
[2025-02-03T11:55:13.178+0000] {processor.py:179} INFO - Processing /home/vscode/.local/lib/python3.10/site-packages/airflow/example_dags/example_xcomargs.py took 0.050 seconds
[2025-02-03T11:55:55.047+0000] {processor.py:157} INFO - Started process (PID=39650) to work on /home/vscode/.local/lib/python3.10/site-packages/airflow/example_dags/example_xcomargs.py
[2025-02-03T11:55:55.047+0000] {processor.py:826} INFO - Processing file /home/vscode/.local/lib/python3.10/site-packages/airflow/example_dags/example_xcomargs.py for tasks to queue
[2025-02-03T11:55:55.048+0000] {logging_mixin.py:150} INFO - [2025-02-03T11:55:55.048+0000] {dagbag.py:541} INFO - Filling up the DagBag from /home/vscode/.local/lib/python3.10/site-packages/airflow/example_dags/example_xcomargs.py
[2025-02-03T11:55:55.054+0000] {processor.py:836} INFO - DAG(s) dict_keys(['example_xcom_args', 'example_xcom_args_with_operators']) retrieved from /home/vscode/.local/lib/python3.10/site-packages/airflow/example_dags/example_xcomargs.py
[2025-02-03T11:55:55.067+0000] {logging_mixin.py:150} INFO - [2025-02-03T11:55:55.067+0000] {dag.py:2742} INFO - Sync 2 DAGs
[2025-02-03T11:55:55.081+0000] {logging_mixin.py:150} INFO - [2025-02-03T11:55:55.081+0000] {dag.py:3504} INFO - Setting next_dagrun for example_xcom_args to None, run_after=None
[2025-02-03T11:55:55.083+0000] {logging_mixin.py:150} INFO - [2025-02-03T11:55:55.083+0000] {dag.py:3504} INFO - Setting next_dagrun for example_xcom_args_with_operators to None, run_after=None
[2025-02-03T11:55:55.096+0000] {processor.py:179} INFO - Processing /home/vscode/.local/lib/python3.10/site-packages/airflow/example_dags/example_xcomargs.py took 0.051 seconds
[2025-02-03T11:56:34.415+0000] {processor.py:157} INFO - Started process (PID=39920) to work on /home/vscode/.local/lib/python3.10/site-packages/airflow/example_dags/example_xcomargs.py
[2025-02-03T11:56:34.416+0000] {processor.py:826} INFO - Processing file /home/vscode/.local/lib/python3.10/site-packages/airflow/example_dags/example_xcomargs.py for tasks to queue
[2025-02-03T11:56:34.416+0000] {logging_mixin.py:150} INFO - [2025-02-03T11:56:34.416+0000] {dagbag.py:541} INFO - Filling up the DagBag from /home/vscode/.local/lib/python3.10/site-packages/airflow/example_dags/example_xcomargs.py
[2025-02-03T11:56:34.422+0000] {processor.py:836} INFO - DAG(s) dict_keys(['example_xcom_args_with_operators', 'example_xcom_args']) retrieved from /home/vscode/.local/lib/python3.10/site-packages/airflow/example_dags/example_xcomargs.py
[2025-02-03T11:56:34.435+0000] {logging_mixin.py:150} INFO - [2025-02-03T11:56:34.435+0000] {dag.py:2742} INFO - Sync 2 DAGs
[2025-02-03T11:56:34.449+0000] {logging_mixin.py:150} INFO - [2025-02-03T11:56:34.449+0000] {dag.py:3504} INFO - Setting next_dagrun for example_xcom_args to None, run_after=None
[2025-02-03T11:56:34.451+0000] {logging_mixin.py:150} INFO - [2025-02-03T11:56:34.451+0000] {dag.py:3504} INFO - Setting next_dagrun for example_xcom_args_with_operators to None, run_after=None
[2025-02-03T11:56:34.463+0000] {processor.py:179} INFO - Processing /home/vscode/.local/lib/python3.10/site-packages/airflow/example_dags/example_xcomargs.py took 0.050 seconds
[2025-02-03T11:57:16.995+0000] {processor.py:157} INFO - Started process (PID=40206) to work on /home/vscode/.local/lib/python3.10/site-packages/airflow/example_dags/example_xcomargs.py
[2025-02-03T11:57:16.996+0000] {processor.py:826} INFO - Processing file /home/vscode/.local/lib/python3.10/site-packages/airflow/example_dags/example_xcomargs.py for tasks to queue
[2025-02-03T11:57:16.996+0000] {logging_mixin.py:150} INFO - [2025-02-03T11:57:16.996+0000] {dagbag.py:541} INFO - Filling up the DagBag from /home/vscode/.local/lib/python3.10/site-packages/airflow/example_dags/example_xcomargs.py
[2025-02-03T11:57:17.002+0000] {processor.py:836} INFO - DAG(s) dict_keys(['example_xcom_args_with_operators', 'example_xcom_args']) retrieved from /home/vscode/.local/lib/python3.10/site-packages/airflow/example_dags/example_xcomargs.py
[2025-02-03T11:57:17.015+0000] {logging_mixin.py:150} INFO - [2025-02-03T11:57:17.015+0000] {dag.py:2742} INFO - Sync 2 DAGs
[2025-02-03T11:57:17.029+0000] {logging_mixin.py:150} INFO - [2025-02-03T11:57:17.029+0000] {dag.py:3504} INFO - Setting next_dagrun for example_xcom_args to None, run_after=None
[2025-02-03T11:57:17.031+0000] {logging_mixin.py:150} INFO - [2025-02-03T11:57:17.030+0000] {dag.py:3504} INFO - Setting next_dagrun for example_xcom_args_with_operators to None, run_after=None
[2025-02-03T11:57:17.046+0000] {processor.py:179} INFO - Processing /home/vscode/.local/lib/python3.10/site-packages/airflow/example_dags/example_xcomargs.py took 0.053 seconds
[2025-02-03T11:58:04.351+0000] {processor.py:157} INFO - Started process (PID=40524) to work on /home/vscode/.local/lib/python3.10/site-packages/airflow/example_dags/example_xcomargs.py
[2025-02-03T11:58:04.351+0000] {processor.py:826} INFO - Processing file /home/vscode/.local/lib/python3.10/site-packages/airflow/example_dags/example_xcomargs.py for tasks to queue
[2025-02-03T11:58:04.352+0000] {logging_mixin.py:150} INFO - [2025-02-03T11:58:04.352+0000] {dagbag.py:541} INFO - Filling up the DagBag from /home/vscode/.local/lib/python3.10/site-packages/airflow/example_dags/example_xcomargs.py
[2025-02-03T11:58:04.358+0000] {processor.py:836} INFO - DAG(s) dict_keys(['example_xcom_args_with_operators', 'example_xcom_args']) retrieved from /home/vscode/.local/lib/python3.10/site-packages/airflow/example_dags/example_xcomargs.py
[2025-02-03T11:58:04.371+0000] {logging_mixin.py:150} INFO - [2025-02-03T11:58:04.370+0000] {dag.py:2742} INFO - Sync 2 DAGs
[2025-02-03T11:58:04.384+0000] {logging_mixin.py:150} INFO - [2025-02-03T11:58:04.384+0000] {dag.py:3504} INFO - Setting next_dagrun for example_xcom_args to None, run_after=None
[2025-02-03T11:58:04.386+0000] {logging_mixin.py:150} INFO - [2025-02-03T11:58:04.386+0000] {dag.py:3504} INFO - Setting next_dagrun for example_xcom_args_with_operators to None, run_after=None
[2025-02-03T11:58:04.398+0000] {processor.py:179} INFO - Processing /home/vscode/.local/lib/python3.10/site-packages/airflow/example_dags/example_xcomargs.py took 0.050 seconds
[2025-02-03T11:58:47.717+0000] {processor.py:157} INFO - Started process (PID=40812) to work on /home/vscode/.local/lib/python3.10/site-packages/airflow/example_dags/example_xcomargs.py
[2025-02-03T11:58:47.718+0000] {processor.py:826} INFO - Processing file /home/vscode/.local/lib/python3.10/site-packages/airflow/example_dags/example_xcomargs.py for tasks to queue
[2025-02-03T11:58:47.718+0000] {logging_mixin.py:150} INFO - [2025-02-03T11:58:47.718+0000] {dagbag.py:541} INFO - Filling up the DagBag from /home/vscode/.local/lib/python3.10/site-packages/airflow/example_dags/example_xcomargs.py
[2025-02-03T11:58:47.724+0000] {processor.py:836} INFO - DAG(s) dict_keys(['example_xcom_args_with_operators', 'example_xcom_args']) retrieved from /home/vscode/.local/lib/python3.10/site-packages/airflow/example_dags/example_xcomargs.py
[2025-02-03T11:58:47.738+0000] {logging_mixin.py:150} INFO - [2025-02-03T11:58:47.737+0000] {dag.py:2742} INFO - Sync 2 DAGs
[2025-02-03T11:58:47.751+0000] {logging_mixin.py:150} INFO - [2025-02-03T11:58:47.751+0000] {dag.py:3504} INFO - Setting next_dagrun for example_xcom_args to None, run_after=None
[2025-02-03T11:58:47.753+0000] {logging_mixin.py:150} INFO - [2025-02-03T11:58:47.753+0000] {dag.py:3504} INFO - Setting next_dagrun for example_xcom_args_with_operators to None, run_after=None
[2025-02-03T11:58:47.766+0000] {processor.py:179} INFO - Processing /home/vscode/.local/lib/python3.10/site-packages/airflow/example_dags/example_xcomargs.py took 0.051 seconds
[2025-02-03T11:59:30.520+0000] {processor.py:157} INFO - Started process (PID=41105) to work on /home/vscode/.local/lib/python3.10/site-packages/airflow/example_dags/example_xcomargs.py
[2025-02-03T11:59:30.520+0000] {processor.py:826} INFO - Processing file /home/vscode/.local/lib/python3.10/site-packages/airflow/example_dags/example_xcomargs.py for tasks to queue
[2025-02-03T11:59:30.521+0000] {logging_mixin.py:150} INFO - [2025-02-03T11:59:30.521+0000] {dagbag.py:541} INFO - Filling up the DagBag from /home/vscode/.local/lib/python3.10/site-packages/airflow/example_dags/example_xcomargs.py
[2025-02-03T11:59:30.527+0000] {processor.py:836} INFO - DAG(s) dict_keys(['example_xcom_args', 'example_xcom_args_with_operators']) retrieved from /home/vscode/.local/lib/python3.10/site-packages/airflow/example_dags/example_xcomargs.py
[2025-02-03T11:59:30.540+0000] {logging_mixin.py:150} INFO - [2025-02-03T11:59:30.540+0000] {dag.py:2742} INFO - Sync 2 DAGs
[2025-02-03T11:59:30.554+0000] {logging_mixin.py:150} INFO - [2025-02-03T11:59:30.554+0000] {dag.py:3504} INFO - Setting next_dagrun for example_xcom_args to None, run_after=None
[2025-02-03T11:59:30.556+0000] {logging_mixin.py:150} INFO - [2025-02-03T11:59:30.556+0000] {dag.py:3504} INFO - Setting next_dagrun for example_xcom_args_with_operators to None, run_after=None
[2025-02-03T11:59:30.569+0000] {processor.py:179} INFO - Processing /home/vscode/.local/lib/python3.10/site-packages/airflow/example_dags/example_xcomargs.py took 0.051 seconds
[2025-02-03T12:00:12.672+0000] {processor.py:157} INFO - Started process (PID=41391) to work on /home/vscode/.local/lib/python3.10/site-packages/airflow/example_dags/example_xcomargs.py
[2025-02-03T12:00:12.673+0000] {processor.py:826} INFO - Processing file /home/vscode/.local/lib/python3.10/site-packages/airflow/example_dags/example_xcomargs.py for tasks to queue
[2025-02-03T12:00:12.673+0000] {logging_mixin.py:150} INFO - [2025-02-03T12:00:12.673+0000] {dagbag.py:541} INFO - Filling up the DagBag from /home/vscode/.local/lib/python3.10/site-packages/airflow/example_dags/example_xcomargs.py
[2025-02-03T12:00:12.679+0000] {processor.py:836} INFO - DAG(s) dict_keys(['example_xcom_args', 'example_xcom_args_with_operators']) retrieved from /home/vscode/.local/lib/python3.10/site-packages/airflow/example_dags/example_xcomargs.py
[2025-02-03T12:00:12.692+0000] {logging_mixin.py:150} INFO - [2025-02-03T12:00:12.692+0000] {dag.py:2742} INFO - Sync 2 DAGs
[2025-02-03T12:00:12.706+0000] {logging_mixin.py:150} INFO - [2025-02-03T12:00:12.705+0000] {dag.py:3504} INFO - Setting next_dagrun for example_xcom_args to None, run_after=None
[2025-02-03T12:00:12.707+0000] {logging_mixin.py:150} INFO - [2025-02-03T12:00:12.707+0000] {dag.py:3504} INFO - Setting next_dagrun for example_xcom_args_with_operators to None, run_after=None
[2025-02-03T12:00:12.720+0000] {processor.py:179} INFO - Processing /home/vscode/.local/lib/python3.10/site-packages/airflow/example_dags/example_xcomargs.py took 0.050 seconds
[2025-02-03T12:01:01.341+0000] {processor.py:157} INFO - Started process (PID=41712) to work on /home/vscode/.local/lib/python3.10/site-packages/airflow/example_dags/example_xcomargs.py
[2025-02-03T12:01:01.341+0000] {processor.py:826} INFO - Processing file /home/vscode/.local/lib/python3.10/site-packages/airflow/example_dags/example_xcomargs.py for tasks to queue
[2025-02-03T12:01:01.342+0000] {logging_mixin.py:150} INFO - [2025-02-03T12:01:01.342+0000] {dagbag.py:541} INFO - Filling up the DagBag from /home/vscode/.local/lib/python3.10/site-packages/airflow/example_dags/example_xcomargs.py
[2025-02-03T12:01:01.348+0000] {processor.py:836} INFO - DAG(s) dict_keys(['example_xcom_args', 'example_xcom_args_with_operators']) retrieved from /home/vscode/.local/lib/python3.10/site-packages/airflow/example_dags/example_xcomargs.py
[2025-02-03T12:01:01.363+0000] {logging_mixin.py:150} INFO - [2025-02-03T12:01:01.363+0000] {dag.py:2742} INFO - Sync 2 DAGs
[2025-02-03T12:01:01.379+0000] {logging_mixin.py:150} INFO - [2025-02-03T12:01:01.379+0000] {dag.py:3504} INFO - Setting next_dagrun for example_xcom_args to None, run_after=None
[2025-02-03T12:01:01.382+0000] {logging_mixin.py:150} INFO - [2025-02-03T12:01:01.382+0000] {dag.py:3504} INFO - Setting next_dagrun for example_xcom_args_with_operators to None, run_after=None
[2025-02-03T12:01:01.395+0000] {processor.py:179} INFO - Processing /home/vscode/.local/lib/python3.10/site-packages/airflow/example_dags/example_xcomargs.py took 0.056 seconds
[2025-02-03T12:01:44.019+0000] {processor.py:157} INFO - Started process (PID=41998) to work on /home/vscode/.local/lib/python3.10/site-packages/airflow/example_dags/example_xcomargs.py
[2025-02-03T12:01:44.020+0000] {processor.py:826} INFO - Processing file /home/vscode/.local/lib/python3.10/site-packages/airflow/example_dags/example_xcomargs.py for tasks to queue
[2025-02-03T12:01:44.020+0000] {logging_mixin.py:150} INFO - [2025-02-03T12:01:44.020+0000] {dagbag.py:541} INFO - Filling up the DagBag from /home/vscode/.local/lib/python3.10/site-packages/airflow/example_dags/example_xcomargs.py
[2025-02-03T12:01:44.026+0000] {processor.py:836} INFO - DAG(s) dict_keys(['example_xcom_args', 'example_xcom_args_with_operators']) retrieved from /home/vscode/.local/lib/python3.10/site-packages/airflow/example_dags/example_xcomargs.py
[2025-02-03T12:01:44.040+0000] {logging_mixin.py:150} INFO - [2025-02-03T12:01:44.040+0000] {dag.py:2742} INFO - Sync 2 DAGs
[2025-02-03T12:01:44.053+0000] {logging_mixin.py:150} INFO - [2025-02-03T12:01:44.053+0000] {dag.py:3504} INFO - Setting next_dagrun for example_xcom_args to None, run_after=None
[2025-02-03T12:01:44.055+0000] {logging_mixin.py:150} INFO - [2025-02-03T12:01:44.055+0000] {dag.py:3504} INFO - Setting next_dagrun for example_xcom_args_with_operators to None, run_after=None
[2025-02-03T12:01:44.068+0000] {processor.py:179} INFO - Processing /home/vscode/.local/lib/python3.10/site-packages/airflow/example_dags/example_xcomargs.py took 0.051 seconds
[2025-02-03T12:02:27.400+0000] {processor.py:157} INFO - Started process (PID=42292) to work on /home/vscode/.local/lib/python3.10/site-packages/airflow/example_dags/example_xcomargs.py
[2025-02-03T12:02:27.401+0000] {processor.py:826} INFO - Processing file /home/vscode/.local/lib/python3.10/site-packages/airflow/example_dags/example_xcomargs.py for tasks to queue
[2025-02-03T12:02:27.402+0000] {logging_mixin.py:150} INFO - [2025-02-03T12:02:27.401+0000] {dagbag.py:541} INFO - Filling up the DagBag from /home/vscode/.local/lib/python3.10/site-packages/airflow/example_dags/example_xcomargs.py
[2025-02-03T12:02:27.408+0000] {processor.py:836} INFO - DAG(s) dict_keys(['example_xcom_args_with_operators', 'example_xcom_args']) retrieved from /home/vscode/.local/lib/python3.10/site-packages/airflow/example_dags/example_xcomargs.py
[2025-02-03T12:02:27.422+0000] {logging_mixin.py:150} INFO - [2025-02-03T12:02:27.422+0000] {dag.py:2742} INFO - Sync 2 DAGs
[2025-02-03T12:02:27.437+0000] {logging_mixin.py:150} INFO - [2025-02-03T12:02:27.437+0000] {dag.py:3504} INFO - Setting next_dagrun for example_xcom_args to None, run_after=None
[2025-02-03T12:02:27.439+0000] {logging_mixin.py:150} INFO - [2025-02-03T12:02:27.439+0000] {dag.py:3504} INFO - Setting next_dagrun for example_xcom_args_with_operators to None, run_after=None
[2025-02-03T12:02:27.453+0000] {processor.py:179} INFO - Processing /home/vscode/.local/lib/python3.10/site-packages/airflow/example_dags/example_xcomargs.py took 0.054 seconds
[2025-02-03T12:03:10.642+0000] {processor.py:157} INFO - Started process (PID=42580) to work on /home/vscode/.local/lib/python3.10/site-packages/airflow/example_dags/example_xcomargs.py
[2025-02-03T12:03:10.642+0000] {processor.py:826} INFO - Processing file /home/vscode/.local/lib/python3.10/site-packages/airflow/example_dags/example_xcomargs.py for tasks to queue
[2025-02-03T12:03:10.643+0000] {logging_mixin.py:150} INFO - [2025-02-03T12:03:10.643+0000] {dagbag.py:541} INFO - Filling up the DagBag from /home/vscode/.local/lib/python3.10/site-packages/airflow/example_dags/example_xcomargs.py
[2025-02-03T12:03:10.649+0000] {processor.py:836} INFO - DAG(s) dict_keys(['example_xcom_args', 'example_xcom_args_with_operators']) retrieved from /home/vscode/.local/lib/python3.10/site-packages/airflow/example_dags/example_xcomargs.py
[2025-02-03T12:03:10.661+0000] {logging_mixin.py:150} INFO - [2025-02-03T12:03:10.661+0000] {dag.py:2742} INFO - Sync 2 DAGs
[2025-02-03T12:03:10.675+0000] {logging_mixin.py:150} INFO - [2025-02-03T12:03:10.675+0000] {dag.py:3504} INFO - Setting next_dagrun for example_xcom_args to None, run_after=None
[2025-02-03T12:03:10.677+0000] {logging_mixin.py:150} INFO - [2025-02-03T12:03:10.677+0000] {dag.py:3504} INFO - Setting next_dagrun for example_xcom_args_with_operators to None, run_after=None
[2025-02-03T12:03:10.689+0000] {processor.py:179} INFO - Processing /home/vscode/.local/lib/python3.10/site-packages/airflow/example_dags/example_xcomargs.py took 0.049 seconds
[2025-02-03T12:03:52.354+0000] {processor.py:157} INFO - Started process (PID=42860) to work on /home/vscode/.local/lib/python3.10/site-packages/airflow/example_dags/example_xcomargs.py
[2025-02-03T12:03:52.354+0000] {processor.py:826} INFO - Processing file /home/vscode/.local/lib/python3.10/site-packages/airflow/example_dags/example_xcomargs.py for tasks to queue
[2025-02-03T12:03:52.355+0000] {logging_mixin.py:150} INFO - [2025-02-03T12:03:52.355+0000] {dagbag.py:541} INFO - Filling up the DagBag from /home/vscode/.local/lib/python3.10/site-packages/airflow/example_dags/example_xcomargs.py
[2025-02-03T12:03:52.360+0000] {processor.py:836} INFO - DAG(s) dict_keys(['example_xcom_args', 'example_xcom_args_with_operators']) retrieved from /home/vscode/.local/lib/python3.10/site-packages/airflow/example_dags/example_xcomargs.py
[2025-02-03T12:03:52.374+0000] {logging_mixin.py:150} INFO - [2025-02-03T12:03:52.373+0000] {dag.py:2742} INFO - Sync 2 DAGs
[2025-02-03T12:03:52.388+0000] {logging_mixin.py:150} INFO - [2025-02-03T12:03:52.388+0000] {dag.py:3504} INFO - Setting next_dagrun for example_xcom_args to None, run_after=None
[2025-02-03T12:03:52.390+0000] {logging_mixin.py:150} INFO - [2025-02-03T12:03:52.390+0000] {dag.py:3504} INFO - Setting next_dagrun for example_xcom_args_with_operators to None, run_after=None
[2025-02-03T12:03:52.402+0000] {processor.py:179} INFO - Processing /home/vscode/.local/lib/python3.10/site-packages/airflow/example_dags/example_xcomargs.py took 0.051 seconds
[2025-02-03T12:04:36.789+0000] {processor.py:157} INFO - Started process (PID=43160) to work on /home/vscode/.local/lib/python3.10/site-packages/airflow/example_dags/example_xcomargs.py
[2025-02-03T12:04:36.790+0000] {processor.py:826} INFO - Processing file /home/vscode/.local/lib/python3.10/site-packages/airflow/example_dags/example_xcomargs.py for tasks to queue
[2025-02-03T12:04:36.790+0000] {logging_mixin.py:150} INFO - [2025-02-03T12:04:36.790+0000] {dagbag.py:541} INFO - Filling up the DagBag from /home/vscode/.local/lib/python3.10/site-packages/airflow/example_dags/example_xcomargs.py
[2025-02-03T12:04:36.796+0000] {processor.py:836} INFO - DAG(s) dict_keys(['example_xcom_args', 'example_xcom_args_with_operators']) retrieved from /home/vscode/.local/lib/python3.10/site-packages/airflow/example_dags/example_xcomargs.py
[2025-02-03T12:04:36.810+0000] {logging_mixin.py:150} INFO - [2025-02-03T12:04:36.810+0000] {dag.py:2742} INFO - Sync 2 DAGs
[2025-02-03T12:04:36.824+0000] {logging_mixin.py:150} INFO - [2025-02-03T12:04:36.824+0000] {dag.py:3504} INFO - Setting next_dagrun for example_xcom_args to None, run_after=None
[2025-02-03T12:04:36.826+0000] {logging_mixin.py:150} INFO - [2025-02-03T12:04:36.826+0000] {dag.py:3504} INFO - Setting next_dagrun for example_xcom_args_with_operators to None, run_after=None
[2025-02-03T12:04:36.838+0000] {processor.py:179} INFO - Processing /home/vscode/.local/lib/python3.10/site-packages/airflow/example_dags/example_xcomargs.py took 0.051 seconds
[2025-02-03T12:05:19.596+0000] {processor.py:157} INFO - Started process (PID=43441) to work on /home/vscode/.local/lib/python3.10/site-packages/airflow/example_dags/example_xcomargs.py
[2025-02-03T12:05:19.597+0000] {processor.py:826} INFO - Processing file /home/vscode/.local/lib/python3.10/site-packages/airflow/example_dags/example_xcomargs.py for tasks to queue
[2025-02-03T12:05:19.597+0000] {logging_mixin.py:150} INFO - [2025-02-03T12:05:19.597+0000] {dagbag.py:541} INFO - Filling up the DagBag from /home/vscode/.local/lib/python3.10/site-packages/airflow/example_dags/example_xcomargs.py
[2025-02-03T12:05:19.603+0000] {processor.py:836} INFO - DAG(s) dict_keys(['example_xcom_args', 'example_xcom_args_with_operators']) retrieved from /home/vscode/.local/lib/python3.10/site-packages/airflow/example_dags/example_xcomargs.py
[2025-02-03T12:05:19.617+0000] {logging_mixin.py:150} INFO - [2025-02-03T12:05:19.617+0000] {dag.py:2742} INFO - Sync 2 DAGs
[2025-02-03T12:05:19.630+0000] {logging_mixin.py:150} INFO - [2025-02-03T12:05:19.630+0000] {dag.py:3504} INFO - Setting next_dagrun for example_xcom_args to None, run_after=None
[2025-02-03T12:05:19.632+0000] {logging_mixin.py:150} INFO - [2025-02-03T12:05:19.632+0000] {dag.py:3504} INFO - Setting next_dagrun for example_xcom_args_with_operators to None, run_after=None
[2025-02-03T12:05:19.647+0000] {processor.py:179} INFO - Processing /home/vscode/.local/lib/python3.10/site-packages/airflow/example_dags/example_xcomargs.py took 0.053 seconds
[2025-02-03T12:06:05.813+0000] {processor.py:157} INFO - Started process (PID=43760) to work on /home/vscode/.local/lib/python3.10/site-packages/airflow/example_dags/example_xcomargs.py
[2025-02-03T12:06:05.813+0000] {processor.py:826} INFO - Processing file /home/vscode/.local/lib/python3.10/site-packages/airflow/example_dags/example_xcomargs.py for tasks to queue
[2025-02-03T12:06:05.814+0000] {logging_mixin.py:150} INFO - [2025-02-03T12:06:05.814+0000] {dagbag.py:541} INFO - Filling up the DagBag from /home/vscode/.local/lib/python3.10/site-packages/airflow/example_dags/example_xcomargs.py
[2025-02-03T12:06:05.820+0000] {processor.py:836} INFO - DAG(s) dict_keys(['example_xcom_args_with_operators', 'example_xcom_args']) retrieved from /home/vscode/.local/lib/python3.10/site-packages/airflow/example_dags/example_xcomargs.py
[2025-02-03T12:06:05.834+0000] {logging_mixin.py:150} INFO - [2025-02-03T12:06:05.834+0000] {dag.py:2742} INFO - Sync 2 DAGs
[2025-02-03T12:06:05.847+0000] {logging_mixin.py:150} INFO - [2025-02-03T12:06:05.847+0000] {dag.py:3504} INFO - Setting next_dagrun for example_xcom_args to None, run_after=None
[2025-02-03T12:06:05.850+0000] {logging_mixin.py:150} INFO - [2025-02-03T12:06:05.850+0000] {dag.py:3504} INFO - Setting next_dagrun for example_xcom_args_with_operators to None, run_after=None
[2025-02-03T12:06:05.863+0000] {processor.py:179} INFO - Processing /home/vscode/.local/lib/python3.10/site-packages/airflow/example_dags/example_xcomargs.py took 0.052 seconds
[2025-02-03T12:06:53.183+0000] {processor.py:157} INFO - Started process (PID=44080) to work on /home/vscode/.local/lib/python3.10/site-packages/airflow/example_dags/example_xcomargs.py
[2025-02-03T12:06:53.184+0000] {processor.py:826} INFO - Processing file /home/vscode/.local/lib/python3.10/site-packages/airflow/example_dags/example_xcomargs.py for tasks to queue
[2025-02-03T12:06:53.184+0000] {logging_mixin.py:150} INFO - [2025-02-03T12:06:53.184+0000] {dagbag.py:541} INFO - Filling up the DagBag from /home/vscode/.local/lib/python3.10/site-packages/airflow/example_dags/example_xcomargs.py
[2025-02-03T12:06:53.190+0000] {processor.py:836} INFO - DAG(s) dict_keys(['example_xcom_args_with_operators', 'example_xcom_args']) retrieved from /home/vscode/.local/lib/python3.10/site-packages/airflow/example_dags/example_xcomargs.py
[2025-02-03T12:06:53.203+0000] {logging_mixin.py:150} INFO - [2025-02-03T12:06:53.203+0000] {dag.py:2742} INFO - Sync 2 DAGs
[2025-02-03T12:06:53.217+0000] {logging_mixin.py:150} INFO - [2025-02-03T12:06:53.217+0000] {dag.py:3504} INFO - Setting next_dagrun for example_xcom_args to None, run_after=None
[2025-02-03T12:06:53.219+0000] {logging_mixin.py:150} INFO - [2025-02-03T12:06:53.219+0000] {dag.py:3504} INFO - Setting next_dagrun for example_xcom_args_with_operators to None, run_after=None
[2025-02-03T12:06:53.231+0000] {processor.py:179} INFO - Processing /home/vscode/.local/lib/python3.10/site-packages/airflow/example_dags/example_xcomargs.py took 0.050 seconds
[2025-02-03T12:07:35.720+0000] {processor.py:157} INFO - Started process (PID=44925) to work on /home/vscode/.local/lib/python3.10/site-packages/airflow/example_dags/example_xcomargs.py
[2025-02-03T12:07:35.720+0000] {processor.py:826} INFO - Processing file /home/vscode/.local/lib/python3.10/site-packages/airflow/example_dags/example_xcomargs.py for tasks to queue
[2025-02-03T12:07:35.721+0000] {logging_mixin.py:150} INFO - [2025-02-03T12:07:35.721+0000] {dagbag.py:541} INFO - Filling up the DagBag from /home/vscode/.local/lib/python3.10/site-packages/airflow/example_dags/example_xcomargs.py
[2025-02-03T12:07:35.726+0000] {processor.py:836} INFO - DAG(s) dict_keys(['example_xcom_args_with_operators', 'example_xcom_args']) retrieved from /home/vscode/.local/lib/python3.10/site-packages/airflow/example_dags/example_xcomargs.py
[2025-02-03T12:07:35.740+0000] {logging_mixin.py:150} INFO - [2025-02-03T12:07:35.740+0000] {dag.py:2742} INFO - Sync 2 DAGs
[2025-02-03T12:07:35.753+0000] {logging_mixin.py:150} INFO - [2025-02-03T12:07:35.753+0000] {dag.py:3504} INFO - Setting next_dagrun for example_xcom_args to None, run_after=None
[2025-02-03T12:07:35.755+0000] {logging_mixin.py:150} INFO - [2025-02-03T12:07:35.755+0000] {dag.py:3504} INFO - Setting next_dagrun for example_xcom_args_with_operators to None, run_after=None
[2025-02-03T12:07:35.768+0000] {processor.py:179} INFO - Processing /home/vscode/.local/lib/python3.10/site-packages/airflow/example_dags/example_xcomargs.py took 0.050 seconds
[2025-02-03T12:08:23.283+0000] {processor.py:157} INFO - Started process (PID=46345) to work on /home/vscode/.local/lib/python3.10/site-packages/airflow/example_dags/example_xcomargs.py
[2025-02-03T12:08:23.284+0000] {processor.py:826} INFO - Processing file /home/vscode/.local/lib/python3.10/site-packages/airflow/example_dags/example_xcomargs.py for tasks to queue
[2025-02-03T12:08:23.284+0000] {logging_mixin.py:150} INFO - [2025-02-03T12:08:23.284+0000] {dagbag.py:541} INFO - Filling up the DagBag from /home/vscode/.local/lib/python3.10/site-packages/airflow/example_dags/example_xcomargs.py
[2025-02-03T12:08:23.291+0000] {processor.py:836} INFO - DAG(s) dict_keys(['example_xcom_args', 'example_xcom_args_with_operators']) retrieved from /home/vscode/.local/lib/python3.10/site-packages/airflow/example_dags/example_xcomargs.py
[2025-02-03T12:08:23.308+0000] {logging_mixin.py:150} INFO - [2025-02-03T12:08:23.307+0000] {dag.py:2742} INFO - Sync 2 DAGs
[2025-02-03T12:08:23.325+0000] {logging_mixin.py:150} INFO - [2025-02-03T12:08:23.325+0000] {dag.py:3504} INFO - Setting next_dagrun for example_xcom_args to None, run_after=None
[2025-02-03T12:08:23.328+0000] {logging_mixin.py:150} INFO - [2025-02-03T12:08:23.327+0000] {dag.py:3504} INFO - Setting next_dagrun for example_xcom_args_with_operators to None, run_after=None
[2025-02-03T12:08:23.342+0000] {processor.py:179} INFO - Processing /home/vscode/.local/lib/python3.10/site-packages/airflow/example_dags/example_xcomargs.py took 0.061 seconds
[2025-02-03T12:09:06.640+0000] {processor.py:157} INFO - Started process (PID=46702) to work on /home/vscode/.local/lib/python3.10/site-packages/airflow/example_dags/example_xcomargs.py
[2025-02-03T12:09:06.641+0000] {processor.py:826} INFO - Processing file /home/vscode/.local/lib/python3.10/site-packages/airflow/example_dags/example_xcomargs.py for tasks to queue
[2025-02-03T12:09:06.642+0000] {logging_mixin.py:150} INFO - [2025-02-03T12:09:06.641+0000] {dagbag.py:541} INFO - Filling up the DagBag from /home/vscode/.local/lib/python3.10/site-packages/airflow/example_dags/example_xcomargs.py
[2025-02-03T12:09:06.648+0000] {processor.py:836} INFO - DAG(s) dict_keys(['example_xcom_args_with_operators', 'example_xcom_args']) retrieved from /home/vscode/.local/lib/python3.10/site-packages/airflow/example_dags/example_xcomargs.py
[2025-02-03T12:09:06.661+0000] {logging_mixin.py:150} INFO - [2025-02-03T12:09:06.661+0000] {dag.py:2742} INFO - Sync 2 DAGs
[2025-02-03T12:09:06.676+0000] {logging_mixin.py:150} INFO - [2025-02-03T12:09:06.675+0000] {dag.py:3504} INFO - Setting next_dagrun for example_xcom_args to None, run_after=None
[2025-02-03T12:09:06.678+0000] {logging_mixin.py:150} INFO - [2025-02-03T12:09:06.677+0000] {dag.py:3504} INFO - Setting next_dagrun for example_xcom_args_with_operators to None, run_after=None
[2025-02-03T12:09:06.690+0000] {processor.py:179} INFO - Processing /home/vscode/.local/lib/python3.10/site-packages/airflow/example_dags/example_xcomargs.py took 0.052 seconds
[2025-02-03T12:09:46.706+0000] {processor.py:157} INFO - Started process (PID=47564) to work on /home/vscode/.local/lib/python3.10/site-packages/airflow/example_dags/example_xcomargs.py
[2025-02-03T12:09:46.707+0000] {processor.py:826} INFO - Processing file /home/vscode/.local/lib/python3.10/site-packages/airflow/example_dags/example_xcomargs.py for tasks to queue
[2025-02-03T12:09:46.708+0000] {logging_mixin.py:150} INFO - [2025-02-03T12:09:46.708+0000] {dagbag.py:541} INFO - Filling up the DagBag from /home/vscode/.local/lib/python3.10/site-packages/airflow/example_dags/example_xcomargs.py
[2025-02-03T12:09:46.715+0000] {processor.py:836} INFO - DAG(s) dict_keys(['example_xcom_args_with_operators', 'example_xcom_args']) retrieved from /home/vscode/.local/lib/python3.10/site-packages/airflow/example_dags/example_xcomargs.py
[2025-02-03T12:09:46.731+0000] {logging_mixin.py:150} INFO - [2025-02-03T12:09:46.731+0000] {dag.py:2742} INFO - Sync 2 DAGs
[2025-02-03T12:09:46.745+0000] {logging_mixin.py:150} INFO - [2025-02-03T12:09:46.745+0000] {dag.py:3504} INFO - Setting next_dagrun for example_xcom_args to None, run_after=None
[2025-02-03T12:09:46.747+0000] {logging_mixin.py:150} INFO - [2025-02-03T12:09:46.747+0000] {dag.py:3504} INFO - Setting next_dagrun for example_xcom_args_with_operators to None, run_after=None
[2025-02-03T12:09:46.760+0000] {processor.py:179} INFO - Processing /home/vscode/.local/lib/python3.10/site-packages/airflow/example_dags/example_xcomargs.py took 0.057 seconds
