[2025-02-03T11:50:59.438+0000] {processor.py:157} INFO - Started process (PID=37672) to work on /home/vscode/.local/lib/python3.10/site-packages/airflow/example_dags/example_branch_datetime_operator.py
[2025-02-03T11:50:59.439+0000] {processor.py:826} INFO - Processing file /home/vscode/.local/lib/python3.10/site-packages/airflow/example_dags/example_branch_datetime_operator.py for tasks to queue
[2025-02-03T11:50:59.439+0000] {logging_mixin.py:150} INFO - [2025-02-03T11:50:59.439+0000] {dagbag.py:541} INFO - Filling up the DagBag from /home/vscode/.local/lib/python3.10/site-packages/airflow/example_dags/example_branch_datetime_operator.py
[2025-02-03T11:50:59.446+0000] {processor.py:836} INFO - DAG(s) dict_keys(['example_branch_datetime_operator_2', 'example_branch_datetime_operator_3', 'example_branch_datetime_operator']) retrieved from /home/vscode/.local/lib/python3.10/site-packages/airflow/example_dags/example_branch_datetime_operator.py
[2025-02-03T11:50:59.518+0000] {logging_mixin.py:150} INFO - [2025-02-03T11:50:59.518+0000] {manager.py:504} INFO - Created Permission View: can read on DAG:example_branch_datetime_operator_2
[2025-02-03T11:50:59.526+0000] {logging_mixin.py:150} INFO - [2025-02-03T11:50:59.526+0000] {manager.py:504} INFO - Created Permission View: can delete on DAG:example_branch_datetime_operator_2
[2025-02-03T11:50:59.532+0000] {logging_mixin.py:150} INFO - [2025-02-03T11:50:59.531+0000] {manager.py:504} INFO - Created Permission View: can edit on DAG:example_branch_datetime_operator_2
[2025-02-03T11:50:59.550+0000] {logging_mixin.py:150} INFO - [2025-02-03T11:50:59.550+0000] {manager.py:504} INFO - Created Permission View: can read on DAG:example_branch_datetime_operator_3
[2025-02-03T11:50:59.555+0000] {logging_mixin.py:150} INFO - [2025-02-03T11:50:59.555+0000] {manager.py:504} INFO - Created Permission View: can delete on DAG:example_branch_datetime_operator_3
[2025-02-03T11:50:59.561+0000] {logging_mixin.py:150} INFO - [2025-02-03T11:50:59.561+0000] {manager.py:504} INFO - Created Permission View: can edit on DAG:example_branch_datetime_operator_3
[2025-02-03T11:50:59.575+0000] {logging_mixin.py:150} INFO - [2025-02-03T11:50:59.574+0000] {manager.py:504} INFO - Created Permission View: can read on DAG:example_branch_datetime_operator
[2025-02-03T11:50:59.580+0000] {logging_mixin.py:150} INFO - [2025-02-03T11:50:59.580+0000] {manager.py:504} INFO - Created Permission View: can delete on DAG:example_branch_datetime_operator
[2025-02-03T11:50:59.586+0000] {logging_mixin.py:150} INFO - [2025-02-03T11:50:59.586+0000] {manager.py:504} INFO - Created Permission View: can edit on DAG:example_branch_datetime_operator
[2025-02-03T11:50:59.589+0000] {logging_mixin.py:150} INFO - [2025-02-03T11:50:59.589+0000] {dag.py:2742} INFO - Sync 3 DAGs
[2025-02-03T11:50:59.596+0000] {logging_mixin.py:150} INFO - [2025-02-03T11:50:59.596+0000] {dag.py:2763} INFO - Creating ORM DAG for example_branch_datetime_operator_2
[2025-02-03T11:50:59.596+0000] {logging_mixin.py:150} INFO - [2025-02-03T11:50:59.596+0000] {dag.py:2763} INFO - Creating ORM DAG for example_branch_datetime_operator
[2025-02-03T11:50:59.597+0000] {logging_mixin.py:150} INFO - [2025-02-03T11:50:59.597+0000] {dag.py:2763} INFO - Creating ORM DAG for example_branch_datetime_operator_3
[2025-02-03T11:50:59.605+0000] {logging_mixin.py:150} INFO - [2025-02-03T11:50:59.605+0000] {dag.py:3504} INFO - Setting next_dagrun for example_branch_datetime_operator to 2025-02-02T00:00:00+00:00, run_after=2025-02-03T00:00:00+00:00
[2025-02-03T11:50:59.606+0000] {logging_mixin.py:150} INFO - [2025-02-03T11:50:59.606+0000] {dag.py:3504} INFO - Setting next_dagrun for example_branch_datetime_operator_2 to 2025-02-02T00:00:00+00:00, run_after=2025-02-03T00:00:00+00:00
[2025-02-03T11:50:59.607+0000] {logging_mixin.py:150} INFO - [2025-02-03T11:50:59.607+0000] {dag.py:3504} INFO - Setting next_dagrun for example_branch_datetime_operator_3 to 2025-02-02T00:00:00+00:00, run_after=2025-02-03T00:00:00+00:00
[2025-02-03T11:50:59.623+0000] {processor.py:179} INFO - Processing /home/vscode/.local/lib/python3.10/site-packages/airflow/example_dags/example_branch_datetime_operator.py took 0.187 seconds
[2025-02-03T11:51:49.643+0000] {processor.py:157} INFO - Started process (PID=38007) to work on /home/vscode/.local/lib/python3.10/site-packages/airflow/example_dags/example_branch_datetime_operator.py
[2025-02-03T11:51:49.643+0000] {processor.py:826} INFO - Processing file /home/vscode/.local/lib/python3.10/site-packages/airflow/example_dags/example_branch_datetime_operator.py for tasks to queue
[2025-02-03T11:51:49.644+0000] {logging_mixin.py:150} INFO - [2025-02-03T11:51:49.644+0000] {dagbag.py:541} INFO - Filling up the DagBag from /home/vscode/.local/lib/python3.10/site-packages/airflow/example_dags/example_branch_datetime_operator.py
[2025-02-03T11:51:49.651+0000] {processor.py:836} INFO - DAG(s) dict_keys(['example_branch_datetime_operator_3', 'example_branch_datetime_operator_2', 'example_branch_datetime_operator']) retrieved from /home/vscode/.local/lib/python3.10/site-packages/airflow/example_dags/example_branch_datetime_operator.py
[2025-02-03T11:51:49.667+0000] {logging_mixin.py:150} INFO - [2025-02-03T11:51:49.667+0000] {dag.py:2742} INFO - Sync 3 DAGs
[2025-02-03T11:51:49.682+0000] {logging_mixin.py:150} INFO - [2025-02-03T11:51:49.682+0000] {dag.py:3504} INFO - Setting next_dagrun for example_branch_datetime_operator to 2025-02-02T00:00:00+00:00, run_after=2025-02-03T00:00:00+00:00
[2025-02-03T11:51:49.685+0000] {logging_mixin.py:150} INFO - [2025-02-03T11:51:49.685+0000] {dag.py:3504} INFO - Setting next_dagrun for example_branch_datetime_operator_2 to 2025-02-02T00:00:00+00:00, run_after=2025-02-03T00:00:00+00:00
[2025-02-03T11:51:49.686+0000] {logging_mixin.py:150} INFO - [2025-02-03T11:51:49.686+0000] {dag.py:3504} INFO - Setting next_dagrun for example_branch_datetime_operator_3 to 2025-02-02T00:00:00+00:00, run_after=2025-02-03T00:00:00+00:00
[2025-02-03T11:51:49.699+0000] {processor.py:179} INFO - Processing /home/vscode/.local/lib/python3.10/site-packages/airflow/example_dags/example_branch_datetime_operator.py took 0.059 seconds
[2025-02-03T11:52:31.738+0000] {processor.py:157} INFO - Started process (PID=38288) to work on /home/vscode/.local/lib/python3.10/site-packages/airflow/example_dags/example_branch_datetime_operator.py
[2025-02-03T11:52:31.739+0000] {processor.py:826} INFO - Processing file /home/vscode/.local/lib/python3.10/site-packages/airflow/example_dags/example_branch_datetime_operator.py for tasks to queue
[2025-02-03T11:52:31.740+0000] {logging_mixin.py:150} INFO - [2025-02-03T11:52:31.739+0000] {dagbag.py:541} INFO - Filling up the DagBag from /home/vscode/.local/lib/python3.10/site-packages/airflow/example_dags/example_branch_datetime_operator.py
[2025-02-03T11:52:31.747+0000] {processor.py:836} INFO - DAG(s) dict_keys(['example_branch_datetime_operator_2', 'example_branch_datetime_operator_3', 'example_branch_datetime_operator']) retrieved from /home/vscode/.local/lib/python3.10/site-packages/airflow/example_dags/example_branch_datetime_operator.py
[2025-02-03T11:52:31.763+0000] {logging_mixin.py:150} INFO - [2025-02-03T11:52:31.763+0000] {dag.py:2742} INFO - Sync 3 DAGs
[2025-02-03T11:52:31.777+0000] {logging_mixin.py:150} INFO - [2025-02-03T11:52:31.777+0000] {dag.py:3504} INFO - Setting next_dagrun for example_branch_datetime_operator to 2025-02-02T00:00:00+00:00, run_after=2025-02-03T00:00:00+00:00
[2025-02-03T11:52:31.781+0000] {logging_mixin.py:150} INFO - [2025-02-03T11:52:31.780+0000] {dag.py:3504} INFO - Setting next_dagrun for example_branch_datetime_operator_2 to 2025-02-02T00:00:00+00:00, run_after=2025-02-03T00:00:00+00:00
[2025-02-03T11:52:31.782+0000] {logging_mixin.py:150} INFO - [2025-02-03T11:52:31.782+0000] {dag.py:3504} INFO - Setting next_dagrun for example_branch_datetime_operator_3 to 2025-02-02T00:00:00+00:00, run_after=2025-02-03T00:00:00+00:00
[2025-02-03T11:52:31.795+0000] {processor.py:179} INFO - Processing /home/vscode/.local/lib/python3.10/site-packages/airflow/example_dags/example_branch_datetime_operator.py took 0.058 seconds
[2025-02-03T11:53:17.946+0000] {processor.py:157} INFO - Started process (PID=38599) to work on /home/vscode/.local/lib/python3.10/site-packages/airflow/example_dags/example_branch_datetime_operator.py
[2025-02-03T11:53:17.946+0000] {processor.py:826} INFO - Processing file /home/vscode/.local/lib/python3.10/site-packages/airflow/example_dags/example_branch_datetime_operator.py for tasks to queue
[2025-02-03T11:53:17.947+0000] {logging_mixin.py:150} INFO - [2025-02-03T11:53:17.946+0000] {dagbag.py:541} INFO - Filling up the DagBag from /home/vscode/.local/lib/python3.10/site-packages/airflow/example_dags/example_branch_datetime_operator.py
[2025-02-03T11:53:17.954+0000] {processor.py:836} INFO - DAG(s) dict_keys(['example_branch_datetime_operator_3', 'example_branch_datetime_operator_2', 'example_branch_datetime_operator']) retrieved from /home/vscode/.local/lib/python3.10/site-packages/airflow/example_dags/example_branch_datetime_operator.py
[2025-02-03T11:53:17.970+0000] {logging_mixin.py:150} INFO - [2025-02-03T11:53:17.970+0000] {dag.py:2742} INFO - Sync 3 DAGs
[2025-02-03T11:53:17.985+0000] {logging_mixin.py:150} INFO - [2025-02-03T11:53:17.985+0000] {dag.py:3504} INFO - Setting next_dagrun for example_branch_datetime_operator to 2025-02-02T00:00:00+00:00, run_after=2025-02-03T00:00:00+00:00
[2025-02-03T11:53:17.988+0000] {logging_mixin.py:150} INFO - [2025-02-03T11:53:17.988+0000] {dag.py:3504} INFO - Setting next_dagrun for example_branch_datetime_operator_2 to 2025-02-02T00:00:00+00:00, run_after=2025-02-03T00:00:00+00:00
[2025-02-03T11:53:17.989+0000] {logging_mixin.py:150} INFO - [2025-02-03T11:53:17.989+0000] {dag.py:3504} INFO - Setting next_dagrun for example_branch_datetime_operator_3 to 2025-02-02T00:00:00+00:00, run_after=2025-02-03T00:00:00+00:00
[2025-02-03T11:53:18.003+0000] {processor.py:179} INFO - Processing /home/vscode/.local/lib/python3.10/site-packages/airflow/example_dags/example_branch_datetime_operator.py took 0.059 seconds
[2025-02-03T11:54:14.082+0000] {processor.py:157} INFO - Started process (PID=38975) to work on /home/vscode/.local/lib/python3.10/site-packages/airflow/example_dags/example_branch_datetime_operator.py
[2025-02-03T11:54:14.083+0000] {processor.py:826} INFO - Processing file /home/vscode/.local/lib/python3.10/site-packages/airflow/example_dags/example_branch_datetime_operator.py for tasks to queue
[2025-02-03T11:54:14.084+0000] {logging_mixin.py:150} INFO - [2025-02-03T11:54:14.083+0000] {dagbag.py:541} INFO - Filling up the DagBag from /home/vscode/.local/lib/python3.10/site-packages/airflow/example_dags/example_branch_datetime_operator.py
[2025-02-03T11:54:14.090+0000] {processor.py:836} INFO - DAG(s) dict_keys(['example_branch_datetime_operator_2', 'example_branch_datetime_operator', 'example_branch_datetime_operator_3']) retrieved from /home/vscode/.local/lib/python3.10/site-packages/airflow/example_dags/example_branch_datetime_operator.py
[2025-02-03T11:54:14.106+0000] {logging_mixin.py:150} INFO - [2025-02-03T11:54:14.106+0000] {dag.py:2742} INFO - Sync 3 DAGs
[2025-02-03T11:54:14.121+0000] {logging_mixin.py:150} INFO - [2025-02-03T11:54:14.121+0000] {dag.py:3504} INFO - Setting next_dagrun for example_branch_datetime_operator to 2025-02-02T00:00:00+00:00, run_after=2025-02-03T00:00:00+00:00
[2025-02-03T11:54:14.124+0000] {logging_mixin.py:150} INFO - [2025-02-03T11:54:14.124+0000] {dag.py:3504} INFO - Setting next_dagrun for example_branch_datetime_operator_2 to 2025-02-02T00:00:00+00:00, run_after=2025-02-03T00:00:00+00:00
[2025-02-03T11:54:14.126+0000] {logging_mixin.py:150} INFO - [2025-02-03T11:54:14.126+0000] {dag.py:3504} INFO - Setting next_dagrun for example_branch_datetime_operator_3 to 2025-02-02T00:00:00+00:00, run_after=2025-02-03T00:00:00+00:00
[2025-02-03T11:54:14.140+0000] {processor.py:179} INFO - Processing /home/vscode/.local/lib/python3.10/site-packages/airflow/example_dags/example_branch_datetime_operator.py took 0.060 seconds
[2025-02-03T11:54:58.227+0000] {processor.py:157} INFO - Started process (PID=39275) to work on /home/vscode/.local/lib/python3.10/site-packages/airflow/example_dags/example_branch_datetime_operator.py
[2025-02-03T11:54:58.227+0000] {processor.py:826} INFO - Processing file /home/vscode/.local/lib/python3.10/site-packages/airflow/example_dags/example_branch_datetime_operator.py for tasks to queue
[2025-02-03T11:54:58.228+0000] {logging_mixin.py:150} INFO - [2025-02-03T11:54:58.228+0000] {dagbag.py:541} INFO - Filling up the DagBag from /home/vscode/.local/lib/python3.10/site-packages/airflow/example_dags/example_branch_datetime_operator.py
[2025-02-03T11:54:58.235+0000] {processor.py:836} INFO - DAG(s) dict_keys(['example_branch_datetime_operator_2', 'example_branch_datetime_operator_3', 'example_branch_datetime_operator']) retrieved from /home/vscode/.local/lib/python3.10/site-packages/airflow/example_dags/example_branch_datetime_operator.py
[2025-02-03T11:54:58.250+0000] {logging_mixin.py:150} INFO - [2025-02-03T11:54:58.250+0000] {dag.py:2742} INFO - Sync 3 DAGs
[2025-02-03T11:54:58.265+0000] {logging_mixin.py:150} INFO - [2025-02-03T11:54:58.264+0000] {dag.py:3504} INFO - Setting next_dagrun for example_branch_datetime_operator to 2025-02-02T00:00:00+00:00, run_after=2025-02-03T00:00:00+00:00
[2025-02-03T11:54:58.268+0000] {logging_mixin.py:150} INFO - [2025-02-03T11:54:58.267+0000] {dag.py:3504} INFO - Setting next_dagrun for example_branch_datetime_operator_2 to 2025-02-02T00:00:00+00:00, run_after=2025-02-03T00:00:00+00:00
[2025-02-03T11:54:58.269+0000] {logging_mixin.py:150} INFO - [2025-02-03T11:54:58.269+0000] {dag.py:3504} INFO - Setting next_dagrun for example_branch_datetime_operator_3 to 2025-02-02T00:00:00+00:00, run_after=2025-02-03T00:00:00+00:00
[2025-02-03T11:54:58.283+0000] {processor.py:179} INFO - Processing /home/vscode/.local/lib/python3.10/site-packages/airflow/example_dags/example_branch_datetime_operator.py took 0.058 seconds
[2025-02-03T11:55:53.312+0000] {processor.py:157} INFO - Started process (PID=39641) to work on /home/vscode/.local/lib/python3.10/site-packages/airflow/example_dags/example_branch_datetime_operator.py
[2025-02-03T11:55:53.312+0000] {processor.py:826} INFO - Processing file /home/vscode/.local/lib/python3.10/site-packages/airflow/example_dags/example_branch_datetime_operator.py for tasks to queue
[2025-02-03T11:55:53.313+0000] {logging_mixin.py:150} INFO - [2025-02-03T11:55:53.313+0000] {dagbag.py:541} INFO - Filling up the DagBag from /home/vscode/.local/lib/python3.10/site-packages/airflow/example_dags/example_branch_datetime_operator.py
[2025-02-03T11:55:53.320+0000] {processor.py:836} INFO - DAG(s) dict_keys(['example_branch_datetime_operator', 'example_branch_datetime_operator_2', 'example_branch_datetime_operator_3']) retrieved from /home/vscode/.local/lib/python3.10/site-packages/airflow/example_dags/example_branch_datetime_operator.py
[2025-02-03T11:55:53.335+0000] {logging_mixin.py:150} INFO - [2025-02-03T11:55:53.335+0000] {dag.py:2742} INFO - Sync 3 DAGs
[2025-02-03T11:55:53.350+0000] {logging_mixin.py:150} INFO - [2025-02-03T11:55:53.350+0000] {dag.py:3504} INFO - Setting next_dagrun for example_branch_datetime_operator to 2025-02-02T00:00:00+00:00, run_after=2025-02-03T00:00:00+00:00
[2025-02-03T11:55:53.353+0000] {logging_mixin.py:150} INFO - [2025-02-03T11:55:53.353+0000] {dag.py:3504} INFO - Setting next_dagrun for example_branch_datetime_operator_2 to 2025-02-02T00:00:00+00:00, run_after=2025-02-03T00:00:00+00:00
[2025-02-03T11:55:53.355+0000] {logging_mixin.py:150} INFO - [2025-02-03T11:55:53.355+0000] {dag.py:3504} INFO - Setting next_dagrun for example_branch_datetime_operator_3 to 2025-02-02T00:00:00+00:00, run_after=2025-02-03T00:00:00+00:00
[2025-02-03T11:55:53.368+0000] {processor.py:179} INFO - Processing /home/vscode/.local/lib/python3.10/site-packages/airflow/example_dags/example_branch_datetime_operator.py took 0.058 seconds
[2025-02-03T11:56:44.173+0000] {processor.py:157} INFO - Started process (PID=39981) to work on /home/vscode/.local/lib/python3.10/site-packages/airflow/example_dags/example_branch_datetime_operator.py
[2025-02-03T11:56:44.174+0000] {processor.py:826} INFO - Processing file /home/vscode/.local/lib/python3.10/site-packages/airflow/example_dags/example_branch_datetime_operator.py for tasks to queue
[2025-02-03T11:56:44.174+0000] {logging_mixin.py:150} INFO - [2025-02-03T11:56:44.174+0000] {dagbag.py:541} INFO - Filling up the DagBag from /home/vscode/.local/lib/python3.10/site-packages/airflow/example_dags/example_branch_datetime_operator.py
[2025-02-03T11:56:44.181+0000] {processor.py:836} INFO - DAG(s) dict_keys(['example_branch_datetime_operator_2', 'example_branch_datetime_operator', 'example_branch_datetime_operator_3']) retrieved from /home/vscode/.local/lib/python3.10/site-packages/airflow/example_dags/example_branch_datetime_operator.py
[2025-02-03T11:56:44.197+0000] {logging_mixin.py:150} INFO - [2025-02-03T11:56:44.197+0000] {dag.py:2742} INFO - Sync 3 DAGs
[2025-02-03T11:56:44.211+0000] {logging_mixin.py:150} INFO - [2025-02-03T11:56:44.211+0000] {dag.py:3504} INFO - Setting next_dagrun for example_branch_datetime_operator to 2025-02-02T00:00:00+00:00, run_after=2025-02-03T00:00:00+00:00
[2025-02-03T11:56:44.214+0000] {logging_mixin.py:150} INFO - [2025-02-03T11:56:44.214+0000] {dag.py:3504} INFO - Setting next_dagrun for example_branch_datetime_operator_2 to 2025-02-02T00:00:00+00:00, run_after=2025-02-03T00:00:00+00:00
[2025-02-03T11:56:44.216+0000] {logging_mixin.py:150} INFO - [2025-02-03T11:56:44.216+0000] {dag.py:3504} INFO - Setting next_dagrun for example_branch_datetime_operator_3 to 2025-02-02T00:00:00+00:00, run_after=2025-02-03T00:00:00+00:00
[2025-02-03T11:56:44.229+0000] {processor.py:179} INFO - Processing /home/vscode/.local/lib/python3.10/site-packages/airflow/example_dags/example_branch_datetime_operator.py took 0.059 seconds
[2025-02-03T11:57:28.409+0000] {processor.py:157} INFO - Started process (PID=40284) to work on /home/vscode/.local/lib/python3.10/site-packages/airflow/example_dags/example_branch_datetime_operator.py
[2025-02-03T11:57:28.410+0000] {processor.py:826} INFO - Processing file /home/vscode/.local/lib/python3.10/site-packages/airflow/example_dags/example_branch_datetime_operator.py for tasks to queue
[2025-02-03T11:57:28.410+0000] {logging_mixin.py:150} INFO - [2025-02-03T11:57:28.410+0000] {dagbag.py:541} INFO - Filling up the DagBag from /home/vscode/.local/lib/python3.10/site-packages/airflow/example_dags/example_branch_datetime_operator.py
[2025-02-03T11:57:28.417+0000] {processor.py:836} INFO - DAG(s) dict_keys(['example_branch_datetime_operator_3', 'example_branch_datetime_operator_2', 'example_branch_datetime_operator']) retrieved from /home/vscode/.local/lib/python3.10/site-packages/airflow/example_dags/example_branch_datetime_operator.py
[2025-02-03T11:57:28.434+0000] {logging_mixin.py:150} INFO - [2025-02-03T11:57:28.433+0000] {dag.py:2742} INFO - Sync 3 DAGs
[2025-02-03T11:57:28.449+0000] {logging_mixin.py:150} INFO - [2025-02-03T11:57:28.449+0000] {dag.py:3504} INFO - Setting next_dagrun for example_branch_datetime_operator to 2025-02-02T00:00:00+00:00, run_after=2025-02-03T00:00:00+00:00
[2025-02-03T11:57:28.452+0000] {logging_mixin.py:150} INFO - [2025-02-03T11:57:28.452+0000] {dag.py:3504} INFO - Setting next_dagrun for example_branch_datetime_operator_2 to 2025-02-02T00:00:00+00:00, run_after=2025-02-03T00:00:00+00:00
[2025-02-03T11:57:28.453+0000] {logging_mixin.py:150} INFO - [2025-02-03T11:57:28.453+0000] {dag.py:3504} INFO - Setting next_dagrun for example_branch_datetime_operator_3 to 2025-02-02T00:00:00+00:00, run_after=2025-02-03T00:00:00+00:00
[2025-02-03T11:57:28.466+0000] {processor.py:179} INFO - Processing /home/vscode/.local/lib/python3.10/site-packages/airflow/example_dags/example_branch_datetime_operator.py took 0.059 seconds
[2025-02-03T11:58:17.216+0000] {processor.py:157} INFO - Started process (PID=40609) to work on /home/vscode/.local/lib/python3.10/site-packages/airflow/example_dags/example_branch_datetime_operator.py
[2025-02-03T11:58:17.217+0000] {processor.py:826} INFO - Processing file /home/vscode/.local/lib/python3.10/site-packages/airflow/example_dags/example_branch_datetime_operator.py for tasks to queue
[2025-02-03T11:58:17.217+0000] {logging_mixin.py:150} INFO - [2025-02-03T11:58:17.217+0000] {dagbag.py:541} INFO - Filling up the DagBag from /home/vscode/.local/lib/python3.10/site-packages/airflow/example_dags/example_branch_datetime_operator.py
[2025-02-03T11:58:17.224+0000] {processor.py:836} INFO - DAG(s) dict_keys(['example_branch_datetime_operator_3', 'example_branch_datetime_operator_2', 'example_branch_datetime_operator']) retrieved from /home/vscode/.local/lib/python3.10/site-packages/airflow/example_dags/example_branch_datetime_operator.py
[2025-02-03T11:58:17.240+0000] {logging_mixin.py:150} INFO - [2025-02-03T11:58:17.240+0000] {dag.py:2742} INFO - Sync 3 DAGs
[2025-02-03T11:58:17.254+0000] {logging_mixin.py:150} INFO - [2025-02-03T11:58:17.254+0000] {dag.py:3504} INFO - Setting next_dagrun for example_branch_datetime_operator to 2025-02-02T00:00:00+00:00, run_after=2025-02-03T00:00:00+00:00
[2025-02-03T11:58:17.258+0000] {logging_mixin.py:150} INFO - [2025-02-03T11:58:17.258+0000] {dag.py:3504} INFO - Setting next_dagrun for example_branch_datetime_operator_2 to 2025-02-02T00:00:00+00:00, run_after=2025-02-03T00:00:00+00:00
[2025-02-03T11:58:17.259+0000] {logging_mixin.py:150} INFO - [2025-02-03T11:58:17.259+0000] {dag.py:3504} INFO - Setting next_dagrun for example_branch_datetime_operator_3 to 2025-02-02T00:00:00+00:00, run_after=2025-02-03T00:00:00+00:00
[2025-02-03T11:58:17.272+0000] {processor.py:179} INFO - Processing /home/vscode/.local/lib/python3.10/site-packages/airflow/example_dags/example_branch_datetime_operator.py took 0.058 seconds
[2025-02-03T11:59:00.313+0000] {processor.py:157} INFO - Started process (PID=40904) to work on /home/vscode/.local/lib/python3.10/site-packages/airflow/example_dags/example_branch_datetime_operator.py
[2025-02-03T11:59:00.313+0000] {processor.py:826} INFO - Processing file /home/vscode/.local/lib/python3.10/site-packages/airflow/example_dags/example_branch_datetime_operator.py for tasks to queue
[2025-02-03T11:59:00.314+0000] {logging_mixin.py:150} INFO - [2025-02-03T11:59:00.314+0000] {dagbag.py:541} INFO - Filling up the DagBag from /home/vscode/.local/lib/python3.10/site-packages/airflow/example_dags/example_branch_datetime_operator.py
[2025-02-03T11:59:00.321+0000] {processor.py:836} INFO - DAG(s) dict_keys(['example_branch_datetime_operator_2', 'example_branch_datetime_operator_3', 'example_branch_datetime_operator']) retrieved from /home/vscode/.local/lib/python3.10/site-packages/airflow/example_dags/example_branch_datetime_operator.py
[2025-02-03T11:59:00.337+0000] {logging_mixin.py:150} INFO - [2025-02-03T11:59:00.336+0000] {dag.py:2742} INFO - Sync 3 DAGs
[2025-02-03T11:59:00.354+0000] {logging_mixin.py:150} INFO - [2025-02-03T11:59:00.354+0000] {dag.py:3504} INFO - Setting next_dagrun for example_branch_datetime_operator to 2025-02-02T00:00:00+00:00, run_after=2025-02-03T00:00:00+00:00
[2025-02-03T11:59:00.358+0000] {logging_mixin.py:150} INFO - [2025-02-03T11:59:00.358+0000] {dag.py:3504} INFO - Setting next_dagrun for example_branch_datetime_operator_2 to 2025-02-02T00:00:00+00:00, run_after=2025-02-03T00:00:00+00:00
[2025-02-03T11:59:00.359+0000] {logging_mixin.py:150} INFO - [2025-02-03T11:59:00.359+0000] {dag.py:3504} INFO - Setting next_dagrun for example_branch_datetime_operator_3 to 2025-02-02T00:00:00+00:00, run_after=2025-02-03T00:00:00+00:00
[2025-02-03T11:59:00.373+0000] {processor.py:179} INFO - Processing /home/vscode/.local/lib/python3.10/site-packages/airflow/example_dags/example_branch_datetime_operator.py took 0.062 seconds
[2025-02-03T11:59:45.332+0000] {processor.py:157} INFO - Started process (PID=41200) to work on /home/vscode/.local/lib/python3.10/site-packages/airflow/example_dags/example_branch_datetime_operator.py
[2025-02-03T11:59:45.333+0000] {processor.py:826} INFO - Processing file /home/vscode/.local/lib/python3.10/site-packages/airflow/example_dags/example_branch_datetime_operator.py for tasks to queue
[2025-02-03T11:59:45.333+0000] {logging_mixin.py:150} INFO - [2025-02-03T11:59:45.333+0000] {dagbag.py:541} INFO - Filling up the DagBag from /home/vscode/.local/lib/python3.10/site-packages/airflow/example_dags/example_branch_datetime_operator.py
[2025-02-03T11:59:45.340+0000] {processor.py:836} INFO - DAG(s) dict_keys(['example_branch_datetime_operator_2', 'example_branch_datetime_operator_3', 'example_branch_datetime_operator']) retrieved from /home/vscode/.local/lib/python3.10/site-packages/airflow/example_dags/example_branch_datetime_operator.py
[2025-02-03T11:59:45.358+0000] {logging_mixin.py:150} INFO - [2025-02-03T11:59:45.358+0000] {dag.py:2742} INFO - Sync 3 DAGs
[2025-02-03T11:59:45.376+0000] {logging_mixin.py:150} INFO - [2025-02-03T11:59:45.376+0000] {dag.py:3504} INFO - Setting next_dagrun for example_branch_datetime_operator to 2025-02-02T00:00:00+00:00, run_after=2025-02-03T00:00:00+00:00
[2025-02-03T11:59:45.380+0000] {logging_mixin.py:150} INFO - [2025-02-03T11:59:45.380+0000] {dag.py:3504} INFO - Setting next_dagrun for example_branch_datetime_operator_2 to 2025-02-02T00:00:00+00:00, run_after=2025-02-03T00:00:00+00:00
[2025-02-03T11:59:45.382+0000] {logging_mixin.py:150} INFO - [2025-02-03T11:59:45.382+0000] {dag.py:3504} INFO - Setting next_dagrun for example_branch_datetime_operator_3 to 2025-02-02T00:00:00+00:00, run_after=2025-02-03T00:00:00+00:00
[2025-02-03T11:59:45.400+0000] {processor.py:179} INFO - Processing /home/vscode/.local/lib/python3.10/site-packages/airflow/example_dags/example_branch_datetime_operator.py took 0.070 seconds
[2025-02-03T12:00:41.436+0000] {processor.py:157} INFO - Started process (PID=41581) to work on /home/vscode/.local/lib/python3.10/site-packages/airflow/example_dags/example_branch_datetime_operator.py
[2025-02-03T12:00:41.437+0000] {processor.py:826} INFO - Processing file /home/vscode/.local/lib/python3.10/site-packages/airflow/example_dags/example_branch_datetime_operator.py for tasks to queue
[2025-02-03T12:00:41.437+0000] {logging_mixin.py:150} INFO - [2025-02-03T12:00:41.437+0000] {dagbag.py:541} INFO - Filling up the DagBag from /home/vscode/.local/lib/python3.10/site-packages/airflow/example_dags/example_branch_datetime_operator.py
[2025-02-03T12:00:41.444+0000] {processor.py:836} INFO - DAG(s) dict_keys(['example_branch_datetime_operator_2', 'example_branch_datetime_operator_3', 'example_branch_datetime_operator']) retrieved from /home/vscode/.local/lib/python3.10/site-packages/airflow/example_dags/example_branch_datetime_operator.py
[2025-02-03T12:00:41.461+0000] {logging_mixin.py:150} INFO - [2025-02-03T12:00:41.461+0000] {dag.py:2742} INFO - Sync 3 DAGs
[2025-02-03T12:00:41.477+0000] {logging_mixin.py:150} INFO - [2025-02-03T12:00:41.477+0000] {dag.py:3504} INFO - Setting next_dagrun for example_branch_datetime_operator to 2025-02-02T00:00:00+00:00, run_after=2025-02-03T00:00:00+00:00
[2025-02-03T12:00:41.481+0000] {logging_mixin.py:150} INFO - [2025-02-03T12:00:41.481+0000] {dag.py:3504} INFO - Setting next_dagrun for example_branch_datetime_operator_2 to 2025-02-02T00:00:00+00:00, run_after=2025-02-03T00:00:00+00:00
[2025-02-03T12:00:41.482+0000] {logging_mixin.py:150} INFO - [2025-02-03T12:00:41.482+0000] {dag.py:3504} INFO - Setting next_dagrun for example_branch_datetime_operator_3 to 2025-02-02T00:00:00+00:00, run_after=2025-02-03T00:00:00+00:00
[2025-02-03T12:00:41.496+0000] {processor.py:179} INFO - Processing /home/vscode/.local/lib/python3.10/site-packages/airflow/example_dags/example_branch_datetime_operator.py took 0.062 seconds
[2025-02-03T12:01:25.739+0000] {processor.py:157} INFO - Started process (PID=41871) to work on /home/vscode/.local/lib/python3.10/site-packages/airflow/example_dags/example_branch_datetime_operator.py
[2025-02-03T12:01:25.739+0000] {processor.py:826} INFO - Processing file /home/vscode/.local/lib/python3.10/site-packages/airflow/example_dags/example_branch_datetime_operator.py for tasks to queue
[2025-02-03T12:01:25.740+0000] {logging_mixin.py:150} INFO - [2025-02-03T12:01:25.740+0000] {dagbag.py:541} INFO - Filling up the DagBag from /home/vscode/.local/lib/python3.10/site-packages/airflow/example_dags/example_branch_datetime_operator.py
[2025-02-03T12:01:25.747+0000] {processor.py:836} INFO - DAG(s) dict_keys(['example_branch_datetime_operator_3', 'example_branch_datetime_operator_2', 'example_branch_datetime_operator']) retrieved from /home/vscode/.local/lib/python3.10/site-packages/airflow/example_dags/example_branch_datetime_operator.py
[2025-02-03T12:01:25.763+0000] {logging_mixin.py:150} INFO - [2025-02-03T12:01:25.763+0000] {dag.py:2742} INFO - Sync 3 DAGs
[2025-02-03T12:01:25.778+0000] {logging_mixin.py:150} INFO - [2025-02-03T12:01:25.778+0000] {dag.py:3504} INFO - Setting next_dagrun for example_branch_datetime_operator to 2025-02-02T00:00:00+00:00, run_after=2025-02-03T00:00:00+00:00
[2025-02-03T12:01:25.781+0000] {logging_mixin.py:150} INFO - [2025-02-03T12:01:25.781+0000] {dag.py:3504} INFO - Setting next_dagrun for example_branch_datetime_operator_2 to 2025-02-02T00:00:00+00:00, run_after=2025-02-03T00:00:00+00:00
[2025-02-03T12:01:25.783+0000] {logging_mixin.py:150} INFO - [2025-02-03T12:01:25.782+0000] {dag.py:3504} INFO - Setting next_dagrun for example_branch_datetime_operator_3 to 2025-02-02T00:00:00+00:00, run_after=2025-02-03T00:00:00+00:00
[2025-02-03T12:01:25.799+0000] {processor.py:179} INFO - Processing /home/vscode/.local/lib/python3.10/site-packages/airflow/example_dags/example_branch_datetime_operator.py took 0.062 seconds
[2025-02-03T12:02:10.280+0000] {processor.py:157} INFO - Started process (PID=42173) to work on /home/vscode/.local/lib/python3.10/site-packages/airflow/example_dags/example_branch_datetime_operator.py
[2025-02-03T12:02:10.281+0000] {processor.py:826} INFO - Processing file /home/vscode/.local/lib/python3.10/site-packages/airflow/example_dags/example_branch_datetime_operator.py for tasks to queue
[2025-02-03T12:02:10.282+0000] {logging_mixin.py:150} INFO - [2025-02-03T12:02:10.281+0000] {dagbag.py:541} INFO - Filling up the DagBag from /home/vscode/.local/lib/python3.10/site-packages/airflow/example_dags/example_branch_datetime_operator.py
[2025-02-03T12:02:10.288+0000] {processor.py:836} INFO - DAG(s) dict_keys(['example_branch_datetime_operator_2', 'example_branch_datetime_operator', 'example_branch_datetime_operator_3']) retrieved from /home/vscode/.local/lib/python3.10/site-packages/airflow/example_dags/example_branch_datetime_operator.py
[2025-02-03T12:02:10.304+0000] {logging_mixin.py:150} INFO - [2025-02-03T12:02:10.304+0000] {dag.py:2742} INFO - Sync 3 DAGs
[2025-02-03T12:02:10.322+0000] {logging_mixin.py:150} INFO - [2025-02-03T12:02:10.321+0000] {dag.py:3504} INFO - Setting next_dagrun for example_branch_datetime_operator to 2025-02-02T00:00:00+00:00, run_after=2025-02-03T00:00:00+00:00
[2025-02-03T12:02:10.326+0000] {logging_mixin.py:150} INFO - [2025-02-03T12:02:10.326+0000] {dag.py:3504} INFO - Setting next_dagrun for example_branch_datetime_operator_2 to 2025-02-02T00:00:00+00:00, run_after=2025-02-03T00:00:00+00:00
[2025-02-03T12:02:10.328+0000] {logging_mixin.py:150} INFO - [2025-02-03T12:02:10.328+0000] {dag.py:3504} INFO - Setting next_dagrun for example_branch_datetime_operator_3 to 2025-02-02T00:00:00+00:00, run_after=2025-02-03T00:00:00+00:00
[2025-02-03T12:02:10.346+0000] {processor.py:179} INFO - Processing /home/vscode/.local/lib/python3.10/site-packages/airflow/example_dags/example_branch_datetime_operator.py took 0.068 seconds
[2025-02-03T12:03:06.104+0000] {processor.py:157} INFO - Started process (PID=42554) to work on /home/vscode/.local/lib/python3.10/site-packages/airflow/example_dags/example_branch_datetime_operator.py
[2025-02-03T12:03:06.105+0000] {processor.py:826} INFO - Processing file /home/vscode/.local/lib/python3.10/site-packages/airflow/example_dags/example_branch_datetime_operator.py for tasks to queue
[2025-02-03T12:03:06.106+0000] {logging_mixin.py:150} INFO - [2025-02-03T12:03:06.105+0000] {dagbag.py:541} INFO - Filling up the DagBag from /home/vscode/.local/lib/python3.10/site-packages/airflow/example_dags/example_branch_datetime_operator.py
[2025-02-03T12:03:06.113+0000] {processor.py:836} INFO - DAG(s) dict_keys(['example_branch_datetime_operator_2', 'example_branch_datetime_operator_3', 'example_branch_datetime_operator']) retrieved from /home/vscode/.local/lib/python3.10/site-packages/airflow/example_dags/example_branch_datetime_operator.py
[2025-02-03T12:03:06.128+0000] {logging_mixin.py:150} INFO - [2025-02-03T12:03:06.128+0000] {dag.py:2742} INFO - Sync 3 DAGs
[2025-02-03T12:03:06.143+0000] {logging_mixin.py:150} INFO - [2025-02-03T12:03:06.143+0000] {dag.py:3504} INFO - Setting next_dagrun for example_branch_datetime_operator to 2025-02-02T00:00:00+00:00, run_after=2025-02-03T00:00:00+00:00
[2025-02-03T12:03:06.146+0000] {logging_mixin.py:150} INFO - [2025-02-03T12:03:06.146+0000] {dag.py:3504} INFO - Setting next_dagrun for example_branch_datetime_operator_2 to 2025-02-02T00:00:00+00:00, run_after=2025-02-03T00:00:00+00:00
[2025-02-03T12:03:06.148+0000] {logging_mixin.py:150} INFO - [2025-02-03T12:03:06.148+0000] {dag.py:3504} INFO - Setting next_dagrun for example_branch_datetime_operator_3 to 2025-02-02T00:00:00+00:00, run_after=2025-02-03T00:00:00+00:00
[2025-02-03T12:03:06.160+0000] {processor.py:179} INFO - Processing /home/vscode/.local/lib/python3.10/site-packages/airflow/example_dags/example_branch_datetime_operator.py took 0.058 seconds
[2025-02-03T12:04:04.069+0000] {processor.py:157} INFO - Started process (PID=42944) to work on /home/vscode/.local/lib/python3.10/site-packages/airflow/example_dags/example_branch_datetime_operator.py
[2025-02-03T12:04:04.070+0000] {processor.py:826} INFO - Processing file /home/vscode/.local/lib/python3.10/site-packages/airflow/example_dags/example_branch_datetime_operator.py for tasks to queue
[2025-02-03T12:04:04.070+0000] {logging_mixin.py:150} INFO - [2025-02-03T12:04:04.070+0000] {dagbag.py:541} INFO - Filling up the DagBag from /home/vscode/.local/lib/python3.10/site-packages/airflow/example_dags/example_branch_datetime_operator.py
[2025-02-03T12:04:04.077+0000] {processor.py:836} INFO - DAG(s) dict_keys(['example_branch_datetime_operator_3', 'example_branch_datetime_operator', 'example_branch_datetime_operator_2']) retrieved from /home/vscode/.local/lib/python3.10/site-packages/airflow/example_dags/example_branch_datetime_operator.py
[2025-02-03T12:04:04.093+0000] {logging_mixin.py:150} INFO - [2025-02-03T12:04:04.093+0000] {dag.py:2742} INFO - Sync 3 DAGs
[2025-02-03T12:04:04.108+0000] {logging_mixin.py:150} INFO - [2025-02-03T12:04:04.108+0000] {dag.py:3504} INFO - Setting next_dagrun for example_branch_datetime_operator to 2025-02-02T00:00:00+00:00, run_after=2025-02-03T00:00:00+00:00
[2025-02-03T12:04:04.111+0000] {logging_mixin.py:150} INFO - [2025-02-03T12:04:04.111+0000] {dag.py:3504} INFO - Setting next_dagrun for example_branch_datetime_operator_2 to 2025-02-02T00:00:00+00:00, run_after=2025-02-03T00:00:00+00:00
[2025-02-03T12:04:04.113+0000] {logging_mixin.py:150} INFO - [2025-02-03T12:04:04.113+0000] {dag.py:3504} INFO - Setting next_dagrun for example_branch_datetime_operator_3 to 2025-02-02T00:00:00+00:00, run_after=2025-02-03T00:00:00+00:00
[2025-02-03T12:04:04.125+0000] {processor.py:179} INFO - Processing /home/vscode/.local/lib/python3.10/site-packages/airflow/example_dags/example_branch_datetime_operator.py took 0.058 seconds
[2025-02-03T12:04:48.191+0000] {processor.py:157} INFO - Started process (PID=43239) to work on /home/vscode/.local/lib/python3.10/site-packages/airflow/example_dags/example_branch_datetime_operator.py
[2025-02-03T12:04:48.192+0000] {processor.py:826} INFO - Processing file /home/vscode/.local/lib/python3.10/site-packages/airflow/example_dags/example_branch_datetime_operator.py for tasks to queue
[2025-02-03T12:04:48.192+0000] {logging_mixin.py:150} INFO - [2025-02-03T12:04:48.192+0000] {dagbag.py:541} INFO - Filling up the DagBag from /home/vscode/.local/lib/python3.10/site-packages/airflow/example_dags/example_branch_datetime_operator.py
[2025-02-03T12:04:48.199+0000] {processor.py:836} INFO - DAG(s) dict_keys(['example_branch_datetime_operator_2', 'example_branch_datetime_operator_3', 'example_branch_datetime_operator']) retrieved from /home/vscode/.local/lib/python3.10/site-packages/airflow/example_dags/example_branch_datetime_operator.py
[2025-02-03T12:04:48.215+0000] {logging_mixin.py:150} INFO - [2025-02-03T12:04:48.215+0000] {dag.py:2742} INFO - Sync 3 DAGs
[2025-02-03T12:04:48.230+0000] {logging_mixin.py:150} INFO - [2025-02-03T12:04:48.230+0000] {dag.py:3504} INFO - Setting next_dagrun for example_branch_datetime_operator to 2025-02-02T00:00:00+00:00, run_after=2025-02-03T00:00:00+00:00
[2025-02-03T12:04:48.234+0000] {logging_mixin.py:150} INFO - [2025-02-03T12:04:48.233+0000] {dag.py:3504} INFO - Setting next_dagrun for example_branch_datetime_operator_2 to 2025-02-02T00:00:00+00:00, run_after=2025-02-03T00:00:00+00:00
[2025-02-03T12:04:48.235+0000] {logging_mixin.py:150} INFO - [2025-02-03T12:04:48.235+0000] {dag.py:3504} INFO - Setting next_dagrun for example_branch_datetime_operator_3 to 2025-02-02T00:00:00+00:00, run_after=2025-02-03T00:00:00+00:00
[2025-02-03T12:04:48.250+0000] {processor.py:179} INFO - Processing /home/vscode/.local/lib/python3.10/site-packages/airflow/example_dags/example_branch_datetime_operator.py took 0.061 seconds
[2025-02-03T12:05:46.420+0000] {processor.py:157} INFO - Started process (PID=43625) to work on /home/vscode/.local/lib/python3.10/site-packages/airflow/example_dags/example_branch_datetime_operator.py
[2025-02-03T12:05:46.421+0000] {processor.py:826} INFO - Processing file /home/vscode/.local/lib/python3.10/site-packages/airflow/example_dags/example_branch_datetime_operator.py for tasks to queue
[2025-02-03T12:05:46.421+0000] {logging_mixin.py:150} INFO - [2025-02-03T12:05:46.421+0000] {dagbag.py:541} INFO - Filling up the DagBag from /home/vscode/.local/lib/python3.10/site-packages/airflow/example_dags/example_branch_datetime_operator.py
[2025-02-03T12:05:46.428+0000] {processor.py:836} INFO - DAG(s) dict_keys(['example_branch_datetime_operator', 'example_branch_datetime_operator_2', 'example_branch_datetime_operator_3']) retrieved from /home/vscode/.local/lib/python3.10/site-packages/airflow/example_dags/example_branch_datetime_operator.py
[2025-02-03T12:05:46.444+0000] {logging_mixin.py:150} INFO - [2025-02-03T12:05:46.444+0000] {dag.py:2742} INFO - Sync 3 DAGs
[2025-02-03T12:05:46.459+0000] {logging_mixin.py:150} INFO - [2025-02-03T12:05:46.459+0000] {dag.py:3504} INFO - Setting next_dagrun for example_branch_datetime_operator to 2025-02-02T00:00:00+00:00, run_after=2025-02-03T00:00:00+00:00
[2025-02-03T12:05:46.462+0000] {logging_mixin.py:150} INFO - [2025-02-03T12:05:46.462+0000] {dag.py:3504} INFO - Setting next_dagrun for example_branch_datetime_operator_2 to 2025-02-02T00:00:00+00:00, run_after=2025-02-03T00:00:00+00:00
[2025-02-03T12:05:46.464+0000] {logging_mixin.py:150} INFO - [2025-02-03T12:05:46.464+0000] {dag.py:3504} INFO - Setting next_dagrun for example_branch_datetime_operator_3 to 2025-02-02T00:00:00+00:00, run_after=2025-02-03T00:00:00+00:00
[2025-02-03T12:05:46.477+0000] {processor.py:179} INFO - Processing /home/vscode/.local/lib/python3.10/site-packages/airflow/example_dags/example_branch_datetime_operator.py took 0.059 seconds
[2025-02-03T12:06:33.627+0000] {processor.py:157} INFO - Started process (PID=43948) to work on /home/vscode/.local/lib/python3.10/site-packages/airflow/example_dags/example_branch_datetime_operator.py
[2025-02-03T12:06:33.628+0000] {processor.py:826} INFO - Processing file /home/vscode/.local/lib/python3.10/site-packages/airflow/example_dags/example_branch_datetime_operator.py for tasks to queue
[2025-02-03T12:06:33.629+0000] {logging_mixin.py:150} INFO - [2025-02-03T12:06:33.628+0000] {dagbag.py:541} INFO - Filling up the DagBag from /home/vscode/.local/lib/python3.10/site-packages/airflow/example_dags/example_branch_datetime_operator.py
[2025-02-03T12:06:33.635+0000] {processor.py:836} INFO - DAG(s) dict_keys(['example_branch_datetime_operator', 'example_branch_datetime_operator_2', 'example_branch_datetime_operator_3']) retrieved from /home/vscode/.local/lib/python3.10/site-packages/airflow/example_dags/example_branch_datetime_operator.py
[2025-02-03T12:06:33.651+0000] {logging_mixin.py:150} INFO - [2025-02-03T12:06:33.651+0000] {dag.py:2742} INFO - Sync 3 DAGs
[2025-02-03T12:06:33.666+0000] {logging_mixin.py:150} INFO - [2025-02-03T12:06:33.666+0000] {dag.py:3504} INFO - Setting next_dagrun for example_branch_datetime_operator to 2025-02-02T00:00:00+00:00, run_after=2025-02-03T00:00:00+00:00
[2025-02-03T12:06:33.669+0000] {logging_mixin.py:150} INFO - [2025-02-03T12:06:33.669+0000] {dag.py:3504} INFO - Setting next_dagrun for example_branch_datetime_operator_2 to 2025-02-02T00:00:00+00:00, run_after=2025-02-03T00:00:00+00:00
[2025-02-03T12:06:33.671+0000] {logging_mixin.py:150} INFO - [2025-02-03T12:06:33.671+0000] {dag.py:3504} INFO - Setting next_dagrun for example_branch_datetime_operator_3 to 2025-02-02T00:00:00+00:00, run_after=2025-02-03T00:00:00+00:00
[2025-02-03T12:06:33.683+0000] {processor.py:179} INFO - Processing /home/vscode/.local/lib/python3.10/site-packages/airflow/example_dags/example_branch_datetime_operator.py took 0.058 seconds
[2025-02-03T12:07:20.588+0000] {processor.py:157} INFO - Started process (PID=44294) to work on /home/vscode/.local/lib/python3.10/site-packages/airflow/example_dags/example_branch_datetime_operator.py
[2025-02-03T12:07:20.589+0000] {processor.py:826} INFO - Processing file /home/vscode/.local/lib/python3.10/site-packages/airflow/example_dags/example_branch_datetime_operator.py for tasks to queue
[2025-02-03T12:07:20.589+0000] {logging_mixin.py:150} INFO - [2025-02-03T12:07:20.589+0000] {dagbag.py:541} INFO - Filling up the DagBag from /home/vscode/.local/lib/python3.10/site-packages/airflow/example_dags/example_branch_datetime_operator.py
[2025-02-03T12:07:20.596+0000] {processor.py:836} INFO - DAG(s) dict_keys(['example_branch_datetime_operator', 'example_branch_datetime_operator_2', 'example_branch_datetime_operator_3']) retrieved from /home/vscode/.local/lib/python3.10/site-packages/airflow/example_dags/example_branch_datetime_operator.py
[2025-02-03T12:07:20.612+0000] {logging_mixin.py:150} INFO - [2025-02-03T12:07:20.612+0000] {dag.py:2742} INFO - Sync 3 DAGs
[2025-02-03T12:07:20.631+0000] {logging_mixin.py:150} INFO - [2025-02-03T12:07:20.631+0000] {dag.py:3504} INFO - Setting next_dagrun for example_branch_datetime_operator to 2025-02-02T00:00:00+00:00, run_after=2025-02-03T00:00:00+00:00
[2025-02-03T12:07:20.635+0000] {logging_mixin.py:150} INFO - [2025-02-03T12:07:20.635+0000] {dag.py:3504} INFO - Setting next_dagrun for example_branch_datetime_operator_2 to 2025-02-02T00:00:00+00:00, run_after=2025-02-03T00:00:00+00:00
[2025-02-03T12:07:20.637+0000] {logging_mixin.py:150} INFO - [2025-02-03T12:07:20.636+0000] {dag.py:3504} INFO - Setting next_dagrun for example_branch_datetime_operator_3 to 2025-02-02T00:00:00+00:00, run_after=2025-02-03T00:00:00+00:00
[2025-02-03T12:07:20.650+0000] {processor.py:179} INFO - Processing /home/vscode/.local/lib/python3.10/site-packages/airflow/example_dags/example_branch_datetime_operator.py took 0.064 seconds
[2025-02-03T12:08:18.286+0000] {processor.py:157} INFO - Started process (PID=46317) to work on /home/vscode/.local/lib/python3.10/site-packages/airflow/example_dags/example_branch_datetime_operator.py
[2025-02-03T12:08:18.287+0000] {processor.py:826} INFO - Processing file /home/vscode/.local/lib/python3.10/site-packages/airflow/example_dags/example_branch_datetime_operator.py for tasks to queue
[2025-02-03T12:08:18.287+0000] {logging_mixin.py:150} INFO - [2025-02-03T12:08:18.287+0000] {dagbag.py:541} INFO - Filling up the DagBag from /home/vscode/.local/lib/python3.10/site-packages/airflow/example_dags/example_branch_datetime_operator.py
[2025-02-03T12:08:18.294+0000] {processor.py:836} INFO - DAG(s) dict_keys(['example_branch_datetime_operator_2', 'example_branch_datetime_operator_3', 'example_branch_datetime_operator']) retrieved from /home/vscode/.local/lib/python3.10/site-packages/airflow/example_dags/example_branch_datetime_operator.py
[2025-02-03T12:08:18.310+0000] {logging_mixin.py:150} INFO - [2025-02-03T12:08:18.310+0000] {dag.py:2742} INFO - Sync 3 DAGs
[2025-02-03T12:08:18.326+0000] {logging_mixin.py:150} INFO - [2025-02-03T12:08:18.325+0000] {dag.py:3504} INFO - Setting next_dagrun for example_branch_datetime_operator to 2025-02-02T00:00:00+00:00, run_after=2025-02-03T00:00:00+00:00
[2025-02-03T12:08:18.329+0000] {logging_mixin.py:150} INFO - [2025-02-03T12:08:18.329+0000] {dag.py:3504} INFO - Setting next_dagrun for example_branch_datetime_operator_2 to 2025-02-02T00:00:00+00:00, run_after=2025-02-03T00:00:00+00:00
[2025-02-03T12:08:18.330+0000] {logging_mixin.py:150} INFO - [2025-02-03T12:08:18.330+0000] {dag.py:3504} INFO - Setting next_dagrun for example_branch_datetime_operator_3 to 2025-02-02T00:00:00+00:00, run_after=2025-02-03T00:00:00+00:00
[2025-02-03T12:08:18.344+0000] {processor.py:179} INFO - Processing /home/vscode/.local/lib/python3.10/site-packages/airflow/example_dags/example_branch_datetime_operator.py took 0.060 seconds
[2025-02-03T12:09:05.233+0000] {processor.py:157} INFO - Started process (PID=46686) to work on /home/vscode/.local/lib/python3.10/site-packages/airflow/example_dags/example_branch_datetime_operator.py
[2025-02-03T12:09:05.234+0000] {processor.py:826} INFO - Processing file /home/vscode/.local/lib/python3.10/site-packages/airflow/example_dags/example_branch_datetime_operator.py for tasks to queue
[2025-02-03T12:09:05.235+0000] {logging_mixin.py:150} INFO - [2025-02-03T12:09:05.234+0000] {dagbag.py:541} INFO - Filling up the DagBag from /home/vscode/.local/lib/python3.10/site-packages/airflow/example_dags/example_branch_datetime_operator.py
[2025-02-03T12:09:05.242+0000] {processor.py:836} INFO - DAG(s) dict_keys(['example_branch_datetime_operator', 'example_branch_datetime_operator_3', 'example_branch_datetime_operator_2']) retrieved from /home/vscode/.local/lib/python3.10/site-packages/airflow/example_dags/example_branch_datetime_operator.py
[2025-02-03T12:09:05.257+0000] {logging_mixin.py:150} INFO - [2025-02-03T12:09:05.257+0000] {dag.py:2742} INFO - Sync 3 DAGs
[2025-02-03T12:09:05.273+0000] {logging_mixin.py:150} INFO - [2025-02-03T12:09:05.273+0000] {dag.py:3504} INFO - Setting next_dagrun for example_branch_datetime_operator to 2025-02-02T00:00:00+00:00, run_after=2025-02-03T00:00:00+00:00
[2025-02-03T12:09:05.276+0000] {logging_mixin.py:150} INFO - [2025-02-03T12:09:05.276+0000] {dag.py:3504} INFO - Setting next_dagrun for example_branch_datetime_operator_2 to 2025-02-02T00:00:00+00:00, run_after=2025-02-03T00:00:00+00:00
[2025-02-03T12:09:05.278+0000] {logging_mixin.py:150} INFO - [2025-02-03T12:09:05.277+0000] {dag.py:3504} INFO - Setting next_dagrun for example_branch_datetime_operator_3 to 2025-02-02T00:00:00+00:00, run_after=2025-02-03T00:00:00+00:00
[2025-02-03T12:09:05.292+0000] {processor.py:179} INFO - Processing /home/vscode/.local/lib/python3.10/site-packages/airflow/example_dags/example_branch_datetime_operator.py took 0.061 seconds
[2025-02-03T12:09:59.129+0000] {processor.py:157} INFO - Started process (PID=47648) to work on /home/vscode/.local/lib/python3.10/site-packages/airflow/example_dags/example_branch_datetime_operator.py
[2025-02-03T12:09:59.129+0000] {processor.py:826} INFO - Processing file /home/vscode/.local/lib/python3.10/site-packages/airflow/example_dags/example_branch_datetime_operator.py for tasks to queue
[2025-02-03T12:09:59.130+0000] {logging_mixin.py:150} INFO - [2025-02-03T12:09:59.130+0000] {dagbag.py:541} INFO - Filling up the DagBag from /home/vscode/.local/lib/python3.10/site-packages/airflow/example_dags/example_branch_datetime_operator.py
[2025-02-03T12:09:59.137+0000] {processor.py:836} INFO - DAG(s) dict_keys(['example_branch_datetime_operator_3', 'example_branch_datetime_operator_2', 'example_branch_datetime_operator']) retrieved from /home/vscode/.local/lib/python3.10/site-packages/airflow/example_dags/example_branch_datetime_operator.py
[2025-02-03T12:09:59.153+0000] {logging_mixin.py:150} INFO - [2025-02-03T12:09:59.153+0000] {dag.py:2742} INFO - Sync 3 DAGs
[2025-02-03T12:09:59.169+0000] {logging_mixin.py:150} INFO - [2025-02-03T12:09:59.169+0000] {dag.py:3504} INFO - Setting next_dagrun for example_branch_datetime_operator to 2025-02-02T00:00:00+00:00, run_after=2025-02-03T00:00:00+00:00
[2025-02-03T12:09:59.172+0000] {logging_mixin.py:150} INFO - [2025-02-03T12:09:59.172+0000] {dag.py:3504} INFO - Setting next_dagrun for example_branch_datetime_operator_2 to 2025-02-02T00:00:00+00:00, run_after=2025-02-03T00:00:00+00:00
[2025-02-03T12:09:59.174+0000] {logging_mixin.py:150} INFO - [2025-02-03T12:09:59.174+0000] {dag.py:3504} INFO - Setting next_dagrun for example_branch_datetime_operator_3 to 2025-02-02T00:00:00+00:00, run_after=2025-02-03T00:00:00+00:00
[2025-02-03T12:09:59.190+0000] {processor.py:179} INFO - Processing /home/vscode/.local/lib/python3.10/site-packages/airflow/example_dags/example_branch_datetime_operator.py took 0.064 seconds
