[2025-02-03T11:50:38.391+0000] {processor.py:157} INFO - Started process (PID=37536) to work on /home/vscode/.local/lib/python3.10/site-packages/airflow/example_dags/example_branch_operator_decorator.py
[2025-02-03T11:50:38.392+0000] {processor.py:826} INFO - Processing file /home/vscode/.local/lib/python3.10/site-packages/airflow/example_dags/example_branch_operator_decorator.py for tasks to queue
[2025-02-03T11:50:38.392+0000] {logging_mixin.py:150} INFO - [2025-02-03T11:50:38.392+0000] {dagbag.py:541} INFO - Filling up the DagBag from /home/vscode/.local/lib/python3.10/site-packages/airflow/example_dags/example_branch_operator_decorator.py
[2025-02-03T11:50:38.399+0000] {processor.py:836} INFO - DAG(s) dict_keys(['example_branch_python_operator_decorator']) retrieved from /home/vscode/.local/lib/python3.10/site-packages/airflow/example_dags/example_branch_operator_decorator.py
[2025-02-03T11:50:38.549+0000] {logging_mixin.py:150} INFO - [2025-02-03T11:50:38.549+0000] {manager.py:504} INFO - Created Permission View: can read on DAG:example_branch_python_operator_decorator
[2025-02-03T11:50:38.557+0000] {logging_mixin.py:150} INFO - [2025-02-03T11:50:38.557+0000] {manager.py:504} INFO - Created Permission View: can delete on DAG:example_branch_python_operator_decorator
[2025-02-03T11:50:38.564+0000] {logging_mixin.py:150} INFO - [2025-02-03T11:50:38.564+0000] {manager.py:504} INFO - Created Permission View: can edit on DAG:example_branch_python_operator_decorator
[2025-02-03T11:50:38.571+0000] {logging_mixin.py:150} INFO - [2025-02-03T11:50:38.571+0000] {dag.py:2742} INFO - Sync 1 DAGs
[2025-02-03T11:50:38.577+0000] {logging_mixin.py:150} INFO - [2025-02-03T11:50:38.577+0000] {dag.py:2763} INFO - Creating ORM DAG for example_branch_python_operator_decorator
[2025-02-03T11:50:38.584+0000] {logging_mixin.py:150} INFO - [2025-02-03T11:50:38.584+0000] {dag.py:3504} INFO - Setting next_dagrun for example_branch_python_operator_decorator to 2025-02-02T00:00:00+00:00, run_after=2025-02-03T00:00:00+00:00
[2025-02-03T11:50:38.598+0000] {processor.py:179} INFO - Processing /home/vscode/.local/lib/python3.10/site-packages/airflow/example_dags/example_branch_operator_decorator.py took 0.209 seconds
[2025-02-03T11:51:26.245+0000] {processor.py:157} INFO - Started process (PID=37852) to work on /home/vscode/.local/lib/python3.10/site-packages/airflow/example_dags/example_branch_operator_decorator.py
[2025-02-03T11:51:26.246+0000] {processor.py:826} INFO - Processing file /home/vscode/.local/lib/python3.10/site-packages/airflow/example_dags/example_branch_operator_decorator.py for tasks to queue
[2025-02-03T11:51:26.246+0000] {logging_mixin.py:150} INFO - [2025-02-03T11:51:26.246+0000] {dagbag.py:541} INFO - Filling up the DagBag from /home/vscode/.local/lib/python3.10/site-packages/airflow/example_dags/example_branch_operator_decorator.py
[2025-02-03T11:51:26.254+0000] {processor.py:836} INFO - DAG(s) dict_keys(['example_branch_python_operator_decorator']) retrieved from /home/vscode/.local/lib/python3.10/site-packages/airflow/example_dags/example_branch_operator_decorator.py
[2025-02-03T11:51:26.266+0000] {logging_mixin.py:150} INFO - [2025-02-03T11:51:26.266+0000] {dag.py:2742} INFO - Sync 1 DAGs
[2025-02-03T11:51:26.282+0000] {logging_mixin.py:150} INFO - [2025-02-03T11:51:26.281+0000] {dag.py:3504} INFO - Setting next_dagrun for example_branch_python_operator_decorator to 2025-02-02T00:00:00+00:00, run_after=2025-02-03T00:00:00+00:00
[2025-02-03T11:51:26.296+0000] {processor.py:179} INFO - Processing /home/vscode/.local/lib/python3.10/site-packages/airflow/example_dags/example_branch_operator_decorator.py took 0.053 seconds
[2025-02-03T11:52:11.872+0000] {processor.py:157} INFO - Started process (PID=38150) to work on /home/vscode/.local/lib/python3.10/site-packages/airflow/example_dags/example_branch_operator_decorator.py
[2025-02-03T11:52:11.872+0000] {processor.py:826} INFO - Processing file /home/vscode/.local/lib/python3.10/site-packages/airflow/example_dags/example_branch_operator_decorator.py for tasks to queue
[2025-02-03T11:52:11.873+0000] {logging_mixin.py:150} INFO - [2025-02-03T11:52:11.873+0000] {dagbag.py:541} INFO - Filling up the DagBag from /home/vscode/.local/lib/python3.10/site-packages/airflow/example_dags/example_branch_operator_decorator.py
[2025-02-03T11:52:11.880+0000] {processor.py:836} INFO - DAG(s) dict_keys(['example_branch_python_operator_decorator']) retrieved from /home/vscode/.local/lib/python3.10/site-packages/airflow/example_dags/example_branch_operator_decorator.py
[2025-02-03T11:52:11.893+0000] {logging_mixin.py:150} INFO - [2025-02-03T11:52:11.892+0000] {dag.py:2742} INFO - Sync 1 DAGs
[2025-02-03T11:52:11.907+0000] {logging_mixin.py:150} INFO - [2025-02-03T11:52:11.907+0000] {dag.py:3504} INFO - Setting next_dagrun for example_branch_python_operator_decorator to 2025-02-02T00:00:00+00:00, run_after=2025-02-03T00:00:00+00:00
[2025-02-03T11:52:11.922+0000] {processor.py:179} INFO - Processing /home/vscode/.local/lib/python3.10/site-packages/airflow/example_dags/example_branch_operator_decorator.py took 0.052 seconds
[2025-02-03T11:52:55.139+0000] {processor.py:157} INFO - Started process (PID=38445) to work on /home/vscode/.local/lib/python3.10/site-packages/airflow/example_dags/example_branch_operator_decorator.py
[2025-02-03T11:52:55.140+0000] {processor.py:826} INFO - Processing file /home/vscode/.local/lib/python3.10/site-packages/airflow/example_dags/example_branch_operator_decorator.py for tasks to queue
[2025-02-03T11:52:55.141+0000] {logging_mixin.py:150} INFO - [2025-02-03T11:52:55.140+0000] {dagbag.py:541} INFO - Filling up the DagBag from /home/vscode/.local/lib/python3.10/site-packages/airflow/example_dags/example_branch_operator_decorator.py
[2025-02-03T11:52:55.148+0000] {processor.py:836} INFO - DAG(s) dict_keys(['example_branch_python_operator_decorator']) retrieved from /home/vscode/.local/lib/python3.10/site-packages/airflow/example_dags/example_branch_operator_decorator.py
[2025-02-03T11:52:55.160+0000] {logging_mixin.py:150} INFO - [2025-02-03T11:52:55.160+0000] {dag.py:2742} INFO - Sync 1 DAGs
[2025-02-03T11:52:55.175+0000] {logging_mixin.py:150} INFO - [2025-02-03T11:52:55.175+0000] {dag.py:3504} INFO - Setting next_dagrun for example_branch_python_operator_decorator to 2025-02-02T00:00:00+00:00, run_after=2025-02-03T00:00:00+00:00
[2025-02-03T11:52:55.189+0000] {processor.py:179} INFO - Processing /home/vscode/.local/lib/python3.10/site-packages/airflow/example_dags/example_branch_operator_decorator.py took 0.052 seconds
[2025-02-03T11:53:41.366+0000] {processor.py:157} INFO - Started process (PID=38757) to work on /home/vscode/.local/lib/python3.10/site-packages/airflow/example_dags/example_branch_operator_decorator.py
[2025-02-03T11:53:41.366+0000] {processor.py:826} INFO - Processing file /home/vscode/.local/lib/python3.10/site-packages/airflow/example_dags/example_branch_operator_decorator.py for tasks to queue
[2025-02-03T11:53:41.367+0000] {logging_mixin.py:150} INFO - [2025-02-03T11:53:41.367+0000] {dagbag.py:541} INFO - Filling up the DagBag from /home/vscode/.local/lib/python3.10/site-packages/airflow/example_dags/example_branch_operator_decorator.py
[2025-02-03T11:53:41.374+0000] {processor.py:836} INFO - DAG(s) dict_keys(['example_branch_python_operator_decorator']) retrieved from /home/vscode/.local/lib/python3.10/site-packages/airflow/example_dags/example_branch_operator_decorator.py
[2025-02-03T11:53:41.388+0000] {logging_mixin.py:150} INFO - [2025-02-03T11:53:41.388+0000] {dag.py:2742} INFO - Sync 1 DAGs
[2025-02-03T11:53:41.404+0000] {logging_mixin.py:150} INFO - [2025-02-03T11:53:41.404+0000] {dag.py:3504} INFO - Setting next_dagrun for example_branch_python_operator_decorator to 2025-02-02T00:00:00+00:00, run_after=2025-02-03T00:00:00+00:00
[2025-02-03T11:53:41.422+0000] {processor.py:179} INFO - Processing /home/vscode/.local/lib/python3.10/site-packages/airflow/example_dags/example_branch_operator_decorator.py took 0.058 seconds
[2025-02-03T11:54:23.619+0000] {processor.py:157} INFO - Started process (PID=39042) to work on /home/vscode/.local/lib/python3.10/site-packages/airflow/example_dags/example_branch_operator_decorator.py
[2025-02-03T11:54:23.620+0000] {processor.py:826} INFO - Processing file /home/vscode/.local/lib/python3.10/site-packages/airflow/example_dags/example_branch_operator_decorator.py for tasks to queue
[2025-02-03T11:54:23.620+0000] {logging_mixin.py:150} INFO - [2025-02-03T11:54:23.620+0000] {dagbag.py:541} INFO - Filling up the DagBag from /home/vscode/.local/lib/python3.10/site-packages/airflow/example_dags/example_branch_operator_decorator.py
[2025-02-03T11:54:23.628+0000] {processor.py:836} INFO - DAG(s) dict_keys(['example_branch_python_operator_decorator']) retrieved from /home/vscode/.local/lib/python3.10/site-packages/airflow/example_dags/example_branch_operator_decorator.py
[2025-02-03T11:54:23.640+0000] {logging_mixin.py:150} INFO - [2025-02-03T11:54:23.640+0000] {dag.py:2742} INFO - Sync 1 DAGs
[2025-02-03T11:54:23.655+0000] {logging_mixin.py:150} INFO - [2025-02-03T11:54:23.654+0000] {dag.py:3504} INFO - Setting next_dagrun for example_branch_python_operator_decorator to 2025-02-02T00:00:00+00:00, run_after=2025-02-03T00:00:00+00:00
[2025-02-03T11:54:23.669+0000] {processor.py:179} INFO - Processing /home/vscode/.local/lib/python3.10/site-packages/airflow/example_dags/example_branch_operator_decorator.py took 0.052 seconds
[2025-02-03T11:55:07.222+0000] {processor.py:157} INFO - Started process (PID=39336) to work on /home/vscode/.local/lib/python3.10/site-packages/airflow/example_dags/example_branch_operator_decorator.py
[2025-02-03T11:55:07.222+0000] {processor.py:826} INFO - Processing file /home/vscode/.local/lib/python3.10/site-packages/airflow/example_dags/example_branch_operator_decorator.py for tasks to queue
[2025-02-03T11:55:07.223+0000] {logging_mixin.py:150} INFO - [2025-02-03T11:55:07.223+0000] {dagbag.py:541} INFO - Filling up the DagBag from /home/vscode/.local/lib/python3.10/site-packages/airflow/example_dags/example_branch_operator_decorator.py
[2025-02-03T11:55:07.230+0000] {processor.py:836} INFO - DAG(s) dict_keys(['example_branch_python_operator_decorator']) retrieved from /home/vscode/.local/lib/python3.10/site-packages/airflow/example_dags/example_branch_operator_decorator.py
[2025-02-03T11:55:07.242+0000] {logging_mixin.py:150} INFO - [2025-02-03T11:55:07.242+0000] {dag.py:2742} INFO - Sync 1 DAGs
[2025-02-03T11:55:07.257+0000] {logging_mixin.py:150} INFO - [2025-02-03T11:55:07.257+0000] {dag.py:3504} INFO - Setting next_dagrun for example_branch_python_operator_decorator to 2025-02-02T00:00:00+00:00, run_after=2025-02-03T00:00:00+00:00
[2025-02-03T11:55:07.271+0000] {processor.py:179} INFO - Processing /home/vscode/.local/lib/python3.10/site-packages/airflow/example_dags/example_branch_operator_decorator.py took 0.051 seconds
[2025-02-03T11:55:49.907+0000] {processor.py:157} INFO - Started process (PID=39622) to work on /home/vscode/.local/lib/python3.10/site-packages/airflow/example_dags/example_branch_operator_decorator.py
[2025-02-03T11:55:49.908+0000] {processor.py:826} INFO - Processing file /home/vscode/.local/lib/python3.10/site-packages/airflow/example_dags/example_branch_operator_decorator.py for tasks to queue
[2025-02-03T11:55:49.908+0000] {logging_mixin.py:150} INFO - [2025-02-03T11:55:49.908+0000] {dagbag.py:541} INFO - Filling up the DagBag from /home/vscode/.local/lib/python3.10/site-packages/airflow/example_dags/example_branch_operator_decorator.py
[2025-02-03T11:55:49.916+0000] {processor.py:836} INFO - DAG(s) dict_keys(['example_branch_python_operator_decorator']) retrieved from /home/vscode/.local/lib/python3.10/site-packages/airflow/example_dags/example_branch_operator_decorator.py
[2025-02-03T11:55:49.928+0000] {logging_mixin.py:150} INFO - [2025-02-03T11:55:49.928+0000] {dag.py:2742} INFO - Sync 1 DAGs
[2025-02-03T11:55:49.943+0000] {logging_mixin.py:150} INFO - [2025-02-03T11:55:49.943+0000] {dag.py:3504} INFO - Setting next_dagrun for example_branch_python_operator_decorator to 2025-02-02T00:00:00+00:00, run_after=2025-02-03T00:00:00+00:00
[2025-02-03T11:55:49.957+0000] {processor.py:179} INFO - Processing /home/vscode/.local/lib/python3.10/site-packages/airflow/example_dags/example_branch_operator_decorator.py took 0.052 seconds
[2025-02-03T11:56:31.011+0000] {processor.py:157} INFO - Started process (PID=39901) to work on /home/vscode/.local/lib/python3.10/site-packages/airflow/example_dags/example_branch_operator_decorator.py
[2025-02-03T11:56:31.012+0000] {processor.py:826} INFO - Processing file /home/vscode/.local/lib/python3.10/site-packages/airflow/example_dags/example_branch_operator_decorator.py for tasks to queue
[2025-02-03T11:56:31.012+0000] {logging_mixin.py:150} INFO - [2025-02-03T11:56:31.012+0000] {dagbag.py:541} INFO - Filling up the DagBag from /home/vscode/.local/lib/python3.10/site-packages/airflow/example_dags/example_branch_operator_decorator.py
[2025-02-03T11:56:31.019+0000] {processor.py:836} INFO - DAG(s) dict_keys(['example_branch_python_operator_decorator']) retrieved from /home/vscode/.local/lib/python3.10/site-packages/airflow/example_dags/example_branch_operator_decorator.py
[2025-02-03T11:56:31.032+0000] {logging_mixin.py:150} INFO - [2025-02-03T11:56:31.032+0000] {dag.py:2742} INFO - Sync 1 DAGs
[2025-02-03T11:56:31.047+0000] {logging_mixin.py:150} INFO - [2025-02-03T11:56:31.046+0000] {dag.py:3504} INFO - Setting next_dagrun for example_branch_python_operator_decorator to 2025-02-02T00:00:00+00:00, run_after=2025-02-03T00:00:00+00:00
[2025-02-03T11:56:31.061+0000] {processor.py:179} INFO - Processing /home/vscode/.local/lib/python3.10/site-packages/airflow/example_dags/example_branch_operator_decorator.py took 0.052 seconds
[2025-02-03T11:57:14.129+0000] {processor.py:157} INFO - Started process (PID=40187) to work on /home/vscode/.local/lib/python3.10/site-packages/airflow/example_dags/example_branch_operator_decorator.py
[2025-02-03T11:57:14.130+0000] {processor.py:826} INFO - Processing file /home/vscode/.local/lib/python3.10/site-packages/airflow/example_dags/example_branch_operator_decorator.py for tasks to queue
[2025-02-03T11:57:14.130+0000] {logging_mixin.py:150} INFO - [2025-02-03T11:57:14.130+0000] {dagbag.py:541} INFO - Filling up the DagBag from /home/vscode/.local/lib/python3.10/site-packages/airflow/example_dags/example_branch_operator_decorator.py
[2025-02-03T11:57:14.138+0000] {processor.py:836} INFO - DAG(s) dict_keys(['example_branch_python_operator_decorator']) retrieved from /home/vscode/.local/lib/python3.10/site-packages/airflow/example_dags/example_branch_operator_decorator.py
[2025-02-03T11:57:14.150+0000] {logging_mixin.py:150} INFO - [2025-02-03T11:57:14.150+0000] {dag.py:2742} INFO - Sync 1 DAGs
[2025-02-03T11:57:14.165+0000] {logging_mixin.py:150} INFO - [2025-02-03T11:57:14.165+0000] {dag.py:3504} INFO - Setting next_dagrun for example_branch_python_operator_decorator to 2025-02-02T00:00:00+00:00, run_after=2025-02-03T00:00:00+00:00
[2025-02-03T11:57:14.178+0000] {processor.py:179} INFO - Processing /home/vscode/.local/lib/python3.10/site-packages/airflow/example_dags/example_branch_operator_decorator.py took 0.051 seconds
[2025-02-03T11:57:59.237+0000] {processor.py:157} INFO - Started process (PID=40489) to work on /home/vscode/.local/lib/python3.10/site-packages/airflow/example_dags/example_branch_operator_decorator.py
[2025-02-03T11:57:59.238+0000] {processor.py:826} INFO - Processing file /home/vscode/.local/lib/python3.10/site-packages/airflow/example_dags/example_branch_operator_decorator.py for tasks to queue
[2025-02-03T11:57:59.239+0000] {logging_mixin.py:150} INFO - [2025-02-03T11:57:59.238+0000] {dagbag.py:541} INFO - Filling up the DagBag from /home/vscode/.local/lib/python3.10/site-packages/airflow/example_dags/example_branch_operator_decorator.py
[2025-02-03T11:57:59.248+0000] {processor.py:836} INFO - DAG(s) dict_keys(['example_branch_python_operator_decorator']) retrieved from /home/vscode/.local/lib/python3.10/site-packages/airflow/example_dags/example_branch_operator_decorator.py
[2025-02-03T11:57:59.267+0000] {logging_mixin.py:150} INFO - [2025-02-03T11:57:59.267+0000] {dag.py:2742} INFO - Sync 1 DAGs
[2025-02-03T11:57:59.286+0000] {logging_mixin.py:150} INFO - [2025-02-03T11:57:59.286+0000] {dag.py:3504} INFO - Setting next_dagrun for example_branch_python_operator_decorator to 2025-02-02T00:00:00+00:00, run_after=2025-02-03T00:00:00+00:00
[2025-02-03T11:57:59.300+0000] {processor.py:179} INFO - Processing /home/vscode/.local/lib/python3.10/site-packages/airflow/example_dags/example_branch_operator_decorator.py took 0.064 seconds
[2025-02-03T11:58:45.177+0000] {processor.py:157} INFO - Started process (PID=40800) to work on /home/vscode/.local/lib/python3.10/site-packages/airflow/example_dags/example_branch_operator_decorator.py
[2025-02-03T11:58:45.177+0000] {processor.py:826} INFO - Processing file /home/vscode/.local/lib/python3.10/site-packages/airflow/example_dags/example_branch_operator_decorator.py for tasks to queue
[2025-02-03T11:58:45.178+0000] {logging_mixin.py:150} INFO - [2025-02-03T11:58:45.178+0000] {dagbag.py:541} INFO - Filling up the DagBag from /home/vscode/.local/lib/python3.10/site-packages/airflow/example_dags/example_branch_operator_decorator.py
[2025-02-03T11:58:45.185+0000] {processor.py:836} INFO - DAG(s) dict_keys(['example_branch_python_operator_decorator']) retrieved from /home/vscode/.local/lib/python3.10/site-packages/airflow/example_dags/example_branch_operator_decorator.py
[2025-02-03T11:58:45.198+0000] {logging_mixin.py:150} INFO - [2025-02-03T11:58:45.198+0000] {dag.py:2742} INFO - Sync 1 DAGs
[2025-02-03T11:58:45.213+0000] {logging_mixin.py:150} INFO - [2025-02-03T11:58:45.213+0000] {dag.py:3504} INFO - Setting next_dagrun for example_branch_python_operator_decorator to 2025-02-02T00:00:00+00:00, run_after=2025-02-03T00:00:00+00:00
[2025-02-03T11:58:45.227+0000] {processor.py:179} INFO - Processing /home/vscode/.local/lib/python3.10/site-packages/airflow/example_dags/example_branch_operator_decorator.py took 0.052 seconds
[2025-02-03T11:59:27.675+0000] {processor.py:157} INFO - Started process (PID=41080) to work on /home/vscode/.local/lib/python3.10/site-packages/airflow/example_dags/example_branch_operator_decorator.py
[2025-02-03T11:59:27.675+0000] {processor.py:826} INFO - Processing file /home/vscode/.local/lib/python3.10/site-packages/airflow/example_dags/example_branch_operator_decorator.py for tasks to queue
[2025-02-03T11:59:27.676+0000] {logging_mixin.py:150} INFO - [2025-02-03T11:59:27.676+0000] {dagbag.py:541} INFO - Filling up the DagBag from /home/vscode/.local/lib/python3.10/site-packages/airflow/example_dags/example_branch_operator_decorator.py
[2025-02-03T11:59:27.684+0000] {processor.py:836} INFO - DAG(s) dict_keys(['example_branch_python_operator_decorator']) retrieved from /home/vscode/.local/lib/python3.10/site-packages/airflow/example_dags/example_branch_operator_decorator.py
[2025-02-03T11:59:27.702+0000] {logging_mixin.py:150} INFO - [2025-02-03T11:59:27.702+0000] {dag.py:2742} INFO - Sync 1 DAGs
[2025-02-03T11:59:27.719+0000] {logging_mixin.py:150} INFO - [2025-02-03T11:59:27.719+0000] {dag.py:3504} INFO - Setting next_dagrun for example_branch_python_operator_decorator to 2025-02-02T00:00:00+00:00, run_after=2025-02-03T00:00:00+00:00
[2025-02-03T11:59:27.733+0000] {processor.py:179} INFO - Processing /home/vscode/.local/lib/python3.10/site-packages/airflow/example_dags/example_branch_operator_decorator.py took 0.060 seconds
[2025-02-03T12:00:10.527+0000] {processor.py:157} INFO - Started process (PID=41374) to work on /home/vscode/.local/lib/python3.10/site-packages/airflow/example_dags/example_branch_operator_decorator.py
[2025-02-03T12:00:10.528+0000] {processor.py:826} INFO - Processing file /home/vscode/.local/lib/python3.10/site-packages/airflow/example_dags/example_branch_operator_decorator.py for tasks to queue
[2025-02-03T12:00:10.529+0000] {logging_mixin.py:150} INFO - [2025-02-03T12:00:10.529+0000] {dagbag.py:541} INFO - Filling up the DagBag from /home/vscode/.local/lib/python3.10/site-packages/airflow/example_dags/example_branch_operator_decorator.py
[2025-02-03T12:00:10.539+0000] {processor.py:836} INFO - DAG(s) dict_keys(['example_branch_python_operator_decorator']) retrieved from /home/vscode/.local/lib/python3.10/site-packages/airflow/example_dags/example_branch_operator_decorator.py
[2025-02-03T12:00:10.554+0000] {logging_mixin.py:150} INFO - [2025-02-03T12:00:10.553+0000] {dag.py:2742} INFO - Sync 1 DAGs
[2025-02-03T12:00:10.570+0000] {logging_mixin.py:150} INFO - [2025-02-03T12:00:10.570+0000] {dag.py:3504} INFO - Setting next_dagrun for example_branch_python_operator_decorator to 2025-02-02T00:00:00+00:00, run_after=2025-02-03T00:00:00+00:00
[2025-02-03T12:00:10.586+0000] {processor.py:179} INFO - Processing /home/vscode/.local/lib/python3.10/site-packages/airflow/example_dags/example_branch_operator_decorator.py took 0.062 seconds
[2025-02-03T12:00:52.641+0000] {processor.py:157} INFO - Started process (PID=41653) to work on /home/vscode/.local/lib/python3.10/site-packages/airflow/example_dags/example_branch_operator_decorator.py
[2025-02-03T12:00:52.641+0000] {processor.py:826} INFO - Processing file /home/vscode/.local/lib/python3.10/site-packages/airflow/example_dags/example_branch_operator_decorator.py for tasks to queue
[2025-02-03T12:00:52.642+0000] {logging_mixin.py:150} INFO - [2025-02-03T12:00:52.642+0000] {dagbag.py:541} INFO - Filling up the DagBag from /home/vscode/.local/lib/python3.10/site-packages/airflow/example_dags/example_branch_operator_decorator.py
[2025-02-03T12:00:52.649+0000] {processor.py:836} INFO - DAG(s) dict_keys(['example_branch_python_operator_decorator']) retrieved from /home/vscode/.local/lib/python3.10/site-packages/airflow/example_dags/example_branch_operator_decorator.py
[2025-02-03T12:00:52.662+0000] {logging_mixin.py:150} INFO - [2025-02-03T12:00:52.662+0000] {dag.py:2742} INFO - Sync 1 DAGs
[2025-02-03T12:00:52.679+0000] {logging_mixin.py:150} INFO - [2025-02-03T12:00:52.679+0000] {dag.py:3504} INFO - Setting next_dagrun for example_branch_python_operator_decorator to 2025-02-02T00:00:00+00:00, run_after=2025-02-03T00:00:00+00:00
[2025-02-03T12:00:52.695+0000] {processor.py:179} INFO - Processing /home/vscode/.local/lib/python3.10/site-packages/airflow/example_dags/example_branch_operator_decorator.py took 0.057 seconds
[2025-02-03T12:01:37.147+0000] {processor.py:157} INFO - Started process (PID=41947) to work on /home/vscode/.local/lib/python3.10/site-packages/airflow/example_dags/example_branch_operator_decorator.py
[2025-02-03T12:01:37.147+0000] {processor.py:826} INFO - Processing file /home/vscode/.local/lib/python3.10/site-packages/airflow/example_dags/example_branch_operator_decorator.py for tasks to queue
[2025-02-03T12:01:37.148+0000] {logging_mixin.py:150} INFO - [2025-02-03T12:01:37.148+0000] {dagbag.py:541} INFO - Filling up the DagBag from /home/vscode/.local/lib/python3.10/site-packages/airflow/example_dags/example_branch_operator_decorator.py
[2025-02-03T12:01:37.155+0000] {processor.py:836} INFO - DAG(s) dict_keys(['example_branch_python_operator_decorator']) retrieved from /home/vscode/.local/lib/python3.10/site-packages/airflow/example_dags/example_branch_operator_decorator.py
[2025-02-03T12:01:37.168+0000] {logging_mixin.py:150} INFO - [2025-02-03T12:01:37.168+0000] {dag.py:2742} INFO - Sync 1 DAGs
[2025-02-03T12:01:37.183+0000] {logging_mixin.py:150} INFO - [2025-02-03T12:01:37.183+0000] {dag.py:3504} INFO - Setting next_dagrun for example_branch_python_operator_decorator to 2025-02-02T00:00:00+00:00, run_after=2025-02-03T00:00:00+00:00
[2025-02-03T12:01:37.197+0000] {processor.py:179} INFO - Processing /home/vscode/.local/lib/python3.10/site-packages/airflow/example_dags/example_branch_operator_decorator.py took 0.052 seconds
[2025-02-03T12:02:20.414+0000] {processor.py:157} INFO - Started process (PID=42236) to work on /home/vscode/.local/lib/python3.10/site-packages/airflow/example_dags/example_branch_operator_decorator.py
[2025-02-03T12:02:20.415+0000] {processor.py:826} INFO - Processing file /home/vscode/.local/lib/python3.10/site-packages/airflow/example_dags/example_branch_operator_decorator.py for tasks to queue
[2025-02-03T12:02:20.415+0000] {logging_mixin.py:150} INFO - [2025-02-03T12:02:20.415+0000] {dagbag.py:541} INFO - Filling up the DagBag from /home/vscode/.local/lib/python3.10/site-packages/airflow/example_dags/example_branch_operator_decorator.py
[2025-02-03T12:02:20.422+0000] {processor.py:836} INFO - DAG(s) dict_keys(['example_branch_python_operator_decorator']) retrieved from /home/vscode/.local/lib/python3.10/site-packages/airflow/example_dags/example_branch_operator_decorator.py
[2025-02-03T12:02:20.436+0000] {logging_mixin.py:150} INFO - [2025-02-03T12:02:20.436+0000] {dag.py:2742} INFO - Sync 1 DAGs
[2025-02-03T12:02:20.451+0000] {logging_mixin.py:150} INFO - [2025-02-03T12:02:20.451+0000] {dag.py:3504} INFO - Setting next_dagrun for example_branch_python_operator_decorator to 2025-02-02T00:00:00+00:00, run_after=2025-02-03T00:00:00+00:00
[2025-02-03T12:02:20.465+0000] {processor.py:179} INFO - Processing /home/vscode/.local/lib/python3.10/site-packages/airflow/example_dags/example_branch_operator_decorator.py took 0.053 seconds
[2025-02-03T12:03:02.105+0000] {processor.py:157} INFO - Started process (PID=42527) to work on /home/vscode/.local/lib/python3.10/site-packages/airflow/example_dags/example_branch_operator_decorator.py
[2025-02-03T12:03:02.106+0000] {processor.py:826} INFO - Processing file /home/vscode/.local/lib/python3.10/site-packages/airflow/example_dags/example_branch_operator_decorator.py for tasks to queue
[2025-02-03T12:03:02.107+0000] {logging_mixin.py:150} INFO - [2025-02-03T12:03:02.106+0000] {dagbag.py:541} INFO - Filling up the DagBag from /home/vscode/.local/lib/python3.10/site-packages/airflow/example_dags/example_branch_operator_decorator.py
[2025-02-03T12:03:02.114+0000] {processor.py:836} INFO - DAG(s) dict_keys(['example_branch_python_operator_decorator']) retrieved from /home/vscode/.local/lib/python3.10/site-packages/airflow/example_dags/example_branch_operator_decorator.py
[2025-02-03T12:03:02.126+0000] {logging_mixin.py:150} INFO - [2025-02-03T12:03:02.126+0000] {dag.py:2742} INFO - Sync 1 DAGs
[2025-02-03T12:03:02.141+0000] {logging_mixin.py:150} INFO - [2025-02-03T12:03:02.140+0000] {dag.py:3504} INFO - Setting next_dagrun for example_branch_python_operator_decorator to 2025-02-02T00:00:00+00:00, run_after=2025-02-03T00:00:00+00:00
[2025-02-03T12:03:02.154+0000] {processor.py:179} INFO - Processing /home/vscode/.local/lib/python3.10/site-packages/airflow/example_dags/example_branch_operator_decorator.py took 0.051 seconds
[2025-02-03T12:03:45.482+0000] {processor.py:157} INFO - Started process (PID=42815) to work on /home/vscode/.local/lib/python3.10/site-packages/airflow/example_dags/example_branch_operator_decorator.py
[2025-02-03T12:03:45.483+0000] {processor.py:826} INFO - Processing file /home/vscode/.local/lib/python3.10/site-packages/airflow/example_dags/example_branch_operator_decorator.py for tasks to queue
[2025-02-03T12:03:45.483+0000] {logging_mixin.py:150} INFO - [2025-02-03T12:03:45.483+0000] {dagbag.py:541} INFO - Filling up the DagBag from /home/vscode/.local/lib/python3.10/site-packages/airflow/example_dags/example_branch_operator_decorator.py
[2025-02-03T12:03:45.491+0000] {processor.py:836} INFO - DAG(s) dict_keys(['example_branch_python_operator_decorator']) retrieved from /home/vscode/.local/lib/python3.10/site-packages/airflow/example_dags/example_branch_operator_decorator.py
[2025-02-03T12:03:45.504+0000] {logging_mixin.py:150} INFO - [2025-02-03T12:03:45.504+0000] {dag.py:2742} INFO - Sync 1 DAGs
[2025-02-03T12:03:45.520+0000] {logging_mixin.py:150} INFO - [2025-02-03T12:03:45.520+0000] {dag.py:3504} INFO - Setting next_dagrun for example_branch_python_operator_decorator to 2025-02-02T00:00:00+00:00, run_after=2025-02-03T00:00:00+00:00
[2025-02-03T12:03:45.535+0000] {processor.py:179} INFO - Processing /home/vscode/.local/lib/python3.10/site-packages/airflow/example_dags/example_branch_operator_decorator.py took 0.055 seconds
[2025-02-03T12:04:30.509+0000] {processor.py:157} INFO - Started process (PID=43111) to work on /home/vscode/.local/lib/python3.10/site-packages/airflow/example_dags/example_branch_operator_decorator.py
[2025-02-03T12:04:30.509+0000] {processor.py:826} INFO - Processing file /home/vscode/.local/lib/python3.10/site-packages/airflow/example_dags/example_branch_operator_decorator.py for tasks to queue
[2025-02-03T12:04:30.510+0000] {logging_mixin.py:150} INFO - [2025-02-03T12:04:30.510+0000] {dagbag.py:541} INFO - Filling up the DagBag from /home/vscode/.local/lib/python3.10/site-packages/airflow/example_dags/example_branch_operator_decorator.py
[2025-02-03T12:04:30.517+0000] {processor.py:836} INFO - DAG(s) dict_keys(['example_branch_python_operator_decorator']) retrieved from /home/vscode/.local/lib/python3.10/site-packages/airflow/example_dags/example_branch_operator_decorator.py
[2025-02-03T12:04:30.530+0000] {logging_mixin.py:150} INFO - [2025-02-03T12:04:30.530+0000] {dag.py:2742} INFO - Sync 1 DAGs
[2025-02-03T12:04:30.545+0000] {logging_mixin.py:150} INFO - [2025-02-03T12:04:30.545+0000] {dag.py:3504} INFO - Setting next_dagrun for example_branch_python_operator_decorator to 2025-02-02T00:00:00+00:00, run_after=2025-02-03T00:00:00+00:00
[2025-02-03T12:04:30.559+0000] {processor.py:179} INFO - Processing /home/vscode/.local/lib/python3.10/site-packages/airflow/example_dags/example_branch_operator_decorator.py took 0.053 seconds
[2025-02-03T12:05:12.634+0000] {processor.py:157} INFO - Started process (PID=43403) to work on /home/vscode/.local/lib/python3.10/site-packages/airflow/example_dags/example_branch_operator_decorator.py
[2025-02-03T12:05:12.635+0000] {processor.py:826} INFO - Processing file /home/vscode/.local/lib/python3.10/site-packages/airflow/example_dags/example_branch_operator_decorator.py for tasks to queue
[2025-02-03T12:05:12.635+0000] {logging_mixin.py:150} INFO - [2025-02-03T12:05:12.635+0000] {dagbag.py:541} INFO - Filling up the DagBag from /home/vscode/.local/lib/python3.10/site-packages/airflow/example_dags/example_branch_operator_decorator.py
[2025-02-03T12:05:12.642+0000] {processor.py:836} INFO - DAG(s) dict_keys(['example_branch_python_operator_decorator']) retrieved from /home/vscode/.local/lib/python3.10/site-packages/airflow/example_dags/example_branch_operator_decorator.py
[2025-02-03T12:05:12.655+0000] {logging_mixin.py:150} INFO - [2025-02-03T12:05:12.655+0000] {dag.py:2742} INFO - Sync 1 DAGs
[2025-02-03T12:05:12.669+0000] {logging_mixin.py:150} INFO - [2025-02-03T12:05:12.669+0000] {dag.py:3504} INFO - Setting next_dagrun for example_branch_python_operator_decorator to 2025-02-02T00:00:00+00:00, run_after=2025-02-03T00:00:00+00:00
[2025-02-03T12:05:12.683+0000] {processor.py:179} INFO - Processing /home/vscode/.local/lib/python3.10/site-packages/airflow/example_dags/example_branch_operator_decorator.py took 0.051 seconds
[2025-02-03T12:06:00.675+0000] {processor.py:157} INFO - Started process (PID=43719) to work on /home/vscode/.local/lib/python3.10/site-packages/airflow/example_dags/example_branch_operator_decorator.py
[2025-02-03T12:06:00.675+0000] {processor.py:826} INFO - Processing file /home/vscode/.local/lib/python3.10/site-packages/airflow/example_dags/example_branch_operator_decorator.py for tasks to queue
[2025-02-03T12:06:00.676+0000] {logging_mixin.py:150} INFO - [2025-02-03T12:06:00.676+0000] {dagbag.py:541} INFO - Filling up the DagBag from /home/vscode/.local/lib/python3.10/site-packages/airflow/example_dags/example_branch_operator_decorator.py
[2025-02-03T12:06:00.685+0000] {processor.py:836} INFO - DAG(s) dict_keys(['example_branch_python_operator_decorator']) retrieved from /home/vscode/.local/lib/python3.10/site-packages/airflow/example_dags/example_branch_operator_decorator.py
[2025-02-03T12:06:00.700+0000] {logging_mixin.py:150} INFO - [2025-02-03T12:06:00.700+0000] {dag.py:2742} INFO - Sync 1 DAGs
[2025-02-03T12:06:00.715+0000] {logging_mixin.py:150} INFO - [2025-02-03T12:06:00.715+0000] {dag.py:3504} INFO - Setting next_dagrun for example_branch_python_operator_decorator to 2025-02-02T00:00:00+00:00, run_after=2025-02-03T00:00:00+00:00
[2025-02-03T12:06:00.730+0000] {processor.py:179} INFO - Processing /home/vscode/.local/lib/python3.10/site-packages/airflow/example_dags/example_branch_operator_decorator.py took 0.058 seconds
[2025-02-03T12:06:46.025+0000] {processor.py:157} INFO - Started process (PID=44029) to work on /home/vscode/.local/lib/python3.10/site-packages/airflow/example_dags/example_branch_operator_decorator.py
[2025-02-03T12:06:46.026+0000] {processor.py:826} INFO - Processing file /home/vscode/.local/lib/python3.10/site-packages/airflow/example_dags/example_branch_operator_decorator.py for tasks to queue
[2025-02-03T12:06:46.026+0000] {logging_mixin.py:150} INFO - [2025-02-03T12:06:46.026+0000] {dagbag.py:541} INFO - Filling up the DagBag from /home/vscode/.local/lib/python3.10/site-packages/airflow/example_dags/example_branch_operator_decorator.py
[2025-02-03T12:06:46.034+0000] {processor.py:836} INFO - DAG(s) dict_keys(['example_branch_python_operator_decorator']) retrieved from /home/vscode/.local/lib/python3.10/site-packages/airflow/example_dags/example_branch_operator_decorator.py
[2025-02-03T12:06:46.047+0000] {logging_mixin.py:150} INFO - [2025-02-03T12:06:46.047+0000] {dag.py:2742} INFO - Sync 1 DAGs
[2025-02-03T12:06:46.063+0000] {logging_mixin.py:150} INFO - [2025-02-03T12:06:46.062+0000] {dag.py:3504} INFO - Setting next_dagrun for example_branch_python_operator_decorator to 2025-02-02T00:00:00+00:00, run_after=2025-02-03T00:00:00+00:00
[2025-02-03T12:06:46.078+0000] {processor.py:179} INFO - Processing /home/vscode/.local/lib/python3.10/site-packages/airflow/example_dags/example_branch_operator_decorator.py took 0.055 seconds
[2025-02-03T12:07:32.470+0000] {processor.py:157} INFO - Started process (PID=44896) to work on /home/vscode/.local/lib/python3.10/site-packages/airflow/example_dags/example_branch_operator_decorator.py
[2025-02-03T12:07:32.470+0000] {processor.py:826} INFO - Processing file /home/vscode/.local/lib/python3.10/site-packages/airflow/example_dags/example_branch_operator_decorator.py for tasks to queue
[2025-02-03T12:07:32.471+0000] {logging_mixin.py:150} INFO - [2025-02-03T12:07:32.471+0000] {dagbag.py:541} INFO - Filling up the DagBag from /home/vscode/.local/lib/python3.10/site-packages/airflow/example_dags/example_branch_operator_decorator.py
[2025-02-03T12:07:32.479+0000] {processor.py:836} INFO - DAG(s) dict_keys(['example_branch_python_operator_decorator']) retrieved from /home/vscode/.local/lib/python3.10/site-packages/airflow/example_dags/example_branch_operator_decorator.py
[2025-02-03T12:07:32.493+0000] {logging_mixin.py:150} INFO - [2025-02-03T12:07:32.492+0000] {dag.py:2742} INFO - Sync 1 DAGs
[2025-02-03T12:07:32.508+0000] {logging_mixin.py:150} INFO - [2025-02-03T12:07:32.508+0000] {dag.py:3504} INFO - Setting next_dagrun for example_branch_python_operator_decorator to 2025-02-02T00:00:00+00:00, run_after=2025-02-03T00:00:00+00:00
[2025-02-03T12:07:32.522+0000] {processor.py:179} INFO - Processing /home/vscode/.local/lib/python3.10/site-packages/airflow/example_dags/example_branch_operator_decorator.py took 0.056 seconds
[2025-02-03T12:08:14.168+0000] {processor.py:157} INFO - Started process (PID=46292) to work on /home/vscode/.local/lib/python3.10/site-packages/airflow/example_dags/example_branch_operator_decorator.py
[2025-02-03T12:08:14.169+0000] {processor.py:826} INFO - Processing file /home/vscode/.local/lib/python3.10/site-packages/airflow/example_dags/example_branch_operator_decorator.py for tasks to queue
[2025-02-03T12:08:14.169+0000] {logging_mixin.py:150} INFO - [2025-02-03T12:08:14.169+0000] {dagbag.py:541} INFO - Filling up the DagBag from /home/vscode/.local/lib/python3.10/site-packages/airflow/example_dags/example_branch_operator_decorator.py
[2025-02-03T12:08:14.177+0000] {processor.py:836} INFO - DAG(s) dict_keys(['example_branch_python_operator_decorator']) retrieved from /home/vscode/.local/lib/python3.10/site-packages/airflow/example_dags/example_branch_operator_decorator.py
[2025-02-03T12:08:14.190+0000] {logging_mixin.py:150} INFO - [2025-02-03T12:08:14.189+0000] {dag.py:2742} INFO - Sync 1 DAGs
[2025-02-03T12:08:14.204+0000] {logging_mixin.py:150} INFO - [2025-02-03T12:08:14.204+0000] {dag.py:3504} INFO - Setting next_dagrun for example_branch_python_operator_decorator to 2025-02-02T00:00:00+00:00, run_after=2025-02-03T00:00:00+00:00
[2025-02-03T12:08:14.219+0000] {processor.py:179} INFO - Processing /home/vscode/.local/lib/python3.10/site-packages/airflow/example_dags/example_branch_operator_decorator.py took 0.053 seconds
[2025-02-03T12:09:01.505+0000] {processor.py:157} INFO - Started process (PID=46652) to work on /home/vscode/.local/lib/python3.10/site-packages/airflow/example_dags/example_branch_operator_decorator.py
[2025-02-03T12:09:01.505+0000] {processor.py:826} INFO - Processing file /home/vscode/.local/lib/python3.10/site-packages/airflow/example_dags/example_branch_operator_decorator.py for tasks to queue
[2025-02-03T12:09:01.506+0000] {logging_mixin.py:150} INFO - [2025-02-03T12:09:01.506+0000] {dagbag.py:541} INFO - Filling up the DagBag from /home/vscode/.local/lib/python3.10/site-packages/airflow/example_dags/example_branch_operator_decorator.py
[2025-02-03T12:09:01.513+0000] {processor.py:836} INFO - DAG(s) dict_keys(['example_branch_python_operator_decorator']) retrieved from /home/vscode/.local/lib/python3.10/site-packages/airflow/example_dags/example_branch_operator_decorator.py
[2025-02-03T12:09:01.526+0000] {logging_mixin.py:150} INFO - [2025-02-03T12:09:01.526+0000] {dag.py:2742} INFO - Sync 1 DAGs
[2025-02-03T12:09:01.543+0000] {logging_mixin.py:150} INFO - [2025-02-03T12:09:01.543+0000] {dag.py:3504} INFO - Setting next_dagrun for example_branch_python_operator_decorator to 2025-02-02T00:00:00+00:00, run_after=2025-02-03T00:00:00+00:00
[2025-02-03T12:09:01.557+0000] {processor.py:179} INFO - Processing /home/vscode/.local/lib/python3.10/site-packages/airflow/example_dags/example_branch_operator_decorator.py took 0.055 seconds
[2025-02-03T12:09:42.703+0000] {processor.py:157} INFO - Started process (PID=47532) to work on /home/vscode/.local/lib/python3.10/site-packages/airflow/example_dags/example_branch_operator_decorator.py
[2025-02-03T12:09:42.704+0000] {processor.py:826} INFO - Processing file /home/vscode/.local/lib/python3.10/site-packages/airflow/example_dags/example_branch_operator_decorator.py for tasks to queue
[2025-02-03T12:09:42.704+0000] {logging_mixin.py:150} INFO - [2025-02-03T12:09:42.704+0000] {dagbag.py:541} INFO - Filling up the DagBag from /home/vscode/.local/lib/python3.10/site-packages/airflow/example_dags/example_branch_operator_decorator.py
[2025-02-03T12:09:42.712+0000] {processor.py:836} INFO - DAG(s) dict_keys(['example_branch_python_operator_decorator']) retrieved from /home/vscode/.local/lib/python3.10/site-packages/airflow/example_dags/example_branch_operator_decorator.py
[2025-02-03T12:09:42.725+0000] {logging_mixin.py:150} INFO - [2025-02-03T12:09:42.725+0000] {dag.py:2742} INFO - Sync 1 DAGs
[2025-02-03T12:09:42.740+0000] {logging_mixin.py:150} INFO - [2025-02-03T12:09:42.740+0000] {dag.py:3504} INFO - Setting next_dagrun for example_branch_python_operator_decorator to 2025-02-02T00:00:00+00:00, run_after=2025-02-03T00:00:00+00:00
[2025-02-03T12:09:42.754+0000] {processor.py:179} INFO - Processing /home/vscode/.local/lib/python3.10/site-packages/airflow/example_dags/example_branch_operator_decorator.py took 0.053 seconds
