[2025-02-03T11:50:13.077+0000] {processor.py:157} INFO - Started process (PID=37348) to work on /home/vscode/.local/lib/python3.10/site-packages/airflow/example_dags/example_sla_dag.py
[2025-02-03T11:50:13.078+0000] {processor.py:826} INFO - Processing file /home/vscode/.local/lib/python3.10/site-packages/airflow/example_dags/example_sla_dag.py for tasks to queue
[2025-02-03T11:50:13.079+0000] {logging_mixin.py:150} INFO - [2025-02-03T11:50:13.078+0000] {dagbag.py:541} INFO - Filling up the DagBag from /home/vscode/.local/lib/python3.10/site-packages/airflow/example_dags/example_sla_dag.py
[2025-02-03T11:50:13.089+0000] {processor.py:836} INFO - DAG(s) dict_keys(['example_sla_dag']) retrieved from /home/vscode/.local/lib/python3.10/site-packages/airflow/example_dags/example_sla_dag.py
[2025-02-03T11:50:13.238+0000] {logging_mixin.py:150} INFO - [2025-02-03T11:50:13.238+0000] {manager.py:504} INFO - Created Permission View: can read on DAG:example_sla_dag
[2025-02-03T11:50:13.246+0000] {logging_mixin.py:150} INFO - [2025-02-03T11:50:13.245+0000] {manager.py:504} INFO - Created Permission View: can delete on DAG:example_sla_dag
[2025-02-03T11:50:13.251+0000] {logging_mixin.py:150} INFO - [2025-02-03T11:50:13.251+0000] {manager.py:504} INFO - Created Permission View: can edit on DAG:example_sla_dag
[2025-02-03T11:50:13.258+0000] {logging_mixin.py:150} INFO - [2025-02-03T11:50:13.258+0000] {dag.py:2742} INFO - Sync 1 DAGs
[2025-02-03T11:50:13.266+0000] {logging_mixin.py:150} INFO - [2025-02-03T11:50:13.265+0000] {dag.py:2763} INFO - Creating ORM DAG for example_sla_dag
[2025-02-03T11:50:13.274+0000] {logging_mixin.py:150} INFO - [2025-02-03T11:50:13.273+0000] {dag.py:3504} INFO - Setting next_dagrun for example_sla_dag to 2025-02-03T11:48:00+00:00, run_after=2025-02-03T11:50:00+00:00
[2025-02-03T11:50:13.287+0000] {processor.py:179} INFO - Processing /home/vscode/.local/lib/python3.10/site-packages/airflow/example_dags/example_sla_dag.py took 0.212 seconds
[2025-02-03T11:51:05.710+0000] {processor.py:157} INFO - Started process (PID=37709) to work on /home/vscode/.local/lib/python3.10/site-packages/airflow/example_dags/example_sla_dag.py
[2025-02-03T11:51:05.710+0000] {processor.py:826} INFO - Processing file /home/vscode/.local/lib/python3.10/site-packages/airflow/example_dags/example_sla_dag.py for tasks to queue
[2025-02-03T11:51:05.711+0000] {logging_mixin.py:150} INFO - [2025-02-03T11:51:05.711+0000] {dagbag.py:541} INFO - Filling up the DagBag from /home/vscode/.local/lib/python3.10/site-packages/airflow/example_dags/example_sla_dag.py
[2025-02-03T11:51:05.717+0000] {processor.py:836} INFO - DAG(s) dict_keys(['example_sla_dag']) retrieved from /home/vscode/.local/lib/python3.10/site-packages/airflow/example_dags/example_sla_dag.py
[2025-02-03T11:51:05.728+0000] {logging_mixin.py:150} INFO - [2025-02-03T11:51:05.728+0000] {dag.py:2742} INFO - Sync 1 DAGs
[2025-02-03T11:51:05.750+0000] {logging_mixin.py:150} INFO - [2025-02-03T11:51:05.750+0000] {dag.py:3504} INFO - Setting next_dagrun for example_sla_dag to 2025-02-03T11:48:00+00:00, run_after=2025-02-03T11:50:00+00:00
[2025-02-03T11:51:05.767+0000] {processor.py:179} INFO - Processing /home/vscode/.local/lib/python3.10/site-packages/airflow/example_dags/example_sla_dag.py took 0.059 seconds
[2025-02-03T11:51:39.375+0000] {processor.py:157} INFO - Started process (PID=37933) to work on /home/vscode/.local/lib/python3.10/site-packages/airflow/example_dags/example_sla_dag.py
[2025-02-03T11:51:39.375+0000] {processor.py:826} INFO - Processing file /home/vscode/.local/lib/python3.10/site-packages/airflow/example_dags/example_sla_dag.py for tasks to queue
[2025-02-03T11:51:39.376+0000] {logging_mixin.py:150} INFO - [2025-02-03T11:51:39.376+0000] {dagbag.py:541} INFO - Filling up the DagBag from /home/vscode/.local/lib/python3.10/site-packages/airflow/example_dags/example_sla_dag.py
[2025-02-03T11:51:39.382+0000] {processor.py:836} INFO - DAG(s) dict_keys(['example_sla_dag']) retrieved from /home/vscode/.local/lib/python3.10/site-packages/airflow/example_dags/example_sla_dag.py
[2025-02-03T11:51:39.392+0000] {logging_mixin.py:150} INFO - [2025-02-03T11:51:39.392+0000] {dag.py:2742} INFO - Sync 1 DAGs
[2025-02-03T11:51:39.409+0000] {logging_mixin.py:150} INFO - [2025-02-03T11:51:39.409+0000] {dag.py:3504} INFO - Setting next_dagrun for example_sla_dag to 2025-02-03T11:48:00+00:00, run_after=2025-02-03T11:50:00+00:00
[2025-02-03T11:51:39.423+0000] {processor.py:179} INFO - Processing /home/vscode/.local/lib/python3.10/site-packages/airflow/example_dags/example_sla_dag.py took 0.051 seconds
[2025-02-03T11:52:22.804+0000] {processor.py:157} INFO - Started process (PID=38226) to work on /home/vscode/.local/lib/python3.10/site-packages/airflow/example_dags/example_sla_dag.py
[2025-02-03T11:52:22.804+0000] {processor.py:826} INFO - Processing file /home/vscode/.local/lib/python3.10/site-packages/airflow/example_dags/example_sla_dag.py for tasks to queue
[2025-02-03T11:52:22.805+0000] {logging_mixin.py:150} INFO - [2025-02-03T11:52:22.805+0000] {dagbag.py:541} INFO - Filling up the DagBag from /home/vscode/.local/lib/python3.10/site-packages/airflow/example_dags/example_sla_dag.py
[2025-02-03T11:52:22.811+0000] {processor.py:836} INFO - DAG(s) dict_keys(['example_sla_dag']) retrieved from /home/vscode/.local/lib/python3.10/site-packages/airflow/example_dags/example_sla_dag.py
[2025-02-03T11:52:22.822+0000] {logging_mixin.py:150} INFO - [2025-02-03T11:52:22.822+0000] {dag.py:2742} INFO - Sync 1 DAGs
[2025-02-03T11:52:22.838+0000] {logging_mixin.py:150} INFO - [2025-02-03T11:52:22.838+0000] {dag.py:3504} INFO - Setting next_dagrun for example_sla_dag to 2025-02-03T11:50:00+00:00, run_after=2025-02-03T11:52:00+00:00
[2025-02-03T11:52:22.851+0000] {processor.py:179} INFO - Processing /home/vscode/.local/lib/python3.10/site-packages/airflow/example_dags/example_sla_dag.py took 0.050 seconds
[2025-02-03T11:53:02.548+0000] {processor.py:157} INFO - Started process (PID=38496) to work on /home/vscode/.local/lib/python3.10/site-packages/airflow/example_dags/example_sla_dag.py
[2025-02-03T11:53:02.549+0000] {processor.py:826} INFO - Processing file /home/vscode/.local/lib/python3.10/site-packages/airflow/example_dags/example_sla_dag.py for tasks to queue
[2025-02-03T11:53:02.549+0000] {logging_mixin.py:150} INFO - [2025-02-03T11:53:02.549+0000] {dagbag.py:541} INFO - Filling up the DagBag from /home/vscode/.local/lib/python3.10/site-packages/airflow/example_dags/example_sla_dag.py
[2025-02-03T11:53:02.555+0000] {processor.py:836} INFO - DAG(s) dict_keys(['example_sla_dag']) retrieved from /home/vscode/.local/lib/python3.10/site-packages/airflow/example_dags/example_sla_dag.py
[2025-02-03T11:53:02.566+0000] {logging_mixin.py:150} INFO - [2025-02-03T11:53:02.566+0000] {dag.py:2742} INFO - Sync 1 DAGs
[2025-02-03T11:53:02.583+0000] {logging_mixin.py:150} INFO - [2025-02-03T11:53:02.583+0000] {dag.py:3504} INFO - Setting next_dagrun for example_sla_dag to 2025-02-03T11:50:00+00:00, run_after=2025-02-03T11:52:00+00:00
[2025-02-03T11:53:02.597+0000] {processor.py:179} INFO - Processing /home/vscode/.local/lib/python3.10/site-packages/airflow/example_dags/example_sla_dag.py took 0.051 seconds
[2025-02-03T11:53:34.807+0000] {processor.py:157} INFO - Started process (PID=38712) to work on /home/vscode/.local/lib/python3.10/site-packages/airflow/example_dags/example_sla_dag.py
[2025-02-03T11:53:34.808+0000] {processor.py:826} INFO - Processing file /home/vscode/.local/lib/python3.10/site-packages/airflow/example_dags/example_sla_dag.py for tasks to queue
[2025-02-03T11:53:34.808+0000] {logging_mixin.py:150} INFO - [2025-02-03T11:53:34.808+0000] {dagbag.py:541} INFO - Filling up the DagBag from /home/vscode/.local/lib/python3.10/site-packages/airflow/example_dags/example_sla_dag.py
[2025-02-03T11:53:34.814+0000] {processor.py:836} INFO - DAG(s) dict_keys(['example_sla_dag']) retrieved from /home/vscode/.local/lib/python3.10/site-packages/airflow/example_dags/example_sla_dag.py
[2025-02-03T11:53:34.825+0000] {logging_mixin.py:150} INFO - [2025-02-03T11:53:34.825+0000] {dag.py:2742} INFO - Sync 1 DAGs
[2025-02-03T11:53:34.840+0000] {logging_mixin.py:150} INFO - [2025-02-03T11:53:34.840+0000] {dag.py:3504} INFO - Setting next_dagrun for example_sla_dag to 2025-02-03T11:50:00+00:00, run_after=2025-02-03T11:52:00+00:00
[2025-02-03T11:53:34.854+0000] {processor.py:179} INFO - Processing /home/vscode/.local/lib/python3.10/site-packages/airflow/example_dags/example_sla_dag.py took 0.048 seconds
[2025-02-03T11:54:16.552+0000] {processor.py:157} INFO - Started process (PID=38992) to work on /home/vscode/.local/lib/python3.10/site-packages/airflow/example_dags/example_sla_dag.py
[2025-02-03T11:54:16.553+0000] {processor.py:826} INFO - Processing file /home/vscode/.local/lib/python3.10/site-packages/airflow/example_dags/example_sla_dag.py for tasks to queue
[2025-02-03T11:54:16.554+0000] {logging_mixin.py:150} INFO - [2025-02-03T11:54:16.553+0000] {dagbag.py:541} INFO - Filling up the DagBag from /home/vscode/.local/lib/python3.10/site-packages/airflow/example_dags/example_sla_dag.py
[2025-02-03T11:54:16.560+0000] {processor.py:836} INFO - DAG(s) dict_keys(['example_sla_dag']) retrieved from /home/vscode/.local/lib/python3.10/site-packages/airflow/example_dags/example_sla_dag.py
[2025-02-03T11:54:16.571+0000] {logging_mixin.py:150} INFO - [2025-02-03T11:54:16.571+0000] {dag.py:2742} INFO - Sync 1 DAGs
[2025-02-03T11:54:16.587+0000] {logging_mixin.py:150} INFO - [2025-02-03T11:54:16.587+0000] {dag.py:3504} INFO - Setting next_dagrun for example_sla_dag to 2025-02-03T11:52:00+00:00, run_after=2025-02-03T11:54:00+00:00
[2025-02-03T11:54:16.601+0000] {processor.py:179} INFO - Processing /home/vscode/.local/lib/python3.10/site-packages/airflow/example_dags/example_sla_dag.py took 0.051 seconds
[2025-02-03T11:55:00.818+0000] {processor.py:157} INFO - Started process (PID=39286) to work on /home/vscode/.local/lib/python3.10/site-packages/airflow/example_dags/example_sla_dag.py
[2025-02-03T11:55:00.819+0000] {processor.py:826} INFO - Processing file /home/vscode/.local/lib/python3.10/site-packages/airflow/example_dags/example_sla_dag.py for tasks to queue
[2025-02-03T11:55:00.820+0000] {logging_mixin.py:150} INFO - [2025-02-03T11:55:00.819+0000] {dagbag.py:541} INFO - Filling up the DagBag from /home/vscode/.local/lib/python3.10/site-packages/airflow/example_dags/example_sla_dag.py
[2025-02-03T11:55:00.826+0000] {processor.py:836} INFO - DAG(s) dict_keys(['example_sla_dag']) retrieved from /home/vscode/.local/lib/python3.10/site-packages/airflow/example_dags/example_sla_dag.py
[2025-02-03T11:55:00.836+0000] {logging_mixin.py:150} INFO - [2025-02-03T11:55:00.836+0000] {dag.py:2742} INFO - Sync 1 DAGs
[2025-02-03T11:55:00.851+0000] {logging_mixin.py:150} INFO - [2025-02-03T11:55:00.851+0000] {dag.py:3504} INFO - Setting next_dagrun for example_sla_dag to 2025-02-03T11:52:00+00:00, run_after=2025-02-03T11:54:00+00:00
[2025-02-03T11:55:00.865+0000] {processor.py:179} INFO - Processing /home/vscode/.local/lib/python3.10/site-packages/airflow/example_dags/example_sla_dag.py took 0.049 seconds
[2025-02-03T11:55:40.792+0000] {processor.py:157} INFO - Started process (PID=39561) to work on /home/vscode/.local/lib/python3.10/site-packages/airflow/example_dags/example_sla_dag.py
[2025-02-03T11:55:40.793+0000] {processor.py:826} INFO - Processing file /home/vscode/.local/lib/python3.10/site-packages/airflow/example_dags/example_sla_dag.py for tasks to queue
[2025-02-03T11:55:40.793+0000] {logging_mixin.py:150} INFO - [2025-02-03T11:55:40.793+0000] {dagbag.py:541} INFO - Filling up the DagBag from /home/vscode/.local/lib/python3.10/site-packages/airflow/example_dags/example_sla_dag.py
[2025-02-03T11:55:40.799+0000] {processor.py:836} INFO - DAG(s) dict_keys(['example_sla_dag']) retrieved from /home/vscode/.local/lib/python3.10/site-packages/airflow/example_dags/example_sla_dag.py
[2025-02-03T11:55:40.810+0000] {logging_mixin.py:150} INFO - [2025-02-03T11:55:40.810+0000] {dag.py:2742} INFO - Sync 1 DAGs
[2025-02-03T11:55:40.825+0000] {logging_mixin.py:150} INFO - [2025-02-03T11:55:40.825+0000] {dag.py:3504} INFO - Setting next_dagrun for example_sla_dag to 2025-02-03T11:52:00+00:00, run_after=2025-02-03T11:54:00+00:00
[2025-02-03T11:55:40.839+0000] {processor.py:179} INFO - Processing /home/vscode/.local/lib/python3.10/site-packages/airflow/example_dags/example_sla_dag.py took 0.049 seconds
[2025-02-03T11:56:23.006+0000] {processor.py:157} INFO - Started process (PID=39848) to work on /home/vscode/.local/lib/python3.10/site-packages/airflow/example_dags/example_sla_dag.py
[2025-02-03T11:56:23.006+0000] {processor.py:826} INFO - Processing file /home/vscode/.local/lib/python3.10/site-packages/airflow/example_dags/example_sla_dag.py for tasks to queue
[2025-02-03T11:56:23.007+0000] {logging_mixin.py:150} INFO - [2025-02-03T11:56:23.007+0000] {dagbag.py:541} INFO - Filling up the DagBag from /home/vscode/.local/lib/python3.10/site-packages/airflow/example_dags/example_sla_dag.py
[2025-02-03T11:56:23.013+0000] {processor.py:836} INFO - DAG(s) dict_keys(['example_sla_dag']) retrieved from /home/vscode/.local/lib/python3.10/site-packages/airflow/example_dags/example_sla_dag.py
[2025-02-03T11:56:23.023+0000] {logging_mixin.py:150} INFO - [2025-02-03T11:56:23.023+0000] {dag.py:2742} INFO - Sync 1 DAGs
[2025-02-03T11:56:23.039+0000] {logging_mixin.py:150} INFO - [2025-02-03T11:56:23.039+0000] {dag.py:3504} INFO - Setting next_dagrun for example_sla_dag to 2025-02-03T11:54:00+00:00, run_after=2025-02-03T11:56:00+00:00
[2025-02-03T11:56:23.053+0000] {processor.py:179} INFO - Processing /home/vscode/.local/lib/python3.10/site-packages/airflow/example_dags/example_sla_dag.py took 0.049 seconds
[2025-02-03T11:57:01.582+0000] {processor.py:157} INFO - Started process (PID=40108) to work on /home/vscode/.local/lib/python3.10/site-packages/airflow/example_dags/example_sla_dag.py
[2025-02-03T11:57:01.583+0000] {processor.py:826} INFO - Processing file /home/vscode/.local/lib/python3.10/site-packages/airflow/example_dags/example_sla_dag.py for tasks to queue
[2025-02-03T11:57:01.583+0000] {logging_mixin.py:150} INFO - [2025-02-03T11:57:01.583+0000] {dagbag.py:541} INFO - Filling up the DagBag from /home/vscode/.local/lib/python3.10/site-packages/airflow/example_dags/example_sla_dag.py
[2025-02-03T11:57:01.589+0000] {processor.py:836} INFO - DAG(s) dict_keys(['example_sla_dag']) retrieved from /home/vscode/.local/lib/python3.10/site-packages/airflow/example_dags/example_sla_dag.py
[2025-02-03T11:57:01.600+0000] {logging_mixin.py:150} INFO - [2025-02-03T11:57:01.600+0000] {dag.py:2742} INFO - Sync 1 DAGs
[2025-02-03T11:57:01.616+0000] {logging_mixin.py:150} INFO - [2025-02-03T11:57:01.616+0000] {dag.py:3504} INFO - Setting next_dagrun for example_sla_dag to 2025-02-03T11:54:00+00:00, run_after=2025-02-03T11:56:00+00:00
[2025-02-03T11:57:01.630+0000] {processor.py:179} INFO - Processing /home/vscode/.local/lib/python3.10/site-packages/airflow/example_dags/example_sla_dag.py took 0.050 seconds
[2025-02-03T11:57:45.815+0000] {processor.py:157} INFO - Started process (PID=40396) to work on /home/vscode/.local/lib/python3.10/site-packages/airflow/example_dags/example_sla_dag.py
[2025-02-03T11:57:45.816+0000] {processor.py:826} INFO - Processing file /home/vscode/.local/lib/python3.10/site-packages/airflow/example_dags/example_sla_dag.py for tasks to queue
[2025-02-03T11:57:45.816+0000] {logging_mixin.py:150} INFO - [2025-02-03T11:57:45.816+0000] {dagbag.py:541} INFO - Filling up the DagBag from /home/vscode/.local/lib/python3.10/site-packages/airflow/example_dags/example_sla_dag.py
[2025-02-03T11:57:45.822+0000] {processor.py:836} INFO - DAG(s) dict_keys(['example_sla_dag']) retrieved from /home/vscode/.local/lib/python3.10/site-packages/airflow/example_dags/example_sla_dag.py
[2025-02-03T11:57:45.833+0000] {logging_mixin.py:150} INFO - [2025-02-03T11:57:45.832+0000] {dag.py:2742} INFO - Sync 1 DAGs
[2025-02-03T11:57:45.848+0000] {logging_mixin.py:150} INFO - [2025-02-03T11:57:45.848+0000] {dag.py:3504} INFO - Setting next_dagrun for example_sla_dag to 2025-02-03T11:54:00+00:00, run_after=2025-02-03T11:56:00+00:00
[2025-02-03T11:57:45.861+0000] {processor.py:179} INFO - Processing /home/vscode/.local/lib/python3.10/site-packages/airflow/example_dags/example_sla_dag.py took 0.048 seconds
[2025-02-03T11:58:18.625+0000] {processor.py:157} INFO - Started process (PID=40619) to work on /home/vscode/.local/lib/python3.10/site-packages/airflow/example_dags/example_sla_dag.py
[2025-02-03T11:58:18.626+0000] {processor.py:826} INFO - Processing file /home/vscode/.local/lib/python3.10/site-packages/airflow/example_dags/example_sla_dag.py for tasks to queue
[2025-02-03T11:58:18.626+0000] {logging_mixin.py:150} INFO - [2025-02-03T11:58:18.626+0000] {dagbag.py:541} INFO - Filling up the DagBag from /home/vscode/.local/lib/python3.10/site-packages/airflow/example_dags/example_sla_dag.py
[2025-02-03T11:58:18.632+0000] {processor.py:836} INFO - DAG(s) dict_keys(['example_sla_dag']) retrieved from /home/vscode/.local/lib/python3.10/site-packages/airflow/example_dags/example_sla_dag.py
[2025-02-03T11:58:18.643+0000] {logging_mixin.py:150} INFO - [2025-02-03T11:58:18.643+0000] {dag.py:2742} INFO - Sync 1 DAGs
[2025-02-03T11:58:18.659+0000] {logging_mixin.py:150} INFO - [2025-02-03T11:58:18.659+0000] {dag.py:3504} INFO - Setting next_dagrun for example_sla_dag to 2025-02-03T11:56:00+00:00, run_after=2025-02-03T11:58:00+00:00
[2025-02-03T11:58:18.673+0000] {processor.py:179} INFO - Processing /home/vscode/.local/lib/python3.10/site-packages/airflow/example_dags/example_sla_dag.py took 0.050 seconds
[2025-02-03T11:59:01.448+0000] {processor.py:157} INFO - Started process (PID=40913) to work on /home/vscode/.local/lib/python3.10/site-packages/airflow/example_dags/example_sla_dag.py
[2025-02-03T11:59:01.448+0000] {processor.py:826} INFO - Processing file /home/vscode/.local/lib/python3.10/site-packages/airflow/example_dags/example_sla_dag.py for tasks to queue
[2025-02-03T11:59:01.449+0000] {logging_mixin.py:150} INFO - [2025-02-03T11:59:01.449+0000] {dagbag.py:541} INFO - Filling up the DagBag from /home/vscode/.local/lib/python3.10/site-packages/airflow/example_dags/example_sla_dag.py
[2025-02-03T11:59:01.455+0000] {processor.py:836} INFO - DAG(s) dict_keys(['example_sla_dag']) retrieved from /home/vscode/.local/lib/python3.10/site-packages/airflow/example_dags/example_sla_dag.py
[2025-02-03T11:59:01.466+0000] {logging_mixin.py:150} INFO - [2025-02-03T11:59:01.466+0000] {dag.py:2742} INFO - Sync 1 DAGs
[2025-02-03T11:59:01.483+0000] {logging_mixin.py:150} INFO - [2025-02-03T11:59:01.482+0000] {dag.py:3504} INFO - Setting next_dagrun for example_sla_dag to 2025-02-03T11:56:00+00:00, run_after=2025-02-03T11:58:00+00:00
[2025-02-03T11:59:01.496+0000] {processor.py:179} INFO - Processing /home/vscode/.local/lib/python3.10/site-packages/airflow/example_dags/example_sla_dag.py took 0.051 seconds
[2025-02-03T11:59:45.933+0000] {processor.py:157} INFO - Started process (PID=41203) to work on /home/vscode/.local/lib/python3.10/site-packages/airflow/example_dags/example_sla_dag.py
[2025-02-03T11:59:45.934+0000] {processor.py:826} INFO - Processing file /home/vscode/.local/lib/python3.10/site-packages/airflow/example_dags/example_sla_dag.py for tasks to queue
[2025-02-03T11:59:45.935+0000] {logging_mixin.py:150} INFO - [2025-02-03T11:59:45.934+0000] {dagbag.py:541} INFO - Filling up the DagBag from /home/vscode/.local/lib/python3.10/site-packages/airflow/example_dags/example_sla_dag.py
[2025-02-03T11:59:45.941+0000] {processor.py:836} INFO - DAG(s) dict_keys(['example_sla_dag']) retrieved from /home/vscode/.local/lib/python3.10/site-packages/airflow/example_dags/example_sla_dag.py
[2025-02-03T11:59:45.952+0000] {logging_mixin.py:150} INFO - [2025-02-03T11:59:45.952+0000] {dag.py:2742} INFO - Sync 1 DAGs
[2025-02-03T11:59:45.969+0000] {logging_mixin.py:150} INFO - [2025-02-03T11:59:45.969+0000] {dag.py:3504} INFO - Setting next_dagrun for example_sla_dag to 2025-02-03T11:56:00+00:00, run_after=2025-02-03T11:58:00+00:00
[2025-02-03T11:59:45.983+0000] {processor.py:179} INFO - Processing /home/vscode/.local/lib/python3.10/site-packages/airflow/example_dags/example_sla_dag.py took 0.052 seconds
[2025-02-03T12:00:26.950+0000] {processor.py:157} INFO - Started process (PID=41486) to work on /home/vscode/.local/lib/python3.10/site-packages/airflow/example_dags/example_sla_dag.py
[2025-02-03T12:00:26.951+0000] {processor.py:826} INFO - Processing file /home/vscode/.local/lib/python3.10/site-packages/airflow/example_dags/example_sla_dag.py for tasks to queue
[2025-02-03T12:00:26.951+0000] {logging_mixin.py:150} INFO - [2025-02-03T12:00:26.951+0000] {dagbag.py:541} INFO - Filling up the DagBag from /home/vscode/.local/lib/python3.10/site-packages/airflow/example_dags/example_sla_dag.py
[2025-02-03T12:00:26.957+0000] {processor.py:836} INFO - DAG(s) dict_keys(['example_sla_dag']) retrieved from /home/vscode/.local/lib/python3.10/site-packages/airflow/example_dags/example_sla_dag.py
[2025-02-03T12:00:26.968+0000] {logging_mixin.py:150} INFO - [2025-02-03T12:00:26.968+0000] {dag.py:2742} INFO - Sync 1 DAGs
[2025-02-03T12:00:26.984+0000] {logging_mixin.py:150} INFO - [2025-02-03T12:00:26.984+0000] {dag.py:3504} INFO - Setting next_dagrun for example_sla_dag to 2025-02-03T11:58:00+00:00, run_after=2025-02-03T12:00:00+00:00
[2025-02-03T12:00:26.998+0000] {processor.py:179} INFO - Processing /home/vscode/.local/lib/python3.10/site-packages/airflow/example_dags/example_sla_dag.py took 0.051 seconds
[2025-02-03T12:00:59.437+0000] {processor.py:157} INFO - Started process (PID=41702) to work on /home/vscode/.local/lib/python3.10/site-packages/airflow/example_dags/example_sla_dag.py
[2025-02-03T12:00:59.437+0000] {processor.py:826} INFO - Processing file /home/vscode/.local/lib/python3.10/site-packages/airflow/example_dags/example_sla_dag.py for tasks to queue
[2025-02-03T12:00:59.438+0000] {logging_mixin.py:150} INFO - [2025-02-03T12:00:59.438+0000] {dagbag.py:541} INFO - Filling up the DagBag from /home/vscode/.local/lib/python3.10/site-packages/airflow/example_dags/example_sla_dag.py
[2025-02-03T12:00:59.445+0000] {processor.py:836} INFO - DAG(s) dict_keys(['example_sla_dag']) retrieved from /home/vscode/.local/lib/python3.10/site-packages/airflow/example_dags/example_sla_dag.py
[2025-02-03T12:00:59.457+0000] {logging_mixin.py:150} INFO - [2025-02-03T12:00:59.457+0000] {dag.py:2742} INFO - Sync 1 DAGs
[2025-02-03T12:00:59.474+0000] {logging_mixin.py:150} INFO - [2025-02-03T12:00:59.474+0000] {dag.py:3504} INFO - Setting next_dagrun for example_sla_dag to 2025-02-03T11:58:00+00:00, run_after=2025-02-03T12:00:00+00:00
[2025-02-03T12:00:59.490+0000] {processor.py:179} INFO - Processing /home/vscode/.local/lib/python3.10/site-packages/airflow/example_dags/example_sla_dag.py took 0.055 seconds
[2025-02-03T12:01:42.145+0000] {processor.py:157} INFO - Started process (PID=41988) to work on /home/vscode/.local/lib/python3.10/site-packages/airflow/example_dags/example_sla_dag.py
[2025-02-03T12:01:42.146+0000] {processor.py:826} INFO - Processing file /home/vscode/.local/lib/python3.10/site-packages/airflow/example_dags/example_sla_dag.py for tasks to queue
[2025-02-03T12:01:42.147+0000] {logging_mixin.py:150} INFO - [2025-02-03T12:01:42.146+0000] {dagbag.py:541} INFO - Filling up the DagBag from /home/vscode/.local/lib/python3.10/site-packages/airflow/example_dags/example_sla_dag.py
[2025-02-03T12:01:42.153+0000] {processor.py:836} INFO - DAG(s) dict_keys(['example_sla_dag']) retrieved from /home/vscode/.local/lib/python3.10/site-packages/airflow/example_dags/example_sla_dag.py
[2025-02-03T12:01:42.165+0000] {logging_mixin.py:150} INFO - [2025-02-03T12:01:42.164+0000] {dag.py:2742} INFO - Sync 1 DAGs
[2025-02-03T12:01:42.181+0000] {logging_mixin.py:150} INFO - [2025-02-03T12:01:42.181+0000] {dag.py:3504} INFO - Setting next_dagrun for example_sla_dag to 2025-02-03T11:58:00+00:00, run_after=2025-02-03T12:00:00+00:00
[2025-02-03T12:01:42.195+0000] {processor.py:179} INFO - Processing /home/vscode/.local/lib/python3.10/site-packages/airflow/example_dags/example_sla_dag.py took 0.052 seconds
[2025-02-03T12:02:25.129+0000] {processor.py:157} INFO - Started process (PID=42276) to work on /home/vscode/.local/lib/python3.10/site-packages/airflow/example_dags/example_sla_dag.py
[2025-02-03T12:02:25.130+0000] {processor.py:826} INFO - Processing file /home/vscode/.local/lib/python3.10/site-packages/airflow/example_dags/example_sla_dag.py for tasks to queue
[2025-02-03T12:02:25.130+0000] {logging_mixin.py:150} INFO - [2025-02-03T12:02:25.130+0000] {dagbag.py:541} INFO - Filling up the DagBag from /home/vscode/.local/lib/python3.10/site-packages/airflow/example_dags/example_sla_dag.py
[2025-02-03T12:02:25.136+0000] {processor.py:836} INFO - DAG(s) dict_keys(['example_sla_dag']) retrieved from /home/vscode/.local/lib/python3.10/site-packages/airflow/example_dags/example_sla_dag.py
[2025-02-03T12:02:25.147+0000] {logging_mixin.py:150} INFO - [2025-02-03T12:02:25.147+0000] {dag.py:2742} INFO - Sync 1 DAGs
[2025-02-03T12:02:25.163+0000] {logging_mixin.py:150} INFO - [2025-02-03T12:02:25.163+0000] {dag.py:3504} INFO - Setting next_dagrun for example_sla_dag to 2025-02-03T12:00:00+00:00, run_after=2025-02-03T12:02:00+00:00
[2025-02-03T12:02:25.177+0000] {processor.py:179} INFO - Processing /home/vscode/.local/lib/python3.10/site-packages/airflow/example_dags/example_sla_dag.py took 0.050 seconds
[2025-02-03T12:03:08.377+0000] {processor.py:157} INFO - Started process (PID=42564) to work on /home/vscode/.local/lib/python3.10/site-packages/airflow/example_dags/example_sla_dag.py
[2025-02-03T12:03:08.377+0000] {processor.py:826} INFO - Processing file /home/vscode/.local/lib/python3.10/site-packages/airflow/example_dags/example_sla_dag.py for tasks to queue
[2025-02-03T12:03:08.378+0000] {logging_mixin.py:150} INFO - [2025-02-03T12:03:08.378+0000] {dagbag.py:541} INFO - Filling up the DagBag from /home/vscode/.local/lib/python3.10/site-packages/airflow/example_dags/example_sla_dag.py
[2025-02-03T12:03:08.384+0000] {processor.py:836} INFO - DAG(s) dict_keys(['example_sla_dag']) retrieved from /home/vscode/.local/lib/python3.10/site-packages/airflow/example_dags/example_sla_dag.py
[2025-02-03T12:03:08.394+0000] {logging_mixin.py:150} INFO - [2025-02-03T12:03:08.394+0000] {dag.py:2742} INFO - Sync 1 DAGs
[2025-02-03T12:03:08.410+0000] {logging_mixin.py:150} INFO - [2025-02-03T12:03:08.410+0000] {dag.py:3504} INFO - Setting next_dagrun for example_sla_dag to 2025-02-03T12:00:00+00:00, run_after=2025-02-03T12:02:00+00:00
[2025-02-03T12:03:08.424+0000] {processor.py:179} INFO - Processing /home/vscode/.local/lib/python3.10/site-packages/airflow/example_dags/example_sla_dag.py took 0.049 seconds
[2025-02-03T12:03:51.200+0000] {processor.py:157} INFO - Started process (PID=42851) to work on /home/vscode/.local/lib/python3.10/site-packages/airflow/example_dags/example_sla_dag.py
[2025-02-03T12:03:51.200+0000] {processor.py:826} INFO - Processing file /home/vscode/.local/lib/python3.10/site-packages/airflow/example_dags/example_sla_dag.py for tasks to queue
[2025-02-03T12:03:51.201+0000] {logging_mixin.py:150} INFO - [2025-02-03T12:03:51.201+0000] {dagbag.py:541} INFO - Filling up the DagBag from /home/vscode/.local/lib/python3.10/site-packages/airflow/example_dags/example_sla_dag.py
[2025-02-03T12:03:51.207+0000] {processor.py:836} INFO - DAG(s) dict_keys(['example_sla_dag']) retrieved from /home/vscode/.local/lib/python3.10/site-packages/airflow/example_dags/example_sla_dag.py
[2025-02-03T12:03:51.218+0000] {logging_mixin.py:150} INFO - [2025-02-03T12:03:51.218+0000] {dag.py:2742} INFO - Sync 1 DAGs
[2025-02-03T12:03:51.234+0000] {logging_mixin.py:150} INFO - [2025-02-03T12:03:51.234+0000] {dag.py:3504} INFO - Setting next_dagrun for example_sla_dag to 2025-02-03T12:00:00+00:00, run_after=2025-02-03T12:02:00+00:00
[2025-02-03T12:03:51.248+0000] {processor.py:179} INFO - Processing /home/vscode/.local/lib/python3.10/site-packages/airflow/example_dags/example_sla_dag.py took 0.050 seconds
[2025-02-03T12:04:34.521+0000] {processor.py:157} INFO - Started process (PID=43144) to work on /home/vscode/.local/lib/python3.10/site-packages/airflow/example_dags/example_sla_dag.py
[2025-02-03T12:04:34.522+0000] {processor.py:826} INFO - Processing file /home/vscode/.local/lib/python3.10/site-packages/airflow/example_dags/example_sla_dag.py for tasks to queue
[2025-02-03T12:04:34.523+0000] {logging_mixin.py:150} INFO - [2025-02-03T12:04:34.522+0000] {dagbag.py:541} INFO - Filling up the DagBag from /home/vscode/.local/lib/python3.10/site-packages/airflow/example_dags/example_sla_dag.py
[2025-02-03T12:04:34.529+0000] {processor.py:836} INFO - DAG(s) dict_keys(['example_sla_dag']) retrieved from /home/vscode/.local/lib/python3.10/site-packages/airflow/example_dags/example_sla_dag.py
[2025-02-03T12:04:34.540+0000] {logging_mixin.py:150} INFO - [2025-02-03T12:04:34.540+0000] {dag.py:2742} INFO - Sync 1 DAGs
[2025-02-03T12:04:34.555+0000] {logging_mixin.py:150} INFO - [2025-02-03T12:04:34.555+0000] {dag.py:3504} INFO - Setting next_dagrun for example_sla_dag to 2025-02-03T12:02:00+00:00, run_after=2025-02-03T12:04:00+00:00
[2025-02-03T12:04:34.569+0000] {processor.py:179} INFO - Processing /home/vscode/.local/lib/python3.10/site-packages/airflow/example_dags/example_sla_dag.py took 0.050 seconds
[2025-02-03T12:05:17.988+0000] {processor.py:157} INFO - Started process (PID=43432) to work on /home/vscode/.local/lib/python3.10/site-packages/airflow/example_dags/example_sla_dag.py
[2025-02-03T12:05:17.989+0000] {processor.py:826} INFO - Processing file /home/vscode/.local/lib/python3.10/site-packages/airflow/example_dags/example_sla_dag.py for tasks to queue
[2025-02-03T12:05:17.989+0000] {logging_mixin.py:150} INFO - [2025-02-03T12:05:17.989+0000] {dagbag.py:541} INFO - Filling up the DagBag from /home/vscode/.local/lib/python3.10/site-packages/airflow/example_dags/example_sla_dag.py
[2025-02-03T12:05:17.995+0000] {processor.py:836} INFO - DAG(s) dict_keys(['example_sla_dag']) retrieved from /home/vscode/.local/lib/python3.10/site-packages/airflow/example_dags/example_sla_dag.py
[2025-02-03T12:05:18.006+0000] {logging_mixin.py:150} INFO - [2025-02-03T12:05:18.006+0000] {dag.py:2742} INFO - Sync 1 DAGs
[2025-02-03T12:05:18.023+0000] {logging_mixin.py:150} INFO - [2025-02-03T12:05:18.023+0000] {dag.py:3504} INFO - Setting next_dagrun for example_sla_dag to 2025-02-03T12:02:00+00:00, run_after=2025-02-03T12:04:00+00:00
[2025-02-03T12:05:18.039+0000] {processor.py:179} INFO - Processing /home/vscode/.local/lib/python3.10/site-packages/airflow/example_dags/example_sla_dag.py took 0.053 seconds
[2025-02-03T12:05:49.820+0000] {processor.py:157} INFO - Started process (PID=43649) to work on /home/vscode/.local/lib/python3.10/site-packages/airflow/example_dags/example_sla_dag.py
[2025-02-03T12:05:49.821+0000] {processor.py:826} INFO - Processing file /home/vscode/.local/lib/python3.10/site-packages/airflow/example_dags/example_sla_dag.py for tasks to queue
[2025-02-03T12:05:49.822+0000] {logging_mixin.py:150} INFO - [2025-02-03T12:05:49.821+0000] {dagbag.py:541} INFO - Filling up the DagBag from /home/vscode/.local/lib/python3.10/site-packages/airflow/example_dags/example_sla_dag.py
[2025-02-03T12:05:49.828+0000] {processor.py:836} INFO - DAG(s) dict_keys(['example_sla_dag']) retrieved from /home/vscode/.local/lib/python3.10/site-packages/airflow/example_dags/example_sla_dag.py
[2025-02-03T12:05:49.840+0000] {logging_mixin.py:150} INFO - [2025-02-03T12:05:49.840+0000] {dag.py:2742} INFO - Sync 1 DAGs
[2025-02-03T12:05:49.856+0000] {logging_mixin.py:150} INFO - [2025-02-03T12:05:49.856+0000] {dag.py:3504} INFO - Setting next_dagrun for example_sla_dag to 2025-02-03T12:02:00+00:00, run_after=2025-02-03T12:04:00+00:00
[2025-02-03T12:05:49.870+0000] {processor.py:179} INFO - Processing /home/vscode/.local/lib/python3.10/site-packages/airflow/example_dags/example_sla_dag.py took 0.052 seconds
[2025-02-03T12:06:21.223+0000] {processor.py:157} INFO - Started process (PID=43864) to work on /home/vscode/.local/lib/python3.10/site-packages/airflow/example_dags/example_sla_dag.py
[2025-02-03T12:06:21.223+0000] {processor.py:826} INFO - Processing file /home/vscode/.local/lib/python3.10/site-packages/airflow/example_dags/example_sla_dag.py for tasks to queue
[2025-02-03T12:06:21.224+0000] {logging_mixin.py:150} INFO - [2025-02-03T12:06:21.224+0000] {dagbag.py:541} INFO - Filling up the DagBag from /home/vscode/.local/lib/python3.10/site-packages/airflow/example_dags/example_sla_dag.py
[2025-02-03T12:06:21.230+0000] {processor.py:836} INFO - DAG(s) dict_keys(['example_sla_dag']) retrieved from /home/vscode/.local/lib/python3.10/site-packages/airflow/example_dags/example_sla_dag.py
[2025-02-03T12:06:21.242+0000] {logging_mixin.py:150} INFO - [2025-02-03T12:06:21.242+0000] {dag.py:2742} INFO - Sync 1 DAGs
[2025-02-03T12:06:21.259+0000] {logging_mixin.py:150} INFO - [2025-02-03T12:06:21.259+0000] {dag.py:3504} INFO - Setting next_dagrun for example_sla_dag to 2025-02-03T12:04:00+00:00, run_after=2025-02-03T12:06:00+00:00
[2025-02-03T12:06:21.276+0000] {processor.py:179} INFO - Processing /home/vscode/.local/lib/python3.10/site-packages/airflow/example_dags/example_sla_dag.py took 0.055 seconds
[2025-02-03T12:06:52.046+0000] {processor.py:157} INFO - Started process (PID=44065) to work on /home/vscode/.local/lib/python3.10/site-packages/airflow/example_dags/example_sla_dag.py
[2025-02-03T12:06:52.047+0000] {processor.py:826} INFO - Processing file /home/vscode/.local/lib/python3.10/site-packages/airflow/example_dags/example_sla_dag.py for tasks to queue
[2025-02-03T12:06:52.048+0000] {logging_mixin.py:150} INFO - [2025-02-03T12:06:52.047+0000] {dagbag.py:541} INFO - Filling up the DagBag from /home/vscode/.local/lib/python3.10/site-packages/airflow/example_dags/example_sla_dag.py
[2025-02-03T12:06:52.054+0000] {processor.py:836} INFO - DAG(s) dict_keys(['example_sla_dag']) retrieved from /home/vscode/.local/lib/python3.10/site-packages/airflow/example_dags/example_sla_dag.py
[2025-02-03T12:06:52.064+0000] {logging_mixin.py:150} INFO - [2025-02-03T12:06:52.064+0000] {dag.py:2742} INFO - Sync 1 DAGs
[2025-02-03T12:06:52.080+0000] {logging_mixin.py:150} INFO - [2025-02-03T12:06:52.080+0000] {dag.py:3504} INFO - Setting next_dagrun for example_sla_dag to 2025-02-03T12:04:00+00:00, run_after=2025-02-03T12:06:00+00:00
[2025-02-03T12:06:52.094+0000] {processor.py:179} INFO - Processing /home/vscode/.local/lib/python3.10/site-packages/airflow/example_dags/example_sla_dag.py took 0.050 seconds
[2025-02-03T12:07:23.937+0000] {processor.py:157} INFO - Started process (PID=44312) to work on /home/vscode/.local/lib/python3.10/site-packages/airflow/example_dags/example_sla_dag.py
[2025-02-03T12:07:23.938+0000] {processor.py:826} INFO - Processing file /home/vscode/.local/lib/python3.10/site-packages/airflow/example_dags/example_sla_dag.py for tasks to queue
[2025-02-03T12:07:23.939+0000] {logging_mixin.py:150} INFO - [2025-02-03T12:07:23.938+0000] {dagbag.py:541} INFO - Filling up the DagBag from /home/vscode/.local/lib/python3.10/site-packages/airflow/example_dags/example_sla_dag.py
[2025-02-03T12:07:23.945+0000] {processor.py:836} INFO - DAG(s) dict_keys(['example_sla_dag']) retrieved from /home/vscode/.local/lib/python3.10/site-packages/airflow/example_dags/example_sla_dag.py
[2025-02-03T12:07:23.955+0000] {logging_mixin.py:150} INFO - [2025-02-03T12:07:23.955+0000] {dag.py:2742} INFO - Sync 1 DAGs
[2025-02-03T12:07:23.975+0000] {logging_mixin.py:150} INFO - [2025-02-03T12:07:23.975+0000] {dag.py:3504} INFO - Setting next_dagrun for example_sla_dag to 2025-02-03T12:04:00+00:00, run_after=2025-02-03T12:06:00+00:00
[2025-02-03T12:07:23.989+0000] {processor.py:179} INFO - Processing /home/vscode/.local/lib/python3.10/site-packages/airflow/example_dags/example_sla_dag.py took 0.054 seconds
[2025-02-03T12:08:05.885+0000] {processor.py:157} INFO - Started process (PID=45702) to work on /home/vscode/.local/lib/python3.10/site-packages/airflow/example_dags/example_sla_dag.py
[2025-02-03T12:08:05.886+0000] {processor.py:826} INFO - Processing file /home/vscode/.local/lib/python3.10/site-packages/airflow/example_dags/example_sla_dag.py for tasks to queue
[2025-02-03T12:08:05.886+0000] {logging_mixin.py:150} INFO - [2025-02-03T12:08:05.886+0000] {dagbag.py:541} INFO - Filling up the DagBag from /home/vscode/.local/lib/python3.10/site-packages/airflow/example_dags/example_sla_dag.py
[2025-02-03T12:08:05.893+0000] {processor.py:836} INFO - DAG(s) dict_keys(['example_sla_dag']) retrieved from /home/vscode/.local/lib/python3.10/site-packages/airflow/example_dags/example_sla_dag.py
[2025-02-03T12:08:05.903+0000] {logging_mixin.py:150} INFO - [2025-02-03T12:08:05.903+0000] {dag.py:2742} INFO - Sync 1 DAGs
[2025-02-03T12:08:05.919+0000] {logging_mixin.py:150} INFO - [2025-02-03T12:08:05.919+0000] {dag.py:3504} INFO - Setting next_dagrun for example_sla_dag to 2025-02-03T12:06:00+00:00, run_after=2025-02-03T12:08:00+00:00
[2025-02-03T12:08:05.933+0000] {processor.py:179} INFO - Processing /home/vscode/.local/lib/python3.10/site-packages/airflow/example_dags/example_sla_dag.py took 0.050 seconds
[2025-02-03T12:08:38.419+0000] {processor.py:157} INFO - Started process (PID=46454) to work on /home/vscode/.local/lib/python3.10/site-packages/airflow/example_dags/example_sla_dag.py
[2025-02-03T12:08:38.420+0000] {processor.py:826} INFO - Processing file /home/vscode/.local/lib/python3.10/site-packages/airflow/example_dags/example_sla_dag.py for tasks to queue
[2025-02-03T12:08:38.420+0000] {logging_mixin.py:150} INFO - [2025-02-03T12:08:38.420+0000] {dagbag.py:541} INFO - Filling up the DagBag from /home/vscode/.local/lib/python3.10/site-packages/airflow/example_dags/example_sla_dag.py
[2025-02-03T12:08:38.426+0000] {processor.py:836} INFO - DAG(s) dict_keys(['example_sla_dag']) retrieved from /home/vscode/.local/lib/python3.10/site-packages/airflow/example_dags/example_sla_dag.py
[2025-02-03T12:08:38.437+0000] {logging_mixin.py:150} INFO - [2025-02-03T12:08:38.437+0000] {dag.py:2742} INFO - Sync 1 DAGs
[2025-02-03T12:08:38.453+0000] {logging_mixin.py:150} INFO - [2025-02-03T12:08:38.453+0000] {dag.py:3504} INFO - Setting next_dagrun for example_sla_dag to 2025-02-03T12:06:00+00:00, run_after=2025-02-03T12:08:00+00:00
[2025-02-03T12:08:38.468+0000] {processor.py:179} INFO - Processing /home/vscode/.local/lib/python3.10/site-packages/airflow/example_dags/example_sla_dag.py took 0.051 seconds
[2025-02-03T12:09:20.917+0000] {processor.py:157} INFO - Started process (PID=46855) to work on /home/vscode/.local/lib/python3.10/site-packages/airflow/example_dags/example_sla_dag.py
[2025-02-03T12:09:20.918+0000] {processor.py:826} INFO - Processing file /home/vscode/.local/lib/python3.10/site-packages/airflow/example_dags/example_sla_dag.py for tasks to queue
[2025-02-03T12:09:20.918+0000] {logging_mixin.py:150} INFO - [2025-02-03T12:09:20.918+0000] {dagbag.py:541} INFO - Filling up the DagBag from /home/vscode/.local/lib/python3.10/site-packages/airflow/example_dags/example_sla_dag.py
[2025-02-03T12:09:20.924+0000] {processor.py:836} INFO - DAG(s) dict_keys(['example_sla_dag']) retrieved from /home/vscode/.local/lib/python3.10/site-packages/airflow/example_dags/example_sla_dag.py
[2025-02-03T12:09:20.936+0000] {logging_mixin.py:150} INFO - [2025-02-03T12:09:20.936+0000] {dag.py:2742} INFO - Sync 1 DAGs
[2025-02-03T12:09:20.952+0000] {logging_mixin.py:150} INFO - [2025-02-03T12:09:20.952+0000] {dag.py:3504} INFO - Setting next_dagrun for example_sla_dag to 2025-02-03T12:06:00+00:00, run_after=2025-02-03T12:08:00+00:00
[2025-02-03T12:09:20.970+0000] {processor.py:179} INFO - Processing /home/vscode/.local/lib/python3.10/site-packages/airflow/example_dags/example_sla_dag.py took 0.055 seconds
[2025-02-03T12:10:03.134+0000] {processor.py:157} INFO - Started process (PID=47675) to work on /home/vscode/.local/lib/python3.10/site-packages/airflow/example_dags/example_sla_dag.py
[2025-02-03T12:10:03.135+0000] {processor.py:826} INFO - Processing file /home/vscode/.local/lib/python3.10/site-packages/airflow/example_dags/example_sla_dag.py for tasks to queue
[2025-02-03T12:10:03.136+0000] {logging_mixin.py:150} INFO - [2025-02-03T12:10:03.135+0000] {dagbag.py:541} INFO - Filling up the DagBag from /home/vscode/.local/lib/python3.10/site-packages/airflow/example_dags/example_sla_dag.py
[2025-02-03T12:10:03.142+0000] {processor.py:836} INFO - DAG(s) dict_keys(['example_sla_dag']) retrieved from /home/vscode/.local/lib/python3.10/site-packages/airflow/example_dags/example_sla_dag.py
[2025-02-03T12:10:03.153+0000] {logging_mixin.py:150} INFO - [2025-02-03T12:10:03.153+0000] {dag.py:2742} INFO - Sync 1 DAGs
[2025-02-03T12:10:03.171+0000] {logging_mixin.py:150} INFO - [2025-02-03T12:10:03.171+0000] {dag.py:3504} INFO - Setting next_dagrun for example_sla_dag to 2025-02-03T12:08:00+00:00, run_after=2025-02-03T12:10:00+00:00
[2025-02-03T12:10:03.185+0000] {processor.py:179} INFO - Processing /home/vscode/.local/lib/python3.10/site-packages/airflow/example_dags/example_sla_dag.py took 0.053 seconds
