[2025-02-03T11:51:02.204+0000] {processor.py:157} INFO - Started process (PID=37684) to work on /home/vscode/.local/lib/python3.10/site-packages/airflow/example_dags/example_bash_operator.py
[2025-02-03T11:51:02.205+0000] {processor.py:826} INFO - Processing file /home/vscode/.local/lib/python3.10/site-packages/airflow/example_dags/example_bash_operator.py for tasks to queue
[2025-02-03T11:51:02.205+0000] {logging_mixin.py:150} INFO - [2025-02-03T11:51:02.205+0000] {dagbag.py:541} INFO - Filling up the DagBag from /home/vscode/.local/lib/python3.10/site-packages/airflow/example_dags/example_bash_operator.py
[2025-02-03T11:51:02.213+0000] {processor.py:836} INFO - DAG(s) dict_keys(['example_bash_operator']) retrieved from /home/vscode/.local/lib/python3.10/site-packages/airflow/example_dags/example_bash_operator.py
[2025-02-03T11:51:02.297+0000] {logging_mixin.py:150} INFO - [2025-02-03T11:51:02.297+0000] {manager.py:504} INFO - Created Permission View: can read on DAG:example_bash_operator
[2025-02-03T11:51:02.305+0000] {logging_mixin.py:150} INFO - [2025-02-03T11:51:02.305+0000] {manager.py:504} INFO - Created Permission View: can delete on DAG:example_bash_operator
[2025-02-03T11:51:02.310+0000] {logging_mixin.py:150} INFO - [2025-02-03T11:51:02.310+0000] {manager.py:504} INFO - Created Permission View: can edit on DAG:example_bash_operator
[2025-02-03T11:51:02.318+0000] {logging_mixin.py:150} INFO - [2025-02-03T11:51:02.318+0000] {dag.py:2742} INFO - Sync 1 DAGs
[2025-02-03T11:51:02.324+0000] {logging_mixin.py:150} INFO - [2025-02-03T11:51:02.324+0000] {dag.py:2763} INFO - Creating ORM DAG for example_bash_operator
[2025-02-03T11:51:02.332+0000] {logging_mixin.py:150} INFO - [2025-02-03T11:51:02.332+0000] {dag.py:3504} INFO - Setting next_dagrun for example_bash_operator to 2025-02-02T00:00:00+00:00, run_after=2025-02-03T00:00:00+00:00
[2025-02-03T11:51:02.350+0000] {processor.py:179} INFO - Processing /home/vscode/.local/lib/python3.10/site-packages/airflow/example_dags/example_bash_operator.py took 0.148 seconds
[2025-02-03T11:51:52.402+0000] {processor.py:157} INFO - Started process (PID=38025) to work on /home/vscode/.local/lib/python3.10/site-packages/airflow/example_dags/example_bash_operator.py
[2025-02-03T11:51:52.403+0000] {processor.py:826} INFO - Processing file /home/vscode/.local/lib/python3.10/site-packages/airflow/example_dags/example_bash_operator.py for tasks to queue
[2025-02-03T11:51:52.403+0000] {logging_mixin.py:150} INFO - [2025-02-03T11:51:52.403+0000] {dagbag.py:541} INFO - Filling up the DagBag from /home/vscode/.local/lib/python3.10/site-packages/airflow/example_dags/example_bash_operator.py
[2025-02-03T11:51:52.411+0000] {processor.py:836} INFO - DAG(s) dict_keys(['example_bash_operator']) retrieved from /home/vscode/.local/lib/python3.10/site-packages/airflow/example_dags/example_bash_operator.py
[2025-02-03T11:51:52.428+0000] {logging_mixin.py:150} INFO - [2025-02-03T11:51:52.428+0000] {dag.py:2742} INFO - Sync 1 DAGs
[2025-02-03T11:51:52.443+0000] {logging_mixin.py:150} INFO - [2025-02-03T11:51:52.442+0000] {dag.py:3504} INFO - Setting next_dagrun for example_bash_operator to 2025-02-02T00:00:00+00:00, run_after=2025-02-03T00:00:00+00:00
[2025-02-03T11:51:52.457+0000] {processor.py:179} INFO - Processing /home/vscode/.local/lib/python3.10/site-packages/airflow/example_dags/example_bash_operator.py took 0.057 seconds
[2025-02-03T11:52:34.605+0000] {processor.py:157} INFO - Started process (PID=38306) to work on /home/vscode/.local/lib/python3.10/site-packages/airflow/example_dags/example_bash_operator.py
[2025-02-03T11:52:34.606+0000] {processor.py:826} INFO - Processing file /home/vscode/.local/lib/python3.10/site-packages/airflow/example_dags/example_bash_operator.py for tasks to queue
[2025-02-03T11:52:34.606+0000] {logging_mixin.py:150} INFO - [2025-02-03T11:52:34.606+0000] {dagbag.py:541} INFO - Filling up the DagBag from /home/vscode/.local/lib/python3.10/site-packages/airflow/example_dags/example_bash_operator.py
[2025-02-03T11:52:34.614+0000] {processor.py:836} INFO - DAG(s) dict_keys(['example_bash_operator']) retrieved from /home/vscode/.local/lib/python3.10/site-packages/airflow/example_dags/example_bash_operator.py
[2025-02-03T11:52:34.631+0000] {logging_mixin.py:150} INFO - [2025-02-03T11:52:34.631+0000] {dag.py:2742} INFO - Sync 1 DAGs
[2025-02-03T11:52:34.649+0000] {logging_mixin.py:150} INFO - [2025-02-03T11:52:34.649+0000] {dag.py:3504} INFO - Setting next_dagrun for example_bash_operator to 2025-02-02T00:00:00+00:00, run_after=2025-02-03T00:00:00+00:00
[2025-02-03T11:52:34.665+0000] {processor.py:179} INFO - Processing /home/vscode/.local/lib/python3.10/site-packages/airflow/example_dags/example_bash_operator.py took 0.062 seconds
[2025-02-03T11:53:33.359+0000] {processor.py:157} INFO - Started process (PID=38697) to work on /home/vscode/.local/lib/python3.10/site-packages/airflow/example_dags/example_bash_operator.py
[2025-02-03T11:53:33.359+0000] {processor.py:826} INFO - Processing file /home/vscode/.local/lib/python3.10/site-packages/airflow/example_dags/example_bash_operator.py for tasks to queue
[2025-02-03T11:53:33.360+0000] {logging_mixin.py:150} INFO - [2025-02-03T11:53:33.360+0000] {dagbag.py:541} INFO - Filling up the DagBag from /home/vscode/.local/lib/python3.10/site-packages/airflow/example_dags/example_bash_operator.py
[2025-02-03T11:53:33.368+0000] {processor.py:836} INFO - DAG(s) dict_keys(['example_bash_operator']) retrieved from /home/vscode/.local/lib/python3.10/site-packages/airflow/example_dags/example_bash_operator.py
[2025-02-03T11:53:33.384+0000] {logging_mixin.py:150} INFO - [2025-02-03T11:53:33.384+0000] {dag.py:2742} INFO - Sync 1 DAGs
[2025-02-03T11:53:33.399+0000] {logging_mixin.py:150} INFO - [2025-02-03T11:53:33.399+0000] {dag.py:3504} INFO - Setting next_dagrun for example_bash_operator to 2025-02-02T00:00:00+00:00, run_after=2025-02-03T00:00:00+00:00
[2025-02-03T11:53:33.413+0000] {processor.py:179} INFO - Processing /home/vscode/.local/lib/python3.10/site-packages/airflow/example_dags/example_bash_operator.py took 0.056 seconds
[2025-02-03T11:54:29.215+0000] {processor.py:157} INFO - Started process (PID=39084) to work on /home/vscode/.local/lib/python3.10/site-packages/airflow/example_dags/example_bash_operator.py
[2025-02-03T11:54:29.215+0000] {processor.py:826} INFO - Processing file /home/vscode/.local/lib/python3.10/site-packages/airflow/example_dags/example_bash_operator.py for tasks to queue
[2025-02-03T11:54:29.216+0000] {logging_mixin.py:150} INFO - [2025-02-03T11:54:29.216+0000] {dagbag.py:541} INFO - Filling up the DagBag from /home/vscode/.local/lib/python3.10/site-packages/airflow/example_dags/example_bash_operator.py
[2025-02-03T11:54:29.224+0000] {processor.py:836} INFO - DAG(s) dict_keys(['example_bash_operator']) retrieved from /home/vscode/.local/lib/python3.10/site-packages/airflow/example_dags/example_bash_operator.py
[2025-02-03T11:54:29.241+0000] {logging_mixin.py:150} INFO - [2025-02-03T11:54:29.240+0000] {dag.py:2742} INFO - Sync 1 DAGs
[2025-02-03T11:54:29.256+0000] {logging_mixin.py:150} INFO - [2025-02-03T11:54:29.256+0000] {dag.py:3504} INFO - Setting next_dagrun for example_bash_operator to 2025-02-02T00:00:00+00:00, run_after=2025-02-03T00:00:00+00:00
[2025-02-03T11:54:29.270+0000] {processor.py:179} INFO - Processing /home/vscode/.local/lib/python3.10/site-packages/airflow/example_dags/example_bash_operator.py took 0.057 seconds
[2025-02-03T11:55:11.996+0000] {processor.py:157} INFO - Started process (PID=39364) to work on /home/vscode/.local/lib/python3.10/site-packages/airflow/example_dags/example_bash_operator.py
[2025-02-03T11:55:11.997+0000] {processor.py:826} INFO - Processing file /home/vscode/.local/lib/python3.10/site-packages/airflow/example_dags/example_bash_operator.py for tasks to queue
[2025-02-03T11:55:11.998+0000] {logging_mixin.py:150} INFO - [2025-02-03T11:55:11.997+0000] {dagbag.py:541} INFO - Filling up the DagBag from /home/vscode/.local/lib/python3.10/site-packages/airflow/example_dags/example_bash_operator.py
[2025-02-03T11:55:12.007+0000] {processor.py:836} INFO - DAG(s) dict_keys(['example_bash_operator']) retrieved from /home/vscode/.local/lib/python3.10/site-packages/airflow/example_dags/example_bash_operator.py
[2025-02-03T11:55:12.025+0000] {logging_mixin.py:150} INFO - [2025-02-03T11:55:12.025+0000] {dag.py:2742} INFO - Sync 1 DAGs
[2025-02-03T11:55:12.041+0000] {logging_mixin.py:150} INFO - [2025-02-03T11:55:12.040+0000] {dag.py:3504} INFO - Setting next_dagrun for example_bash_operator to 2025-02-02T00:00:00+00:00, run_after=2025-02-03T00:00:00+00:00
[2025-02-03T11:55:12.055+0000] {processor.py:179} INFO - Processing /home/vscode/.local/lib/python3.10/site-packages/airflow/example_dags/example_bash_operator.py took 0.062 seconds
[2025-02-03T11:56:10.292+0000] {processor.py:157} INFO - Started process (PID=39760) to work on /home/vscode/.local/lib/python3.10/site-packages/airflow/example_dags/example_bash_operator.py
[2025-02-03T11:56:10.292+0000] {processor.py:826} INFO - Processing file /home/vscode/.local/lib/python3.10/site-packages/airflow/example_dags/example_bash_operator.py for tasks to queue
[2025-02-03T11:56:10.293+0000] {logging_mixin.py:150} INFO - [2025-02-03T11:56:10.293+0000] {dagbag.py:541} INFO - Filling up the DagBag from /home/vscode/.local/lib/python3.10/site-packages/airflow/example_dags/example_bash_operator.py
[2025-02-03T11:56:10.301+0000] {processor.py:836} INFO - DAG(s) dict_keys(['example_bash_operator']) retrieved from /home/vscode/.local/lib/python3.10/site-packages/airflow/example_dags/example_bash_operator.py
[2025-02-03T11:56:10.318+0000] {logging_mixin.py:150} INFO - [2025-02-03T11:56:10.318+0000] {dag.py:2742} INFO - Sync 1 DAGs
[2025-02-03T11:56:10.334+0000] {logging_mixin.py:150} INFO - [2025-02-03T11:56:10.334+0000] {dag.py:3504} INFO - Setting next_dagrun for example_bash_operator to 2025-02-02T00:00:00+00:00, run_after=2025-02-03T00:00:00+00:00
[2025-02-03T11:56:10.351+0000] {processor.py:179} INFO - Processing /home/vscode/.local/lib/python3.10/site-packages/airflow/example_dags/example_bash_operator.py took 0.062 seconds
[2025-02-03T11:57:00.446+0000] {processor.py:157} INFO - Started process (PID=40094) to work on /home/vscode/.local/lib/python3.10/site-packages/airflow/example_dags/example_bash_operator.py
[2025-02-03T11:57:00.447+0000] {processor.py:826} INFO - Processing file /home/vscode/.local/lib/python3.10/site-packages/airflow/example_dags/example_bash_operator.py for tasks to queue
[2025-02-03T11:57:00.447+0000] {logging_mixin.py:150} INFO - [2025-02-03T11:57:00.447+0000] {dagbag.py:541} INFO - Filling up the DagBag from /home/vscode/.local/lib/python3.10/site-packages/airflow/example_dags/example_bash_operator.py
[2025-02-03T11:57:00.455+0000] {processor.py:836} INFO - DAG(s) dict_keys(['example_bash_operator']) retrieved from /home/vscode/.local/lib/python3.10/site-packages/airflow/example_dags/example_bash_operator.py
[2025-02-03T11:57:00.473+0000] {logging_mixin.py:150} INFO - [2025-02-03T11:57:00.473+0000] {dag.py:2742} INFO - Sync 1 DAGs
[2025-02-03T11:57:00.489+0000] {logging_mixin.py:150} INFO - [2025-02-03T11:57:00.489+0000] {dag.py:3504} INFO - Setting next_dagrun for example_bash_operator to 2025-02-02T00:00:00+00:00, run_after=2025-02-03T00:00:00+00:00
[2025-02-03T11:57:00.504+0000] {processor.py:179} INFO - Processing /home/vscode/.local/lib/python3.10/site-packages/airflow/example_dags/example_bash_operator.py took 0.060 seconds
[2025-02-03T11:57:44.678+0000] {processor.py:157} INFO - Started process (PID=40394) to work on /home/vscode/.local/lib/python3.10/site-packages/airflow/example_dags/example_bash_operator.py
[2025-02-03T11:57:44.679+0000] {processor.py:826} INFO - Processing file /home/vscode/.local/lib/python3.10/site-packages/airflow/example_dags/example_bash_operator.py for tasks to queue
[2025-02-03T11:57:44.679+0000] {logging_mixin.py:150} INFO - [2025-02-03T11:57:44.679+0000] {dagbag.py:541} INFO - Filling up the DagBag from /home/vscode/.local/lib/python3.10/site-packages/airflow/example_dags/example_bash_operator.py
[2025-02-03T11:57:44.687+0000] {processor.py:836} INFO - DAG(s) dict_keys(['example_bash_operator']) retrieved from /home/vscode/.local/lib/python3.10/site-packages/airflow/example_dags/example_bash_operator.py
[2025-02-03T11:57:44.703+0000] {logging_mixin.py:150} INFO - [2025-02-03T11:57:44.703+0000] {dag.py:2742} INFO - Sync 1 DAGs
[2025-02-03T11:57:44.718+0000] {logging_mixin.py:150} INFO - [2025-02-03T11:57:44.718+0000] {dag.py:3504} INFO - Setting next_dagrun for example_bash_operator to 2025-02-02T00:00:00+00:00, run_after=2025-02-03T00:00:00+00:00
[2025-02-03T11:57:44.731+0000] {processor.py:179} INFO - Processing /home/vscode/.local/lib/python3.10/site-packages/airflow/example_dags/example_bash_operator.py took 0.055 seconds
[2025-02-03T11:58:33.444+0000] {processor.py:157} INFO - Started process (PID=40721) to work on /home/vscode/.local/lib/python3.10/site-packages/airflow/example_dags/example_bash_operator.py
[2025-02-03T11:58:33.445+0000] {processor.py:826} INFO - Processing file /home/vscode/.local/lib/python3.10/site-packages/airflow/example_dags/example_bash_operator.py for tasks to queue
[2025-02-03T11:58:33.446+0000] {logging_mixin.py:150} INFO - [2025-02-03T11:58:33.445+0000] {dagbag.py:541} INFO - Filling up the DagBag from /home/vscode/.local/lib/python3.10/site-packages/airflow/example_dags/example_bash_operator.py
[2025-02-03T11:58:33.454+0000] {processor.py:836} INFO - DAG(s) dict_keys(['example_bash_operator']) retrieved from /home/vscode/.local/lib/python3.10/site-packages/airflow/example_dags/example_bash_operator.py
[2025-02-03T11:58:33.472+0000] {logging_mixin.py:150} INFO - [2025-02-03T11:58:33.471+0000] {dag.py:2742} INFO - Sync 1 DAGs
[2025-02-03T11:58:33.488+0000] {logging_mixin.py:150} INFO - [2025-02-03T11:58:33.488+0000] {dag.py:3504} INFO - Setting next_dagrun for example_bash_operator to 2025-02-02T00:00:00+00:00, run_after=2025-02-03T00:00:00+00:00
[2025-02-03T11:58:33.503+0000] {processor.py:179} INFO - Processing /home/vscode/.local/lib/python3.10/site-packages/airflow/example_dags/example_bash_operator.py took 0.061 seconds
[2025-02-03T11:59:29.387+0000] {processor.py:157} INFO - Started process (PID=41089) to work on /home/vscode/.local/lib/python3.10/site-packages/airflow/example_dags/example_bash_operator.py
[2025-02-03T11:59:29.387+0000] {processor.py:826} INFO - Processing file /home/vscode/.local/lib/python3.10/site-packages/airflow/example_dags/example_bash_operator.py for tasks to queue
[2025-02-03T11:59:29.388+0000] {logging_mixin.py:150} INFO - [2025-02-03T11:59:29.388+0000] {dagbag.py:541} INFO - Filling up the DagBag from /home/vscode/.local/lib/python3.10/site-packages/airflow/example_dags/example_bash_operator.py
[2025-02-03T11:59:29.396+0000] {processor.py:836} INFO - DAG(s) dict_keys(['example_bash_operator']) retrieved from /home/vscode/.local/lib/python3.10/site-packages/airflow/example_dags/example_bash_operator.py
[2025-02-03T11:59:29.418+0000] {logging_mixin.py:150} INFO - [2025-02-03T11:59:29.418+0000] {dag.py:2742} INFO - Sync 1 DAGs
[2025-02-03T11:59:29.435+0000] {logging_mixin.py:150} INFO - [2025-02-03T11:59:29.435+0000] {dag.py:3504} INFO - Setting next_dagrun for example_bash_operator to 2025-02-02T00:00:00+00:00, run_after=2025-02-03T00:00:00+00:00
[2025-02-03T11:59:29.450+0000] {processor.py:179} INFO - Processing /home/vscode/.local/lib/python3.10/site-packages/airflow/example_dags/example_bash_operator.py took 0.065 seconds
[2025-02-03T12:00:11.529+0000] {processor.py:157} INFO - Started process (PID=41383) to work on /home/vscode/.local/lib/python3.10/site-packages/airflow/example_dags/example_bash_operator.py
[2025-02-03T12:00:11.529+0000] {processor.py:826} INFO - Processing file /home/vscode/.local/lib/python3.10/site-packages/airflow/example_dags/example_bash_operator.py for tasks to queue
[2025-02-03T12:00:11.530+0000] {logging_mixin.py:150} INFO - [2025-02-03T12:00:11.530+0000] {dagbag.py:541} INFO - Filling up the DagBag from /home/vscode/.local/lib/python3.10/site-packages/airflow/example_dags/example_bash_operator.py
[2025-02-03T12:00:11.538+0000] {processor.py:836} INFO - DAG(s) dict_keys(['example_bash_operator']) retrieved from /home/vscode/.local/lib/python3.10/site-packages/airflow/example_dags/example_bash_operator.py
[2025-02-03T12:00:11.556+0000] {logging_mixin.py:150} INFO - [2025-02-03T12:00:11.556+0000] {dag.py:2742} INFO - Sync 1 DAGs
[2025-02-03T12:00:11.572+0000] {logging_mixin.py:150} INFO - [2025-02-03T12:00:11.571+0000] {dag.py:3504} INFO - Setting next_dagrun for example_bash_operator to 2025-02-02T00:00:00+00:00, run_after=2025-02-03T00:00:00+00:00
[2025-02-03T12:00:11.585+0000] {processor.py:179} INFO - Processing /home/vscode/.local/lib/python3.10/site-packages/airflow/example_dags/example_bash_operator.py took 0.059 seconds
[2025-02-03T12:00:57.779+0000] {processor.py:157} INFO - Started process (PID=41687) to work on /home/vscode/.local/lib/python3.10/site-packages/airflow/example_dags/example_bash_operator.py
[2025-02-03T12:00:57.780+0000] {processor.py:826} INFO - Processing file /home/vscode/.local/lib/python3.10/site-packages/airflow/example_dags/example_bash_operator.py for tasks to queue
[2025-02-03T12:00:57.780+0000] {logging_mixin.py:150} INFO - [2025-02-03T12:00:57.780+0000] {dagbag.py:541} INFO - Filling up the DagBag from /home/vscode/.local/lib/python3.10/site-packages/airflow/example_dags/example_bash_operator.py
[2025-02-03T12:00:57.788+0000] {processor.py:836} INFO - DAG(s) dict_keys(['example_bash_operator']) retrieved from /home/vscode/.local/lib/python3.10/site-packages/airflow/example_dags/example_bash_operator.py
[2025-02-03T12:00:57.805+0000] {logging_mixin.py:150} INFO - [2025-02-03T12:00:57.805+0000] {dag.py:2742} INFO - Sync 1 DAGs
[2025-02-03T12:00:57.820+0000] {logging_mixin.py:150} INFO - [2025-02-03T12:00:57.820+0000] {dag.py:3504} INFO - Setting next_dagrun for example_bash_operator to 2025-02-02T00:00:00+00:00, run_after=2025-02-03T00:00:00+00:00
[2025-02-03T12:00:57.835+0000] {processor.py:179} INFO - Processing /home/vscode/.local/lib/python3.10/site-packages/airflow/example_dags/example_bash_operator.py took 0.058 seconds
[2025-02-03T12:01:55.437+0000] {processor.py:157} INFO - Started process (PID=42075) to work on /home/vscode/.local/lib/python3.10/site-packages/airflow/example_dags/example_bash_operator.py
[2025-02-03T12:01:55.438+0000] {processor.py:826} INFO - Processing file /home/vscode/.local/lib/python3.10/site-packages/airflow/example_dags/example_bash_operator.py for tasks to queue
[2025-02-03T12:01:55.438+0000] {logging_mixin.py:150} INFO - [2025-02-03T12:01:55.438+0000] {dagbag.py:541} INFO - Filling up the DagBag from /home/vscode/.local/lib/python3.10/site-packages/airflow/example_dags/example_bash_operator.py
[2025-02-03T12:01:55.447+0000] {processor.py:836} INFO - DAG(s) dict_keys(['example_bash_operator']) retrieved from /home/vscode/.local/lib/python3.10/site-packages/airflow/example_dags/example_bash_operator.py
[2025-02-03T12:01:55.465+0000] {logging_mixin.py:150} INFO - [2025-02-03T12:01:55.464+0000] {dag.py:2742} INFO - Sync 1 DAGs
[2025-02-03T12:01:55.480+0000] {logging_mixin.py:150} INFO - [2025-02-03T12:01:55.480+0000] {dag.py:3504} INFO - Setting next_dagrun for example_bash_operator to 2025-02-02T00:00:00+00:00, run_after=2025-02-03T00:00:00+00:00
[2025-02-03T12:01:55.495+0000] {processor.py:179} INFO - Processing /home/vscode/.local/lib/python3.10/site-packages/airflow/example_dags/example_bash_operator.py took 0.060 seconds
[2025-02-03T12:02:51.825+0000] {processor.py:157} INFO - Started process (PID=42457) to work on /home/vscode/.local/lib/python3.10/site-packages/airflow/example_dags/example_bash_operator.py
[2025-02-03T12:02:51.825+0000] {processor.py:826} INFO - Processing file /home/vscode/.local/lib/python3.10/site-packages/airflow/example_dags/example_bash_operator.py for tasks to queue
[2025-02-03T12:02:51.826+0000] {logging_mixin.py:150} INFO - [2025-02-03T12:02:51.826+0000] {dagbag.py:541} INFO - Filling up the DagBag from /home/vscode/.local/lib/python3.10/site-packages/airflow/example_dags/example_bash_operator.py
[2025-02-03T12:02:51.833+0000] {processor.py:836} INFO - DAG(s) dict_keys(['example_bash_operator']) retrieved from /home/vscode/.local/lib/python3.10/site-packages/airflow/example_dags/example_bash_operator.py
[2025-02-03T12:02:51.850+0000] {logging_mixin.py:150} INFO - [2025-02-03T12:02:51.850+0000] {dag.py:2742} INFO - Sync 1 DAGs
[2025-02-03T12:02:51.865+0000] {logging_mixin.py:150} INFO - [2025-02-03T12:02:51.865+0000] {dag.py:3504} INFO - Setting next_dagrun for example_bash_operator to 2025-02-02T00:00:00+00:00, run_after=2025-02-03T00:00:00+00:00
[2025-02-03T12:02:51.879+0000] {processor.py:179} INFO - Processing /home/vscode/.local/lib/python3.10/site-packages/airflow/example_dags/example_bash_operator.py took 0.056 seconds
[2025-02-03T12:03:48.934+0000] {processor.py:157} INFO - Started process (PID=42841) to work on /home/vscode/.local/lib/python3.10/site-packages/airflow/example_dags/example_bash_operator.py
[2025-02-03T12:03:48.935+0000] {processor.py:826} INFO - Processing file /home/vscode/.local/lib/python3.10/site-packages/airflow/example_dags/example_bash_operator.py for tasks to queue
[2025-02-03T12:03:48.936+0000] {logging_mixin.py:150} INFO - [2025-02-03T12:03:48.935+0000] {dagbag.py:541} INFO - Filling up the DagBag from /home/vscode/.local/lib/python3.10/site-packages/airflow/example_dags/example_bash_operator.py
[2025-02-03T12:03:48.943+0000] {processor.py:836} INFO - DAG(s) dict_keys(['example_bash_operator']) retrieved from /home/vscode/.local/lib/python3.10/site-packages/airflow/example_dags/example_bash_operator.py
[2025-02-03T12:03:48.960+0000] {logging_mixin.py:150} INFO - [2025-02-03T12:03:48.960+0000] {dag.py:2742} INFO - Sync 1 DAGs
[2025-02-03T12:03:48.976+0000] {logging_mixin.py:150} INFO - [2025-02-03T12:03:48.975+0000] {dag.py:3504} INFO - Setting next_dagrun for example_bash_operator to 2025-02-02T00:00:00+00:00, run_after=2025-02-03T00:00:00+00:00
[2025-02-03T12:03:48.990+0000] {processor.py:179} INFO - Processing /home/vscode/.local/lib/python3.10/site-packages/airflow/example_dags/example_bash_operator.py took 0.057 seconds
[2025-02-03T12:04:33.380+0000] {processor.py:157} INFO - Started process (PID=43142) to work on /home/vscode/.local/lib/python3.10/site-packages/airflow/example_dags/example_bash_operator.py
[2025-02-03T12:04:33.380+0000] {processor.py:826} INFO - Processing file /home/vscode/.local/lib/python3.10/site-packages/airflow/example_dags/example_bash_operator.py for tasks to queue
[2025-02-03T12:04:33.381+0000] {logging_mixin.py:150} INFO - [2025-02-03T12:04:33.381+0000] {dagbag.py:541} INFO - Filling up the DagBag from /home/vscode/.local/lib/python3.10/site-packages/airflow/example_dags/example_bash_operator.py
[2025-02-03T12:04:33.391+0000] {processor.py:836} INFO - DAG(s) dict_keys(['example_bash_operator']) retrieved from /home/vscode/.local/lib/python3.10/site-packages/airflow/example_dags/example_bash_operator.py
[2025-02-03T12:04:33.410+0000] {logging_mixin.py:150} INFO - [2025-02-03T12:04:33.409+0000] {dag.py:2742} INFO - Sync 1 DAGs
[2025-02-03T12:04:33.425+0000] {logging_mixin.py:150} INFO - [2025-02-03T12:04:33.425+0000] {dag.py:3504} INFO - Setting next_dagrun for example_bash_operator to 2025-02-02T00:00:00+00:00, run_after=2025-02-03T00:00:00+00:00
[2025-02-03T12:04:33.440+0000] {processor.py:179} INFO - Processing /home/vscode/.local/lib/python3.10/site-packages/airflow/example_dags/example_bash_operator.py took 0.063 seconds
[2025-02-03T12:05:32.140+0000] {processor.py:157} INFO - Started process (PID=43534) to work on /home/vscode/.local/lib/python3.10/site-packages/airflow/example_dags/example_bash_operator.py
[2025-02-03T12:05:32.141+0000] {processor.py:826} INFO - Processing file /home/vscode/.local/lib/python3.10/site-packages/airflow/example_dags/example_bash_operator.py for tasks to queue
[2025-02-03T12:05:32.141+0000] {logging_mixin.py:150} INFO - [2025-02-03T12:05:32.141+0000] {dagbag.py:541} INFO - Filling up the DagBag from /home/vscode/.local/lib/python3.10/site-packages/airflow/example_dags/example_bash_operator.py
[2025-02-03T12:05:32.150+0000] {processor.py:836} INFO - DAG(s) dict_keys(['example_bash_operator']) retrieved from /home/vscode/.local/lib/python3.10/site-packages/airflow/example_dags/example_bash_operator.py
[2025-02-03T12:05:32.167+0000] {logging_mixin.py:150} INFO - [2025-02-03T12:05:32.167+0000] {dag.py:2742} INFO - Sync 1 DAGs
[2025-02-03T12:05:32.182+0000] {logging_mixin.py:150} INFO - [2025-02-03T12:05:32.182+0000] {dag.py:3504} INFO - Setting next_dagrun for example_bash_operator to 2025-02-02T00:00:00+00:00, run_after=2025-02-03T00:00:00+00:00
[2025-02-03T12:05:32.195+0000] {processor.py:179} INFO - Processing /home/vscode/.local/lib/python3.10/site-packages/airflow/example_dags/example_bash_operator.py took 0.058 seconds
[2025-02-03T12:06:18.953+0000] {processor.py:157} INFO - Started process (PID=43841) to work on /home/vscode/.local/lib/python3.10/site-packages/airflow/example_dags/example_bash_operator.py
[2025-02-03T12:06:18.954+0000] {processor.py:826} INFO - Processing file /home/vscode/.local/lib/python3.10/site-packages/airflow/example_dags/example_bash_operator.py for tasks to queue
[2025-02-03T12:06:18.954+0000] {logging_mixin.py:150} INFO - [2025-02-03T12:06:18.954+0000] {dagbag.py:541} INFO - Filling up the DagBag from /home/vscode/.local/lib/python3.10/site-packages/airflow/example_dags/example_bash_operator.py
[2025-02-03T12:06:18.962+0000] {processor.py:836} INFO - DAG(s) dict_keys(['example_bash_operator']) retrieved from /home/vscode/.local/lib/python3.10/site-packages/airflow/example_dags/example_bash_operator.py
[2025-02-03T12:06:18.980+0000] {logging_mixin.py:150} INFO - [2025-02-03T12:06:18.980+0000] {dag.py:2742} INFO - Sync 1 DAGs
[2025-02-03T12:06:18.995+0000] {logging_mixin.py:150} INFO - [2025-02-03T12:06:18.995+0000] {dag.py:3504} INFO - Setting next_dagrun for example_bash_operator to 2025-02-02T00:00:00+00:00, run_after=2025-02-03T00:00:00+00:00
[2025-02-03T12:06:19.009+0000] {processor.py:179} INFO - Processing /home/vscode/.local/lib/python3.10/site-packages/airflow/example_dags/example_bash_operator.py took 0.058 seconds
[2025-02-03T12:07:06.581+0000] {processor.py:157} INFO - Started process (PID=44167) to work on /home/vscode/.local/lib/python3.10/site-packages/airflow/example_dags/example_bash_operator.py
[2025-02-03T12:07:06.581+0000] {processor.py:826} INFO - Processing file /home/vscode/.local/lib/python3.10/site-packages/airflow/example_dags/example_bash_operator.py for tasks to queue
[2025-02-03T12:07:06.582+0000] {logging_mixin.py:150} INFO - [2025-02-03T12:07:06.582+0000] {dagbag.py:541} INFO - Filling up the DagBag from /home/vscode/.local/lib/python3.10/site-packages/airflow/example_dags/example_bash_operator.py
[2025-02-03T12:07:06.590+0000] {processor.py:836} INFO - DAG(s) dict_keys(['example_bash_operator']) retrieved from /home/vscode/.local/lib/python3.10/site-packages/airflow/example_dags/example_bash_operator.py
[2025-02-03T12:07:06.608+0000] {logging_mixin.py:150} INFO - [2025-02-03T12:07:06.608+0000] {dag.py:2742} INFO - Sync 1 DAGs
[2025-02-03T12:07:06.623+0000] {logging_mixin.py:150} INFO - [2025-02-03T12:07:06.622+0000] {dag.py:3504} INFO - Setting next_dagrun for example_bash_operator to 2025-02-02T00:00:00+00:00, run_after=2025-02-03T00:00:00+00:00
[2025-02-03T12:07:06.637+0000] {processor.py:179} INFO - Processing /home/vscode/.local/lib/python3.10/site-packages/airflow/example_dags/example_bash_operator.py took 0.059 seconds
[2025-02-03T12:08:03.893+0000] {processor.py:157} INFO - Started process (PID=45692) to work on /home/vscode/.local/lib/python3.10/site-packages/airflow/example_dags/example_bash_operator.py
[2025-02-03T12:08:03.893+0000] {processor.py:826} INFO - Processing file /home/vscode/.local/lib/python3.10/site-packages/airflow/example_dags/example_bash_operator.py for tasks to queue
[2025-02-03T12:08:03.894+0000] {logging_mixin.py:150} INFO - [2025-02-03T12:08:03.894+0000] {dagbag.py:541} INFO - Filling up the DagBag from /home/vscode/.local/lib/python3.10/site-packages/airflow/example_dags/example_bash_operator.py
[2025-02-03T12:08:03.902+0000] {processor.py:836} INFO - DAG(s) dict_keys(['example_bash_operator']) retrieved from /home/vscode/.local/lib/python3.10/site-packages/airflow/example_dags/example_bash_operator.py
[2025-02-03T12:08:03.920+0000] {logging_mixin.py:150} INFO - [2025-02-03T12:08:03.920+0000] {dag.py:2742} INFO - Sync 1 DAGs
[2025-02-03T12:08:03.935+0000] {logging_mixin.py:150} INFO - [2025-02-03T12:08:03.935+0000] {dag.py:3504} INFO - Setting next_dagrun for example_bash_operator to 2025-02-02T00:00:00+00:00, run_after=2025-02-03T00:00:00+00:00
[2025-02-03T12:08:03.950+0000] {processor.py:179} INFO - Processing /home/vscode/.local/lib/python3.10/site-packages/airflow/example_dags/example_bash_operator.py took 0.059 seconds
[2025-02-03T12:08:51.234+0000] {processor.py:157} INFO - Started process (PID=46557) to work on /home/vscode/.local/lib/python3.10/site-packages/airflow/example_dags/example_bash_operator.py
[2025-02-03T12:08:51.234+0000] {processor.py:826} INFO - Processing file /home/vscode/.local/lib/python3.10/site-packages/airflow/example_dags/example_bash_operator.py for tasks to queue
[2025-02-03T12:08:51.235+0000] {logging_mixin.py:150} INFO - [2025-02-03T12:08:51.235+0000] {dagbag.py:541} INFO - Filling up the DagBag from /home/vscode/.local/lib/python3.10/site-packages/airflow/example_dags/example_bash_operator.py
[2025-02-03T12:08:51.243+0000] {processor.py:836} INFO - DAG(s) dict_keys(['example_bash_operator']) retrieved from /home/vscode/.local/lib/python3.10/site-packages/airflow/example_dags/example_bash_operator.py
[2025-02-03T12:08:51.260+0000] {logging_mixin.py:150} INFO - [2025-02-03T12:08:51.260+0000] {dag.py:2742} INFO - Sync 1 DAGs
[2025-02-03T12:08:51.275+0000] {logging_mixin.py:150} INFO - [2025-02-03T12:08:51.275+0000] {dag.py:3504} INFO - Setting next_dagrun for example_bash_operator to 2025-02-02T00:00:00+00:00, run_after=2025-02-03T00:00:00+00:00
[2025-02-03T12:08:51.289+0000] {processor.py:179} INFO - Processing /home/vscode/.local/lib/python3.10/site-packages/airflow/example_dags/example_bash_operator.py took 0.057 seconds
[2025-02-03T12:09:45.901+0000] {processor.py:157} INFO - Started process (PID=47556) to work on /home/vscode/.local/lib/python3.10/site-packages/airflow/example_dags/example_bash_operator.py
[2025-02-03T12:09:45.902+0000] {processor.py:826} INFO - Processing file /home/vscode/.local/lib/python3.10/site-packages/airflow/example_dags/example_bash_operator.py for tasks to queue
[2025-02-03T12:09:45.902+0000] {logging_mixin.py:150} INFO - [2025-02-03T12:09:45.902+0000] {dagbag.py:541} INFO - Filling up the DagBag from /home/vscode/.local/lib/python3.10/site-packages/airflow/example_dags/example_bash_operator.py
[2025-02-03T12:09:45.910+0000] {processor.py:836} INFO - DAG(s) dict_keys(['example_bash_operator']) retrieved from /home/vscode/.local/lib/python3.10/site-packages/airflow/example_dags/example_bash_operator.py
[2025-02-03T12:09:45.929+0000] {logging_mixin.py:150} INFO - [2025-02-03T12:09:45.929+0000] {dag.py:2742} INFO - Sync 1 DAGs
[2025-02-03T12:09:45.948+0000] {logging_mixin.py:150} INFO - [2025-02-03T12:09:45.948+0000] {dag.py:3504} INFO - Setting next_dagrun for example_bash_operator to 2025-02-02T00:00:00+00:00, run_after=2025-02-03T00:00:00+00:00
[2025-02-03T12:09:45.965+0000] {processor.py:179} INFO - Processing /home/vscode/.local/lib/python3.10/site-packages/airflow/example_dags/example_bash_operator.py took 0.066 seconds
