[2025-02-03T11:50:40.752+0000] {processor.py:157} INFO - Started process (PID=37553) to work on /home/vscode/.local/lib/python3.10/site-packages/airflow/example_dags/example_latest_only.py
[2025-02-03T11:50:40.752+0000] {processor.py:826} INFO - Processing file /home/vscode/.local/lib/python3.10/site-packages/airflow/example_dags/example_latest_only.py for tasks to queue
[2025-02-03T11:50:40.753+0000] {logging_mixin.py:150} INFO - [2025-02-03T11:50:40.752+0000] {dagbag.py:541} INFO - Filling up the DagBag from /home/vscode/.local/lib/python3.10/site-packages/airflow/example_dags/example_latest_only.py
[2025-02-03T11:50:40.757+0000] {processor.py:836} INFO - DAG(s) dict_keys(['latest_only']) retrieved from /home/vscode/.local/lib/python3.10/site-packages/airflow/example_dags/example_latest_only.py
[2025-02-03T11:50:40.920+0000] {logging_mixin.py:150} INFO - [2025-02-03T11:50:40.920+0000] {manager.py:504} INFO - Created Permission View: can read on DAG:latest_only
[2025-02-03T11:50:40.927+0000] {logging_mixin.py:150} INFO - [2025-02-03T11:50:40.927+0000] {manager.py:504} INFO - Created Permission View: can delete on DAG:latest_only
[2025-02-03T11:50:40.933+0000] {logging_mixin.py:150} INFO - [2025-02-03T11:50:40.933+0000] {manager.py:504} INFO - Created Permission View: can edit on DAG:latest_only
[2025-02-03T11:50:40.941+0000] {logging_mixin.py:150} INFO - [2025-02-03T11:50:40.941+0000] {dag.py:2742} INFO - Sync 1 DAGs
[2025-02-03T11:50:40.947+0000] {logging_mixin.py:150} INFO - [2025-02-03T11:50:40.947+0000] {dag.py:2763} INFO - Creating ORM DAG for latest_only
[2025-02-03T11:50:40.953+0000] {logging_mixin.py:150} INFO - [2025-02-03T11:50:40.953+0000] {dag.py:3504} INFO - Setting next_dagrun for latest_only to 2025-02-03T07:50:40.953427+00:00, run_after=2025-02-03T11:50:40.953427+00:00
[2025-02-03T11:50:40.968+0000] {processor.py:179} INFO - Processing /home/vscode/.local/lib/python3.10/site-packages/airflow/example_dags/example_latest_only.py took 0.218 seconds
[2025-02-03T11:51:27.601+0000] {processor.py:157} INFO - Started process (PID=37861) to work on /home/vscode/.local/lib/python3.10/site-packages/airflow/example_dags/example_latest_only.py
[2025-02-03T11:51:27.602+0000] {processor.py:826} INFO - Processing file /home/vscode/.local/lib/python3.10/site-packages/airflow/example_dags/example_latest_only.py for tasks to queue
[2025-02-03T11:51:27.603+0000] {logging_mixin.py:150} INFO - [2025-02-03T11:51:27.602+0000] {dagbag.py:541} INFO - Filling up the DagBag from /home/vscode/.local/lib/python3.10/site-packages/airflow/example_dags/example_latest_only.py
[2025-02-03T11:51:27.607+0000] {processor.py:836} INFO - DAG(s) dict_keys(['latest_only']) retrieved from /home/vscode/.local/lib/python3.10/site-packages/airflow/example_dags/example_latest_only.py
[2025-02-03T11:51:27.617+0000] {logging_mixin.py:150} INFO - [2025-02-03T11:51:27.617+0000] {dag.py:2742} INFO - Sync 1 DAGs
[2025-02-03T11:51:27.631+0000] {logging_mixin.py:150} INFO - [2025-02-03T11:51:27.631+0000] {dag.py:3504} INFO - Setting next_dagrun for latest_only to 2025-02-03T07:51:27.631064+00:00, run_after=2025-02-03T11:51:27.631064+00:00
[2025-02-03T11:51:27.645+0000] {processor.py:179} INFO - Processing /home/vscode/.local/lib/python3.10/site-packages/airflow/example_dags/example_latest_only.py took 0.046 seconds
[2025-02-03T11:52:13.803+0000] {processor.py:157} INFO - Started process (PID=38166) to work on /home/vscode/.local/lib/python3.10/site-packages/airflow/example_dags/example_latest_only.py
[2025-02-03T11:52:13.804+0000] {processor.py:826} INFO - Processing file /home/vscode/.local/lib/python3.10/site-packages/airflow/example_dags/example_latest_only.py for tasks to queue
[2025-02-03T11:52:13.804+0000] {logging_mixin.py:150} INFO - [2025-02-03T11:52:13.804+0000] {dagbag.py:541} INFO - Filling up the DagBag from /home/vscode/.local/lib/python3.10/site-packages/airflow/example_dags/example_latest_only.py
[2025-02-03T11:52:13.808+0000] {processor.py:836} INFO - DAG(s) dict_keys(['latest_only']) retrieved from /home/vscode/.local/lib/python3.10/site-packages/airflow/example_dags/example_latest_only.py
[2025-02-03T11:52:13.819+0000] {logging_mixin.py:150} INFO - [2025-02-03T11:52:13.819+0000] {dag.py:2742} INFO - Sync 1 DAGs
[2025-02-03T11:52:13.833+0000] {logging_mixin.py:150} INFO - [2025-02-03T11:52:13.832+0000] {dag.py:3504} INFO - Setting next_dagrun for latest_only to 2025-02-03T07:52:13.832796+00:00, run_after=2025-02-03T11:52:13.832796+00:00
[2025-02-03T11:52:13.847+0000] {processor.py:179} INFO - Processing /home/vscode/.local/lib/python3.10/site-packages/airflow/example_dags/example_latest_only.py took 0.046 seconds
[2025-02-03T11:52:57.274+0000] {processor.py:157} INFO - Started process (PID=38468) to work on /home/vscode/.local/lib/python3.10/site-packages/airflow/example_dags/example_latest_only.py
[2025-02-03T11:52:57.275+0000] {processor.py:826} INFO - Processing file /home/vscode/.local/lib/python3.10/site-packages/airflow/example_dags/example_latest_only.py for tasks to queue
[2025-02-03T11:52:57.276+0000] {logging_mixin.py:150} INFO - [2025-02-03T11:52:57.275+0000] {dagbag.py:541} INFO - Filling up the DagBag from /home/vscode/.local/lib/python3.10/site-packages/airflow/example_dags/example_latest_only.py
[2025-02-03T11:52:57.280+0000] {processor.py:836} INFO - DAG(s) dict_keys(['latest_only']) retrieved from /home/vscode/.local/lib/python3.10/site-packages/airflow/example_dags/example_latest_only.py
[2025-02-03T11:52:57.290+0000] {logging_mixin.py:150} INFO - [2025-02-03T11:52:57.290+0000] {dag.py:2742} INFO - Sync 1 DAGs
[2025-02-03T11:52:57.304+0000] {logging_mixin.py:150} INFO - [2025-02-03T11:52:57.304+0000] {dag.py:3504} INFO - Setting next_dagrun for latest_only to 2025-02-03T07:52:57.303944+00:00, run_after=2025-02-03T11:52:57.303944+00:00
[2025-02-03T11:52:57.319+0000] {processor.py:179} INFO - Processing /home/vscode/.local/lib/python3.10/site-packages/airflow/example_dags/example_latest_only.py took 0.046 seconds
[2025-02-03T11:53:42.677+0000] {processor.py:157} INFO - Started process (PID=38766) to work on /home/vscode/.local/lib/python3.10/site-packages/airflow/example_dags/example_latest_only.py
[2025-02-03T11:53:42.678+0000] {processor.py:826} INFO - Processing file /home/vscode/.local/lib/python3.10/site-packages/airflow/example_dags/example_latest_only.py for tasks to queue
[2025-02-03T11:53:42.678+0000] {logging_mixin.py:150} INFO - [2025-02-03T11:53:42.678+0000] {dagbag.py:541} INFO - Filling up the DagBag from /home/vscode/.local/lib/python3.10/site-packages/airflow/example_dags/example_latest_only.py
[2025-02-03T11:53:42.682+0000] {processor.py:836} INFO - DAG(s) dict_keys(['latest_only']) retrieved from /home/vscode/.local/lib/python3.10/site-packages/airflow/example_dags/example_latest_only.py
[2025-02-03T11:53:42.693+0000] {logging_mixin.py:150} INFO - [2025-02-03T11:53:42.693+0000] {dag.py:2742} INFO - Sync 1 DAGs
[2025-02-03T11:53:42.706+0000] {logging_mixin.py:150} INFO - [2025-02-03T11:53:42.706+0000] {dag.py:3504} INFO - Setting next_dagrun for latest_only to 2025-02-03T07:53:42.706575+00:00, run_after=2025-02-03T11:53:42.706575+00:00
[2025-02-03T11:53:42.720+0000] {processor.py:179} INFO - Processing /home/vscode/.local/lib/python3.10/site-packages/airflow/example_dags/example_latest_only.py took 0.046 seconds
[2025-02-03T11:54:25.554+0000] {processor.py:157} INFO - Started process (PID=39052) to work on /home/vscode/.local/lib/python3.10/site-packages/airflow/example_dags/example_latest_only.py
[2025-02-03T11:54:25.554+0000] {processor.py:826} INFO - Processing file /home/vscode/.local/lib/python3.10/site-packages/airflow/example_dags/example_latest_only.py for tasks to queue
[2025-02-03T11:54:25.555+0000] {logging_mixin.py:150} INFO - [2025-02-03T11:54:25.555+0000] {dagbag.py:541} INFO - Filling up the DagBag from /home/vscode/.local/lib/python3.10/site-packages/airflow/example_dags/example_latest_only.py
[2025-02-03T11:54:25.559+0000] {processor.py:836} INFO - DAG(s) dict_keys(['latest_only']) retrieved from /home/vscode/.local/lib/python3.10/site-packages/airflow/example_dags/example_latest_only.py
[2025-02-03T11:54:25.569+0000] {logging_mixin.py:150} INFO - [2025-02-03T11:54:25.569+0000] {dag.py:2742} INFO - Sync 1 DAGs
[2025-02-03T11:54:25.583+0000] {logging_mixin.py:150} INFO - [2025-02-03T11:54:25.582+0000] {dag.py:3504} INFO - Setting next_dagrun for latest_only to 2025-02-03T07:54:25.582722+00:00, run_after=2025-02-03T11:54:25.582722+00:00
[2025-02-03T11:54:25.597+0000] {processor.py:179} INFO - Processing /home/vscode/.local/lib/python3.10/site-packages/airflow/example_dags/example_latest_only.py took 0.045 seconds
[2025-02-03T11:55:08.823+0000] {processor.py:157} INFO - Started process (PID=39345) to work on /home/vscode/.local/lib/python3.10/site-packages/airflow/example_dags/example_latest_only.py
[2025-02-03T11:55:08.824+0000] {processor.py:826} INFO - Processing file /home/vscode/.local/lib/python3.10/site-packages/airflow/example_dags/example_latest_only.py for tasks to queue
[2025-02-03T11:55:08.825+0000] {logging_mixin.py:150} INFO - [2025-02-03T11:55:08.824+0000] {dagbag.py:541} INFO - Filling up the DagBag from /home/vscode/.local/lib/python3.10/site-packages/airflow/example_dags/example_latest_only.py
[2025-02-03T11:55:08.829+0000] {processor.py:836} INFO - DAG(s) dict_keys(['latest_only']) retrieved from /home/vscode/.local/lib/python3.10/site-packages/airflow/example_dags/example_latest_only.py
[2025-02-03T11:55:08.839+0000] {logging_mixin.py:150} INFO - [2025-02-03T11:55:08.839+0000] {dag.py:2742} INFO - Sync 1 DAGs
[2025-02-03T11:55:08.853+0000] {logging_mixin.py:150} INFO - [2025-02-03T11:55:08.853+0000] {dag.py:3504} INFO - Setting next_dagrun for latest_only to 2025-02-03T07:55:08.853113+00:00, run_after=2025-02-03T11:55:08.853113+00:00
[2025-02-03T11:55:08.867+0000] {processor.py:179} INFO - Processing /home/vscode/.local/lib/python3.10/site-packages/airflow/example_dags/example_latest_only.py took 0.046 seconds
[2025-02-03T11:55:52.180+0000] {processor.py:157} INFO - Started process (PID=39639) to work on /home/vscode/.local/lib/python3.10/site-packages/airflow/example_dags/example_latest_only.py
[2025-02-03T11:55:52.180+0000] {processor.py:826} INFO - Processing file /home/vscode/.local/lib/python3.10/site-packages/airflow/example_dags/example_latest_only.py for tasks to queue
[2025-02-03T11:55:52.181+0000] {logging_mixin.py:150} INFO - [2025-02-03T11:55:52.181+0000] {dagbag.py:541} INFO - Filling up the DagBag from /home/vscode/.local/lib/python3.10/site-packages/airflow/example_dags/example_latest_only.py
[2025-02-03T11:55:52.185+0000] {processor.py:836} INFO - DAG(s) dict_keys(['latest_only']) retrieved from /home/vscode/.local/lib/python3.10/site-packages/airflow/example_dags/example_latest_only.py
[2025-02-03T11:55:52.195+0000] {logging_mixin.py:150} INFO - [2025-02-03T11:55:52.195+0000] {dag.py:2742} INFO - Sync 1 DAGs
[2025-02-03T11:55:52.209+0000] {logging_mixin.py:150} INFO - [2025-02-03T11:55:52.209+0000] {dag.py:3504} INFO - Setting next_dagrun for latest_only to 2025-02-03T07:55:52.209335+00:00, run_after=2025-02-03T11:55:52.209335+00:00
[2025-02-03T11:55:52.223+0000] {processor.py:179} INFO - Processing /home/vscode/.local/lib/python3.10/site-packages/airflow/example_dags/example_latest_only.py took 0.046 seconds
[2025-02-03T11:56:33.281+0000] {processor.py:157} INFO - Started process (PID=39912) to work on /home/vscode/.local/lib/python3.10/site-packages/airflow/example_dags/example_latest_only.py
[2025-02-03T11:56:33.282+0000] {processor.py:826} INFO - Processing file /home/vscode/.local/lib/python3.10/site-packages/airflow/example_dags/example_latest_only.py for tasks to queue
[2025-02-03T11:56:33.282+0000] {logging_mixin.py:150} INFO - [2025-02-03T11:56:33.282+0000] {dagbag.py:541} INFO - Filling up the DagBag from /home/vscode/.local/lib/python3.10/site-packages/airflow/example_dags/example_latest_only.py
[2025-02-03T11:56:33.287+0000] {processor.py:836} INFO - DAG(s) dict_keys(['latest_only']) retrieved from /home/vscode/.local/lib/python3.10/site-packages/airflow/example_dags/example_latest_only.py
[2025-02-03T11:56:33.297+0000] {logging_mixin.py:150} INFO - [2025-02-03T11:56:33.297+0000] {dag.py:2742} INFO - Sync 1 DAGs
[2025-02-03T11:56:33.313+0000] {logging_mixin.py:150} INFO - [2025-02-03T11:56:33.313+0000] {dag.py:3504} INFO - Setting next_dagrun for latest_only to 2025-02-03T07:56:33.313156+00:00, run_after=2025-02-03T11:56:33.313156+00:00
[2025-02-03T11:56:33.329+0000] {processor.py:179} INFO - Processing /home/vscode/.local/lib/python3.10/site-packages/airflow/example_dags/example_latest_only.py took 0.050 seconds
[2025-02-03T11:57:19.266+0000] {processor.py:157} INFO - Started process (PID=40223) to work on /home/vscode/.local/lib/python3.10/site-packages/airflow/example_dags/example_latest_only.py
[2025-02-03T11:57:19.266+0000] {processor.py:826} INFO - Processing file /home/vscode/.local/lib/python3.10/site-packages/airflow/example_dags/example_latest_only.py for tasks to queue
[2025-02-03T11:57:19.267+0000] {logging_mixin.py:150} INFO - [2025-02-03T11:57:19.267+0000] {dagbag.py:541} INFO - Filling up the DagBag from /home/vscode/.local/lib/python3.10/site-packages/airflow/example_dags/example_latest_only.py
[2025-02-03T11:57:19.271+0000] {processor.py:836} INFO - DAG(s) dict_keys(['latest_only']) retrieved from /home/vscode/.local/lib/python3.10/site-packages/airflow/example_dags/example_latest_only.py
[2025-02-03T11:57:19.282+0000] {logging_mixin.py:150} INFO - [2025-02-03T11:57:19.282+0000] {dag.py:2742} INFO - Sync 1 DAGs
[2025-02-03T11:57:19.296+0000] {logging_mixin.py:150} INFO - [2025-02-03T11:57:19.295+0000] {dag.py:3504} INFO - Setting next_dagrun for latest_only to 2025-02-03T07:57:19.295694+00:00, run_after=2025-02-03T11:57:19.295694+00:00
[2025-02-03T11:57:19.309+0000] {processor.py:179} INFO - Processing /home/vscode/.local/lib/python3.10/site-packages/airflow/example_dags/example_latest_only.py took 0.046 seconds
[2025-02-03T11:58:07.213+0000] {processor.py:157} INFO - Started process (PID=40541) to work on /home/vscode/.local/lib/python3.10/site-packages/airflow/example_dags/example_latest_only.py
[2025-02-03T11:58:07.214+0000] {processor.py:826} INFO - Processing file /home/vscode/.local/lib/python3.10/site-packages/airflow/example_dags/example_latest_only.py for tasks to queue
[2025-02-03T11:58:07.214+0000] {logging_mixin.py:150} INFO - [2025-02-03T11:58:07.214+0000] {dagbag.py:541} INFO - Filling up the DagBag from /home/vscode/.local/lib/python3.10/site-packages/airflow/example_dags/example_latest_only.py
[2025-02-03T11:58:07.219+0000] {processor.py:836} INFO - DAG(s) dict_keys(['latest_only']) retrieved from /home/vscode/.local/lib/python3.10/site-packages/airflow/example_dags/example_latest_only.py
[2025-02-03T11:58:07.229+0000] {logging_mixin.py:150} INFO - [2025-02-03T11:58:07.229+0000] {dag.py:2742} INFO - Sync 1 DAGs
[2025-02-03T11:58:07.242+0000] {logging_mixin.py:150} INFO - [2025-02-03T11:58:07.242+0000] {dag.py:3504} INFO - Setting next_dagrun for latest_only to 2025-02-03T07:58:07.242268+00:00, run_after=2025-02-03T11:58:07.242268+00:00
[2025-02-03T11:58:07.257+0000] {processor.py:179} INFO - Processing /home/vscode/.local/lib/python3.10/site-packages/airflow/example_dags/example_latest_only.py took 0.046 seconds
[2025-02-03T11:58:50.595+0000] {processor.py:157} INFO - Started process (PID=40837) to work on /home/vscode/.local/lib/python3.10/site-packages/airflow/example_dags/example_latest_only.py
[2025-02-03T11:58:50.596+0000] {processor.py:826} INFO - Processing file /home/vscode/.local/lib/python3.10/site-packages/airflow/example_dags/example_latest_only.py for tasks to queue
[2025-02-03T11:58:50.596+0000] {logging_mixin.py:150} INFO - [2025-02-03T11:58:50.596+0000] {dagbag.py:541} INFO - Filling up the DagBag from /home/vscode/.local/lib/python3.10/site-packages/airflow/example_dags/example_latest_only.py
[2025-02-03T11:58:50.601+0000] {processor.py:836} INFO - DAG(s) dict_keys(['latest_only']) retrieved from /home/vscode/.local/lib/python3.10/site-packages/airflow/example_dags/example_latest_only.py
[2025-02-03T11:58:50.611+0000] {logging_mixin.py:150} INFO - [2025-02-03T11:58:50.611+0000] {dag.py:2742} INFO - Sync 1 DAGs
[2025-02-03T11:58:50.625+0000] {logging_mixin.py:150} INFO - [2025-02-03T11:58:50.625+0000] {dag.py:3504} INFO - Setting next_dagrun for latest_only to 2025-02-03T07:58:50.625224+00:00, run_after=2025-02-03T11:58:50.625224+00:00
[2025-02-03T11:58:50.639+0000] {processor.py:179} INFO - Processing /home/vscode/.local/lib/python3.10/site-packages/airflow/example_dags/example_latest_only.py took 0.046 seconds
[2025-02-03T11:59:33.933+0000] {processor.py:157} INFO - Started process (PID=41129) to work on /home/vscode/.local/lib/python3.10/site-packages/airflow/example_dags/example_latest_only.py
[2025-02-03T11:59:33.934+0000] {processor.py:826} INFO - Processing file /home/vscode/.local/lib/python3.10/site-packages/airflow/example_dags/example_latest_only.py for tasks to queue
[2025-02-03T11:59:33.934+0000] {logging_mixin.py:150} INFO - [2025-02-03T11:59:33.934+0000] {dagbag.py:541} INFO - Filling up the DagBag from /home/vscode/.local/lib/python3.10/site-packages/airflow/example_dags/example_latest_only.py
[2025-02-03T11:59:33.939+0000] {processor.py:836} INFO - DAG(s) dict_keys(['latest_only']) retrieved from /home/vscode/.local/lib/python3.10/site-packages/airflow/example_dags/example_latest_only.py
[2025-02-03T11:59:33.950+0000] {logging_mixin.py:150} INFO - [2025-02-03T11:59:33.950+0000] {dag.py:2742} INFO - Sync 1 DAGs
[2025-02-03T11:59:33.964+0000] {logging_mixin.py:150} INFO - [2025-02-03T11:59:33.964+0000] {dag.py:3504} INFO - Setting next_dagrun for latest_only to 2025-02-03T07:59:33.964138+00:00, run_after=2025-02-03T11:59:33.964138+00:00
[2025-02-03T11:59:33.978+0000] {processor.py:179} INFO - Processing /home/vscode/.local/lib/python3.10/site-packages/airflow/example_dags/example_latest_only.py took 0.048 seconds
[2025-02-03T12:00:15.932+0000] {processor.py:157} INFO - Started process (PID=41403) to work on /home/vscode/.local/lib/python3.10/site-packages/airflow/example_dags/example_latest_only.py
[2025-02-03T12:00:15.932+0000] {processor.py:826} INFO - Processing file /home/vscode/.local/lib/python3.10/site-packages/airflow/example_dags/example_latest_only.py for tasks to queue
[2025-02-03T12:00:15.933+0000] {logging_mixin.py:150} INFO - [2025-02-03T12:00:15.932+0000] {dagbag.py:541} INFO - Filling up the DagBag from /home/vscode/.local/lib/python3.10/site-packages/airflow/example_dags/example_latest_only.py
[2025-02-03T12:00:15.937+0000] {processor.py:836} INFO - DAG(s) dict_keys(['latest_only']) retrieved from /home/vscode/.local/lib/python3.10/site-packages/airflow/example_dags/example_latest_only.py
[2025-02-03T12:00:15.951+0000] {logging_mixin.py:150} INFO - [2025-02-03T12:00:15.951+0000] {dag.py:2742} INFO - Sync 1 DAGs
[2025-02-03T12:00:15.967+0000] {logging_mixin.py:150} INFO - [2025-02-03T12:00:15.967+0000] {dag.py:3504} INFO - Setting next_dagrun for latest_only to 2025-02-03T08:00:15.966944+00:00, run_after=2025-02-03T12:00:15.966944+00:00
[2025-02-03T12:00:15.982+0000] {processor.py:179} INFO - Processing /home/vscode/.local/lib/python3.10/site-packages/airflow/example_dags/example_latest_only.py took 0.053 seconds
[2025-02-03T12:01:04.055+0000] {processor.py:157} INFO - Started process (PID=41730) to work on /home/vscode/.local/lib/python3.10/site-packages/airflow/example_dags/example_latest_only.py
[2025-02-03T12:01:04.056+0000] {processor.py:826} INFO - Processing file /home/vscode/.local/lib/python3.10/site-packages/airflow/example_dags/example_latest_only.py for tasks to queue
[2025-02-03T12:01:04.056+0000] {logging_mixin.py:150} INFO - [2025-02-03T12:01:04.056+0000] {dagbag.py:541} INFO - Filling up the DagBag from /home/vscode/.local/lib/python3.10/site-packages/airflow/example_dags/example_latest_only.py
[2025-02-03T12:01:04.061+0000] {processor.py:836} INFO - DAG(s) dict_keys(['latest_only']) retrieved from /home/vscode/.local/lib/python3.10/site-packages/airflow/example_dags/example_latest_only.py
[2025-02-03T12:01:04.072+0000] {logging_mixin.py:150} INFO - [2025-02-03T12:01:04.072+0000] {dag.py:2742} INFO - Sync 1 DAGs
[2025-02-03T12:01:04.086+0000] {logging_mixin.py:150} INFO - [2025-02-03T12:01:04.086+0000] {dag.py:3504} INFO - Setting next_dagrun for latest_only to 2025-02-03T08:01:04.086232+00:00, run_after=2025-02-03T12:01:04.086232+00:00
[2025-02-03T12:01:04.101+0000] {processor.py:179} INFO - Processing /home/vscode/.local/lib/python3.10/site-packages/airflow/example_dags/example_latest_only.py took 0.048 seconds
[2025-02-03T12:01:46.745+0000] {processor.py:157} INFO - Started process (PID=42016) to work on /home/vscode/.local/lib/python3.10/site-packages/airflow/example_dags/example_latest_only.py
[2025-02-03T12:01:46.746+0000] {processor.py:826} INFO - Processing file /home/vscode/.local/lib/python3.10/site-packages/airflow/example_dags/example_latest_only.py for tasks to queue
[2025-02-03T12:01:46.747+0000] {logging_mixin.py:150} INFO - [2025-02-03T12:01:46.746+0000] {dagbag.py:541} INFO - Filling up the DagBag from /home/vscode/.local/lib/python3.10/site-packages/airflow/example_dags/example_latest_only.py
[2025-02-03T12:01:46.751+0000] {processor.py:836} INFO - DAG(s) dict_keys(['latest_only']) retrieved from /home/vscode/.local/lib/python3.10/site-packages/airflow/example_dags/example_latest_only.py
[2025-02-03T12:01:46.762+0000] {logging_mixin.py:150} INFO - [2025-02-03T12:01:46.762+0000] {dag.py:2742} INFO - Sync 1 DAGs
[2025-02-03T12:01:46.775+0000] {logging_mixin.py:150} INFO - [2025-02-03T12:01:46.775+0000] {dag.py:3504} INFO - Setting next_dagrun for latest_only to 2025-02-03T08:01:46.775332+00:00, run_after=2025-02-03T12:01:46.775332+00:00
[2025-02-03T12:01:46.789+0000] {processor.py:179} INFO - Processing /home/vscode/.local/lib/python3.10/site-packages/airflow/example_dags/example_latest_only.py took 0.046 seconds
[2025-02-03T12:02:30.267+0000] {processor.py:157} INFO - Started process (PID=42304) to work on /home/vscode/.local/lib/python3.10/site-packages/airflow/example_dags/example_latest_only.py
[2025-02-03T12:02:30.267+0000] {processor.py:826} INFO - Processing file /home/vscode/.local/lib/python3.10/site-packages/airflow/example_dags/example_latest_only.py for tasks to queue
[2025-02-03T12:02:30.268+0000] {logging_mixin.py:150} INFO - [2025-02-03T12:02:30.268+0000] {dagbag.py:541} INFO - Filling up the DagBag from /home/vscode/.local/lib/python3.10/site-packages/airflow/example_dags/example_latest_only.py
[2025-02-03T12:02:30.272+0000] {processor.py:836} INFO - DAG(s) dict_keys(['latest_only']) retrieved from /home/vscode/.local/lib/python3.10/site-packages/airflow/example_dags/example_latest_only.py
[2025-02-03T12:02:30.283+0000] {logging_mixin.py:150} INFO - [2025-02-03T12:02:30.282+0000] {dag.py:2742} INFO - Sync 1 DAGs
[2025-02-03T12:02:30.296+0000] {logging_mixin.py:150} INFO - [2025-02-03T12:02:30.296+0000] {dag.py:3504} INFO - Setting next_dagrun for latest_only to 2025-02-03T08:02:30.296619+00:00, run_after=2025-02-03T12:02:30.296619+00:00
[2025-02-03T12:02:30.311+0000] {processor.py:179} INFO - Processing /home/vscode/.local/lib/python3.10/site-packages/airflow/example_dags/example_latest_only.py took 0.046 seconds
[2025-02-03T12:03:11.938+0000] {processor.py:157} INFO - Started process (PID=42597) to work on /home/vscode/.local/lib/python3.10/site-packages/airflow/example_dags/example_latest_only.py
[2025-02-03T12:03:11.938+0000] {processor.py:826} INFO - Processing file /home/vscode/.local/lib/python3.10/site-packages/airflow/example_dags/example_latest_only.py for tasks to queue
[2025-02-03T12:03:11.939+0000] {logging_mixin.py:150} INFO - [2025-02-03T12:03:11.939+0000] {dagbag.py:541} INFO - Filling up the DagBag from /home/vscode/.local/lib/python3.10/site-packages/airflow/example_dags/example_latest_only.py
[2025-02-03T12:03:11.943+0000] {processor.py:836} INFO - DAG(s) dict_keys(['latest_only']) retrieved from /home/vscode/.local/lib/python3.10/site-packages/airflow/example_dags/example_latest_only.py
[2025-02-03T12:03:11.954+0000] {logging_mixin.py:150} INFO - [2025-02-03T12:03:11.953+0000] {dag.py:2742} INFO - Sync 1 DAGs
[2025-02-03T12:03:11.967+0000] {logging_mixin.py:150} INFO - [2025-02-03T12:03:11.967+0000] {dag.py:3504} INFO - Setting next_dagrun for latest_only to 2025-02-03T08:03:11.967279+00:00, run_after=2025-02-03T12:03:11.967279+00:00
[2025-02-03T12:03:11.981+0000] {processor.py:179} INFO - Processing /home/vscode/.local/lib/python3.10/site-packages/airflow/example_dags/example_latest_only.py took 0.045 seconds
[2025-02-03T12:03:55.759+0000] {processor.py:157} INFO - Started process (PID=42884) to work on /home/vscode/.local/lib/python3.10/site-packages/airflow/example_dags/example_latest_only.py
[2025-02-03T12:03:55.759+0000] {processor.py:826} INFO - Processing file /home/vscode/.local/lib/python3.10/site-packages/airflow/example_dags/example_latest_only.py for tasks to queue
[2025-02-03T12:03:55.760+0000] {logging_mixin.py:150} INFO - [2025-02-03T12:03:55.760+0000] {dagbag.py:541} INFO - Filling up the DagBag from /home/vscode/.local/lib/python3.10/site-packages/airflow/example_dags/example_latest_only.py
[2025-02-03T12:03:55.764+0000] {processor.py:836} INFO - DAG(s) dict_keys(['latest_only']) retrieved from /home/vscode/.local/lib/python3.10/site-packages/airflow/example_dags/example_latest_only.py
[2025-02-03T12:03:55.775+0000] {logging_mixin.py:150} INFO - [2025-02-03T12:03:55.775+0000] {dag.py:2742} INFO - Sync 1 DAGs
[2025-02-03T12:03:55.789+0000] {logging_mixin.py:150} INFO - [2025-02-03T12:03:55.789+0000] {dag.py:3504} INFO - Setting next_dagrun for latest_only to 2025-02-03T08:03:55.788976+00:00, run_after=2025-02-03T12:03:55.788976+00:00
[2025-02-03T12:03:55.803+0000] {processor.py:179} INFO - Processing /home/vscode/.local/lib/python3.10/site-packages/airflow/example_dags/example_latest_only.py took 0.046 seconds
[2025-02-03T12:04:39.657+0000] {processor.py:157} INFO - Started process (PID=43178) to work on /home/vscode/.local/lib/python3.10/site-packages/airflow/example_dags/example_latest_only.py
[2025-02-03T12:04:39.658+0000] {processor.py:826} INFO - Processing file /home/vscode/.local/lib/python3.10/site-packages/airflow/example_dags/example_latest_only.py for tasks to queue
[2025-02-03T12:04:39.658+0000] {logging_mixin.py:150} INFO - [2025-02-03T12:04:39.658+0000] {dagbag.py:541} INFO - Filling up the DagBag from /home/vscode/.local/lib/python3.10/site-packages/airflow/example_dags/example_latest_only.py
[2025-02-03T12:04:39.663+0000] {processor.py:836} INFO - DAG(s) dict_keys(['latest_only']) retrieved from /home/vscode/.local/lib/python3.10/site-packages/airflow/example_dags/example_latest_only.py
[2025-02-03T12:04:39.674+0000] {logging_mixin.py:150} INFO - [2025-02-03T12:04:39.674+0000] {dag.py:2742} INFO - Sync 1 DAGs
[2025-02-03T12:04:39.688+0000] {logging_mixin.py:150} INFO - [2025-02-03T12:04:39.688+0000] {dag.py:3504} INFO - Setting next_dagrun for latest_only to 2025-02-03T08:04:39.688598+00:00, run_after=2025-02-03T12:04:39.688598+00:00
[2025-02-03T12:04:39.703+0000] {processor.py:179} INFO - Processing /home/vscode/.local/lib/python3.10/site-packages/airflow/example_dags/example_latest_only.py took 0.049 seconds
[2025-02-03T12:05:22.767+0000] {processor.py:157} INFO - Started process (PID=43471) to work on /home/vscode/.local/lib/python3.10/site-packages/airflow/example_dags/example_latest_only.py
[2025-02-03T12:05:22.767+0000] {processor.py:826} INFO - Processing file /home/vscode/.local/lib/python3.10/site-packages/airflow/example_dags/example_latest_only.py for tasks to queue
[2025-02-03T12:05:22.768+0000] {logging_mixin.py:150} INFO - [2025-02-03T12:05:22.768+0000] {dagbag.py:541} INFO - Filling up the DagBag from /home/vscode/.local/lib/python3.10/site-packages/airflow/example_dags/example_latest_only.py
[2025-02-03T12:05:22.772+0000] {processor.py:836} INFO - DAG(s) dict_keys(['latest_only']) retrieved from /home/vscode/.local/lib/python3.10/site-packages/airflow/example_dags/example_latest_only.py
[2025-02-03T12:05:22.782+0000] {logging_mixin.py:150} INFO - [2025-02-03T12:05:22.782+0000] {dag.py:2742} INFO - Sync 1 DAGs
[2025-02-03T12:05:22.796+0000] {logging_mixin.py:150} INFO - [2025-02-03T12:05:22.796+0000] {dag.py:3504} INFO - Setting next_dagrun for latest_only to 2025-02-03T08:05:22.796330+00:00, run_after=2025-02-03T12:05:22.796330+00:00
[2025-02-03T12:05:22.810+0000] {processor.py:179} INFO - Processing /home/vscode/.local/lib/python3.10/site-packages/airflow/example_dags/example_latest_only.py took 0.045 seconds
[2025-02-03T12:06:10.949+0000] {processor.py:157} INFO - Started process (PID=43788) to work on /home/vscode/.local/lib/python3.10/site-packages/airflow/example_dags/example_latest_only.py
[2025-02-03T12:06:10.950+0000] {processor.py:826} INFO - Processing file /home/vscode/.local/lib/python3.10/site-packages/airflow/example_dags/example_latest_only.py for tasks to queue
[2025-02-03T12:06:10.951+0000] {logging_mixin.py:150} INFO - [2025-02-03T12:06:10.950+0000] {dagbag.py:541} INFO - Filling up the DagBag from /home/vscode/.local/lib/python3.10/site-packages/airflow/example_dags/example_latest_only.py
[2025-02-03T12:06:10.955+0000] {processor.py:836} INFO - DAG(s) dict_keys(['latest_only']) retrieved from /home/vscode/.local/lib/python3.10/site-packages/airflow/example_dags/example_latest_only.py
[2025-02-03T12:06:10.966+0000] {logging_mixin.py:150} INFO - [2025-02-03T12:06:10.965+0000] {dag.py:2742} INFO - Sync 1 DAGs
[2025-02-03T12:06:10.982+0000] {logging_mixin.py:150} INFO - [2025-02-03T12:06:10.981+0000] {dag.py:3504} INFO - Setting next_dagrun for latest_only to 2025-02-03T08:06:10.981737+00:00, run_after=2025-02-03T12:06:10.981737+00:00
[2025-02-03T12:06:10.999+0000] {processor.py:179} INFO - Processing /home/vscode/.local/lib/python3.10/site-packages/airflow/example_dags/example_latest_only.py took 0.052 seconds
[2025-02-03T12:06:58.322+0000] {processor.py:157} INFO - Started process (PID=44114) to work on /home/vscode/.local/lib/python3.10/site-packages/airflow/example_dags/example_latest_only.py
[2025-02-03T12:06:58.322+0000] {processor.py:826} INFO - Processing file /home/vscode/.local/lib/python3.10/site-packages/airflow/example_dags/example_latest_only.py for tasks to queue
[2025-02-03T12:06:58.323+0000] {logging_mixin.py:150} INFO - [2025-02-03T12:06:58.323+0000] {dagbag.py:541} INFO - Filling up the DagBag from /home/vscode/.local/lib/python3.10/site-packages/airflow/example_dags/example_latest_only.py
[2025-02-03T12:06:58.327+0000] {processor.py:836} INFO - DAG(s) dict_keys(['latest_only']) retrieved from /home/vscode/.local/lib/python3.10/site-packages/airflow/example_dags/example_latest_only.py
[2025-02-03T12:06:58.338+0000] {logging_mixin.py:150} INFO - [2025-02-03T12:06:58.338+0000] {dag.py:2742} INFO - Sync 1 DAGs
[2025-02-03T12:06:58.352+0000] {logging_mixin.py:150} INFO - [2025-02-03T12:06:58.352+0000] {dag.py:3504} INFO - Setting next_dagrun for latest_only to 2025-02-03T08:06:58.352237+00:00, run_after=2025-02-03T12:06:58.352237+00:00
[2025-02-03T12:06:58.367+0000] {processor.py:179} INFO - Processing /home/vscode/.local/lib/python3.10/site-packages/airflow/example_dags/example_latest_only.py took 0.047 seconds
[2025-02-03T12:07:40.479+0000] {processor.py:157} INFO - Started process (PID=44947) to work on /home/vscode/.local/lib/python3.10/site-packages/airflow/example_dags/example_latest_only.py
[2025-02-03T12:07:40.480+0000] {processor.py:826} INFO - Processing file /home/vscode/.local/lib/python3.10/site-packages/airflow/example_dags/example_latest_only.py for tasks to queue
[2025-02-03T12:07:40.480+0000] {logging_mixin.py:150} INFO - [2025-02-03T12:07:40.480+0000] {dagbag.py:541} INFO - Filling up the DagBag from /home/vscode/.local/lib/python3.10/site-packages/airflow/example_dags/example_latest_only.py
[2025-02-03T12:07:40.485+0000] {processor.py:836} INFO - DAG(s) dict_keys(['latest_only']) retrieved from /home/vscode/.local/lib/python3.10/site-packages/airflow/example_dags/example_latest_only.py
[2025-02-03T12:07:40.496+0000] {logging_mixin.py:150} INFO - [2025-02-03T12:07:40.496+0000] {dag.py:2742} INFO - Sync 1 DAGs
[2025-02-03T12:07:40.510+0000] {logging_mixin.py:150} INFO - [2025-02-03T12:07:40.510+0000] {dag.py:3504} INFO - Setting next_dagrun for latest_only to 2025-02-03T08:07:40.509976+00:00, run_after=2025-02-03T12:07:40.509976+00:00
[2025-02-03T12:07:40.524+0000] {processor.py:179} INFO - Processing /home/vscode/.local/lib/python3.10/site-packages/airflow/example_dags/example_latest_only.py took 0.047 seconds
[2025-02-03T12:08:28.413+0000] {processor.py:157} INFO - Started process (PID=46386) to work on /home/vscode/.local/lib/python3.10/site-packages/airflow/example_dags/example_latest_only.py
[2025-02-03T12:08:28.414+0000] {processor.py:826} INFO - Processing file /home/vscode/.local/lib/python3.10/site-packages/airflow/example_dags/example_latest_only.py for tasks to queue
[2025-02-03T12:08:28.415+0000] {logging_mixin.py:150} INFO - [2025-02-03T12:08:28.414+0000] {dagbag.py:541} INFO - Filling up the DagBag from /home/vscode/.local/lib/python3.10/site-packages/airflow/example_dags/example_latest_only.py
[2025-02-03T12:08:28.419+0000] {processor.py:836} INFO - DAG(s) dict_keys(['latest_only']) retrieved from /home/vscode/.local/lib/python3.10/site-packages/airflow/example_dags/example_latest_only.py
[2025-02-03T12:08:28.430+0000] {logging_mixin.py:150} INFO - [2025-02-03T12:08:28.429+0000] {dag.py:2742} INFO - Sync 1 DAGs
[2025-02-03T12:08:28.443+0000] {logging_mixin.py:150} INFO - [2025-02-03T12:08:28.443+0000] {dag.py:3504} INFO - Setting next_dagrun for latest_only to 2025-02-03T08:08:28.443548+00:00, run_after=2025-02-03T12:08:28.443548+00:00
[2025-02-03T12:08:28.457+0000] {processor.py:179} INFO - Processing /home/vscode/.local/lib/python3.10/site-packages/airflow/example_dags/example_latest_only.py took 0.046 seconds
[2025-02-03T12:09:11.782+0000] {processor.py:157} INFO - Started process (PID=46747) to work on /home/vscode/.local/lib/python3.10/site-packages/airflow/example_dags/example_latest_only.py
[2025-02-03T12:09:11.782+0000] {processor.py:826} INFO - Processing file /home/vscode/.local/lib/python3.10/site-packages/airflow/example_dags/example_latest_only.py for tasks to queue
[2025-02-03T12:09:11.783+0000] {logging_mixin.py:150} INFO - [2025-02-03T12:09:11.783+0000] {dagbag.py:541} INFO - Filling up the DagBag from /home/vscode/.local/lib/python3.10/site-packages/airflow/example_dags/example_latest_only.py
[2025-02-03T12:09:11.787+0000] {processor.py:836} INFO - DAG(s) dict_keys(['latest_only']) retrieved from /home/vscode/.local/lib/python3.10/site-packages/airflow/example_dags/example_latest_only.py
[2025-02-03T12:09:11.799+0000] {logging_mixin.py:150} INFO - [2025-02-03T12:09:11.798+0000] {dag.py:2742} INFO - Sync 1 DAGs
[2025-02-03T12:09:11.813+0000] {logging_mixin.py:150} INFO - [2025-02-03T12:09:11.812+0000] {dag.py:3504} INFO - Setting next_dagrun for latest_only to 2025-02-03T08:09:11.812726+00:00, run_after=2025-02-03T12:09:11.812726+00:00
[2025-02-03T12:09:11.827+0000] {processor.py:179} INFO - Processing /home/vscode/.local/lib/python3.10/site-packages/airflow/example_dags/example_latest_only.py took 0.048 seconds
[2025-02-03T12:09:51.721+0000] {processor.py:157} INFO - Started process (PID=47598) to work on /home/vscode/.local/lib/python3.10/site-packages/airflow/example_dags/example_latest_only.py
[2025-02-03T12:09:51.721+0000] {processor.py:826} INFO - Processing file /home/vscode/.local/lib/python3.10/site-packages/airflow/example_dags/example_latest_only.py for tasks to queue
[2025-02-03T12:09:51.722+0000] {logging_mixin.py:150} INFO - [2025-02-03T12:09:51.722+0000] {dagbag.py:541} INFO - Filling up the DagBag from /home/vscode/.local/lib/python3.10/site-packages/airflow/example_dags/example_latest_only.py
[2025-02-03T12:09:51.726+0000] {processor.py:836} INFO - DAG(s) dict_keys(['latest_only']) retrieved from /home/vscode/.local/lib/python3.10/site-packages/airflow/example_dags/example_latest_only.py
[2025-02-03T12:09:51.739+0000] {logging_mixin.py:150} INFO - [2025-02-03T12:09:51.739+0000] {dag.py:2742} INFO - Sync 1 DAGs
[2025-02-03T12:09:51.755+0000] {logging_mixin.py:150} INFO - [2025-02-03T12:09:51.755+0000] {dag.py:3504} INFO - Setting next_dagrun for latest_only to 2025-02-03T08:09:51.755332+00:00, run_after=2025-02-03T12:09:51.755332+00:00
[2025-02-03T12:09:51.777+0000] {processor.py:179} INFO - Processing /home/vscode/.local/lib/python3.10/site-packages/airflow/example_dags/example_latest_only.py took 0.059 seconds
