[2025-02-03T11:51:00.675+0000] {processor.py:157} INFO - Started process (PID=37674) to work on /home/vscode/.local/lib/python3.10/site-packages/airflow/example_dags/example_branch_day_of_week_operator.py
[2025-02-03T11:51:00.676+0000] {processor.py:826} INFO - Processing file /home/vscode/.local/lib/python3.10/site-packages/airflow/example_dags/example_branch_day_of_week_operator.py for tasks to queue
[2025-02-03T11:51:00.676+0000] {logging_mixin.py:150} INFO - [2025-02-03T11:51:00.676+0000] {dagbag.py:541} INFO - Filling up the DagBag from /home/vscode/.local/lib/python3.10/site-packages/airflow/example_dags/example_branch_day_of_week_operator.py
[2025-02-03T11:51:00.682+0000] {processor.py:836} INFO - DAG(s) dict_keys(['example_weekday_branch_operator']) retrieved from /home/vscode/.local/lib/python3.10/site-packages/airflow/example_dags/example_branch_day_of_week_operator.py
[2025-02-03T11:51:00.766+0000] {logging_mixin.py:150} INFO - [2025-02-03T11:51:00.766+0000] {manager.py:504} INFO - Created Permission View: can read on DAG:example_weekday_branch_operator
[2025-02-03T11:51:00.774+0000] {logging_mixin.py:150} INFO - [2025-02-03T11:51:00.774+0000] {manager.py:504} INFO - Created Permission View: can delete on DAG:example_weekday_branch_operator
[2025-02-03T11:51:00.779+0000] {logging_mixin.py:150} INFO - [2025-02-03T11:51:00.779+0000] {manager.py:504} INFO - Created Permission View: can edit on DAG:example_weekday_branch_operator
[2025-02-03T11:51:00.787+0000] {logging_mixin.py:150} INFO - [2025-02-03T11:51:00.786+0000] {dag.py:2742} INFO - Sync 1 DAGs
[2025-02-03T11:51:00.793+0000] {logging_mixin.py:150} INFO - [2025-02-03T11:51:00.793+0000] {dag.py:2763} INFO - Creating ORM DAG for example_weekday_branch_operator
[2025-02-03T11:51:00.800+0000] {logging_mixin.py:150} INFO - [2025-02-03T11:51:00.800+0000] {dag.py:3504} INFO - Setting next_dagrun for example_weekday_branch_operator to 2025-02-02T00:00:00+00:00, run_after=2025-02-03T00:00:00+00:00
[2025-02-03T11:51:00.816+0000] {processor.py:179} INFO - Processing /home/vscode/.local/lib/python3.10/site-packages/airflow/example_dags/example_branch_day_of_week_operator.py took 0.143 seconds
[2025-02-03T11:51:50.775+0000] {processor.py:157} INFO - Started process (PID=38010) to work on /home/vscode/.local/lib/python3.10/site-packages/airflow/example_dags/example_branch_day_of_week_operator.py
[2025-02-03T11:51:50.776+0000] {processor.py:826} INFO - Processing file /home/vscode/.local/lib/python3.10/site-packages/airflow/example_dags/example_branch_day_of_week_operator.py for tasks to queue
[2025-02-03T11:51:50.776+0000] {logging_mixin.py:150} INFO - [2025-02-03T11:51:50.776+0000] {dagbag.py:541} INFO - Filling up the DagBag from /home/vscode/.local/lib/python3.10/site-packages/airflow/example_dags/example_branch_day_of_week_operator.py
[2025-02-03T11:51:50.782+0000] {processor.py:836} INFO - DAG(s) dict_keys(['example_weekday_branch_operator']) retrieved from /home/vscode/.local/lib/python3.10/site-packages/airflow/example_dags/example_branch_day_of_week_operator.py
[2025-02-03T11:51:50.794+0000] {logging_mixin.py:150} INFO - [2025-02-03T11:51:50.794+0000] {dag.py:2742} INFO - Sync 1 DAGs
[2025-02-03T11:51:50.809+0000] {logging_mixin.py:150} INFO - [2025-02-03T11:51:50.809+0000] {dag.py:3504} INFO - Setting next_dagrun for example_weekday_branch_operator to 2025-02-02T00:00:00+00:00, run_after=2025-02-03T00:00:00+00:00
[2025-02-03T11:51:50.824+0000] {processor.py:179} INFO - Processing /home/vscode/.local/lib/python3.10/site-packages/airflow/example_dags/example_branch_day_of_week_operator.py took 0.051 seconds
[2025-02-03T11:52:32.871+0000] {processor.py:157} INFO - Started process (PID=38297) to work on /home/vscode/.local/lib/python3.10/site-packages/airflow/example_dags/example_branch_day_of_week_operator.py
[2025-02-03T11:52:32.872+0000] {processor.py:826} INFO - Processing file /home/vscode/.local/lib/python3.10/site-packages/airflow/example_dags/example_branch_day_of_week_operator.py for tasks to queue
[2025-02-03T11:52:32.872+0000] {logging_mixin.py:150} INFO - [2025-02-03T11:52:32.872+0000] {dagbag.py:541} INFO - Filling up the DagBag from /home/vscode/.local/lib/python3.10/site-packages/airflow/example_dags/example_branch_day_of_week_operator.py
[2025-02-03T11:52:32.878+0000] {processor.py:836} INFO - DAG(s) dict_keys(['example_weekday_branch_operator']) retrieved from /home/vscode/.local/lib/python3.10/site-packages/airflow/example_dags/example_branch_day_of_week_operator.py
[2025-02-03T11:52:32.890+0000] {logging_mixin.py:150} INFO - [2025-02-03T11:52:32.890+0000] {dag.py:2742} INFO - Sync 1 DAGs
[2025-02-03T11:52:32.904+0000] {logging_mixin.py:150} INFO - [2025-02-03T11:52:32.904+0000] {dag.py:3504} INFO - Setting next_dagrun for example_weekday_branch_operator to 2025-02-02T00:00:00+00:00, run_after=2025-02-03T00:00:00+00:00
[2025-02-03T11:52:32.922+0000] {processor.py:179} INFO - Processing /home/vscode/.local/lib/python3.10/site-packages/airflow/example_dags/example_branch_day_of_week_operator.py took 0.053 seconds
[2025-02-03T11:53:31.088+0000] {processor.py:157} INFO - Started process (PID=38687) to work on /home/vscode/.local/lib/python3.10/site-packages/airflow/example_dags/example_branch_day_of_week_operator.py
[2025-02-03T11:53:31.088+0000] {processor.py:826} INFO - Processing file /home/vscode/.local/lib/python3.10/site-packages/airflow/example_dags/example_branch_day_of_week_operator.py for tasks to queue
[2025-02-03T11:53:31.089+0000] {logging_mixin.py:150} INFO - [2025-02-03T11:53:31.088+0000] {dagbag.py:541} INFO - Filling up the DagBag from /home/vscode/.local/lib/python3.10/site-packages/airflow/example_dags/example_branch_day_of_week_operator.py
[2025-02-03T11:53:31.094+0000] {processor.py:836} INFO - DAG(s) dict_keys(['example_weekday_branch_operator']) retrieved from /home/vscode/.local/lib/python3.10/site-packages/airflow/example_dags/example_branch_day_of_week_operator.py
[2025-02-03T11:53:31.106+0000] {logging_mixin.py:150} INFO - [2025-02-03T11:53:31.106+0000] {dag.py:2742} INFO - Sync 1 DAGs
[2025-02-03T11:53:31.121+0000] {logging_mixin.py:150} INFO - [2025-02-03T11:53:31.121+0000] {dag.py:3504} INFO - Setting next_dagrun for example_weekday_branch_operator to 2025-02-02T00:00:00+00:00, run_after=2025-02-03T00:00:00+00:00
[2025-02-03T11:53:31.135+0000] {processor.py:179} INFO - Processing /home/vscode/.local/lib/python3.10/site-packages/airflow/example_dags/example_branch_day_of_week_operator.py took 0.049 seconds
[2025-02-03T11:54:14.285+0000] {processor.py:157} INFO - Started process (PID=38982) to work on /home/vscode/.local/lib/python3.10/site-packages/airflow/example_dags/example_branch_day_of_week_operator.py
[2025-02-03T11:54:14.285+0000] {processor.py:826} INFO - Processing file /home/vscode/.local/lib/python3.10/site-packages/airflow/example_dags/example_branch_day_of_week_operator.py for tasks to queue
[2025-02-03T11:54:14.286+0000] {logging_mixin.py:150} INFO - [2025-02-03T11:54:14.286+0000] {dagbag.py:541} INFO - Filling up the DagBag from /home/vscode/.local/lib/python3.10/site-packages/airflow/example_dags/example_branch_day_of_week_operator.py
[2025-02-03T11:54:14.292+0000] {processor.py:836} INFO - DAG(s) dict_keys(['example_weekday_branch_operator']) retrieved from /home/vscode/.local/lib/python3.10/site-packages/airflow/example_dags/example_branch_day_of_week_operator.py
[2025-02-03T11:54:14.304+0000] {logging_mixin.py:150} INFO - [2025-02-03T11:54:14.304+0000] {dag.py:2742} INFO - Sync 1 DAGs
[2025-02-03T11:54:14.319+0000] {logging_mixin.py:150} INFO - [2025-02-03T11:54:14.319+0000] {dag.py:3504} INFO - Setting next_dagrun for example_weekday_branch_operator to 2025-02-02T00:00:00+00:00, run_after=2025-02-03T00:00:00+00:00
[2025-02-03T11:54:14.334+0000] {processor.py:179} INFO - Processing /home/vscode/.local/lib/python3.10/site-packages/airflow/example_dags/example_branch_day_of_week_operator.py took 0.052 seconds
[2025-02-03T11:54:58.548+0000] {processor.py:157} INFO - Started process (PID=39276) to work on /home/vscode/.local/lib/python3.10/site-packages/airflow/example_dags/example_branch_day_of_week_operator.py
[2025-02-03T11:54:58.549+0000] {processor.py:826} INFO - Processing file /home/vscode/.local/lib/python3.10/site-packages/airflow/example_dags/example_branch_day_of_week_operator.py for tasks to queue
[2025-02-03T11:54:58.549+0000] {logging_mixin.py:150} INFO - [2025-02-03T11:54:58.549+0000] {dagbag.py:541} INFO - Filling up the DagBag from /home/vscode/.local/lib/python3.10/site-packages/airflow/example_dags/example_branch_day_of_week_operator.py
[2025-02-03T11:54:58.555+0000] {processor.py:836} INFO - DAG(s) dict_keys(['example_weekday_branch_operator']) retrieved from /home/vscode/.local/lib/python3.10/site-packages/airflow/example_dags/example_branch_day_of_week_operator.py
[2025-02-03T11:54:58.567+0000] {logging_mixin.py:150} INFO - [2025-02-03T11:54:58.567+0000] {dag.py:2742} INFO - Sync 1 DAGs
[2025-02-03T11:54:58.582+0000] {logging_mixin.py:150} INFO - [2025-02-03T11:54:58.582+0000] {dag.py:3504} INFO - Setting next_dagrun for example_weekday_branch_operator to 2025-02-02T00:00:00+00:00, run_after=2025-02-03T00:00:00+00:00
[2025-02-03T11:54:58.596+0000] {processor.py:179} INFO - Processing /home/vscode/.local/lib/python3.10/site-packages/airflow/example_dags/example_branch_day_of_week_operator.py took 0.050 seconds
[2025-02-03T11:55:54.444+0000] {processor.py:157} INFO - Started process (PID=39649) to work on /home/vscode/.local/lib/python3.10/site-packages/airflow/example_dags/example_branch_day_of_week_operator.py
[2025-02-03T11:55:54.444+0000] {processor.py:826} INFO - Processing file /home/vscode/.local/lib/python3.10/site-packages/airflow/example_dags/example_branch_day_of_week_operator.py for tasks to queue
[2025-02-03T11:55:54.445+0000] {logging_mixin.py:150} INFO - [2025-02-03T11:55:54.445+0000] {dagbag.py:541} INFO - Filling up the DagBag from /home/vscode/.local/lib/python3.10/site-packages/airflow/example_dags/example_branch_day_of_week_operator.py
[2025-02-03T11:55:54.450+0000] {processor.py:836} INFO - DAG(s) dict_keys(['example_weekday_branch_operator']) retrieved from /home/vscode/.local/lib/python3.10/site-packages/airflow/example_dags/example_branch_day_of_week_operator.py
[2025-02-03T11:55:54.462+0000] {logging_mixin.py:150} INFO - [2025-02-03T11:55:54.462+0000] {dag.py:2742} INFO - Sync 1 DAGs
[2025-02-03T11:55:54.477+0000] {logging_mixin.py:150} INFO - [2025-02-03T11:55:54.477+0000] {dag.py:3504} INFO - Setting next_dagrun for example_weekday_branch_operator to 2025-02-02T00:00:00+00:00, run_after=2025-02-03T00:00:00+00:00
[2025-02-03T11:55:54.492+0000] {processor.py:179} INFO - Processing /home/vscode/.local/lib/python3.10/site-packages/airflow/example_dags/example_branch_day_of_week_operator.py took 0.050 seconds
[2025-02-03T11:56:45.312+0000] {processor.py:157} INFO - Started process (PID=39996) to work on /home/vscode/.local/lib/python3.10/site-packages/airflow/example_dags/example_branch_day_of_week_operator.py
[2025-02-03T11:56:45.312+0000] {processor.py:826} INFO - Processing file /home/vscode/.local/lib/python3.10/site-packages/airflow/example_dags/example_branch_day_of_week_operator.py for tasks to queue
[2025-02-03T11:56:45.313+0000] {logging_mixin.py:150} INFO - [2025-02-03T11:56:45.313+0000] {dagbag.py:541} INFO - Filling up the DagBag from /home/vscode/.local/lib/python3.10/site-packages/airflow/example_dags/example_branch_day_of_week_operator.py
[2025-02-03T11:56:45.318+0000] {processor.py:836} INFO - DAG(s) dict_keys(['example_weekday_branch_operator']) retrieved from /home/vscode/.local/lib/python3.10/site-packages/airflow/example_dags/example_branch_day_of_week_operator.py
[2025-02-03T11:56:45.331+0000] {logging_mixin.py:150} INFO - [2025-02-03T11:56:45.331+0000] {dag.py:2742} INFO - Sync 1 DAGs
[2025-02-03T11:56:45.346+0000] {logging_mixin.py:150} INFO - [2025-02-03T11:56:45.345+0000] {dag.py:3504} INFO - Setting next_dagrun for example_weekday_branch_operator to 2025-02-02T00:00:00+00:00, run_after=2025-02-03T00:00:00+00:00
[2025-02-03T11:56:45.361+0000] {processor.py:179} INFO - Processing /home/vscode/.local/lib/python3.10/site-packages/airflow/example_dags/example_branch_day_of_week_operator.py took 0.051 seconds
[2025-02-03T11:57:29.542+0000] {processor.py:157} INFO - Started process (PID=40292) to work on /home/vscode/.local/lib/python3.10/site-packages/airflow/example_dags/example_branch_day_of_week_operator.py
[2025-02-03T11:57:29.542+0000] {processor.py:826} INFO - Processing file /home/vscode/.local/lib/python3.10/site-packages/airflow/example_dags/example_branch_day_of_week_operator.py for tasks to queue
[2025-02-03T11:57:29.543+0000] {logging_mixin.py:150} INFO - [2025-02-03T11:57:29.543+0000] {dagbag.py:541} INFO - Filling up the DagBag from /home/vscode/.local/lib/python3.10/site-packages/airflow/example_dags/example_branch_day_of_week_operator.py
[2025-02-03T11:57:29.548+0000] {processor.py:836} INFO - DAG(s) dict_keys(['example_weekday_branch_operator']) retrieved from /home/vscode/.local/lib/python3.10/site-packages/airflow/example_dags/example_branch_day_of_week_operator.py
[2025-02-03T11:57:29.560+0000] {logging_mixin.py:150} INFO - [2025-02-03T11:57:29.560+0000] {dag.py:2742} INFO - Sync 1 DAGs
[2025-02-03T11:57:29.575+0000] {logging_mixin.py:150} INFO - [2025-02-03T11:57:29.575+0000] {dag.py:3504} INFO - Setting next_dagrun for example_weekday_branch_operator to 2025-02-02T00:00:00+00:00, run_after=2025-02-03T00:00:00+00:00
[2025-02-03T11:57:29.589+0000] {processor.py:179} INFO - Processing /home/vscode/.local/lib/python3.10/site-packages/airflow/example_dags/example_branch_day_of_week_operator.py took 0.050 seconds
[2025-02-03T11:58:18.350+0000] {processor.py:157} INFO - Started process (PID=40612) to work on /home/vscode/.local/lib/python3.10/site-packages/airflow/example_dags/example_branch_day_of_week_operator.py
[2025-02-03T11:58:18.351+0000] {processor.py:826} INFO - Processing file /home/vscode/.local/lib/python3.10/site-packages/airflow/example_dags/example_branch_day_of_week_operator.py for tasks to queue
[2025-02-03T11:58:18.352+0000] {logging_mixin.py:150} INFO - [2025-02-03T11:58:18.351+0000] {dagbag.py:541} INFO - Filling up the DagBag from /home/vscode/.local/lib/python3.10/site-packages/airflow/example_dags/example_branch_day_of_week_operator.py
[2025-02-03T11:58:18.359+0000] {processor.py:836} INFO - DAG(s) dict_keys(['example_weekday_branch_operator']) retrieved from /home/vscode/.local/lib/python3.10/site-packages/airflow/example_dags/example_branch_day_of_week_operator.py
[2025-02-03T11:58:18.373+0000] {logging_mixin.py:150} INFO - [2025-02-03T11:58:18.373+0000] {dag.py:2742} INFO - Sync 1 DAGs
[2025-02-03T11:58:18.388+0000] {logging_mixin.py:150} INFO - [2025-02-03T11:58:18.388+0000] {dag.py:3504} INFO - Setting next_dagrun for example_weekday_branch_operator to 2025-02-02T00:00:00+00:00, run_after=2025-02-03T00:00:00+00:00
[2025-02-03T11:58:18.402+0000] {processor.py:179} INFO - Processing /home/vscode/.local/lib/python3.10/site-packages/airflow/example_dags/example_branch_day_of_week_operator.py took 0.054 seconds
[2025-02-03T11:59:15.128+0000] {processor.py:157} INFO - Started process (PID=40994) to work on /home/vscode/.local/lib/python3.10/site-packages/airflow/example_dags/example_branch_day_of_week_operator.py
[2025-02-03T11:59:15.128+0000] {processor.py:826} INFO - Processing file /home/vscode/.local/lib/python3.10/site-packages/airflow/example_dags/example_branch_day_of_week_operator.py for tasks to queue
[2025-02-03T11:59:15.129+0000] {logging_mixin.py:150} INFO - [2025-02-03T11:59:15.129+0000] {dagbag.py:541} INFO - Filling up the DagBag from /home/vscode/.local/lib/python3.10/site-packages/airflow/example_dags/example_branch_day_of_week_operator.py
[2025-02-03T11:59:15.134+0000] {processor.py:836} INFO - DAG(s) dict_keys(['example_weekday_branch_operator']) retrieved from /home/vscode/.local/lib/python3.10/site-packages/airflow/example_dags/example_branch_day_of_week_operator.py
[2025-02-03T11:59:15.147+0000] {logging_mixin.py:150} INFO - [2025-02-03T11:59:15.147+0000] {dag.py:2742} INFO - Sync 1 DAGs
[2025-02-03T11:59:15.162+0000] {logging_mixin.py:150} INFO - [2025-02-03T11:59:15.162+0000] {dag.py:3504} INFO - Setting next_dagrun for example_weekday_branch_operator to 2025-02-02T00:00:00+00:00, run_after=2025-02-03T00:00:00+00:00
[2025-02-03T11:59:15.177+0000] {processor.py:179} INFO - Processing /home/vscode/.local/lib/python3.10/site-packages/airflow/example_dags/example_branch_day_of_week_operator.py took 0.051 seconds
[2025-02-03T11:59:58.653+0000] {processor.py:157} INFO - Started process (PID=41290) to work on /home/vscode/.local/lib/python3.10/site-packages/airflow/example_dags/example_branch_day_of_week_operator.py
[2025-02-03T11:59:58.654+0000] {processor.py:826} INFO - Processing file /home/vscode/.local/lib/python3.10/site-packages/airflow/example_dags/example_branch_day_of_week_operator.py for tasks to queue
[2025-02-03T11:59:58.655+0000] {logging_mixin.py:150} INFO - [2025-02-03T11:59:58.654+0000] {dagbag.py:541} INFO - Filling up the DagBag from /home/vscode/.local/lib/python3.10/site-packages/airflow/example_dags/example_branch_day_of_week_operator.py
[2025-02-03T11:59:58.660+0000] {processor.py:836} INFO - DAG(s) dict_keys(['example_weekday_branch_operator']) retrieved from /home/vscode/.local/lib/python3.10/site-packages/airflow/example_dags/example_branch_day_of_week_operator.py
[2025-02-03T11:59:58.674+0000] {logging_mixin.py:150} INFO - [2025-02-03T11:59:58.674+0000] {dag.py:2742} INFO - Sync 1 DAGs
[2025-02-03T11:59:58.689+0000] {logging_mixin.py:150} INFO - [2025-02-03T11:59:58.689+0000] {dag.py:3504} INFO - Setting next_dagrun for example_weekday_branch_operator to 2025-02-02T00:00:00+00:00, run_after=2025-02-03T00:00:00+00:00
[2025-02-03T11:59:58.703+0000] {processor.py:179} INFO - Processing /home/vscode/.local/lib/python3.10/site-packages/airflow/example_dags/example_branch_day_of_week_operator.py took 0.052 seconds
[2025-02-03T12:00:56.044+0000] {processor.py:157} INFO - Started process (PID=41677) to work on /home/vscode/.local/lib/python3.10/site-packages/airflow/example_dags/example_branch_day_of_week_operator.py
[2025-02-03T12:00:56.044+0000] {processor.py:826} INFO - Processing file /home/vscode/.local/lib/python3.10/site-packages/airflow/example_dags/example_branch_day_of_week_operator.py for tasks to queue
[2025-02-03T12:00:56.045+0000] {logging_mixin.py:150} INFO - [2025-02-03T12:00:56.045+0000] {dagbag.py:541} INFO - Filling up the DagBag from /home/vscode/.local/lib/python3.10/site-packages/airflow/example_dags/example_branch_day_of_week_operator.py
[2025-02-03T12:00:56.051+0000] {processor.py:836} INFO - DAG(s) dict_keys(['example_weekday_branch_operator']) retrieved from /home/vscode/.local/lib/python3.10/site-packages/airflow/example_dags/example_branch_day_of_week_operator.py
[2025-02-03T12:00:56.063+0000] {logging_mixin.py:150} INFO - [2025-02-03T12:00:56.063+0000] {dag.py:2742} INFO - Sync 1 DAGs
[2025-02-03T12:00:56.078+0000] {logging_mixin.py:150} INFO - [2025-02-03T12:00:56.078+0000] {dag.py:3504} INFO - Setting next_dagrun for example_weekday_branch_operator to 2025-02-02T00:00:00+00:00, run_after=2025-02-03T00:00:00+00:00
[2025-02-03T12:00:56.096+0000] {processor.py:179} INFO - Processing /home/vscode/.local/lib/python3.10/site-packages/airflow/example_dags/example_branch_day_of_week_operator.py took 0.054 seconds
[2025-02-03T12:01:39.879+0000] {processor.py:157} INFO - Started process (PID=41966) to work on /home/vscode/.local/lib/python3.10/site-packages/airflow/example_dags/example_branch_day_of_week_operator.py
[2025-02-03T12:01:39.879+0000] {processor.py:826} INFO - Processing file /home/vscode/.local/lib/python3.10/site-packages/airflow/example_dags/example_branch_day_of_week_operator.py for tasks to queue
[2025-02-03T12:01:39.880+0000] {logging_mixin.py:150} INFO - [2025-02-03T12:01:39.880+0000] {dagbag.py:541} INFO - Filling up the DagBag from /home/vscode/.local/lib/python3.10/site-packages/airflow/example_dags/example_branch_day_of_week_operator.py
[2025-02-03T12:01:39.886+0000] {processor.py:836} INFO - DAG(s) dict_keys(['example_weekday_branch_operator']) retrieved from /home/vscode/.local/lib/python3.10/site-packages/airflow/example_dags/example_branch_day_of_week_operator.py
[2025-02-03T12:01:39.897+0000] {logging_mixin.py:150} INFO - [2025-02-03T12:01:39.897+0000] {dag.py:2742} INFO - Sync 1 DAGs
[2025-02-03T12:01:39.913+0000] {logging_mixin.py:150} INFO - [2025-02-03T12:01:39.912+0000] {dag.py:3504} INFO - Setting next_dagrun for example_weekday_branch_operator to 2025-02-02T00:00:00+00:00, run_after=2025-02-03T00:00:00+00:00
[2025-02-03T12:01:39.927+0000] {processor.py:179} INFO - Processing /home/vscode/.local/lib/python3.10/site-packages/airflow/example_dags/example_branch_day_of_week_operator.py took 0.050 seconds
[2025-02-03T12:02:23.813+0000] {processor.py:157} INFO - Started process (PID=42267) to work on /home/vscode/.local/lib/python3.10/site-packages/airflow/example_dags/example_branch_day_of_week_operator.py
[2025-02-03T12:02:23.813+0000] {processor.py:826} INFO - Processing file /home/vscode/.local/lib/python3.10/site-packages/airflow/example_dags/example_branch_day_of_week_operator.py for tasks to queue
[2025-02-03T12:02:23.814+0000] {logging_mixin.py:150} INFO - [2025-02-03T12:02:23.814+0000] {dagbag.py:541} INFO - Filling up the DagBag from /home/vscode/.local/lib/python3.10/site-packages/airflow/example_dags/example_branch_day_of_week_operator.py
[2025-02-03T12:02:23.820+0000] {processor.py:836} INFO - DAG(s) dict_keys(['example_weekday_branch_operator']) retrieved from /home/vscode/.local/lib/python3.10/site-packages/airflow/example_dags/example_branch_day_of_week_operator.py
[2025-02-03T12:02:23.831+0000] {logging_mixin.py:150} INFO - [2025-02-03T12:02:23.831+0000] {dag.py:2742} INFO - Sync 1 DAGs
[2025-02-03T12:02:23.846+0000] {logging_mixin.py:150} INFO - [2025-02-03T12:02:23.846+0000] {dag.py:3504} INFO - Setting next_dagrun for example_weekday_branch_operator to 2025-02-02T00:00:00+00:00, run_after=2025-02-03T00:00:00+00:00
[2025-02-03T12:02:23.860+0000] {processor.py:179} INFO - Processing /home/vscode/.local/lib/python3.10/site-packages/airflow/example_dags/example_branch_day_of_week_operator.py took 0.049 seconds
[2025-02-03T12:03:20.928+0000] {processor.py:157} INFO - Started process (PID=42650) to work on /home/vscode/.local/lib/python3.10/site-packages/airflow/example_dags/example_branch_day_of_week_operator.py
[2025-02-03T12:03:20.929+0000] {processor.py:826} INFO - Processing file /home/vscode/.local/lib/python3.10/site-packages/airflow/example_dags/example_branch_day_of_week_operator.py for tasks to queue
[2025-02-03T12:03:20.930+0000] {logging_mixin.py:150} INFO - [2025-02-03T12:03:20.929+0000] {dagbag.py:541} INFO - Filling up the DagBag from /home/vscode/.local/lib/python3.10/site-packages/airflow/example_dags/example_branch_day_of_week_operator.py
[2025-02-03T12:03:20.938+0000] {processor.py:836} INFO - DAG(s) dict_keys(['example_weekday_branch_operator']) retrieved from /home/vscode/.local/lib/python3.10/site-packages/airflow/example_dags/example_branch_day_of_week_operator.py
[2025-02-03T12:03:20.951+0000] {logging_mixin.py:150} INFO - [2025-02-03T12:03:20.951+0000] {dag.py:2742} INFO - Sync 1 DAGs
[2025-02-03T12:03:20.966+0000] {logging_mixin.py:150} INFO - [2025-02-03T12:03:20.966+0000] {dag.py:3504} INFO - Setting next_dagrun for example_weekday_branch_operator to 2025-02-02T00:00:00+00:00, run_after=2025-02-03T00:00:00+00:00
[2025-02-03T12:03:20.980+0000] {processor.py:179} INFO - Processing /home/vscode/.local/lib/python3.10/site-packages/airflow/example_dags/example_branch_day_of_week_operator.py took 0.055 seconds
[2025-02-03T12:04:18.042+0000] {processor.py:157} INFO - Started process (PID=43033) to work on /home/vscode/.local/lib/python3.10/site-packages/airflow/example_dags/example_branch_day_of_week_operator.py
[2025-02-03T12:04:18.043+0000] {processor.py:826} INFO - Processing file /home/vscode/.local/lib/python3.10/site-packages/airflow/example_dags/example_branch_day_of_week_operator.py for tasks to queue
[2025-02-03T12:04:18.043+0000] {logging_mixin.py:150} INFO - [2025-02-03T12:04:18.043+0000] {dagbag.py:541} INFO - Filling up the DagBag from /home/vscode/.local/lib/python3.10/site-packages/airflow/example_dags/example_branch_day_of_week_operator.py
[2025-02-03T12:04:18.049+0000] {processor.py:836} INFO - DAG(s) dict_keys(['example_weekday_branch_operator']) retrieved from /home/vscode/.local/lib/python3.10/site-packages/airflow/example_dags/example_branch_day_of_week_operator.py
[2025-02-03T12:04:18.061+0000] {logging_mixin.py:150} INFO - [2025-02-03T12:04:18.061+0000] {dag.py:2742} INFO - Sync 1 DAGs
[2025-02-03T12:04:18.076+0000] {logging_mixin.py:150} INFO - [2025-02-03T12:04:18.076+0000] {dag.py:3504} INFO - Setting next_dagrun for example_weekday_branch_operator to 2025-02-02T00:00:00+00:00, run_after=2025-02-03T00:00:00+00:00
[2025-02-03T12:04:18.091+0000] {processor.py:179} INFO - Processing /home/vscode/.local/lib/python3.10/site-packages/airflow/example_dags/example_branch_day_of_week_operator.py took 0.051 seconds
[2025-02-03T12:05:02.500+0000] {processor.py:157} INFO - Started process (PID=43334) to work on /home/vscode/.local/lib/python3.10/site-packages/airflow/example_dags/example_branch_day_of_week_operator.py
[2025-02-03T12:05:02.501+0000] {processor.py:826} INFO - Processing file /home/vscode/.local/lib/python3.10/site-packages/airflow/example_dags/example_branch_day_of_week_operator.py for tasks to queue
[2025-02-03T12:05:02.501+0000] {logging_mixin.py:150} INFO - [2025-02-03T12:05:02.501+0000] {dagbag.py:541} INFO - Filling up the DagBag from /home/vscode/.local/lib/python3.10/site-packages/airflow/example_dags/example_branch_day_of_week_operator.py
[2025-02-03T12:05:02.507+0000] {processor.py:836} INFO - DAG(s) dict_keys(['example_weekday_branch_operator']) retrieved from /home/vscode/.local/lib/python3.10/site-packages/airflow/example_dags/example_branch_day_of_week_operator.py
[2025-02-03T12:05:02.520+0000] {logging_mixin.py:150} INFO - [2025-02-03T12:05:02.519+0000] {dag.py:2742} INFO - Sync 1 DAGs
[2025-02-03T12:05:02.535+0000] {logging_mixin.py:150} INFO - [2025-02-03T12:05:02.535+0000] {dag.py:3504} INFO - Setting next_dagrun for example_weekday_branch_operator to 2025-02-02T00:00:00+00:00, run_after=2025-02-03T00:00:00+00:00
[2025-02-03T12:05:02.550+0000] {processor.py:179} INFO - Processing /home/vscode/.local/lib/python3.10/site-packages/airflow/example_dags/example_branch_day_of_week_operator.py took 0.052 seconds
[2025-02-03T12:05:47.551+0000] {processor.py:157} INFO - Started process (PID=43639) to work on /home/vscode/.local/lib/python3.10/site-packages/airflow/example_dags/example_branch_day_of_week_operator.py
[2025-02-03T12:05:47.552+0000] {processor.py:826} INFO - Processing file /home/vscode/.local/lib/python3.10/site-packages/airflow/example_dags/example_branch_day_of_week_operator.py for tasks to queue
[2025-02-03T12:05:47.553+0000] {logging_mixin.py:150} INFO - [2025-02-03T12:05:47.552+0000] {dagbag.py:541} INFO - Filling up the DagBag from /home/vscode/.local/lib/python3.10/site-packages/airflow/example_dags/example_branch_day_of_week_operator.py
[2025-02-03T12:05:47.558+0000] {processor.py:836} INFO - DAG(s) dict_keys(['example_weekday_branch_operator']) retrieved from /home/vscode/.local/lib/python3.10/site-packages/airflow/example_dags/example_branch_day_of_week_operator.py
[2025-02-03T12:05:47.571+0000] {logging_mixin.py:150} INFO - [2025-02-03T12:05:47.570+0000] {dag.py:2742} INFO - Sync 1 DAGs
[2025-02-03T12:05:47.585+0000] {logging_mixin.py:150} INFO - [2025-02-03T12:05:47.585+0000] {dag.py:3504} INFO - Setting next_dagrun for example_weekday_branch_operator to 2025-02-02T00:00:00+00:00, run_after=2025-02-03T00:00:00+00:00
[2025-02-03T12:05:47.599+0000] {processor.py:179} INFO - Processing /home/vscode/.local/lib/python3.10/site-packages/airflow/example_dags/example_branch_day_of_week_operator.py took 0.050 seconds
[2025-02-03T12:06:34.089+0000] {processor.py:157} INFO - Started process (PID=43950) to work on /home/vscode/.local/lib/python3.10/site-packages/airflow/example_dags/example_branch_day_of_week_operator.py
[2025-02-03T12:06:34.090+0000] {processor.py:826} INFO - Processing file /home/vscode/.local/lib/python3.10/site-packages/airflow/example_dags/example_branch_day_of_week_operator.py for tasks to queue
[2025-02-03T12:06:34.090+0000] {logging_mixin.py:150} INFO - [2025-02-03T12:06:34.090+0000] {dagbag.py:541} INFO - Filling up the DagBag from /home/vscode/.local/lib/python3.10/site-packages/airflow/example_dags/example_branch_day_of_week_operator.py
[2025-02-03T12:06:34.096+0000] {processor.py:836} INFO - DAG(s) dict_keys(['example_weekday_branch_operator']) retrieved from /home/vscode/.local/lib/python3.10/site-packages/airflow/example_dags/example_branch_day_of_week_operator.py
[2025-02-03T12:06:34.112+0000] {logging_mixin.py:150} INFO - [2025-02-03T12:06:34.111+0000] {dag.py:2742} INFO - Sync 1 DAGs
[2025-02-03T12:06:34.128+0000] {logging_mixin.py:150} INFO - [2025-02-03T12:06:34.128+0000] {dag.py:3504} INFO - Setting next_dagrun for example_weekday_branch_operator to 2025-02-02T00:00:00+00:00, run_after=2025-02-03T00:00:00+00:00
[2025-02-03T12:06:34.142+0000] {processor.py:179} INFO - Processing /home/vscode/.local/lib/python3.10/site-packages/airflow/example_dags/example_branch_day_of_week_operator.py took 0.055 seconds
[2025-02-03T12:07:21.720+0000] {processor.py:157} INFO - Started process (PID=44296) to work on /home/vscode/.local/lib/python3.10/site-packages/airflow/example_dags/example_branch_day_of_week_operator.py
[2025-02-03T12:07:21.720+0000] {processor.py:826} INFO - Processing file /home/vscode/.local/lib/python3.10/site-packages/airflow/example_dags/example_branch_day_of_week_operator.py for tasks to queue
[2025-02-03T12:07:21.721+0000] {logging_mixin.py:150} INFO - [2025-02-03T12:07:21.721+0000] {dagbag.py:541} INFO - Filling up the DagBag from /home/vscode/.local/lib/python3.10/site-packages/airflow/example_dags/example_branch_day_of_week_operator.py
[2025-02-03T12:07:21.726+0000] {processor.py:836} INFO - DAG(s) dict_keys(['example_weekday_branch_operator']) retrieved from /home/vscode/.local/lib/python3.10/site-packages/airflow/example_dags/example_branch_day_of_week_operator.py
[2025-02-03T12:07:21.739+0000] {logging_mixin.py:150} INFO - [2025-02-03T12:07:21.739+0000] {dag.py:2742} INFO - Sync 1 DAGs
[2025-02-03T12:07:21.754+0000] {logging_mixin.py:150} INFO - [2025-02-03T12:07:21.754+0000] {dag.py:3504} INFO - Setting next_dagrun for example_weekday_branch_operator to 2025-02-02T00:00:00+00:00, run_after=2025-02-03T00:00:00+00:00
[2025-02-03T12:07:21.769+0000] {processor.py:179} INFO - Processing /home/vscode/.local/lib/python3.10/site-packages/airflow/example_dags/example_branch_day_of_week_operator.py took 0.052 seconds
[2025-02-03T12:08:19.309+0000] {processor.py:157} INFO - Started process (PID=46328) to work on /home/vscode/.local/lib/python3.10/site-packages/airflow/example_dags/example_branch_day_of_week_operator.py
[2025-02-03T12:08:19.309+0000] {processor.py:826} INFO - Processing file /home/vscode/.local/lib/python3.10/site-packages/airflow/example_dags/example_branch_day_of_week_operator.py for tasks to queue
[2025-02-03T12:08:19.310+0000] {logging_mixin.py:150} INFO - [2025-02-03T12:08:19.310+0000] {dagbag.py:541} INFO - Filling up the DagBag from /home/vscode/.local/lib/python3.10/site-packages/airflow/example_dags/example_branch_day_of_week_operator.py
[2025-02-03T12:08:19.319+0000] {processor.py:836} INFO - DAG(s) dict_keys(['example_weekday_branch_operator']) retrieved from /home/vscode/.local/lib/python3.10/site-packages/airflow/example_dags/example_branch_day_of_week_operator.py
[2025-02-03T12:08:19.333+0000] {logging_mixin.py:150} INFO - [2025-02-03T12:08:19.333+0000] {dag.py:2742} INFO - Sync 1 DAGs
[2025-02-03T12:08:19.349+0000] {logging_mixin.py:150} INFO - [2025-02-03T12:08:19.348+0000] {dag.py:3504} INFO - Setting next_dagrun for example_weekday_branch_operator to 2025-02-02T00:00:00+00:00, run_after=2025-02-03T00:00:00+00:00
[2025-02-03T12:08:19.363+0000] {processor.py:179} INFO - Processing /home/vscode/.local/lib/python3.10/site-packages/airflow/example_dags/example_branch_day_of_week_operator.py took 0.057 seconds
[2025-02-03T12:09:05.369+0000] {processor.py:157} INFO - Started process (PID=46688) to work on /home/vscode/.local/lib/python3.10/site-packages/airflow/example_dags/example_branch_day_of_week_operator.py
[2025-02-03T12:09:05.369+0000] {processor.py:826} INFO - Processing file /home/vscode/.local/lib/python3.10/site-packages/airflow/example_dags/example_branch_day_of_week_operator.py for tasks to queue
[2025-02-03T12:09:05.370+0000] {logging_mixin.py:150} INFO - [2025-02-03T12:09:05.370+0000] {dagbag.py:541} INFO - Filling up the DagBag from /home/vscode/.local/lib/python3.10/site-packages/airflow/example_dags/example_branch_day_of_week_operator.py
[2025-02-03T12:09:05.375+0000] {processor.py:836} INFO - DAG(s) dict_keys(['example_weekday_branch_operator']) retrieved from /home/vscode/.local/lib/python3.10/site-packages/airflow/example_dags/example_branch_day_of_week_operator.py
[2025-02-03T12:09:05.388+0000] {logging_mixin.py:150} INFO - [2025-02-03T12:09:05.388+0000] {dag.py:2742} INFO - Sync 1 DAGs
[2025-02-03T12:09:05.402+0000] {logging_mixin.py:150} INFO - [2025-02-03T12:09:05.402+0000] {dag.py:3504} INFO - Setting next_dagrun for example_weekday_branch_operator to 2025-02-02T00:00:00+00:00, run_after=2025-02-03T00:00:00+00:00
[2025-02-03T12:09:05.418+0000] {processor.py:179} INFO - Processing /home/vscode/.local/lib/python3.10/site-packages/airflow/example_dags/example_branch_day_of_week_operator.py took 0.051 seconds
[2025-02-03T12:10:00.260+0000] {processor.py:157} INFO - Started process (PID=47656) to work on /home/vscode/.local/lib/python3.10/site-packages/airflow/example_dags/example_branch_day_of_week_operator.py
[2025-02-03T12:10:00.261+0000] {processor.py:826} INFO - Processing file /home/vscode/.local/lib/python3.10/site-packages/airflow/example_dags/example_branch_day_of_week_operator.py for tasks to queue
[2025-02-03T12:10:00.261+0000] {logging_mixin.py:150} INFO - [2025-02-03T12:10:00.261+0000] {dagbag.py:541} INFO - Filling up the DagBag from /home/vscode/.local/lib/python3.10/site-packages/airflow/example_dags/example_branch_day_of_week_operator.py
[2025-02-03T12:10:00.267+0000] {processor.py:836} INFO - DAG(s) dict_keys(['example_weekday_branch_operator']) retrieved from /home/vscode/.local/lib/python3.10/site-packages/airflow/example_dags/example_branch_day_of_week_operator.py
[2025-02-03T12:10:00.279+0000] {logging_mixin.py:150} INFO - [2025-02-03T12:10:00.279+0000] {dag.py:2742} INFO - Sync 1 DAGs
[2025-02-03T12:10:00.295+0000] {logging_mixin.py:150} INFO - [2025-02-03T12:10:00.294+0000] {dag.py:3504} INFO - Setting next_dagrun for example_weekday_branch_operator to 2025-02-02T00:00:00+00:00, run_after=2025-02-03T00:00:00+00:00
[2025-02-03T12:10:00.310+0000] {processor.py:179} INFO - Processing /home/vscode/.local/lib/python3.10/site-packages/airflow/example_dags/example_branch_day_of_week_operator.py took 0.052 seconds
