[2025-02-03T11:50:32.020+0000] {processor.py:157} INFO - Started process (PID=37489) to work on /home/vscode/.local/lib/python3.10/site-packages/airflow/example_dags/example_branch_python_dop_operator_3.py
[2025-02-03T11:50:32.020+0000] {processor.py:826} INFO - Processing file /home/vscode/.local/lib/python3.10/site-packages/airflow/example_dags/example_branch_python_dop_operator_3.py for tasks to queue
[2025-02-03T11:50:32.021+0000] {logging_mixin.py:150} INFO - [2025-02-03T11:50:32.021+0000] {dagbag.py:541} INFO - Filling up the DagBag from /home/vscode/.local/lib/python3.10/site-packages/airflow/example_dags/example_branch_python_dop_operator_3.py
[2025-02-03T11:50:32.026+0000] {processor.py:836} INFO - DAG(s) dict_keys(['example_branch_dop_operator_v3']) retrieved from /home/vscode/.local/lib/python3.10/site-packages/airflow/example_dags/example_branch_python_dop_operator_3.py
[2025-02-03T11:50:32.174+0000] {logging_mixin.py:150} INFO - [2025-02-03T11:50:32.174+0000] {manager.py:504} INFO - Created Permission View: can read on DAG:example_branch_dop_operator_v3
[2025-02-03T11:50:32.182+0000] {logging_mixin.py:150} INFO - [2025-02-03T11:50:32.182+0000] {manager.py:504} INFO - Created Permission View: can delete on DAG:example_branch_dop_operator_v3
[2025-02-03T11:50:32.187+0000] {logging_mixin.py:150} INFO - [2025-02-03T11:50:32.187+0000] {manager.py:504} INFO - Created Permission View: can edit on DAG:example_branch_dop_operator_v3
[2025-02-03T11:50:32.195+0000] {logging_mixin.py:150} INFO - [2025-02-03T11:50:32.195+0000] {dag.py:2742} INFO - Sync 1 DAGs
[2025-02-03T11:50:32.201+0000] {logging_mixin.py:150} INFO - [2025-02-03T11:50:32.201+0000] {dag.py:2763} INFO - Creating ORM DAG for example_branch_dop_operator_v3
[2025-02-03T11:50:32.211+0000] {logging_mixin.py:150} INFO - [2025-02-03T11:50:32.211+0000] {dag.py:3504} INFO - Setting next_dagrun for example_branch_dop_operator_v3 to 2025-02-03T11:49:00+00:00, run_after=2025-02-03T11:50:00+00:00
[2025-02-03T11:50:32.229+0000] {processor.py:179} INFO - Processing /home/vscode/.local/lib/python3.10/site-packages/airflow/example_dags/example_branch_python_dop_operator_3.py took 0.212 seconds
[2025-02-03T11:51:21.110+0000] {processor.py:157} INFO - Started process (PID=37815) to work on /home/vscode/.local/lib/python3.10/site-packages/airflow/example_dags/example_branch_python_dop_operator_3.py
[2025-02-03T11:51:21.111+0000] {processor.py:826} INFO - Processing file /home/vscode/.local/lib/python3.10/site-packages/airflow/example_dags/example_branch_python_dop_operator_3.py for tasks to queue
[2025-02-03T11:51:21.111+0000] {logging_mixin.py:150} INFO - [2025-02-03T11:51:21.111+0000] {dagbag.py:541} INFO - Filling up the DagBag from /home/vscode/.local/lib/python3.10/site-packages/airflow/example_dags/example_branch_python_dop_operator_3.py
[2025-02-03T11:51:21.118+0000] {processor.py:836} INFO - DAG(s) dict_keys(['example_branch_dop_operator_v3']) retrieved from /home/vscode/.local/lib/python3.10/site-packages/airflow/example_dags/example_branch_python_dop_operator_3.py
[2025-02-03T11:51:21.131+0000] {logging_mixin.py:150} INFO - [2025-02-03T11:51:21.130+0000] {dag.py:2742} INFO - Sync 1 DAGs
[2025-02-03T11:51:21.147+0000] {logging_mixin.py:150} INFO - [2025-02-03T11:51:21.147+0000] {dag.py:3504} INFO - Setting next_dagrun for example_branch_dop_operator_v3 to 2025-02-03T11:50:00+00:00, run_after=2025-02-03T11:51:00+00:00
[2025-02-03T11:51:21.162+0000] {processor.py:179} INFO - Processing /home/vscode/.local/lib/python3.10/site-packages/airflow/example_dags/example_branch_python_dop_operator_3.py took 0.054 seconds
[2025-02-03T11:52:06.071+0000] {processor.py:157} INFO - Started process (PID=38113) to work on /home/vscode/.local/lib/python3.10/site-packages/airflow/example_dags/example_branch_python_dop_operator_3.py
[2025-02-03T11:52:06.071+0000] {processor.py:826} INFO - Processing file /home/vscode/.local/lib/python3.10/site-packages/airflow/example_dags/example_branch_python_dop_operator_3.py for tasks to queue
[2025-02-03T11:52:06.072+0000] {logging_mixin.py:150} INFO - [2025-02-03T11:52:06.071+0000] {dagbag.py:541} INFO - Filling up the DagBag from /home/vscode/.local/lib/python3.10/site-packages/airflow/example_dags/example_branch_python_dop_operator_3.py
[2025-02-03T11:52:06.078+0000] {processor.py:836} INFO - DAG(s) dict_keys(['example_branch_dop_operator_v3']) retrieved from /home/vscode/.local/lib/python3.10/site-packages/airflow/example_dags/example_branch_python_dop_operator_3.py
[2025-02-03T11:52:06.089+0000] {logging_mixin.py:150} INFO - [2025-02-03T11:52:06.089+0000] {dag.py:2742} INFO - Sync 1 DAGs
[2025-02-03T11:52:06.106+0000] {logging_mixin.py:150} INFO - [2025-02-03T11:52:06.106+0000] {dag.py:3504} INFO - Setting next_dagrun for example_branch_dop_operator_v3 to 2025-02-03T11:51:00+00:00, run_after=2025-02-03T11:52:00+00:00
[2025-02-03T11:52:06.121+0000] {processor.py:179} INFO - Processing /home/vscode/.local/lib/python3.10/site-packages/airflow/example_dags/example_branch_python_dop_operator_3.py took 0.052 seconds
[2025-02-03T11:52:50.006+0000] {processor.py:157} INFO - Started process (PID=38411) to work on /home/vscode/.local/lib/python3.10/site-packages/airflow/example_dags/example_branch_python_dop_operator_3.py
[2025-02-03T11:52:50.007+0000] {processor.py:826} INFO - Processing file /home/vscode/.local/lib/python3.10/site-packages/airflow/example_dags/example_branch_python_dop_operator_3.py for tasks to queue
[2025-02-03T11:52:50.007+0000] {logging_mixin.py:150} INFO - [2025-02-03T11:52:50.007+0000] {dagbag.py:541} INFO - Filling up the DagBag from /home/vscode/.local/lib/python3.10/site-packages/airflow/example_dags/example_branch_python_dop_operator_3.py
[2025-02-03T11:52:50.013+0000] {processor.py:836} INFO - DAG(s) dict_keys(['example_branch_dop_operator_v3']) retrieved from /home/vscode/.local/lib/python3.10/site-packages/airflow/example_dags/example_branch_python_dop_operator_3.py
[2025-02-03T11:52:50.024+0000] {logging_mixin.py:150} INFO - [2025-02-03T11:52:50.024+0000] {dag.py:2742} INFO - Sync 1 DAGs
[2025-02-03T11:52:50.041+0000] {logging_mixin.py:150} INFO - [2025-02-03T11:52:50.041+0000] {dag.py:3504} INFO - Setting next_dagrun for example_branch_dop_operator_v3 to 2025-02-03T11:51:00+00:00, run_after=2025-02-03T11:52:00+00:00
[2025-02-03T11:52:50.055+0000] {processor.py:179} INFO - Processing /home/vscode/.local/lib/python3.10/site-packages/airflow/example_dags/example_branch_python_dop_operator_3.py took 0.051 seconds
[2025-02-03T11:53:36.224+0000] {processor.py:157} INFO - Started process (PID=38722) to work on /home/vscode/.local/lib/python3.10/site-packages/airflow/example_dags/example_branch_python_dop_operator_3.py
[2025-02-03T11:53:36.225+0000] {processor.py:826} INFO - Processing file /home/vscode/.local/lib/python3.10/site-packages/airflow/example_dags/example_branch_python_dop_operator_3.py for tasks to queue
[2025-02-03T11:53:36.225+0000] {logging_mixin.py:150} INFO - [2025-02-03T11:53:36.225+0000] {dagbag.py:541} INFO - Filling up the DagBag from /home/vscode/.local/lib/python3.10/site-packages/airflow/example_dags/example_branch_python_dop_operator_3.py
[2025-02-03T11:53:36.231+0000] {processor.py:836} INFO - DAG(s) dict_keys(['example_branch_dop_operator_v3']) retrieved from /home/vscode/.local/lib/python3.10/site-packages/airflow/example_dags/example_branch_python_dop_operator_3.py
[2025-02-03T11:53:36.242+0000] {logging_mixin.py:150} INFO - [2025-02-03T11:53:36.242+0000] {dag.py:2742} INFO - Sync 1 DAGs
[2025-02-03T11:53:36.259+0000] {logging_mixin.py:150} INFO - [2025-02-03T11:53:36.259+0000] {dag.py:3504} INFO - Setting next_dagrun for example_branch_dop_operator_v3 to 2025-02-03T11:52:00+00:00, run_after=2025-02-03T11:53:00+00:00
[2025-02-03T11:53:36.273+0000] {processor.py:179} INFO - Processing /home/vscode/.local/lib/python3.10/site-packages/airflow/example_dags/example_branch_python_dop_operator_3.py took 0.051 seconds
[2025-02-03T11:54:18.481+0000] {processor.py:157} INFO - Started process (PID=39014) to work on /home/vscode/.local/lib/python3.10/site-packages/airflow/example_dags/example_branch_python_dop_operator_3.py
[2025-02-03T11:54:18.482+0000] {processor.py:826} INFO - Processing file /home/vscode/.local/lib/python3.10/site-packages/airflow/example_dags/example_branch_python_dop_operator_3.py for tasks to queue
[2025-02-03T11:54:18.482+0000] {logging_mixin.py:150} INFO - [2025-02-03T11:54:18.482+0000] {dagbag.py:541} INFO - Filling up the DagBag from /home/vscode/.local/lib/python3.10/site-packages/airflow/example_dags/example_branch_python_dop_operator_3.py
[2025-02-03T11:54:18.488+0000] {processor.py:836} INFO - DAG(s) dict_keys(['example_branch_dop_operator_v3']) retrieved from /home/vscode/.local/lib/python3.10/site-packages/airflow/example_dags/example_branch_python_dop_operator_3.py
[2025-02-03T11:54:18.499+0000] {logging_mixin.py:150} INFO - [2025-02-03T11:54:18.499+0000] {dag.py:2742} INFO - Sync 1 DAGs
[2025-02-03T11:54:18.516+0000] {logging_mixin.py:150} INFO - [2025-02-03T11:54:18.516+0000] {dag.py:3504} INFO - Setting next_dagrun for example_branch_dop_operator_v3 to 2025-02-03T11:53:00+00:00, run_after=2025-02-03T11:54:00+00:00
[2025-02-03T11:54:18.531+0000] {processor.py:179} INFO - Processing /home/vscode/.local/lib/python3.10/site-packages/airflow/example_dags/example_branch_python_dop_operator_3.py took 0.051 seconds
[2025-02-03T11:55:03.082+0000] {processor.py:157} INFO - Started process (PID=39309) to work on /home/vscode/.local/lib/python3.10/site-packages/airflow/example_dags/example_branch_python_dop_operator_3.py
[2025-02-03T11:55:03.083+0000] {processor.py:826} INFO - Processing file /home/vscode/.local/lib/python3.10/site-packages/airflow/example_dags/example_branch_python_dop_operator_3.py for tasks to queue
[2025-02-03T11:55:03.084+0000] {logging_mixin.py:150} INFO - [2025-02-03T11:55:03.083+0000] {dagbag.py:541} INFO - Filling up the DagBag from /home/vscode/.local/lib/python3.10/site-packages/airflow/example_dags/example_branch_python_dop_operator_3.py
[2025-02-03T11:55:03.090+0000] {processor.py:836} INFO - DAG(s) dict_keys(['example_branch_dop_operator_v3']) retrieved from /home/vscode/.local/lib/python3.10/site-packages/airflow/example_dags/example_branch_python_dop_operator_3.py
[2025-02-03T11:55:03.102+0000] {logging_mixin.py:150} INFO - [2025-02-03T11:55:03.102+0000] {dag.py:2742} INFO - Sync 1 DAGs
[2025-02-03T11:55:03.119+0000] {logging_mixin.py:150} INFO - [2025-02-03T11:55:03.119+0000] {dag.py:3504} INFO - Setting next_dagrun for example_branch_dop_operator_v3 to 2025-02-03T11:54:00+00:00, run_after=2025-02-03T11:55:00+00:00
[2025-02-03T11:55:03.135+0000] {processor.py:179} INFO - Processing /home/vscode/.local/lib/python3.10/site-packages/airflow/example_dags/example_branch_python_dop_operator_3.py took 0.054 seconds
[2025-02-03T11:55:44.769+0000] {processor.py:157} INFO - Started process (PID=39588) to work on /home/vscode/.local/lib/python3.10/site-packages/airflow/example_dags/example_branch_python_dop_operator_3.py
[2025-02-03T11:55:44.770+0000] {processor.py:826} INFO - Processing file /home/vscode/.local/lib/python3.10/site-packages/airflow/example_dags/example_branch_python_dop_operator_3.py for tasks to queue
[2025-02-03T11:55:44.770+0000] {logging_mixin.py:150} INFO - [2025-02-03T11:55:44.770+0000] {dagbag.py:541} INFO - Filling up the DagBag from /home/vscode/.local/lib/python3.10/site-packages/airflow/example_dags/example_branch_python_dop_operator_3.py
[2025-02-03T11:55:44.778+0000] {processor.py:836} INFO - DAG(s) dict_keys(['example_branch_dop_operator_v3']) retrieved from /home/vscode/.local/lib/python3.10/site-packages/airflow/example_dags/example_branch_python_dop_operator_3.py
[2025-02-03T11:55:44.790+0000] {logging_mixin.py:150} INFO - [2025-02-03T11:55:44.790+0000] {dag.py:2742} INFO - Sync 1 DAGs
[2025-02-03T11:55:44.807+0000] {logging_mixin.py:150} INFO - [2025-02-03T11:55:44.807+0000] {dag.py:3504} INFO - Setting next_dagrun for example_branch_dop_operator_v3 to 2025-02-03T11:54:00+00:00, run_after=2025-02-03T11:55:00+00:00
[2025-02-03T11:55:44.821+0000] {processor.py:179} INFO - Processing /home/vscode/.local/lib/python3.10/site-packages/airflow/example_dags/example_branch_python_dop_operator_3.py took 0.054 seconds
[2025-02-03T11:56:26.025+0000] {processor.py:157} INFO - Started process (PID=39861) to work on /home/vscode/.local/lib/python3.10/site-packages/airflow/example_dags/example_branch_python_dop_operator_3.py
[2025-02-03T11:56:26.026+0000] {processor.py:826} INFO - Processing file /home/vscode/.local/lib/python3.10/site-packages/airflow/example_dags/example_branch_python_dop_operator_3.py for tasks to queue
[2025-02-03T11:56:26.026+0000] {logging_mixin.py:150} INFO - [2025-02-03T11:56:26.026+0000] {dagbag.py:541} INFO - Filling up the DagBag from /home/vscode/.local/lib/python3.10/site-packages/airflow/example_dags/example_branch_python_dop_operator_3.py
[2025-02-03T11:56:26.032+0000] {processor.py:836} INFO - DAG(s) dict_keys(['example_branch_dop_operator_v3']) retrieved from /home/vscode/.local/lib/python3.10/site-packages/airflow/example_dags/example_branch_python_dop_operator_3.py
[2025-02-03T11:56:26.044+0000] {logging_mixin.py:150} INFO - [2025-02-03T11:56:26.044+0000] {dag.py:2742} INFO - Sync 1 DAGs
[2025-02-03T11:56:26.061+0000] {logging_mixin.py:150} INFO - [2025-02-03T11:56:26.061+0000] {dag.py:3504} INFO - Setting next_dagrun for example_branch_dop_operator_v3 to 2025-02-03T11:55:00+00:00, run_after=2025-02-03T11:56:00+00:00
[2025-02-03T11:56:26.076+0000] {processor.py:179} INFO - Processing /home/vscode/.local/lib/python3.10/site-packages/airflow/example_dags/example_branch_python_dop_operator_3.py took 0.053 seconds
[2025-02-03T11:57:08.991+0000] {processor.py:157} INFO - Started process (PID=40153) to work on /home/vscode/.local/lib/python3.10/site-packages/airflow/example_dags/example_branch_python_dop_operator_3.py
[2025-02-03T11:57:08.992+0000] {processor.py:826} INFO - Processing file /home/vscode/.local/lib/python3.10/site-packages/airflow/example_dags/example_branch_python_dop_operator_3.py for tasks to queue
[2025-02-03T11:57:08.992+0000] {logging_mixin.py:150} INFO - [2025-02-03T11:57:08.992+0000] {dagbag.py:541} INFO - Filling up the DagBag from /home/vscode/.local/lib/python3.10/site-packages/airflow/example_dags/example_branch_python_dop_operator_3.py
[2025-02-03T11:57:08.998+0000] {processor.py:836} INFO - DAG(s) dict_keys(['example_branch_dop_operator_v3']) retrieved from /home/vscode/.local/lib/python3.10/site-packages/airflow/example_dags/example_branch_python_dop_operator_3.py
[2025-02-03T11:57:09.009+0000] {logging_mixin.py:150} INFO - [2025-02-03T11:57:09.009+0000] {dag.py:2742} INFO - Sync 1 DAGs
[2025-02-03T11:57:09.026+0000] {logging_mixin.py:150} INFO - [2025-02-03T11:57:09.026+0000] {dag.py:3504} INFO - Setting next_dagrun for example_branch_dop_operator_v3 to 2025-02-03T11:56:00+00:00, run_after=2025-02-03T11:57:00+00:00
[2025-02-03T11:57:09.040+0000] {processor.py:179} INFO - Processing /home/vscode/.local/lib/python3.10/site-packages/airflow/example_dags/example_branch_python_dop_operator_3.py took 0.051 seconds
[2025-02-03T11:57:54.098+0000] {processor.py:157} INFO - Started process (PID=40455) to work on /home/vscode/.local/lib/python3.10/site-packages/airflow/example_dags/example_branch_python_dop_operator_3.py
[2025-02-03T11:57:54.099+0000] {processor.py:826} INFO - Processing file /home/vscode/.local/lib/python3.10/site-packages/airflow/example_dags/example_branch_python_dop_operator_3.py for tasks to queue
[2025-02-03T11:57:54.100+0000] {logging_mixin.py:150} INFO - [2025-02-03T11:57:54.099+0000] {dagbag.py:541} INFO - Filling up the DagBag from /home/vscode/.local/lib/python3.10/site-packages/airflow/example_dags/example_branch_python_dop_operator_3.py
[2025-02-03T11:57:54.105+0000] {processor.py:836} INFO - DAG(s) dict_keys(['example_branch_dop_operator_v3']) retrieved from /home/vscode/.local/lib/python3.10/site-packages/airflow/example_dags/example_branch_python_dop_operator_3.py
[2025-02-03T11:57:54.117+0000] {logging_mixin.py:150} INFO - [2025-02-03T11:57:54.117+0000] {dag.py:2742} INFO - Sync 1 DAGs
[2025-02-03T11:57:54.133+0000] {logging_mixin.py:150} INFO - [2025-02-03T11:57:54.133+0000] {dag.py:3504} INFO - Setting next_dagrun for example_branch_dop_operator_v3 to 2025-02-03T11:56:00+00:00, run_after=2025-02-03T11:57:00+00:00
[2025-02-03T11:57:54.147+0000] {processor.py:179} INFO - Processing /home/vscode/.local/lib/python3.10/site-packages/airflow/example_dags/example_branch_python_dop_operator_3.py took 0.051 seconds
[2025-02-03T11:58:40.319+0000] {processor.py:157} INFO - Started process (PID=40766) to work on /home/vscode/.local/lib/python3.10/site-packages/airflow/example_dags/example_branch_python_dop_operator_3.py
[2025-02-03T11:58:40.319+0000] {processor.py:826} INFO - Processing file /home/vscode/.local/lib/python3.10/site-packages/airflow/example_dags/example_branch_python_dop_operator_3.py for tasks to queue
[2025-02-03T11:58:40.320+0000] {logging_mixin.py:150} INFO - [2025-02-03T11:58:40.320+0000] {dagbag.py:541} INFO - Filling up the DagBag from /home/vscode/.local/lib/python3.10/site-packages/airflow/example_dags/example_branch_python_dop_operator_3.py
[2025-02-03T11:58:40.326+0000] {processor.py:836} INFO - DAG(s) dict_keys(['example_branch_dop_operator_v3']) retrieved from /home/vscode/.local/lib/python3.10/site-packages/airflow/example_dags/example_branch_python_dop_operator_3.py
[2025-02-03T11:58:40.337+0000] {logging_mixin.py:150} INFO - [2025-02-03T11:58:40.337+0000] {dag.py:2742} INFO - Sync 1 DAGs
[2025-02-03T11:58:40.355+0000] {logging_mixin.py:150} INFO - [2025-02-03T11:58:40.355+0000] {dag.py:3504} INFO - Setting next_dagrun for example_branch_dop_operator_v3 to 2025-02-03T11:57:00+00:00, run_after=2025-02-03T11:58:00+00:00
[2025-02-03T11:58:40.369+0000] {processor.py:179} INFO - Processing /home/vscode/.local/lib/python3.10/site-packages/airflow/example_dags/example_branch_python_dop_operator_3.py took 0.053 seconds
[2025-02-03T11:59:22.539+0000] {processor.py:157} INFO - Started process (PID=41052) to work on /home/vscode/.local/lib/python3.10/site-packages/airflow/example_dags/example_branch_python_dop_operator_3.py
[2025-02-03T11:59:22.539+0000] {processor.py:826} INFO - Processing file /home/vscode/.local/lib/python3.10/site-packages/airflow/example_dags/example_branch_python_dop_operator_3.py for tasks to queue
[2025-02-03T11:59:22.540+0000] {logging_mixin.py:150} INFO - [2025-02-03T11:59:22.539+0000] {dagbag.py:541} INFO - Filling up the DagBag from /home/vscode/.local/lib/python3.10/site-packages/airflow/example_dags/example_branch_python_dop_operator_3.py
[2025-02-03T11:59:22.546+0000] {processor.py:836} INFO - DAG(s) dict_keys(['example_branch_dop_operator_v3']) retrieved from /home/vscode/.local/lib/python3.10/site-packages/airflow/example_dags/example_branch_python_dop_operator_3.py
[2025-02-03T11:59:22.557+0000] {logging_mixin.py:150} INFO - [2025-02-03T11:59:22.557+0000] {dag.py:2742} INFO - Sync 1 DAGs
[2025-02-03T11:59:22.573+0000] {logging_mixin.py:150} INFO - [2025-02-03T11:59:22.573+0000] {dag.py:3504} INFO - Setting next_dagrun for example_branch_dop_operator_v3 to 2025-02-03T11:58:00+00:00, run_after=2025-02-03T11:59:00+00:00
[2025-02-03T11:59:22.588+0000] {processor.py:179} INFO - Processing /home/vscode/.local/lib/python3.10/site-packages/airflow/example_dags/example_branch_python_dop_operator_3.py took 0.051 seconds
[2025-02-03T12:00:05.891+0000] {processor.py:157} INFO - Started process (PID=41340) to work on /home/vscode/.local/lib/python3.10/site-packages/airflow/example_dags/example_branch_python_dop_operator_3.py
[2025-02-03T12:00:05.892+0000] {processor.py:826} INFO - Processing file /home/vscode/.local/lib/python3.10/site-packages/airflow/example_dags/example_branch_python_dop_operator_3.py for tasks to queue
[2025-02-03T12:00:05.892+0000] {logging_mixin.py:150} INFO - [2025-02-03T12:00:05.892+0000] {dagbag.py:541} INFO - Filling up the DagBag from /home/vscode/.local/lib/python3.10/site-packages/airflow/example_dags/example_branch_python_dop_operator_3.py
[2025-02-03T12:00:05.898+0000] {processor.py:836} INFO - DAG(s) dict_keys(['example_branch_dop_operator_v3']) retrieved from /home/vscode/.local/lib/python3.10/site-packages/airflow/example_dags/example_branch_python_dop_operator_3.py
[2025-02-03T12:00:05.911+0000] {logging_mixin.py:150} INFO - [2025-02-03T12:00:05.911+0000] {dag.py:2742} INFO - Sync 1 DAGs
[2025-02-03T12:00:05.929+0000] {logging_mixin.py:150} INFO - [2025-02-03T12:00:05.928+0000] {dag.py:3504} INFO - Setting next_dagrun for example_branch_dop_operator_v3 to 2025-02-03T11:59:00+00:00, run_after=2025-02-03T12:00:00+00:00
[2025-02-03T12:00:05.944+0000] {processor.py:179} INFO - Processing /home/vscode/.local/lib/python3.10/site-packages/airflow/example_dags/example_branch_python_dop_operator_3.py took 0.055 seconds
[2025-02-03T12:00:47.503+0000] {processor.py:157} INFO - Started process (PID=41618) to work on /home/vscode/.local/lib/python3.10/site-packages/airflow/example_dags/example_branch_python_dop_operator_3.py
[2025-02-03T12:00:47.503+0000] {processor.py:826} INFO - Processing file /home/vscode/.local/lib/python3.10/site-packages/airflow/example_dags/example_branch_python_dop_operator_3.py for tasks to queue
[2025-02-03T12:00:47.504+0000] {logging_mixin.py:150} INFO - [2025-02-03T12:00:47.504+0000] {dagbag.py:541} INFO - Filling up the DagBag from /home/vscode/.local/lib/python3.10/site-packages/airflow/example_dags/example_branch_python_dop_operator_3.py
[2025-02-03T12:00:47.510+0000] {processor.py:836} INFO - DAG(s) dict_keys(['example_branch_dop_operator_v3']) retrieved from /home/vscode/.local/lib/python3.10/site-packages/airflow/example_dags/example_branch_python_dop_operator_3.py
[2025-02-03T12:00:47.522+0000] {logging_mixin.py:150} INFO - [2025-02-03T12:00:47.522+0000] {dag.py:2742} INFO - Sync 1 DAGs
[2025-02-03T12:00:47.540+0000] {logging_mixin.py:150} INFO - [2025-02-03T12:00:47.540+0000] {dag.py:3504} INFO - Setting next_dagrun for example_branch_dop_operator_v3 to 2025-02-03T11:59:00+00:00, run_after=2025-02-03T12:00:00+00:00
[2025-02-03T12:00:47.554+0000] {processor.py:179} INFO - Processing /home/vscode/.local/lib/python3.10/site-packages/airflow/example_dags/example_branch_python_dop_operator_3.py took 0.054 seconds
[2025-02-03T12:01:31.612+0000] {processor.py:157} INFO - Started process (PID=41912) to work on /home/vscode/.local/lib/python3.10/site-packages/airflow/example_dags/example_branch_python_dop_operator_3.py
[2025-02-03T12:01:31.612+0000] {processor.py:826} INFO - Processing file /home/vscode/.local/lib/python3.10/site-packages/airflow/example_dags/example_branch_python_dop_operator_3.py for tasks to queue
[2025-02-03T12:01:31.613+0000] {logging_mixin.py:150} INFO - [2025-02-03T12:01:31.613+0000] {dagbag.py:541} INFO - Filling up the DagBag from /home/vscode/.local/lib/python3.10/site-packages/airflow/example_dags/example_branch_python_dop_operator_3.py
[2025-02-03T12:01:31.619+0000] {processor.py:836} INFO - DAG(s) dict_keys(['example_branch_dop_operator_v3']) retrieved from /home/vscode/.local/lib/python3.10/site-packages/airflow/example_dags/example_branch_python_dop_operator_3.py
[2025-02-03T12:01:31.630+0000] {logging_mixin.py:150} INFO - [2025-02-03T12:01:31.630+0000] {dag.py:2742} INFO - Sync 1 DAGs
[2025-02-03T12:01:31.648+0000] {logging_mixin.py:150} INFO - [2025-02-03T12:01:31.647+0000] {dag.py:3504} INFO - Setting next_dagrun for example_branch_dop_operator_v3 to 2025-02-03T12:00:00+00:00, run_after=2025-02-03T12:01:00+00:00
[2025-02-03T12:01:31.661+0000] {processor.py:179} INFO - Processing /home/vscode/.local/lib/python3.10/site-packages/airflow/example_dags/example_branch_python_dop_operator_3.py took 0.052 seconds
[2025-02-03T12:02:15.991+0000] {processor.py:157} INFO - Started process (PID=42215) to work on /home/vscode/.local/lib/python3.10/site-packages/airflow/example_dags/example_branch_python_dop_operator_3.py
[2025-02-03T12:02:15.992+0000] {processor.py:826} INFO - Processing file /home/vscode/.local/lib/python3.10/site-packages/airflow/example_dags/example_branch_python_dop_operator_3.py for tasks to queue
[2025-02-03T12:02:15.993+0000] {logging_mixin.py:150} INFO - [2025-02-03T12:02:15.992+0000] {dagbag.py:541} INFO - Filling up the DagBag from /home/vscode/.local/lib/python3.10/site-packages/airflow/example_dags/example_branch_python_dop_operator_3.py
[2025-02-03T12:02:15.998+0000] {processor.py:836} INFO - DAG(s) dict_keys(['example_branch_dop_operator_v3']) retrieved from /home/vscode/.local/lib/python3.10/site-packages/airflow/example_dags/example_branch_python_dop_operator_3.py
[2025-02-03T12:02:16.010+0000] {logging_mixin.py:150} INFO - [2025-02-03T12:02:16.010+0000] {dag.py:2742} INFO - Sync 1 DAGs
[2025-02-03T12:02:16.027+0000] {logging_mixin.py:150} INFO - [2025-02-03T12:02:16.027+0000] {dag.py:3504} INFO - Setting next_dagrun for example_branch_dop_operator_v3 to 2025-02-03T12:01:00+00:00, run_after=2025-02-03T12:02:00+00:00
[2025-02-03T12:02:16.043+0000] {processor.py:179} INFO - Processing /home/vscode/.local/lib/python3.10/site-packages/airflow/example_dags/example_branch_python_dop_operator_3.py took 0.053 seconds
[2025-02-03T12:02:58.098+0000] {processor.py:157} INFO - Started process (PID=42493) to work on /home/vscode/.local/lib/python3.10/site-packages/airflow/example_dags/example_branch_python_dop_operator_3.py
[2025-02-03T12:02:58.099+0000] {processor.py:826} INFO - Processing file /home/vscode/.local/lib/python3.10/site-packages/airflow/example_dags/example_branch_python_dop_operator_3.py for tasks to queue
[2025-02-03T12:02:58.100+0000] {logging_mixin.py:150} INFO - [2025-02-03T12:02:58.099+0000] {dagbag.py:541} INFO - Filling up the DagBag from /home/vscode/.local/lib/python3.10/site-packages/airflow/example_dags/example_branch_python_dop_operator_3.py
[2025-02-03T12:02:58.105+0000] {processor.py:836} INFO - DAG(s) dict_keys(['example_branch_dop_operator_v3']) retrieved from /home/vscode/.local/lib/python3.10/site-packages/airflow/example_dags/example_branch_python_dop_operator_3.py
[2025-02-03T12:02:58.117+0000] {logging_mixin.py:150} INFO - [2025-02-03T12:02:58.117+0000] {dag.py:2742} INFO - Sync 1 DAGs
[2025-02-03T12:02:58.133+0000] {logging_mixin.py:150} INFO - [2025-02-03T12:02:58.133+0000] {dag.py:3504} INFO - Setting next_dagrun for example_branch_dop_operator_v3 to 2025-02-03T12:01:00+00:00, run_after=2025-02-03T12:02:00+00:00
[2025-02-03T12:02:58.147+0000] {processor.py:179} INFO - Processing /home/vscode/.local/lib/python3.10/site-packages/airflow/example_dags/example_branch_python_dop_operator_3.py took 0.051 seconds
[2025-02-03T12:03:40.340+0000] {processor.py:157} INFO - Started process (PID=42781) to work on /home/vscode/.local/lib/python3.10/site-packages/airflow/example_dags/example_branch_python_dop_operator_3.py
[2025-02-03T12:03:40.341+0000] {processor.py:826} INFO - Processing file /home/vscode/.local/lib/python3.10/site-packages/airflow/example_dags/example_branch_python_dop_operator_3.py for tasks to queue
[2025-02-03T12:03:40.341+0000] {logging_mixin.py:150} INFO - [2025-02-03T12:03:40.341+0000] {dagbag.py:541} INFO - Filling up the DagBag from /home/vscode/.local/lib/python3.10/site-packages/airflow/example_dags/example_branch_python_dop_operator_3.py
[2025-02-03T12:03:40.347+0000] {processor.py:836} INFO - DAG(s) dict_keys(['example_branch_dop_operator_v3']) retrieved from /home/vscode/.local/lib/python3.10/site-packages/airflow/example_dags/example_branch_python_dop_operator_3.py
[2025-02-03T12:03:40.358+0000] {logging_mixin.py:150} INFO - [2025-02-03T12:03:40.358+0000] {dag.py:2742} INFO - Sync 1 DAGs
[2025-02-03T12:03:40.376+0000] {logging_mixin.py:150} INFO - [2025-02-03T12:03:40.375+0000] {dag.py:3504} INFO - Setting next_dagrun for example_branch_dop_operator_v3 to 2025-02-03T12:02:00+00:00, run_after=2025-02-03T12:03:00+00:00
[2025-02-03T12:03:40.391+0000] {processor.py:179} INFO - Processing /home/vscode/.local/lib/python3.10/site-packages/airflow/example_dags/example_branch_python_dop_operator_3.py took 0.053 seconds
[2025-02-03T12:04:25.371+0000] {processor.py:157} INFO - Started process (PID=43083) to work on /home/vscode/.local/lib/python3.10/site-packages/airflow/example_dags/example_branch_python_dop_operator_3.py
[2025-02-03T12:04:25.371+0000] {processor.py:826} INFO - Processing file /home/vscode/.local/lib/python3.10/site-packages/airflow/example_dags/example_branch_python_dop_operator_3.py for tasks to queue
[2025-02-03T12:04:25.372+0000] {logging_mixin.py:150} INFO - [2025-02-03T12:04:25.372+0000] {dagbag.py:541} INFO - Filling up the DagBag from /home/vscode/.local/lib/python3.10/site-packages/airflow/example_dags/example_branch_python_dop_operator_3.py
[2025-02-03T12:04:25.378+0000] {processor.py:836} INFO - DAG(s) dict_keys(['example_branch_dop_operator_v3']) retrieved from /home/vscode/.local/lib/python3.10/site-packages/airflow/example_dags/example_branch_python_dop_operator_3.py
[2025-02-03T12:04:25.389+0000] {logging_mixin.py:150} INFO - [2025-02-03T12:04:25.389+0000] {dag.py:2742} INFO - Sync 1 DAGs
[2025-02-03T12:04:25.407+0000] {logging_mixin.py:150} INFO - [2025-02-03T12:04:25.406+0000] {dag.py:3504} INFO - Setting next_dagrun for example_branch_dop_operator_v3 to 2025-02-03T12:03:00+00:00, run_after=2025-02-03T12:04:00+00:00
[2025-02-03T12:04:25.421+0000] {processor.py:179} INFO - Processing /home/vscode/.local/lib/python3.10/site-packages/airflow/example_dags/example_branch_python_dop_operator_3.py took 0.053 seconds
[2025-02-03T12:05:08.842+0000] {processor.py:157} INFO - Started process (PID=43370) to work on /home/vscode/.local/lib/python3.10/site-packages/airflow/example_dags/example_branch_python_dop_operator_3.py
[2025-02-03T12:05:08.843+0000] {processor.py:826} INFO - Processing file /home/vscode/.local/lib/python3.10/site-packages/airflow/example_dags/example_branch_python_dop_operator_3.py for tasks to queue
[2025-02-03T12:05:08.844+0000] {logging_mixin.py:150} INFO - [2025-02-03T12:05:08.843+0000] {dagbag.py:541} INFO - Filling up the DagBag from /home/vscode/.local/lib/python3.10/site-packages/airflow/example_dags/example_branch_python_dop_operator_3.py
[2025-02-03T12:05:08.850+0000] {processor.py:836} INFO - DAG(s) dict_keys(['example_branch_dop_operator_v3']) retrieved from /home/vscode/.local/lib/python3.10/site-packages/airflow/example_dags/example_branch_python_dop_operator_3.py
[2025-02-03T12:05:08.861+0000] {logging_mixin.py:150} INFO - [2025-02-03T12:05:08.861+0000] {dag.py:2742} INFO - Sync 1 DAGs
[2025-02-03T12:05:08.878+0000] {logging_mixin.py:150} INFO - [2025-02-03T12:05:08.878+0000] {dag.py:3504} INFO - Setting next_dagrun for example_branch_dop_operator_v3 to 2025-02-03T12:04:00+00:00, run_after=2025-02-03T12:05:00+00:00
[2025-02-03T12:05:08.893+0000] {processor.py:179} INFO - Processing /home/vscode/.local/lib/python3.10/site-packages/airflow/example_dags/example_branch_python_dop_operator_3.py took 0.052 seconds
[2025-02-03T12:05:55.533+0000] {processor.py:157} INFO - Started process (PID=43691) to work on /home/vscode/.local/lib/python3.10/site-packages/airflow/example_dags/example_branch_python_dop_operator_3.py
[2025-02-03T12:05:55.534+0000] {processor.py:826} INFO - Processing file /home/vscode/.local/lib/python3.10/site-packages/airflow/example_dags/example_branch_python_dop_operator_3.py for tasks to queue
[2025-02-03T12:05:55.534+0000] {logging_mixin.py:150} INFO - [2025-02-03T12:05:55.534+0000] {dagbag.py:541} INFO - Filling up the DagBag from /home/vscode/.local/lib/python3.10/site-packages/airflow/example_dags/example_branch_python_dop_operator_3.py
[2025-02-03T12:05:55.541+0000] {processor.py:836} INFO - DAG(s) dict_keys(['example_branch_dop_operator_v3']) retrieved from /home/vscode/.local/lib/python3.10/site-packages/airflow/example_dags/example_branch_python_dop_operator_3.py
[2025-02-03T12:05:55.553+0000] {logging_mixin.py:150} INFO - [2025-02-03T12:05:55.553+0000] {dag.py:2742} INFO - Sync 1 DAGs
[2025-02-03T12:05:55.570+0000] {logging_mixin.py:150} INFO - [2025-02-03T12:05:55.570+0000] {dag.py:3504} INFO - Setting next_dagrun for example_branch_dop_operator_v3 to 2025-02-03T12:04:00+00:00, run_after=2025-02-03T12:05:00+00:00
[2025-02-03T12:05:55.585+0000] {processor.py:179} INFO - Processing /home/vscode/.local/lib/python3.10/site-packages/airflow/example_dags/example_branch_python_dop_operator_3.py took 0.054 seconds
[2025-02-03T12:06:41.168+0000] {processor.py:157} INFO - Started process (PID=43989) to work on /home/vscode/.local/lib/python3.10/site-packages/airflow/example_dags/example_branch_python_dop_operator_3.py
[2025-02-03T12:06:41.169+0000] {processor.py:826} INFO - Processing file /home/vscode/.local/lib/python3.10/site-packages/airflow/example_dags/example_branch_python_dop_operator_3.py for tasks to queue
[2025-02-03T12:06:41.170+0000] {logging_mixin.py:150} INFO - [2025-02-03T12:06:41.169+0000] {dagbag.py:541} INFO - Filling up the DagBag from /home/vscode/.local/lib/python3.10/site-packages/airflow/example_dags/example_branch_python_dop_operator_3.py
[2025-02-03T12:06:41.177+0000] {processor.py:836} INFO - DAG(s) dict_keys(['example_branch_dop_operator_v3']) retrieved from /home/vscode/.local/lib/python3.10/site-packages/airflow/example_dags/example_branch_python_dop_operator_3.py
[2025-02-03T12:06:41.189+0000] {logging_mixin.py:150} INFO - [2025-02-03T12:06:41.188+0000] {dag.py:2742} INFO - Sync 1 DAGs
[2025-02-03T12:06:41.205+0000] {logging_mixin.py:150} INFO - [2025-02-03T12:06:41.205+0000] {dag.py:3504} INFO - Setting next_dagrun for example_branch_dop_operator_v3 to 2025-02-03T12:05:00+00:00, run_after=2025-02-03T12:06:00+00:00
[2025-02-03T12:06:41.219+0000] {processor.py:179} INFO - Processing /home/vscode/.local/lib/python3.10/site-packages/airflow/example_dags/example_branch_python_dop_operator_3.py took 0.053 seconds
[2025-02-03T12:07:27.693+0000] {processor.py:157} INFO - Started process (PID=44848) to work on /home/vscode/.local/lib/python3.10/site-packages/airflow/example_dags/example_branch_python_dop_operator_3.py
[2025-02-03T12:07:27.693+0000] {processor.py:826} INFO - Processing file /home/vscode/.local/lib/python3.10/site-packages/airflow/example_dags/example_branch_python_dop_operator_3.py for tasks to queue
[2025-02-03T12:07:27.694+0000] {logging_mixin.py:150} INFO - [2025-02-03T12:07:27.694+0000] {dagbag.py:541} INFO - Filling up the DagBag from /home/vscode/.local/lib/python3.10/site-packages/airflow/example_dags/example_branch_python_dop_operator_3.py
[2025-02-03T12:07:27.700+0000] {processor.py:836} INFO - DAG(s) dict_keys(['example_branch_dop_operator_v3']) retrieved from /home/vscode/.local/lib/python3.10/site-packages/airflow/example_dags/example_branch_python_dop_operator_3.py
[2025-02-03T12:07:27.712+0000] {logging_mixin.py:150} INFO - [2025-02-03T12:07:27.711+0000] {dag.py:2742} INFO - Sync 1 DAGs
[2025-02-03T12:07:27.729+0000] {logging_mixin.py:150} INFO - [2025-02-03T12:07:27.729+0000] {dag.py:3504} INFO - Setting next_dagrun for example_branch_dop_operator_v3 to 2025-02-03T12:06:00+00:00, run_after=2025-02-03T12:07:00+00:00
[2025-02-03T12:07:27.743+0000] {processor.py:179} INFO - Processing /home/vscode/.local/lib/python3.10/site-packages/airflow/example_dags/example_branch_python_dop_operator_3.py took 0.052 seconds
[2025-02-03T12:08:10.169+0000] {processor.py:157} INFO - Started process (PID=46250) to work on /home/vscode/.local/lib/python3.10/site-packages/airflow/example_dags/example_branch_python_dop_operator_3.py
[2025-02-03T12:08:10.169+0000] {processor.py:826} INFO - Processing file /home/vscode/.local/lib/python3.10/site-packages/airflow/example_dags/example_branch_python_dop_operator_3.py for tasks to queue
[2025-02-03T12:08:10.170+0000] {logging_mixin.py:150} INFO - [2025-02-03T12:08:10.170+0000] {dagbag.py:541} INFO - Filling up the DagBag from /home/vscode/.local/lib/python3.10/site-packages/airflow/example_dags/example_branch_python_dop_operator_3.py
[2025-02-03T12:08:10.176+0000] {processor.py:836} INFO - DAG(s) dict_keys(['example_branch_dop_operator_v3']) retrieved from /home/vscode/.local/lib/python3.10/site-packages/airflow/example_dags/example_branch_python_dop_operator_3.py
[2025-02-03T12:08:10.188+0000] {logging_mixin.py:150} INFO - [2025-02-03T12:08:10.188+0000] {dag.py:2742} INFO - Sync 1 DAGs
[2025-02-03T12:08:10.205+0000] {logging_mixin.py:150} INFO - [2025-02-03T12:08:10.205+0000] {dag.py:3504} INFO - Setting next_dagrun for example_branch_dop_operator_v3 to 2025-02-03T12:07:00+00:00, run_after=2025-02-03T12:08:00+00:00
[2025-02-03T12:08:10.219+0000] {processor.py:179} INFO - Processing /home/vscode/.local/lib/python3.10/site-packages/airflow/example_dags/example_branch_python_dop_operator_3.py took 0.053 seconds
[2025-02-03T12:08:56.370+0000] {processor.py:157} INFO - Started process (PID=46603) to work on /home/vscode/.local/lib/python3.10/site-packages/airflow/example_dags/example_branch_python_dop_operator_3.py
[2025-02-03T12:08:56.371+0000] {processor.py:826} INFO - Processing file /home/vscode/.local/lib/python3.10/site-packages/airflow/example_dags/example_branch_python_dop_operator_3.py for tasks to queue
[2025-02-03T12:08:56.371+0000] {logging_mixin.py:150} INFO - [2025-02-03T12:08:56.371+0000] {dagbag.py:541} INFO - Filling up the DagBag from /home/vscode/.local/lib/python3.10/site-packages/airflow/example_dags/example_branch_python_dop_operator_3.py
[2025-02-03T12:08:56.377+0000] {processor.py:836} INFO - DAG(s) dict_keys(['example_branch_dop_operator_v3']) retrieved from /home/vscode/.local/lib/python3.10/site-packages/airflow/example_dags/example_branch_python_dop_operator_3.py
[2025-02-03T12:08:56.389+0000] {logging_mixin.py:150} INFO - [2025-02-03T12:08:56.389+0000] {dag.py:2742} INFO - Sync 1 DAGs
[2025-02-03T12:08:56.407+0000] {logging_mixin.py:150} INFO - [2025-02-03T12:08:56.407+0000] {dag.py:3504} INFO - Setting next_dagrun for example_branch_dop_operator_v3 to 2025-02-03T12:07:00+00:00, run_after=2025-02-03T12:08:00+00:00
[2025-02-03T12:08:56.421+0000] {processor.py:179} INFO - Processing /home/vscode/.local/lib/python3.10/site-packages/airflow/example_dags/example_branch_python_dop_operator_3.py took 0.053 seconds
[2025-02-03T12:09:37.564+0000] {processor.py:157} INFO - Started process (PID=47504) to work on /home/vscode/.local/lib/python3.10/site-packages/airflow/example_dags/example_branch_python_dop_operator_3.py
[2025-02-03T12:09:37.565+0000] {processor.py:826} INFO - Processing file /home/vscode/.local/lib/python3.10/site-packages/airflow/example_dags/example_branch_python_dop_operator_3.py for tasks to queue
[2025-02-03T12:09:37.565+0000] {logging_mixin.py:150} INFO - [2025-02-03T12:09:37.565+0000] {dagbag.py:541} INFO - Filling up the DagBag from /home/vscode/.local/lib/python3.10/site-packages/airflow/example_dags/example_branch_python_dop_operator_3.py
[2025-02-03T12:09:37.571+0000] {processor.py:836} INFO - DAG(s) dict_keys(['example_branch_dop_operator_v3']) retrieved from /home/vscode/.local/lib/python3.10/site-packages/airflow/example_dags/example_branch_python_dop_operator_3.py
[2025-02-03T12:09:37.582+0000] {logging_mixin.py:150} INFO - [2025-02-03T12:09:37.582+0000] {dag.py:2742} INFO - Sync 1 DAGs
[2025-02-03T12:09:37.599+0000] {logging_mixin.py:150} INFO - [2025-02-03T12:09:37.599+0000] {dag.py:3504} INFO - Setting next_dagrun for example_branch_dop_operator_v3 to 2025-02-03T12:08:00+00:00, run_after=2025-02-03T12:09:00+00:00
[2025-02-03T12:09:37.613+0000] {processor.py:179} INFO - Processing /home/vscode/.local/lib/python3.10/site-packages/airflow/example_dags/example_branch_python_dop_operator_3.py took 0.051 seconds
