[2025-02-03T11:50:43.822+0000] {processor.py:157} INFO - Started process (PID=37565) to work on /home/vscode/.local/lib/python3.10/site-packages/airflow/example_dags/example_dynamic_task_mapping_with_no_taskflow_operators.py
[2025-02-03T11:50:43.822+0000] {processor.py:826} INFO - Processing file /home/vscode/.local/lib/python3.10/site-packages/airflow/example_dags/example_dynamic_task_mapping_with_no_taskflow_operators.py for tasks to queue
[2025-02-03T11:50:43.823+0000] {logging_mixin.py:150} INFO - [2025-02-03T11:50:43.822+0000] {dagbag.py:541} INFO - Filling up the DagBag from /home/vscode/.local/lib/python3.10/site-packages/airflow/example_dags/example_dynamic_task_mapping_with_no_taskflow_operators.py
[2025-02-03T11:50:43.828+0000] {processor.py:836} INFO - DAG(s) dict_keys(['example_dynamic_task_mapping_with_no_taskflow_operators']) retrieved from /home/vscode/.local/lib/python3.10/site-packages/airflow/example_dags/example_dynamic_task_mapping_with_no_taskflow_operators.py
[2025-02-03T11:50:43.980+0000] {logging_mixin.py:150} INFO - [2025-02-03T11:50:43.980+0000] {manager.py:504} INFO - Created Permission View: can read on DAG:example_dynamic_task_mapping_with_no_taskflow_operators
[2025-02-03T11:50:43.987+0000] {logging_mixin.py:150} INFO - [2025-02-03T11:50:43.987+0000] {manager.py:504} INFO - Created Permission View: can delete on DAG:example_dynamic_task_mapping_with_no_taskflow_operators
[2025-02-03T11:50:43.992+0000] {logging_mixin.py:150} INFO - [2025-02-03T11:50:43.992+0000] {manager.py:504} INFO - Created Permission View: can edit on DAG:example_dynamic_task_mapping_with_no_taskflow_operators
[2025-02-03T11:50:44.000+0000] {logging_mixin.py:150} INFO - [2025-02-03T11:50:44.000+0000] {dag.py:2742} INFO - Sync 1 DAGs
[2025-02-03T11:50:44.006+0000] {logging_mixin.py:150} INFO - [2025-02-03T11:50:44.006+0000] {dag.py:2763} INFO - Creating ORM DAG for example_dynamic_task_mapping_with_no_taskflow_operators
[2025-02-03T11:50:44.011+0000] {logging_mixin.py:150} INFO - [2025-02-03T11:50:44.011+0000] {dag.py:3504} INFO - Setting next_dagrun for example_dynamic_task_mapping_with_no_taskflow_operators to 2025-02-02T11:50:44.011662+00:00, run_after=2025-02-03T11:50:44.011662+00:00
[2025-02-03T11:50:44.024+0000] {processor.py:179} INFO - Processing /home/vscode/.local/lib/python3.10/site-packages/airflow/example_dags/example_dynamic_task_mapping_with_no_taskflow_operators.py took 0.204 seconds
[2025-02-03T11:51:30.240+0000] {processor.py:157} INFO - Started process (PID=37879) to work on /home/vscode/.local/lib/python3.10/site-packages/airflow/example_dags/example_dynamic_task_mapping_with_no_taskflow_operators.py
[2025-02-03T11:51:30.241+0000] {processor.py:826} INFO - Processing file /home/vscode/.local/lib/python3.10/site-packages/airflow/example_dags/example_dynamic_task_mapping_with_no_taskflow_operators.py for tasks to queue
[2025-02-03T11:51:30.241+0000] {logging_mixin.py:150} INFO - [2025-02-03T11:51:30.241+0000] {dagbag.py:541} INFO - Filling up the DagBag from /home/vscode/.local/lib/python3.10/site-packages/airflow/example_dags/example_dynamic_task_mapping_with_no_taskflow_operators.py
[2025-02-03T11:51:30.246+0000] {processor.py:836} INFO - DAG(s) dict_keys(['example_dynamic_task_mapping_with_no_taskflow_operators']) retrieved from /home/vscode/.local/lib/python3.10/site-packages/airflow/example_dags/example_dynamic_task_mapping_with_no_taskflow_operators.py
[2025-02-03T11:51:30.257+0000] {logging_mixin.py:150} INFO - [2025-02-03T11:51:30.257+0000] {dag.py:2742} INFO - Sync 1 DAGs
[2025-02-03T11:51:30.273+0000] {logging_mixin.py:150} INFO - [2025-02-03T11:51:30.273+0000] {dag.py:3504} INFO - Setting next_dagrun for example_dynamic_task_mapping_with_no_taskflow_operators to 2025-02-02T11:51:30.272878+00:00, run_after=2025-02-03T11:51:30.272878+00:00
[2025-02-03T11:51:30.287+0000] {processor.py:179} INFO - Processing /home/vscode/.local/lib/python3.10/site-packages/airflow/example_dags/example_dynamic_task_mapping_with_no_taskflow_operators.py took 0.049 seconds
[2025-02-03T11:52:16.338+0000] {processor.py:157} INFO - Started process (PID=38189) to work on /home/vscode/.local/lib/python3.10/site-packages/airflow/example_dags/example_dynamic_task_mapping_with_no_taskflow_operators.py
[2025-02-03T11:52:16.338+0000] {processor.py:826} INFO - Processing file /home/vscode/.local/lib/python3.10/site-packages/airflow/example_dags/example_dynamic_task_mapping_with_no_taskflow_operators.py for tasks to queue
[2025-02-03T11:52:16.339+0000] {logging_mixin.py:150} INFO - [2025-02-03T11:52:16.338+0000] {dagbag.py:541} INFO - Filling up the DagBag from /home/vscode/.local/lib/python3.10/site-packages/airflow/example_dags/example_dynamic_task_mapping_with_no_taskflow_operators.py
[2025-02-03T11:52:16.344+0000] {processor.py:836} INFO - DAG(s) dict_keys(['example_dynamic_task_mapping_with_no_taskflow_operators']) retrieved from /home/vscode/.local/lib/python3.10/site-packages/airflow/example_dags/example_dynamic_task_mapping_with_no_taskflow_operators.py
[2025-02-03T11:52:16.354+0000] {logging_mixin.py:150} INFO - [2025-02-03T11:52:16.354+0000] {dag.py:2742} INFO - Sync 1 DAGs
[2025-02-03T11:52:16.368+0000] {logging_mixin.py:150} INFO - [2025-02-03T11:52:16.368+0000] {dag.py:3504} INFO - Setting next_dagrun for example_dynamic_task_mapping_with_no_taskflow_operators to 2025-02-02T11:52:16.368013+00:00, run_after=2025-02-03T11:52:16.368013+00:00
[2025-02-03T11:52:16.382+0000] {processor.py:179} INFO - Processing /home/vscode/.local/lib/python3.10/site-packages/airflow/example_dags/example_dynamic_task_mapping_with_no_taskflow_operators.py took 0.046 seconds
[2025-02-03T11:53:00.277+0000] {processor.py:157} INFO - Started process (PID=38480) to work on /home/vscode/.local/lib/python3.10/site-packages/airflow/example_dags/example_dynamic_task_mapping_with_no_taskflow_operators.py
[2025-02-03T11:53:00.278+0000] {processor.py:826} INFO - Processing file /home/vscode/.local/lib/python3.10/site-packages/airflow/example_dags/example_dynamic_task_mapping_with_no_taskflow_operators.py for tasks to queue
[2025-02-03T11:53:00.278+0000] {logging_mixin.py:150} INFO - [2025-02-03T11:53:00.278+0000] {dagbag.py:541} INFO - Filling up the DagBag from /home/vscode/.local/lib/python3.10/site-packages/airflow/example_dags/example_dynamic_task_mapping_with_no_taskflow_operators.py
[2025-02-03T11:53:00.284+0000] {processor.py:836} INFO - DAG(s) dict_keys(['example_dynamic_task_mapping_with_no_taskflow_operators']) retrieved from /home/vscode/.local/lib/python3.10/site-packages/airflow/example_dags/example_dynamic_task_mapping_with_no_taskflow_operators.py
[2025-02-03T11:53:00.293+0000] {logging_mixin.py:150} INFO - [2025-02-03T11:53:00.293+0000] {dag.py:2742} INFO - Sync 1 DAGs
[2025-02-03T11:53:00.307+0000] {logging_mixin.py:150} INFO - [2025-02-03T11:53:00.307+0000] {dag.py:3504} INFO - Setting next_dagrun for example_dynamic_task_mapping_with_no_taskflow_operators to 2025-02-02T11:53:00.307553+00:00, run_after=2025-02-03T11:53:00.307553+00:00
[2025-02-03T11:53:00.321+0000] {processor.py:179} INFO - Processing /home/vscode/.local/lib/python3.10/site-packages/airflow/example_dags/example_dynamic_task_mapping_with_no_taskflow_operators.py took 0.046 seconds
[2025-02-03T11:53:46.074+0000] {processor.py:157} INFO - Started process (PID=38791) to work on /home/vscode/.local/lib/python3.10/site-packages/airflow/example_dags/example_dynamic_task_mapping_with_no_taskflow_operators.py
[2025-02-03T11:53:46.074+0000] {processor.py:826} INFO - Processing file /home/vscode/.local/lib/python3.10/site-packages/airflow/example_dags/example_dynamic_task_mapping_with_no_taskflow_operators.py for tasks to queue
[2025-02-03T11:53:46.075+0000] {logging_mixin.py:150} INFO - [2025-02-03T11:53:46.075+0000] {dagbag.py:541} INFO - Filling up the DagBag from /home/vscode/.local/lib/python3.10/site-packages/airflow/example_dags/example_dynamic_task_mapping_with_no_taskflow_operators.py
[2025-02-03T11:53:46.080+0000] {processor.py:836} INFO - DAG(s) dict_keys(['example_dynamic_task_mapping_with_no_taskflow_operators']) retrieved from /home/vscode/.local/lib/python3.10/site-packages/airflow/example_dags/example_dynamic_task_mapping_with_no_taskflow_operators.py
[2025-02-03T11:53:46.090+0000] {logging_mixin.py:150} INFO - [2025-02-03T11:53:46.090+0000] {dag.py:2742} INFO - Sync 1 DAGs
[2025-02-03T11:53:46.103+0000] {logging_mixin.py:150} INFO - [2025-02-03T11:53:46.103+0000] {dag.py:3504} INFO - Setting next_dagrun for example_dynamic_task_mapping_with_no_taskflow_operators to 2025-02-02T11:53:46.103688+00:00, run_after=2025-02-03T11:53:46.103688+00:00
[2025-02-03T11:53:46.117+0000] {processor.py:179} INFO - Processing /home/vscode/.local/lib/python3.10/site-packages/airflow/example_dags/example_dynamic_task_mapping_with_no_taskflow_operators.py took 0.046 seconds
[2025-02-03T11:54:31.480+0000] {processor.py:157} INFO - Started process (PID=39094) to work on /home/vscode/.local/lib/python3.10/site-packages/airflow/example_dags/example_dynamic_task_mapping_with_no_taskflow_operators.py
[2025-02-03T11:54:31.481+0000] {processor.py:826} INFO - Processing file /home/vscode/.local/lib/python3.10/site-packages/airflow/example_dags/example_dynamic_task_mapping_with_no_taskflow_operators.py for tasks to queue
[2025-02-03T11:54:31.482+0000] {logging_mixin.py:150} INFO - [2025-02-03T11:54:31.481+0000] {dagbag.py:541} INFO - Filling up the DagBag from /home/vscode/.local/lib/python3.10/site-packages/airflow/example_dags/example_dynamic_task_mapping_with_no_taskflow_operators.py
[2025-02-03T11:54:31.487+0000] {processor.py:836} INFO - DAG(s) dict_keys(['example_dynamic_task_mapping_with_no_taskflow_operators']) retrieved from /home/vscode/.local/lib/python3.10/site-packages/airflow/example_dags/example_dynamic_task_mapping_with_no_taskflow_operators.py
[2025-02-03T11:54:31.497+0000] {logging_mixin.py:150} INFO - [2025-02-03T11:54:31.497+0000] {dag.py:2742} INFO - Sync 1 DAGs
[2025-02-03T11:54:31.512+0000] {logging_mixin.py:150} INFO - [2025-02-03T11:54:31.512+0000] {dag.py:3504} INFO - Setting next_dagrun for example_dynamic_task_mapping_with_no_taskflow_operators to 2025-02-02T11:54:31.512479+00:00, run_after=2025-02-03T11:54:31.512479+00:00
[2025-02-03T11:54:31.527+0000] {processor.py:179} INFO - Processing /home/vscode/.local/lib/python3.10/site-packages/airflow/example_dags/example_dynamic_task_mapping_with_no_taskflow_operators.py took 0.048 seconds
[2025-02-03T11:55:13.360+0000] {processor.py:157} INFO - Started process (PID=39380) to work on /home/vscode/.local/lib/python3.10/site-packages/airflow/example_dags/example_dynamic_task_mapping_with_no_taskflow_operators.py
[2025-02-03T11:55:13.361+0000] {processor.py:826} INFO - Processing file /home/vscode/.local/lib/python3.10/site-packages/airflow/example_dags/example_dynamic_task_mapping_with_no_taskflow_operators.py for tasks to queue
[2025-02-03T11:55:13.361+0000] {logging_mixin.py:150} INFO - [2025-02-03T11:55:13.361+0000] {dagbag.py:541} INFO - Filling up the DagBag from /home/vscode/.local/lib/python3.10/site-packages/airflow/example_dags/example_dynamic_task_mapping_with_no_taskflow_operators.py
[2025-02-03T11:55:13.366+0000] {processor.py:836} INFO - DAG(s) dict_keys(['example_dynamic_task_mapping_with_no_taskflow_operators']) retrieved from /home/vscode/.local/lib/python3.10/site-packages/airflow/example_dags/example_dynamic_task_mapping_with_no_taskflow_operators.py
[2025-02-03T11:55:13.376+0000] {logging_mixin.py:150} INFO - [2025-02-03T11:55:13.376+0000] {dag.py:2742} INFO - Sync 1 DAGs
[2025-02-03T11:55:13.390+0000] {logging_mixin.py:150} INFO - [2025-02-03T11:55:13.390+0000] {dag.py:3504} INFO - Setting next_dagrun for example_dynamic_task_mapping_with_no_taskflow_operators to 2025-02-02T11:55:13.390056+00:00, run_after=2025-02-03T11:55:13.390056+00:00
[2025-02-03T11:55:13.403+0000] {processor.py:179} INFO - Processing /home/vscode/.local/lib/python3.10/site-packages/airflow/example_dags/example_dynamic_task_mapping_with_no_taskflow_operators.py took 0.046 seconds
[2025-02-03T11:55:57.895+0000] {processor.py:157} INFO - Started process (PID=39668) to work on /home/vscode/.local/lib/python3.10/site-packages/airflow/example_dags/example_dynamic_task_mapping_with_no_taskflow_operators.py
[2025-02-03T11:55:57.896+0000] {processor.py:826} INFO - Processing file /home/vscode/.local/lib/python3.10/site-packages/airflow/example_dags/example_dynamic_task_mapping_with_no_taskflow_operators.py for tasks to queue
[2025-02-03T11:55:57.897+0000] {logging_mixin.py:150} INFO - [2025-02-03T11:55:57.897+0000] {dagbag.py:541} INFO - Filling up the DagBag from /home/vscode/.local/lib/python3.10/site-packages/airflow/example_dags/example_dynamic_task_mapping_with_no_taskflow_operators.py
[2025-02-03T11:55:57.904+0000] {processor.py:836} INFO - DAG(s) dict_keys(['example_dynamic_task_mapping_with_no_taskflow_operators']) retrieved from /home/vscode/.local/lib/python3.10/site-packages/airflow/example_dags/example_dynamic_task_mapping_with_no_taskflow_operators.py
[2025-02-03T11:55:57.919+0000] {logging_mixin.py:150} INFO - [2025-02-03T11:55:57.919+0000] {dag.py:2742} INFO - Sync 1 DAGs
[2025-02-03T11:55:57.940+0000] {logging_mixin.py:150} INFO - [2025-02-03T11:55:57.940+0000] {dag.py:3504} INFO - Setting next_dagrun for example_dynamic_task_mapping_with_no_taskflow_operators to 2025-02-02T11:55:57.940482+00:00, run_after=2025-02-03T11:55:57.940482+00:00
[2025-02-03T11:55:57.956+0000] {processor.py:179} INFO - Processing /home/vscode/.local/lib/python3.10/site-packages/airflow/example_dags/example_dynamic_task_mapping_with_no_taskflow_operators.py took 0.064 seconds
[2025-02-03T11:56:37.289+0000] {processor.py:157} INFO - Started process (PID=39938) to work on /home/vscode/.local/lib/python3.10/site-packages/airflow/example_dags/example_dynamic_task_mapping_with_no_taskflow_operators.py
[2025-02-03T11:56:37.290+0000] {processor.py:826} INFO - Processing file /home/vscode/.local/lib/python3.10/site-packages/airflow/example_dags/example_dynamic_task_mapping_with_no_taskflow_operators.py for tasks to queue
[2025-02-03T11:56:37.290+0000] {logging_mixin.py:150} INFO - [2025-02-03T11:56:37.290+0000] {dagbag.py:541} INFO - Filling up the DagBag from /home/vscode/.local/lib/python3.10/site-packages/airflow/example_dags/example_dynamic_task_mapping_with_no_taskflow_operators.py
[2025-02-03T11:56:37.296+0000] {processor.py:836} INFO - DAG(s) dict_keys(['example_dynamic_task_mapping_with_no_taskflow_operators']) retrieved from /home/vscode/.local/lib/python3.10/site-packages/airflow/example_dags/example_dynamic_task_mapping_with_no_taskflow_operators.py
[2025-02-03T11:56:37.306+0000] {logging_mixin.py:150} INFO - [2025-02-03T11:56:37.306+0000] {dag.py:2742} INFO - Sync 1 DAGs
[2025-02-03T11:56:37.320+0000] {logging_mixin.py:150} INFO - [2025-02-03T11:56:37.320+0000] {dag.py:3504} INFO - Setting next_dagrun for example_dynamic_task_mapping_with_no_taskflow_operators to 2025-02-02T11:56:37.320135+00:00, run_after=2025-02-03T11:56:37.320135+00:00
[2025-02-03T11:56:37.334+0000] {processor.py:179} INFO - Processing /home/vscode/.local/lib/python3.10/site-packages/airflow/example_dags/example_dynamic_task_mapping_with_no_taskflow_operators.py took 0.047 seconds
[2025-02-03T11:57:22.133+0000] {processor.py:157} INFO - Started process (PID=40240) to work on /home/vscode/.local/lib/python3.10/site-packages/airflow/example_dags/example_dynamic_task_mapping_with_no_taskflow_operators.py
[2025-02-03T11:57:22.133+0000] {processor.py:826} INFO - Processing file /home/vscode/.local/lib/python3.10/site-packages/airflow/example_dags/example_dynamic_task_mapping_with_no_taskflow_operators.py for tasks to queue
[2025-02-03T11:57:22.134+0000] {logging_mixin.py:150} INFO - [2025-02-03T11:57:22.134+0000] {dagbag.py:541} INFO - Filling up the DagBag from /home/vscode/.local/lib/python3.10/site-packages/airflow/example_dags/example_dynamic_task_mapping_with_no_taskflow_operators.py
[2025-02-03T11:57:22.139+0000] {processor.py:836} INFO - DAG(s) dict_keys(['example_dynamic_task_mapping_with_no_taskflow_operators']) retrieved from /home/vscode/.local/lib/python3.10/site-packages/airflow/example_dags/example_dynamic_task_mapping_with_no_taskflow_operators.py
[2025-02-03T11:57:22.148+0000] {logging_mixin.py:150} INFO - [2025-02-03T11:57:22.148+0000] {dag.py:2742} INFO - Sync 1 DAGs
[2025-02-03T11:57:22.162+0000] {logging_mixin.py:150} INFO - [2025-02-03T11:57:22.162+0000] {dag.py:3504} INFO - Setting next_dagrun for example_dynamic_task_mapping_with_no_taskflow_operators to 2025-02-02T11:57:22.162199+00:00, run_after=2025-02-03T11:57:22.162199+00:00
[2025-02-03T11:57:22.175+0000] {processor.py:179} INFO - Processing /home/vscode/.local/lib/python3.10/site-packages/airflow/example_dags/example_dynamic_task_mapping_with_no_taskflow_operators.py took 0.045 seconds
[2025-02-03T11:58:10.619+0000] {processor.py:157} INFO - Started process (PID=40566) to work on /home/vscode/.local/lib/python3.10/site-packages/airflow/example_dags/example_dynamic_task_mapping_with_no_taskflow_operators.py
[2025-02-03T11:58:10.619+0000] {processor.py:826} INFO - Processing file /home/vscode/.local/lib/python3.10/site-packages/airflow/example_dags/example_dynamic_task_mapping_with_no_taskflow_operators.py for tasks to queue
[2025-02-03T11:58:10.620+0000] {logging_mixin.py:150} INFO - [2025-02-03T11:58:10.620+0000] {dagbag.py:541} INFO - Filling up the DagBag from /home/vscode/.local/lib/python3.10/site-packages/airflow/example_dags/example_dynamic_task_mapping_with_no_taskflow_operators.py
[2025-02-03T11:58:10.625+0000] {processor.py:836} INFO - DAG(s) dict_keys(['example_dynamic_task_mapping_with_no_taskflow_operators']) retrieved from /home/vscode/.local/lib/python3.10/site-packages/airflow/example_dags/example_dynamic_task_mapping_with_no_taskflow_operators.py
[2025-02-03T11:58:10.635+0000] {logging_mixin.py:150} INFO - [2025-02-03T11:58:10.635+0000] {dag.py:2742} INFO - Sync 1 DAGs
[2025-02-03T11:58:10.649+0000] {logging_mixin.py:150} INFO - [2025-02-03T11:58:10.649+0000] {dag.py:3504} INFO - Setting next_dagrun for example_dynamic_task_mapping_with_no_taskflow_operators to 2025-02-02T11:58:10.648997+00:00, run_after=2025-02-03T11:58:10.648997+00:00
[2025-02-03T11:58:10.663+0000] {processor.py:179} INFO - Processing /home/vscode/.local/lib/python3.10/site-packages/airflow/example_dags/example_dynamic_task_mapping_with_no_taskflow_operators.py took 0.047 seconds
[2025-02-03T11:58:53.991+0000] {processor.py:157} INFO - Started process (PID=40855) to work on /home/vscode/.local/lib/python3.10/site-packages/airflow/example_dags/example_dynamic_task_mapping_with_no_taskflow_operators.py
[2025-02-03T11:58:53.991+0000] {processor.py:826} INFO - Processing file /home/vscode/.local/lib/python3.10/site-packages/airflow/example_dags/example_dynamic_task_mapping_with_no_taskflow_operators.py for tasks to queue
[2025-02-03T11:58:53.992+0000] {logging_mixin.py:150} INFO - [2025-02-03T11:58:53.992+0000] {dagbag.py:541} INFO - Filling up the DagBag from /home/vscode/.local/lib/python3.10/site-packages/airflow/example_dags/example_dynamic_task_mapping_with_no_taskflow_operators.py
[2025-02-03T11:58:53.997+0000] {processor.py:836} INFO - DAG(s) dict_keys(['example_dynamic_task_mapping_with_no_taskflow_operators']) retrieved from /home/vscode/.local/lib/python3.10/site-packages/airflow/example_dags/example_dynamic_task_mapping_with_no_taskflow_operators.py
[2025-02-03T11:58:54.007+0000] {logging_mixin.py:150} INFO - [2025-02-03T11:58:54.007+0000] {dag.py:2742} INFO - Sync 1 DAGs
[2025-02-03T11:58:54.021+0000] {logging_mixin.py:150} INFO - [2025-02-03T11:58:54.021+0000] {dag.py:3504} INFO - Setting next_dagrun for example_dynamic_task_mapping_with_no_taskflow_operators to 2025-02-02T11:58:54.020889+00:00, run_after=2025-02-03T11:58:54.020889+00:00
[2025-02-03T11:58:54.034+0000] {processor.py:179} INFO - Processing /home/vscode/.local/lib/python3.10/site-packages/airflow/example_dags/example_dynamic_task_mapping_with_no_taskflow_operators.py took 0.046 seconds
[2025-02-03T11:59:36.797+0000] {processor.py:157} INFO - Started process (PID=41141) to work on /home/vscode/.local/lib/python3.10/site-packages/airflow/example_dags/example_dynamic_task_mapping_with_no_taskflow_operators.py
[2025-02-03T11:59:36.798+0000] {processor.py:826} INFO - Processing file /home/vscode/.local/lib/python3.10/site-packages/airflow/example_dags/example_dynamic_task_mapping_with_no_taskflow_operators.py for tasks to queue
[2025-02-03T11:59:36.798+0000] {logging_mixin.py:150} INFO - [2025-02-03T11:59:36.798+0000] {dagbag.py:541} INFO - Filling up the DagBag from /home/vscode/.local/lib/python3.10/site-packages/airflow/example_dags/example_dynamic_task_mapping_with_no_taskflow_operators.py
[2025-02-03T11:59:36.803+0000] {processor.py:836} INFO - DAG(s) dict_keys(['example_dynamic_task_mapping_with_no_taskflow_operators']) retrieved from /home/vscode/.local/lib/python3.10/site-packages/airflow/example_dags/example_dynamic_task_mapping_with_no_taskflow_operators.py
[2025-02-03T11:59:36.814+0000] {logging_mixin.py:150} INFO - [2025-02-03T11:59:36.814+0000] {dag.py:2742} INFO - Sync 1 DAGs
[2025-02-03T11:59:36.828+0000] {logging_mixin.py:150} INFO - [2025-02-03T11:59:36.828+0000] {dag.py:3504} INFO - Setting next_dagrun for example_dynamic_task_mapping_with_no_taskflow_operators to 2025-02-02T11:59:36.827902+00:00, run_after=2025-02-03T11:59:36.827902+00:00
[2025-02-03T11:59:36.842+0000] {processor.py:179} INFO - Processing /home/vscode/.local/lib/python3.10/site-packages/airflow/example_dags/example_dynamic_task_mapping_with_no_taskflow_operators.py took 0.048 seconds
[2025-02-03T12:00:18.898+0000] {processor.py:157} INFO - Started process (PID=41427) to work on /home/vscode/.local/lib/python3.10/site-packages/airflow/example_dags/example_dynamic_task_mapping_with_no_taskflow_operators.py
[2025-02-03T12:00:18.899+0000] {processor.py:826} INFO - Processing file /home/vscode/.local/lib/python3.10/site-packages/airflow/example_dags/example_dynamic_task_mapping_with_no_taskflow_operators.py for tasks to queue
[2025-02-03T12:00:18.900+0000] {logging_mixin.py:150} INFO - [2025-02-03T12:00:18.899+0000] {dagbag.py:541} INFO - Filling up the DagBag from /home/vscode/.local/lib/python3.10/site-packages/airflow/example_dags/example_dynamic_task_mapping_with_no_taskflow_operators.py
[2025-02-03T12:00:18.905+0000] {processor.py:836} INFO - DAG(s) dict_keys(['example_dynamic_task_mapping_with_no_taskflow_operators']) retrieved from /home/vscode/.local/lib/python3.10/site-packages/airflow/example_dags/example_dynamic_task_mapping_with_no_taskflow_operators.py
[2025-02-03T12:00:18.915+0000] {logging_mixin.py:150} INFO - [2025-02-03T12:00:18.915+0000] {dag.py:2742} INFO - Sync 1 DAGs
[2025-02-03T12:00:18.930+0000] {logging_mixin.py:150} INFO - [2025-02-03T12:00:18.929+0000] {dag.py:3504} INFO - Setting next_dagrun for example_dynamic_task_mapping_with_no_taskflow_operators to 2025-02-02T12:00:18.929773+00:00, run_after=2025-02-03T12:00:18.929773+00:00
[2025-02-03T12:00:18.944+0000] {processor.py:179} INFO - Processing /home/vscode/.local/lib/python3.10/site-packages/airflow/example_dags/example_dynamic_task_mapping_with_no_taskflow_operators.py took 0.048 seconds
[2025-02-03T12:01:07.452+0000] {processor.py:157} INFO - Started process (PID=41748) to work on /home/vscode/.local/lib/python3.10/site-packages/airflow/example_dags/example_dynamic_task_mapping_with_no_taskflow_operators.py
[2025-02-03T12:01:07.453+0000] {processor.py:826} INFO - Processing file /home/vscode/.local/lib/python3.10/site-packages/airflow/example_dags/example_dynamic_task_mapping_with_no_taskflow_operators.py for tasks to queue
[2025-02-03T12:01:07.453+0000] {logging_mixin.py:150} INFO - [2025-02-03T12:01:07.453+0000] {dagbag.py:541} INFO - Filling up the DagBag from /home/vscode/.local/lib/python3.10/site-packages/airflow/example_dags/example_dynamic_task_mapping_with_no_taskflow_operators.py
[2025-02-03T12:01:07.459+0000] {processor.py:836} INFO - DAG(s) dict_keys(['example_dynamic_task_mapping_with_no_taskflow_operators']) retrieved from /home/vscode/.local/lib/python3.10/site-packages/airflow/example_dags/example_dynamic_task_mapping_with_no_taskflow_operators.py
[2025-02-03T12:01:07.471+0000] {logging_mixin.py:150} INFO - [2025-02-03T12:01:07.471+0000] {dag.py:2742} INFO - Sync 1 DAGs
[2025-02-03T12:01:07.490+0000] {logging_mixin.py:150} INFO - [2025-02-03T12:01:07.490+0000] {dag.py:3504} INFO - Setting next_dagrun for example_dynamic_task_mapping_with_no_taskflow_operators to 2025-02-02T12:01:07.490550+00:00, run_after=2025-02-03T12:01:07.490550+00:00
[2025-02-03T12:01:07.505+0000] {processor.py:179} INFO - Processing /home/vscode/.local/lib/python3.10/site-packages/airflow/example_dags/example_dynamic_task_mapping_with_no_taskflow_operators.py took 0.055 seconds
[2025-02-03T12:01:49.160+0000] {processor.py:157} INFO - Started process (PID=42033) to work on /home/vscode/.local/lib/python3.10/site-packages/airflow/example_dags/example_dynamic_task_mapping_with_no_taskflow_operators.py
[2025-02-03T12:01:49.160+0000] {processor.py:826} INFO - Processing file /home/vscode/.local/lib/python3.10/site-packages/airflow/example_dags/example_dynamic_task_mapping_with_no_taskflow_operators.py for tasks to queue
[2025-02-03T12:01:49.161+0000] {logging_mixin.py:150} INFO - [2025-02-03T12:01:49.161+0000] {dagbag.py:541} INFO - Filling up the DagBag from /home/vscode/.local/lib/python3.10/site-packages/airflow/example_dags/example_dynamic_task_mapping_with_no_taskflow_operators.py
[2025-02-03T12:01:49.166+0000] {processor.py:836} INFO - DAG(s) dict_keys(['example_dynamic_task_mapping_with_no_taskflow_operators']) retrieved from /home/vscode/.local/lib/python3.10/site-packages/airflow/example_dags/example_dynamic_task_mapping_with_no_taskflow_operators.py
[2025-02-03T12:01:49.178+0000] {logging_mixin.py:150} INFO - [2025-02-03T12:01:49.177+0000] {dag.py:2742} INFO - Sync 1 DAGs
[2025-02-03T12:01:49.192+0000] {logging_mixin.py:150} INFO - [2025-02-03T12:01:49.191+0000] {dag.py:3504} INFO - Setting next_dagrun for example_dynamic_task_mapping_with_no_taskflow_operators to 2025-02-02T12:01:49.191700+00:00, run_after=2025-02-03T12:01:49.191700+00:00
[2025-02-03T12:01:49.205+0000] {processor.py:179} INFO - Processing /home/vscode/.local/lib/python3.10/site-packages/airflow/example_dags/example_dynamic_task_mapping_with_no_taskflow_operators.py took 0.048 seconds
[2025-02-03T12:02:32.152+0000] {processor.py:157} INFO - Started process (PID=42327) to work on /home/vscode/.local/lib/python3.10/site-packages/airflow/example_dags/example_dynamic_task_mapping_with_no_taskflow_operators.py
[2025-02-03T12:02:32.153+0000] {processor.py:826} INFO - Processing file /home/vscode/.local/lib/python3.10/site-packages/airflow/example_dags/example_dynamic_task_mapping_with_no_taskflow_operators.py for tasks to queue
[2025-02-03T12:02:32.153+0000] {logging_mixin.py:150} INFO - [2025-02-03T12:02:32.153+0000] {dagbag.py:541} INFO - Filling up the DagBag from /home/vscode/.local/lib/python3.10/site-packages/airflow/example_dags/example_dynamic_task_mapping_with_no_taskflow_operators.py
[2025-02-03T12:02:32.159+0000] {processor.py:836} INFO - DAG(s) dict_keys(['example_dynamic_task_mapping_with_no_taskflow_operators']) retrieved from /home/vscode/.local/lib/python3.10/site-packages/airflow/example_dags/example_dynamic_task_mapping_with_no_taskflow_operators.py
[2025-02-03T12:02:32.169+0000] {logging_mixin.py:150} INFO - [2025-02-03T12:02:32.169+0000] {dag.py:2742} INFO - Sync 1 DAGs
[2025-02-03T12:02:32.183+0000] {logging_mixin.py:150} INFO - [2025-02-03T12:02:32.183+0000] {dag.py:3504} INFO - Setting next_dagrun for example_dynamic_task_mapping_with_no_taskflow_operators to 2025-02-02T12:02:32.183475+00:00, run_after=2025-02-03T12:02:32.183475+00:00
[2025-02-03T12:02:32.197+0000] {processor.py:179} INFO - Processing /home/vscode/.local/lib/python3.10/site-packages/airflow/example_dags/example_dynamic_task_mapping_with_no_taskflow_operators.py took 0.047 seconds
[2025-02-03T12:03:15.340+0000] {processor.py:157} INFO - Started process (PID=42615) to work on /home/vscode/.local/lib/python3.10/site-packages/airflow/example_dags/example_dynamic_task_mapping_with_no_taskflow_operators.py
[2025-02-03T12:03:15.340+0000] {processor.py:826} INFO - Processing file /home/vscode/.local/lib/python3.10/site-packages/airflow/example_dags/example_dynamic_task_mapping_with_no_taskflow_operators.py for tasks to queue
[2025-02-03T12:03:15.341+0000] {logging_mixin.py:150} INFO - [2025-02-03T12:03:15.341+0000] {dagbag.py:541} INFO - Filling up the DagBag from /home/vscode/.local/lib/python3.10/site-packages/airflow/example_dags/example_dynamic_task_mapping_with_no_taskflow_operators.py
[2025-02-03T12:03:15.346+0000] {processor.py:836} INFO - DAG(s) dict_keys(['example_dynamic_task_mapping_with_no_taskflow_operators']) retrieved from /home/vscode/.local/lib/python3.10/site-packages/airflow/example_dags/example_dynamic_task_mapping_with_no_taskflow_operators.py
[2025-02-03T12:03:15.356+0000] {logging_mixin.py:150} INFO - [2025-02-03T12:03:15.356+0000] {dag.py:2742} INFO - Sync 1 DAGs
[2025-02-03T12:03:15.370+0000] {logging_mixin.py:150} INFO - [2025-02-03T12:03:15.370+0000] {dag.py:3504} INFO - Setting next_dagrun for example_dynamic_task_mapping_with_no_taskflow_operators to 2025-02-02T12:03:15.370158+00:00, run_after=2025-02-03T12:03:15.370158+00:00
[2025-02-03T12:03:15.384+0000] {processor.py:179} INFO - Processing /home/vscode/.local/lib/python3.10/site-packages/airflow/example_dags/example_dynamic_task_mapping_with_no_taskflow_operators.py took 0.046 seconds
[2025-02-03T12:03:58.629+0000] {processor.py:157} INFO - Started process (PID=42908) to work on /home/vscode/.local/lib/python3.10/site-packages/airflow/example_dags/example_dynamic_task_mapping_with_no_taskflow_operators.py
[2025-02-03T12:03:58.630+0000] {processor.py:826} INFO - Processing file /home/vscode/.local/lib/python3.10/site-packages/airflow/example_dags/example_dynamic_task_mapping_with_no_taskflow_operators.py for tasks to queue
[2025-02-03T12:03:58.630+0000] {logging_mixin.py:150} INFO - [2025-02-03T12:03:58.630+0000] {dagbag.py:541} INFO - Filling up the DagBag from /home/vscode/.local/lib/python3.10/site-packages/airflow/example_dags/example_dynamic_task_mapping_with_no_taskflow_operators.py
[2025-02-03T12:03:58.636+0000] {processor.py:836} INFO - DAG(s) dict_keys(['example_dynamic_task_mapping_with_no_taskflow_operators']) retrieved from /home/vscode/.local/lib/python3.10/site-packages/airflow/example_dags/example_dynamic_task_mapping_with_no_taskflow_operators.py
[2025-02-03T12:03:58.646+0000] {logging_mixin.py:150} INFO - [2025-02-03T12:03:58.646+0000] {dag.py:2742} INFO - Sync 1 DAGs
[2025-02-03T12:03:58.659+0000] {logging_mixin.py:150} INFO - [2025-02-03T12:03:58.659+0000] {dag.py:3504} INFO - Setting next_dagrun for example_dynamic_task_mapping_with_no_taskflow_operators to 2025-02-02T12:03:58.659659+00:00, run_after=2025-02-03T12:03:58.659659+00:00
[2025-02-03T12:03:58.673+0000] {processor.py:179} INFO - Processing /home/vscode/.local/lib/python3.10/site-packages/airflow/example_dags/example_dynamic_task_mapping_with_no_taskflow_operators.py took 0.046 seconds
[2025-02-03T12:04:42.233+0000] {processor.py:157} INFO - Started process (PID=43203) to work on /home/vscode/.local/lib/python3.10/site-packages/airflow/example_dags/example_dynamic_task_mapping_with_no_taskflow_operators.py
[2025-02-03T12:04:42.233+0000] {processor.py:826} INFO - Processing file /home/vscode/.local/lib/python3.10/site-packages/airflow/example_dags/example_dynamic_task_mapping_with_no_taskflow_operators.py for tasks to queue
[2025-02-03T12:04:42.234+0000] {logging_mixin.py:150} INFO - [2025-02-03T12:04:42.234+0000] {dagbag.py:541} INFO - Filling up the DagBag from /home/vscode/.local/lib/python3.10/site-packages/airflow/example_dags/example_dynamic_task_mapping_with_no_taskflow_operators.py
[2025-02-03T12:04:42.239+0000] {processor.py:836} INFO - DAG(s) dict_keys(['example_dynamic_task_mapping_with_no_taskflow_operators']) retrieved from /home/vscode/.local/lib/python3.10/site-packages/airflow/example_dags/example_dynamic_task_mapping_with_no_taskflow_operators.py
[2025-02-03T12:04:42.250+0000] {logging_mixin.py:150} INFO - [2025-02-03T12:04:42.250+0000] {dag.py:2742} INFO - Sync 1 DAGs
[2025-02-03T12:04:42.264+0000] {logging_mixin.py:150} INFO - [2025-02-03T12:04:42.264+0000] {dag.py:3504} INFO - Setting next_dagrun for example_dynamic_task_mapping_with_no_taskflow_operators to 2025-02-02T12:04:42.264177+00:00, run_after=2025-02-03T12:04:42.264177+00:00
[2025-02-03T12:04:42.278+0000] {processor.py:179} INFO - Processing /home/vscode/.local/lib/python3.10/site-packages/airflow/example_dags/example_dynamic_task_mapping_with_no_taskflow_operators.py took 0.048 seconds
[2025-02-03T12:05:25.870+0000] {processor.py:157} INFO - Started process (PID=43489) to work on /home/vscode/.local/lib/python3.10/site-packages/airflow/example_dags/example_dynamic_task_mapping_with_no_taskflow_operators.py
[2025-02-03T12:05:25.871+0000] {processor.py:826} INFO - Processing file /home/vscode/.local/lib/python3.10/site-packages/airflow/example_dags/example_dynamic_task_mapping_with_no_taskflow_operators.py for tasks to queue
[2025-02-03T12:05:25.872+0000] {logging_mixin.py:150} INFO - [2025-02-03T12:05:25.871+0000] {dagbag.py:541} INFO - Filling up the DagBag from /home/vscode/.local/lib/python3.10/site-packages/airflow/example_dags/example_dynamic_task_mapping_with_no_taskflow_operators.py
[2025-02-03T12:05:25.877+0000] {processor.py:836} INFO - DAG(s) dict_keys(['example_dynamic_task_mapping_with_no_taskflow_operators']) retrieved from /home/vscode/.local/lib/python3.10/site-packages/airflow/example_dags/example_dynamic_task_mapping_with_no_taskflow_operators.py
[2025-02-03T12:05:25.887+0000] {logging_mixin.py:150} INFO - [2025-02-03T12:05:25.887+0000] {dag.py:2742} INFO - Sync 1 DAGs
[2025-02-03T12:05:25.901+0000] {logging_mixin.py:150} INFO - [2025-02-03T12:05:25.901+0000] {dag.py:3504} INFO - Setting next_dagrun for example_dynamic_task_mapping_with_no_taskflow_operators to 2025-02-02T12:05:25.901309+00:00, run_after=2025-02-03T12:05:25.901309+00:00
[2025-02-03T12:05:25.915+0000] {processor.py:179} INFO - Processing /home/vscode/.local/lib/python3.10/site-packages/airflow/example_dags/example_dynamic_task_mapping_with_no_taskflow_operators.py took 0.047 seconds
[2025-02-03T12:06:13.425+0000] {processor.py:157} INFO - Started process (PID=43812) to work on /home/vscode/.local/lib/python3.10/site-packages/airflow/example_dags/example_dynamic_task_mapping_with_no_taskflow_operators.py
[2025-02-03T12:06:13.426+0000] {processor.py:826} INFO - Processing file /home/vscode/.local/lib/python3.10/site-packages/airflow/example_dags/example_dynamic_task_mapping_with_no_taskflow_operators.py for tasks to queue
[2025-02-03T12:06:13.427+0000] {logging_mixin.py:150} INFO - [2025-02-03T12:06:13.426+0000] {dagbag.py:541} INFO - Filling up the DagBag from /home/vscode/.local/lib/python3.10/site-packages/airflow/example_dags/example_dynamic_task_mapping_with_no_taskflow_operators.py
[2025-02-03T12:06:13.432+0000] {processor.py:836} INFO - DAG(s) dict_keys(['example_dynamic_task_mapping_with_no_taskflow_operators']) retrieved from /home/vscode/.local/lib/python3.10/site-packages/airflow/example_dags/example_dynamic_task_mapping_with_no_taskflow_operators.py
[2025-02-03T12:06:13.443+0000] {logging_mixin.py:150} INFO - [2025-02-03T12:06:13.443+0000] {dag.py:2742} INFO - Sync 1 DAGs
[2025-02-03T12:06:13.458+0000] {logging_mixin.py:150} INFO - [2025-02-03T12:06:13.457+0000] {dag.py:3504} INFO - Setting next_dagrun for example_dynamic_task_mapping_with_no_taskflow_operators to 2025-02-02T12:06:13.457765+00:00, run_after=2025-02-03T12:06:13.457765+00:00
[2025-02-03T12:06:13.472+0000] {processor.py:179} INFO - Processing /home/vscode/.local/lib/python3.10/site-packages/airflow/example_dags/example_dynamic_task_mapping_with_no_taskflow_operators.py took 0.049 seconds
[2025-02-03T12:07:01.717+0000] {processor.py:157} INFO - Started process (PID=44126) to work on /home/vscode/.local/lib/python3.10/site-packages/airflow/example_dags/example_dynamic_task_mapping_with_no_taskflow_operators.py
[2025-02-03T12:07:01.717+0000] {processor.py:826} INFO - Processing file /home/vscode/.local/lib/python3.10/site-packages/airflow/example_dags/example_dynamic_task_mapping_with_no_taskflow_operators.py for tasks to queue
[2025-02-03T12:07:01.718+0000] {logging_mixin.py:150} INFO - [2025-02-03T12:07:01.718+0000] {dagbag.py:541} INFO - Filling up the DagBag from /home/vscode/.local/lib/python3.10/site-packages/airflow/example_dags/example_dynamic_task_mapping_with_no_taskflow_operators.py
[2025-02-03T12:07:01.723+0000] {processor.py:836} INFO - DAG(s) dict_keys(['example_dynamic_task_mapping_with_no_taskflow_operators']) retrieved from /home/vscode/.local/lib/python3.10/site-packages/airflow/example_dags/example_dynamic_task_mapping_with_no_taskflow_operators.py
[2025-02-03T12:07:01.734+0000] {logging_mixin.py:150} INFO - [2025-02-03T12:07:01.734+0000] {dag.py:2742} INFO - Sync 1 DAGs
[2025-02-03T12:07:01.748+0000] {logging_mixin.py:150} INFO - [2025-02-03T12:07:01.748+0000] {dag.py:3504} INFO - Setting next_dagrun for example_dynamic_task_mapping_with_no_taskflow_operators to 2025-02-02T12:07:01.747879+00:00, run_after=2025-02-03T12:07:01.747879+00:00
[2025-02-03T12:07:01.764+0000] {processor.py:179} INFO - Processing /home/vscode/.local/lib/python3.10/site-packages/airflow/example_dags/example_dynamic_task_mapping_with_no_taskflow_operators.py took 0.049 seconds
[2025-02-03T12:07:43.345+0000] {processor.py:157} INFO - Started process (PID=44982) to work on /home/vscode/.local/lib/python3.10/site-packages/airflow/example_dags/example_dynamic_task_mapping_with_no_taskflow_operators.py
[2025-02-03T12:07:43.346+0000] {processor.py:826} INFO - Processing file /home/vscode/.local/lib/python3.10/site-packages/airflow/example_dags/example_dynamic_task_mapping_with_no_taskflow_operators.py for tasks to queue
[2025-02-03T12:07:43.347+0000] {logging_mixin.py:150} INFO - [2025-02-03T12:07:43.346+0000] {dagbag.py:541} INFO - Filling up the DagBag from /home/vscode/.local/lib/python3.10/site-packages/airflow/example_dags/example_dynamic_task_mapping_with_no_taskflow_operators.py
[2025-02-03T12:07:43.352+0000] {processor.py:836} INFO - DAG(s) dict_keys(['example_dynamic_task_mapping_with_no_taskflow_operators']) retrieved from /home/vscode/.local/lib/python3.10/site-packages/airflow/example_dags/example_dynamic_task_mapping_with_no_taskflow_operators.py
[2025-02-03T12:07:43.365+0000] {logging_mixin.py:150} INFO - [2025-02-03T12:07:43.365+0000] {dag.py:2742} INFO - Sync 1 DAGs
[2025-02-03T12:07:43.380+0000] {logging_mixin.py:150} INFO - [2025-02-03T12:07:43.380+0000] {dag.py:3504} INFO - Setting next_dagrun for example_dynamic_task_mapping_with_no_taskflow_operators to 2025-02-02T12:07:43.380531+00:00, run_after=2025-02-03T12:07:43.380531+00:00
[2025-02-03T12:07:43.395+0000] {processor.py:179} INFO - Processing /home/vscode/.local/lib/python3.10/site-packages/airflow/example_dags/example_dynamic_task_mapping_with_no_taskflow_operators.py took 0.052 seconds
[2025-02-03T12:08:31.814+0000] {processor.py:157} INFO - Started process (PID=46410) to work on /home/vscode/.local/lib/python3.10/site-packages/airflow/example_dags/example_dynamic_task_mapping_with_no_taskflow_operators.py
[2025-02-03T12:08:31.815+0000] {processor.py:826} INFO - Processing file /home/vscode/.local/lib/python3.10/site-packages/airflow/example_dags/example_dynamic_task_mapping_with_no_taskflow_operators.py for tasks to queue
[2025-02-03T12:08:31.815+0000] {logging_mixin.py:150} INFO - [2025-02-03T12:08:31.815+0000] {dagbag.py:541} INFO - Filling up the DagBag from /home/vscode/.local/lib/python3.10/site-packages/airflow/example_dags/example_dynamic_task_mapping_with_no_taskflow_operators.py
[2025-02-03T12:08:31.820+0000] {processor.py:836} INFO - DAG(s) dict_keys(['example_dynamic_task_mapping_with_no_taskflow_operators']) retrieved from /home/vscode/.local/lib/python3.10/site-packages/airflow/example_dags/example_dynamic_task_mapping_with_no_taskflow_operators.py
[2025-02-03T12:08:31.831+0000] {logging_mixin.py:150} INFO - [2025-02-03T12:08:31.831+0000] {dag.py:2742} INFO - Sync 1 DAGs
[2025-02-03T12:08:31.845+0000] {logging_mixin.py:150} INFO - [2025-02-03T12:08:31.844+0000] {dag.py:3504} INFO - Setting next_dagrun for example_dynamic_task_mapping_with_no_taskflow_operators to 2025-02-02T12:08:31.844800+00:00, run_after=2025-02-03T12:08:31.844800+00:00
[2025-02-03T12:08:31.859+0000] {processor.py:179} INFO - Processing /home/vscode/.local/lib/python3.10/site-packages/airflow/example_dags/example_dynamic_task_mapping_with_no_taskflow_operators.py took 0.047 seconds
[2025-02-03T12:09:14.955+0000] {processor.py:157} INFO - Started process (PID=46786) to work on /home/vscode/.local/lib/python3.10/site-packages/airflow/example_dags/example_dynamic_task_mapping_with_no_taskflow_operators.py
[2025-02-03T12:09:14.955+0000] {processor.py:826} INFO - Processing file /home/vscode/.local/lib/python3.10/site-packages/airflow/example_dags/example_dynamic_task_mapping_with_no_taskflow_operators.py for tasks to queue
[2025-02-03T12:09:14.956+0000] {logging_mixin.py:150} INFO - [2025-02-03T12:09:14.956+0000] {dagbag.py:541} INFO - Filling up the DagBag from /home/vscode/.local/lib/python3.10/site-packages/airflow/example_dags/example_dynamic_task_mapping_with_no_taskflow_operators.py
[2025-02-03T12:09:14.961+0000] {processor.py:836} INFO - DAG(s) dict_keys(['example_dynamic_task_mapping_with_no_taskflow_operators']) retrieved from /home/vscode/.local/lib/python3.10/site-packages/airflow/example_dags/example_dynamic_task_mapping_with_no_taskflow_operators.py
[2025-02-03T12:09:14.972+0000] {logging_mixin.py:150} INFO - [2025-02-03T12:09:14.972+0000] {dag.py:2742} INFO - Sync 1 DAGs
[2025-02-03T12:09:14.986+0000] {logging_mixin.py:150} INFO - [2025-02-03T12:09:14.986+0000] {dag.py:3504} INFO - Setting next_dagrun for example_dynamic_task_mapping_with_no_taskflow_operators to 2025-02-02T12:09:14.986310+00:00, run_after=2025-02-03T12:09:14.986310+00:00
[2025-02-03T12:09:15.000+0000] {processor.py:179} INFO - Processing /home/vscode/.local/lib/python3.10/site-packages/airflow/example_dags/example_dynamic_task_mapping_with_no_taskflow_operators.py took 0.048 seconds
[2025-02-03T12:09:55.122+0000] {processor.py:157} INFO - Started process (PID=47619) to work on /home/vscode/.local/lib/python3.10/site-packages/airflow/example_dags/example_dynamic_task_mapping_with_no_taskflow_operators.py
[2025-02-03T12:09:55.123+0000] {processor.py:826} INFO - Processing file /home/vscode/.local/lib/python3.10/site-packages/airflow/example_dags/example_dynamic_task_mapping_with_no_taskflow_operators.py for tasks to queue
[2025-02-03T12:09:55.124+0000] {logging_mixin.py:150} INFO - [2025-02-03T12:09:55.123+0000] {dagbag.py:541} INFO - Filling up the DagBag from /home/vscode/.local/lib/python3.10/site-packages/airflow/example_dags/example_dynamic_task_mapping_with_no_taskflow_operators.py
[2025-02-03T12:09:55.129+0000] {processor.py:836} INFO - DAG(s) dict_keys(['example_dynamic_task_mapping_with_no_taskflow_operators']) retrieved from /home/vscode/.local/lib/python3.10/site-packages/airflow/example_dags/example_dynamic_task_mapping_with_no_taskflow_operators.py
[2025-02-03T12:09:55.139+0000] {logging_mixin.py:150} INFO - [2025-02-03T12:09:55.139+0000] {dag.py:2742} INFO - Sync 1 DAGs
[2025-02-03T12:09:55.153+0000] {logging_mixin.py:150} INFO - [2025-02-03T12:09:55.153+0000] {dag.py:3504} INFO - Setting next_dagrun for example_dynamic_task_mapping_with_no_taskflow_operators to 2025-02-02T12:09:55.153066+00:00, run_after=2025-02-03T12:09:55.153066+00:00
[2025-02-03T12:09:55.167+0000] {processor.py:179} INFO - Processing /home/vscode/.local/lib/python3.10/site-packages/airflow/example_dags/example_dynamic_task_mapping_with_no_taskflow_operators.py took 0.047 seconds
