[2025-02-03T11:50:24.257+0000] {processor.py:157} INFO - Started process (PID=37439) to work on /home/vscode/.local/lib/python3.10/site-packages/airflow/example_dags/tutorial_taskflow_api_virtualenv.py
[2025-02-03T11:50:24.257+0000] {processor.py:826} INFO - Processing file /home/vscode/.local/lib/python3.10/site-packages/airflow/example_dags/tutorial_taskflow_api_virtualenv.py for tasks to queue
[2025-02-03T11:50:24.258+0000] {logging_mixin.py:150} INFO - [2025-02-03T11:50:24.258+0000] {dagbag.py:541} INFO - Filling up the DagBag from /home/vscode/.local/lib/python3.10/site-packages/airflow/example_dags/tutorial_taskflow_api_virtualenv.py
[2025-02-03T11:50:24.262+0000] {processor.py:836} INFO - DAG(s) dict_keys(['tutorial_taskflow_api_virtualenv']) retrieved from /home/vscode/.local/lib/python3.10/site-packages/airflow/example_dags/tutorial_taskflow_api_virtualenv.py
[2025-02-03T11:50:24.425+0000] {logging_mixin.py:150} INFO - [2025-02-03T11:50:24.425+0000] {manager.py:504} INFO - Created Permission View: can read on DAG:tutorial_taskflow_api_virtualenv
[2025-02-03T11:50:24.435+0000] {logging_mixin.py:150} INFO - [2025-02-03T11:50:24.435+0000] {manager.py:504} INFO - Created Permission View: can delete on DAG:tutorial_taskflow_api_virtualenv
[2025-02-03T11:50:24.442+0000] {logging_mixin.py:150} INFO - [2025-02-03T11:50:24.442+0000] {manager.py:504} INFO - Created Permission View: can edit on DAG:tutorial_taskflow_api_virtualenv
[2025-02-03T11:50:24.451+0000] {logging_mixin.py:150} INFO - [2025-02-03T11:50:24.451+0000] {dag.py:2742} INFO - Sync 1 DAGs
[2025-02-03T11:50:24.460+0000] {logging_mixin.py:150} INFO - [2025-02-03T11:50:24.460+0000] {dag.py:2763} INFO - Creating ORM DAG for tutorial_taskflow_api_virtualenv
[2025-02-03T11:50:24.465+0000] {logging_mixin.py:150} INFO - [2025-02-03T11:50:24.465+0000] {dag.py:3504} INFO - Setting next_dagrun for tutorial_taskflow_api_virtualenv to None, run_after=None
[2025-02-03T11:50:24.479+0000] {processor.py:179} INFO - Processing /home/vscode/.local/lib/python3.10/site-packages/airflow/example_dags/tutorial_taskflow_api_virtualenv.py took 0.225 seconds
[2025-02-03T11:51:13.707+0000] {processor.py:157} INFO - Started process (PID=37767) to work on /home/vscode/.local/lib/python3.10/site-packages/airflow/example_dags/tutorial_taskflow_api_virtualenv.py
[2025-02-03T11:51:13.708+0000] {processor.py:826} INFO - Processing file /home/vscode/.local/lib/python3.10/site-packages/airflow/example_dags/tutorial_taskflow_api_virtualenv.py for tasks to queue
[2025-02-03T11:51:13.708+0000] {logging_mixin.py:150} INFO - [2025-02-03T11:51:13.708+0000] {dagbag.py:541} INFO - Filling up the DagBag from /home/vscode/.local/lib/python3.10/site-packages/airflow/example_dags/tutorial_taskflow_api_virtualenv.py
[2025-02-03T11:51:13.713+0000] {processor.py:836} INFO - DAG(s) dict_keys(['tutorial_taskflow_api_virtualenv']) retrieved from /home/vscode/.local/lib/python3.10/site-packages/airflow/example_dags/tutorial_taskflow_api_virtualenv.py
[2025-02-03T11:51:13.724+0000] {logging_mixin.py:150} INFO - [2025-02-03T11:51:13.724+0000] {dag.py:2742} INFO - Sync 1 DAGs
[2025-02-03T11:51:13.738+0000] {logging_mixin.py:150} INFO - [2025-02-03T11:51:13.738+0000] {dag.py:3504} INFO - Setting next_dagrun for tutorial_taskflow_api_virtualenv to None, run_after=None
[2025-02-03T11:51:13.753+0000] {processor.py:179} INFO - Processing /home/vscode/.local/lib/python3.10/site-packages/airflow/example_dags/tutorial_taskflow_api_virtualenv.py took 0.047 seconds
[2025-02-03T11:51:59.806+0000] {processor.py:157} INFO - Started process (PID=38073) to work on /home/vscode/.local/lib/python3.10/site-packages/airflow/example_dags/tutorial_taskflow_api_virtualenv.py
[2025-02-03T11:51:59.806+0000] {processor.py:826} INFO - Processing file /home/vscode/.local/lib/python3.10/site-packages/airflow/example_dags/tutorial_taskflow_api_virtualenv.py for tasks to queue
[2025-02-03T11:51:59.807+0000] {logging_mixin.py:150} INFO - [2025-02-03T11:51:59.807+0000] {dagbag.py:541} INFO - Filling up the DagBag from /home/vscode/.local/lib/python3.10/site-packages/airflow/example_dags/tutorial_taskflow_api_virtualenv.py
[2025-02-03T11:51:59.813+0000] {processor.py:836} INFO - DAG(s) dict_keys(['tutorial_taskflow_api_virtualenv']) retrieved from /home/vscode/.local/lib/python3.10/site-packages/airflow/example_dags/tutorial_taskflow_api_virtualenv.py
[2025-02-03T11:51:59.825+0000] {logging_mixin.py:150} INFO - [2025-02-03T11:51:59.825+0000] {dag.py:2742} INFO - Sync 1 DAGs
[2025-02-03T11:51:59.839+0000] {logging_mixin.py:150} INFO - [2025-02-03T11:51:59.839+0000] {dag.py:3504} INFO - Setting next_dagrun for tutorial_taskflow_api_virtualenv to None, run_after=None
[2025-02-03T11:51:59.852+0000] {processor.py:179} INFO - Processing /home/vscode/.local/lib/python3.10/site-packages/airflow/example_dags/tutorial_taskflow_api_virtualenv.py took 0.049 seconds
[2025-02-03T11:52:42.006+0000] {processor.py:157} INFO - Started process (PID=38357) to work on /home/vscode/.local/lib/python3.10/site-packages/airflow/example_dags/tutorial_taskflow_api_virtualenv.py
[2025-02-03T11:52:42.006+0000] {processor.py:826} INFO - Processing file /home/vscode/.local/lib/python3.10/site-packages/airflow/example_dags/tutorial_taskflow_api_virtualenv.py for tasks to queue
[2025-02-03T11:52:42.007+0000] {logging_mixin.py:150} INFO - [2025-02-03T11:52:42.007+0000] {dagbag.py:541} INFO - Filling up the DagBag from /home/vscode/.local/lib/python3.10/site-packages/airflow/example_dags/tutorial_taskflow_api_virtualenv.py
[2025-02-03T11:52:42.013+0000] {processor.py:836} INFO - DAG(s) dict_keys(['tutorial_taskflow_api_virtualenv']) retrieved from /home/vscode/.local/lib/python3.10/site-packages/airflow/example_dags/tutorial_taskflow_api_virtualenv.py
[2025-02-03T11:52:42.023+0000] {logging_mixin.py:150} INFO - [2025-02-03T11:52:42.023+0000] {dag.py:2742} INFO - Sync 1 DAGs
[2025-02-03T11:52:42.038+0000] {logging_mixin.py:150} INFO - [2025-02-03T11:52:42.038+0000] {dag.py:3504} INFO - Setting next_dagrun for tutorial_taskflow_api_virtualenv to None, run_after=None
[2025-02-03T11:52:42.053+0000] {processor.py:179} INFO - Processing /home/vscode/.local/lib/python3.10/site-packages/airflow/example_dags/tutorial_taskflow_api_virtualenv.py took 0.049 seconds
[2025-02-03T11:53:25.805+0000] {processor.py:157} INFO - Started process (PID=38650) to work on /home/vscode/.local/lib/python3.10/site-packages/airflow/example_dags/tutorial_taskflow_api_virtualenv.py
[2025-02-03T11:53:25.806+0000] {processor.py:826} INFO - Processing file /home/vscode/.local/lib/python3.10/site-packages/airflow/example_dags/tutorial_taskflow_api_virtualenv.py for tasks to queue
[2025-02-03T11:53:25.807+0000] {logging_mixin.py:150} INFO - [2025-02-03T11:53:25.806+0000] {dagbag.py:541} INFO - Filling up the DagBag from /home/vscode/.local/lib/python3.10/site-packages/airflow/example_dags/tutorial_taskflow_api_virtualenv.py
[2025-02-03T11:53:25.812+0000] {processor.py:836} INFO - DAG(s) dict_keys(['tutorial_taskflow_api_virtualenv']) retrieved from /home/vscode/.local/lib/python3.10/site-packages/airflow/example_dags/tutorial_taskflow_api_virtualenv.py
[2025-02-03T11:53:25.823+0000] {logging_mixin.py:150} INFO - [2025-02-03T11:53:25.823+0000] {dag.py:2742} INFO - Sync 1 DAGs
[2025-02-03T11:53:25.836+0000] {logging_mixin.py:150} INFO - [2025-02-03T11:53:25.836+0000] {dag.py:3504} INFO - Setting next_dagrun for tutorial_taskflow_api_virtualenv to None, run_after=None
[2025-02-03T11:53:25.851+0000] {processor.py:179} INFO - Processing /home/vscode/.local/lib/python3.10/site-packages/airflow/example_dags/tutorial_taskflow_api_virtualenv.py took 0.047 seconds
[2025-02-03T11:54:08.202+0000] {processor.py:157} INFO - Started process (PID=38944) to work on /home/vscode/.local/lib/python3.10/site-packages/airflow/example_dags/tutorial_taskflow_api_virtualenv.py
[2025-02-03T11:54:08.202+0000] {processor.py:826} INFO - Processing file /home/vscode/.local/lib/python3.10/site-packages/airflow/example_dags/tutorial_taskflow_api_virtualenv.py for tasks to queue
[2025-02-03T11:54:08.203+0000] {logging_mixin.py:150} INFO - [2025-02-03T11:54:08.202+0000] {dagbag.py:541} INFO - Filling up the DagBag from /home/vscode/.local/lib/python3.10/site-packages/airflow/example_dags/tutorial_taskflow_api_virtualenv.py
[2025-02-03T11:54:08.208+0000] {processor.py:836} INFO - DAG(s) dict_keys(['tutorial_taskflow_api_virtualenv']) retrieved from /home/vscode/.local/lib/python3.10/site-packages/airflow/example_dags/tutorial_taskflow_api_virtualenv.py
[2025-02-03T11:54:08.218+0000] {logging_mixin.py:150} INFO - [2025-02-03T11:54:08.218+0000] {dag.py:2742} INFO - Sync 1 DAGs
[2025-02-03T11:54:08.231+0000] {logging_mixin.py:150} INFO - [2025-02-03T11:54:08.231+0000] {dag.py:3504} INFO - Setting next_dagrun for tutorial_taskflow_api_virtualenv to None, run_after=None
[2025-02-03T11:54:08.246+0000] {processor.py:179} INFO - Processing /home/vscode/.local/lib/python3.10/site-packages/airflow/example_dags/tutorial_taskflow_api_virtualenv.py took 0.046 seconds
[2025-02-03T11:54:51.676+0000] {processor.py:157} INFO - Started process (PID=39231) to work on /home/vscode/.local/lib/python3.10/site-packages/airflow/example_dags/tutorial_taskflow_api_virtualenv.py
[2025-02-03T11:54:51.676+0000] {processor.py:826} INFO - Processing file /home/vscode/.local/lib/python3.10/site-packages/airflow/example_dags/tutorial_taskflow_api_virtualenv.py for tasks to queue
[2025-02-03T11:54:51.677+0000] {logging_mixin.py:150} INFO - [2025-02-03T11:54:51.677+0000] {dagbag.py:541} INFO - Filling up the DagBag from /home/vscode/.local/lib/python3.10/site-packages/airflow/example_dags/tutorial_taskflow_api_virtualenv.py
[2025-02-03T11:54:51.682+0000] {processor.py:836} INFO - DAG(s) dict_keys(['tutorial_taskflow_api_virtualenv']) retrieved from /home/vscode/.local/lib/python3.10/site-packages/airflow/example_dags/tutorial_taskflow_api_virtualenv.py
[2025-02-03T11:54:51.697+0000] {logging_mixin.py:150} INFO - [2025-02-03T11:54:51.697+0000] {dag.py:2742} INFO - Sync 1 DAGs
[2025-02-03T11:54:51.710+0000] {logging_mixin.py:150} INFO - [2025-02-03T11:54:51.710+0000] {dag.py:3504} INFO - Setting next_dagrun for tutorial_taskflow_api_virtualenv to None, run_after=None
[2025-02-03T11:54:51.724+0000] {processor.py:179} INFO - Processing /home/vscode/.local/lib/python3.10/site-packages/airflow/example_dags/tutorial_taskflow_api_virtualenv.py took 0.051 seconds
[2025-02-03T11:55:32.777+0000] {processor.py:157} INFO - Started process (PID=39502) to work on /home/vscode/.local/lib/python3.10/site-packages/airflow/example_dags/tutorial_taskflow_api_virtualenv.py
[2025-02-03T11:55:32.778+0000] {processor.py:826} INFO - Processing file /home/vscode/.local/lib/python3.10/site-packages/airflow/example_dags/tutorial_taskflow_api_virtualenv.py for tasks to queue
[2025-02-03T11:55:32.779+0000] {logging_mixin.py:150} INFO - [2025-02-03T11:55:32.778+0000] {dagbag.py:541} INFO - Filling up the DagBag from /home/vscode/.local/lib/python3.10/site-packages/airflow/example_dags/tutorial_taskflow_api_virtualenv.py
[2025-02-03T11:55:32.784+0000] {processor.py:836} INFO - DAG(s) dict_keys(['tutorial_taskflow_api_virtualenv']) retrieved from /home/vscode/.local/lib/python3.10/site-packages/airflow/example_dags/tutorial_taskflow_api_virtualenv.py
[2025-02-03T11:55:32.795+0000] {logging_mixin.py:150} INFO - [2025-02-03T11:55:32.795+0000] {dag.py:2742} INFO - Sync 1 DAGs
[2025-02-03T11:55:32.808+0000] {logging_mixin.py:150} INFO - [2025-02-03T11:55:32.808+0000] {dag.py:3504} INFO - Setting next_dagrun for tutorial_taskflow_api_virtualenv to None, run_after=None
[2025-02-03T11:55:32.822+0000] {processor.py:179} INFO - Processing /home/vscode/.local/lib/python3.10/site-packages/airflow/example_dags/tutorial_taskflow_api_virtualenv.py took 0.047 seconds
[2025-02-03T11:56:15.892+0000] {processor.py:157} INFO - Started process (PID=39792) to work on /home/vscode/.local/lib/python3.10/site-packages/airflow/example_dags/tutorial_taskflow_api_virtualenv.py
[2025-02-03T11:56:15.893+0000] {processor.py:826} INFO - Processing file /home/vscode/.local/lib/python3.10/site-packages/airflow/example_dags/tutorial_taskflow_api_virtualenv.py for tasks to queue
[2025-02-03T11:56:15.894+0000] {logging_mixin.py:150} INFO - [2025-02-03T11:56:15.893+0000] {dagbag.py:541} INFO - Filling up the DagBag from /home/vscode/.local/lib/python3.10/site-packages/airflow/example_dags/tutorial_taskflow_api_virtualenv.py
[2025-02-03T11:56:15.899+0000] {processor.py:836} INFO - DAG(s) dict_keys(['tutorial_taskflow_api_virtualenv']) retrieved from /home/vscode/.local/lib/python3.10/site-packages/airflow/example_dags/tutorial_taskflow_api_virtualenv.py
[2025-02-03T11:56:15.910+0000] {logging_mixin.py:150} INFO - [2025-02-03T11:56:15.910+0000] {dag.py:2742} INFO - Sync 1 DAGs
[2025-02-03T11:56:15.923+0000] {logging_mixin.py:150} INFO - [2025-02-03T11:56:15.923+0000] {dag.py:3504} INFO - Setting next_dagrun for tutorial_taskflow_api_virtualenv to None, run_after=None
[2025-02-03T11:56:15.937+0000] {processor.py:179} INFO - Processing /home/vscode/.local/lib/python3.10/site-packages/airflow/example_dags/tutorial_taskflow_api_virtualenv.py took 0.046 seconds
[2025-02-03T11:56:54.833+0000] {processor.py:157} INFO - Started process (PID=40051) to work on /home/vscode/.local/lib/python3.10/site-packages/airflow/example_dags/tutorial_taskflow_api_virtualenv.py
[2025-02-03T11:56:54.833+0000] {processor.py:826} INFO - Processing file /home/vscode/.local/lib/python3.10/site-packages/airflow/example_dags/tutorial_taskflow_api_virtualenv.py for tasks to queue
[2025-02-03T11:56:54.834+0000] {logging_mixin.py:150} INFO - [2025-02-03T11:56:54.834+0000] {dagbag.py:541} INFO - Filling up the DagBag from /home/vscode/.local/lib/python3.10/site-packages/airflow/example_dags/tutorial_taskflow_api_virtualenv.py
[2025-02-03T11:56:54.839+0000] {processor.py:836} INFO - DAG(s) dict_keys(['tutorial_taskflow_api_virtualenv']) retrieved from /home/vscode/.local/lib/python3.10/site-packages/airflow/example_dags/tutorial_taskflow_api_virtualenv.py
[2025-02-03T11:56:54.850+0000] {logging_mixin.py:150} INFO - [2025-02-03T11:56:54.849+0000] {dag.py:2742} INFO - Sync 1 DAGs
[2025-02-03T11:56:54.863+0000] {logging_mixin.py:150} INFO - [2025-02-03T11:56:54.863+0000] {dag.py:3504} INFO - Setting next_dagrun for tutorial_taskflow_api_virtualenv to None, run_after=None
[2025-02-03T11:56:54.877+0000] {processor.py:179} INFO - Processing /home/vscode/.local/lib/python3.10/site-packages/airflow/example_dags/tutorial_taskflow_api_virtualenv.py took 0.046 seconds
[2025-02-03T11:57:37.547+0000] {processor.py:157} INFO - Started process (PID=40338) to work on /home/vscode/.local/lib/python3.10/site-packages/airflow/example_dags/tutorial_taskflow_api_virtualenv.py
[2025-02-03T11:57:37.547+0000] {processor.py:826} INFO - Processing file /home/vscode/.local/lib/python3.10/site-packages/airflow/example_dags/tutorial_taskflow_api_virtualenv.py for tasks to queue
[2025-02-03T11:57:37.548+0000] {logging_mixin.py:150} INFO - [2025-02-03T11:57:37.548+0000] {dagbag.py:541} INFO - Filling up the DagBag from /home/vscode/.local/lib/python3.10/site-packages/airflow/example_dags/tutorial_taskflow_api_virtualenv.py
[2025-02-03T11:57:37.553+0000] {processor.py:836} INFO - DAG(s) dict_keys(['tutorial_taskflow_api_virtualenv']) retrieved from /home/vscode/.local/lib/python3.10/site-packages/airflow/example_dags/tutorial_taskflow_api_virtualenv.py
[2025-02-03T11:57:37.564+0000] {logging_mixin.py:150} INFO - [2025-02-03T11:57:37.564+0000] {dag.py:2742} INFO - Sync 1 DAGs
[2025-02-03T11:57:37.577+0000] {logging_mixin.py:150} INFO - [2025-02-03T11:57:37.577+0000] {dag.py:3504} INFO - Setting next_dagrun for tutorial_taskflow_api_virtualenv to None, run_after=None
[2025-02-03T11:57:37.591+0000] {processor.py:179} INFO - Processing /home/vscode/.local/lib/python3.10/site-packages/airflow/example_dags/tutorial_taskflow_api_virtualenv.py took 0.046 seconds
[2025-02-03T11:58:26.032+0000] {processor.py:157} INFO - Started process (PID=40663) to work on /home/vscode/.local/lib/python3.10/site-packages/airflow/example_dags/tutorial_taskflow_api_virtualenv.py
[2025-02-03T11:58:26.033+0000] {processor.py:826} INFO - Processing file /home/vscode/.local/lib/python3.10/site-packages/airflow/example_dags/tutorial_taskflow_api_virtualenv.py for tasks to queue
[2025-02-03T11:58:26.034+0000] {logging_mixin.py:150} INFO - [2025-02-03T11:58:26.033+0000] {dagbag.py:541} INFO - Filling up the DagBag from /home/vscode/.local/lib/python3.10/site-packages/airflow/example_dags/tutorial_taskflow_api_virtualenv.py
[2025-02-03T11:58:26.039+0000] {processor.py:836} INFO - DAG(s) dict_keys(['tutorial_taskflow_api_virtualenv']) retrieved from /home/vscode/.local/lib/python3.10/site-packages/airflow/example_dags/tutorial_taskflow_api_virtualenv.py
[2025-02-03T11:58:26.050+0000] {logging_mixin.py:150} INFO - [2025-02-03T11:58:26.050+0000] {dag.py:2742} INFO - Sync 1 DAGs
[2025-02-03T11:58:26.064+0000] {logging_mixin.py:150} INFO - [2025-02-03T11:58:26.064+0000] {dag.py:3504} INFO - Setting next_dagrun for tutorial_taskflow_api_virtualenv to None, run_after=None
[2025-02-03T11:58:26.077+0000] {processor.py:179} INFO - Processing /home/vscode/.local/lib/python3.10/site-packages/airflow/example_dags/tutorial_taskflow_api_virtualenv.py took 0.047 seconds
[2025-02-03T11:59:09.119+0000] {processor.py:157} INFO - Started process (PID=40951) to work on /home/vscode/.local/lib/python3.10/site-packages/airflow/example_dags/tutorial_taskflow_api_virtualenv.py
[2025-02-03T11:59:09.120+0000] {processor.py:826} INFO - Processing file /home/vscode/.local/lib/python3.10/site-packages/airflow/example_dags/tutorial_taskflow_api_virtualenv.py for tasks to queue
[2025-02-03T11:59:09.120+0000] {logging_mixin.py:150} INFO - [2025-02-03T11:59:09.120+0000] {dagbag.py:541} INFO - Filling up the DagBag from /home/vscode/.local/lib/python3.10/site-packages/airflow/example_dags/tutorial_taskflow_api_virtualenv.py
[2025-02-03T11:59:09.125+0000] {processor.py:836} INFO - DAG(s) dict_keys(['tutorial_taskflow_api_virtualenv']) retrieved from /home/vscode/.local/lib/python3.10/site-packages/airflow/example_dags/tutorial_taskflow_api_virtualenv.py
[2025-02-03T11:59:09.136+0000] {logging_mixin.py:150} INFO - [2025-02-03T11:59:09.136+0000] {dag.py:2742} INFO - Sync 1 DAGs
[2025-02-03T11:59:09.149+0000] {logging_mixin.py:150} INFO - [2025-02-03T11:59:09.149+0000] {dag.py:3504} INFO - Setting next_dagrun for tutorial_taskflow_api_virtualenv to None, run_after=None
[2025-02-03T11:59:09.163+0000] {processor.py:179} INFO - Processing /home/vscode/.local/lib/python3.10/site-packages/airflow/example_dags/tutorial_taskflow_api_virtualenv.py took 0.046 seconds
[2025-02-03T11:59:52.211+0000] {processor.py:157} INFO - Started process (PID=41252) to work on /home/vscode/.local/lib/python3.10/site-packages/airflow/example_dags/tutorial_taskflow_api_virtualenv.py
[2025-02-03T11:59:52.212+0000] {processor.py:826} INFO - Processing file /home/vscode/.local/lib/python3.10/site-packages/airflow/example_dags/tutorial_taskflow_api_virtualenv.py for tasks to queue
[2025-02-03T11:59:52.213+0000] {logging_mixin.py:150} INFO - [2025-02-03T11:59:52.212+0000] {dagbag.py:541} INFO - Filling up the DagBag from /home/vscode/.local/lib/python3.10/site-packages/airflow/example_dags/tutorial_taskflow_api_virtualenv.py
[2025-02-03T11:59:52.218+0000] {processor.py:836} INFO - DAG(s) dict_keys(['tutorial_taskflow_api_virtualenv']) retrieved from /home/vscode/.local/lib/python3.10/site-packages/airflow/example_dags/tutorial_taskflow_api_virtualenv.py
[2025-02-03T11:59:52.229+0000] {logging_mixin.py:150} INFO - [2025-02-03T11:59:52.229+0000] {dag.py:2742} INFO - Sync 1 DAGs
[2025-02-03T11:59:52.243+0000] {logging_mixin.py:150} INFO - [2025-02-03T11:59:52.243+0000] {dag.py:3504} INFO - Setting next_dagrun for tutorial_taskflow_api_virtualenv to None, run_after=None
[2025-02-03T11:59:52.257+0000] {processor.py:179} INFO - Processing /home/vscode/.local/lib/python3.10/site-packages/airflow/example_dags/tutorial_taskflow_api_virtualenv.py took 0.048 seconds
[2025-02-03T12:00:34.359+0000] {processor.py:157} INFO - Started process (PID=41530) to work on /home/vscode/.local/lib/python3.10/site-packages/airflow/example_dags/tutorial_taskflow_api_virtualenv.py
[2025-02-03T12:00:34.360+0000] {processor.py:826} INFO - Processing file /home/vscode/.local/lib/python3.10/site-packages/airflow/example_dags/tutorial_taskflow_api_virtualenv.py for tasks to queue
[2025-02-03T12:00:34.361+0000] {logging_mixin.py:150} INFO - [2025-02-03T12:00:34.360+0000] {dagbag.py:541} INFO - Filling up the DagBag from /home/vscode/.local/lib/python3.10/site-packages/airflow/example_dags/tutorial_taskflow_api_virtualenv.py
[2025-02-03T12:00:34.366+0000] {processor.py:836} INFO - DAG(s) dict_keys(['tutorial_taskflow_api_virtualenv']) retrieved from /home/vscode/.local/lib/python3.10/site-packages/airflow/example_dags/tutorial_taskflow_api_virtualenv.py
[2025-02-03T12:00:34.377+0000] {logging_mixin.py:150} INFO - [2025-02-03T12:00:34.377+0000] {dag.py:2742} INFO - Sync 1 DAGs
[2025-02-03T12:00:34.390+0000] {logging_mixin.py:150} INFO - [2025-02-03T12:00:34.390+0000] {dag.py:3504} INFO - Setting next_dagrun for tutorial_taskflow_api_virtualenv to None, run_after=None
[2025-02-03T12:00:34.404+0000] {processor.py:179} INFO - Processing /home/vscode/.local/lib/python3.10/site-packages/airflow/example_dags/tutorial_taskflow_api_virtualenv.py took 0.047 seconds
[2025-02-03T12:01:19.470+0000] {processor.py:157} INFO - Started process (PID=41827) to work on /home/vscode/.local/lib/python3.10/site-packages/airflow/example_dags/tutorial_taskflow_api_virtualenv.py
[2025-02-03T12:01:19.470+0000] {processor.py:826} INFO - Processing file /home/vscode/.local/lib/python3.10/site-packages/airflow/example_dags/tutorial_taskflow_api_virtualenv.py for tasks to queue
[2025-02-03T12:01:19.471+0000] {logging_mixin.py:150} INFO - [2025-02-03T12:01:19.471+0000] {dagbag.py:541} INFO - Filling up the DagBag from /home/vscode/.local/lib/python3.10/site-packages/airflow/example_dags/tutorial_taskflow_api_virtualenv.py
[2025-02-03T12:01:19.476+0000] {processor.py:836} INFO - DAG(s) dict_keys(['tutorial_taskflow_api_virtualenv']) retrieved from /home/vscode/.local/lib/python3.10/site-packages/airflow/example_dags/tutorial_taskflow_api_virtualenv.py
[2025-02-03T12:01:19.488+0000] {logging_mixin.py:150} INFO - [2025-02-03T12:01:19.487+0000] {dag.py:2742} INFO - Sync 1 DAGs
[2025-02-03T12:01:19.501+0000] {logging_mixin.py:150} INFO - [2025-02-03T12:01:19.501+0000] {dag.py:3504} INFO - Setting next_dagrun for tutorial_taskflow_api_virtualenv to None, run_after=None
[2025-02-03T12:01:19.515+0000] {processor.py:179} INFO - Processing /home/vscode/.local/lib/python3.10/site-packages/airflow/example_dags/tutorial_taskflow_api_virtualenv.py took 0.048 seconds
[2025-02-03T12:02:01.882+0000] {processor.py:157} INFO - Started process (PID=42119) to work on /home/vscode/.local/lib/python3.10/site-packages/airflow/example_dags/tutorial_taskflow_api_virtualenv.py
[2025-02-03T12:02:01.883+0000] {processor.py:826} INFO - Processing file /home/vscode/.local/lib/python3.10/site-packages/airflow/example_dags/tutorial_taskflow_api_virtualenv.py for tasks to queue
[2025-02-03T12:02:01.883+0000] {logging_mixin.py:150} INFO - [2025-02-03T12:02:01.883+0000] {dagbag.py:541} INFO - Filling up the DagBag from /home/vscode/.local/lib/python3.10/site-packages/airflow/example_dags/tutorial_taskflow_api_virtualenv.py
[2025-02-03T12:02:01.888+0000] {processor.py:836} INFO - DAG(s) dict_keys(['tutorial_taskflow_api_virtualenv']) retrieved from /home/vscode/.local/lib/python3.10/site-packages/airflow/example_dags/tutorial_taskflow_api_virtualenv.py
[2025-02-03T12:02:01.901+0000] {logging_mixin.py:150} INFO - [2025-02-03T12:02:01.901+0000] {dag.py:2742} INFO - Sync 1 DAGs
[2025-02-03T12:02:01.914+0000] {logging_mixin.py:150} INFO - [2025-02-03T12:02:01.914+0000] {dag.py:3504} INFO - Setting next_dagrun for tutorial_taskflow_api_virtualenv to None, run_after=None
[2025-02-03T12:02:01.929+0000] {processor.py:179} INFO - Processing /home/vscode/.local/lib/python3.10/site-packages/airflow/example_dags/tutorial_taskflow_api_virtualenv.py took 0.049 seconds
[2025-02-03T12:02:45.085+0000] {processor.py:157} INFO - Started process (PID=42406) to work on /home/vscode/.local/lib/python3.10/site-packages/airflow/example_dags/tutorial_taskflow_api_virtualenv.py
[2025-02-03T12:02:45.086+0000] {processor.py:826} INFO - Processing file /home/vscode/.local/lib/python3.10/site-packages/airflow/example_dags/tutorial_taskflow_api_virtualenv.py for tasks to queue
[2025-02-03T12:02:45.086+0000] {logging_mixin.py:150} INFO - [2025-02-03T12:02:45.086+0000] {dagbag.py:541} INFO - Filling up the DagBag from /home/vscode/.local/lib/python3.10/site-packages/airflow/example_dags/tutorial_taskflow_api_virtualenv.py
[2025-02-03T12:02:45.091+0000] {processor.py:836} INFO - DAG(s) dict_keys(['tutorial_taskflow_api_virtualenv']) retrieved from /home/vscode/.local/lib/python3.10/site-packages/airflow/example_dags/tutorial_taskflow_api_virtualenv.py
[2025-02-03T12:02:45.102+0000] {logging_mixin.py:150} INFO - [2025-02-03T12:02:45.102+0000] {dag.py:2742} INFO - Sync 1 DAGs
[2025-02-03T12:02:45.116+0000] {logging_mixin.py:150} INFO - [2025-02-03T12:02:45.115+0000] {dag.py:3504} INFO - Setting next_dagrun for tutorial_taskflow_api_virtualenv to None, run_after=None
[2025-02-03T12:02:45.129+0000] {processor.py:179} INFO - Processing /home/vscode/.local/lib/python3.10/site-packages/airflow/example_dags/tutorial_taskflow_api_virtualenv.py took 0.046 seconds
[2025-02-03T12:03:26.657+0000] {processor.py:157} INFO - Started process (PID=42693) to work on /home/vscode/.local/lib/python3.10/site-packages/airflow/example_dags/tutorial_taskflow_api_virtualenv.py
[2025-02-03T12:03:26.658+0000] {processor.py:826} INFO - Processing file /home/vscode/.local/lib/python3.10/site-packages/airflow/example_dags/tutorial_taskflow_api_virtualenv.py for tasks to queue
[2025-02-03T12:03:26.659+0000] {logging_mixin.py:150} INFO - [2025-02-03T12:03:26.658+0000] {dagbag.py:541} INFO - Filling up the DagBag from /home/vscode/.local/lib/python3.10/site-packages/airflow/example_dags/tutorial_taskflow_api_virtualenv.py
[2025-02-03T12:03:26.664+0000] {processor.py:836} INFO - DAG(s) dict_keys(['tutorial_taskflow_api_virtualenv']) retrieved from /home/vscode/.local/lib/python3.10/site-packages/airflow/example_dags/tutorial_taskflow_api_virtualenv.py
[2025-02-03T12:03:26.674+0000] {logging_mixin.py:150} INFO - [2025-02-03T12:03:26.674+0000] {dag.py:2742} INFO - Sync 1 DAGs
[2025-02-03T12:03:26.687+0000] {logging_mixin.py:150} INFO - [2025-02-03T12:03:26.687+0000] {dag.py:3504} INFO - Setting next_dagrun for tutorial_taskflow_api_virtualenv to None, run_after=None
[2025-02-03T12:03:26.701+0000] {processor.py:179} INFO - Processing /home/vscode/.local/lib/python3.10/site-packages/airflow/example_dags/tutorial_taskflow_api_virtualenv.py took 0.046 seconds
[2025-02-03T12:04:11.022+0000] {processor.py:157} INFO - Started process (PID=42988) to work on /home/vscode/.local/lib/python3.10/site-packages/airflow/example_dags/tutorial_taskflow_api_virtualenv.py
[2025-02-03T12:04:11.022+0000] {processor.py:826} INFO - Processing file /home/vscode/.local/lib/python3.10/site-packages/airflow/example_dags/tutorial_taskflow_api_virtualenv.py for tasks to queue
[2025-02-03T12:04:11.023+0000] {logging_mixin.py:150} INFO - [2025-02-03T12:04:11.023+0000] {dagbag.py:541} INFO - Filling up the DagBag from /home/vscode/.local/lib/python3.10/site-packages/airflow/example_dags/tutorial_taskflow_api_virtualenv.py
[2025-02-03T12:04:11.028+0000] {processor.py:836} INFO - DAG(s) dict_keys(['tutorial_taskflow_api_virtualenv']) retrieved from /home/vscode/.local/lib/python3.10/site-packages/airflow/example_dags/tutorial_taskflow_api_virtualenv.py
[2025-02-03T12:04:11.039+0000] {logging_mixin.py:150} INFO - [2025-02-03T12:04:11.039+0000] {dag.py:2742} INFO - Sync 1 DAGs
[2025-02-03T12:04:11.053+0000] {logging_mixin.py:150} INFO - [2025-02-03T12:04:11.053+0000] {dag.py:3504} INFO - Setting next_dagrun for tutorial_taskflow_api_virtualenv to None, run_after=None
[2025-02-03T12:04:11.067+0000] {processor.py:179} INFO - Processing /home/vscode/.local/lib/python3.10/site-packages/airflow/example_dags/tutorial_taskflow_api_virtualenv.py took 0.047 seconds
[2025-02-03T12:04:53.931+0000] {processor.py:157} INFO - Started process (PID=43281) to work on /home/vscode/.local/lib/python3.10/site-packages/airflow/example_dags/tutorial_taskflow_api_virtualenv.py
[2025-02-03T12:04:53.931+0000] {processor.py:826} INFO - Processing file /home/vscode/.local/lib/python3.10/site-packages/airflow/example_dags/tutorial_taskflow_api_virtualenv.py for tasks to queue
[2025-02-03T12:04:53.932+0000] {logging_mixin.py:150} INFO - [2025-02-03T12:04:53.932+0000] {dagbag.py:541} INFO - Filling up the DagBag from /home/vscode/.local/lib/python3.10/site-packages/airflow/example_dags/tutorial_taskflow_api_virtualenv.py
[2025-02-03T12:04:53.937+0000] {processor.py:836} INFO - DAG(s) dict_keys(['tutorial_taskflow_api_virtualenv']) retrieved from /home/vscode/.local/lib/python3.10/site-packages/airflow/example_dags/tutorial_taskflow_api_virtualenv.py
[2025-02-03T12:04:53.949+0000] {logging_mixin.py:150} INFO - [2025-02-03T12:04:53.949+0000] {dag.py:2742} INFO - Sync 1 DAGs
[2025-02-03T12:04:53.962+0000] {logging_mixin.py:150} INFO - [2025-02-03T12:04:53.962+0000] {dag.py:3504} INFO - Setting next_dagrun for tutorial_taskflow_api_virtualenv to None, run_after=None
[2025-02-03T12:04:53.976+0000] {processor.py:179} INFO - Processing /home/vscode/.local/lib/python3.10/site-packages/airflow/example_dags/tutorial_taskflow_api_virtualenv.py took 0.048 seconds
[2025-02-03T12:05:38.414+0000] {processor.py:157} INFO - Started process (PID=43578) to work on /home/vscode/.local/lib/python3.10/site-packages/airflow/example_dags/tutorial_taskflow_api_virtualenv.py
[2025-02-03T12:05:38.415+0000] {processor.py:826} INFO - Processing file /home/vscode/.local/lib/python3.10/site-packages/airflow/example_dags/tutorial_taskflow_api_virtualenv.py for tasks to queue
[2025-02-03T12:05:38.415+0000] {logging_mixin.py:150} INFO - [2025-02-03T12:05:38.415+0000] {dagbag.py:541} INFO - Filling up the DagBag from /home/vscode/.local/lib/python3.10/site-packages/airflow/example_dags/tutorial_taskflow_api_virtualenv.py
[2025-02-03T12:05:38.421+0000] {processor.py:836} INFO - DAG(s) dict_keys(['tutorial_taskflow_api_virtualenv']) retrieved from /home/vscode/.local/lib/python3.10/site-packages/airflow/example_dags/tutorial_taskflow_api_virtualenv.py
[2025-02-03T12:05:38.432+0000] {logging_mixin.py:150} INFO - [2025-02-03T12:05:38.432+0000] {dag.py:2742} INFO - Sync 1 DAGs
[2025-02-03T12:05:38.446+0000] {logging_mixin.py:150} INFO - [2025-02-03T12:05:38.445+0000] {dag.py:3504} INFO - Setting next_dagrun for tutorial_taskflow_api_virtualenv to None, run_after=None
[2025-02-03T12:05:38.459+0000] {processor.py:179} INFO - Processing /home/vscode/.local/lib/python3.10/site-packages/airflow/example_dags/tutorial_taskflow_api_virtualenv.py took 0.048 seconds
[2025-02-03T12:06:25.760+0000] {processor.py:157} INFO - Started process (PID=43896) to work on /home/vscode/.local/lib/python3.10/site-packages/airflow/example_dags/tutorial_taskflow_api_virtualenv.py
[2025-02-03T12:06:25.761+0000] {processor.py:826} INFO - Processing file /home/vscode/.local/lib/python3.10/site-packages/airflow/example_dags/tutorial_taskflow_api_virtualenv.py for tasks to queue
[2025-02-03T12:06:25.762+0000] {logging_mixin.py:150} INFO - [2025-02-03T12:06:25.761+0000] {dagbag.py:541} INFO - Filling up the DagBag from /home/vscode/.local/lib/python3.10/site-packages/airflow/example_dags/tutorial_taskflow_api_virtualenv.py
[2025-02-03T12:06:25.767+0000] {processor.py:836} INFO - DAG(s) dict_keys(['tutorial_taskflow_api_virtualenv']) retrieved from /home/vscode/.local/lib/python3.10/site-packages/airflow/example_dags/tutorial_taskflow_api_virtualenv.py
[2025-02-03T12:06:25.778+0000] {logging_mixin.py:150} INFO - [2025-02-03T12:06:25.778+0000] {dag.py:2742} INFO - Sync 1 DAGs
[2025-02-03T12:06:25.795+0000] {logging_mixin.py:150} INFO - [2025-02-03T12:06:25.794+0000] {dag.py:3504} INFO - Setting next_dagrun for tutorial_taskflow_api_virtualenv to None, run_after=None
[2025-02-03T12:06:25.814+0000] {processor.py:179} INFO - Processing /home/vscode/.local/lib/python3.10/site-packages/airflow/example_dags/tutorial_taskflow_api_virtualenv.py took 0.056 seconds
[2025-02-03T12:07:12.422+0000] {processor.py:157} INFO - Started process (PID=44222) to work on /home/vscode/.local/lib/python3.10/site-packages/airflow/example_dags/tutorial_taskflow_api_virtualenv.py
[2025-02-03T12:07:12.423+0000] {processor.py:826} INFO - Processing file /home/vscode/.local/lib/python3.10/site-packages/airflow/example_dags/tutorial_taskflow_api_virtualenv.py for tasks to queue
[2025-02-03T12:07:12.424+0000] {logging_mixin.py:150} INFO - [2025-02-03T12:07:12.423+0000] {dagbag.py:541} INFO - Filling up the DagBag from /home/vscode/.local/lib/python3.10/site-packages/airflow/example_dags/tutorial_taskflow_api_virtualenv.py
[2025-02-03T12:07:12.429+0000] {processor.py:836} INFO - DAG(s) dict_keys(['tutorial_taskflow_api_virtualenv']) retrieved from /home/vscode/.local/lib/python3.10/site-packages/airflow/example_dags/tutorial_taskflow_api_virtualenv.py
[2025-02-03T12:07:12.440+0000] {logging_mixin.py:150} INFO - [2025-02-03T12:07:12.440+0000] {dag.py:2742} INFO - Sync 1 DAGs
[2025-02-03T12:07:12.454+0000] {logging_mixin.py:150} INFO - [2025-02-03T12:07:12.453+0000] {dag.py:3504} INFO - Setting next_dagrun for tutorial_taskflow_api_virtualenv to None, run_after=None
[2025-02-03T12:07:12.469+0000] {processor.py:179} INFO - Processing /home/vscode/.local/lib/python3.10/site-packages/airflow/example_dags/tutorial_taskflow_api_virtualenv.py took 0.049 seconds
[2025-02-03T12:07:54.616+0000] {processor.py:157} INFO - Started process (PID=45086) to work on /home/vscode/.local/lib/python3.10/site-packages/airflow/example_dags/tutorial_taskflow_api_virtualenv.py
[2025-02-03T12:07:54.617+0000] {processor.py:826} INFO - Processing file /home/vscode/.local/lib/python3.10/site-packages/airflow/example_dags/tutorial_taskflow_api_virtualenv.py for tasks to queue
[2025-02-03T12:07:54.618+0000] {logging_mixin.py:150} INFO - [2025-02-03T12:07:54.617+0000] {dagbag.py:541} INFO - Filling up the DagBag from /home/vscode/.local/lib/python3.10/site-packages/airflow/example_dags/tutorial_taskflow_api_virtualenv.py
[2025-02-03T12:07:54.623+0000] {processor.py:836} INFO - DAG(s) dict_keys(['tutorial_taskflow_api_virtualenv']) retrieved from /home/vscode/.local/lib/python3.10/site-packages/airflow/example_dags/tutorial_taskflow_api_virtualenv.py
[2025-02-03T12:07:54.634+0000] {logging_mixin.py:150} INFO - [2025-02-03T12:07:54.634+0000] {dag.py:2742} INFO - Sync 1 DAGs
[2025-02-03T12:07:54.647+0000] {logging_mixin.py:150} INFO - [2025-02-03T12:07:54.647+0000] {dag.py:3504} INFO - Setting next_dagrun for tutorial_taskflow_api_virtualenv to None, run_after=None
[2025-02-03T12:07:54.661+0000] {processor.py:179} INFO - Processing /home/vscode/.local/lib/python3.10/site-packages/airflow/example_dags/tutorial_taskflow_api_virtualenv.py took 0.047 seconds
[2025-02-03T12:08:42.088+0000] {processor.py:157} INFO - Started process (PID=46480) to work on /home/vscode/.local/lib/python3.10/site-packages/airflow/example_dags/tutorial_taskflow_api_virtualenv.py
[2025-02-03T12:08:42.088+0000] {processor.py:826} INFO - Processing file /home/vscode/.local/lib/python3.10/site-packages/airflow/example_dags/tutorial_taskflow_api_virtualenv.py for tasks to queue
[2025-02-03T12:08:42.089+0000] {logging_mixin.py:150} INFO - [2025-02-03T12:08:42.089+0000] {dagbag.py:541} INFO - Filling up the DagBag from /home/vscode/.local/lib/python3.10/site-packages/airflow/example_dags/tutorial_taskflow_api_virtualenv.py
[2025-02-03T12:08:42.094+0000] {processor.py:836} INFO - DAG(s) dict_keys(['tutorial_taskflow_api_virtualenv']) retrieved from /home/vscode/.local/lib/python3.10/site-packages/airflow/example_dags/tutorial_taskflow_api_virtualenv.py
[2025-02-03T12:08:42.105+0000] {logging_mixin.py:150} INFO - [2025-02-03T12:08:42.105+0000] {dag.py:2742} INFO - Sync 1 DAGs
[2025-02-03T12:08:42.118+0000] {logging_mixin.py:150} INFO - [2025-02-03T12:08:42.118+0000] {dag.py:3504} INFO - Setting next_dagrun for tutorial_taskflow_api_virtualenv to None, run_after=None
[2025-02-03T12:08:42.133+0000] {processor.py:179} INFO - Processing /home/vscode/.local/lib/python3.10/site-packages/airflow/example_dags/tutorial_taskflow_api_virtualenv.py took 0.048 seconds
[2025-02-03T12:09:25.449+0000] {processor.py:157} INFO - Started process (PID=47410) to work on /home/vscode/.local/lib/python3.10/site-packages/airflow/example_dags/tutorial_taskflow_api_virtualenv.py
[2025-02-03T12:09:25.449+0000] {processor.py:826} INFO - Processing file /home/vscode/.local/lib/python3.10/site-packages/airflow/example_dags/tutorial_taskflow_api_virtualenv.py for tasks to queue
[2025-02-03T12:09:25.450+0000] {logging_mixin.py:150} INFO - [2025-02-03T12:09:25.450+0000] {dagbag.py:541} INFO - Filling up the DagBag from /home/vscode/.local/lib/python3.10/site-packages/airflow/example_dags/tutorial_taskflow_api_virtualenv.py
[2025-02-03T12:09:25.455+0000] {processor.py:836} INFO - DAG(s) dict_keys(['tutorial_taskflow_api_virtualenv']) retrieved from /home/vscode/.local/lib/python3.10/site-packages/airflow/example_dags/tutorial_taskflow_api_virtualenv.py
[2025-02-03T12:09:25.466+0000] {logging_mixin.py:150} INFO - [2025-02-03T12:09:25.466+0000] {dag.py:2742} INFO - Sync 1 DAGs
[2025-02-03T12:09:25.480+0000] {logging_mixin.py:150} INFO - [2025-02-03T12:09:25.480+0000] {dag.py:3504} INFO - Setting next_dagrun for tutorial_taskflow_api_virtualenv to None, run_after=None
[2025-02-03T12:09:25.494+0000] {processor.py:179} INFO - Processing /home/vscode/.local/lib/python3.10/site-packages/airflow/example_dags/tutorial_taskflow_api_virtualenv.py took 0.048 seconds
