[2025-02-03T11:50:10.374+0000] {processor.py:157} INFO - Started process (PID=36912) to work on /home/vscode/.local/lib/python3.10/site-packages/airflow/example_dags/tutorial.py
[2025-02-03T11:50:10.375+0000] {processor.py:826} INFO - Processing file /home/vscode/.local/lib/python3.10/site-packages/airflow/example_dags/tutorial.py for tasks to queue
[2025-02-03T11:50:10.375+0000] {logging_mixin.py:150} INFO - [2025-02-03T11:50:10.375+0000] {dagbag.py:541} INFO - Filling up the DagBag from /home/vscode/.local/lib/python3.10/site-packages/airflow/example_dags/tutorial.py
[2025-02-03T11:50:10.385+0000] {processor.py:836} INFO - DAG(s) dict_keys(['tutorial']) retrieved from /home/vscode/.local/lib/python3.10/site-packages/airflow/example_dags/tutorial.py
[2025-02-03T11:50:10.553+0000] {logging_mixin.py:150} INFO - [2025-02-03T11:50:10.553+0000] {manager.py:504} INFO - Created Permission View: can read on DAG:tutorial
[2025-02-03T11:50:10.562+0000] {logging_mixin.py:150} INFO - [2025-02-03T11:50:10.562+0000] {manager.py:504} INFO - Created Permission View: can delete on DAG:tutorial
[2025-02-03T11:50:10.568+0000] {logging_mixin.py:150} INFO - [2025-02-03T11:50:10.568+0000] {manager.py:504} INFO - Created Permission View: can edit on DAG:tutorial
[2025-02-03T11:50:10.576+0000] {logging_mixin.py:150} INFO - [2025-02-03T11:50:10.576+0000] {dag.py:2742} INFO - Sync 1 DAGs
[2025-02-03T11:50:10.582+0000] {logging_mixin.py:150} INFO - [2025-02-03T11:50:10.582+0000] {dag.py:2763} INFO - Creating ORM DAG for tutorial
[2025-02-03T11:50:10.588+0000] {logging_mixin.py:150} INFO - [2025-02-03T11:50:10.588+0000] {dag.py:3504} INFO - Setting next_dagrun for tutorial to 2025-02-02T11:50:10.588367+00:00, run_after=2025-02-03T11:50:10.588367+00:00
[2025-02-03T11:50:10.605+0000] {processor.py:179} INFO - Processing /home/vscode/.local/lib/python3.10/site-packages/airflow/example_dags/tutorial.py took 0.233 seconds
[2025-02-03T11:51:03.441+0000] {processor.py:157} INFO - Started process (PID=37698) to work on /home/vscode/.local/lib/python3.10/site-packages/airflow/example_dags/tutorial.py
[2025-02-03T11:51:03.442+0000] {processor.py:826} INFO - Processing file /home/vscode/.local/lib/python3.10/site-packages/airflow/example_dags/tutorial.py for tasks to queue
[2025-02-03T11:51:03.442+0000] {logging_mixin.py:150} INFO - [2025-02-03T11:51:03.442+0000] {dagbag.py:541} INFO - Filling up the DagBag from /home/vscode/.local/lib/python3.10/site-packages/airflow/example_dags/tutorial.py
[2025-02-03T11:51:03.447+0000] {processor.py:836} INFO - DAG(s) dict_keys(['tutorial']) retrieved from /home/vscode/.local/lib/python3.10/site-packages/airflow/example_dags/tutorial.py
[2025-02-03T11:51:03.458+0000] {logging_mixin.py:150} INFO - [2025-02-03T11:51:03.457+0000] {dag.py:2742} INFO - Sync 1 DAGs
[2025-02-03T11:51:03.471+0000] {logging_mixin.py:150} INFO - [2025-02-03T11:51:03.471+0000] {dag.py:3504} INFO - Setting next_dagrun for tutorial to 2025-02-02T11:51:03.471572+00:00, run_after=2025-02-03T11:51:03.471572+00:00
[2025-02-03T11:51:03.487+0000] {processor.py:179} INFO - Processing /home/vscode/.local/lib/python3.10/site-packages/airflow/example_dags/tutorial.py took 0.048 seconds
[2025-02-03T11:51:37.646+0000] {processor.py:157} INFO - Started process (PID=37929) to work on /home/vscode/.local/lib/python3.10/site-packages/airflow/example_dags/tutorial.py
[2025-02-03T11:51:37.647+0000] {processor.py:826} INFO - Processing file /home/vscode/.local/lib/python3.10/site-packages/airflow/example_dags/tutorial.py for tasks to queue
[2025-02-03T11:51:37.647+0000] {logging_mixin.py:150} INFO - [2025-02-03T11:51:37.647+0000] {dagbag.py:541} INFO - Filling up the DagBag from /home/vscode/.local/lib/python3.10/site-packages/airflow/example_dags/tutorial.py
[2025-02-03T11:51:37.652+0000] {processor.py:836} INFO - DAG(s) dict_keys(['tutorial']) retrieved from /home/vscode/.local/lib/python3.10/site-packages/airflow/example_dags/tutorial.py
[2025-02-03T11:51:37.663+0000] {logging_mixin.py:150} INFO - [2025-02-03T11:51:37.663+0000] {dag.py:2742} INFO - Sync 1 DAGs
[2025-02-03T11:51:37.677+0000] {logging_mixin.py:150} INFO - [2025-02-03T11:51:37.677+0000] {dag.py:3504} INFO - Setting next_dagrun for tutorial to 2025-02-02T11:51:37.677012+00:00, run_after=2025-02-03T11:51:37.677012+00:00
[2025-02-03T11:51:37.691+0000] {processor.py:179} INFO - Processing /home/vscode/.local/lib/python3.10/site-packages/airflow/example_dags/tutorial.py took 0.047 seconds
[2025-02-03T11:52:08.938+0000] {processor.py:157} INFO - Started process (PID=38137) to work on /home/vscode/.local/lib/python3.10/site-packages/airflow/example_dags/tutorial.py
[2025-02-03T11:52:08.938+0000] {processor.py:826} INFO - Processing file /home/vscode/.local/lib/python3.10/site-packages/airflow/example_dags/tutorial.py for tasks to queue
[2025-02-03T11:52:08.939+0000] {logging_mixin.py:150} INFO - [2025-02-03T11:52:08.939+0000] {dagbag.py:541} INFO - Filling up the DagBag from /home/vscode/.local/lib/python3.10/site-packages/airflow/example_dags/tutorial.py
[2025-02-03T11:52:08.944+0000] {processor.py:836} INFO - DAG(s) dict_keys(['tutorial']) retrieved from /home/vscode/.local/lib/python3.10/site-packages/airflow/example_dags/tutorial.py
[2025-02-03T11:52:08.955+0000] {logging_mixin.py:150} INFO - [2025-02-03T11:52:08.954+0000] {dag.py:2742} INFO - Sync 1 DAGs
[2025-02-03T11:52:08.968+0000] {logging_mixin.py:150} INFO - [2025-02-03T11:52:08.968+0000] {dag.py:3504} INFO - Setting next_dagrun for tutorial to 2025-02-02T11:52:08.968245+00:00, run_after=2025-02-03T11:52:08.968245+00:00
[2025-02-03T11:52:08.982+0000] {processor.py:179} INFO - Processing /home/vscode/.local/lib/python3.10/site-packages/airflow/example_dags/tutorial.py took 0.046 seconds
[2025-02-03T11:52:48.273+0000] {processor.py:157} INFO - Started process (PID=38401) to work on /home/vscode/.local/lib/python3.10/site-packages/airflow/example_dags/tutorial.py
[2025-02-03T11:52:48.273+0000] {processor.py:826} INFO - Processing file /home/vscode/.local/lib/python3.10/site-packages/airflow/example_dags/tutorial.py for tasks to queue
[2025-02-03T11:52:48.274+0000] {logging_mixin.py:150} INFO - [2025-02-03T11:52:48.274+0000] {dagbag.py:541} INFO - Filling up the DagBag from /home/vscode/.local/lib/python3.10/site-packages/airflow/example_dags/tutorial.py
[2025-02-03T11:52:48.279+0000] {processor.py:836} INFO - DAG(s) dict_keys(['tutorial']) retrieved from /home/vscode/.local/lib/python3.10/site-packages/airflow/example_dags/tutorial.py
[2025-02-03T11:52:48.289+0000] {logging_mixin.py:150} INFO - [2025-02-03T11:52:48.289+0000] {dag.py:2742} INFO - Sync 1 DAGs
[2025-02-03T11:52:48.302+0000] {logging_mixin.py:150} INFO - [2025-02-03T11:52:48.302+0000] {dag.py:3504} INFO - Setting next_dagrun for tutorial to 2025-02-02T11:52:48.302676+00:00, run_after=2025-02-03T11:52:48.302676+00:00
[2025-02-03T11:52:48.317+0000] {processor.py:179} INFO - Processing /home/vscode/.local/lib/python3.10/site-packages/airflow/example_dags/tutorial.py took 0.047 seconds
[2025-02-03T11:53:19.081+0000] {processor.py:157} INFO - Started process (PID=38607) to work on /home/vscode/.local/lib/python3.10/site-packages/airflow/example_dags/tutorial.py
[2025-02-03T11:53:19.082+0000] {processor.py:826} INFO - Processing file /home/vscode/.local/lib/python3.10/site-packages/airflow/example_dags/tutorial.py for tasks to queue
[2025-02-03T11:53:19.083+0000] {logging_mixin.py:150} INFO - [2025-02-03T11:53:19.082+0000] {dagbag.py:541} INFO - Filling up the DagBag from /home/vscode/.local/lib/python3.10/site-packages/airflow/example_dags/tutorial.py
[2025-02-03T11:53:19.087+0000] {processor.py:836} INFO - DAG(s) dict_keys(['tutorial']) retrieved from /home/vscode/.local/lib/python3.10/site-packages/airflow/example_dags/tutorial.py
[2025-02-03T11:53:19.098+0000] {logging_mixin.py:150} INFO - [2025-02-03T11:53:19.098+0000] {dag.py:2742} INFO - Sync 1 DAGs
[2025-02-03T11:53:19.111+0000] {logging_mixin.py:150} INFO - [2025-02-03T11:53:19.111+0000] {dag.py:3504} INFO - Setting next_dagrun for tutorial to 2025-02-02T11:53:19.111385+00:00, run_after=2025-02-03T11:53:19.111385+00:00
[2025-02-03T11:53:19.125+0000] {processor.py:179} INFO - Processing /home/vscode/.local/lib/python3.10/site-packages/airflow/example_dags/tutorial.py took 0.046 seconds
[2025-02-03T11:54:01.211+0000] {processor.py:157} INFO - Started process (PID=38888) to work on /home/vscode/.local/lib/python3.10/site-packages/airflow/example_dags/tutorial.py
[2025-02-03T11:54:01.212+0000] {processor.py:826} INFO - Processing file /home/vscode/.local/lib/python3.10/site-packages/airflow/example_dags/tutorial.py for tasks to queue
[2025-02-03T11:54:01.212+0000] {logging_mixin.py:150} INFO - [2025-02-03T11:54:01.212+0000] {dagbag.py:541} INFO - Filling up the DagBag from /home/vscode/.local/lib/python3.10/site-packages/airflow/example_dags/tutorial.py
[2025-02-03T11:54:01.217+0000] {processor.py:836} INFO - DAG(s) dict_keys(['tutorial']) retrieved from /home/vscode/.local/lib/python3.10/site-packages/airflow/example_dags/tutorial.py
[2025-02-03T11:54:01.227+0000] {logging_mixin.py:150} INFO - [2025-02-03T11:54:01.227+0000] {dag.py:2742} INFO - Sync 1 DAGs
[2025-02-03T11:54:01.241+0000] {logging_mixin.py:150} INFO - [2025-02-03T11:54:01.241+0000] {dag.py:3504} INFO - Setting next_dagrun for tutorial to 2025-02-02T11:54:01.240917+00:00, run_after=2025-02-03T11:54:01.240917+00:00
[2025-02-03T11:54:01.256+0000] {processor.py:179} INFO - Processing /home/vscode/.local/lib/python3.10/site-packages/airflow/example_dags/tutorial.py took 0.047 seconds
[2025-02-03T11:54:44.689+0000] {processor.py:157} INFO - Started process (PID=39178) to work on /home/vscode/.local/lib/python3.10/site-packages/airflow/example_dags/tutorial.py
[2025-02-03T11:54:44.689+0000] {processor.py:826} INFO - Processing file /home/vscode/.local/lib/python3.10/site-packages/airflow/example_dags/tutorial.py for tasks to queue
[2025-02-03T11:54:44.690+0000] {logging_mixin.py:150} INFO - [2025-02-03T11:54:44.690+0000] {dagbag.py:541} INFO - Filling up the DagBag from /home/vscode/.local/lib/python3.10/site-packages/airflow/example_dags/tutorial.py
[2025-02-03T11:54:44.695+0000] {processor.py:836} INFO - DAG(s) dict_keys(['tutorial']) retrieved from /home/vscode/.local/lib/python3.10/site-packages/airflow/example_dags/tutorial.py
[2025-02-03T11:54:44.707+0000] {logging_mixin.py:150} INFO - [2025-02-03T11:54:44.707+0000] {dag.py:2742} INFO - Sync 1 DAGs
[2025-02-03T11:54:44.721+0000] {logging_mixin.py:150} INFO - [2025-02-03T11:54:44.721+0000] {dag.py:3504} INFO - Setting next_dagrun for tutorial to 2025-02-02T11:54:44.721247+00:00, run_after=2025-02-03T11:54:44.721247+00:00
[2025-02-03T11:54:44.735+0000] {processor.py:179} INFO - Processing /home/vscode/.local/lib/python3.10/site-packages/airflow/example_dags/tutorial.py took 0.049 seconds
[2025-02-03T11:55:25.224+0000] {processor.py:157} INFO - Started process (PID=39452) to work on /home/vscode/.local/lib/python3.10/site-packages/airflow/example_dags/tutorial.py
[2025-02-03T11:55:25.225+0000] {processor.py:826} INFO - Processing file /home/vscode/.local/lib/python3.10/site-packages/airflow/example_dags/tutorial.py for tasks to queue
[2025-02-03T11:55:25.226+0000] {logging_mixin.py:150} INFO - [2025-02-03T11:55:25.225+0000] {dagbag.py:541} INFO - Filling up the DagBag from /home/vscode/.local/lib/python3.10/site-packages/airflow/example_dags/tutorial.py
[2025-02-03T11:55:25.230+0000] {processor.py:836} INFO - DAG(s) dict_keys(['tutorial']) retrieved from /home/vscode/.local/lib/python3.10/site-packages/airflow/example_dags/tutorial.py
[2025-02-03T11:55:25.241+0000] {logging_mixin.py:150} INFO - [2025-02-03T11:55:25.240+0000] {dag.py:2742} INFO - Sync 1 DAGs
[2025-02-03T11:55:25.254+0000] {logging_mixin.py:150} INFO - [2025-02-03T11:55:25.254+0000] {dag.py:3504} INFO - Setting next_dagrun for tutorial to 2025-02-02T11:55:25.254119+00:00, run_after=2025-02-03T11:55:25.254119+00:00
[2025-02-03T11:55:25.269+0000] {processor.py:179} INFO - Processing /home/vscode/.local/lib/python3.10/site-packages/airflow/example_dags/tutorial.py took 0.046 seconds
[2025-02-03T11:56:10.460+0000] {processor.py:157} INFO - Started process (PID=39761) to work on /home/vscode/.local/lib/python3.10/site-packages/airflow/example_dags/tutorial.py
[2025-02-03T11:56:10.461+0000] {processor.py:826} INFO - Processing file /home/vscode/.local/lib/python3.10/site-packages/airflow/example_dags/tutorial.py for tasks to queue
[2025-02-03T11:56:10.461+0000] {logging_mixin.py:150} INFO - [2025-02-03T11:56:10.461+0000] {dagbag.py:541} INFO - Filling up the DagBag from /home/vscode/.local/lib/python3.10/site-packages/airflow/example_dags/tutorial.py
[2025-02-03T11:56:10.466+0000] {processor.py:836} INFO - DAG(s) dict_keys(['tutorial']) retrieved from /home/vscode/.local/lib/python3.10/site-packages/airflow/example_dags/tutorial.py
[2025-02-03T11:56:10.477+0000] {logging_mixin.py:150} INFO - [2025-02-03T11:56:10.477+0000] {dag.py:2742} INFO - Sync 1 DAGs
[2025-02-03T11:56:10.491+0000] {logging_mixin.py:150} INFO - [2025-02-03T11:56:10.491+0000] {dag.py:3504} INFO - Setting next_dagrun for tutorial to 2025-02-02T11:56:10.491577+00:00, run_after=2025-02-03T11:56:10.491577+00:00
[2025-02-03T11:56:10.506+0000] {processor.py:179} INFO - Processing /home/vscode/.local/lib/python3.10/site-packages/airflow/example_dags/tutorial.py took 0.048 seconds
[2025-02-03T11:56:46.289+0000] {processor.py:157} INFO - Started process (PID=39998) to work on /home/vscode/.local/lib/python3.10/site-packages/airflow/example_dags/tutorial.py
[2025-02-03T11:56:46.290+0000] {processor.py:826} INFO - Processing file /home/vscode/.local/lib/python3.10/site-packages/airflow/example_dags/tutorial.py for tasks to queue
[2025-02-03T11:56:46.291+0000] {logging_mixin.py:150} INFO - [2025-02-03T11:56:46.290+0000] {dagbag.py:541} INFO - Filling up the DagBag from /home/vscode/.local/lib/python3.10/site-packages/airflow/example_dags/tutorial.py
[2025-02-03T11:56:46.296+0000] {processor.py:836} INFO - DAG(s) dict_keys(['tutorial']) retrieved from /home/vscode/.local/lib/python3.10/site-packages/airflow/example_dags/tutorial.py
[2025-02-03T11:56:46.307+0000] {logging_mixin.py:150} INFO - [2025-02-03T11:56:46.306+0000] {dag.py:2742} INFO - Sync 1 DAGs
[2025-02-03T11:56:46.321+0000] {logging_mixin.py:150} INFO - [2025-02-03T11:56:46.320+0000] {dag.py:3504} INFO - Setting next_dagrun for tutorial to 2025-02-02T11:56:46.320800+00:00, run_after=2025-02-03T11:56:46.320800+00:00
[2025-02-03T11:56:46.337+0000] {processor.py:179} INFO - Processing /home/vscode/.local/lib/python3.10/site-packages/airflow/example_dags/tutorial.py took 0.049 seconds
[2025-02-03T11:57:16.696+0000] {processor.py:157} INFO - Started process (PID=40199) to work on /home/vscode/.local/lib/python3.10/site-packages/airflow/example_dags/tutorial.py
[2025-02-03T11:57:16.697+0000] {processor.py:826} INFO - Processing file /home/vscode/.local/lib/python3.10/site-packages/airflow/example_dags/tutorial.py for tasks to queue
[2025-02-03T11:57:16.697+0000] {logging_mixin.py:150} INFO - [2025-02-03T11:57:16.697+0000] {dagbag.py:541} INFO - Filling up the DagBag from /home/vscode/.local/lib/python3.10/site-packages/airflow/example_dags/tutorial.py
[2025-02-03T11:57:16.702+0000] {processor.py:836} INFO - DAG(s) dict_keys(['tutorial']) retrieved from /home/vscode/.local/lib/python3.10/site-packages/airflow/example_dags/tutorial.py
[2025-02-03T11:57:16.713+0000] {logging_mixin.py:150} INFO - [2025-02-03T11:57:16.712+0000] {dag.py:2742} INFO - Sync 1 DAGs
[2025-02-03T11:57:16.727+0000] {logging_mixin.py:150} INFO - [2025-02-03T11:57:16.726+0000] {dag.py:3504} INFO - Setting next_dagrun for tutorial to 2025-02-02T11:57:16.726713+00:00, run_after=2025-02-03T11:57:16.726713+00:00
[2025-02-03T11:57:16.740+0000] {processor.py:179} INFO - Processing /home/vscode/.local/lib/python3.10/site-packages/airflow/example_dags/tutorial.py took 0.046 seconds
[2025-02-03T11:58:02.081+0000] {processor.py:157} INFO - Started process (PID=40507) to work on /home/vscode/.local/lib/python3.10/site-packages/airflow/example_dags/tutorial.py
[2025-02-03T11:58:02.081+0000] {processor.py:826} INFO - Processing file /home/vscode/.local/lib/python3.10/site-packages/airflow/example_dags/tutorial.py for tasks to queue
[2025-02-03T11:58:02.082+0000] {logging_mixin.py:150} INFO - [2025-02-03T11:58:02.082+0000] {dagbag.py:541} INFO - Filling up the DagBag from /home/vscode/.local/lib/python3.10/site-packages/airflow/example_dags/tutorial.py
[2025-02-03T11:58:02.087+0000] {processor.py:836} INFO - DAG(s) dict_keys(['tutorial']) retrieved from /home/vscode/.local/lib/python3.10/site-packages/airflow/example_dags/tutorial.py
[2025-02-03T11:58:02.097+0000] {logging_mixin.py:150} INFO - [2025-02-03T11:58:02.097+0000] {dag.py:2742} INFO - Sync 1 DAGs
[2025-02-03T11:58:02.111+0000] {logging_mixin.py:150} INFO - [2025-02-03T11:58:02.111+0000] {dag.py:3504} INFO - Setting next_dagrun for tutorial to 2025-02-02T11:58:02.111297+00:00, run_after=2025-02-03T11:58:02.111297+00:00
[2025-02-03T11:58:02.125+0000] {processor.py:179} INFO - Processing /home/vscode/.local/lib/python3.10/site-packages/airflow/example_dags/tutorial.py took 0.047 seconds
[2025-02-03T11:58:34.043+0000] {processor.py:157} INFO - Started process (PID=40722) to work on /home/vscode/.local/lib/python3.10/site-packages/airflow/example_dags/tutorial.py
[2025-02-03T11:58:34.043+0000] {processor.py:826} INFO - Processing file /home/vscode/.local/lib/python3.10/site-packages/airflow/example_dags/tutorial.py for tasks to queue
[2025-02-03T11:58:34.044+0000] {logging_mixin.py:150} INFO - [2025-02-03T11:58:34.044+0000] {dagbag.py:541} INFO - Filling up the DagBag from /home/vscode/.local/lib/python3.10/site-packages/airflow/example_dags/tutorial.py
[2025-02-03T11:58:34.049+0000] {processor.py:836} INFO - DAG(s) dict_keys(['tutorial']) retrieved from /home/vscode/.local/lib/python3.10/site-packages/airflow/example_dags/tutorial.py
[2025-02-03T11:58:34.059+0000] {logging_mixin.py:150} INFO - [2025-02-03T11:58:34.059+0000] {dag.py:2742} INFO - Sync 1 DAGs
[2025-02-03T11:58:34.073+0000] {logging_mixin.py:150} INFO - [2025-02-03T11:58:34.073+0000] {dag.py:3504} INFO - Setting next_dagrun for tutorial to 2025-02-02T11:58:34.073277+00:00, run_after=2025-02-03T11:58:34.073277+00:00
[2025-02-03T11:58:34.088+0000] {processor.py:179} INFO - Processing /home/vscode/.local/lib/python3.10/site-packages/airflow/example_dags/tutorial.py took 0.047 seconds
[2025-02-03T11:59:15.448+0000] {processor.py:157} INFO - Started process (PID=40996) to work on /home/vscode/.local/lib/python3.10/site-packages/airflow/example_dags/tutorial.py
[2025-02-03T11:59:15.448+0000] {processor.py:826} INFO - Processing file /home/vscode/.local/lib/python3.10/site-packages/airflow/example_dags/tutorial.py for tasks to queue
[2025-02-03T11:59:15.449+0000] {logging_mixin.py:150} INFO - [2025-02-03T11:59:15.449+0000] {dagbag.py:541} INFO - Filling up the DagBag from /home/vscode/.local/lib/python3.10/site-packages/airflow/example_dags/tutorial.py
[2025-02-03T11:59:15.454+0000] {processor.py:836} INFO - DAG(s) dict_keys(['tutorial']) retrieved from /home/vscode/.local/lib/python3.10/site-packages/airflow/example_dags/tutorial.py
[2025-02-03T11:59:15.467+0000] {logging_mixin.py:150} INFO - [2025-02-03T11:59:15.467+0000] {dag.py:2742} INFO - Sync 1 DAGs
[2025-02-03T11:59:15.485+0000] {logging_mixin.py:150} INFO - [2025-02-03T11:59:15.485+0000] {dag.py:3504} INFO - Setting next_dagrun for tutorial to 2025-02-02T11:59:15.485211+00:00, run_after=2025-02-03T11:59:15.485211+00:00
[2025-02-03T11:59:15.500+0000] {processor.py:179} INFO - Processing /home/vscode/.local/lib/python3.10/site-packages/airflow/example_dags/tutorial.py took 0.055 seconds
[2025-02-03T11:59:45.660+0000] {processor.py:157} INFO - Started process (PID=41202) to work on /home/vscode/.local/lib/python3.10/site-packages/airflow/example_dags/tutorial.py
[2025-02-03T11:59:45.661+0000] {processor.py:826} INFO - Processing file /home/vscode/.local/lib/python3.10/site-packages/airflow/example_dags/tutorial.py for tasks to queue
[2025-02-03T11:59:45.661+0000] {logging_mixin.py:150} INFO - [2025-02-03T11:59:45.661+0000] {dagbag.py:541} INFO - Filling up the DagBag from /home/vscode/.local/lib/python3.10/site-packages/airflow/example_dags/tutorial.py
[2025-02-03T11:59:45.666+0000] {processor.py:836} INFO - DAG(s) dict_keys(['tutorial']) retrieved from /home/vscode/.local/lib/python3.10/site-packages/airflow/example_dags/tutorial.py
[2025-02-03T11:59:45.678+0000] {logging_mixin.py:150} INFO - [2025-02-03T11:59:45.678+0000] {dag.py:2742} INFO - Sync 1 DAGs
[2025-02-03T11:59:45.693+0000] {logging_mixin.py:150} INFO - [2025-02-03T11:59:45.693+0000] {dag.py:3504} INFO - Setting next_dagrun for tutorial to 2025-02-02T11:59:45.693409+00:00, run_after=2025-02-03T11:59:45.693409+00:00
[2025-02-03T11:59:45.708+0000] {processor.py:179} INFO - Processing /home/vscode/.local/lib/python3.10/site-packages/airflow/example_dags/tutorial.py took 0.051 seconds
[2025-02-03T12:00:26.350+0000] {processor.py:157} INFO - Started process (PID=41472) to work on /home/vscode/.local/lib/python3.10/site-packages/airflow/example_dags/tutorial.py
[2025-02-03T12:00:26.350+0000] {processor.py:826} INFO - Processing file /home/vscode/.local/lib/python3.10/site-packages/airflow/example_dags/tutorial.py for tasks to queue
[2025-02-03T12:00:26.351+0000] {logging_mixin.py:150} INFO - [2025-02-03T12:00:26.351+0000] {dagbag.py:541} INFO - Filling up the DagBag from /home/vscode/.local/lib/python3.10/site-packages/airflow/example_dags/tutorial.py
[2025-02-03T12:00:26.356+0000] {processor.py:836} INFO - DAG(s) dict_keys(['tutorial']) retrieved from /home/vscode/.local/lib/python3.10/site-packages/airflow/example_dags/tutorial.py
[2025-02-03T12:00:26.367+0000] {logging_mixin.py:150} INFO - [2025-02-03T12:00:26.367+0000] {dag.py:2742} INFO - Sync 1 DAGs
[2025-02-03T12:00:26.381+0000] {logging_mixin.py:150} INFO - [2025-02-03T12:00:26.381+0000] {dag.py:3504} INFO - Setting next_dagrun for tutorial to 2025-02-02T12:00:26.381275+00:00, run_after=2025-02-03T12:00:26.381275+00:00
[2025-02-03T12:00:26.396+0000] {processor.py:179} INFO - Processing /home/vscode/.local/lib/python3.10/site-packages/airflow/example_dags/tutorial.py took 0.048 seconds
[2025-02-03T12:00:58.918+0000] {processor.py:157} INFO - Started process (PID=41689) to work on /home/vscode/.local/lib/python3.10/site-packages/airflow/example_dags/tutorial.py
[2025-02-03T12:00:58.918+0000] {processor.py:826} INFO - Processing file /home/vscode/.local/lib/python3.10/site-packages/airflow/example_dags/tutorial.py for tasks to queue
[2025-02-03T12:00:58.919+0000] {logging_mixin.py:150} INFO - [2025-02-03T12:00:58.919+0000] {dagbag.py:541} INFO - Filling up the DagBag from /home/vscode/.local/lib/python3.10/site-packages/airflow/example_dags/tutorial.py
[2025-02-03T12:00:58.924+0000] {processor.py:836} INFO - DAG(s) dict_keys(['tutorial']) retrieved from /home/vscode/.local/lib/python3.10/site-packages/airflow/example_dags/tutorial.py
[2025-02-03T12:00:58.935+0000] {logging_mixin.py:150} INFO - [2025-02-03T12:00:58.935+0000] {dag.py:2742} INFO - Sync 1 DAGs
[2025-02-03T12:00:58.948+0000] {logging_mixin.py:150} INFO - [2025-02-03T12:00:58.948+0000] {dag.py:3504} INFO - Setting next_dagrun for tutorial to 2025-02-02T12:00:58.948403+00:00, run_after=2025-02-03T12:00:58.948403+00:00
[2025-02-03T12:00:58.963+0000] {processor.py:179} INFO - Processing /home/vscode/.local/lib/python3.10/site-packages/airflow/example_dags/tutorial.py took 0.047 seconds
[2025-02-03T12:01:41.014+0000] {processor.py:157} INFO - Started process (PID=41980) to work on /home/vscode/.local/lib/python3.10/site-packages/airflow/example_dags/tutorial.py
[2025-02-03T12:01:41.014+0000] {processor.py:826} INFO - Processing file /home/vscode/.local/lib/python3.10/site-packages/airflow/example_dags/tutorial.py for tasks to queue
[2025-02-03T12:01:41.015+0000] {logging_mixin.py:150} INFO - [2025-02-03T12:01:41.015+0000] {dagbag.py:541} INFO - Filling up the DagBag from /home/vscode/.local/lib/python3.10/site-packages/airflow/example_dags/tutorial.py
[2025-02-03T12:01:41.020+0000] {processor.py:836} INFO - DAG(s) dict_keys(['tutorial']) retrieved from /home/vscode/.local/lib/python3.10/site-packages/airflow/example_dags/tutorial.py
[2025-02-03T12:01:41.032+0000] {logging_mixin.py:150} INFO - [2025-02-03T12:01:41.031+0000] {dag.py:2742} INFO - Sync 1 DAGs
[2025-02-03T12:01:41.046+0000] {logging_mixin.py:150} INFO - [2025-02-03T12:01:41.046+0000] {dag.py:3504} INFO - Setting next_dagrun for tutorial to 2025-02-02T12:01:41.046016+00:00, run_after=2025-02-03T12:01:41.046016+00:00
[2025-02-03T12:01:41.061+0000] {processor.py:179} INFO - Processing /home/vscode/.local/lib/python3.10/site-packages/airflow/example_dags/tutorial.py took 0.049 seconds
[2025-02-03T12:02:24.946+0000] {processor.py:157} INFO - Started process (PID=42275) to work on /home/vscode/.local/lib/python3.10/site-packages/airflow/example_dags/tutorial.py
[2025-02-03T12:02:24.946+0000] {processor.py:826} INFO - Processing file /home/vscode/.local/lib/python3.10/site-packages/airflow/example_dags/tutorial.py for tasks to queue
[2025-02-03T12:02:24.947+0000] {logging_mixin.py:150} INFO - [2025-02-03T12:02:24.947+0000] {dagbag.py:541} INFO - Filling up the DagBag from /home/vscode/.local/lib/python3.10/site-packages/airflow/example_dags/tutorial.py
[2025-02-03T12:02:24.952+0000] {processor.py:836} INFO - DAG(s) dict_keys(['tutorial']) retrieved from /home/vscode/.local/lib/python3.10/site-packages/airflow/example_dags/tutorial.py
[2025-02-03T12:02:24.963+0000] {logging_mixin.py:150} INFO - [2025-02-03T12:02:24.963+0000] {dag.py:2742} INFO - Sync 1 DAGs
[2025-02-03T12:02:24.977+0000] {logging_mixin.py:150} INFO - [2025-02-03T12:02:24.977+0000] {dag.py:3504} INFO - Setting next_dagrun for tutorial to 2025-02-02T12:02:24.976852+00:00, run_after=2025-02-03T12:02:24.976852+00:00
[2025-02-03T12:02:24.991+0000] {processor.py:179} INFO - Processing /home/vscode/.local/lib/python3.10/site-packages/airflow/example_dags/tutorial.py took 0.047 seconds
[2025-02-03T12:03:07.245+0000] {processor.py:157} INFO - Started process (PID=42556) to work on /home/vscode/.local/lib/python3.10/site-packages/airflow/example_dags/tutorial.py
[2025-02-03T12:03:07.245+0000] {processor.py:826} INFO - Processing file /home/vscode/.local/lib/python3.10/site-packages/airflow/example_dags/tutorial.py for tasks to queue
[2025-02-03T12:03:07.246+0000] {logging_mixin.py:150} INFO - [2025-02-03T12:03:07.246+0000] {dagbag.py:541} INFO - Filling up the DagBag from /home/vscode/.local/lib/python3.10/site-packages/airflow/example_dags/tutorial.py
[2025-02-03T12:03:07.252+0000] {processor.py:836} INFO - DAG(s) dict_keys(['tutorial']) retrieved from /home/vscode/.local/lib/python3.10/site-packages/airflow/example_dags/tutorial.py
[2025-02-03T12:03:07.263+0000] {logging_mixin.py:150} INFO - [2025-02-03T12:03:07.262+0000] {dag.py:2742} INFO - Sync 1 DAGs
[2025-02-03T12:03:07.276+0000] {logging_mixin.py:150} INFO - [2025-02-03T12:03:07.276+0000] {dag.py:3504} INFO - Setting next_dagrun for tutorial to 2025-02-02T12:03:07.276632+00:00, run_after=2025-02-03T12:03:07.276632+00:00
[2025-02-03T12:03:07.291+0000] {processor.py:179} INFO - Processing /home/vscode/.local/lib/python3.10/site-packages/airflow/example_dags/tutorial.py took 0.048 seconds
[2025-02-03T12:03:50.067+0000] {processor.py:157} INFO - Started process (PID=42843) to work on /home/vscode/.local/lib/python3.10/site-packages/airflow/example_dags/tutorial.py
[2025-02-03T12:03:50.068+0000] {processor.py:826} INFO - Processing file /home/vscode/.local/lib/python3.10/site-packages/airflow/example_dags/tutorial.py for tasks to queue
[2025-02-03T12:03:50.068+0000] {logging_mixin.py:150} INFO - [2025-02-03T12:03:50.068+0000] {dagbag.py:541} INFO - Filling up the DagBag from /home/vscode/.local/lib/python3.10/site-packages/airflow/example_dags/tutorial.py
[2025-02-03T12:03:50.073+0000] {processor.py:836} INFO - DAG(s) dict_keys(['tutorial']) retrieved from /home/vscode/.local/lib/python3.10/site-packages/airflow/example_dags/tutorial.py
[2025-02-03T12:03:50.084+0000] {logging_mixin.py:150} INFO - [2025-02-03T12:03:50.084+0000] {dag.py:2742} INFO - Sync 1 DAGs
[2025-02-03T12:03:50.099+0000] {logging_mixin.py:150} INFO - [2025-02-03T12:03:50.098+0000] {dag.py:3504} INFO - Setting next_dagrun for tutorial to 2025-02-02T12:03:50.098661+00:00, run_after=2025-02-03T12:03:50.098661+00:00
[2025-02-03T12:03:50.113+0000] {processor.py:179} INFO - Processing /home/vscode/.local/lib/python3.10/site-packages/airflow/example_dags/tutorial.py took 0.048 seconds
[2025-02-03T12:04:20.317+0000] {processor.py:157} INFO - Started process (PID=43049) to work on /home/vscode/.local/lib/python3.10/site-packages/airflow/example_dags/tutorial.py
[2025-02-03T12:04:20.318+0000] {processor.py:826} INFO - Processing file /home/vscode/.local/lib/python3.10/site-packages/airflow/example_dags/tutorial.py for tasks to queue
[2025-02-03T12:04:20.319+0000] {logging_mixin.py:150} INFO - [2025-02-03T12:04:20.318+0000] {dagbag.py:541} INFO - Filling up the DagBag from /home/vscode/.local/lib/python3.10/site-packages/airflow/example_dags/tutorial.py
[2025-02-03T12:04:20.324+0000] {processor.py:836} INFO - DAG(s) dict_keys(['tutorial']) retrieved from /home/vscode/.local/lib/python3.10/site-packages/airflow/example_dags/tutorial.py
[2025-02-03T12:04:20.336+0000] {logging_mixin.py:150} INFO - [2025-02-03T12:04:20.336+0000] {dag.py:2742} INFO - Sync 1 DAGs
[2025-02-03T12:04:20.350+0000] {logging_mixin.py:150} INFO - [2025-02-03T12:04:20.350+0000] {dag.py:3504} INFO - Setting next_dagrun for tutorial to 2025-02-02T12:04:20.350300+00:00, run_after=2025-02-03T12:04:20.350300+00:00
[2025-02-03T12:04:20.364+0000] {processor.py:179} INFO - Processing /home/vscode/.local/lib/python3.10/site-packages/airflow/example_dags/tutorial.py took 0.049 seconds
[2025-02-03T12:05:03.327+0000] {processor.py:157} INFO - Started process (PID=43336) to work on /home/vscode/.local/lib/python3.10/site-packages/airflow/example_dags/tutorial.py
[2025-02-03T12:05:03.328+0000] {processor.py:826} INFO - Processing file /home/vscode/.local/lib/python3.10/site-packages/airflow/example_dags/tutorial.py for tasks to queue
[2025-02-03T12:05:03.329+0000] {logging_mixin.py:150} INFO - [2025-02-03T12:05:03.328+0000] {dagbag.py:541} INFO - Filling up the DagBag from /home/vscode/.local/lib/python3.10/site-packages/airflow/example_dags/tutorial.py
[2025-02-03T12:05:03.333+0000] {processor.py:836} INFO - DAG(s) dict_keys(['tutorial']) retrieved from /home/vscode/.local/lib/python3.10/site-packages/airflow/example_dags/tutorial.py
[2025-02-03T12:05:03.344+0000] {logging_mixin.py:150} INFO - [2025-02-03T12:05:03.344+0000] {dag.py:2742} INFO - Sync 1 DAGs
[2025-02-03T12:05:03.358+0000] {logging_mixin.py:150} INFO - [2025-02-03T12:05:03.358+0000] {dag.py:3504} INFO - Setting next_dagrun for tutorial to 2025-02-02T12:05:03.358391+00:00, run_after=2025-02-03T12:05:03.358391+00:00
[2025-02-03T12:05:03.372+0000] {processor.py:179} INFO - Processing /home/vscode/.local/lib/python3.10/site-packages/airflow/example_dags/tutorial.py took 0.047 seconds
[2025-02-03T12:05:48.684+0000] {processor.py:157} INFO - Started process (PID=43647) to work on /home/vscode/.local/lib/python3.10/site-packages/airflow/example_dags/tutorial.py
[2025-02-03T12:05:48.685+0000] {processor.py:826} INFO - Processing file /home/vscode/.local/lib/python3.10/site-packages/airflow/example_dags/tutorial.py for tasks to queue
[2025-02-03T12:05:48.685+0000] {logging_mixin.py:150} INFO - [2025-02-03T12:05:48.685+0000] {dagbag.py:541} INFO - Filling up the DagBag from /home/vscode/.local/lib/python3.10/site-packages/airflow/example_dags/tutorial.py
[2025-02-03T12:05:48.690+0000] {processor.py:836} INFO - DAG(s) dict_keys(['tutorial']) retrieved from /home/vscode/.local/lib/python3.10/site-packages/airflow/example_dags/tutorial.py
[2025-02-03T12:05:48.701+0000] {logging_mixin.py:150} INFO - [2025-02-03T12:05:48.701+0000] {dag.py:2742} INFO - Sync 1 DAGs
[2025-02-03T12:05:48.715+0000] {logging_mixin.py:150} INFO - [2025-02-03T12:05:48.715+0000] {dag.py:3504} INFO - Setting next_dagrun for tutorial to 2025-02-02T12:05:48.715442+00:00, run_after=2025-02-03T12:05:48.715442+00:00
[2025-02-03T12:05:48.730+0000] {processor.py:179} INFO - Processing /home/vscode/.local/lib/python3.10/site-packages/airflow/example_dags/tutorial.py took 0.048 seconds
[2025-02-03T12:06:20.091+0000] {processor.py:157} INFO - Started process (PID=43856) to work on /home/vscode/.local/lib/python3.10/site-packages/airflow/example_dags/tutorial.py
[2025-02-03T12:06:20.091+0000] {processor.py:826} INFO - Processing file /home/vscode/.local/lib/python3.10/site-packages/airflow/example_dags/tutorial.py for tasks to queue
[2025-02-03T12:06:20.092+0000] {logging_mixin.py:150} INFO - [2025-02-03T12:06:20.092+0000] {dagbag.py:541} INFO - Filling up the DagBag from /home/vscode/.local/lib/python3.10/site-packages/airflow/example_dags/tutorial.py
[2025-02-03T12:06:20.097+0000] {processor.py:836} INFO - DAG(s) dict_keys(['tutorial']) retrieved from /home/vscode/.local/lib/python3.10/site-packages/airflow/example_dags/tutorial.py
[2025-02-03T12:06:20.108+0000] {logging_mixin.py:150} INFO - [2025-02-03T12:06:20.108+0000] {dag.py:2742} INFO - Sync 1 DAGs
[2025-02-03T12:06:20.123+0000] {logging_mixin.py:150} INFO - [2025-02-03T12:06:20.123+0000] {dag.py:3504} INFO - Setting next_dagrun for tutorial to 2025-02-02T12:06:20.122894+00:00, run_after=2025-02-03T12:06:20.122894+00:00
[2025-02-03T12:06:20.138+0000] {processor.py:179} INFO - Processing /home/vscode/.local/lib/python3.10/site-packages/airflow/example_dags/tutorial.py took 0.049 seconds
[2025-02-03T12:06:51.447+0000] {processor.py:157} INFO - Started process (PID=44058) to work on /home/vscode/.local/lib/python3.10/site-packages/airflow/example_dags/tutorial.py
[2025-02-03T12:06:51.448+0000] {processor.py:826} INFO - Processing file /home/vscode/.local/lib/python3.10/site-packages/airflow/example_dags/tutorial.py for tasks to queue
[2025-02-03T12:06:51.448+0000] {logging_mixin.py:150} INFO - [2025-02-03T12:06:51.448+0000] {dagbag.py:541} INFO - Filling up the DagBag from /home/vscode/.local/lib/python3.10/site-packages/airflow/example_dags/tutorial.py
[2025-02-03T12:06:51.453+0000] {processor.py:836} INFO - DAG(s) dict_keys(['tutorial']) retrieved from /home/vscode/.local/lib/python3.10/site-packages/airflow/example_dags/tutorial.py
[2025-02-03T12:06:51.465+0000] {logging_mixin.py:150} INFO - [2025-02-03T12:06:51.465+0000] {dag.py:2742} INFO - Sync 1 DAGs
[2025-02-03T12:06:51.479+0000] {logging_mixin.py:150} INFO - [2025-02-03T12:06:51.479+0000] {dag.py:3504} INFO - Setting next_dagrun for tutorial to 2025-02-02T12:06:51.479541+00:00, run_after=2025-02-03T12:06:51.479541+00:00
[2025-02-03T12:06:51.495+0000] {processor.py:179} INFO - Processing /home/vscode/.local/lib/python3.10/site-packages/airflow/example_dags/tutorial.py took 0.050 seconds
[2025-02-03T12:07:22.798+0000] {processor.py:157} INFO - Started process (PID=44304) to work on /home/vscode/.local/lib/python3.10/site-packages/airflow/example_dags/tutorial.py
[2025-02-03T12:07:22.799+0000] {processor.py:826} INFO - Processing file /home/vscode/.local/lib/python3.10/site-packages/airflow/example_dags/tutorial.py for tasks to queue
[2025-02-03T12:07:22.799+0000] {logging_mixin.py:150} INFO - [2025-02-03T12:07:22.799+0000] {dagbag.py:541} INFO - Filling up the DagBag from /home/vscode/.local/lib/python3.10/site-packages/airflow/example_dags/tutorial.py
[2025-02-03T12:07:22.804+0000] {processor.py:836} INFO - DAG(s) dict_keys(['tutorial']) retrieved from /home/vscode/.local/lib/python3.10/site-packages/airflow/example_dags/tutorial.py
[2025-02-03T12:07:22.815+0000] {logging_mixin.py:150} INFO - [2025-02-03T12:07:22.815+0000] {dag.py:2742} INFO - Sync 1 DAGs
[2025-02-03T12:07:22.829+0000] {logging_mixin.py:150} INFO - [2025-02-03T12:07:22.829+0000] {dag.py:3504} INFO - Setting next_dagrun for tutorial to 2025-02-02T12:07:22.829632+00:00, run_after=2025-02-03T12:07:22.829632+00:00
[2025-02-03T12:07:22.847+0000] {processor.py:179} INFO - Processing /home/vscode/.local/lib/python3.10/site-packages/airflow/example_dags/tutorial.py took 0.051 seconds
[2025-02-03T12:08:04.750+0000] {processor.py:157} INFO - Started process (PID=45694) to work on /home/vscode/.local/lib/python3.10/site-packages/airflow/example_dags/tutorial.py
[2025-02-03T12:08:04.751+0000] {processor.py:826} INFO - Processing file /home/vscode/.local/lib/python3.10/site-packages/airflow/example_dags/tutorial.py for tasks to queue
[2025-02-03T12:08:04.751+0000] {logging_mixin.py:150} INFO - [2025-02-03T12:08:04.751+0000] {dagbag.py:541} INFO - Filling up the DagBag from /home/vscode/.local/lib/python3.10/site-packages/airflow/example_dags/tutorial.py
[2025-02-03T12:08:04.756+0000] {processor.py:836} INFO - DAG(s) dict_keys(['tutorial']) retrieved from /home/vscode/.local/lib/python3.10/site-packages/airflow/example_dags/tutorial.py
[2025-02-03T12:08:04.767+0000] {logging_mixin.py:150} INFO - [2025-02-03T12:08:04.767+0000] {dag.py:2742} INFO - Sync 1 DAGs
[2025-02-03T12:08:04.781+0000] {logging_mixin.py:150} INFO - [2025-02-03T12:08:04.781+0000] {dag.py:3504} INFO - Setting next_dagrun for tutorial to 2025-02-02T12:08:04.781480+00:00, run_after=2025-02-03T12:08:04.781480+00:00
[2025-02-03T12:08:04.796+0000] {processor.py:179} INFO - Processing /home/vscode/.local/lib/python3.10/site-packages/airflow/example_dags/tutorial.py took 0.048 seconds
[2025-02-03T12:08:37.287+0000] {processor.py:157} INFO - Started process (PID=46446) to work on /home/vscode/.local/lib/python3.10/site-packages/airflow/example_dags/tutorial.py
[2025-02-03T12:08:37.288+0000] {processor.py:826} INFO - Processing file /home/vscode/.local/lib/python3.10/site-packages/airflow/example_dags/tutorial.py for tasks to queue
[2025-02-03T12:08:37.288+0000] {logging_mixin.py:150} INFO - [2025-02-03T12:08:37.288+0000] {dagbag.py:541} INFO - Filling up the DagBag from /home/vscode/.local/lib/python3.10/site-packages/airflow/example_dags/tutorial.py
[2025-02-03T12:08:37.293+0000] {processor.py:836} INFO - DAG(s) dict_keys(['tutorial']) retrieved from /home/vscode/.local/lib/python3.10/site-packages/airflow/example_dags/tutorial.py
[2025-02-03T12:08:37.304+0000] {logging_mixin.py:150} INFO - [2025-02-03T12:08:37.304+0000] {dag.py:2742} INFO - Sync 1 DAGs
[2025-02-03T12:08:37.318+0000] {logging_mixin.py:150} INFO - [2025-02-03T12:08:37.317+0000] {dag.py:3504} INFO - Setting next_dagrun for tutorial to 2025-02-02T12:08:37.317756+00:00, run_after=2025-02-03T12:08:37.317756+00:00
[2025-02-03T12:08:37.332+0000] {processor.py:179} INFO - Processing /home/vscode/.local/lib/python3.10/site-packages/airflow/example_dags/tutorial.py took 0.047 seconds
[2025-02-03T12:09:20.316+0000] {processor.py:157} INFO - Started process (PID=46844) to work on /home/vscode/.local/lib/python3.10/site-packages/airflow/example_dags/tutorial.py
[2025-02-03T12:09:20.317+0000] {processor.py:826} INFO - Processing file /home/vscode/.local/lib/python3.10/site-packages/airflow/example_dags/tutorial.py for tasks to queue
[2025-02-03T12:09:20.317+0000] {logging_mixin.py:150} INFO - [2025-02-03T12:09:20.317+0000] {dagbag.py:541} INFO - Filling up the DagBag from /home/vscode/.local/lib/python3.10/site-packages/airflow/example_dags/tutorial.py
[2025-02-03T12:09:20.322+0000] {processor.py:836} INFO - DAG(s) dict_keys(['tutorial']) retrieved from /home/vscode/.local/lib/python3.10/site-packages/airflow/example_dags/tutorial.py
[2025-02-03T12:09:20.333+0000] {logging_mixin.py:150} INFO - [2025-02-03T12:09:20.333+0000] {dag.py:2742} INFO - Sync 1 DAGs
[2025-02-03T12:09:20.346+0000] {logging_mixin.py:150} INFO - [2025-02-03T12:09:20.346+0000] {dag.py:3504} INFO - Setting next_dagrun for tutorial to 2025-02-02T12:09:20.346427+00:00, run_after=2025-02-03T12:09:20.346427+00:00
[2025-02-03T12:09:20.361+0000] {processor.py:179} INFO - Processing /home/vscode/.local/lib/python3.10/site-packages/airflow/example_dags/tutorial.py took 0.047 seconds
[2025-02-03T12:10:01.997+0000] {processor.py:157} INFO - Started process (PID=47666) to work on /home/vscode/.local/lib/python3.10/site-packages/airflow/example_dags/tutorial.py
[2025-02-03T12:10:01.997+0000] {processor.py:826} INFO - Processing file /home/vscode/.local/lib/python3.10/site-packages/airflow/example_dags/tutorial.py for tasks to queue
[2025-02-03T12:10:01.998+0000] {logging_mixin.py:150} INFO - [2025-02-03T12:10:01.997+0000] {dagbag.py:541} INFO - Filling up the DagBag from /home/vscode/.local/lib/python3.10/site-packages/airflow/example_dags/tutorial.py
[2025-02-03T12:10:02.003+0000] {processor.py:836} INFO - DAG(s) dict_keys(['tutorial']) retrieved from /home/vscode/.local/lib/python3.10/site-packages/airflow/example_dags/tutorial.py
[2025-02-03T12:10:02.014+0000] {logging_mixin.py:150} INFO - [2025-02-03T12:10:02.014+0000] {dag.py:2742} INFO - Sync 1 DAGs
[2025-02-03T12:10:02.028+0000] {logging_mixin.py:150} INFO - [2025-02-03T12:10:02.028+0000] {dag.py:3504} INFO - Setting next_dagrun for tutorial to 2025-02-02T12:10:02.028579+00:00, run_after=2025-02-03T12:10:02.028579+00:00
[2025-02-03T12:10:02.043+0000] {processor.py:179} INFO - Processing /home/vscode/.local/lib/python3.10/site-packages/airflow/example_dags/tutorial.py took 0.049 seconds
