[2025-02-03T11:50:11.742+0000] {processor.py:157} INFO - Started process (PID=37329) to work on /home/vscode/.local/lib/python3.10/site-packages/airflow/example_dags/tutorial_taskflow_api.py
[2025-02-03T11:50:11.743+0000] {processor.py:826} INFO - Processing file /home/vscode/.local/lib/python3.10/site-packages/airflow/example_dags/tutorial_taskflow_api.py for tasks to queue
[2025-02-03T11:50:11.743+0000] {logging_mixin.py:150} INFO - [2025-02-03T11:50:11.743+0000] {dagbag.py:541} INFO - Filling up the DagBag from /home/vscode/.local/lib/python3.10/site-packages/airflow/example_dags/tutorial_taskflow_api.py
[2025-02-03T11:50:11.749+0000] {processor.py:836} INFO - DAG(s) dict_keys(['tutorial_taskflow_api']) retrieved from /home/vscode/.local/lib/python3.10/site-packages/airflow/example_dags/tutorial_taskflow_api.py
[2025-02-03T11:50:11.899+0000] {logging_mixin.py:150} INFO - [2025-02-03T11:50:11.899+0000] {manager.py:504} INFO - Created Permission View: can read on DAG:tutorial_taskflow_api
[2025-02-03T11:50:11.907+0000] {logging_mixin.py:150} INFO - [2025-02-03T11:50:11.906+0000] {manager.py:504} INFO - Created Permission View: can delete on DAG:tutorial_taskflow_api
[2025-02-03T11:50:11.912+0000] {logging_mixin.py:150} INFO - [2025-02-03T11:50:11.912+0000] {manager.py:504} INFO - Created Permission View: can edit on DAG:tutorial_taskflow_api
[2025-02-03T11:50:11.919+0000] {logging_mixin.py:150} INFO - [2025-02-03T11:50:11.919+0000] {dag.py:2742} INFO - Sync 1 DAGs
[2025-02-03T11:50:11.926+0000] {logging_mixin.py:150} INFO - [2025-02-03T11:50:11.926+0000] {dag.py:2763} INFO - Creating ORM DAG for tutorial_taskflow_api
[2025-02-03T11:50:11.932+0000] {logging_mixin.py:150} INFO - [2025-02-03T11:50:11.932+0000] {dag.py:3504} INFO - Setting next_dagrun for tutorial_taskflow_api to None, run_after=None
[2025-02-03T11:50:11.945+0000] {processor.py:179} INFO - Processing /home/vscode/.local/lib/python3.10/site-packages/airflow/example_dags/tutorial_taskflow_api.py took 0.205 seconds
[2025-02-03T11:51:04.574+0000] {processor.py:157} INFO - Started process (PID=37700) to work on /home/vscode/.local/lib/python3.10/site-packages/airflow/example_dags/tutorial_taskflow_api.py
[2025-02-03T11:51:04.574+0000] {processor.py:826} INFO - Processing file /home/vscode/.local/lib/python3.10/site-packages/airflow/example_dags/tutorial_taskflow_api.py for tasks to queue
[2025-02-03T11:51:04.575+0000] {logging_mixin.py:150} INFO - [2025-02-03T11:51:04.575+0000] {dagbag.py:541} INFO - Filling up the DagBag from /home/vscode/.local/lib/python3.10/site-packages/airflow/example_dags/tutorial_taskflow_api.py
[2025-02-03T11:51:04.579+0000] {processor.py:836} INFO - DAG(s) dict_keys(['tutorial_taskflow_api']) retrieved from /home/vscode/.local/lib/python3.10/site-packages/airflow/example_dags/tutorial_taskflow_api.py
[2025-02-03T11:51:04.590+0000] {logging_mixin.py:150} INFO - [2025-02-03T11:51:04.590+0000] {dag.py:2742} INFO - Sync 1 DAGs
[2025-02-03T11:51:04.603+0000] {logging_mixin.py:150} INFO - [2025-02-03T11:51:04.603+0000] {dag.py:3504} INFO - Setting next_dagrun for tutorial_taskflow_api to None, run_after=None
[2025-02-03T11:51:04.617+0000] {processor.py:179} INFO - Processing /home/vscode/.local/lib/python3.10/site-packages/airflow/example_dags/tutorial_taskflow_api.py took 0.046 seconds
[2025-02-03T11:51:38.241+0000] {processor.py:157} INFO - Started process (PID=37931) to work on /home/vscode/.local/lib/python3.10/site-packages/airflow/example_dags/tutorial_taskflow_api.py
[2025-02-03T11:51:38.242+0000] {processor.py:826} INFO - Processing file /home/vscode/.local/lib/python3.10/site-packages/airflow/example_dags/tutorial_taskflow_api.py for tasks to queue
[2025-02-03T11:51:38.242+0000] {logging_mixin.py:150} INFO - [2025-02-03T11:51:38.242+0000] {dagbag.py:541} INFO - Filling up the DagBag from /home/vscode/.local/lib/python3.10/site-packages/airflow/example_dags/tutorial_taskflow_api.py
[2025-02-03T11:51:38.247+0000] {processor.py:836} INFO - DAG(s) dict_keys(['tutorial_taskflow_api']) retrieved from /home/vscode/.local/lib/python3.10/site-packages/airflow/example_dags/tutorial_taskflow_api.py
[2025-02-03T11:51:38.258+0000] {logging_mixin.py:150} INFO - [2025-02-03T11:51:38.257+0000] {dag.py:2742} INFO - Sync 1 DAGs
[2025-02-03T11:51:38.271+0000] {logging_mixin.py:150} INFO - [2025-02-03T11:51:38.271+0000] {dag.py:3504} INFO - Setting next_dagrun for tutorial_taskflow_api to None, run_after=None
[2025-02-03T11:51:38.285+0000] {processor.py:179} INFO - Processing /home/vscode/.local/lib/python3.10/site-packages/airflow/example_dags/tutorial_taskflow_api.py took 0.046 seconds
[2025-02-03T11:52:10.073+0000] {processor.py:157} INFO - Started process (PID=38145) to work on /home/vscode/.local/lib/python3.10/site-packages/airflow/example_dags/tutorial_taskflow_api.py
[2025-02-03T11:52:10.074+0000] {processor.py:826} INFO - Processing file /home/vscode/.local/lib/python3.10/site-packages/airflow/example_dags/tutorial_taskflow_api.py for tasks to queue
[2025-02-03T11:52:10.074+0000] {logging_mixin.py:150} INFO - [2025-02-03T11:52:10.074+0000] {dagbag.py:541} INFO - Filling up the DagBag from /home/vscode/.local/lib/python3.10/site-packages/airflow/example_dags/tutorial_taskflow_api.py
[2025-02-03T11:52:10.079+0000] {processor.py:836} INFO - DAG(s) dict_keys(['tutorial_taskflow_api']) retrieved from /home/vscode/.local/lib/python3.10/site-packages/airflow/example_dags/tutorial_taskflow_api.py
[2025-02-03T11:52:10.090+0000] {logging_mixin.py:150} INFO - [2025-02-03T11:52:10.090+0000] {dag.py:2742} INFO - Sync 1 DAGs
[2025-02-03T11:52:10.104+0000] {logging_mixin.py:150} INFO - [2025-02-03T11:52:10.104+0000] {dag.py:3504} INFO - Setting next_dagrun for tutorial_taskflow_api to None, run_after=None
[2025-02-03T11:52:10.118+0000] {processor.py:179} INFO - Processing /home/vscode/.local/lib/python3.10/site-packages/airflow/example_dags/tutorial_taskflow_api.py took 0.047 seconds
[2025-02-03T11:52:49.405+0000] {processor.py:157} INFO - Started process (PID=38409) to work on /home/vscode/.local/lib/python3.10/site-packages/airflow/example_dags/tutorial_taskflow_api.py
[2025-02-03T11:52:49.405+0000] {processor.py:826} INFO - Processing file /home/vscode/.local/lib/python3.10/site-packages/airflow/example_dags/tutorial_taskflow_api.py for tasks to queue
[2025-02-03T11:52:49.406+0000] {logging_mixin.py:150} INFO - [2025-02-03T11:52:49.406+0000] {dagbag.py:541} INFO - Filling up the DagBag from /home/vscode/.local/lib/python3.10/site-packages/airflow/example_dags/tutorial_taskflow_api.py
[2025-02-03T11:52:49.410+0000] {processor.py:836} INFO - DAG(s) dict_keys(['tutorial_taskflow_api']) retrieved from /home/vscode/.local/lib/python3.10/site-packages/airflow/example_dags/tutorial_taskflow_api.py
[2025-02-03T11:52:49.422+0000] {logging_mixin.py:150} INFO - [2025-02-03T11:52:49.421+0000] {dag.py:2742} INFO - Sync 1 DAGs
[2025-02-03T11:52:49.435+0000] {logging_mixin.py:150} INFO - [2025-02-03T11:52:49.435+0000] {dag.py:3504} INFO - Setting next_dagrun for tutorial_taskflow_api to None, run_after=None
[2025-02-03T11:52:49.450+0000] {processor.py:179} INFO - Processing /home/vscode/.local/lib/python3.10/site-packages/airflow/example_dags/tutorial_taskflow_api.py took 0.047 seconds
[2025-02-03T11:53:33.673+0000] {processor.py:157} INFO - Started process (PID=38704) to work on /home/vscode/.local/lib/python3.10/site-packages/airflow/example_dags/tutorial_taskflow_api.py
[2025-02-03T11:53:33.674+0000] {processor.py:826} INFO - Processing file /home/vscode/.local/lib/python3.10/site-packages/airflow/example_dags/tutorial_taskflow_api.py for tasks to queue
[2025-02-03T11:53:33.675+0000] {logging_mixin.py:150} INFO - [2025-02-03T11:53:33.674+0000] {dagbag.py:541} INFO - Filling up the DagBag from /home/vscode/.local/lib/python3.10/site-packages/airflow/example_dags/tutorial_taskflow_api.py
[2025-02-03T11:53:33.679+0000] {processor.py:836} INFO - DAG(s) dict_keys(['tutorial_taskflow_api']) retrieved from /home/vscode/.local/lib/python3.10/site-packages/airflow/example_dags/tutorial_taskflow_api.py
[2025-02-03T11:53:33.690+0000] {logging_mixin.py:150} INFO - [2025-02-03T11:53:33.690+0000] {dag.py:2742} INFO - Sync 1 DAGs
[2025-02-03T11:53:33.704+0000] {logging_mixin.py:150} INFO - [2025-02-03T11:53:33.704+0000] {dag.py:3504} INFO - Setting next_dagrun for tutorial_taskflow_api to None, run_after=None
[2025-02-03T11:53:33.718+0000] {processor.py:179} INFO - Processing /home/vscode/.local/lib/python3.10/site-packages/airflow/example_dags/tutorial_taskflow_api.py took 0.046 seconds
[2025-02-03T11:54:15.420+0000] {processor.py:157} INFO - Started process (PID=38984) to work on /home/vscode/.local/lib/python3.10/site-packages/airflow/example_dags/tutorial_taskflow_api.py
[2025-02-03T11:54:15.421+0000] {processor.py:826} INFO - Processing file /home/vscode/.local/lib/python3.10/site-packages/airflow/example_dags/tutorial_taskflow_api.py for tasks to queue
[2025-02-03T11:54:15.421+0000] {logging_mixin.py:150} INFO - [2025-02-03T11:54:15.421+0000] {dagbag.py:541} INFO - Filling up the DagBag from /home/vscode/.local/lib/python3.10/site-packages/airflow/example_dags/tutorial_taskflow_api.py
[2025-02-03T11:54:15.426+0000] {processor.py:836} INFO - DAG(s) dict_keys(['tutorial_taskflow_api']) retrieved from /home/vscode/.local/lib/python3.10/site-packages/airflow/example_dags/tutorial_taskflow_api.py
[2025-02-03T11:54:15.437+0000] {logging_mixin.py:150} INFO - [2025-02-03T11:54:15.437+0000] {dag.py:2742} INFO - Sync 1 DAGs
[2025-02-03T11:54:15.450+0000] {logging_mixin.py:150} INFO - [2025-02-03T11:54:15.450+0000] {dag.py:3504} INFO - Setting next_dagrun for tutorial_taskflow_api to None, run_after=None
[2025-02-03T11:54:15.465+0000] {processor.py:179} INFO - Processing /home/vscode/.local/lib/python3.10/site-packages/airflow/example_dags/tutorial_taskflow_api.py took 0.047 seconds
[2025-02-03T11:54:59.687+0000] {processor.py:157} INFO - Started process (PID=39284) to work on /home/vscode/.local/lib/python3.10/site-packages/airflow/example_dags/tutorial_taskflow_api.py
[2025-02-03T11:54:59.687+0000] {processor.py:826} INFO - Processing file /home/vscode/.local/lib/python3.10/site-packages/airflow/example_dags/tutorial_taskflow_api.py for tasks to queue
[2025-02-03T11:54:59.688+0000] {logging_mixin.py:150} INFO - [2025-02-03T11:54:59.687+0000] {dagbag.py:541} INFO - Filling up the DagBag from /home/vscode/.local/lib/python3.10/site-packages/airflow/example_dags/tutorial_taskflow_api.py
[2025-02-03T11:54:59.692+0000] {processor.py:836} INFO - DAG(s) dict_keys(['tutorial_taskflow_api']) retrieved from /home/vscode/.local/lib/python3.10/site-packages/airflow/example_dags/tutorial_taskflow_api.py
[2025-02-03T11:54:59.703+0000] {logging_mixin.py:150} INFO - [2025-02-03T11:54:59.703+0000] {dag.py:2742} INFO - Sync 1 DAGs
[2025-02-03T11:54:59.717+0000] {logging_mixin.py:150} INFO - [2025-02-03T11:54:59.717+0000] {dag.py:3504} INFO - Setting next_dagrun for tutorial_taskflow_api to None, run_after=None
[2025-02-03T11:54:59.731+0000] {processor.py:179} INFO - Processing /home/vscode/.local/lib/python3.10/site-packages/airflow/example_dags/tutorial_taskflow_api.py took 0.046 seconds
[2025-02-03T11:55:39.655+0000] {processor.py:157} INFO - Started process (PID=39556) to work on /home/vscode/.local/lib/python3.10/site-packages/airflow/example_dags/tutorial_taskflow_api.py
[2025-02-03T11:55:39.656+0000] {processor.py:826} INFO - Processing file /home/vscode/.local/lib/python3.10/site-packages/airflow/example_dags/tutorial_taskflow_api.py for tasks to queue
[2025-02-03T11:55:39.656+0000] {logging_mixin.py:150} INFO - [2025-02-03T11:55:39.656+0000] {dagbag.py:541} INFO - Filling up the DagBag from /home/vscode/.local/lib/python3.10/site-packages/airflow/example_dags/tutorial_taskflow_api.py
[2025-02-03T11:55:39.662+0000] {processor.py:836} INFO - DAG(s) dict_keys(['tutorial_taskflow_api']) retrieved from /home/vscode/.local/lib/python3.10/site-packages/airflow/example_dags/tutorial_taskflow_api.py
[2025-02-03T11:55:39.674+0000] {logging_mixin.py:150} INFO - [2025-02-03T11:55:39.674+0000] {dag.py:2742} INFO - Sync 1 DAGs
[2025-02-03T11:55:39.688+0000] {logging_mixin.py:150} INFO - [2025-02-03T11:55:39.688+0000] {dag.py:3504} INFO - Setting next_dagrun for tutorial_taskflow_api to None, run_after=None
[2025-02-03T11:55:39.703+0000] {processor.py:179} INFO - Processing /home/vscode/.local/lib/python3.10/site-packages/airflow/example_dags/tutorial_taskflow_api.py took 0.051 seconds
[2025-02-03T11:56:10.599+0000] {processor.py:157} INFO - Started process (PID=39762) to work on /home/vscode/.local/lib/python3.10/site-packages/airflow/example_dags/tutorial_taskflow_api.py
[2025-02-03T11:56:10.599+0000] {processor.py:826} INFO - Processing file /home/vscode/.local/lib/python3.10/site-packages/airflow/example_dags/tutorial_taskflow_api.py for tasks to queue
[2025-02-03T11:56:10.600+0000] {logging_mixin.py:150} INFO - [2025-02-03T11:56:10.599+0000] {dagbag.py:541} INFO - Filling up the DagBag from /home/vscode/.local/lib/python3.10/site-packages/airflow/example_dags/tutorial_taskflow_api.py
[2025-02-03T11:56:10.604+0000] {processor.py:836} INFO - DAG(s) dict_keys(['tutorial_taskflow_api']) retrieved from /home/vscode/.local/lib/python3.10/site-packages/airflow/example_dags/tutorial_taskflow_api.py
[2025-02-03T11:56:10.616+0000] {logging_mixin.py:150} INFO - [2025-02-03T11:56:10.615+0000] {dag.py:2742} INFO - Sync 1 DAGs
[2025-02-03T11:56:10.629+0000] {logging_mixin.py:150} INFO - [2025-02-03T11:56:10.629+0000] {dag.py:3504} INFO - Setting next_dagrun for tutorial_taskflow_api to None, run_after=None
[2025-02-03T11:56:10.644+0000] {processor.py:179} INFO - Processing /home/vscode/.local/lib/python3.10/site-packages/airflow/example_dags/tutorial_taskflow_api.py took 0.047 seconds
[2025-02-03T11:56:47.430+0000] {processor.py:157} INFO - Started process (PID=40006) to work on /home/vscode/.local/lib/python3.10/site-packages/airflow/example_dags/tutorial_taskflow_api.py
[2025-02-03T11:56:47.431+0000] {processor.py:826} INFO - Processing file /home/vscode/.local/lib/python3.10/site-packages/airflow/example_dags/tutorial_taskflow_api.py for tasks to queue
[2025-02-03T11:56:47.431+0000] {logging_mixin.py:150} INFO - [2025-02-03T11:56:47.431+0000] {dagbag.py:541} INFO - Filling up the DagBag from /home/vscode/.local/lib/python3.10/site-packages/airflow/example_dags/tutorial_taskflow_api.py
[2025-02-03T11:56:47.436+0000] {processor.py:836} INFO - DAG(s) dict_keys(['tutorial_taskflow_api']) retrieved from /home/vscode/.local/lib/python3.10/site-packages/airflow/example_dags/tutorial_taskflow_api.py
[2025-02-03T11:56:47.447+0000] {logging_mixin.py:150} INFO - [2025-02-03T11:56:47.447+0000] {dag.py:2742} INFO - Sync 1 DAGs
[2025-02-03T11:56:47.460+0000] {logging_mixin.py:150} INFO - [2025-02-03T11:56:47.460+0000] {dag.py:3504} INFO - Setting next_dagrun for tutorial_taskflow_api to None, run_after=None
[2025-02-03T11:56:47.475+0000] {processor.py:179} INFO - Processing /home/vscode/.local/lib/python3.10/site-packages/airflow/example_dags/tutorial_taskflow_api.py took 0.047 seconds
[2025-02-03T11:57:30.679+0000] {processor.py:157} INFO - Started process (PID=40300) to work on /home/vscode/.local/lib/python3.10/site-packages/airflow/example_dags/tutorial_taskflow_api.py
[2025-02-03T11:57:30.681+0000] {processor.py:826} INFO - Processing file /home/vscode/.local/lib/python3.10/site-packages/airflow/example_dags/tutorial_taskflow_api.py for tasks to queue
[2025-02-03T11:57:30.681+0000] {logging_mixin.py:150} INFO - [2025-02-03T11:57:30.681+0000] {dagbag.py:541} INFO - Filling up the DagBag from /home/vscode/.local/lib/python3.10/site-packages/airflow/example_dags/tutorial_taskflow_api.py
[2025-02-03T11:57:30.686+0000] {processor.py:836} INFO - DAG(s) dict_keys(['tutorial_taskflow_api']) retrieved from /home/vscode/.local/lib/python3.10/site-packages/airflow/example_dags/tutorial_taskflow_api.py
[2025-02-03T11:57:30.697+0000] {logging_mixin.py:150} INFO - [2025-02-03T11:57:30.697+0000] {dag.py:2742} INFO - Sync 1 DAGs
[2025-02-03T11:57:30.711+0000] {logging_mixin.py:150} INFO - [2025-02-03T11:57:30.711+0000] {dag.py:3504} INFO - Setting next_dagrun for tutorial_taskflow_api to None, run_after=None
[2025-02-03T11:57:30.725+0000] {processor.py:179} INFO - Processing /home/vscode/.local/lib/python3.10/site-packages/airflow/example_dags/tutorial_taskflow_api.py took 0.048 seconds
[2025-02-03T11:58:03.213+0000] {processor.py:157} INFO - Started process (PID=40515) to work on /home/vscode/.local/lib/python3.10/site-packages/airflow/example_dags/tutorial_taskflow_api.py
[2025-02-03T11:58:03.214+0000] {processor.py:826} INFO - Processing file /home/vscode/.local/lib/python3.10/site-packages/airflow/example_dags/tutorial_taskflow_api.py for tasks to queue
[2025-02-03T11:58:03.214+0000] {logging_mixin.py:150} INFO - [2025-02-03T11:58:03.214+0000] {dagbag.py:541} INFO - Filling up the DagBag from /home/vscode/.local/lib/python3.10/site-packages/airflow/example_dags/tutorial_taskflow_api.py
[2025-02-03T11:58:03.219+0000] {processor.py:836} INFO - DAG(s) dict_keys(['tutorial_taskflow_api']) retrieved from /home/vscode/.local/lib/python3.10/site-packages/airflow/example_dags/tutorial_taskflow_api.py
[2025-02-03T11:58:03.230+0000] {logging_mixin.py:150} INFO - [2025-02-03T11:58:03.229+0000] {dag.py:2742} INFO - Sync 1 DAGs
[2025-02-03T11:58:03.245+0000] {logging_mixin.py:150} INFO - [2025-02-03T11:58:03.244+0000] {dag.py:3504} INFO - Setting next_dagrun for tutorial_taskflow_api to None, run_after=None
[2025-02-03T11:58:03.261+0000] {processor.py:179} INFO - Processing /home/vscode/.local/lib/python3.10/site-packages/airflow/example_dags/tutorial_taskflow_api.py took 0.050 seconds
[2025-02-03T11:58:35.181+0000] {processor.py:157} INFO - Started process (PID=40730) to work on /home/vscode/.local/lib/python3.10/site-packages/airflow/example_dags/tutorial_taskflow_api.py
[2025-02-03T11:58:35.181+0000] {processor.py:826} INFO - Processing file /home/vscode/.local/lib/python3.10/site-packages/airflow/example_dags/tutorial_taskflow_api.py for tasks to queue
[2025-02-03T11:58:35.182+0000] {logging_mixin.py:150} INFO - [2025-02-03T11:58:35.182+0000] {dagbag.py:541} INFO - Filling up the DagBag from /home/vscode/.local/lib/python3.10/site-packages/airflow/example_dags/tutorial_taskflow_api.py
[2025-02-03T11:58:35.186+0000] {processor.py:836} INFO - DAG(s) dict_keys(['tutorial_taskflow_api']) retrieved from /home/vscode/.local/lib/python3.10/site-packages/airflow/example_dags/tutorial_taskflow_api.py
[2025-02-03T11:58:35.198+0000] {logging_mixin.py:150} INFO - [2025-02-03T11:58:35.197+0000] {dag.py:2742} INFO - Sync 1 DAGs
[2025-02-03T11:58:35.212+0000] {logging_mixin.py:150} INFO - [2025-02-03T11:58:35.211+0000] {dag.py:3504} INFO - Setting next_dagrun for tutorial_taskflow_api to None, run_after=None
[2025-02-03T11:58:35.225+0000] {processor.py:179} INFO - Processing /home/vscode/.local/lib/python3.10/site-packages/airflow/example_dags/tutorial_taskflow_api.py took 0.047 seconds
[2025-02-03T11:59:16.584+0000] {processor.py:157} INFO - Started process (PID=41010) to work on /home/vscode/.local/lib/python3.10/site-packages/airflow/example_dags/tutorial_taskflow_api.py
[2025-02-03T11:59:16.584+0000] {processor.py:826} INFO - Processing file /home/vscode/.local/lib/python3.10/site-packages/airflow/example_dags/tutorial_taskflow_api.py for tasks to queue
[2025-02-03T11:59:16.585+0000] {logging_mixin.py:150} INFO - [2025-02-03T11:59:16.585+0000] {dagbag.py:541} INFO - Filling up the DagBag from /home/vscode/.local/lib/python3.10/site-packages/airflow/example_dags/tutorial_taskflow_api.py
[2025-02-03T11:59:16.590+0000] {processor.py:836} INFO - DAG(s) dict_keys(['tutorial_taskflow_api']) retrieved from /home/vscode/.local/lib/python3.10/site-packages/airflow/example_dags/tutorial_taskflow_api.py
[2025-02-03T11:59:16.601+0000] {logging_mixin.py:150} INFO - [2025-02-03T11:59:16.601+0000] {dag.py:2742} INFO - Sync 1 DAGs
[2025-02-03T11:59:16.615+0000] {logging_mixin.py:150} INFO - [2025-02-03T11:59:16.614+0000] {dag.py:3504} INFO - Setting next_dagrun for tutorial_taskflow_api to None, run_after=None
[2025-02-03T11:59:16.631+0000] {processor.py:179} INFO - Processing /home/vscode/.local/lib/python3.10/site-packages/airflow/example_dags/tutorial_taskflow_api.py took 0.049 seconds
[2025-02-03T11:59:59.788+0000] {processor.py:157} INFO - Started process (PID=41304) to work on /home/vscode/.local/lib/python3.10/site-packages/airflow/example_dags/tutorial_taskflow_api.py
[2025-02-03T11:59:59.789+0000] {processor.py:826} INFO - Processing file /home/vscode/.local/lib/python3.10/site-packages/airflow/example_dags/tutorial_taskflow_api.py for tasks to queue
[2025-02-03T11:59:59.789+0000] {logging_mixin.py:150} INFO - [2025-02-03T11:59:59.789+0000] {dagbag.py:541} INFO - Filling up the DagBag from /home/vscode/.local/lib/python3.10/site-packages/airflow/example_dags/tutorial_taskflow_api.py
[2025-02-03T11:59:59.794+0000] {processor.py:836} INFO - DAG(s) dict_keys(['tutorial_taskflow_api']) retrieved from /home/vscode/.local/lib/python3.10/site-packages/airflow/example_dags/tutorial_taskflow_api.py
[2025-02-03T11:59:59.805+0000] {logging_mixin.py:150} INFO - [2025-02-03T11:59:59.805+0000] {dag.py:2742} INFO - Sync 1 DAGs
[2025-02-03T11:59:59.818+0000] {logging_mixin.py:150} INFO - [2025-02-03T11:59:59.818+0000] {dag.py:3504} INFO - Setting next_dagrun for tutorial_taskflow_api to None, run_after=None
[2025-02-03T11:59:59.832+0000] {processor.py:179} INFO - Processing /home/vscode/.local/lib/python3.10/site-packages/airflow/example_dags/tutorial_taskflow_api.py took 0.046 seconds
[2025-02-03T12:00:42.365+0000] {processor.py:157} INFO - Started process (PID=41583) to work on /home/vscode/.local/lib/python3.10/site-packages/airflow/example_dags/tutorial_taskflow_api.py
[2025-02-03T12:00:42.366+0000] {processor.py:826} INFO - Processing file /home/vscode/.local/lib/python3.10/site-packages/airflow/example_dags/tutorial_taskflow_api.py for tasks to queue
[2025-02-03T12:00:42.367+0000] {logging_mixin.py:150} INFO - [2025-02-03T12:00:42.366+0000] {dagbag.py:541} INFO - Filling up the DagBag from /home/vscode/.local/lib/python3.10/site-packages/airflow/example_dags/tutorial_taskflow_api.py
[2025-02-03T12:00:42.371+0000] {processor.py:836} INFO - DAG(s) dict_keys(['tutorial_taskflow_api']) retrieved from /home/vscode/.local/lib/python3.10/site-packages/airflow/example_dags/tutorial_taskflow_api.py
[2025-02-03T12:00:42.383+0000] {logging_mixin.py:150} INFO - [2025-02-03T12:00:42.383+0000] {dag.py:2742} INFO - Sync 1 DAGs
[2025-02-03T12:00:42.397+0000] {logging_mixin.py:150} INFO - [2025-02-03T12:00:42.397+0000] {dag.py:3504} INFO - Setting next_dagrun for tutorial_taskflow_api to None, run_after=None
[2025-02-03T12:00:42.411+0000] {processor.py:179} INFO - Processing /home/vscode/.local/lib/python3.10/site-packages/airflow/example_dags/tutorial_taskflow_api.py took 0.048 seconds
[2025-02-03T12:01:13.193+0000] {processor.py:157} INFO - Started process (PID=41791) to work on /home/vscode/.local/lib/python3.10/site-packages/airflow/example_dags/tutorial_taskflow_api.py
[2025-02-03T12:01:13.194+0000] {processor.py:826} INFO - Processing file /home/vscode/.local/lib/python3.10/site-packages/airflow/example_dags/tutorial_taskflow_api.py for tasks to queue
[2025-02-03T12:01:13.195+0000] {logging_mixin.py:150} INFO - [2025-02-03T12:01:13.194+0000] {dagbag.py:541} INFO - Filling up the DagBag from /home/vscode/.local/lib/python3.10/site-packages/airflow/example_dags/tutorial_taskflow_api.py
[2025-02-03T12:01:13.199+0000] {processor.py:836} INFO - DAG(s) dict_keys(['tutorial_taskflow_api']) retrieved from /home/vscode/.local/lib/python3.10/site-packages/airflow/example_dags/tutorial_taskflow_api.py
[2025-02-03T12:01:13.210+0000] {logging_mixin.py:150} INFO - [2025-02-03T12:01:13.210+0000] {dag.py:2742} INFO - Sync 1 DAGs
[2025-02-03T12:01:13.224+0000] {logging_mixin.py:150} INFO - [2025-02-03T12:01:13.224+0000] {dag.py:3504} INFO - Setting next_dagrun for tutorial_taskflow_api to None, run_after=None
[2025-02-03T12:01:13.238+0000] {processor.py:179} INFO - Processing /home/vscode/.local/lib/python3.10/site-packages/airflow/example_dags/tutorial_taskflow_api.py took 0.047 seconds
[2025-02-03T12:01:56.571+0000] {processor.py:157} INFO - Started process (PID=42083) to work on /home/vscode/.local/lib/python3.10/site-packages/airflow/example_dags/tutorial_taskflow_api.py
[2025-02-03T12:01:56.572+0000] {processor.py:826} INFO - Processing file /home/vscode/.local/lib/python3.10/site-packages/airflow/example_dags/tutorial_taskflow_api.py for tasks to queue
[2025-02-03T12:01:56.572+0000] {logging_mixin.py:150} INFO - [2025-02-03T12:01:56.572+0000] {dagbag.py:541} INFO - Filling up the DagBag from /home/vscode/.local/lib/python3.10/site-packages/airflow/example_dags/tutorial_taskflow_api.py
[2025-02-03T12:01:56.577+0000] {processor.py:836} INFO - DAG(s) dict_keys(['tutorial_taskflow_api']) retrieved from /home/vscode/.local/lib/python3.10/site-packages/airflow/example_dags/tutorial_taskflow_api.py
[2025-02-03T12:01:56.589+0000] {logging_mixin.py:150} INFO - [2025-02-03T12:01:56.589+0000] {dag.py:2742} INFO - Sync 1 DAGs
[2025-02-03T12:01:56.604+0000] {logging_mixin.py:150} INFO - [2025-02-03T12:01:56.603+0000] {dag.py:3504} INFO - Setting next_dagrun for tutorial_taskflow_api to None, run_after=None
[2025-02-03T12:01:56.618+0000] {processor.py:179} INFO - Processing /home/vscode/.local/lib/python3.10/site-packages/airflow/example_dags/tutorial_taskflow_api.py took 0.050 seconds
[2025-02-03T12:02:38.810+0000] {processor.py:157} INFO - Started process (PID=42364) to work on /home/vscode/.local/lib/python3.10/site-packages/airflow/example_dags/tutorial_taskflow_api.py
[2025-02-03T12:02:38.810+0000] {processor.py:826} INFO - Processing file /home/vscode/.local/lib/python3.10/site-packages/airflow/example_dags/tutorial_taskflow_api.py for tasks to queue
[2025-02-03T12:02:38.811+0000] {logging_mixin.py:150} INFO - [2025-02-03T12:02:38.811+0000] {dagbag.py:541} INFO - Filling up the DagBag from /home/vscode/.local/lib/python3.10/site-packages/airflow/example_dags/tutorial_taskflow_api.py
[2025-02-03T12:02:38.815+0000] {processor.py:836} INFO - DAG(s) dict_keys(['tutorial_taskflow_api']) retrieved from /home/vscode/.local/lib/python3.10/site-packages/airflow/example_dags/tutorial_taskflow_api.py
[2025-02-03T12:02:38.826+0000] {logging_mixin.py:150} INFO - [2025-02-03T12:02:38.826+0000] {dag.py:2742} INFO - Sync 1 DAGs
[2025-02-03T12:02:38.840+0000] {logging_mixin.py:150} INFO - [2025-02-03T12:02:38.840+0000] {dag.py:3504} INFO - Setting next_dagrun for tutorial_taskflow_api to None, run_after=None
[2025-02-03T12:02:38.854+0000] {processor.py:179} INFO - Processing /home/vscode/.local/lib/python3.10/site-packages/airflow/example_dags/tutorial_taskflow_api.py took 0.046 seconds
[2025-02-03T12:03:21.095+0000] {processor.py:157} INFO - Started process (PID=42651) to work on /home/vscode/.local/lib/python3.10/site-packages/airflow/example_dags/tutorial_taskflow_api.py
[2025-02-03T12:03:21.096+0000] {processor.py:826} INFO - Processing file /home/vscode/.local/lib/python3.10/site-packages/airflow/example_dags/tutorial_taskflow_api.py for tasks to queue
[2025-02-03T12:03:21.096+0000] {logging_mixin.py:150} INFO - [2025-02-03T12:03:21.096+0000] {dagbag.py:541} INFO - Filling up the DagBag from /home/vscode/.local/lib/python3.10/site-packages/airflow/example_dags/tutorial_taskflow_api.py
[2025-02-03T12:03:21.102+0000] {processor.py:836} INFO - DAG(s) dict_keys(['tutorial_taskflow_api']) retrieved from /home/vscode/.local/lib/python3.10/site-packages/airflow/example_dags/tutorial_taskflow_api.py
[2025-02-03T12:03:21.115+0000] {logging_mixin.py:150} INFO - [2025-02-03T12:03:21.115+0000] {dag.py:2742} INFO - Sync 1 DAGs
[2025-02-03T12:03:21.129+0000] {logging_mixin.py:150} INFO - [2025-02-03T12:03:21.129+0000] {dag.py:3504} INFO - Setting next_dagrun for tutorial_taskflow_api to None, run_after=None
[2025-02-03T12:03:21.145+0000] {processor.py:179} INFO - Processing /home/vscode/.local/lib/python3.10/site-packages/airflow/example_dags/tutorial_taskflow_api.py took 0.053 seconds
[2025-02-03T12:04:05.202+0000] {processor.py:157} INFO - Started process (PID=42952) to work on /home/vscode/.local/lib/python3.10/site-packages/airflow/example_dags/tutorial_taskflow_api.py
[2025-02-03T12:04:05.202+0000] {processor.py:826} INFO - Processing file /home/vscode/.local/lib/python3.10/site-packages/airflow/example_dags/tutorial_taskflow_api.py for tasks to queue
[2025-02-03T12:04:05.203+0000] {logging_mixin.py:150} INFO - [2025-02-03T12:04:05.203+0000] {dagbag.py:541} INFO - Filling up the DagBag from /home/vscode/.local/lib/python3.10/site-packages/airflow/example_dags/tutorial_taskflow_api.py
[2025-02-03T12:04:05.208+0000] {processor.py:836} INFO - DAG(s) dict_keys(['tutorial_taskflow_api']) retrieved from /home/vscode/.local/lib/python3.10/site-packages/airflow/example_dags/tutorial_taskflow_api.py
[2025-02-03T12:04:05.219+0000] {logging_mixin.py:150} INFO - [2025-02-03T12:04:05.219+0000] {dag.py:2742} INFO - Sync 1 DAGs
[2025-02-03T12:04:05.233+0000] {logging_mixin.py:150} INFO - [2025-02-03T12:04:05.232+0000] {dag.py:3504} INFO - Setting next_dagrun for tutorial_taskflow_api to None, run_after=None
[2025-02-03T12:04:05.246+0000] {processor.py:179} INFO - Processing /home/vscode/.local/lib/python3.10/site-packages/airflow/example_dags/tutorial_taskflow_api.py took 0.047 seconds
[2025-02-03T12:04:48.794+0000] {processor.py:157} INFO - Started process (PID=43240) to work on /home/vscode/.local/lib/python3.10/site-packages/airflow/example_dags/tutorial_taskflow_api.py
[2025-02-03T12:04:48.795+0000] {processor.py:826} INFO - Processing file /home/vscode/.local/lib/python3.10/site-packages/airflow/example_dags/tutorial_taskflow_api.py for tasks to queue
[2025-02-03T12:04:48.795+0000] {logging_mixin.py:150} INFO - [2025-02-03T12:04:48.795+0000] {dagbag.py:541} INFO - Filling up the DagBag from /home/vscode/.local/lib/python3.10/site-packages/airflow/example_dags/tutorial_taskflow_api.py
[2025-02-03T12:04:48.800+0000] {processor.py:836} INFO - DAG(s) dict_keys(['tutorial_taskflow_api']) retrieved from /home/vscode/.local/lib/python3.10/site-packages/airflow/example_dags/tutorial_taskflow_api.py
[2025-02-03T12:04:48.811+0000] {logging_mixin.py:150} INFO - [2025-02-03T12:04:48.811+0000] {dag.py:2742} INFO - Sync 1 DAGs
[2025-02-03T12:04:48.824+0000] {logging_mixin.py:150} INFO - [2025-02-03T12:04:48.824+0000] {dag.py:3504} INFO - Setting next_dagrun for tutorial_taskflow_api to None, run_after=None
[2025-02-03T12:04:48.839+0000] {processor.py:179} INFO - Processing /home/vscode/.local/lib/python3.10/site-packages/airflow/example_dags/tutorial_taskflow_api.py took 0.047 seconds
[2025-02-03T12:05:32.901+0000] {processor.py:157} INFO - Started process (PID=43541) to work on /home/vscode/.local/lib/python3.10/site-packages/airflow/example_dags/tutorial_taskflow_api.py
[2025-02-03T12:05:32.901+0000] {processor.py:826} INFO - Processing file /home/vscode/.local/lib/python3.10/site-packages/airflow/example_dags/tutorial_taskflow_api.py for tasks to queue
[2025-02-03T12:05:32.902+0000] {logging_mixin.py:150} INFO - [2025-02-03T12:05:32.902+0000] {dagbag.py:541} INFO - Filling up the DagBag from /home/vscode/.local/lib/python3.10/site-packages/airflow/example_dags/tutorial_taskflow_api.py
[2025-02-03T12:05:32.906+0000] {processor.py:836} INFO - DAG(s) dict_keys(['tutorial_taskflow_api']) retrieved from /home/vscode/.local/lib/python3.10/site-packages/airflow/example_dags/tutorial_taskflow_api.py
[2025-02-03T12:05:32.918+0000] {logging_mixin.py:150} INFO - [2025-02-03T12:05:32.918+0000] {dag.py:2742} INFO - Sync 1 DAGs
[2025-02-03T12:05:32.931+0000] {logging_mixin.py:150} INFO - [2025-02-03T12:05:32.931+0000] {dag.py:3504} INFO - Setting next_dagrun for tutorial_taskflow_api to None, run_after=None
[2025-02-03T12:05:32.945+0000] {processor.py:179} INFO - Processing /home/vscode/.local/lib/python3.10/site-packages/airflow/example_dags/tutorial_taskflow_api.py took 0.046 seconds
[2025-02-03T12:06:04.954+0000] {processor.py:157} INFO - Started process (PID=43758) to work on /home/vscode/.local/lib/python3.10/site-packages/airflow/example_dags/tutorial_taskflow_api.py
[2025-02-03T12:06:04.955+0000] {processor.py:826} INFO - Processing file /home/vscode/.local/lib/python3.10/site-packages/airflow/example_dags/tutorial_taskflow_api.py for tasks to queue
[2025-02-03T12:06:04.956+0000] {logging_mixin.py:150} INFO - [2025-02-03T12:06:04.955+0000] {dagbag.py:541} INFO - Filling up the DagBag from /home/vscode/.local/lib/python3.10/site-packages/airflow/example_dags/tutorial_taskflow_api.py
[2025-02-03T12:06:04.960+0000] {processor.py:836} INFO - DAG(s) dict_keys(['tutorial_taskflow_api']) retrieved from /home/vscode/.local/lib/python3.10/site-packages/airflow/example_dags/tutorial_taskflow_api.py
[2025-02-03T12:06:04.972+0000] {logging_mixin.py:150} INFO - [2025-02-03T12:06:04.972+0000] {dag.py:2742} INFO - Sync 1 DAGs
[2025-02-03T12:06:04.986+0000] {logging_mixin.py:150} INFO - [2025-02-03T12:06:04.986+0000] {dag.py:3504} INFO - Setting next_dagrun for tutorial_taskflow_api to None, run_after=None
[2025-02-03T12:06:05.001+0000] {processor.py:179} INFO - Processing /home/vscode/.local/lib/python3.10/site-packages/airflow/example_dags/tutorial_taskflow_api.py took 0.049 seconds
[2025-02-03T12:06:35.223+0000] {processor.py:157} INFO - Started process (PID=43952) to work on /home/vscode/.local/lib/python3.10/site-packages/airflow/example_dags/tutorial_taskflow_api.py
[2025-02-03T12:06:35.224+0000] {processor.py:826} INFO - Processing file /home/vscode/.local/lib/python3.10/site-packages/airflow/example_dags/tutorial_taskflow_api.py for tasks to queue
[2025-02-03T12:06:35.224+0000] {logging_mixin.py:150} INFO - [2025-02-03T12:06:35.224+0000] {dagbag.py:541} INFO - Filling up the DagBag from /home/vscode/.local/lib/python3.10/site-packages/airflow/example_dags/tutorial_taskflow_api.py
[2025-02-03T12:06:35.229+0000] {processor.py:836} INFO - DAG(s) dict_keys(['tutorial_taskflow_api']) retrieved from /home/vscode/.local/lib/python3.10/site-packages/airflow/example_dags/tutorial_taskflow_api.py
[2025-02-03T12:06:35.240+0000] {logging_mixin.py:150} INFO - [2025-02-03T12:06:35.240+0000] {dag.py:2742} INFO - Sync 1 DAGs
[2025-02-03T12:06:35.253+0000] {logging_mixin.py:150} INFO - [2025-02-03T12:06:35.253+0000] {dag.py:3504} INFO - Setting next_dagrun for tutorial_taskflow_api to None, run_after=None
[2025-02-03T12:06:35.268+0000] {processor.py:179} INFO - Processing /home/vscode/.local/lib/python3.10/site-packages/airflow/example_dags/tutorial_taskflow_api.py took 0.047 seconds
[2025-02-03T12:07:07.460+0000] {processor.py:157} INFO - Started process (PID=44174) to work on /home/vscode/.local/lib/python3.10/site-packages/airflow/example_dags/tutorial_taskflow_api.py
[2025-02-03T12:07:07.460+0000] {processor.py:826} INFO - Processing file /home/vscode/.local/lib/python3.10/site-packages/airflow/example_dags/tutorial_taskflow_api.py for tasks to queue
[2025-02-03T12:07:07.461+0000] {logging_mixin.py:150} INFO - [2025-02-03T12:07:07.461+0000] {dagbag.py:541} INFO - Filling up the DagBag from /home/vscode/.local/lib/python3.10/site-packages/airflow/example_dags/tutorial_taskflow_api.py
[2025-02-03T12:07:07.466+0000] {processor.py:836} INFO - DAG(s) dict_keys(['tutorial_taskflow_api']) retrieved from /home/vscode/.local/lib/python3.10/site-packages/airflow/example_dags/tutorial_taskflow_api.py
[2025-02-03T12:07:07.478+0000] {logging_mixin.py:150} INFO - [2025-02-03T12:07:07.477+0000] {dag.py:2742} INFO - Sync 1 DAGs
[2025-02-03T12:07:07.491+0000] {logging_mixin.py:150} INFO - [2025-02-03T12:07:07.491+0000] {dag.py:3504} INFO - Setting next_dagrun for tutorial_taskflow_api to None, run_after=None
[2025-02-03T12:07:07.506+0000] {processor.py:179} INFO - Processing /home/vscode/.local/lib/python3.10/site-packages/airflow/example_dags/tutorial_taskflow_api.py took 0.048 seconds
[2025-02-03T12:07:49.620+0000] {processor.py:157} INFO - Started process (PID=45035) to work on /home/vscode/.local/lib/python3.10/site-packages/airflow/example_dags/tutorial_taskflow_api.py
[2025-02-03T12:07:49.621+0000] {processor.py:826} INFO - Processing file /home/vscode/.local/lib/python3.10/site-packages/airflow/example_dags/tutorial_taskflow_api.py for tasks to queue
[2025-02-03T12:07:49.621+0000] {logging_mixin.py:150} INFO - [2025-02-03T12:07:49.621+0000] {dagbag.py:541} INFO - Filling up the DagBag from /home/vscode/.local/lib/python3.10/site-packages/airflow/example_dags/tutorial_taskflow_api.py
[2025-02-03T12:07:49.627+0000] {processor.py:836} INFO - DAG(s) dict_keys(['tutorial_taskflow_api']) retrieved from /home/vscode/.local/lib/python3.10/site-packages/airflow/example_dags/tutorial_taskflow_api.py
[2025-02-03T12:07:49.639+0000] {logging_mixin.py:150} INFO - [2025-02-03T12:07:49.639+0000] {dag.py:2742} INFO - Sync 1 DAGs
[2025-02-03T12:07:49.654+0000] {logging_mixin.py:150} INFO - [2025-02-03T12:07:49.654+0000] {dag.py:3504} INFO - Setting next_dagrun for tutorial_taskflow_api to None, run_after=None
[2025-02-03T12:07:49.668+0000] {processor.py:179} INFO - Processing /home/vscode/.local/lib/python3.10/site-packages/airflow/example_dags/tutorial_taskflow_api.py took 0.050 seconds
[2025-02-03T12:08:21.020+0000] {processor.py:157} INFO - Started process (PID=46334) to work on /home/vscode/.local/lib/python3.10/site-packages/airflow/example_dags/tutorial_taskflow_api.py
[2025-02-03T12:08:21.021+0000] {processor.py:826} INFO - Processing file /home/vscode/.local/lib/python3.10/site-packages/airflow/example_dags/tutorial_taskflow_api.py for tasks to queue
[2025-02-03T12:08:21.021+0000] {logging_mixin.py:150} INFO - [2025-02-03T12:08:21.021+0000] {dagbag.py:541} INFO - Filling up the DagBag from /home/vscode/.local/lib/python3.10/site-packages/airflow/example_dags/tutorial_taskflow_api.py
[2025-02-03T12:08:21.026+0000] {processor.py:836} INFO - DAG(s) dict_keys(['tutorial_taskflow_api']) retrieved from /home/vscode/.local/lib/python3.10/site-packages/airflow/example_dags/tutorial_taskflow_api.py
[2025-02-03T12:08:21.038+0000] {logging_mixin.py:150} INFO - [2025-02-03T12:08:21.038+0000] {dag.py:2742} INFO - Sync 1 DAGs
[2025-02-03T12:08:21.052+0000] {logging_mixin.py:150} INFO - [2025-02-03T12:08:21.051+0000] {dag.py:3504} INFO - Setting next_dagrun for tutorial_taskflow_api to None, run_after=None
[2025-02-03T12:08:21.066+0000] {processor.py:179} INFO - Processing /home/vscode/.local/lib/python3.10/site-packages/airflow/example_dags/tutorial_taskflow_api.py took 0.048 seconds
[2025-02-03T12:08:52.366+0000] {processor.py:157} INFO - Started process (PID=46572) to work on /home/vscode/.local/lib/python3.10/site-packages/airflow/example_dags/tutorial_taskflow_api.py
[2025-02-03T12:08:52.366+0000] {processor.py:826} INFO - Processing file /home/vscode/.local/lib/python3.10/site-packages/airflow/example_dags/tutorial_taskflow_api.py for tasks to queue
[2025-02-03T12:08:52.367+0000] {logging_mixin.py:150} INFO - [2025-02-03T12:08:52.367+0000] {dagbag.py:541} INFO - Filling up the DagBag from /home/vscode/.local/lib/python3.10/site-packages/airflow/example_dags/tutorial_taskflow_api.py
[2025-02-03T12:08:52.371+0000] {processor.py:836} INFO - DAG(s) dict_keys(['tutorial_taskflow_api']) retrieved from /home/vscode/.local/lib/python3.10/site-packages/airflow/example_dags/tutorial_taskflow_api.py
[2025-02-03T12:08:52.382+0000] {logging_mixin.py:150} INFO - [2025-02-03T12:08:52.382+0000] {dag.py:2742} INFO - Sync 1 DAGs
[2025-02-03T12:08:52.396+0000] {logging_mixin.py:150} INFO - [2025-02-03T12:08:52.396+0000] {dag.py:3504} INFO - Setting next_dagrun for tutorial_taskflow_api to None, run_after=None
[2025-02-03T12:08:52.410+0000] {processor.py:179} INFO - Processing /home/vscode/.local/lib/python3.10/site-packages/airflow/example_dags/tutorial_taskflow_api.py took 0.046 seconds
[2025-02-03T12:09:34.691+0000] {processor.py:157} INFO - Started process (PID=47478) to work on /home/vscode/.local/lib/python3.10/site-packages/airflow/example_dags/tutorial_taskflow_api.py
[2025-02-03T12:09:34.692+0000] {processor.py:826} INFO - Processing file /home/vscode/.local/lib/python3.10/site-packages/airflow/example_dags/tutorial_taskflow_api.py for tasks to queue
[2025-02-03T12:09:34.692+0000] {logging_mixin.py:150} INFO - [2025-02-03T12:09:34.692+0000] {dagbag.py:541} INFO - Filling up the DagBag from /home/vscode/.local/lib/python3.10/site-packages/airflow/example_dags/tutorial_taskflow_api.py
[2025-02-03T12:09:34.696+0000] {processor.py:836} INFO - DAG(s) dict_keys(['tutorial_taskflow_api']) retrieved from /home/vscode/.local/lib/python3.10/site-packages/airflow/example_dags/tutorial_taskflow_api.py
[2025-02-03T12:09:34.707+0000] {logging_mixin.py:150} INFO - [2025-02-03T12:09:34.707+0000] {dag.py:2742} INFO - Sync 1 DAGs
[2025-02-03T12:09:34.722+0000] {logging_mixin.py:150} INFO - [2025-02-03T12:09:34.722+0000] {dag.py:3504} INFO - Setting next_dagrun for tutorial_taskflow_api to None, run_after=None
[2025-02-03T12:09:34.740+0000] {processor.py:179} INFO - Processing /home/vscode/.local/lib/python3.10/site-packages/airflow/example_dags/tutorial_taskflow_api.py took 0.051 seconds
