[2025-02-06T08:28:00.240+0000] {taskinstance.py:1103} INFO - Dependencies all met for dep_context=non-requeueable deps ti=<TaskInstance: extract_SnP.extract_task manual__2025-02-06T08:27:57.207553+00:00 [queued]>
[2025-02-06T08:28:00.244+0000] {taskinstance.py:1103} INFO - Dependencies all met for dep_context=requeueable deps ti=<TaskInstance: extract_SnP.extract_task manual__2025-02-06T08:27:57.207553+00:00 [queued]>
[2025-02-06T08:28:00.244+0000] {taskinstance.py:1308} INFO - Starting attempt 1 of 1
[2025-02-06T08:28:00.256+0000] {taskinstance.py:1327} INFO - Executing <Task(BashOperator): extract_task> on 2025-02-06 08:27:57.207553+00:00
[2025-02-06T08:28:00.258+0000] {standard_task_runner.py:57} INFO - Started process 45573 to run task
[2025-02-06T08:28:00.261+0000] {standard_task_runner.py:84} INFO - Running: ['airflow', 'tasks', 'run', 'extract_SnP', 'extract_task', 'manual__2025-02-06T08:27:57.207553+00:00', '--job-id', '24', '--raw', '--subdir', 'DAGS_FOLDER/extract-sandp-dag.py', '--cfg-path', '/tmp/tmpmggh8fk8']
[2025-02-06T08:28:00.261+0000] {standard_task_runner.py:85} INFO - Job 24: Subtask extract_task
[2025-02-06T08:28:00.285+0000] {task_command.py:410} INFO - Running <TaskInstance: extract_SnP.extract_task manual__2025-02-06T08:27:57.207553+00:00 [running]> on host codespaces-039a13
[2025-02-06T08:28:00.322+0000] {taskinstance.py:1545} INFO - Exporting env vars: AIRFLOW_CTX_DAG_OWNER='airflow' AIRFLOW_CTX_DAG_ID='extract_SnP' AIRFLOW_CTX_TASK_ID='extract_task' AIRFLOW_CTX_EXECUTION_DATE='2025-02-06T08:27:57.207553+00:00' AIRFLOW_CTX_TRY_NUMBER='1' AIRFLOW_CTX_DAG_RUN_ID='manual__2025-02-06T08:27:57.207553+00:00'
[2025-02-06T08:28:00.322+0000] {subprocess.py:63} INFO - Tmp dir root location: /tmp
[2025-02-06T08:28:00.323+0000] {subprocess.py:75} INFO - Running command: ['/usr/bin/bash', '-c', 'wget -c https://raw.githubusercontent.com/LinkedInLearning/hands-on-introduction-data-engineering-4395021/main/data/constituents.csv -O /workspaces/hands-on-introduction-data-engineering-4395021/lab/challenge/manual-snp-extract.csv']
[2025-02-06T08:28:00.329+0000] {subprocess.py:86} INFO - Output:
[2025-02-06T08:28:00.333+0000] {subprocess.py:93} INFO - --2025-02-06 08:28:00--  https://raw.githubusercontent.com/LinkedInLearning/hands-on-introduction-data-engineering-4395021/main/data/constituents.csv
[2025-02-06T08:28:00.342+0000] {subprocess.py:93} INFO - Resolving raw.githubusercontent.com (raw.githubusercontent.com)... 185.199.108.133, 185.199.109.133, 185.199.111.133, ...
[2025-02-06T08:28:00.345+0000] {subprocess.py:93} INFO - Connecting to raw.githubusercontent.com (raw.githubusercontent.com)|185.199.108.133|:443... connected.
[2025-02-06T08:28:00.521+0000] {subprocess.py:93} INFO - HTTP request sent, awaiting response... 200 OK
[2025-02-06T08:28:00.521+0000] {subprocess.py:93} INFO - Length: 18676 (18K) [text/plain]
[2025-02-06T08:28:00.521+0000] {subprocess.py:93} INFO - Saving to: ‘/workspaces/hands-on-introduction-data-engineering-4395021/lab/challenge/manual-snp-extract.csv’
[2025-02-06T08:28:00.521+0000] {subprocess.py:93} INFO - 
[2025-02-06T08:28:00.521+0000] {subprocess.py:93} INFO -      0K .......... ........                                   100% 36.0M=0s
[2025-02-06T08:28:00.521+0000] {subprocess.py:93} INFO - 
[2025-02-06T08:28:00.521+0000] {subprocess.py:93} INFO - 2025-02-06 08:28:00 (36.0 MB/s) - ‘/workspaces/hands-on-introduction-data-engineering-4395021/lab/challenge/manual-snp-extract.csv’ saved [18676/18676]
[2025-02-06T08:28:00.522+0000] {subprocess.py:93} INFO - 
[2025-02-06T08:28:00.522+0000] {subprocess.py:97} INFO - Command exited with return code 0
[2025-02-06T08:28:00.535+0000] {taskinstance.py:1345} INFO - Marking task as SUCCESS. dag_id=extract_SnP, task_id=extract_task, execution_date=20250206T082757, start_date=20250206T082800, end_date=20250206T082800
[2025-02-06T08:28:00.552+0000] {local_task_job_runner.py:225} INFO - Task exited with return code 0
[2025-02-06T08:28:00.561+0000] {taskinstance.py:2653} INFO - 0 downstream tasks scheduled from follow-on schedule check
