[2025-02-03T17:49:35.794+0000] {taskinstance.py:1103} INFO - Dependencies all met for dep_context=non-requeueable deps ti=<TaskInstance: extract_dag.extract_task manual__2025-02-03T17:49:33.930993+00:00 [queued]>
[2025-02-03T17:49:35.798+0000] {taskinstance.py:1103} INFO - Dependencies all met for dep_context=requeueable deps ti=<TaskInstance: extract_dag.extract_task manual__2025-02-03T17:49:33.930993+00:00 [queued]>
[2025-02-03T17:49:35.798+0000] {taskinstance.py:1308} INFO - Starting attempt 1 of 1
[2025-02-03T17:49:35.809+0000] {taskinstance.py:1327} INFO - Executing <Task(BashOperator): extract_task> on 2025-02-03 17:49:33.930993+00:00
[2025-02-03T17:49:35.812+0000] {standard_task_runner.py:57} INFO - Started process 164099 to run task
[2025-02-03T17:49:35.815+0000] {standard_task_runner.py:84} INFO - Running: ['airflow', 'tasks', 'run', 'extract_dag', 'extract_task', 'manual__2025-02-03T17:49:33.930993+00:00', '--job-id', '11', '--raw', '--subdir', 'DAGS_FOLDER/extract_dag.py', '--cfg-path', '/tmp/tmptv3fvll6']
[2025-02-03T17:49:35.815+0000] {standard_task_runner.py:85} INFO - Job 11: Subtask extract_task
[2025-02-03T17:49:35.839+0000] {task_command.py:410} INFO - Running <TaskInstance: extract_dag.extract_task manual__2025-02-03T17:49:33.930993+00:00 [running]> on host codespaces-039a13
[2025-02-03T17:49:35.876+0000] {taskinstance.py:1545} INFO - Exporting env vars: AIRFLOW_CTX_DAG_OWNER='airflow' AIRFLOW_CTX_DAG_ID='extract_dag' AIRFLOW_CTX_TASK_ID='extract_task' AIRFLOW_CTX_EXECUTION_DATE='2025-02-03T17:49:33.930993+00:00' AIRFLOW_CTX_TRY_NUMBER='1' AIRFLOW_CTX_DAG_RUN_ID='manual__2025-02-03T17:49:33.930993+00:00'
[2025-02-03T17:49:35.877+0000] {subprocess.py:63} INFO - Tmp dir root location: /tmp
[2025-02-03T17:49:35.877+0000] {subprocess.py:75} INFO - Running command: ['/usr/bin/bash', '-c', 'wget -c https://raw.githubusercontent.com/LinkedInLearning/hands-on-introduction-data-engineering-4395021/main/data/top-level-domain-names.csv -O /workspaces/hands-on-introduction-data-engineering-4395021/lab/orchestrated/airflow-extract-data.csv']
[2025-02-03T17:49:35.883+0000] {subprocess.py:86} INFO - Output:
[2025-02-03T17:49:35.888+0000] {subprocess.py:93} INFO - --2025-02-03 17:49:35--  https://raw.githubusercontent.com/LinkedInLearning/hands-on-introduction-data-engineering-4395021/main/data/top-level-domain-names.csv
[2025-02-03T17:49:35.898+0000] {subprocess.py:93} INFO - Resolving raw.githubusercontent.com (raw.githubusercontent.com)... 185.199.111.133, 185.199.108.133, 185.199.109.133, ...
[2025-02-03T17:49:35.899+0000] {subprocess.py:93} INFO - Connecting to raw.githubusercontent.com (raw.githubusercontent.com)|185.199.111.133|:443... connected.
[2025-02-03T17:49:36.100+0000] {subprocess.py:93} INFO - HTTP request sent, awaiting response... 200 OK
[2025-02-03T17:49:36.101+0000] {subprocess.py:93} INFO - Length: 42789 (42K) [text/plain]
[2025-02-03T17:49:36.101+0000] {subprocess.py:93} INFO - Saving to: ‘/workspaces/hands-on-introduction-data-engineering-4395021/lab/orchestrated/airflow-extract-data.csv’
[2025-02-03T17:49:36.101+0000] {subprocess.py:93} INFO - 
[2025-02-03T17:49:36.101+0000] {subprocess.py:93} INFO -      0K .......... .......... .......... .......... .         100% 51.6M=0.001s
[2025-02-03T17:49:36.101+0000] {subprocess.py:93} INFO - 
[2025-02-03T17:49:36.102+0000] {subprocess.py:93} INFO - 2025-02-03 17:49:36 (51.6 MB/s) - ‘/workspaces/hands-on-introduction-data-engineering-4395021/lab/orchestrated/airflow-extract-data.csv’ saved [42789/42789]
[2025-02-03T17:49:36.102+0000] {subprocess.py:93} INFO - 
[2025-02-03T17:49:36.102+0000] {subprocess.py:97} INFO - Command exited with return code 0
[2025-02-03T17:49:36.115+0000] {taskinstance.py:1345} INFO - Marking task as SUCCESS. dag_id=extract_dag, task_id=extract_task, execution_date=20250203T174933, start_date=20250203T174935, end_date=20250203T174936
[2025-02-03T17:49:36.146+0000] {local_task_job_runner.py:225} INFO - Task exited with return code 0
[2025-02-03T17:49:36.155+0000] {taskinstance.py:2653} INFO - 0 downstream tasks scheduled from follow-on schedule check
